40.7802227_-73.9613747
40.78022_-73.9875649
40.7802344_-73.957306
40.7802393_-74.0074854
40.7802409_-73.9814437
40.7802424_-73.9592611
40.7802747_-73.9880065
40.780278_-74.012987
40.7802904_-74.0075731
40.7802926_-73.9439822
40.7802949_-73.905487
40.780298_-73.9613204
40.7803049_-73.9856663
40.7803076_-73.9614594
40.7803121_-73.9816372
40.7803143_-73.9441572
40.7803293_-73.9715354
40.780337_-73.9125495
40.7803468_-73.9438685
40.7803803_-73.9880645
40.7804018_-73.9715913
40.7804023_-73.9645811
40.7804348_-73.9498809
40.7804379_-73.907301
40.7804407_-73.9459501
40.780458_-73.9168213
40.7804611_-73.9440306
40.7804956_-73.9839855
40.7805003_-74.015839
40.7805009_-74.0090998
40.7805116_-73.944203
40.7805224_-73.9856109
40.7805283_-73.9716378
40.7805502_-73.987319
40.780561_-73.98021
40.7805652_-73.9462502
40.7805766_-73.9700603
40.7805846_-73.9443688
40.780592_-74.011749
40.7806003_-73.9440659
40.780601_-74.017809
40.780606_-73.912211
40.7806213_-73.9877054
40.7806328_-73.9439457
40.7806349_-74.0082693
40.7806353_-73.9716517
40.7806449_-73.9865345
40.7806462_-73.9763516
40.7806564_-73.9445094
40.7806681_-73.9643914
40.780672_-73.9871741
40.7806742_-73.9764183
40.7806853_-73.9764714
40.780685_-74.013866
40.7806888_-73.9765583
40.7806939_-73.9465786
40.7806957_-73.9165284
40.7806999_-73.976603
40.7807127_-73.9867932
40.7807131_-73.9726853
40.7807248_-73.9870025
40.7807281_-73.9699024
40.780733_-73.918618
40.7807432_-73.9052149
40.7807459_-73.9146044
40.7807525_-73.9525725
40.7807606_-73.9050871
40.7807611_-73.9588881
40.780763_-74.012561
40.7807748_-73.9698537
40.780793_-74.0097603
40.7807949_-73.9546347
40.7807974_-73.9565682
40.7808013_-73.960958
40.7808068_-73.9620005
40.7808107_-73.9608125
40.7808107_-73.9716445
40.7808239_-73.9132385
40.7808273_-73.9587135
40.7808558_-73.9609186
40.780858_-74.01414
40.7808689_-73.9588106
40.7808838_-73.9697401
40.780884_-73.9118693
40.780896_-74.017572
40.7809011_-73.9642123
40.7809019_-73.9568157
40.780902_-73.9610349
40.7809123_-73.9441431
40.7809176_-73.9874351
40.780917_-73.9589249
40.7809188_-73.9440144
40.7809228_-73.9716142
40.7809258_-73.9079867
40.7809499_-73.9611556
40.7809639_-74.0065348
40.7809736_-73.9587335
40.7809783_-73.9812259
40.7809811_-73.9875228
40.7810044_-73.9621853
40.7810089_-73.9161654
40.781013_-73.9453698
40.781036_-74.0054939
40.7810518_-73.9724422
40.7810582_-73.9814257
40.7810592_-73.949421
40.781069_-73.961494
40.7810706_-73.9695454
40.781072_-74.01538
40.7810789_-73.9853738
40.7810846_-73.9640435
40.7810867_-73.9280327
40.7810874_-74.0054158
40.7810949_-73.9129106
40.7802227_-73.9613747
40.78022_-73.9875649
40.7802344_-73.957306
40.7802393_-74.0074854
40.7802409_-73.9814437
40.7802424_-73.9592611
40.7802747_-73.9880065
40.780278_-74.012987
40.7802904_-74.0075731
40.7802926_-73.9439822
40.7802949_-73.905487
40.780298_-73.9613204
40.7803049_-73.9856663
40.7803076_-73.9614594
40.7803121_-73.9816372
40.7803143_-73.9441572
40.7803293_-73.9715354
40.780337_-73.9125495
40.7803468_-73.9438685
40.7803803_-73.9880645
40.7804018_-73.9715913
40.7804023_-73.9645811
40.7804348_-73.9498809
40.7804379_-73.907301
40.7804407_-73.9459501
40.780458_-73.9168213
40.7804611_-73.9440306
40.7804956_-73.9839855
40.7805003_-74.015839
40.7805009_-74.0090998
40.7805116_-73.944203
40.7805224_-73.9856109
40.7805283_-73.9716378
40.7805502_-73.987319
40.780561_-73.98021
40.7805652_-73.9462502
40.7805766_-73.9700603
40.7805846_-73.9443688
40.780592_-74.011749
40.7806003_-73.9440659
40.780601_-74.017809
40.780606_-73.912211
40.7806213_-73.9877054
40.7806328_-73.9439457
40.7806349_-74.0082693
40.7806353_-73.9716517
40.7806449_-73.9865345
40.7806462_-73.9763516
40.7806564_-73.9445094
40.7806681_-73.9643914
40.780672_-73.9871741
40.7806742_-73.9764183
40.7806853_-73.9764714
40.780685_-74.013866
40.7806888_-73.9765583
40.7806939_-73.9465786
40.7806957_-73.9165284
40.7806999_-73.976603
40.7807127_-73.9867932
40.7807131_-73.9726853
40.7807248_-73.9870025
40.7807281_-73.9699024
40.780733_-73.918618
40.7807432_-73.9052149
40.7807459_-73.9146044
40.7807525_-73.9525725
40.7807606_-73.9050871
40.7807611_-73.9588881
40.780763_-74.012561
40.7807748_-73.9698537
40.780793_-74.0097603
40.7807949_-73.9546347
40.7807974_-73.9565682
40.7808013_-73.960958
40.7808068_-73.9620005
40.7808107_-73.9608125
40.7808107_-73.9716445
40.7808239_-73.9132385
40.7808273_-73.9587135
40.7808558_-73.9609186
40.780858_-74.01414
40.7808689_-73.9588106
40.7808838_-73.9697401
40.780884_-73.9118693
40.780896_-74.017572
40.7809011_-73.9642123
40.7809019_-73.9568157
40.780902_-73.9610349
40.7809123_-73.9441431
40.7809176_-73.9874351
40.780917_-73.9589249
40.7809188_-73.9440144
40.7809228_-73.9716142
40.7809258_-73.9079867
40.7809499_-73.9611556
40.7809639_-74.0065348
40.7809736_-73.9587335
40.7809783_-73.9812259
40.7809811_-73.9875228
40.7810044_-73.9621853
40.7810089_-73.9161654
40.781013_-73.9453698
40.781036_-74.0054939
40.7810518_-73.9724422
40.7810582_-73.9814257
40.7810592_-73.949421
40.781069_-73.961494
40.7810706_-73.9695454
40.781072_-74.01538
40.7810789_-73.9853738
40.7810846_-73.9640435
40.7810867_-73.9280327
40.7810874_-74.0054158
40.7810949_-73.9129106
("40.7802227_-73.9613747","40.78022_-73.9875649","40.7802344_-73.957306","40.7802393_-74.0074854","40.7802409_-73.9814437","40.7802424_-73.9592611","40.7802747_-73.9880065","40.780278_-74.012987","40.7802904_-74.0075731","40.7802926_-73.9439822","40.7802949_-73.905487","40.780298_-73.9613204","40.7803049_-73.9856663","40.7803076_-73.9614594","40.7803121_-73.9816372","40.7803143_-73.9441572","40.7803293_-73.9715354","40.780337_-73.9125495","40.7803468_-73.9438685","40.7803803_-73.9880645","40.7804018_-73.9715913","40.7804023_-73.9645811","40.7804348_-73.9498809","40.7804379_-73.907301","40.7804407_-73.9459501","40.780458_-73.9168213","40.7804611_-73.9440306","40.7804956_-73.9839855","40.7805003_-74.015839","40.7805009_-74.0090998","40.7805116_-73.944203","40.7805224_-73.9856109","40.7805283_-73.9716378","40.7805502_-73.987319","40.780561_-73.98021","40.7805652_-73.9462502","40.7805766_-73.9700603","40.7805846_-73.9443688","40.780592_-74.011749","40.7806003_-73.9440659","40.780601_-74.017809","40.780606_-73.912211","40.7806213_-73.9877054","40.7806328_-73.9439457","40.7806349_-74.0082693","40.7806353_-73.9716517","40.7806449_-73.9865345","40.7806462_-73.9763516","40.7806564_-73.9445094","40.7806681_-73.9643914","40.780672_-73.9871741","40.7806742_-73.9764183","40.7806853_-73.9764714","40.780685_-74.013866","40.7806888_-73.9765583","40.7806939_-73.9465786","40.7806957_-73.9165284","40.7806999_-73.976603","40.7807127_-73.9867932","40.7807131_-73.9726853","40.7807248_-73.9870025","40.7807281_-73.9699024","40.780733_-73.918618","40.7807432_-73.9052149","40.7807459_-73.9146044","40.7807525_-73.9525725","40.7807606_-73.9050871","40.7807611_-73.9588881","40.780763_-74.012561","40.7807748_-73.9698537","40.780793_-74.0097603","40.7807949_-73.9546347","40.7807974_-73.9565682","40.7808013_-73.960958","40.7808068_-73.9620005","40.7808107_-73.9608125","40.7808107_-73.9716445","40.7808239_-73.9132385","40.7808273_-73.9587135","40.7808558_-73.9609186","40.780858_-74.01414","40.7808689_-73.9588106","40.7808838_-73.9697401","40.780884_-73.9118693","40.780896_-74.017572","40.7809011_-73.9642123","40.7809019_-73.9568157","40.780902_-73.9610349","40.7809123_-73.9441431","40.7809176_-73.9874351","40.780917_-73.9589249","40.7809188_-73.9440144","40.7809228_-73.9716142","40.7809258_-73.9079867","40.7809499_-73.9611556","40.7809639_-74.0065348","40.7809736_-73.9587335","40.7809783_-73.9812259","40.7809811_-73.9875228","40.7810044_-73.9621853","40.7810089_-73.9161654","40.781013_-73.9453698","40.781036_-74.0054939","40.7810518_-73.9724422","40.7810582_-73.9814257","40.7810592_-73.949421","40.781069_-73.961494","40.7810706_-73.9695454","40.781072_-74.01538","40.7810789_-73.9853738","40.7810846_-73.9640435","40.7810867_-73.9280327","40.7810874_-74.0054158","40.7810949_-73.9129106")
done
132.34user 817.17system 1:15:32elapsed 20%CPU (0avgtext+0avgdata 78004maxresident)k
421216inputs+87816outputs (41major+39235minor)pagefaults 0swaps
