40.748016_-73.9397386
40.7480378_-73.9428964
40.748039_-73.937478
40.7480415_-74.0075565
40.7480547_-73.970112
40.7480594_-73.9734898
40.7480596_-74.0078318
40.7480891_-73.9684795
40.7480967_-73.9704747
40.7481001_-73.9702165
40.7481024_-73.9397872
40.7481058_-74.0075054
40.748107_-73.947355
40.748128_-73.906242
40.748129_-73.917701
40.748145_-73.90425
40.748145_-73.916748
40.7481475_-74.0074651
40.748155_-73.9685189
40.748158_-73.914845
40.7481648_-73.9522942
40.74816_-73.9678796
40.7481719_-73.9722875
40.7481734_-73.9704529
40.7481843_-74.0076496
40.748186_-73.929905
40.7481887_-73.9118707
40.7481_-73.905253
40.7482052_-73.9685695
40.7482074_-73.9701146
40.7482116_-73.9393659
40.7482137_-74.0074126
40.748213_-73.915786
40.748215_-73.9438774
40.7482251_-73.9416553
40.748227_-73.910172
40.7482336_-73.9704316
40.7482421_-74.0075636
40.748245_-73.976288
40.7482597_-73.9522632
40.748263_-73.9686462
40.7482804_-73.9391782
40.7482826_-73.9881817
40.7482882_-74.0075083
40.7482941_-73.9783444
40.7483199_-73.9707082
40.7483213_-73.9882736
40.7483334_-73.920508
40.7483355_-73.9803098
40.7483522_-73.9522335
40.7483544_-73.9703715
40.7483553_-74.0074425
40.748355_-74.003684
40.748358_-73.907132
40.7483636_-73.9998528
40.7483655_-73.9881686
40.7483715_-73.9389193
40.748383_-73.905137
40.7483932_-73.9447897
40.7483954_-73.9732449
40.7484026_-73.9568364
40.7484063_-73.9709149
40.7484099_-73.9496433
40.7484151_-73.9805026
40.748417_-73.9410318
40.7484197_-74.0073753
40.7484206_-73.9999852
40.7484275_-73.996204
40.748432_-73.982473
40.748439_-73.98456
40.7484463_-73.9522126
40.7484556_-73.9568329
40.7484561_-73.9885937
40.748469_-73.992463
40.748482_-73.9157322
40.748482_-73.996308
40.7484857_-74.007313
40.7485013_-73.9166758
40.7485013_-73.9749705
40.7485019_-73.9567783
40.748502_-73.910159
40.7485042_-73.988708
40.7485155_-73.9564685
40.7485313_-73.9522093
40.7485336_-73.9731443
40.7485396_-73.9565826
40.74853_-73.91667
40.7485402_-73.9566821
40.748546_-73.949628
40.748559_-73.996459
40.748569_-73.906043
40.7485715_-73.9886575
40.748583_-73.9522115
40.7485892_-73.9166581
40.7485904_-74.0072327
40.7485953_-73.9176079
40.74859_-73.908016
40.748605_-73.912853
40.748615_-73.913807
40.7486281_-73.9500483
40.748647_-73.996587
40.7486661_-73.9697753
40.7486805_-73.9696334
40.7486855_-74.0071703
40.748685_-73.911642
40.7486872_-73.9698776
40.7486892_-73.9527798
40.748715_-73.911888
40.7487251_-73.9699729
40.7487367_-73.9379061
40.748748_-73.996697
40.7487514_-74.0071395
40.748764_-73.9089302
40.7487789_-73.906953
40.748016_-73.9397386
40.7480378_-73.9428964
40.748039_-73.937478
40.7480415_-74.0075565
40.7480547_-73.970112
40.7480594_-73.9734898
40.7480596_-74.0078318
40.7480891_-73.9684795
40.7480967_-73.9704747
40.7481001_-73.9702165
40.7481024_-73.9397872
40.7481058_-74.0075054
40.748107_-73.947355
40.748128_-73.906242
40.748129_-73.917701
40.748145_-73.90425
40.748145_-73.916748
40.7481475_-74.0074651
40.748155_-73.9685189
40.748158_-73.914845
40.7481648_-73.9522942
40.74816_-73.9678796
40.7481719_-73.9722875
40.7481734_-73.9704529
40.7481843_-74.0076496
40.748186_-73.929905
40.7481887_-73.9118707
40.7481_-73.905253
40.7482052_-73.9685695
40.7482074_-73.9701146
40.7482116_-73.9393659
40.7482137_-74.0074126
40.748213_-73.915786
40.748215_-73.9438774
40.7482251_-73.9416553
40.748227_-73.910172
40.7482336_-73.9704316
40.7482421_-74.0075636
40.748245_-73.976288
40.7482597_-73.9522632
40.748263_-73.9686462
40.7482804_-73.9391782
40.7482826_-73.9881817
40.7482882_-74.0075083
40.7482941_-73.9783444
40.7483199_-73.9707082
40.7483213_-73.9882736
40.7483334_-73.920508
40.7483355_-73.9803098
40.7483522_-73.9522335
40.7483544_-73.9703715
40.7483553_-74.0074425
40.748355_-74.003684
40.748358_-73.907132
40.7483636_-73.9998528
40.7483655_-73.9881686
40.7483715_-73.9389193
40.748383_-73.905137
40.7483932_-73.9447897
40.7483954_-73.9732449
40.7484026_-73.9568364
40.7484063_-73.9709149
40.7484099_-73.9496433
40.7484151_-73.9805026
40.748417_-73.9410318
40.7484197_-74.0073753
40.7484206_-73.9999852
40.7484275_-73.996204
40.748432_-73.982473
40.748439_-73.98456
40.7484463_-73.9522126
40.7484556_-73.9568329
40.7484561_-73.9885937
40.748469_-73.992463
40.748482_-73.9157322
40.748482_-73.996308
40.7484857_-74.007313
40.7485013_-73.9166758
40.7485013_-73.9749705
40.7485019_-73.9567783
40.748502_-73.910159
40.7485042_-73.988708
40.7485155_-73.9564685
40.7485313_-73.9522093
40.7485336_-73.9731443
40.7485396_-73.9565826
40.74853_-73.91667
40.7485402_-73.9566821
40.748546_-73.949628
40.748559_-73.996459
40.748569_-73.906043
40.7485715_-73.9886575
40.748583_-73.9522115
40.7485892_-73.9166581
40.7485904_-74.0072327
40.7485953_-73.9176079
40.74859_-73.908016
40.748605_-73.912853
40.748615_-73.913807
40.7486281_-73.9500483
40.748647_-73.996587
40.7486661_-73.9697753
40.7486805_-73.9696334
40.7486855_-74.0071703
40.748685_-73.911642
40.7486872_-73.9698776
40.7486892_-73.9527798
40.748715_-73.911888
40.7487251_-73.9699729
40.7487367_-73.9379061
40.748748_-73.996697
40.7487514_-74.0071395
40.748764_-73.9089302
40.7487789_-73.906953
("40.748016_-73.9397386","40.7480378_-73.9428964","40.748039_-73.937478","40.7480415_-74.0075565","40.7480547_-73.970112","40.7480594_-73.9734898","40.7480596_-74.0078318","40.7480891_-73.9684795","40.7480967_-73.9704747","40.7481001_-73.9702165","40.7481024_-73.9397872","40.7481058_-74.0075054","40.748107_-73.947355","40.748128_-73.906242","40.748129_-73.917701","40.748145_-73.90425","40.748145_-73.916748","40.7481475_-74.0074651","40.748155_-73.9685189","40.748158_-73.914845","40.7481648_-73.9522942","40.74816_-73.9678796","40.7481719_-73.9722875","40.7481734_-73.9704529","40.7481843_-74.0076496","40.748186_-73.929905","40.7481887_-73.9118707","40.7481_-73.905253","40.7482052_-73.9685695","40.7482074_-73.9701146","40.7482116_-73.9393659","40.7482137_-74.0074126","40.748213_-73.915786","40.748215_-73.9438774","40.7482251_-73.9416553","40.748227_-73.910172","40.7482336_-73.9704316","40.7482421_-74.0075636","40.748245_-73.976288","40.7482597_-73.9522632","40.748263_-73.9686462","40.7482804_-73.9391782","40.7482826_-73.9881817","40.7482882_-74.0075083","40.7482941_-73.9783444","40.7483199_-73.9707082","40.7483213_-73.9882736","40.7483334_-73.920508","40.7483355_-73.9803098","40.7483522_-73.9522335","40.7483544_-73.9703715","40.7483553_-74.0074425","40.748355_-74.003684","40.748358_-73.907132","40.7483636_-73.9998528","40.7483655_-73.9881686","40.7483715_-73.9389193","40.748383_-73.905137","40.7483932_-73.9447897","40.7483954_-73.9732449","40.7484026_-73.9568364","40.7484063_-73.9709149","40.7484099_-73.9496433","40.7484151_-73.9805026","40.748417_-73.9410318","40.7484197_-74.0073753","40.7484206_-73.9999852","40.7484275_-73.996204","40.748432_-73.982473","40.748439_-73.98456","40.7484463_-73.9522126","40.7484556_-73.9568329","40.7484561_-73.9885937","40.748469_-73.992463","40.748482_-73.9157322","40.748482_-73.996308","40.7484857_-74.007313","40.7485013_-73.9166758","40.7485013_-73.9749705","40.7485019_-73.9567783","40.748502_-73.910159","40.7485042_-73.988708","40.7485155_-73.9564685","40.7485313_-73.9522093","40.7485336_-73.9731443","40.7485396_-73.9565826","40.74853_-73.91667","40.7485402_-73.9566821","40.748546_-73.949628","40.748559_-73.996459","40.748569_-73.906043","40.7485715_-73.9886575","40.748583_-73.9522115","40.7485892_-73.9166581","40.7485904_-74.0072327","40.7485953_-73.9176079","40.74859_-73.908016","40.748605_-73.912853","40.748615_-73.913807","40.7486281_-73.9500483","40.748647_-73.996587","40.7486661_-73.9697753","40.7486805_-73.9696334","40.7486855_-74.0071703","40.748685_-73.911642","40.7486872_-73.9698776","40.7486892_-73.9527798","40.748715_-73.911888","40.7487251_-73.9699729","40.7487367_-73.9379061","40.748748_-73.996697","40.7487514_-74.0071395","40.748764_-73.9089302","40.7487789_-73.906953")
done
141.82user 817.60system 1:14:43elapsed 21%CPU (0avgtext+0avgdata 82716maxresident)k
632384inputs+109320outputs (50major+41929minor)pagefaults 0swaps
