40.713952_-74.0143262
40.713955_-73.942583
40.7139582_-73.9579222
40.713973_-73.979962
40.7139782_-73.9263023
40.7139874_-74.0044165
40.7139899_-73.9974862
40.7139995_-73.9245341
40.7139_-73.908811
40.714005_-73.9240003
40.7140062_-73.9149812
40.714007_-73.941713
40.71401_-73.9323315
40.7140395_-74.0034479
40.7140433_-74.0032451
40.714051_-73.9902009
40.7140537_-73.9976192
40.7140547_-73.9971288
40.7140601_-73.9529252
40.7140603_-73.9972371
40.7140674_-73.9516047
40.714067_-73.949372
40.714068_-73.953426
40.714072_-73.95434
40.714073_-73.95533
40.714075_-73.954656
40.7140907_-73.9975107
40.714092_-73.955994
40.7140973_-73.9998918
40.714097_-73.9977096
40.7141086_-73.9973985
40.7141186_-74.0034172
40.7141211_-73.9821404
40.7141236_-73.9893356
40.7141249_-73.9263666
40.714128_-73.9281383
40.7141469_-73.9266399
40.7141509_-73.9771236
40.714159_-73.956269
40.7141602_-73.9849293
40.714166_-74.00631
40.7141758_-73.9533056
40.714176_-73.912283
40.7141773_-73.9886964
40.714192_-73.959486
40.71419_-73.931639
40.7142019_-73.9814521
40.714216_-73.947719
40.714223_-73.99486
40.7142262_-74.0001468
40.7142347_-74.0033688
40.714264_-73.980923
40.7142657_-74.0026305
40.7142832_-73.9941501
40.7142893_-73.9282077
40.7142941_-73.9939464
40.7142942_-74.0026027
40.714294_-74.011527
40.71429_-73.965142
40.7143065_-73.987158
40.7143134_-73.9978814
40.7143145_-74.0151479
40.7143171_-73.9530114
40.7143217_-73.9287213
40.714326_-73.955057
40.714333_-73.929454
40.71433_-73.9323837
40.7143553_-73.9947255
40.7143564_-73.993045
40.714362_-74.008387
40.714363_-73.909614
40.7143673_-73.9327069
40.7143719_-74.0004523
40.7143727_-73.9928197
40.714372_-73.94607
40.7143773_-73.9927533
40.714377_-73.987172
40.7143784_-73.9813694
40.7143793_-73.9862902
40.7143812_-73.992696
40.714383_-74.010128
40.7143848_-73.9576522
40.7143855_-73.9926337
40.714385_-73.933442
40.714387_-73.930002
40.714389_-73.9925837
40.714391_-73.9308075
40.7143939_-73.9946035
40.714393_-73.903953
40.7143986_-73.9814728
40.71439_-73.959277
40.7144055_-73.9814736
40.7144098_-73.981474
40.7144101_-73.9902458
40.7144134_-73.9814744
40.7144171_-73.9981279
40.7144204_-73.9921352
40.7144304_-73.9303502
40.7144336_-74.0134231
40.7144355_-73.9944618
40.7144378_-73.9142616
40.7144394_-73.9305719
40.714451_-73.999593
40.714454_-73.908276
40.714455_-73.963202
40.714457_-73.935288
40.7144588_-73.9853435
40.7144617_-73.9816476
40.714487_-73.9912887
40.7144937_-73.9057384
40.714502_-73.961287
40.714502_-73.998796
40.7145047_-73.9575206
40.7145096_-73.9847385
40.713952_-74.0143262
40.713955_-73.942583
40.7139582_-73.9579222
40.713973_-73.979962
40.7139782_-73.9263023
40.7139874_-74.0044165
40.7139899_-73.9974862
40.7139995_-73.9245341
40.7139_-73.908811
40.714005_-73.9240003
40.7140062_-73.9149812
40.714007_-73.941713
40.71401_-73.9323315
40.7140395_-74.0034479
40.7140433_-74.0032451
40.714051_-73.9902009
40.7140537_-73.9976192
40.7140547_-73.9971288
40.7140601_-73.9529252
40.7140603_-73.9972371
40.7140674_-73.9516047
40.714067_-73.949372
40.714068_-73.953426
40.714072_-73.95434
40.714073_-73.95533
40.714075_-73.954656
40.7140907_-73.9975107
40.714092_-73.955994
40.7140973_-73.9998918
40.714097_-73.9977096
40.7141086_-73.9973985
40.7141186_-74.0034172
40.7141211_-73.9821404
40.7141236_-73.9893356
40.7141249_-73.9263666
40.714128_-73.9281383
40.7141469_-73.9266399
40.7141509_-73.9771236
40.714159_-73.956269
40.7141602_-73.9849293
40.714166_-74.00631
40.7141758_-73.9533056
40.714176_-73.912283
40.7141773_-73.9886964
40.714192_-73.959486
40.71419_-73.931639
40.7142019_-73.9814521
40.714216_-73.947719
40.714223_-73.99486
40.7142262_-74.0001468
40.7142347_-74.0033688
40.714264_-73.980923
40.7142657_-74.0026305
40.7142832_-73.9941501
40.7142893_-73.9282077
40.7142941_-73.9939464
40.7142942_-74.0026027
40.714294_-74.011527
40.71429_-73.965142
40.7143065_-73.987158
40.7143134_-73.9978814
40.7143145_-74.0151479
40.7143171_-73.9530114
40.7143217_-73.9287213
40.714326_-73.955057
40.714333_-73.929454
40.71433_-73.9323837
40.7143553_-73.9947255
40.7143564_-73.993045
40.714362_-74.008387
40.714363_-73.909614
40.7143673_-73.9327069
40.7143719_-74.0004523
40.7143727_-73.9928197
40.714372_-73.94607
40.7143773_-73.9927533
40.714377_-73.987172
40.7143784_-73.9813694
40.7143793_-73.9862902
40.7143812_-73.992696
40.714383_-74.010128
40.7143848_-73.9576522
40.7143855_-73.9926337
40.714385_-73.933442
40.714387_-73.930002
40.714389_-73.9925837
40.714391_-73.9308075
40.7143939_-73.9946035
40.714393_-73.903953
40.7143986_-73.9814728
40.71439_-73.959277
40.7144055_-73.9814736
40.7144098_-73.981474
40.7144101_-73.9902458
40.7144134_-73.9814744
40.7144171_-73.9981279
40.7144204_-73.9921352
40.7144304_-73.9303502
40.7144336_-74.0134231
40.7144355_-73.9944618
40.7144378_-73.9142616
40.7144394_-73.9305719
40.714451_-73.999593
40.714454_-73.908276
40.714455_-73.963202
40.714457_-73.935288
40.7144588_-73.9853435
40.7144617_-73.9816476
40.714487_-73.9912887
40.7144937_-73.9057384
40.714502_-73.961287
40.714502_-73.998796
40.7145047_-73.9575206
40.7145096_-73.9847385
("40.713952_-74.0143262","40.713955_-73.942583","40.7139582_-73.9579222","40.713973_-73.979962","40.7139782_-73.9263023","40.7139874_-74.0044165","40.7139899_-73.9974862","40.7139995_-73.9245341","40.7139_-73.908811","40.714005_-73.9240003","40.7140062_-73.9149812","40.714007_-73.941713","40.71401_-73.9323315","40.7140395_-74.0034479","40.7140433_-74.0032451","40.714051_-73.9902009","40.7140537_-73.9976192","40.7140547_-73.9971288","40.7140601_-73.9529252","40.7140603_-73.9972371","40.7140674_-73.9516047","40.714067_-73.949372","40.714068_-73.953426","40.714072_-73.95434","40.714073_-73.95533","40.714075_-73.954656","40.7140907_-73.9975107","40.714092_-73.955994","40.7140973_-73.9998918","40.714097_-73.9977096","40.7141086_-73.9973985","40.7141186_-74.0034172","40.7141211_-73.9821404","40.7141236_-73.9893356","40.7141249_-73.9263666","40.714128_-73.9281383","40.7141469_-73.9266399","40.7141509_-73.9771236","40.714159_-73.956269","40.7141602_-73.9849293","40.714166_-74.00631","40.7141758_-73.9533056","40.714176_-73.912283","40.7141773_-73.9886964","40.714192_-73.959486","40.71419_-73.931639","40.7142019_-73.9814521","40.714216_-73.947719","40.714223_-73.99486","40.7142262_-74.0001468","40.7142347_-74.0033688","40.714264_-73.980923","40.7142657_-74.0026305","40.7142832_-73.9941501","40.7142893_-73.9282077","40.7142941_-73.9939464","40.7142942_-74.0026027","40.714294_-74.011527","40.71429_-73.965142","40.7143065_-73.987158","40.7143134_-73.9978814","40.7143145_-74.0151479","40.7143171_-73.9530114","40.7143217_-73.9287213","40.714326_-73.955057","40.714333_-73.929454","40.71433_-73.9323837","40.7143553_-73.9947255","40.7143564_-73.993045","40.714362_-74.008387","40.714363_-73.909614","40.7143673_-73.9327069","40.7143719_-74.0004523","40.7143727_-73.9928197","40.714372_-73.94607","40.7143773_-73.9927533","40.714377_-73.987172","40.7143784_-73.9813694","40.7143793_-73.9862902","40.7143812_-73.992696","40.714383_-74.010128","40.7143848_-73.9576522","40.7143855_-73.9926337","40.714385_-73.933442","40.714387_-73.930002","40.714389_-73.9925837","40.714391_-73.9308075","40.7143939_-73.9946035","40.714393_-73.903953","40.7143986_-73.9814728","40.71439_-73.959277","40.7144055_-73.9814736","40.7144098_-73.981474","40.7144101_-73.9902458","40.7144134_-73.9814744","40.7144171_-73.9981279","40.7144204_-73.9921352","40.7144304_-73.9303502","40.7144336_-74.0134231","40.7144355_-73.9944618","40.7144378_-73.9142616","40.7144394_-73.9305719","40.714451_-73.999593","40.714454_-73.908276","40.714455_-73.963202","40.714457_-73.935288","40.7144588_-73.9853435","40.7144617_-73.9816476","40.714487_-73.9912887","40.7144937_-73.9057384","40.714502_-73.961287","40.714502_-73.998796","40.7145047_-73.9575206","40.7145096_-73.9847385")
done
141.77user 819.01system 1:11:39elapsed 22%CPU (0avgtext+0avgdata 59744maxresident)k
1331528inputs+20080outputs (14major+30824minor)pagefaults 0swaps
