40.699173_-73.971595
40.699177_-73.960499
40.699183_-73.96143
40.699187_-73.99398
40.6991924_-73.914671
40.6991935_-73.9886583
40.699193_-73.955184
40.699195_-73.9884958
40.699202_-73.93128
40.699203_-73.996677
40.699205_-73.9230792
40.6992071_-73.9912348
40.699208_-73.97555
40.6992205_-73.9868697
40.699252_-73.973197
40.699252_-73.987822
40.6992551_-73.9140862
40.6992614_-73.9862896
40.6992619_-73.9913668
40.6992681_-73.9148129
40.6992699_-73.9887808
40.699279_-73.904783
40.6992843_-73.913801
40.699284_-73.959824
40.699292_-73.941309
40.699296_-73.95429
40.699299_-73.961298
40.6993034_-73.9912104
40.6993038_-73.9136017
40.6993121_-73.9887883
40.6993251_-73.9886674
40.6993322_-73.9913445
40.6993448_-73.9885028
40.6993569_-73.9888131
40.6993687_-73.9911873
40.69936_-73.931555
40.699374_-73.947105
40.6993891_-73.9829565
40.699392_-73.919377
40.699392_-73.992075
40.6993954_-73.9888507
40.699396_-73.961169
40.6993983_-73.9769798
40.6993986_-73.966581
40.699405_-73.95337
40.6994086_-73.9863775
40.699409_-73.936216
40.699413_-73.959018
40.699422_-73.994834
40.6994315_-73.991157
40.6994357_-73.9886932
40.699439_-73.927532
40.69943_-73.967609
40.699444_-73.9122858
40.6994501_-73.9889439
40.699451_-73.946428
40.6994684_-73.9885371
40.6994725_-73.989005
40.699485_-73.961032
40.69948_-73.939728
40.6994976_-73.9891319
40.699503_-73.969689
40.6995124_-73.9912704
40.6995139_-73.9115975
40.6995145_-73.9920187
40.69952_-73.989806
40.699537_-73.952161
40.6995563_-73.9110442
40.6995594_-73.9887361
40.699563_-73.971534
40.699585_-73.927797
40.699594_-73.972652
40.6995985_-73.9885972
40.6995995_-73.9665731
40.699611_-73.957794
40.6996124_-73.9766467
40.699628_-73.923833
40.699628_-73.932031
40.6996369_-73.9785724
40.6996491_-73.978844
40.699657_-73.9887962
40.699658_-73.995688
40.6996654_-73.9804644
40.699665_-73.9341785
40.6996663_-73.962377
40.699668_-73.959238
40.6996898_-73.9799719
40.6996934_-73.9793087
40.699696_-73.915562
40.6996981_-73.9442505
40.699699_-73.905493
40.6997005_-73.9796216
40.699708_-73.957167
40.6997091_-73.9802967
40.6997091_-73.9804644
40.6997116_-73.9865399
40.6997222_-73.9886744
40.6997312_-73.9829495
40.6997319_-73.9096467
40.6997439_-73.9864357
40.6997525_-73.990999
40.6997598_-73.9804613
40.6997693_-73.984274
40.6997797_-73.9863226
40.699791_-73.950091
40.6997935_-73.9813173
40.6997966_-73.9829467
40.6998034_-73.941406
40.699814_-73.93235
40.699822_-73.9820107
40.6998254_-73.9868281
40.6998262_-73.9962034
40.69982_-73.920127
40.6998315_-73.990975
40.699173_-73.971595
40.699177_-73.960499
40.699183_-73.96143
40.699187_-73.99398
40.6991924_-73.914671
40.6991935_-73.9886583
40.699193_-73.955184
40.699195_-73.9884958
40.699202_-73.93128
40.699203_-73.996677
40.699205_-73.9230792
40.6992071_-73.9912348
40.699208_-73.97555
40.6992205_-73.9868697
40.699252_-73.973197
40.699252_-73.987822
40.6992551_-73.9140862
40.6992614_-73.9862896
40.6992619_-73.9913668
40.6992681_-73.9148129
40.6992699_-73.9887808
40.699279_-73.904783
40.6992843_-73.913801
40.699284_-73.959824
40.699292_-73.941309
40.699296_-73.95429
40.699299_-73.961298
40.6993034_-73.9912104
40.6993038_-73.9136017
40.6993121_-73.9887883
40.6993251_-73.9886674
40.6993322_-73.9913445
40.6993448_-73.9885028
40.6993569_-73.9888131
40.6993687_-73.9911873
40.69936_-73.931555
40.699374_-73.947105
40.6993891_-73.9829565
40.699392_-73.919377
40.699392_-73.992075
40.6993954_-73.9888507
40.699396_-73.961169
40.6993983_-73.9769798
40.6993986_-73.966581
40.699405_-73.95337
40.6994086_-73.9863775
40.699409_-73.936216
40.699413_-73.959018
40.699422_-73.994834
40.6994315_-73.991157
40.6994357_-73.9886932
40.699439_-73.927532
40.69943_-73.967609
40.699444_-73.9122858
40.6994501_-73.9889439
40.699451_-73.946428
40.6994684_-73.9885371
40.6994725_-73.989005
40.699485_-73.961032
40.69948_-73.939728
40.6994976_-73.9891319
40.699503_-73.969689
40.6995124_-73.9912704
40.6995139_-73.9115975
40.6995145_-73.9920187
40.69952_-73.989806
40.699537_-73.952161
40.6995563_-73.9110442
40.6995594_-73.9887361
40.699563_-73.971534
40.699585_-73.927797
40.699594_-73.972652
40.6995985_-73.9885972
40.6995995_-73.9665731
40.699611_-73.957794
40.6996124_-73.9766467
40.699628_-73.923833
40.699628_-73.932031
40.6996369_-73.9785724
40.6996491_-73.978844
40.699657_-73.9887962
40.699658_-73.995688
40.6996654_-73.9804644
40.699665_-73.9341785
40.6996663_-73.962377
40.699668_-73.959238
40.6996898_-73.9799719
40.6996934_-73.9793087
40.699696_-73.915562
40.6996981_-73.9442505
40.699699_-73.905493
40.6997005_-73.9796216
40.699708_-73.957167
40.6997091_-73.9802967
40.6997091_-73.9804644
40.6997116_-73.9865399
40.6997222_-73.9886744
40.6997312_-73.9829495
40.6997319_-73.9096467
40.6997439_-73.9864357
40.6997525_-73.990999
40.6997598_-73.9804613
40.6997693_-73.984274
40.6997797_-73.9863226
40.699791_-73.950091
40.6997935_-73.9813173
40.6997966_-73.9829467
40.6998034_-73.941406
40.699814_-73.93235
40.699822_-73.9820107
40.6998254_-73.9868281
40.6998262_-73.9962034
40.69982_-73.920127
40.6998315_-73.990975
("40.699173_-73.971595","40.699177_-73.960499","40.699183_-73.96143","40.699187_-73.99398","40.6991924_-73.914671","40.6991935_-73.9886583","40.699193_-73.955184","40.699195_-73.9884958","40.699202_-73.93128","40.699203_-73.996677","40.699205_-73.9230792","40.6992071_-73.9912348","40.699208_-73.97555","40.6992205_-73.9868697","40.699252_-73.973197","40.699252_-73.987822","40.6992551_-73.9140862","40.6992614_-73.9862896","40.6992619_-73.9913668","40.6992681_-73.9148129","40.6992699_-73.9887808","40.699279_-73.904783","40.6992843_-73.913801","40.699284_-73.959824","40.699292_-73.941309","40.699296_-73.95429","40.699299_-73.961298","40.6993034_-73.9912104","40.6993038_-73.9136017","40.6993121_-73.9887883","40.6993251_-73.9886674","40.6993322_-73.9913445","40.6993448_-73.9885028","40.6993569_-73.9888131","40.6993687_-73.9911873","40.69936_-73.931555","40.699374_-73.947105","40.6993891_-73.9829565","40.699392_-73.919377","40.699392_-73.992075","40.6993954_-73.9888507","40.699396_-73.961169","40.6993983_-73.9769798","40.6993986_-73.966581","40.699405_-73.95337","40.6994086_-73.9863775","40.699409_-73.936216","40.699413_-73.959018","40.699422_-73.994834","40.6994315_-73.991157","40.6994357_-73.9886932","40.699439_-73.927532","40.69943_-73.967609","40.699444_-73.9122858","40.6994501_-73.9889439","40.699451_-73.946428","40.6994684_-73.9885371","40.6994725_-73.989005","40.699485_-73.961032","40.69948_-73.939728","40.6994976_-73.9891319","40.699503_-73.969689","40.6995124_-73.9912704","40.6995139_-73.9115975","40.6995145_-73.9920187","40.69952_-73.989806","40.699537_-73.952161","40.6995563_-73.9110442","40.6995594_-73.9887361","40.699563_-73.971534","40.699585_-73.927797","40.699594_-73.972652","40.6995985_-73.9885972","40.6995995_-73.9665731","40.699611_-73.957794","40.6996124_-73.9766467","40.699628_-73.923833","40.699628_-73.932031","40.6996369_-73.9785724","40.6996491_-73.978844","40.699657_-73.9887962","40.699658_-73.995688","40.6996654_-73.9804644","40.699665_-73.9341785","40.6996663_-73.962377","40.699668_-73.959238","40.6996898_-73.9799719","40.6996934_-73.9793087","40.699696_-73.915562","40.6996981_-73.9442505","40.699699_-73.905493","40.6997005_-73.9796216","40.699708_-73.957167","40.6997091_-73.9802967","40.6997091_-73.9804644","40.6997116_-73.9865399","40.6997222_-73.9886744","40.6997312_-73.9829495","40.6997319_-73.9096467","40.6997439_-73.9864357","40.6997525_-73.990999","40.6997598_-73.9804613","40.6997693_-73.984274","40.6997797_-73.9863226","40.699791_-73.950091","40.6997935_-73.9813173","40.6997966_-73.9829467","40.6998034_-73.941406","40.699814_-73.93235","40.699822_-73.9820107","40.6998254_-73.9868281","40.6998262_-73.9962034","40.69982_-73.920127","40.6998315_-73.990975")
done
145.77user 807.92system 1:11:39elapsed 22%CPU (0avgtext+0avgdata 52268maxresident)k
613784inputs+48outputs (3major+27328minor)pagefaults 0swaps
