40.7393839_-73.9729276
40.7393846_-73.973395
40.7393884_-74.0079007
40.739405_-74.006449
40.739411_-74.0057758
40.739412_-74.00539
40.739417_-73.920395
40.739418_-74.003865
40.73941_-73.9767
40.7394224_-74.0114309
40.7394233_-73.973056
40.7394569_-73.934634
40.7394679_-73.973162
40.7394682_-74.0080399
40.7394724_-74.0096207
40.739497_-73.982665
40.7395069_-73.9847562
40.739522_-73.986849
40.739525_-73.921321
40.739526_-73.925107
40.7395576_-73.9452881
40.7395903_-73.9733259
40.739595_-74.0095747
40.7396197_-73.9727453
40.739631_-74.006334
40.739632_-73.922249
40.7396555_-73.9575702
40.739673_-73.990945
40.739682_-73.92603
40.7397015_-73.9424311
40.7397039_-73.934581
40.7397076_-73.9326836
40.7397375_-74.0080078
40.7397388_-73.9427237
40.73974_-73.923176
40.73974_-73.9794125
40.739755_-74.0025244
40.7397806_-73.9730801
40.7397957_-73.9795466
40.739797_-73.934829
40.7398066_-73.9732712
40.7398195_-73.9424123
40.739829_-73.9507724
40.7398377_-73.989577
40.739848_-73.924105
40.7398591_-73.9729101
40.73986_-73.977735
40.73986_-73.995018
40.739881_-73.998713
40.739882_-73.903261
40.73988_-73.924303
40.7399235_-74.0115909
40.7399251_-73.9045337
40.7399335_-73.9730383
40.7399409_-73.9895491
40.739941_-74.0093877
40.7399442_-73.9741092
40.7399476_-73.9521856
40.7399543_-73.9549599
40.7399556_-73.9595994
40.739955_-73.92503
40.73998_-73.924065
40.7399_-73.903799
40.7400077_-73.9476163
40.7400224_-73.952569
40.7400226_-73.976255
40.7400244_-73.9732279
40.740024_-74.005291
40.7400465_-73.9727023
40.740065_-73.925955
40.740069_-73.935448
40.7400825_-73.9763563
40.7400841_-74.0092933
40.7401032_-73.9760541
40.740115_-73.982211
40.740129_-73.980333
40.7401352_-74.0059578
40.7401389_-73.9605704
40.740149_-73.9761612
40.7401628_-73.9525214
40.740172_-73.984261
40.740174_-73.926919
40.7401759_-73.9054703
40.7401862_-73.9729913
40.74018_-73.9354249
40.740196_-73.986359
40.7402251_-73.9732078
40.7402401_-74.0091989
40.7402478_-73.9450769
40.7402483_-73.9515412
40.7402559_-73.9905265
40.7402585_-73.954857
40.740261_-74.005864
40.7402718_-73.9731903
40.740278_-73.9278108
40.74027_-73.956627
40.7402804_-73.9521734
40.7402855_-74.0059861
40.7403078_-73.9727813
40.7403078_-74.0079577
40.7403099_-73.9731233
40.7403153_-73.9439065
40.7403521_-73.9363299
40.7403545_-73.9789802
40.7403587_-74.0060505
40.7403603_-73.9520468
40.7403647_-73.952286
40.7403827_-73.9287279
40.7403844_-73.9729581
40.7404018_-73.979098
40.7404088_-73.9573397
40.740409_-73.906392
40.7404201_-73.9438609
40.7404264_-73.9594485
40.7393839_-73.9729276
40.7393846_-73.973395
40.7393884_-74.0079007
40.739405_-74.006449
40.739411_-74.0057758
40.739412_-74.00539
40.739417_-73.920395
40.739418_-74.003865
40.73941_-73.9767
40.7394224_-74.0114309
40.7394233_-73.973056
40.7394569_-73.934634
40.7394679_-73.973162
40.7394682_-74.0080399
40.7394724_-74.0096207
40.739497_-73.982665
40.7395069_-73.9847562
40.739522_-73.986849
40.739525_-73.921321
40.739526_-73.925107
40.7395576_-73.9452881
40.7395903_-73.9733259
40.739595_-74.0095747
40.7396197_-73.9727453
40.739631_-74.006334
40.739632_-73.922249
40.7396555_-73.9575702
40.739673_-73.990945
40.739682_-73.92603
40.7397015_-73.9424311
40.7397039_-73.934581
40.7397076_-73.9326836
40.7397375_-74.0080078
40.7397388_-73.9427237
40.73974_-73.923176
40.73974_-73.9794125
40.739755_-74.0025244
40.7397806_-73.9730801
40.7397957_-73.9795466
40.739797_-73.934829
40.7398066_-73.9732712
40.7398195_-73.9424123
40.739829_-73.9507724
40.7398377_-73.989577
40.739848_-73.924105
40.7398591_-73.9729101
40.73986_-73.977735
40.73986_-73.995018
40.739881_-73.998713
40.739882_-73.903261
40.73988_-73.924303
40.7399235_-74.0115909
40.7399251_-73.9045337
40.7399335_-73.9730383
40.7399409_-73.9895491
40.739941_-74.0093877
40.7399442_-73.9741092
40.7399476_-73.9521856
40.7399543_-73.9549599
40.7399556_-73.9595994
40.739955_-73.92503
40.73998_-73.924065
40.7399_-73.903799
40.7400077_-73.9476163
40.7400224_-73.952569
40.7400226_-73.976255
40.7400244_-73.9732279
40.740024_-74.005291
40.7400465_-73.9727023
40.740065_-73.925955
40.740069_-73.935448
40.7400825_-73.9763563
40.7400841_-74.0092933
40.7401032_-73.9760541
40.740115_-73.982211
40.740129_-73.980333
40.7401352_-74.0059578
40.7401389_-73.9605704
40.740149_-73.9761612
40.7401628_-73.9525214
40.740172_-73.984261
40.740174_-73.926919
40.7401759_-73.9054703
40.7401862_-73.9729913
40.74018_-73.9354249
40.740196_-73.986359
40.7402251_-73.9732078
40.7402401_-74.0091989
40.7402478_-73.9450769
40.7402483_-73.9515412
40.7402559_-73.9905265
40.7402585_-73.954857
40.740261_-74.005864
40.7402718_-73.9731903
40.740278_-73.9278108
40.74027_-73.956627
40.7402804_-73.9521734
40.7402855_-74.0059861
40.7403078_-73.9727813
40.7403078_-74.0079577
40.7403099_-73.9731233
40.7403153_-73.9439065
40.7403521_-73.9363299
40.7403545_-73.9789802
40.7403587_-74.0060505
40.7403603_-73.9520468
40.7403647_-73.952286
40.7403827_-73.9287279
40.7403844_-73.9729581
40.7404018_-73.979098
40.7404088_-73.9573397
40.740409_-73.906392
40.7404201_-73.9438609
40.7404264_-73.9594485
("40.7393839_-73.9729276","40.7393846_-73.973395","40.7393884_-74.0079007","40.739405_-74.006449","40.739411_-74.0057758","40.739412_-74.00539","40.739417_-73.920395","40.739418_-74.003865","40.73941_-73.9767","40.7394224_-74.0114309","40.7394233_-73.973056","40.7394569_-73.934634","40.7394679_-73.973162","40.7394682_-74.0080399","40.7394724_-74.0096207","40.739497_-73.982665","40.7395069_-73.9847562","40.739522_-73.986849","40.739525_-73.921321","40.739526_-73.925107","40.7395576_-73.9452881","40.7395903_-73.9733259","40.739595_-74.0095747","40.7396197_-73.9727453","40.739631_-74.006334","40.739632_-73.922249","40.7396555_-73.9575702","40.739673_-73.990945","40.739682_-73.92603","40.7397015_-73.9424311","40.7397039_-73.934581","40.7397076_-73.9326836","40.7397375_-74.0080078","40.7397388_-73.9427237","40.73974_-73.923176","40.73974_-73.9794125","40.739755_-74.0025244","40.7397806_-73.9730801","40.7397957_-73.9795466","40.739797_-73.934829","40.7398066_-73.9732712","40.7398195_-73.9424123","40.739829_-73.9507724","40.7398377_-73.989577","40.739848_-73.924105","40.7398591_-73.9729101","40.73986_-73.977735","40.73986_-73.995018","40.739881_-73.998713","40.739882_-73.903261","40.73988_-73.924303","40.7399235_-74.0115909","40.7399251_-73.9045337","40.7399335_-73.9730383","40.7399409_-73.9895491","40.739941_-74.0093877","40.7399442_-73.9741092","40.7399476_-73.9521856","40.7399543_-73.9549599","40.7399556_-73.9595994","40.739955_-73.92503","40.73998_-73.924065","40.7399_-73.903799","40.7400077_-73.9476163","40.7400224_-73.952569","40.7400226_-73.976255","40.7400244_-73.9732279","40.740024_-74.005291","40.7400465_-73.9727023","40.740065_-73.925955","40.740069_-73.935448","40.7400825_-73.9763563","40.7400841_-74.0092933","40.7401032_-73.9760541","40.740115_-73.982211","40.740129_-73.980333","40.7401352_-74.0059578","40.7401389_-73.9605704","40.740149_-73.9761612","40.7401628_-73.9525214","40.740172_-73.984261","40.740174_-73.926919","40.7401759_-73.9054703","40.7401862_-73.9729913","40.74018_-73.9354249","40.740196_-73.986359","40.7402251_-73.9732078","40.7402401_-74.0091989","40.7402478_-73.9450769","40.7402483_-73.9515412","40.7402559_-73.9905265","40.7402585_-73.954857","40.740261_-74.005864","40.7402718_-73.9731903","40.740278_-73.9278108","40.74027_-73.956627","40.7402804_-73.9521734","40.7402855_-74.0059861","40.7403078_-73.9727813","40.7403078_-74.0079577","40.7403099_-73.9731233","40.7403153_-73.9439065","40.7403521_-73.9363299","40.7403545_-73.9789802","40.7403587_-74.0060505","40.7403603_-73.9520468","40.7403647_-73.952286","40.7403827_-73.9287279","40.7403844_-73.9729581","40.7404018_-73.979098","40.7404088_-73.9573397","40.740409_-73.906392","40.7404201_-73.9438609","40.7404264_-73.9594485")
done
145.72user 818.55system 1:15:32elapsed 21%CPU (0avgtext+0avgdata 90788maxresident)k
1131960inputs+142456outputs (62major+47068minor)pagefaults 0swaps
