40.7215932_-73.9746589
40.7215956_-73.9418262
40.7215968_-73.9457281
40.7215969_-73.983952
40.7215997_-73.9889981
40.721601_-73.912984
40.721603_-73.940991
40.7216124_-73.9934649
40.7216193_-73.9747705
40.721619_-73.995464
40.7216212_-74.0116317
40.721621_-74.002208
40.721622_-73.9837355
40.7216231_-73.9349785
40.721628_-73.903118
40.7216327_-74.0117426
40.7216334_-73.9492564
40.7216357_-73.9846066
40.721636_-73.91199
40.7216455_-73.9748338
40.7216506_-73.9963868
40.7216532_-73.9507312
40.7216556_-73.9419561
40.721656_-73.945068
40.72165_-73.993586
40.7216662_-73.9847108
40.7216778_-73.9459952
40.721677_-73.98923
40.7216783_-73.9806076
40.7216825_-73.9447875
40.7216862_-74.0064598
40.721687_-73.910603
40.7216937_-73.984801
40.721705_-73.950646
40.7217166_-73.9893618
40.7217215_-74.0052965
40.7217234_-74.0067692
40.72172_-73.9535448
40.7217306_-73.9458732
40.721733_-73.958056
40.7217378_-74.005479
40.7217494_-73.9745044
40.7217575_-74.0051893
40.7217624_-73.9747533
40.7217633_-73.9845337
40.7217633_-74.0057647
40.72177_-73.908383
40.72177_-73.943863
40.7217827_-73.9958547
40.721792_-73.999853
40.7217949_-73.9846443
40.7217974_-74.0053124
40.721819_-73.9847287
40.7218219_-74.0064226
40.7218282_-73.9461575
40.721859_-73.942936
40.7218602_-74.0068244
40.7218613_-74.0068709
40.721861_-73.977364
40.7218676_-74.0067955
40.721868_-74.0053334
40.7218733_-73.9410513
40.7218841_-74.0071005
40.721884_-73.904441
40.721885_-73.977346
40.7219103_-74.0067567
40.721921_-73.990041
40.7219224_-73.9855518
40.721926_-73.936806
40.7219293_-74.0053563
40.7219314_-73.9554174
40.721946_-73.942004
40.7219523_-74.0082379
40.721952_-73.996268
40.7219593_-74.0067244
40.7219659_-74.0081989
40.7219705_-74.0082829
40.7219762_-74.0079858
40.7219762_-74.0081509
40.7219776_-73.9165548
40.721978_-73.959936
40.7219809_-73.975644
40.7219819_-74.0080428
40.7219819_-74.0081013
40.7219826_-74.0053651
40.7219853_-74.0083309
40.7219864_-74.0065423
40.721995_-74.002971
40.7219966_-74.0083804
40.7220019_-73.9599746
40.7220059_-73.9414403
40.7220069_-74.008451
40.7220105_-74.0055443
40.7220172_-74.0067059
40.7220178_-73.9167565
40.722019_-73.983444
40.7220355_-73.9462165
40.7220371_-73.9854926
40.7220398_-74.0050505
40.7220421_-73.9744443
40.7220492_-74.0053756
40.7220515_-73.9758144
40.722057_-74.009058
40.7220581_-73.9165902
40.7220681_-73.9745645
40.7220777_-74.0066934
40.7220988_-74.0049921
40.7221136_-73.9746761
40.7221171_-74.0053809
40.722121_-74.009771
40.722132_-74.0065078
40.722144_-73.947234
40.7221473_-74.0066769
40.7221515_-73.990815
40.7215932_-73.9746589
40.7215956_-73.9418262
40.7215968_-73.9457281
40.7215969_-73.983952
40.7215997_-73.9889981
40.721601_-73.912984
40.721603_-73.940991
40.7216124_-73.9934649
40.7216193_-73.9747705
40.721619_-73.995464
40.7216212_-74.0116317
40.721621_-74.002208
40.721622_-73.9837355
40.7216231_-73.9349785
40.721628_-73.903118
40.7216327_-74.0117426
40.7216334_-73.9492564
40.7216357_-73.9846066
40.721636_-73.91199
40.7216455_-73.9748338
40.7216506_-73.9963868
40.7216532_-73.9507312
40.7216556_-73.9419561
40.721656_-73.945068
40.72165_-73.993586
40.7216662_-73.9847108
40.7216778_-73.9459952
40.721677_-73.98923
40.7216783_-73.9806076
40.7216825_-73.9447875
40.7216862_-74.0064598
40.721687_-73.910603
40.7216937_-73.984801
40.721705_-73.950646
40.7217166_-73.9893618
40.7217215_-74.0052965
40.7217234_-74.0067692
40.72172_-73.9535448
40.7217306_-73.9458732
40.721733_-73.958056
40.7217378_-74.005479
40.7217494_-73.9745044
40.7217575_-74.0051893
40.7217624_-73.9747533
40.7217633_-73.9845337
40.7217633_-74.0057647
40.72177_-73.908383
40.72177_-73.943863
40.7217827_-73.9958547
40.721792_-73.999853
40.7217949_-73.9846443
40.7217974_-74.0053124
40.721819_-73.9847287
40.7218219_-74.0064226
40.7218282_-73.9461575
40.721859_-73.942936
40.7218602_-74.0068244
40.7218613_-74.0068709
40.721861_-73.977364
40.7218676_-74.0067955
40.721868_-74.0053334
40.7218733_-73.9410513
40.7218841_-74.0071005
40.721884_-73.904441
40.721885_-73.977346
40.7219103_-74.0067567
40.721921_-73.990041
40.7219224_-73.9855518
40.721926_-73.936806
40.7219293_-74.0053563
40.7219314_-73.9554174
40.721946_-73.942004
40.7219523_-74.0082379
40.721952_-73.996268
40.7219593_-74.0067244
40.7219659_-74.0081989
40.7219705_-74.0082829
40.7219762_-74.0079858
40.7219762_-74.0081509
40.7219776_-73.9165548
40.721978_-73.959936
40.7219809_-73.975644
40.7219819_-74.0080428
40.7219819_-74.0081013
40.7219826_-74.0053651
40.7219853_-74.0083309
40.7219864_-74.0065423
40.721995_-74.002971
40.7219966_-74.0083804
40.7220019_-73.9599746
40.7220059_-73.9414403
40.7220069_-74.008451
40.7220105_-74.0055443
40.7220172_-74.0067059
40.7220178_-73.9167565
40.722019_-73.983444
40.7220355_-73.9462165
40.7220371_-73.9854926
40.7220398_-74.0050505
40.7220421_-73.9744443
40.7220492_-74.0053756
40.7220515_-73.9758144
40.722057_-74.009058
40.7220581_-73.9165902
40.7220681_-73.9745645
40.7220777_-74.0066934
40.7220988_-74.0049921
40.7221136_-73.9746761
40.7221171_-74.0053809
40.722121_-74.009771
40.722132_-74.0065078
40.722144_-73.947234
40.7221473_-74.0066769
40.7221515_-73.990815
("40.7215932_-73.9746589","40.7215956_-73.9418262","40.7215968_-73.9457281","40.7215969_-73.983952","40.7215997_-73.9889981","40.721601_-73.912984","40.721603_-73.940991","40.7216124_-73.9934649","40.7216193_-73.9747705","40.721619_-73.995464","40.7216212_-74.0116317","40.721621_-74.002208","40.721622_-73.9837355","40.7216231_-73.9349785","40.721628_-73.903118","40.7216327_-74.0117426","40.7216334_-73.9492564","40.7216357_-73.9846066","40.721636_-73.91199","40.7216455_-73.9748338","40.7216506_-73.9963868","40.7216532_-73.9507312","40.7216556_-73.9419561","40.721656_-73.945068","40.72165_-73.993586","40.7216662_-73.9847108","40.7216778_-73.9459952","40.721677_-73.98923","40.7216783_-73.9806076","40.7216825_-73.9447875","40.7216862_-74.0064598","40.721687_-73.910603","40.7216937_-73.984801","40.721705_-73.950646","40.7217166_-73.9893618","40.7217215_-74.0052965","40.7217234_-74.0067692","40.72172_-73.9535448","40.7217306_-73.9458732","40.721733_-73.958056","40.7217378_-74.005479","40.7217494_-73.9745044","40.7217575_-74.0051893","40.7217624_-73.9747533","40.7217633_-73.9845337","40.7217633_-74.0057647","40.72177_-73.908383","40.72177_-73.943863","40.7217827_-73.9958547","40.721792_-73.999853","40.7217949_-73.9846443","40.7217974_-74.0053124","40.721819_-73.9847287","40.7218219_-74.0064226","40.7218282_-73.9461575","40.721859_-73.942936","40.7218602_-74.0068244","40.7218613_-74.0068709","40.721861_-73.977364","40.7218676_-74.0067955","40.721868_-74.0053334","40.7218733_-73.9410513","40.7218841_-74.0071005","40.721884_-73.904441","40.721885_-73.977346","40.7219103_-74.0067567","40.721921_-73.990041","40.7219224_-73.9855518","40.721926_-73.936806","40.7219293_-74.0053563","40.7219314_-73.9554174","40.721946_-73.942004","40.7219523_-74.0082379","40.721952_-73.996268","40.7219593_-74.0067244","40.7219659_-74.0081989","40.7219705_-74.0082829","40.7219762_-74.0079858","40.7219762_-74.0081509","40.7219776_-73.9165548","40.721978_-73.959936","40.7219809_-73.975644","40.7219819_-74.0080428","40.7219819_-74.0081013","40.7219826_-74.0053651","40.7219853_-74.0083309","40.7219864_-74.0065423","40.721995_-74.002971","40.7219966_-74.0083804","40.7220019_-73.9599746","40.7220059_-73.9414403","40.7220069_-74.008451","40.7220105_-74.0055443","40.7220172_-74.0067059","40.7220178_-73.9167565","40.722019_-73.983444","40.7220355_-73.9462165","40.7220371_-73.9854926","40.7220398_-74.0050505","40.7220421_-73.9744443","40.7220492_-74.0053756","40.7220515_-73.9758144","40.722057_-74.009058","40.7220581_-73.9165902","40.7220681_-73.9745645","40.7220777_-74.0066934","40.7220988_-74.0049921","40.7221136_-73.9746761","40.7221171_-74.0053809","40.722121_-74.009771","40.722132_-74.0065078","40.722144_-73.947234","40.7221473_-74.0066769","40.7221515_-73.990815")
done
141.94user 798.02system 1:15:46elapsed 20%CPU (0avgtext+0avgdata 61868maxresident)k
1905080inputs+26224outputs (16major+31444minor)pagefaults 0swaps
