40.6900068_-73.9632513
40.690011_-73.9241282
40.690027_-73.910996
40.690031_-73.93047
40.6900358_-73.9835016
40.6900592_-73.9627977
40.690076_-73.919153
40.6900883_-73.9633682
40.6900901_-73.9364688
40.690104_-73.996548
40.6901051_-73.998773
40.6901206_-73.9622524
40.6901214_-73.9231687
40.6901398_-73.9620866
40.690143_-73.98407
40.6901487_-73.9620103
40.6901605_-73.9423647
40.690163_-73.9871
40.690175_-73.955266
40.6901812_-73.9617301
40.6902106_-73.9614763
40.690219_-73.907292
40.6902428_-73.9943596
40.690242_-73.948185
40.690264_-73.91545
40.690289_-73.954326
40.690292_-73.984433
40.6903092_-73.9652964
40.6903117_-74.0001388
40.6903275_-73.9896421
40.690345_-73.992053
40.690346_-73.960293
40.690368_-73.9275559
40.6903751_-73.9600461
40.6903768_-74.0001045
40.6903889_-73.9898121
40.690399_-73.923644
40.6904088_-73.9467291
40.690409_-73.903597
40.6904268_-73.9335426
40.6904473_-73.9787192
40.690448_-73.959428
40.690456_-73.911748
40.690468_-73.987892
40.6904847_-73.939536
40.690499_-73.919906
40.690535_-73.998087
40.690546_-73.958578
40.6905587_-73.9826854
40.690561_-73.985105
40.690567_-73.945349
40.690597_-73.951612
40.690642_-73.924261
40.690647_-73.908042
40.690667_-73.985363
40.690692_-73.916199
40.690694_-73.957272
40.690714_-73.924561
40.690758_-73.996233
40.6907634_-73.9306163
40.690768_-73.924287
40.6908217_-73.9366145
40.6908288_-73.965397
40.690831_-73.924392
40.690836_-73.904342
40.690883_-73.9125
40.6908887_-73.9425443
40.6908927_-73.9425095
40.690897_-73.994046
40.6908_-73.956356
40.690908_-73.95541
40.690927_-73.920657
40.6909555_-73.999808
40.6909681_-73.9892198
40.690974_-73.948331
40.690993_-73.991742
40.6910171_-73.954466
40.6910267_-73.9893829
40.6910332_-73.9865202
40.6910494_-73.9865028
40.6910633_-73.9864797
40.691075_-73.908797
40.691084_-73.9864155
40.6910986_-73.9277032
40.6911002_-73.986364
40.6911151_-73.9863372
40.69111_-73.916964
40.691121_-73.953566
40.6911387_-73.9863264
40.6911588_-73.9336888
40.6911639_-73.9821763
40.691181_-73.995068
40.691188_-73.997793
40.691196_-73.9996934
40.6911_-73.92295
40.6912188_-73.9396825
40.6912544_-73.9636054
40.691265_-73.905095
40.6913078_-73.9996751
40.6913087_-73.9820625
40.69131_-73.91325
40.69133_-73.951757
40.6913476_-73.9834359
40.691353_-73.921411
40.6913668_-73.9996676
40.6913676_-73.9253651
40.6913811_-73.998478
40.6913_-73.945496
40.691416_-73.995914
40.6914403_-73.9996665
40.691458_-73.987348
40.69146_-73.917791
40.6914843_-73.9636522
40.6914877_-73.9996751
40.6900068_-73.9632513
40.690011_-73.9241282
40.690027_-73.910996
40.690031_-73.93047
40.6900358_-73.9835016
40.6900592_-73.9627977
40.690076_-73.919153
40.6900883_-73.9633682
40.6900901_-73.9364688
40.690104_-73.996548
40.6901051_-73.998773
40.6901206_-73.9622524
40.6901214_-73.9231687
40.6901398_-73.9620866
40.690143_-73.98407
40.6901487_-73.9620103
40.6901605_-73.9423647
40.690163_-73.9871
40.690175_-73.955266
40.6901812_-73.9617301
40.6902106_-73.9614763
40.690219_-73.907292
40.6902428_-73.9943596
40.690242_-73.948185
40.690264_-73.91545
40.690289_-73.954326
40.690292_-73.984433
40.6903092_-73.9652964
40.6903117_-74.0001388
40.6903275_-73.9896421
40.690345_-73.992053
40.690346_-73.960293
40.690368_-73.9275559
40.6903751_-73.9600461
40.6903768_-74.0001045
40.6903889_-73.9898121
40.690399_-73.923644
40.6904088_-73.9467291
40.690409_-73.903597
40.6904268_-73.9335426
40.6904473_-73.9787192
40.690448_-73.959428
40.690456_-73.911748
40.690468_-73.987892
40.6904847_-73.939536
40.690499_-73.919906
40.690535_-73.998087
40.690546_-73.958578
40.6905587_-73.9826854
40.690561_-73.985105
40.690567_-73.945349
40.690597_-73.951612
40.690642_-73.924261
40.690647_-73.908042
40.690667_-73.985363
40.690692_-73.916199
40.690694_-73.957272
40.690714_-73.924561
40.690758_-73.996233
40.6907634_-73.9306163
40.690768_-73.924287
40.6908217_-73.9366145
40.6908288_-73.965397
40.690831_-73.924392
40.690836_-73.904342
40.690883_-73.9125
40.6908887_-73.9425443
40.6908927_-73.9425095
40.690897_-73.994046
40.6908_-73.956356
40.690908_-73.95541
40.690927_-73.920657
40.6909555_-73.999808
40.6909681_-73.9892198
40.690974_-73.948331
40.690993_-73.991742
40.6910171_-73.954466
40.6910267_-73.9893829
40.6910332_-73.9865202
40.6910494_-73.9865028
40.6910633_-73.9864797
40.691075_-73.908797
40.691084_-73.9864155
40.6910986_-73.9277032
40.6911002_-73.986364
40.6911151_-73.9863372
40.69111_-73.916964
40.691121_-73.953566
40.6911387_-73.9863264
40.6911588_-73.9336888
40.6911639_-73.9821763
40.691181_-73.995068
40.691188_-73.997793
40.691196_-73.9996934
40.6911_-73.92295
40.6912188_-73.9396825
40.6912544_-73.9636054
40.691265_-73.905095
40.6913078_-73.9996751
40.6913087_-73.9820625
40.69131_-73.91325
40.69133_-73.951757
40.6913476_-73.9834359
40.691353_-73.921411
40.6913668_-73.9996676
40.6913676_-73.9253651
40.6913811_-73.998478
40.6913_-73.945496
40.691416_-73.995914
40.6914403_-73.9996665
40.691458_-73.987348
40.69146_-73.917791
40.6914843_-73.9636522
40.6914877_-73.9996751
("40.6900068_-73.9632513","40.690011_-73.9241282","40.690027_-73.910996","40.690031_-73.93047","40.6900358_-73.9835016","40.6900592_-73.9627977","40.690076_-73.919153","40.6900883_-73.9633682","40.6900901_-73.9364688","40.690104_-73.996548","40.6901051_-73.998773","40.6901206_-73.9622524","40.6901214_-73.9231687","40.6901398_-73.9620866","40.690143_-73.98407","40.6901487_-73.9620103","40.6901605_-73.9423647","40.690163_-73.9871","40.690175_-73.955266","40.6901812_-73.9617301","40.6902106_-73.9614763","40.690219_-73.907292","40.6902428_-73.9943596","40.690242_-73.948185","40.690264_-73.91545","40.690289_-73.954326","40.690292_-73.984433","40.6903092_-73.9652964","40.6903117_-74.0001388","40.6903275_-73.9896421","40.690345_-73.992053","40.690346_-73.960293","40.690368_-73.9275559","40.6903751_-73.9600461","40.6903768_-74.0001045","40.6903889_-73.9898121","40.690399_-73.923644","40.6904088_-73.9467291","40.690409_-73.903597","40.6904268_-73.9335426","40.6904473_-73.9787192","40.690448_-73.959428","40.690456_-73.911748","40.690468_-73.987892","40.6904847_-73.939536","40.690499_-73.919906","40.690535_-73.998087","40.690546_-73.958578","40.6905587_-73.9826854","40.690561_-73.985105","40.690567_-73.945349","40.690597_-73.951612","40.690642_-73.924261","40.690647_-73.908042","40.690667_-73.985363","40.690692_-73.916199","40.690694_-73.957272","40.690714_-73.924561","40.690758_-73.996233","40.6907634_-73.9306163","40.690768_-73.924287","40.6908217_-73.9366145","40.6908288_-73.965397","40.690831_-73.924392","40.690836_-73.904342","40.690883_-73.9125","40.6908887_-73.9425443","40.6908927_-73.9425095","40.690897_-73.994046","40.6908_-73.956356","40.690908_-73.95541","40.690927_-73.920657","40.6909555_-73.999808","40.6909681_-73.9892198","40.690974_-73.948331","40.690993_-73.991742","40.6910171_-73.954466","40.6910267_-73.9893829","40.6910332_-73.9865202","40.6910494_-73.9865028","40.6910633_-73.9864797","40.691075_-73.908797","40.691084_-73.9864155","40.6910986_-73.9277032","40.6911002_-73.986364","40.6911151_-73.9863372","40.69111_-73.916964","40.691121_-73.953566","40.6911387_-73.9863264","40.6911588_-73.9336888","40.6911639_-73.9821763","40.691181_-73.995068","40.691188_-73.997793","40.691196_-73.9996934","40.6911_-73.92295","40.6912188_-73.9396825","40.6912544_-73.9636054","40.691265_-73.905095","40.6913078_-73.9996751","40.6913087_-73.9820625","40.69131_-73.91325","40.69133_-73.951757","40.6913476_-73.9834359","40.691353_-73.921411","40.6913668_-73.9996676","40.6913676_-73.9253651","40.6913811_-73.998478","40.6913_-73.945496","40.691416_-73.995914","40.6914403_-73.9996665","40.691458_-73.987348","40.69146_-73.917791","40.6914843_-73.9636522","40.6914877_-73.9996751")
done
139.26user 776.48system 1:15:48elapsed 20%CPU (0avgtext+0avgdata 52728maxresident)k
1236288inputs+48outputs (5major+27443minor)pagefaults 0swaps
