40.7011129_-74.0138149
40.7011354_-73.9930519
40.70113_-73.960862
40.701141_-73.930543
40.7011508_-74.0137433
40.7011618_-73.9807312
40.7011647_-74.0141337
40.7011664_-74.0137314
40.7011711_-73.9876041
40.7011803_-73.9915159
40.7011805_-74.0131292
40.7011893_-74.0138953
40.701191_-74.0137281
40.7011943_-74.0141565
40.7011949_-73.9093348
40.7011966_-73.9611444
40.7011987_-73.9152602
40.701198_-73.914088
40.7012024_-74.0145991
40.7012047_-73.9930203
40.7012187_-73.9933647
40.7012199_-73.9879233
40.7012262_-73.9935181
40.701229_-73.995713
40.7012341_-73.9808629
40.7012349_-73.9934673
40.701244_-73.908101
40.701247_-74.0141543
40.7012515_-73.9914558
40.7012604_-74.0131524
40.7012618_-73.9897138
40.7012657_-73.9828689
40.7012719_-73.9877955
40.701279_-74.0141196
40.7012804_-74.0145905
40.701281_-73.939501
40.7012832_-73.9914971
40.7012915_-74.0124542
40.7012944_-73.9810393
40.701303_-73.936729
40.701307_-74.0140708
40.7013087_-73.9808114
40.7013091_-73.9812121
40.7013239_-73.9612534
40.7013256_-74.0120978
40.701334_-73.926838
40.701338_-73.977825
40.7013511_-74.0140309
40.7013556_-73.9808021
40.7013675_-73.98285
40.7013715_-74.0125088
40.7013777_-74.0140068
40.701382_-73.955091
40.701398_-73.958071
40.70139_-74.015127
40.7014037_-73.9839172
40.7014044_-73.9808218
40.7014112_-73.9185648
40.7014215_-73.9929113
40.701424_-73.943064
40.7014346_-73.9779344
40.7014377_-74.0138962
40.7014384_-73.909088
40.701439_-73.984761
40.7014405_-74.0119368
40.701449_-73.9808462
40.7014626_-74.0150712
40.701462_-73.9918921
40.7014639_-73.9895245
40.7014694_-73.9486086
40.7014706_-74.013983
40.7014849_-73.9928491
40.701487_-73.951921
40.7014887_-74.0139233
40.701493_-73.905467
40.7014946_-73.9639195
40.7014947_-73.9927769
40.7014949_-74.0113789
40.7014956_-73.9113992
40.7014994_-73.9606727
40.7015094_-74.0125095
40.7015107_-73.9926714
40.7015116_-74.0124733
40.7015147_-74.011957
40.7015169_-74.0125367
40.701518_-73.9912725
40.7015216_-73.992563
40.701521_-73.943227
40.7015221_-73.963882
40.7015283_-74.0125552
40.7015304_-73.9867175
40.7015306_-73.9895179
40.7015333_-73.99246
40.7015382_-73.9920552
40.70153_-73.923133
40.7015447_-73.9923649
40.7015452_-74.0125698
40.701545_-73.938365
40.7015475_-73.9872361
40.7015501_-73.9921209
40.7015511_-73.942978
40.7015512_-73.9922636
40.7015541_-73.9921939
40.7015547_-73.9874176
40.7015608_-73.9876844
40.7015641_-73.9877843
40.7015684_-74.0125817
40.701568_-73.977476
40.7015717_-73.9638135
40.7015722_-73.9611213
40.7015726_-74.0121903
40.7015731_-73.9754836
40.701573_-73.931291
40.701579_-73.950274
40.7011129_-74.0138149
40.7011354_-73.9930519
40.70113_-73.960862
40.701141_-73.930543
40.7011508_-74.0137433
40.7011618_-73.9807312
40.7011647_-74.0141337
40.7011664_-74.0137314
40.7011711_-73.9876041
40.7011803_-73.9915159
40.7011805_-74.0131292
40.7011893_-74.0138953
40.701191_-74.0137281
40.7011943_-74.0141565
40.7011949_-73.9093348
40.7011966_-73.9611444
40.7011987_-73.9152602
40.701198_-73.914088
40.7012024_-74.0145991
40.7012047_-73.9930203
40.7012187_-73.9933647
40.7012199_-73.9879233
40.7012262_-73.9935181
40.701229_-73.995713
40.7012341_-73.9808629
40.7012349_-73.9934673
40.701244_-73.908101
40.701247_-74.0141543
40.7012515_-73.9914558
40.7012604_-74.0131524
40.7012618_-73.9897138
40.7012657_-73.9828689
40.7012719_-73.9877955
40.701279_-74.0141196
40.7012804_-74.0145905
40.701281_-73.939501
40.7012832_-73.9914971
40.7012915_-74.0124542
40.7012944_-73.9810393
40.701303_-73.936729
40.701307_-74.0140708
40.7013087_-73.9808114
40.7013091_-73.9812121
40.7013239_-73.9612534
40.7013256_-74.0120978
40.701334_-73.926838
40.701338_-73.977825
40.7013511_-74.0140309
40.7013556_-73.9808021
40.7013675_-73.98285
40.7013715_-74.0125088
40.7013777_-74.0140068
40.701382_-73.955091
40.701398_-73.958071
40.70139_-74.015127
40.7014037_-73.9839172
40.7014044_-73.9808218
40.7014112_-73.9185648
40.7014215_-73.9929113
40.701424_-73.943064
40.7014346_-73.9779344
40.7014377_-74.0138962
40.7014384_-73.909088
40.701439_-73.984761
40.7014405_-74.0119368
40.701449_-73.9808462
40.7014626_-74.0150712
40.701462_-73.9918921
40.7014639_-73.9895245
40.7014694_-73.9486086
40.7014706_-74.013983
40.7014849_-73.9928491
40.701487_-73.951921
40.7014887_-74.0139233
40.701493_-73.905467
40.7014946_-73.9639195
40.7014947_-73.9927769
40.7014949_-74.0113789
40.7014956_-73.9113992
40.7014994_-73.9606727
40.7015094_-74.0125095
40.7015107_-73.9926714
40.7015116_-74.0124733
40.7015147_-74.011957
40.7015169_-74.0125367
40.701518_-73.9912725
40.7015216_-73.992563
40.701521_-73.943227
40.7015221_-73.963882
40.7015283_-74.0125552
40.7015304_-73.9867175
40.7015306_-73.9895179
40.7015333_-73.99246
40.7015382_-73.9920552
40.70153_-73.923133
40.7015447_-73.9923649
40.7015452_-74.0125698
40.701545_-73.938365
40.7015475_-73.9872361
40.7015501_-73.9921209
40.7015511_-73.942978
40.7015512_-73.9922636
40.7015541_-73.9921939
40.7015547_-73.9874176
40.7015608_-73.9876844
40.7015641_-73.9877843
40.7015684_-74.0125817
40.701568_-73.977476
40.7015717_-73.9638135
40.7015722_-73.9611213
40.7015726_-74.0121903
40.7015731_-73.9754836
40.701573_-73.931291
40.701579_-73.950274
("40.7011129_-74.0138149","40.7011354_-73.9930519","40.70113_-73.960862","40.701141_-73.930543","40.7011508_-74.0137433","40.7011618_-73.9807312","40.7011647_-74.0141337","40.7011664_-74.0137314","40.7011711_-73.9876041","40.7011803_-73.9915159","40.7011805_-74.0131292","40.7011893_-74.0138953","40.701191_-74.0137281","40.7011943_-74.0141565","40.7011949_-73.9093348","40.7011966_-73.9611444","40.7011987_-73.9152602","40.701198_-73.914088","40.7012024_-74.0145991","40.7012047_-73.9930203","40.7012187_-73.9933647","40.7012199_-73.9879233","40.7012262_-73.9935181","40.701229_-73.995713","40.7012341_-73.9808629","40.7012349_-73.9934673","40.701244_-73.908101","40.701247_-74.0141543","40.7012515_-73.9914558","40.7012604_-74.0131524","40.7012618_-73.9897138","40.7012657_-73.9828689","40.7012719_-73.9877955","40.701279_-74.0141196","40.7012804_-74.0145905","40.701281_-73.939501","40.7012832_-73.9914971","40.7012915_-74.0124542","40.7012944_-73.9810393","40.701303_-73.936729","40.701307_-74.0140708","40.7013087_-73.9808114","40.7013091_-73.9812121","40.7013239_-73.9612534","40.7013256_-74.0120978","40.701334_-73.926838","40.701338_-73.977825","40.7013511_-74.0140309","40.7013556_-73.9808021","40.7013675_-73.98285","40.7013715_-74.0125088","40.7013777_-74.0140068","40.701382_-73.955091","40.701398_-73.958071","40.70139_-74.015127","40.7014037_-73.9839172","40.7014044_-73.9808218","40.7014112_-73.9185648","40.7014215_-73.9929113","40.701424_-73.943064","40.7014346_-73.9779344","40.7014377_-74.0138962","40.7014384_-73.909088","40.701439_-73.984761","40.7014405_-74.0119368","40.701449_-73.9808462","40.7014626_-74.0150712","40.701462_-73.9918921","40.7014639_-73.9895245","40.7014694_-73.9486086","40.7014706_-74.013983","40.7014849_-73.9928491","40.701487_-73.951921","40.7014887_-74.0139233","40.701493_-73.905467","40.7014946_-73.9639195","40.7014947_-73.9927769","40.7014949_-74.0113789","40.7014956_-73.9113992","40.7014994_-73.9606727","40.7015094_-74.0125095","40.7015107_-73.9926714","40.7015116_-74.0124733","40.7015147_-74.011957","40.7015169_-74.0125367","40.701518_-73.9912725","40.7015216_-73.992563","40.701521_-73.943227","40.7015221_-73.963882","40.7015283_-74.0125552","40.7015304_-73.9867175","40.7015306_-73.9895179","40.7015333_-73.99246","40.7015382_-73.9920552","40.70153_-73.923133","40.7015447_-73.9923649","40.7015452_-74.0125698","40.701545_-73.938365","40.7015475_-73.9872361","40.7015501_-73.9921209","40.7015511_-73.942978","40.7015512_-73.9922636","40.7015541_-73.9921939","40.7015547_-73.9874176","40.7015608_-73.9876844","40.7015641_-73.9877843","40.7015684_-74.0125817","40.701568_-73.977476","40.7015717_-73.9638135","40.7015722_-73.9611213","40.7015726_-74.0121903","40.7015731_-73.9754836","40.701573_-73.931291","40.701579_-73.950274")
done
142.85user 812.68system 1:14:13elapsed 21%CPU (0avgtext+0avgdata 52404maxresident)k
742536inputs+48outputs (2major+28333minor)pagefaults 0swaps
