40.851696_-73.931995
40.8517015_-73.9044136
40.8517114_-73.9419631
40.8517231_-73.9160549
40.8517564_-73.911384
40.8517746_-73.9417865
40.8517788_-73.9270067
40.8517881_-73.9091995
40.851793_-73.930101
40.851808_-73.906821
40.8518137_-73.9418352
40.8518169_-73.9182207
40.85182_-74.00215
40.8518358_-73.9302027
40.8518373_-73.9162059
40.85183_-73.912578
40.8518592_-73.9281419
40.8518875_-73.9094099
40.851902_-73.936893
40.851905_-73.916447
40.851924_-74.018572
40.851937_-73.905562
40.8519413_-73.9107577
40.8519537_-73.9096966
40.851983_-73.910175
40.8520007_-73.9170545
40.852008_-73.938896
40.8520404_-73.922482
40.852058_-73.934776
40.8521161_-73.9174354
40.8521195_-73.9206913
40.852128_-73.937819
40.8521354_-73.9425537
40.8521498_-73.9107743
40.8521726_-73.9207863
40.85217_-73.9034487
40.852213_-73.933226
40.852217_-73.907596
40.8522183_-73.922206
40.8522321_-73.9035474
40.852256_-73.9271333
40.8522717_-73.9416868
40.8522729_-73.9037338
40.8522734_-73.9033525
40.8522845_-73.9387785
40.8522953_-73.9291707
40.852301_-73.9644894
40.8523099_-73.903902
40.8523141_-73.9356327
40.852339_-73.935716
40.8523449_-73.9387583
40.8523626_-73.9423305
40.852364_-73.9357984
40.8523658_-73.903348
40.8523724_-73.9038546
40.8523733_-73.9412811
40.852386_-73.918625
40.85238_-73.931495
40.8523923_-73.9294087
40.8523997_-73.9387415
40.8524006_-73.9034047
40.85242_-73.994662
40.852447_-73.9415151
40.852476_-73.929603
40.8524776_-73.9035663
40.852484_-73.9276854
40.8524889_-73.9393073
40.8524961_-73.9039543
40.8525405_-73.9037172
40.8525426_-73.905014
40.8525668_-73.9364635
40.8525763_-73.936481
40.8525892_-73.9364952
40.8525908_-73.9215459
40.8526054_-73.9365097
40.8526108_-73.9393258
40.8526223_-73.9420902
40.8526284_-73.9365259
40.8526364_-73.9084051
40.8526418_-73.9413606
40.8526461_-73.936532
40.852675_-73.919096
40.8526769_-73.9044325
40.85267_-73.936535
40.852703_-73.9365357
40.8527119_-73.9217534
40.8527289_-73.9386407
40.852729_-73.93443
40.8527333_-73.9112896
40.8527348_-73.9365337
40.8527699_-73.9188394
40.8527971_-73.9105111
40.852824_-73.973469
40.8528283_-73.9047517
40.852844_-73.918615
40.8528561_-73.9376038
40.8528568_-73.9045598
40.852887_-73.916759
40.8528935_-73.9050787
40.852898_-73.932725
40.8529002_-73.904686
40.8529003_-73.9375907
40.8529307_-73.9183422
40.852933_-73.991692
40.8529572_-73.9815139
40.8529664_-73.9418069
40.852983_-73.918167
40.8530249_-73.9052647
40.853062_-73.930996
40.8530667_-73.9181068
40.8531111_-73.9272272
40.8531426_-73.9127078
40.853149_-73.905602
40.8531962_-73.9639528
40.851696_-73.931995
40.8517015_-73.9044136
40.8517114_-73.9419631
40.8517231_-73.9160549
40.8517564_-73.911384
40.8517746_-73.9417865
40.8517788_-73.9270067
40.8517881_-73.9091995
40.851793_-73.930101
40.851808_-73.906821
40.8518137_-73.9418352
40.8518169_-73.9182207
40.85182_-74.00215
40.8518358_-73.9302027
40.8518373_-73.9162059
40.85183_-73.912578
40.8518592_-73.9281419
40.8518875_-73.9094099
40.851902_-73.936893
40.851905_-73.916447
40.851924_-74.018572
40.851937_-73.905562
40.8519413_-73.9107577
40.8519537_-73.9096966
40.851983_-73.910175
40.8520007_-73.9170545
40.852008_-73.938896
40.8520404_-73.922482
40.852058_-73.934776
40.8521161_-73.9174354
40.8521195_-73.9206913
40.852128_-73.937819
40.8521354_-73.9425537
40.8521498_-73.9107743
40.8521726_-73.9207863
40.85217_-73.9034487
40.852213_-73.933226
40.852217_-73.907596
40.8522183_-73.922206
40.8522321_-73.9035474
40.852256_-73.9271333
40.8522717_-73.9416868
40.8522729_-73.9037338
40.8522734_-73.9033525
40.8522845_-73.9387785
40.8522953_-73.9291707
40.852301_-73.9644894
40.8523099_-73.903902
40.8523141_-73.9356327
40.852339_-73.935716
40.8523449_-73.9387583
40.8523626_-73.9423305
40.852364_-73.9357984
40.8523658_-73.903348
40.8523724_-73.9038546
40.8523733_-73.9412811
40.852386_-73.918625
40.85238_-73.931495
40.8523923_-73.9294087
40.8523997_-73.9387415
40.8524006_-73.9034047
40.85242_-73.994662
40.852447_-73.9415151
40.852476_-73.929603
40.8524776_-73.9035663
40.852484_-73.9276854
40.8524889_-73.9393073
40.8524961_-73.9039543
40.8525405_-73.9037172
40.8525426_-73.905014
40.8525668_-73.9364635
40.8525763_-73.936481
40.8525892_-73.9364952
40.8525908_-73.9215459
40.8526054_-73.9365097
40.8526108_-73.9393258
40.8526223_-73.9420902
40.8526284_-73.9365259
40.8526364_-73.9084051
40.8526418_-73.9413606
40.8526461_-73.936532
40.852675_-73.919096
40.8526769_-73.9044325
40.85267_-73.936535
40.852703_-73.9365357
40.8527119_-73.9217534
40.8527289_-73.9386407
40.852729_-73.93443
40.8527333_-73.9112896
40.8527348_-73.9365337
40.8527699_-73.9188394
40.8527971_-73.9105111
40.852824_-73.973469
40.8528283_-73.9047517
40.852844_-73.918615
40.8528561_-73.9376038
40.8528568_-73.9045598
40.852887_-73.916759
40.8528935_-73.9050787
40.852898_-73.932725
40.8529002_-73.904686
40.8529003_-73.9375907
40.8529307_-73.9183422
40.852933_-73.991692
40.8529572_-73.9815139
40.8529664_-73.9418069
40.852983_-73.918167
40.8530249_-73.9052647
40.853062_-73.930996
40.8530667_-73.9181068
40.8531111_-73.9272272
40.8531426_-73.9127078
40.853149_-73.905602
40.8531962_-73.9639528
("40.851696_-73.931995","40.8517015_-73.9044136","40.8517114_-73.9419631","40.8517231_-73.9160549","40.8517564_-73.911384","40.8517746_-73.9417865","40.8517788_-73.9270067","40.8517881_-73.9091995","40.851793_-73.930101","40.851808_-73.906821","40.8518137_-73.9418352","40.8518169_-73.9182207","40.85182_-74.00215","40.8518358_-73.9302027","40.8518373_-73.9162059","40.85183_-73.912578","40.8518592_-73.9281419","40.8518875_-73.9094099","40.851902_-73.936893","40.851905_-73.916447","40.851924_-74.018572","40.851937_-73.905562","40.8519413_-73.9107577","40.8519537_-73.9096966","40.851983_-73.910175","40.8520007_-73.9170545","40.852008_-73.938896","40.8520404_-73.922482","40.852058_-73.934776","40.8521161_-73.9174354","40.8521195_-73.9206913","40.852128_-73.937819","40.8521354_-73.9425537","40.8521498_-73.9107743","40.8521726_-73.9207863","40.85217_-73.9034487","40.852213_-73.933226","40.852217_-73.907596","40.8522183_-73.922206","40.8522321_-73.9035474","40.852256_-73.9271333","40.8522717_-73.9416868","40.8522729_-73.9037338","40.8522734_-73.9033525","40.8522845_-73.9387785","40.8522953_-73.9291707","40.852301_-73.9644894","40.8523099_-73.903902","40.8523141_-73.9356327","40.852339_-73.935716","40.8523449_-73.9387583","40.8523626_-73.9423305","40.852364_-73.9357984","40.8523658_-73.903348","40.8523724_-73.9038546","40.8523733_-73.9412811","40.852386_-73.918625","40.85238_-73.931495","40.8523923_-73.9294087","40.8523997_-73.9387415","40.8524006_-73.9034047","40.85242_-73.994662","40.852447_-73.9415151","40.852476_-73.929603","40.8524776_-73.9035663","40.852484_-73.9276854","40.8524889_-73.9393073","40.8524961_-73.9039543","40.8525405_-73.9037172","40.8525426_-73.905014","40.8525668_-73.9364635","40.8525763_-73.936481","40.8525892_-73.9364952","40.8525908_-73.9215459","40.8526054_-73.9365097","40.8526108_-73.9393258","40.8526223_-73.9420902","40.8526284_-73.9365259","40.8526364_-73.9084051","40.8526418_-73.9413606","40.8526461_-73.936532","40.852675_-73.919096","40.8526769_-73.9044325","40.85267_-73.936535","40.852703_-73.9365357","40.8527119_-73.9217534","40.8527289_-73.9386407","40.852729_-73.93443","40.8527333_-73.9112896","40.8527348_-73.9365337","40.8527699_-73.9188394","40.8527971_-73.9105111","40.852824_-73.973469","40.8528283_-73.9047517","40.852844_-73.918615","40.8528561_-73.9376038","40.8528568_-73.9045598","40.852887_-73.916759","40.8528935_-73.9050787","40.852898_-73.932725","40.8529002_-73.904686","40.8529003_-73.9375907","40.8529307_-73.9183422","40.852933_-73.991692","40.8529572_-73.9815139","40.8529664_-73.9418069","40.852983_-73.918167","40.8530249_-73.9052647","40.853062_-73.930996","40.8530667_-73.9181068","40.8531111_-73.9272272","40.8531426_-73.9127078","40.853149_-73.905602","40.8531962_-73.9639528")
done
123.74user 817.81system 1:15:07elapsed 20%CPU (0avgtext+0avgdata 51844maxresident)k
361768inputs+48outputs (1major+27221minor)pagefaults 0swaps
