40.7699023_-73.9740979
40.7699071_-73.9945737
40.7699099_-73.9259637
40.7699112_-73.9805755
40.769914_-73.9737553
40.769914_-73.9739295
40.7699206_-73.9230305
40.7699213_-73.9794403
40.7699218_-73.9845125
40.7699272_-73.9067004
40.7699395_-73.9175035
40.7699509_-73.9279405
40.7699599_-73.9260732
40.7699618_-73.9277496
40.7699754_-73.9169469
40.7699762_-73.994799
40.7699763_-73.9409376
40.769977_-73.909128
40.7699846_-74.015756
40.7699863_-73.9144522
40.7699873_-73.9304422
40.7699987_-73.9410771
40.7700002_-73.9713929
40.7700017_-73.9158215
40.770004_-73.9167352
40.7700134_-73.9479395
40.7700165_-73.9121793
40.7700168_-73.9949545
40.7700187_-73.9492945
40.7700203_-73.9179144
40.7700293_-73.9347191
40.7700329_-73.9142459
40.7700373_-73.9477471
40.770041_-73.909498
40.7700481_-73.9144232
40.7700484_-73.9305722
40.7700527_-73.914474
40.7700638_-73.9929745
40.7700658_-73.9067738
40.7700658_-73.9841508
40.770065_-73.93469
40.7700811_-73.9514145
40.7700832_-73.9494518
40.7700888_-73.9181379
40.770091_-73.9171979
40.770106_-73.9574143
40.7701124_-73.9167838
40.770115_-73.9148852
40.7701286_-73.9478217
40.77012_-73.9949318
40.7701529_-73.979214
40.7701785_-73.9949232
40.770182_-73.9475943
40.770195_-73.934599
40.7701998_-73.9257191
40.7702139_-73.9174117
40.7702163_-73.9275487
40.770219_-73.909279
40.7702301_-73.9156005
40.7702602_-73.9791013
40.7702608_-73.9478046
40.7702653_-73.9166064
40.7702744_-73.9158348
40.7702886_-73.9914181
40.7702909_-73.9478032
40.7703089_-73.9478072
40.770309_-73.918998
40.7703239_-73.9478151
40.7703302_-73.9161066
40.7703306_-73.9622783
40.7703359_-73.9478323
40.7703547_-73.9711469
40.7703624_-73.9431032
40.7703704_-73.9157292
40.7703712_-73.9620842
40.7703721_-73.9642042
40.7703725_-73.9343772
40.770373_-73.9431562
40.7703747_-73.9432687
40.7703749_-73.9437437
40.77037_-73.9479157
40.7703837_-73.9436713
40.7703867_-73.9165395
40.7703879_-73.9434719
40.7703896_-73.9163535
40.770393_-73.9789649
40.7703946_-73.9313327
40.7704079_-73.9473827
40.7704103_-73.9876044
40.770412_-73.934474
40.7704171_-73.9480717
40.7704223_-73.9601116
40.7704245_-73.9622107
40.7704284_-73.917417
40.7704292_-73.9236333
40.7704331_-73.9430025
40.7704354_-73.9177485
40.77044_-73.919491
40.7704598_-73.9253633
40.7704601_-73.9482132
40.770469_-73.9623162
40.7704703_-73.9644367
40.7704717_-73.9172532
40.7704757_-73.9663887
40.770478_-73.9838503
40.7704836_-73.9167678
40.7704906_-73.9176837
40.7704_-73.954104
40.7705071_-73.9168232
40.7705072_-73.9318826
40.7705086_-73.9254679
40.7705153_-73.9820402
40.7705165_-73.9164539
40.7705166_-73.9621429
40.7699023_-73.9740979
40.7699071_-73.9945737
40.7699099_-73.9259637
40.7699112_-73.9805755
40.769914_-73.9737553
40.769914_-73.9739295
40.7699206_-73.9230305
40.7699213_-73.9794403
40.7699218_-73.9845125
40.7699272_-73.9067004
40.7699395_-73.9175035
40.7699509_-73.9279405
40.7699599_-73.9260732
40.7699618_-73.9277496
40.7699754_-73.9169469
40.7699762_-73.994799
40.7699763_-73.9409376
40.769977_-73.909128
40.7699846_-74.015756
40.7699863_-73.9144522
40.7699873_-73.9304422
40.7699987_-73.9410771
40.7700002_-73.9713929
40.7700017_-73.9158215
40.770004_-73.9167352
40.7700134_-73.9479395
40.7700165_-73.9121793
40.7700168_-73.9949545
40.7700187_-73.9492945
40.7700203_-73.9179144
40.7700293_-73.9347191
40.7700329_-73.9142459
40.7700373_-73.9477471
40.770041_-73.909498
40.7700481_-73.9144232
40.7700484_-73.9305722
40.7700527_-73.914474
40.7700638_-73.9929745
40.7700658_-73.9067738
40.7700658_-73.9841508
40.770065_-73.93469
40.7700811_-73.9514145
40.7700832_-73.9494518
40.7700888_-73.9181379
40.770091_-73.9171979
40.770106_-73.9574143
40.7701124_-73.9167838
40.770115_-73.9148852
40.7701286_-73.9478217
40.77012_-73.9949318
40.7701529_-73.979214
40.7701785_-73.9949232
40.770182_-73.9475943
40.770195_-73.934599
40.7701998_-73.9257191
40.7702139_-73.9174117
40.7702163_-73.9275487
40.770219_-73.909279
40.7702301_-73.9156005
40.7702602_-73.9791013
40.7702608_-73.9478046
40.7702653_-73.9166064
40.7702744_-73.9158348
40.7702886_-73.9914181
40.7702909_-73.9478032
40.7703089_-73.9478072
40.770309_-73.918998
40.7703239_-73.9478151
40.7703302_-73.9161066
40.7703306_-73.9622783
40.7703359_-73.9478323
40.7703547_-73.9711469
40.7703624_-73.9431032
40.7703704_-73.9157292
40.7703712_-73.9620842
40.7703721_-73.9642042
40.7703725_-73.9343772
40.770373_-73.9431562
40.7703747_-73.9432687
40.7703749_-73.9437437
40.77037_-73.9479157
40.7703837_-73.9436713
40.7703867_-73.9165395
40.7703879_-73.9434719
40.7703896_-73.9163535
40.770393_-73.9789649
40.7703946_-73.9313327
40.7704079_-73.9473827
40.7704103_-73.9876044
40.770412_-73.934474
40.7704171_-73.9480717
40.7704223_-73.9601116
40.7704245_-73.9622107
40.7704284_-73.917417
40.7704292_-73.9236333
40.7704331_-73.9430025
40.7704354_-73.9177485
40.77044_-73.919491
40.7704598_-73.9253633
40.7704601_-73.9482132
40.770469_-73.9623162
40.7704703_-73.9644367
40.7704717_-73.9172532
40.7704757_-73.9663887
40.770478_-73.9838503
40.7704836_-73.9167678
40.7704906_-73.9176837
40.7704_-73.954104
40.7705071_-73.9168232
40.7705072_-73.9318826
40.7705086_-73.9254679
40.7705153_-73.9820402
40.7705165_-73.9164539
40.7705166_-73.9621429
("40.7699023_-73.9740979","40.7699071_-73.9945737","40.7699099_-73.9259637","40.7699112_-73.9805755","40.769914_-73.9737553","40.769914_-73.9739295","40.7699206_-73.9230305","40.7699213_-73.9794403","40.7699218_-73.9845125","40.7699272_-73.9067004","40.7699395_-73.9175035","40.7699509_-73.9279405","40.7699599_-73.9260732","40.7699618_-73.9277496","40.7699754_-73.9169469","40.7699762_-73.994799","40.7699763_-73.9409376","40.769977_-73.909128","40.7699846_-74.015756","40.7699863_-73.9144522","40.7699873_-73.9304422","40.7699987_-73.9410771","40.7700002_-73.9713929","40.7700017_-73.9158215","40.770004_-73.9167352","40.7700134_-73.9479395","40.7700165_-73.9121793","40.7700168_-73.9949545","40.7700187_-73.9492945","40.7700203_-73.9179144","40.7700293_-73.9347191","40.7700329_-73.9142459","40.7700373_-73.9477471","40.770041_-73.909498","40.7700481_-73.9144232","40.7700484_-73.9305722","40.7700527_-73.914474","40.7700638_-73.9929745","40.7700658_-73.9067738","40.7700658_-73.9841508","40.770065_-73.93469","40.7700811_-73.9514145","40.7700832_-73.9494518","40.7700888_-73.9181379","40.770091_-73.9171979","40.770106_-73.9574143","40.7701124_-73.9167838","40.770115_-73.9148852","40.7701286_-73.9478217","40.77012_-73.9949318","40.7701529_-73.979214","40.7701785_-73.9949232","40.770182_-73.9475943","40.770195_-73.934599","40.7701998_-73.9257191","40.7702139_-73.9174117","40.7702163_-73.9275487","40.770219_-73.909279","40.7702301_-73.9156005","40.7702602_-73.9791013","40.7702608_-73.9478046","40.7702653_-73.9166064","40.7702744_-73.9158348","40.7702886_-73.9914181","40.7702909_-73.9478032","40.7703089_-73.9478072","40.770309_-73.918998","40.7703239_-73.9478151","40.7703302_-73.9161066","40.7703306_-73.9622783","40.7703359_-73.9478323","40.7703547_-73.9711469","40.7703624_-73.9431032","40.7703704_-73.9157292","40.7703712_-73.9620842","40.7703721_-73.9642042","40.7703725_-73.9343772","40.770373_-73.9431562","40.7703747_-73.9432687","40.7703749_-73.9437437","40.77037_-73.9479157","40.7703837_-73.9436713","40.7703867_-73.9165395","40.7703879_-73.9434719","40.7703896_-73.9163535","40.770393_-73.9789649","40.7703946_-73.9313327","40.7704079_-73.9473827","40.7704103_-73.9876044","40.770412_-73.934474","40.7704171_-73.9480717","40.7704223_-73.9601116","40.7704245_-73.9622107","40.7704284_-73.917417","40.7704292_-73.9236333","40.7704331_-73.9430025","40.7704354_-73.9177485","40.77044_-73.919491","40.7704598_-73.9253633","40.7704601_-73.9482132","40.770469_-73.9623162","40.7704703_-73.9644367","40.7704717_-73.9172532","40.7704757_-73.9663887","40.770478_-73.9838503","40.7704836_-73.9167678","40.7704906_-73.9176837","40.7704_-73.954104","40.7705071_-73.9168232","40.7705072_-73.9318826","40.7705086_-73.9254679","40.7705153_-73.9820402","40.7705165_-73.9164539","40.7705166_-73.9621429")
done
134.42user 835.56system 1:11:38elapsed 22%CPU (0avgtext+0avgdata 70440maxresident)k
5366320inputs+63168outputs (32major+36154minor)pagefaults 0swaps
