40.8023769_-73.9676659
40.8023847_-73.9304746
40.8023853_-74.0061537
40.802388_-74.003508
40.802397_-73.93677
40.802417_-74.009324
40.8024201_-73.9678814
40.8024319_-73.9306944
40.8024388_-73.9407754
40.802443_-74.010366
40.8024455_-73.9388286
40.8024641_-73.958674
40.8024685_-73.9957468
40.802488_-73.956778
40.8024983_-73.9303109
40.8025045_-73.9306283
40.8025088_-73.9301773
40.8025125_-73.952928
40.8025238_-73.9308881
40.8025285_-73.9729989
40.8025453_-73.9305276
40.8025564_-73.9410543
40.8025573_-73.9429967
40.8025795_-73.9305954
40.8025796_-73.9676219
40.802585_-73.9305453
40.8025882_-73.9531095
40.8025959_-73.9306367
40.802599_-73.945052
40.8026108_-73.9156987
40.80261_-73.9306897
40.8026353_-73.9308027
40.802645_-73.917622
40.8026595_-73.9304611
40.8026735_-73.949123
40.80268_-73.915567
40.802694_-73.9334055
40.8027275_-73.9675746
40.8027375_-73.9492747
40.8027382_-74.011216
40.8027557_-73.9303444
40.8027716_-73.943508
40.8027762_-73.9335781
40.802787_-73.9678102
40.802796_-73.906622
40.8027979_-73.9101197
40.802817_-73.908471
40.8028185_-73.9677948
40.8028237_-73.9165543
40.802829_-74.0090104
40.802841_-73.9304038
40.8028538_-73.9302031
40.8028787_-73.930619
40.8028991_-73.9675075
40.8029068_-73.9301228
40.802915_-73.920283
40.8029277_-73.9182881
40.802934_-73.91229
40.802938_-73.96956
40.8029477_-73.9676214
40.8029621_-73.9526176
40.8029629_-73.9300234
40.8029837_-73.9638672
40.8029849_-73.9677086
40.8029919_-73.9306155
40.8030121_-73.9173868
40.803024_-73.93631
40.8030381_-73.9174383
40.8030614_-73.9106769
40.8030708_-74.0199011
40.803071_-73.938371
40.8030731_-73.9403125
40.8030836_-73.9181164
40.8030921_-73.9582135
40.803102_-74.00768
40.8031068_-73.9727929
40.803115_-73.956321
40.8031161_-73.9146403
40.8031421_-73.915284
40.8031567_-73.9187104
40.8031666_-73.9526856
40.8031867_-73.9524559
40.8031913_-73.940592
40.803194_-73.942567
40.803225_-73.9295039
40.8032265_-73.9184254
40.803228_-73.944597
40.80322_-73.917291
40.8032394_-73.9307442
40.803246_-73.91864
40.8032558_-73.9526176
40.8032698_-73.9326702
40.803285_-73.9188631
40.8032868_-73.9308207
40.8032915_-73.9155329
40.8033044_-73.9486636
40.803329_-73.9527785
40.8033435_-73.9190949
40.803363_-73.9146145
40.8033695_-73.915054
40.8033714_-73.9329248
40.8033718_-73.9488235
40.8033856_-73.9291157
40.8033961_-74.0085731
40.8033966_-73.9139662
40.8034094_-73.9329004
40.803421_-74.01579
40.8034229_-73.9306808
40.8034314_-73.9330787
40.8034516_-73.9095779
40.8034603_-73.9527243
40.8034604_-73.9194296
40.8034803_-73.9305824
40.803481_-73.907799
40.8023769_-73.9676659
40.8023847_-73.9304746
40.8023853_-74.0061537
40.802388_-74.003508
40.802397_-73.93677
40.802417_-74.009324
40.8024201_-73.9678814
40.8024319_-73.9306944
40.8024388_-73.9407754
40.802443_-74.010366
40.8024455_-73.9388286
40.8024641_-73.958674
40.8024685_-73.9957468
40.802488_-73.956778
40.8024983_-73.9303109
40.8025045_-73.9306283
40.8025088_-73.9301773
40.8025125_-73.952928
40.8025238_-73.9308881
40.8025285_-73.9729989
40.8025453_-73.9305276
40.8025564_-73.9410543
40.8025573_-73.9429967
40.8025795_-73.9305954
40.8025796_-73.9676219
40.802585_-73.9305453
40.8025882_-73.9531095
40.8025959_-73.9306367
40.802599_-73.945052
40.8026108_-73.9156987
40.80261_-73.9306897
40.8026353_-73.9308027
40.802645_-73.917622
40.8026595_-73.9304611
40.8026735_-73.949123
40.80268_-73.915567
40.802694_-73.9334055
40.8027275_-73.9675746
40.8027375_-73.9492747
40.8027382_-74.011216
40.8027557_-73.9303444
40.8027716_-73.943508
40.8027762_-73.9335781
40.802787_-73.9678102
40.802796_-73.906622
40.8027979_-73.9101197
40.802817_-73.908471
40.8028185_-73.9677948
40.8028237_-73.9165543
40.802829_-74.0090104
40.802841_-73.9304038
40.8028538_-73.9302031
40.8028787_-73.930619
40.8028991_-73.9675075
40.8029068_-73.9301228
40.802915_-73.920283
40.8029277_-73.9182881
40.802934_-73.91229
40.802938_-73.96956
40.8029477_-73.9676214
40.8029621_-73.9526176
40.8029629_-73.9300234
40.8029837_-73.9638672
40.8029849_-73.9677086
40.8029919_-73.9306155
40.8030121_-73.9173868
40.803024_-73.93631
40.8030381_-73.9174383
40.8030614_-73.9106769
40.8030708_-74.0199011
40.803071_-73.938371
40.8030731_-73.9403125
40.8030836_-73.9181164
40.8030921_-73.9582135
40.803102_-74.00768
40.8031068_-73.9727929
40.803115_-73.956321
40.8031161_-73.9146403
40.8031421_-73.915284
40.8031567_-73.9187104
40.8031666_-73.9526856
40.8031867_-73.9524559
40.8031913_-73.940592
40.803194_-73.942567
40.803225_-73.9295039
40.8032265_-73.9184254
40.803228_-73.944597
40.80322_-73.917291
40.8032394_-73.9307442
40.803246_-73.91864
40.8032558_-73.9526176
40.8032698_-73.9326702
40.803285_-73.9188631
40.8032868_-73.9308207
40.8032915_-73.9155329
40.8033044_-73.9486636
40.803329_-73.9527785
40.8033435_-73.9190949
40.803363_-73.9146145
40.8033695_-73.915054
40.8033714_-73.9329248
40.8033718_-73.9488235
40.8033856_-73.9291157
40.8033961_-74.0085731
40.8033966_-73.9139662
40.8034094_-73.9329004
40.803421_-74.01579
40.8034229_-73.9306808
40.8034314_-73.9330787
40.8034516_-73.9095779
40.8034603_-73.9527243
40.8034604_-73.9194296
40.8034803_-73.9305824
40.803481_-73.907799
("40.8023769_-73.9676659","40.8023847_-73.9304746","40.8023853_-74.0061537","40.802388_-74.003508","40.802397_-73.93677","40.802417_-74.009324","40.8024201_-73.9678814","40.8024319_-73.9306944","40.8024388_-73.9407754","40.802443_-74.010366","40.8024455_-73.9388286","40.8024641_-73.958674","40.8024685_-73.9957468","40.802488_-73.956778","40.8024983_-73.9303109","40.8025045_-73.9306283","40.8025088_-73.9301773","40.8025125_-73.952928","40.8025238_-73.9308881","40.8025285_-73.9729989","40.8025453_-73.9305276","40.8025564_-73.9410543","40.8025573_-73.9429967","40.8025795_-73.9305954","40.8025796_-73.9676219","40.802585_-73.9305453","40.8025882_-73.9531095","40.8025959_-73.9306367","40.802599_-73.945052","40.8026108_-73.9156987","40.80261_-73.9306897","40.8026353_-73.9308027","40.802645_-73.917622","40.8026595_-73.9304611","40.8026735_-73.949123","40.80268_-73.915567","40.802694_-73.9334055","40.8027275_-73.9675746","40.8027375_-73.9492747","40.8027382_-74.011216","40.8027557_-73.9303444","40.8027716_-73.943508","40.8027762_-73.9335781","40.802787_-73.9678102","40.802796_-73.906622","40.8027979_-73.9101197","40.802817_-73.908471","40.8028185_-73.9677948","40.8028237_-73.9165543","40.802829_-74.0090104","40.802841_-73.9304038","40.8028538_-73.9302031","40.8028787_-73.930619","40.8028991_-73.9675075","40.8029068_-73.9301228","40.802915_-73.920283","40.8029277_-73.9182881","40.802934_-73.91229","40.802938_-73.96956","40.8029477_-73.9676214","40.8029621_-73.9526176","40.8029629_-73.9300234","40.8029837_-73.9638672","40.8029849_-73.9677086","40.8029919_-73.9306155","40.8030121_-73.9173868","40.803024_-73.93631","40.8030381_-73.9174383","40.8030614_-73.9106769","40.8030708_-74.0199011","40.803071_-73.938371","40.8030731_-73.9403125","40.8030836_-73.9181164","40.8030921_-73.9582135","40.803102_-74.00768","40.8031068_-73.9727929","40.803115_-73.956321","40.8031161_-73.9146403","40.8031421_-73.915284","40.8031567_-73.9187104","40.8031666_-73.9526856","40.8031867_-73.9524559","40.8031913_-73.940592","40.803194_-73.942567","40.803225_-73.9295039","40.8032265_-73.9184254","40.803228_-73.944597","40.80322_-73.917291","40.8032394_-73.9307442","40.803246_-73.91864","40.8032558_-73.9526176","40.8032698_-73.9326702","40.803285_-73.9188631","40.8032868_-73.9308207","40.8032915_-73.9155329","40.8033044_-73.9486636","40.803329_-73.9527785","40.8033435_-73.9190949","40.803363_-73.9146145","40.8033695_-73.915054","40.8033714_-73.9329248","40.8033718_-73.9488235","40.8033856_-73.9291157","40.8033961_-74.0085731","40.8033966_-73.9139662","40.8034094_-73.9329004","40.803421_-74.01579","40.8034229_-73.9306808","40.8034314_-73.9330787","40.8034516_-73.9095779","40.8034603_-73.9527243","40.8034604_-73.9194296","40.8034803_-73.9305824","40.803481_-73.907799")
done
126.40user 838.39system 1:11:35elapsed 22%CPU (0avgtext+0avgdata 57052maxresident)k
5014584inputs+10320outputs (9major+29511minor)pagefaults 0swaps
