40.7085687_-73.9272462
40.7085808_-73.9990225
40.708594_-74.011012
40.708596_-74.004922
40.7086031_-73.9270346
40.7086072_-74.0028049
40.708614_-74.009371
40.7086213_-73.9040997
40.7086235_-73.93268
40.708625_-73.945125
40.7086429_-73.9684621
40.7086603_-73.9326959
40.7086673_-73.9981082
40.708668_-74.006012
40.708674_-73.956305
40.708678_-73.93698
40.7086798_-74.0182012
40.7086803_-74.0181757
40.7086855_-74.0182257
40.7086869_-74.0181517
40.7086974_-74.0182476
40.7086989_-74.0181316
40.7087015_-73.9206917
40.7087123_-73.9568839
40.7087143_-74.0072883
40.7087143_-74.018263
40.7087151_-74.0181176
40.7087162_-73.99977
40.7087218_-74.0086254
40.7087289_-74.0107442
40.70872_-73.964185
40.708731_-74.013263
40.7087338_-74.018111
40.708734_-74.0182701
40.7087431_-73.9981928
40.7087531_-74.0181125
40.7087544_-74.0182681
40.708756_-73.9593463
40.708756_-74.00966
40.7087654_-73.9510763
40.7087669_-74.0024191
40.7087711_-74.018122
40.7087732_-74.0182573
40.7087758_-73.9992913
40.708781_-73.94344
40.708782_-73.912291
40.7087842_-74.0025812
40.7087859_-74.0181385
40.7087876_-73.9984689
40.7087881_-74.0182389
40.708789_-74.005057
40.7087915_-73.9566473
40.708791_-74.00086
40.7087964_-74.0181617
40.7087975_-73.9975846
40.7087976_-74.0182149
40.708797_-74.010846
40.7088005_-74.0181882
40.7088027_-73.9356605
40.708803_-73.95076
40.708804_-73.925765
40.7088103_-74.0161091
40.7088181_-74.0161647
40.7088214_-74.0160637
40.7088317_-73.9979089
40.7088406_-74.0160348
40.708846_-74.002503
40.7088513_-73.9592878
40.7088571_-74.0051548
40.7088638_-73.9986412
40.708867_-73.906257
40.708883_-74.0051062
40.7088985_-73.9981031
40.708901_-73.954719
40.708902_-73.965801
40.7089069_-73.9983338
40.708906_-73.934567
40.7089081_-73.997001
40.708921_-74.005262
40.7089227_-73.9974883
40.7089279_-74.0051294
40.708944_-73.941759
40.708945_-73.918073
40.7089464_-73.9570987
40.7089495_-73.9978342
40.7089564_-73.9595625
40.708964_-73.904936
40.708974_-73.91566
40.708974_-73.95283
40.7089803_-74.0121442
40.708991_-73.909701
40.709006_-73.922337
40.709015_-73.948539
40.7090171_-73.9999792
40.7090194_-74.0051723
40.7090382_-73.9960483
40.709044_-74.008893
40.7090493_-74.0120976
40.709054_-73.967104
40.7090555_-74.0169615
40.7090635_-73.9598424
40.709065_-73.924187
40.7090696_-74.0140568
40.7090833_-74.0159451
40.7090899_-74.0078053
40.70908_-73.957488
40.709093_-74.005512
40.709102_-73.940076
40.7091048_-74.0052018
40.7091049_-73.9962867
40.7091099_-73.9968635
40.7091102_-74.0159469
40.7091103_-73.960855
40.709126_-73.927639
40.7085687_-73.9272462
40.7085808_-73.9990225
40.708594_-74.011012
40.708596_-74.004922
40.7086031_-73.9270346
40.7086072_-74.0028049
40.708614_-74.009371
40.7086213_-73.9040997
40.7086235_-73.93268
40.708625_-73.945125
40.7086429_-73.9684621
40.7086603_-73.9326959
40.7086673_-73.9981082
40.708668_-74.006012
40.708674_-73.956305
40.708678_-73.93698
40.7086798_-74.0182012
40.7086803_-74.0181757
40.7086855_-74.0182257
40.7086869_-74.0181517
40.7086974_-74.0182476
40.7086989_-74.0181316
40.7087015_-73.9206917
40.7087123_-73.9568839
40.7087143_-74.0072883
40.7087143_-74.018263
40.7087151_-74.0181176
40.7087162_-73.99977
40.7087218_-74.0086254
40.7087289_-74.0107442
40.70872_-73.964185
40.708731_-74.013263
40.7087338_-74.018111
40.708734_-74.0182701
40.7087431_-73.9981928
40.7087531_-74.0181125
40.7087544_-74.0182681
40.708756_-73.9593463
40.708756_-74.00966
40.7087654_-73.9510763
40.7087669_-74.0024191
40.7087711_-74.018122
40.7087732_-74.0182573
40.7087758_-73.9992913
40.708781_-73.94344
40.708782_-73.912291
40.7087842_-74.0025812
40.7087859_-74.0181385
40.7087876_-73.9984689
40.7087881_-74.0182389
40.708789_-74.005057
40.7087915_-73.9566473
40.708791_-74.00086
40.7087964_-74.0181617
40.7087975_-73.9975846
40.7087976_-74.0182149
40.708797_-74.010846
40.7088005_-74.0181882
40.7088027_-73.9356605
40.708803_-73.95076
40.708804_-73.925765
40.7088103_-74.0161091
40.7088181_-74.0161647
40.7088214_-74.0160637
40.7088317_-73.9979089
40.7088406_-74.0160348
40.708846_-74.002503
40.7088513_-73.9592878
40.7088571_-74.0051548
40.7088638_-73.9986412
40.708867_-73.906257
40.708883_-74.0051062
40.7088985_-73.9981031
40.708901_-73.954719
40.708902_-73.965801
40.7089069_-73.9983338
40.708906_-73.934567
40.7089081_-73.997001
40.708921_-74.005262
40.7089227_-73.9974883
40.7089279_-74.0051294
40.708944_-73.941759
40.708945_-73.918073
40.7089464_-73.9570987
40.7089495_-73.9978342
40.7089564_-73.9595625
40.708964_-73.904936
40.708974_-73.91566
40.708974_-73.95283
40.7089803_-74.0121442
40.708991_-73.909701
40.709006_-73.922337
40.709015_-73.948539
40.7090171_-73.9999792
40.7090194_-74.0051723
40.7090382_-73.9960483
40.709044_-74.008893
40.7090493_-74.0120976
40.709054_-73.967104
40.7090555_-74.0169615
40.7090635_-73.9598424
40.709065_-73.924187
40.7090696_-74.0140568
40.7090833_-74.0159451
40.7090899_-74.0078053
40.70908_-73.957488
40.709093_-74.005512
40.709102_-73.940076
40.7091048_-74.0052018
40.7091049_-73.9962867
40.7091099_-73.9968635
40.7091102_-74.0159469
40.7091103_-73.960855
40.709126_-73.927639
("40.7085687_-73.9272462","40.7085808_-73.9990225","40.708594_-74.011012","40.708596_-74.004922","40.7086031_-73.9270346","40.7086072_-74.0028049","40.708614_-74.009371","40.7086213_-73.9040997","40.7086235_-73.93268","40.708625_-73.945125","40.7086429_-73.9684621","40.7086603_-73.9326959","40.7086673_-73.9981082","40.708668_-74.006012","40.708674_-73.956305","40.708678_-73.93698","40.7086798_-74.0182012","40.7086803_-74.0181757","40.7086855_-74.0182257","40.7086869_-74.0181517","40.7086974_-74.0182476","40.7086989_-74.0181316","40.7087015_-73.9206917","40.7087123_-73.9568839","40.7087143_-74.0072883","40.7087143_-74.018263","40.7087151_-74.0181176","40.7087162_-73.99977","40.7087218_-74.0086254","40.7087289_-74.0107442","40.70872_-73.964185","40.708731_-74.013263","40.7087338_-74.018111","40.708734_-74.0182701","40.7087431_-73.9981928","40.7087531_-74.0181125","40.7087544_-74.0182681","40.708756_-73.9593463","40.708756_-74.00966","40.7087654_-73.9510763","40.7087669_-74.0024191","40.7087711_-74.018122","40.7087732_-74.0182573","40.7087758_-73.9992913","40.708781_-73.94344","40.708782_-73.912291","40.7087842_-74.0025812","40.7087859_-74.0181385","40.7087876_-73.9984689","40.7087881_-74.0182389","40.708789_-74.005057","40.7087915_-73.9566473","40.708791_-74.00086","40.7087964_-74.0181617","40.7087975_-73.9975846","40.7087976_-74.0182149","40.708797_-74.010846","40.7088005_-74.0181882","40.7088027_-73.9356605","40.708803_-73.95076","40.708804_-73.925765","40.7088103_-74.0161091","40.7088181_-74.0161647","40.7088214_-74.0160637","40.7088317_-73.9979089","40.7088406_-74.0160348","40.708846_-74.002503","40.7088513_-73.9592878","40.7088571_-74.0051548","40.7088638_-73.9986412","40.708867_-73.906257","40.708883_-74.0051062","40.7088985_-73.9981031","40.708901_-73.954719","40.708902_-73.965801","40.7089069_-73.9983338","40.708906_-73.934567","40.7089081_-73.997001","40.708921_-74.005262","40.7089227_-73.9974883","40.7089279_-74.0051294","40.708944_-73.941759","40.708945_-73.918073","40.7089464_-73.9570987","40.7089495_-73.9978342","40.7089564_-73.9595625","40.708964_-73.904936","40.708974_-73.91566","40.708974_-73.95283","40.7089803_-74.0121442","40.708991_-73.909701","40.709006_-73.922337","40.709015_-73.948539","40.7090171_-73.9999792","40.7090194_-74.0051723","40.7090382_-73.9960483","40.709044_-74.008893","40.7090493_-74.0120976","40.709054_-73.967104","40.7090555_-74.0169615","40.7090635_-73.9598424","40.709065_-73.924187","40.7090696_-74.0140568","40.7090833_-74.0159451","40.7090899_-74.0078053","40.70908_-73.957488","40.709093_-74.005512","40.709102_-73.940076","40.7091048_-74.0052018","40.7091049_-73.9962867","40.7091099_-73.9968635","40.7091102_-74.0159469","40.7091103_-73.960855","40.709126_-73.927639")
done
138.89user 821.32system 1:13:23elapsed 21%CPU (0avgtext+0avgdata 56412maxresident)k
1634832inputs+7160outputs (6major+30123minor)pagefaults 0swaps
