40.7515147_-73.9939557
40.7515213_-73.9802215
40.7515216_-73.9992207
40.7515358_-73.9995319
40.7515409_-73.9678549
40.7515412_-73.9151203
40.7515446_-73.9096968
40.751548_-73.9992824
40.7515541_-73.9860648
40.7515663_-73.9995721
40.7515677_-73.9649996
40.7515714_-73.9993307
40.751574_-73.909813
40.751577_-73.982275
40.7515804_-73.9337892
40.7515937_-73.9993656
40.7515937_-73.9995936
40.751595_-73.9976472
40.7516049_-73.9425774
40.7516222_-73.9996137
40.7516262_-73.9994018
40.7516275_-73.943109
40.7516354_-73.9419164
40.7516512_-73.941778
40.7516521_-73.9651987
40.7516526_-73.9996351
40.7516567_-73.9994299
40.7516588_-73.9901341
40.7516675_-73.9943167
40.7516739_-74.0077291
40.7516782_-73.9678277
40.7516803_-73.9426023
40.7516821_-73.9994568
40.7516905_-73.9418628
40.7516927_-73.9996545
40.7517015_-73.9360884
40.7517055_-73.9994849
40.7517061_-73.9426178
40.7517081_-73.9430512
40.7517108_-74.007817
40.751712_-73.9334202
40.7517153_-73.9515238
40.7517183_-73.9676309
40.7517258_-73.9419414
40.7517309_-73.9996713
40.7517322_-73.9206273
40.751738_-73.9995144
40.7517488_-73.9418071
40.751748_-73.970804
40.7517561_-73.9457792
40.7517715_-73.9996861
40.7517756_-73.9995413
40.7517799_-73.9264913
40.751785_-73.944555
40.7517888_-74.0080144
40.7517907_-73.9984089
40.7517_-73.986399
40.7518071_-73.9995574
40.7518101_-73.9996888
40.7518149_-73.9426652
40.7518163_-73.9677752
40.751816_-73.920712
40.7518231_-73.9674725
40.7518262_-73.9334907
40.7518299_-73.9997798
40.75182_-73.938333
40.7518325_-73.9997362
40.7518325_-73.9998338
40.7518332_-73.9245999
40.7518355_-73.9995627
40.7518391_-73.9998791
40.7518406_-73.9996874
40.751842_-73.948053
40.7518483_-73.999663
40.7518497_-73.9999209
40.7518549_-73.9033268
40.7518562_-73.9036029
40.7518565_-73.9329169
40.7518576_-73.9996368
40.7518633_-73.9319047
40.751864_-73.9995681
40.7518747_-73.9996037
40.7518751_-74.0004881
40.7518761_-73.9996767
40.751881_-73.920748
40.7518827_-74.0000168
40.7518904_-73.9995909
40.7518985_-73.9995667
40.7519025_-74.0000708
40.7519036_-73.9995775
40.7519046_-73.9996633
40.7519097_-73.9673323
40.751913_-74.0001301
40.7519157_-74.0002939
40.751917_-74.0003845
40.7519183_-74.0002015
40.7519186_-73.9325913
40.7519191_-73.9099742
40.7519249_-74.0004856
40.751924_-73.9335188
40.7519351_-73.9652559
40.7519368_-74.0005884
40.7519412_-73.999556
40.751943_-73.95017
40.7519487_-74.0006848
40.751958_-73.9322693
40.75195_-73.9654647
40.7519655_-73.9347568
40.7519669_-73.9651527
40.7519706_-73.9996298
40.7519723_-73.9264619
40.7519733_-73.9454962
40.751977_-73.9319158
40.7519792_-73.9649027
40.7515147_-73.9939557
40.7515213_-73.9802215
40.7515216_-73.9992207
40.7515358_-73.9995319
40.7515409_-73.9678549
40.7515412_-73.9151203
40.7515446_-73.9096968
40.751548_-73.9992824
40.7515541_-73.9860648
40.7515663_-73.9995721
40.7515677_-73.9649996
40.7515714_-73.9993307
40.751574_-73.909813
40.751577_-73.982275
40.7515804_-73.9337892
40.7515937_-73.9993656
40.7515937_-73.9995936
40.751595_-73.9976472
40.7516049_-73.9425774
40.7516222_-73.9996137
40.7516262_-73.9994018
40.7516275_-73.943109
40.7516354_-73.9419164
40.7516512_-73.941778
40.7516521_-73.9651987
40.7516526_-73.9996351
40.7516567_-73.9994299
40.7516588_-73.9901341
40.7516675_-73.9943167
40.7516739_-74.0077291
40.7516782_-73.9678277
40.7516803_-73.9426023
40.7516821_-73.9994568
40.7516905_-73.9418628
40.7516927_-73.9996545
40.7517015_-73.9360884
40.7517055_-73.9994849
40.7517061_-73.9426178
40.7517081_-73.9430512
40.7517108_-74.007817
40.751712_-73.9334202
40.7517153_-73.9515238
40.7517183_-73.9676309
40.7517258_-73.9419414
40.7517309_-73.9996713
40.7517322_-73.9206273
40.751738_-73.9995144
40.7517488_-73.9418071
40.751748_-73.970804
40.7517561_-73.9457792
40.7517715_-73.9996861
40.7517756_-73.9995413
40.7517799_-73.9264913
40.751785_-73.944555
40.7517888_-74.0080144
40.7517907_-73.9984089
40.7517_-73.986399
40.7518071_-73.9995574
40.7518101_-73.9996888
40.7518149_-73.9426652
40.7518163_-73.9677752
40.751816_-73.920712
40.7518231_-73.9674725
40.7518262_-73.9334907
40.7518299_-73.9997798
40.75182_-73.938333
40.7518325_-73.9997362
40.7518325_-73.9998338
40.7518332_-73.9245999
40.7518355_-73.9995627
40.7518391_-73.9998791
40.7518406_-73.9996874
40.751842_-73.948053
40.7518483_-73.999663
40.7518497_-73.9999209
40.7518549_-73.9033268
40.7518562_-73.9036029
40.7518565_-73.9329169
40.7518576_-73.9996368
40.7518633_-73.9319047
40.751864_-73.9995681
40.7518747_-73.9996037
40.7518751_-74.0004881
40.7518761_-73.9996767
40.751881_-73.920748
40.7518827_-74.0000168
40.7518904_-73.9995909
40.7518985_-73.9995667
40.7519025_-74.0000708
40.7519036_-73.9995775
40.7519046_-73.9996633
40.7519097_-73.9673323
40.751913_-74.0001301
40.7519157_-74.0002939
40.751917_-74.0003845
40.7519183_-74.0002015
40.7519186_-73.9325913
40.7519191_-73.9099742
40.7519249_-74.0004856
40.751924_-73.9335188
40.7519351_-73.9652559
40.7519368_-74.0005884
40.7519412_-73.999556
40.751943_-73.95017
40.7519487_-74.0006848
40.751958_-73.9322693
40.75195_-73.9654647
40.7519655_-73.9347568
40.7519669_-73.9651527
40.7519706_-73.9996298
40.7519723_-73.9264619
40.7519733_-73.9454962
40.751977_-73.9319158
40.7519792_-73.9649027
("40.7515147_-73.9939557","40.7515213_-73.9802215","40.7515216_-73.9992207","40.7515358_-73.9995319","40.7515409_-73.9678549","40.7515412_-73.9151203","40.7515446_-73.9096968","40.751548_-73.9992824","40.7515541_-73.9860648","40.7515663_-73.9995721","40.7515677_-73.9649996","40.7515714_-73.9993307","40.751574_-73.909813","40.751577_-73.982275","40.7515804_-73.9337892","40.7515937_-73.9993656","40.7515937_-73.9995936","40.751595_-73.9976472","40.7516049_-73.9425774","40.7516222_-73.9996137","40.7516262_-73.9994018","40.7516275_-73.943109","40.7516354_-73.9419164","40.7516512_-73.941778","40.7516521_-73.9651987","40.7516526_-73.9996351","40.7516567_-73.9994299","40.7516588_-73.9901341","40.7516675_-73.9943167","40.7516739_-74.0077291","40.7516782_-73.9678277","40.7516803_-73.9426023","40.7516821_-73.9994568","40.7516905_-73.9418628","40.7516927_-73.9996545","40.7517015_-73.9360884","40.7517055_-73.9994849","40.7517061_-73.9426178","40.7517081_-73.9430512","40.7517108_-74.007817","40.751712_-73.9334202","40.7517153_-73.9515238","40.7517183_-73.9676309","40.7517258_-73.9419414","40.7517309_-73.9996713","40.7517322_-73.9206273","40.751738_-73.9995144","40.7517488_-73.9418071","40.751748_-73.970804","40.7517561_-73.9457792","40.7517715_-73.9996861","40.7517756_-73.9995413","40.7517799_-73.9264913","40.751785_-73.944555","40.7517888_-74.0080144","40.7517907_-73.9984089","40.7517_-73.986399","40.7518071_-73.9995574","40.7518101_-73.9996888","40.7518149_-73.9426652","40.7518163_-73.9677752","40.751816_-73.920712","40.7518231_-73.9674725","40.7518262_-73.9334907","40.7518299_-73.9997798","40.75182_-73.938333","40.7518325_-73.9997362","40.7518325_-73.9998338","40.7518332_-73.9245999","40.7518355_-73.9995627","40.7518391_-73.9998791","40.7518406_-73.9996874","40.751842_-73.948053","40.7518483_-73.999663","40.7518497_-73.9999209","40.7518549_-73.9033268","40.7518562_-73.9036029","40.7518565_-73.9329169","40.7518576_-73.9996368","40.7518633_-73.9319047","40.751864_-73.9995681","40.7518747_-73.9996037","40.7518751_-74.0004881","40.7518761_-73.9996767","40.751881_-73.920748","40.7518827_-74.0000168","40.7518904_-73.9995909","40.7518985_-73.9995667","40.7519025_-74.0000708","40.7519036_-73.9995775","40.7519046_-73.9996633","40.7519097_-73.9673323","40.751913_-74.0001301","40.7519157_-74.0002939","40.751917_-74.0003845","40.7519183_-74.0002015","40.7519186_-73.9325913","40.7519191_-73.9099742","40.7519249_-74.0004856","40.751924_-73.9335188","40.7519351_-73.9652559","40.7519368_-74.0005884","40.7519412_-73.999556","40.751943_-73.95017","40.7519487_-74.0006848","40.751958_-73.9322693","40.75195_-73.9654647","40.7519655_-73.9347568","40.7519669_-73.9651527","40.7519706_-73.9996298","40.7519723_-73.9264619","40.7519733_-73.9454962","40.751977_-73.9319158","40.7519792_-73.9649027")
done
140.73user 818.49system 1:14:49elapsed 21%CPU (0avgtext+0avgdata 72872maxresident)k
1054456inputs+64136outputs (38major+37150minor)pagefaults 0swaps
