40.823458_-74.006803
40.823468_-73.916216
40.8235052_-73.9245299
40.823507_-73.941426
40.8235374_-73.9439167
40.8235385_-73.9376019
40.823549_-73.955385
40.8235511_-73.9284358
40.823578_-73.914166
40.823581_-73.906747
40.823583_-74.00357
40.8236068_-73.9377722
40.8236078_-73.9186983
40.8236097_-73.9496898
40.8236205_-73.9426471
40.823624_-73.923073
40.823626_-73.945903
40.8236335_-73.9344923
40.823648_-73.9438506
40.8236634_-73.9553229
40.823665_-73.918818
40.8236819_-73.9438295
40.8236864_-73.9120647
40.8236864_-73.9122192
40.8237124_-73.9123565
40.8237186_-73.9311215
40.8237254_-73.9118845
40.823736_-73.997905
40.823815_-73.907741
40.823859_-74.008594
40.8238602_-73.9522576
40.823861_-73.919401
40.823884_-73.917566
40.823891_-73.956582
40.8238927_-73.9523348
40.8239008_-73.9448568
40.8239304_-73.9424115
40.8239332_-73.9113781
40.8239402_-73.9524477
40.8239471_-73.9485377
40.8239569_-73.9282012
40.8239713_-73.9467212
40.8239719_-73.955162
40.8239748_-73.9448113
40.8240111_-73.9111978
40.8240379_-73.9447664
40.824042_-73.9343609
40.824042_-73.9345068
40.824061_-73.928141
40.8240696_-73.9087114
40.8240824_-73.9488825
40.8241021_-73.9110004
40.824104_-73.915877
40.8241213_-73.9310829
40.824126_-73.95483
40.8241312_-73.9956043
40.824132_-73.940971
40.8241529_-73.937135
40.824167_-73.91385
40.8241911_-73.9550386
40.8241937_-73.9752364
40.8241954_-73.9422199
40.824213_-73.910845
40.8242288_-73.9373192
40.824304_-73.995913
40.8243294_-73.9105798
40.824387_-73.916773
40.8243943_-73.9085457
40.8244509_-73.9548455
40.824456_-73.9085201
40.824463_-73.984135
40.824481_-73.977885
40.8244906_-73.9562742
40.8244983_-73.9517954
40.8245112_-73.9101335
40.8245215_-73.9418779
40.8245287_-73.9518675
40.8245499_-73.9480922
40.824555_-73.941956
40.8245567_-73.9103052
40.8245785_-73.9519855
40.8245827_-73.9104511
40.8246005_-73.9343695
40.8246005_-73.9344982
40.8246022_-73.9106056
40.824603_-73.92851
40.8246087_-73.9156181
40.8246344_-73.9311216
40.8246448_-73.9462259
40.8246717_-74.0097831
40.824678_-73.955928
40.8246931_-73.9155323
40.8247045_-73.9542651
40.824705_-73.944268
40.824731_-73.9545827
40.824739_-73.954347
40.824757_-73.940515
40.8247606_-73.9311305
40.8247642_-73.9858785
40.8247839_-73.9366888
40.8247905_-73.9135238
40.824821_-73.906241
40.824832_-74.012363
40.824838_-73.916088
40.824843_-73.931324
40.8248549_-73.9368589
40.824854_-73.903114
40.824877_-74.002091
40.8248823_-73.9312421
40.824903_-73.916309
40.8249173_-73.928708
40.8249218_-73.9081593
40.8249247_-73.9083521
40.824936_-73.988154
40.823458_-74.006803
40.823468_-73.916216
40.8235052_-73.9245299
40.823507_-73.941426
40.8235374_-73.9439167
40.8235385_-73.9376019
40.823549_-73.955385
40.8235511_-73.9284358
40.823578_-73.914166
40.823581_-73.906747
40.823583_-74.00357
40.8236068_-73.9377722
40.8236078_-73.9186983
40.8236097_-73.9496898
40.8236205_-73.9426471
40.823624_-73.923073
40.823626_-73.945903
40.8236335_-73.9344923
40.823648_-73.9438506
40.8236634_-73.9553229
40.823665_-73.918818
40.8236819_-73.9438295
40.8236864_-73.9120647
40.8236864_-73.9122192
40.8237124_-73.9123565
40.8237186_-73.9311215
40.8237254_-73.9118845
40.823736_-73.997905
40.823815_-73.907741
40.823859_-74.008594
40.8238602_-73.9522576
40.823861_-73.919401
40.823884_-73.917566
40.823891_-73.956582
40.8238927_-73.9523348
40.8239008_-73.9448568
40.8239304_-73.9424115
40.8239332_-73.9113781
40.8239402_-73.9524477
40.8239471_-73.9485377
40.8239569_-73.9282012
40.8239713_-73.9467212
40.8239719_-73.955162
40.8239748_-73.9448113
40.8240111_-73.9111978
40.8240379_-73.9447664
40.824042_-73.9343609
40.824042_-73.9345068
40.824061_-73.928141
40.8240696_-73.9087114
40.8240824_-73.9488825
40.8241021_-73.9110004
40.824104_-73.915877
40.8241213_-73.9310829
40.824126_-73.95483
40.8241312_-73.9956043
40.824132_-73.940971
40.8241529_-73.937135
40.824167_-73.91385
40.8241911_-73.9550386
40.8241937_-73.9752364
40.8241954_-73.9422199
40.824213_-73.910845
40.8242288_-73.9373192
40.824304_-73.995913
40.8243294_-73.9105798
40.824387_-73.916773
40.8243943_-73.9085457
40.8244509_-73.9548455
40.824456_-73.9085201
40.824463_-73.984135
40.824481_-73.977885
40.8244906_-73.9562742
40.8244983_-73.9517954
40.8245112_-73.9101335
40.8245215_-73.9418779
40.8245287_-73.9518675
40.8245499_-73.9480922
40.824555_-73.941956
40.8245567_-73.9103052
40.8245785_-73.9519855
40.8245827_-73.9104511
40.8246005_-73.9343695
40.8246005_-73.9344982
40.8246022_-73.9106056
40.824603_-73.92851
40.8246087_-73.9156181
40.8246344_-73.9311216
40.8246448_-73.9462259
40.8246717_-74.0097831
40.824678_-73.955928
40.8246931_-73.9155323
40.8247045_-73.9542651
40.824705_-73.944268
40.824731_-73.9545827
40.824739_-73.954347
40.824757_-73.940515
40.8247606_-73.9311305
40.8247642_-73.9858785
40.8247839_-73.9366888
40.8247905_-73.9135238
40.824821_-73.906241
40.824832_-74.012363
40.824838_-73.916088
40.824843_-73.931324
40.8248549_-73.9368589
40.824854_-73.903114
40.824877_-74.002091
40.8248823_-73.9312421
40.824903_-73.916309
40.8249173_-73.928708
40.8249218_-73.9081593
40.8249247_-73.9083521
40.824936_-73.988154
("40.823458_-74.006803","40.823468_-73.916216","40.8235052_-73.9245299","40.823507_-73.941426","40.8235374_-73.9439167","40.8235385_-73.9376019","40.823549_-73.955385","40.8235511_-73.9284358","40.823578_-73.914166","40.823581_-73.906747","40.823583_-74.00357","40.8236068_-73.9377722","40.8236078_-73.9186983","40.8236097_-73.9496898","40.8236205_-73.9426471","40.823624_-73.923073","40.823626_-73.945903","40.8236335_-73.9344923","40.823648_-73.9438506","40.8236634_-73.9553229","40.823665_-73.918818","40.8236819_-73.9438295","40.8236864_-73.9120647","40.8236864_-73.9122192","40.8237124_-73.9123565","40.8237186_-73.9311215","40.8237254_-73.9118845","40.823736_-73.997905","40.823815_-73.907741","40.823859_-74.008594","40.8238602_-73.9522576","40.823861_-73.919401","40.823884_-73.917566","40.823891_-73.956582","40.8238927_-73.9523348","40.8239008_-73.9448568","40.8239304_-73.9424115","40.8239332_-73.9113781","40.8239402_-73.9524477","40.8239471_-73.9485377","40.8239569_-73.9282012","40.8239713_-73.9467212","40.8239719_-73.955162","40.8239748_-73.9448113","40.8240111_-73.9111978","40.8240379_-73.9447664","40.824042_-73.9343609","40.824042_-73.9345068","40.824061_-73.928141","40.8240696_-73.9087114","40.8240824_-73.9488825","40.8241021_-73.9110004","40.824104_-73.915877","40.8241213_-73.9310829","40.824126_-73.95483","40.8241312_-73.9956043","40.824132_-73.940971","40.8241529_-73.937135","40.824167_-73.91385","40.8241911_-73.9550386","40.8241937_-73.9752364","40.8241954_-73.9422199","40.824213_-73.910845","40.8242288_-73.9373192","40.824304_-73.995913","40.8243294_-73.9105798","40.824387_-73.916773","40.8243943_-73.9085457","40.8244509_-73.9548455","40.824456_-73.9085201","40.824463_-73.984135","40.824481_-73.977885","40.8244906_-73.9562742","40.8244983_-73.9517954","40.8245112_-73.9101335","40.8245215_-73.9418779","40.8245287_-73.9518675","40.8245499_-73.9480922","40.824555_-73.941956","40.8245567_-73.9103052","40.8245785_-73.9519855","40.8245827_-73.9104511","40.8246005_-73.9343695","40.8246005_-73.9344982","40.8246022_-73.9106056","40.824603_-73.92851","40.8246087_-73.9156181","40.8246344_-73.9311216","40.8246448_-73.9462259","40.8246717_-74.0097831","40.824678_-73.955928","40.8246931_-73.9155323","40.8247045_-73.9542651","40.824705_-73.944268","40.824731_-73.9545827","40.824739_-73.954347","40.824757_-73.940515","40.8247606_-73.9311305","40.8247642_-73.9858785","40.8247839_-73.9366888","40.8247905_-73.9135238","40.824821_-73.906241","40.824832_-74.012363","40.824838_-73.916088","40.824843_-73.931324","40.8248549_-73.9368589","40.824854_-73.903114","40.824877_-74.002091","40.8248823_-73.9312421","40.824903_-73.916309","40.8249173_-73.928708","40.8249218_-73.9081593","40.8249247_-73.9083521","40.824936_-73.988154")
done
123.94user 818.21system 1:14:16elapsed 21%CPU (0avgtext+0avgdata 52844maxresident)k
834992inputs+48outputs (3major+27471minor)pagefaults 0swaps
