40.7041988_-73.9300554
40.704201_-73.9205111
40.704201_-73.96428
40.704203_-73.958244
40.7042103_-73.9672539
40.704211_-73.961207
40.704211_-74.008789
40.704229_-73.98102
40.704249_-74.011569
40.7042526_-74.0062834
40.704257_-73.931309
40.704263_-73.938814
40.704263_-74.011496
40.704266_-73.9671921
40.70426_-73.96569
40.704271_-73.948141
40.7042731_-73.9479548
40.704277_-73.933011
40.704285_-74.007671
40.704285_-74.0167354
40.7042893_-73.9825598
40.7042956_-74.0165908
40.7043044_-73.9671354
40.7043051_-73.9709569
40.7043064_-73.9793699
40.704309_-73.94445
40.7043111_-73.9133159
40.704312_-73.91923
40.704312_-73.955074
40.70431_-74.011303
40.704345_-73.984583
40.7043504_-73.9486456
40.7043532_-73.9672956
40.704359_-73.938323
40.704365_-73.947812
40.7043769_-74.0060893
40.704381_-74.011073
40.7044081_-74.0110036
40.7044089_-74.0060359
40.704409_-73.904865
40.704409_-73.9884616
40.7044102_-73.9865474
40.7044126_-73.9238195
40.7044143_-73.9793641
40.704418_-73.9519
40.7044195_-73.9486415
40.7044374_-73.988449
40.7044536_-73.9875259
40.7044603_-73.9884247
40.704462_-73.930454
40.70446_-74.010871
40.7044734_-73.9884001
40.704473_-73.942734
40.7044803_-73.9883613
40.704483_-73.948791
40.7044846_-73.9883201
40.70449_-73.9673899
40.7045074_-74.0142418
40.7045084_-73.9485641
40.7045235_-73.971292
40.704526_-73.928395
40.704532_-74.0142335
40.704541_-74.010697
40.704544_-73.950202
40.704545_-74.009462
40.7045513_-74.0115608
40.704553_-73.916609
40.7045609_-73.9391276
40.704564_-73.910655
40.704565_-73.948665
40.704583_-74.0143895
40.70458_-73.978328
40.704593_-73.908247
40.7045991_-74.0132814
40.7046035_-73.9674573
40.7046275_-73.9350195
40.7046306_-73.9212603
40.704637_-73.94103
40.7046387_-73.9865448
40.704641_-74.010513
40.7046476_-73.9702085
40.7046485_-74.0141905
40.7046492_-73.9409123
40.7046662_-73.939112
40.704672_-74.008126
40.7046805_-74.0053848
40.7046818_-74.0143827
40.7046827_-74.0081107
40.7046835_-73.9705419
40.7046965_-74.0141584
40.704701_-73.933125
40.7047095_-74.014883
40.7047108_-74.016745
40.704717_-73.928738
40.704719_-74.0166109
40.704723_-74.0115571
40.7047259_-73.9140133
40.7047592_-74.0150757
40.704762_-73.964903
40.704763_-74.010327
40.704764_-73.919957
40.704768_-73.958884
40.704775_-74.009747
40.7047845_-74.0152459
40.7047858_-73.9393923
40.704786_-73.961854
40.7047888_-74.0165471
40.7047931_-74.016384
40.7047943_-74.0167826
40.7048017_-74.0069496
40.7048198_-74.0054085
40.704821_-74.0169371
40.704822_-73.937849
40.7048248_-74.0149779
40.7041988_-73.9300554
40.704201_-73.9205111
40.704201_-73.96428
40.704203_-73.958244
40.7042103_-73.9672539
40.704211_-73.961207
40.704211_-74.008789
40.704229_-73.98102
40.704249_-74.011569
40.7042526_-74.0062834
40.704257_-73.931309
40.704263_-73.938814
40.704263_-74.011496
40.704266_-73.9671921
40.70426_-73.96569
40.704271_-73.948141
40.7042731_-73.9479548
40.704277_-73.933011
40.704285_-74.007671
40.704285_-74.0167354
40.7042893_-73.9825598
40.7042956_-74.0165908
40.7043044_-73.9671354
40.7043051_-73.9709569
40.7043064_-73.9793699
40.704309_-73.94445
40.7043111_-73.9133159
40.704312_-73.91923
40.704312_-73.955074
40.70431_-74.011303
40.704345_-73.984583
40.7043504_-73.9486456
40.7043532_-73.9672956
40.704359_-73.938323
40.704365_-73.947812
40.7043769_-74.0060893
40.704381_-74.011073
40.7044081_-74.0110036
40.7044089_-74.0060359
40.704409_-73.904865
40.704409_-73.9884616
40.7044102_-73.9865474
40.7044126_-73.9238195
40.7044143_-73.9793641
40.704418_-73.9519
40.7044195_-73.9486415
40.7044374_-73.988449
40.7044536_-73.9875259
40.7044603_-73.9884247
40.704462_-73.930454
40.70446_-74.010871
40.7044734_-73.9884001
40.704473_-73.942734
40.7044803_-73.9883613
40.704483_-73.948791
40.7044846_-73.9883201
40.70449_-73.9673899
40.7045074_-74.0142418
40.7045084_-73.9485641
40.7045235_-73.971292
40.704526_-73.928395
40.704532_-74.0142335
40.704541_-74.010697
40.704544_-73.950202
40.704545_-74.009462
40.7045513_-74.0115608
40.704553_-73.916609
40.7045609_-73.9391276
40.704564_-73.910655
40.704565_-73.948665
40.704583_-74.0143895
40.70458_-73.978328
40.704593_-73.908247
40.7045991_-74.0132814
40.7046035_-73.9674573
40.7046275_-73.9350195
40.7046306_-73.9212603
40.704637_-73.94103
40.7046387_-73.9865448
40.704641_-74.010513
40.7046476_-73.9702085
40.7046485_-74.0141905
40.7046492_-73.9409123
40.7046662_-73.939112
40.704672_-74.008126
40.7046805_-74.0053848
40.7046818_-74.0143827
40.7046827_-74.0081107
40.7046835_-73.9705419
40.7046965_-74.0141584
40.704701_-73.933125
40.7047095_-74.014883
40.7047108_-74.016745
40.704717_-73.928738
40.704719_-74.0166109
40.704723_-74.0115571
40.7047259_-73.9140133
40.7047592_-74.0150757
40.704762_-73.964903
40.704763_-74.010327
40.704764_-73.919957
40.704768_-73.958884
40.704775_-74.009747
40.7047845_-74.0152459
40.7047858_-73.9393923
40.704786_-73.961854
40.7047888_-74.0165471
40.7047931_-74.016384
40.7047943_-74.0167826
40.7048017_-74.0069496
40.7048198_-74.0054085
40.704821_-74.0169371
40.704822_-73.937849
40.7048248_-74.0149779
("40.7041988_-73.9300554","40.704201_-73.9205111","40.704201_-73.96428","40.704203_-73.958244","40.7042103_-73.9672539","40.704211_-73.961207","40.704211_-74.008789","40.704229_-73.98102","40.704249_-74.011569","40.7042526_-74.0062834","40.704257_-73.931309","40.704263_-73.938814","40.704263_-74.011496","40.704266_-73.9671921","40.70426_-73.96569","40.704271_-73.948141","40.7042731_-73.9479548","40.704277_-73.933011","40.704285_-74.007671","40.704285_-74.0167354","40.7042893_-73.9825598","40.7042956_-74.0165908","40.7043044_-73.9671354","40.7043051_-73.9709569","40.7043064_-73.9793699","40.704309_-73.94445","40.7043111_-73.9133159","40.704312_-73.91923","40.704312_-73.955074","40.70431_-74.011303","40.704345_-73.984583","40.7043504_-73.9486456","40.7043532_-73.9672956","40.704359_-73.938323","40.704365_-73.947812","40.7043769_-74.0060893","40.704381_-74.011073","40.7044081_-74.0110036","40.7044089_-74.0060359","40.704409_-73.904865","40.704409_-73.9884616","40.7044102_-73.9865474","40.7044126_-73.9238195","40.7044143_-73.9793641","40.704418_-73.9519","40.7044195_-73.9486415","40.7044374_-73.988449","40.7044536_-73.9875259","40.7044603_-73.9884247","40.704462_-73.930454","40.70446_-74.010871","40.7044734_-73.9884001","40.704473_-73.942734","40.7044803_-73.9883613","40.704483_-73.948791","40.7044846_-73.9883201","40.70449_-73.9673899","40.7045074_-74.0142418","40.7045084_-73.9485641","40.7045235_-73.971292","40.704526_-73.928395","40.704532_-74.0142335","40.704541_-74.010697","40.704544_-73.950202","40.704545_-74.009462","40.7045513_-74.0115608","40.704553_-73.916609","40.7045609_-73.9391276","40.704564_-73.910655","40.704565_-73.948665","40.704583_-74.0143895","40.70458_-73.978328","40.704593_-73.908247","40.7045991_-74.0132814","40.7046035_-73.9674573","40.7046275_-73.9350195","40.7046306_-73.9212603","40.704637_-73.94103","40.7046387_-73.9865448","40.704641_-74.010513","40.7046476_-73.9702085","40.7046485_-74.0141905","40.7046492_-73.9409123","40.7046662_-73.939112","40.704672_-74.008126","40.7046805_-74.0053848","40.7046818_-74.0143827","40.7046827_-74.0081107","40.7046835_-73.9705419","40.7046965_-74.0141584","40.704701_-73.933125","40.7047095_-74.014883","40.7047108_-74.016745","40.704717_-73.928738","40.704719_-74.0166109","40.704723_-74.0115571","40.7047259_-73.9140133","40.7047592_-74.0150757","40.704762_-73.964903","40.704763_-74.010327","40.704764_-73.919957","40.704768_-73.958884","40.704775_-74.009747","40.7047845_-74.0152459","40.7047858_-73.9393923","40.704786_-73.961854","40.7047888_-74.0165471","40.7047931_-74.016384","40.7047943_-74.0167826","40.7048017_-74.0069496","40.7048198_-74.0054085","40.704821_-74.0169371","40.704822_-73.937849","40.7048248_-74.0149779")
done
144.97user 802.02system 1:14:45elapsed 21%CPU (0avgtext+0avgdata 55892maxresident)k
853968inputs+5632outputs (8major+29998minor)pagefaults 0swaps
