40.8076111_-73.9266051
40.8076141_-73.9670177
40.807619_-73.9918809
40.80761_-73.95304
40.8076246_-73.92518
40.8076339_-73.9340619
40.8076384_-73.9492072
40.8076486_-73.9604349
40.807655_-73.939248
40.8076662_-73.9373376
40.8076686_-73.9295777
40.8076751_-73.9413455
40.8076978_-73.9265509
40.8077005_-73.9493541
40.807713_-73.941318
40.80771_-73.9898886
40.8077212_-73.9299306
40.8077463_-73.9454127
40.8077671_-73.910232
40.80778_-73.952917
40.8077989_-73.9342983
40.807809_-73.923837
40.8078108_-73.9455708
40.8078286_-73.9296081
40.8078527_-73.9341995
40.8078651_-73.9436139
40.8078728_-73.9271735
40.8078983_-73.9657268
40.807907_-73.920046
40.807915_-74.006419
40.807983_-73.997219
40.8079924_-73.9638152
40.8079928_-73.9314435
40.808007_-73.914332
40.8080164_-73.9305456
40.8080309_-73.9639109
40.8080387_-73.9111083
40.8080465_-73.9579313
40.8080595_-73.9306498
40.8080666_-73.9639998
40.808075_-73.997035
40.8080865_-73.9422033
40.8081126_-73.9265537
40.8081151_-73.9600943
40.8081338_-73.9311594
40.808133_-73.916589
40.8081599_-73.9265191
40.8081618_-73.9304298
40.8081627_-73.9600595
40.8081661_-73.9308718
40.8081685_-73.9365933
40.8081735_-73.934672
40.808174_-73.956344
40.808206_-73.9689388
40.8082079_-73.9544622
40.8082178_-73.9078327
40.8082347_-73.9665386
40.808238_-73.952585
40.808245_-73.996932
40.8082493_-74.0009327
40.8082594_-73.9387626
40.8082615_-73.9310339
40.8082617_-73.9120206
40.8082629_-73.948745
40.808262_-73.918804
40.8082696_-73.9308945
40.808282_-73.9664992
40.8082894_-73.9368805
40.8083063_-73.9310708
40.8083102_-73.9305726
40.8083265_-73.9488961
40.8083299_-73.9664513
40.808329_-73.989839
40.808334_-73.940861
40.8083686_-73.9664023
40.8083715_-73.9310725
40.808377_-73.993243
40.808379_-73.929053
40.8083904_-73.9278451
40.808396_-73.952952
40.8083982_-73.9252251
40.8083995_-73.9306799
40.8084101_-73.9088377
40.8084107_-73.9449093
40.8084119_-73.9310554
40.8084123_-74.0152155
40.8084133_-73.9346242
40.8084276_-73.96857
40.808432_-73.923375
40.8084483_-73.9310125
40.808453_-73.915392
40.8084594_-73.9430872
40.8084759_-73.9649655
40.8084812_-73.945077
40.8085054_-73.9851429
40.8085207_-73.9049396
40.8085366_-73.9345496
40.8085575_-73.9274331
40.808557_-73.989724
40.8085916_-73.9347021
40.8086076_-73.9098061
40.808627_-74.000024
40.8086453_-73.9651854
40.8086625_-73.96541
40.8086651_-73.9097375
40.8086656_-73.9650244
40.808671_-73.957617
40.808676_-73.99373
40.8086773_-73.9436037
40.8086783_-73.9282692
40.8086996_-73.9659823
40.808723_-73.913884
40.808724_-74.002815
40.808732_-73.9659488
40.8076111_-73.9266051
40.8076141_-73.9670177
40.807619_-73.9918809
40.80761_-73.95304
40.8076246_-73.92518
40.8076339_-73.9340619
40.8076384_-73.9492072
40.8076486_-73.9604349
40.807655_-73.939248
40.8076662_-73.9373376
40.8076686_-73.9295777
40.8076751_-73.9413455
40.8076978_-73.9265509
40.8077005_-73.9493541
40.807713_-73.941318
40.80771_-73.9898886
40.8077212_-73.9299306
40.8077463_-73.9454127
40.8077671_-73.910232
40.80778_-73.952917
40.8077989_-73.9342983
40.807809_-73.923837
40.8078108_-73.9455708
40.8078286_-73.9296081
40.8078527_-73.9341995
40.8078651_-73.9436139
40.8078728_-73.9271735
40.8078983_-73.9657268
40.807907_-73.920046
40.807915_-74.006419
40.807983_-73.997219
40.8079924_-73.9638152
40.8079928_-73.9314435
40.808007_-73.914332
40.8080164_-73.9305456
40.8080309_-73.9639109
40.8080387_-73.9111083
40.8080465_-73.9579313
40.8080595_-73.9306498
40.8080666_-73.9639998
40.808075_-73.997035
40.8080865_-73.9422033
40.8081126_-73.9265537
40.8081151_-73.9600943
40.8081338_-73.9311594
40.808133_-73.916589
40.8081599_-73.9265191
40.8081618_-73.9304298
40.8081627_-73.9600595
40.8081661_-73.9308718
40.8081685_-73.9365933
40.8081735_-73.934672
40.808174_-73.956344
40.808206_-73.9689388
40.8082079_-73.9544622
40.8082178_-73.9078327
40.8082347_-73.9665386
40.808238_-73.952585
40.808245_-73.996932
40.8082493_-74.0009327
40.8082594_-73.9387626
40.8082615_-73.9310339
40.8082617_-73.9120206
40.8082629_-73.948745
40.808262_-73.918804
40.8082696_-73.9308945
40.808282_-73.9664992
40.8082894_-73.9368805
40.8083063_-73.9310708
40.8083102_-73.9305726
40.8083265_-73.9488961
40.8083299_-73.9664513
40.808329_-73.989839
40.808334_-73.940861
40.8083686_-73.9664023
40.8083715_-73.9310725
40.808377_-73.993243
40.808379_-73.929053
40.8083904_-73.9278451
40.808396_-73.952952
40.8083982_-73.9252251
40.8083995_-73.9306799
40.8084101_-73.9088377
40.8084107_-73.9449093
40.8084119_-73.9310554
40.8084123_-74.0152155
40.8084133_-73.9346242
40.8084276_-73.96857
40.808432_-73.923375
40.8084483_-73.9310125
40.808453_-73.915392
40.8084594_-73.9430872
40.8084759_-73.9649655
40.8084812_-73.945077
40.8085054_-73.9851429
40.8085207_-73.9049396
40.8085366_-73.9345496
40.8085575_-73.9274331
40.808557_-73.989724
40.8085916_-73.9347021
40.8086076_-73.9098061
40.808627_-74.000024
40.8086453_-73.9651854
40.8086625_-73.96541
40.8086651_-73.9097375
40.8086656_-73.9650244
40.808671_-73.957617
40.808676_-73.99373
40.8086773_-73.9436037
40.8086783_-73.9282692
40.8086996_-73.9659823
40.808723_-73.913884
40.808724_-74.002815
40.808732_-73.9659488
("40.8076111_-73.9266051","40.8076141_-73.9670177","40.807619_-73.9918809","40.80761_-73.95304","40.8076246_-73.92518","40.8076339_-73.9340619","40.8076384_-73.9492072","40.8076486_-73.9604349","40.807655_-73.939248","40.8076662_-73.9373376","40.8076686_-73.9295777","40.8076751_-73.9413455","40.8076978_-73.9265509","40.8077005_-73.9493541","40.807713_-73.941318","40.80771_-73.9898886","40.8077212_-73.9299306","40.8077463_-73.9454127","40.8077671_-73.910232","40.80778_-73.952917","40.8077989_-73.9342983","40.807809_-73.923837","40.8078108_-73.9455708","40.8078286_-73.9296081","40.8078527_-73.9341995","40.8078651_-73.9436139","40.8078728_-73.9271735","40.8078983_-73.9657268","40.807907_-73.920046","40.807915_-74.006419","40.807983_-73.997219","40.8079924_-73.9638152","40.8079928_-73.9314435","40.808007_-73.914332","40.8080164_-73.9305456","40.8080309_-73.9639109","40.8080387_-73.9111083","40.8080465_-73.9579313","40.8080595_-73.9306498","40.8080666_-73.9639998","40.808075_-73.997035","40.8080865_-73.9422033","40.8081126_-73.9265537","40.8081151_-73.9600943","40.8081338_-73.9311594","40.808133_-73.916589","40.8081599_-73.9265191","40.8081618_-73.9304298","40.8081627_-73.9600595","40.8081661_-73.9308718","40.8081685_-73.9365933","40.8081735_-73.934672","40.808174_-73.956344","40.808206_-73.9689388","40.8082079_-73.9544622","40.8082178_-73.9078327","40.8082347_-73.9665386","40.808238_-73.952585","40.808245_-73.996932","40.8082493_-74.0009327","40.8082594_-73.9387626","40.8082615_-73.9310339","40.8082617_-73.9120206","40.8082629_-73.948745","40.808262_-73.918804","40.8082696_-73.9308945","40.808282_-73.9664992","40.8082894_-73.9368805","40.8083063_-73.9310708","40.8083102_-73.9305726","40.8083265_-73.9488961","40.8083299_-73.9664513","40.808329_-73.989839","40.808334_-73.940861","40.8083686_-73.9664023","40.8083715_-73.9310725","40.808377_-73.993243","40.808379_-73.929053","40.8083904_-73.9278451","40.808396_-73.952952","40.8083982_-73.9252251","40.8083995_-73.9306799","40.8084101_-73.9088377","40.8084107_-73.9449093","40.8084119_-73.9310554","40.8084123_-74.0152155","40.8084133_-73.9346242","40.8084276_-73.96857","40.808432_-73.923375","40.8084483_-73.9310125","40.808453_-73.915392","40.8084594_-73.9430872","40.8084759_-73.9649655","40.8084812_-73.945077","40.8085054_-73.9851429","40.8085207_-73.9049396","40.8085366_-73.9345496","40.8085575_-73.9274331","40.808557_-73.989724","40.8085916_-73.9347021","40.8086076_-73.9098061","40.808627_-74.000024","40.8086453_-73.9651854","40.8086625_-73.96541","40.8086651_-73.9097375","40.8086656_-73.9650244","40.808671_-73.957617","40.808676_-73.99373","40.8086773_-73.9436037","40.8086783_-73.9282692","40.8086996_-73.9659823","40.808723_-73.913884","40.808724_-74.002815","40.808732_-73.9659488")
done
125.96user 816.11system 1:14:34elapsed 21%CPU (0avgtext+0avgdata 55984maxresident)k
499336inputs+6760outputs (7major+29093minor)pagefaults 0swaps
