40.8584861_-73.9294511
40.858505_-73.967366
40.858533_-73.9284067
40.8585352_-73.9727893
40.8586131_-73.9282468
40.8586547_-73.9344919
40.8586792_-73.9048523
40.8586891_-73.9036444
40.8587091_-73.9357342
40.858744_-73.930122
40.8587509_-73.9721523
40.8587591_-73.9269186
40.8587711_-73.9230042
40.8587766_-73.9368288
40.8587779_-73.9300312
40.8587794_-73.9108934
40.85879_-73.907359
40.858802_-73.91657
40.8588094_-73.9228995
40.858836_-73.934397
40.858845_-73.98376
40.8588482_-73.9722467
40.8588864_-73.9325749
40.8589313_-73.9112775
40.8589334_-73.961166
40.8589437_-73.9315042
40.8589792_-73.9057073
40.8589907_-73.9034744
40.8590224_-73.9231298
40.859022_-73.9354266
40.8590537_-73.9266936
40.859056_-73.915954
40.859058_-73.968361
40.8590596_-73.9116599
40.8590844_-73.9276728
40.8590993_-73.9117734
40.859105_-73.9760147
40.8591208_-73.9230957
40.859128_-73.978173
40.8591327_-73.9310913
40.8591416_-73.9143615
40.8591661_-73.9373609
40.8591806_-73.9311471
40.8592013_-73.9341883
40.8592339_-73.9310448
40.8592572_-73.9351354
40.8592602_-73.9341027
40.8592618_-73.9341543
40.8592718_-73.9340558
40.8592852_-73.9342154
40.8592879_-73.9340261
40.859301_-73.91568
40.8593027_-73.9313326
40.8593094_-73.934243
40.8593162_-73.9308296
40.8593271_-73.9339907
40.859342_-73.904475
40.859345_-73.931127
40.8593599_-73.9073323
40.8593602_-73.9067823
40.8593604_-73.9342646
40.8593606_-73.933981
40.8593649_-73.9233136
40.8593697_-73.9314615
40.8593868_-73.9371721
40.8593942_-73.9307617
40.859395_-73.9309136
40.8593996_-73.9342579
40.8594002_-73.9346482
40.8594014_-73.9103588
40.8594143_-73.9339955
40.8594239_-73.9342429
40.8594469_-73.9340284
40.8594505_-73.9322956
40.8594507_-73.9305963
40.8594517_-73.9342095
40.8594674_-73.9341718
40.8594683_-73.934077
40.8594721_-73.9322776
40.8594721_-73.9338518
40.859474_-73.9341233
40.8594908_-73.9337693
40.8594938_-73.9322515
40.8595101_-73.9225464
40.8595162_-73.9280542
40.8595273_-73.931976
40.859538_-73.973172
40.8595415_-73.932068
40.859545_-73.927977
40.859563_-73.933522
40.8596048_-73.9077684
40.8596194_-73.9132597
40.8596364_-73.9312076
40.8596392_-73.9030765
40.859644_-73.905329
40.8597031_-73.9100995
40.859717_-73.915688
40.859775_-73.989341
40.859828_-73.933053
40.8598804_-73.9254623
40.859898_-73.919846
40.859903_-73.9268606
40.8599256_-73.9367
40.859963_-73.906252
40.859964_-73.914161
40.859988_-73.904081
40.860007_-73.984757
40.8600087_-73.9086107
40.8600291_-73.9328358
40.8600595_-73.9310455
40.8601097_-73.90999
40.8601427_-73.932746
40.8601786_-73.9089489
40.8601898_-73.9096962
40.8584861_-73.9294511
40.858505_-73.967366
40.858533_-73.9284067
40.8585352_-73.9727893
40.8586131_-73.9282468
40.8586547_-73.9344919
40.8586792_-73.9048523
40.8586891_-73.9036444
40.8587091_-73.9357342
40.858744_-73.930122
40.8587509_-73.9721523
40.8587591_-73.9269186
40.8587711_-73.9230042
40.8587766_-73.9368288
40.8587779_-73.9300312
40.8587794_-73.9108934
40.85879_-73.907359
40.858802_-73.91657
40.8588094_-73.9228995
40.858836_-73.934397
40.858845_-73.98376
40.8588482_-73.9722467
40.8588864_-73.9325749
40.8589313_-73.9112775
40.8589334_-73.961166
40.8589437_-73.9315042
40.8589792_-73.9057073
40.8589907_-73.9034744
40.8590224_-73.9231298
40.859022_-73.9354266
40.8590537_-73.9266936
40.859056_-73.915954
40.859058_-73.968361
40.8590596_-73.9116599
40.8590844_-73.9276728
40.8590993_-73.9117734
40.859105_-73.9760147
40.8591208_-73.9230957
40.859128_-73.978173
40.8591327_-73.9310913
40.8591416_-73.9143615
40.8591661_-73.9373609
40.8591806_-73.9311471
40.8592013_-73.9341883
40.8592339_-73.9310448
40.8592572_-73.9351354
40.8592602_-73.9341027
40.8592618_-73.9341543
40.8592718_-73.9340558
40.8592852_-73.9342154
40.8592879_-73.9340261
40.859301_-73.91568
40.8593027_-73.9313326
40.8593094_-73.934243
40.8593162_-73.9308296
40.8593271_-73.9339907
40.859342_-73.904475
40.859345_-73.931127
40.8593599_-73.9073323
40.8593602_-73.9067823
40.8593604_-73.9342646
40.8593606_-73.933981
40.8593649_-73.9233136
40.8593697_-73.9314615
40.8593868_-73.9371721
40.8593942_-73.9307617
40.859395_-73.9309136
40.8593996_-73.9342579
40.8594002_-73.9346482
40.8594014_-73.9103588
40.8594143_-73.9339955
40.8594239_-73.9342429
40.8594469_-73.9340284
40.8594505_-73.9322956
40.8594507_-73.9305963
40.8594517_-73.9342095
40.8594674_-73.9341718
40.8594683_-73.934077
40.8594721_-73.9322776
40.8594721_-73.9338518
40.859474_-73.9341233
40.8594908_-73.9337693
40.8594938_-73.9322515
40.8595101_-73.9225464
40.8595162_-73.9280542
40.8595273_-73.931976
40.859538_-73.973172
40.8595415_-73.932068
40.859545_-73.927977
40.859563_-73.933522
40.8596048_-73.9077684
40.8596194_-73.9132597
40.8596364_-73.9312076
40.8596392_-73.9030765
40.859644_-73.905329
40.8597031_-73.9100995
40.859717_-73.915688
40.859775_-73.989341
40.859828_-73.933053
40.8598804_-73.9254623
40.859898_-73.919846
40.859903_-73.9268606
40.8599256_-73.9367
40.859963_-73.906252
40.859964_-73.914161
40.859988_-73.904081
40.860007_-73.984757
40.8600087_-73.9086107
40.8600291_-73.9328358
40.8600595_-73.9310455
40.8601097_-73.90999
40.8601427_-73.932746
40.8601786_-73.9089489
40.8601898_-73.9096962
("40.8584861_-73.9294511","40.858505_-73.967366","40.858533_-73.9284067","40.8585352_-73.9727893","40.8586131_-73.9282468","40.8586547_-73.9344919","40.8586792_-73.9048523","40.8586891_-73.9036444","40.8587091_-73.9357342","40.858744_-73.930122","40.8587509_-73.9721523","40.8587591_-73.9269186","40.8587711_-73.9230042","40.8587766_-73.9368288","40.8587779_-73.9300312","40.8587794_-73.9108934","40.85879_-73.907359","40.858802_-73.91657","40.8588094_-73.9228995","40.858836_-73.934397","40.858845_-73.98376","40.8588482_-73.9722467","40.8588864_-73.9325749","40.8589313_-73.9112775","40.8589334_-73.961166","40.8589437_-73.9315042","40.8589792_-73.9057073","40.8589907_-73.9034744","40.8590224_-73.9231298","40.859022_-73.9354266","40.8590537_-73.9266936","40.859056_-73.915954","40.859058_-73.968361","40.8590596_-73.9116599","40.8590844_-73.9276728","40.8590993_-73.9117734","40.859105_-73.9760147","40.8591208_-73.9230957","40.859128_-73.978173","40.8591327_-73.9310913","40.8591416_-73.9143615","40.8591661_-73.9373609","40.8591806_-73.9311471","40.8592013_-73.9341883","40.8592339_-73.9310448","40.8592572_-73.9351354","40.8592602_-73.9341027","40.8592618_-73.9341543","40.8592718_-73.9340558","40.8592852_-73.9342154","40.8592879_-73.9340261","40.859301_-73.91568","40.8593027_-73.9313326","40.8593094_-73.934243","40.8593162_-73.9308296","40.8593271_-73.9339907","40.859342_-73.904475","40.859345_-73.931127","40.8593599_-73.9073323","40.8593602_-73.9067823","40.8593604_-73.9342646","40.8593606_-73.933981","40.8593649_-73.9233136","40.8593697_-73.9314615","40.8593868_-73.9371721","40.8593942_-73.9307617","40.859395_-73.9309136","40.8593996_-73.9342579","40.8594002_-73.9346482","40.8594014_-73.9103588","40.8594143_-73.9339955","40.8594239_-73.9342429","40.8594469_-73.9340284","40.8594505_-73.9322956","40.8594507_-73.9305963","40.8594517_-73.9342095","40.8594674_-73.9341718","40.8594683_-73.934077","40.8594721_-73.9322776","40.8594721_-73.9338518","40.859474_-73.9341233","40.8594908_-73.9337693","40.8594938_-73.9322515","40.8595101_-73.9225464","40.8595162_-73.9280542","40.8595273_-73.931976","40.859538_-73.973172","40.8595415_-73.932068","40.859545_-73.927977","40.859563_-73.933522","40.8596048_-73.9077684","40.8596194_-73.9132597","40.8596364_-73.9312076","40.8596392_-73.9030765","40.859644_-73.905329","40.8597031_-73.9100995","40.859717_-73.915688","40.859775_-73.989341","40.859828_-73.933053","40.8598804_-73.9254623","40.859898_-73.919846","40.859903_-73.9268606","40.8599256_-73.9367","40.859963_-73.906252","40.859964_-73.914161","40.859988_-73.904081","40.860007_-73.984757","40.8600087_-73.9086107","40.8600291_-73.9328358","40.8600595_-73.9310455","40.8601097_-73.90999","40.8601427_-73.932746","40.8601786_-73.9089489","40.8601898_-73.9096962")
done
125.46user 824.94system 1:14:19elapsed 21%CPU (0avgtext+0avgdata 51720maxresident)k
1876040inputs+48outputs (2major+27173minor)pagefaults 0swaps
