40.7180154_-73.9750366
40.718017_-73.999956
40.718026_-74.003046
40.7180342_-73.9875575
40.7180347_-73.9884714
40.718046_-73.90654
40.718066_-73.944966
40.71807_-73.964135
40.7180845_-73.952292
40.7180869_-73.9751224
40.71808_-73.959606
40.718092_-73.9641682
40.718102_-73.936949
40.7181127_-74.0104744
40.718115_-73.976879
40.7181209_-73.9865384
40.7181237_-73.9902319
40.718124_-74.014999
40.718133_-73.996936
40.7181398_-73.9083822
40.718145_-73.993828
40.7181462_-73.9959808
40.7181464_-73.9523028
40.71814_-73.955251
40.718152_-73.9752254
40.7181638_-73.9979379
40.7181682_-73.9090125
40.7182099_-73.9907454
40.7182205_-73.9874602
40.718226_-73.943285
40.718269_-73.990716
40.718269_-74.007052
40.7182739_-74.0088803
40.7182743_-73.9892832
40.718274_-74.005323
40.7182754_-73.9476877
40.7182898_-73.9910021
40.7183028_-73.9825031
40.7183081_-73.9750795
40.718309_-74.001831
40.7183189_-73.9083455
40.718318_-74.003677
40.7183389_-73.9906819
40.7183472_-73.9749679
40.718348_-73.990974
40.718375_-73.964621
40.718378_-73.9882933
40.7183861_-73.9996593
40.7183875_-73.9873771
40.718388_-73.957131
40.718392_-73.904159
40.7183_-73.950065
40.7184013_-74.0070772
40.7184056_-73.946752
40.7184157_-73.9909397
40.718417_-73.96162
40.718417_-73.996771
40.7184269_-73.9881374
40.718433_-73.940439
40.71843_-74.000532
40.718445_-73.998753
40.718448_-73.940669
40.718455_-73.948416
40.7184578_-73.9948124
40.7184613_-73.9882501
40.718462_-73.952803
40.71847_-73.99774
40.7184979_-73.9883703
40.7185033_-73.9750452
40.7185203_-73.9477387
40.718521_-73.935287
40.71852_-73.912077
40.718555_-73.915167
40.718569_-73.947234
40.7185738_-73.9833981
40.718583_-73.991747
40.7185877_-73.9880604
40.7186193_-73.9881683
40.718627_-74.002538
40.7186362_-73.9890978
40.718636_-73.959009
40.718642_-74.008819
40.718653_-73.911211
40.7186556_-73.9882865
40.718662_-73.9463575
40.7186651_-73.9794129
40.7186659_-73.9749164
40.718669_-73.963492
40.7186777_-73.9750236
40.718679_-73.940492
40.7186839_-73.9635162
40.7186854_-73.9751215
40.7186884_-73.9889958
40.71868_-73.999423
40.718691_-73.996632
40.718692_-74.00933
40.718694_-73.954655
40.7187095_-73.9890603
40.7187236_-73.9635807
40.7187284_-73.9403038
40.7187289_-73.9881118
40.7187304_-73.9891297
40.7187534_-73.9795703
40.7187635_-73.9751052
40.718764_-73.974963
40.71876_-73.945318
40.718771_-73.9956863
40.7187761_-73.9637116
40.7187804_-73.9755358
40.718782_-73.945084
40.718791_-73.937258
40.7187944_-73.9652997
40.718794_-73.997559
40.718795_-73.906707
40.7180154_-73.9750366
40.718017_-73.999956
40.718026_-74.003046
40.7180342_-73.9875575
40.7180347_-73.9884714
40.718046_-73.90654
40.718066_-73.944966
40.71807_-73.964135
40.7180845_-73.952292
40.7180869_-73.9751224
40.71808_-73.959606
40.718092_-73.9641682
40.718102_-73.936949
40.7181127_-74.0104744
40.718115_-73.976879
40.7181209_-73.9865384
40.7181237_-73.9902319
40.718124_-74.014999
40.718133_-73.996936
40.7181398_-73.9083822
40.718145_-73.993828
40.7181462_-73.9959808
40.7181464_-73.9523028
40.71814_-73.955251
40.718152_-73.9752254
40.7181638_-73.9979379
40.7181682_-73.9090125
40.7182099_-73.9907454
40.7182205_-73.9874602
40.718226_-73.943285
40.718269_-73.990716
40.718269_-74.007052
40.7182739_-74.0088803
40.7182743_-73.9892832
40.718274_-74.005323
40.7182754_-73.9476877
40.7182898_-73.9910021
40.7183028_-73.9825031
40.7183081_-73.9750795
40.718309_-74.001831
40.7183189_-73.9083455
40.718318_-74.003677
40.7183389_-73.9906819
40.7183472_-73.9749679
40.718348_-73.990974
40.718375_-73.964621
40.718378_-73.9882933
40.7183861_-73.9996593
40.7183875_-73.9873771
40.718388_-73.957131
40.718392_-73.904159
40.7183_-73.950065
40.7184013_-74.0070772
40.7184056_-73.946752
40.7184157_-73.9909397
40.718417_-73.96162
40.718417_-73.996771
40.7184269_-73.9881374
40.718433_-73.940439
40.71843_-74.000532
40.718445_-73.998753
40.718448_-73.940669
40.718455_-73.948416
40.7184578_-73.9948124
40.7184613_-73.9882501
40.718462_-73.952803
40.71847_-73.99774
40.7184979_-73.9883703
40.7185033_-73.9750452
40.7185203_-73.9477387
40.718521_-73.935287
40.71852_-73.912077
40.718555_-73.915167
40.718569_-73.947234
40.7185738_-73.9833981
40.718583_-73.991747
40.7185877_-73.9880604
40.7186193_-73.9881683
40.718627_-74.002538
40.7186362_-73.9890978
40.718636_-73.959009
40.718642_-74.008819
40.718653_-73.911211
40.7186556_-73.9882865
40.718662_-73.9463575
40.7186651_-73.9794129
40.7186659_-73.9749164
40.718669_-73.963492
40.7186777_-73.9750236
40.718679_-73.940492
40.7186839_-73.9635162
40.7186854_-73.9751215
40.7186884_-73.9889958
40.71868_-73.999423
40.718691_-73.996632
40.718692_-74.00933
40.718694_-73.954655
40.7187095_-73.9890603
40.7187236_-73.9635807
40.7187284_-73.9403038
40.7187289_-73.9881118
40.7187304_-73.9891297
40.7187534_-73.9795703
40.7187635_-73.9751052
40.718764_-73.974963
40.71876_-73.945318
40.718771_-73.9956863
40.7187761_-73.9637116
40.7187804_-73.9755358
40.718782_-73.945084
40.718791_-73.937258
40.7187944_-73.9652997
40.718794_-73.997559
40.718795_-73.906707
("40.7180154_-73.9750366","40.718017_-73.999956","40.718026_-74.003046","40.7180342_-73.9875575","40.7180347_-73.9884714","40.718046_-73.90654","40.718066_-73.944966","40.71807_-73.964135","40.7180845_-73.952292","40.7180869_-73.9751224","40.71808_-73.959606","40.718092_-73.9641682","40.718102_-73.936949","40.7181127_-74.0104744","40.718115_-73.976879","40.7181209_-73.9865384","40.7181237_-73.9902319","40.718124_-74.014999","40.718133_-73.996936","40.7181398_-73.9083822","40.718145_-73.993828","40.7181462_-73.9959808","40.7181464_-73.9523028","40.71814_-73.955251","40.718152_-73.9752254","40.7181638_-73.9979379","40.7181682_-73.9090125","40.7182099_-73.9907454","40.7182205_-73.9874602","40.718226_-73.943285","40.718269_-73.990716","40.718269_-74.007052","40.7182739_-74.0088803","40.7182743_-73.9892832","40.718274_-74.005323","40.7182754_-73.9476877","40.7182898_-73.9910021","40.7183028_-73.9825031","40.7183081_-73.9750795","40.718309_-74.001831","40.7183189_-73.9083455","40.718318_-74.003677","40.7183389_-73.9906819","40.7183472_-73.9749679","40.718348_-73.990974","40.718375_-73.964621","40.718378_-73.9882933","40.7183861_-73.9996593","40.7183875_-73.9873771","40.718388_-73.957131","40.718392_-73.904159","40.7183_-73.950065","40.7184013_-74.0070772","40.7184056_-73.946752","40.7184157_-73.9909397","40.718417_-73.96162","40.718417_-73.996771","40.7184269_-73.9881374","40.718433_-73.940439","40.71843_-74.000532","40.718445_-73.998753","40.718448_-73.940669","40.718455_-73.948416","40.7184578_-73.9948124","40.7184613_-73.9882501","40.718462_-73.952803","40.71847_-73.99774","40.7184979_-73.9883703","40.7185033_-73.9750452","40.7185203_-73.9477387","40.718521_-73.935287","40.71852_-73.912077","40.718555_-73.915167","40.718569_-73.947234","40.7185738_-73.9833981","40.718583_-73.991747","40.7185877_-73.9880604","40.7186193_-73.9881683","40.718627_-74.002538","40.7186362_-73.9890978","40.718636_-73.959009","40.718642_-74.008819","40.718653_-73.911211","40.7186556_-73.9882865","40.718662_-73.9463575","40.7186651_-73.9794129","40.7186659_-73.9749164","40.718669_-73.963492","40.7186777_-73.9750236","40.718679_-73.940492","40.7186839_-73.9635162","40.7186854_-73.9751215","40.7186884_-73.9889958","40.71868_-73.999423","40.718691_-73.996632","40.718692_-74.00933","40.718694_-73.954655","40.7187095_-73.9890603","40.7187236_-73.9635807","40.7187284_-73.9403038","40.7187289_-73.9881118","40.7187304_-73.9891297","40.7187534_-73.9795703","40.7187635_-73.9751052","40.718764_-73.974963","40.71876_-73.945318","40.718771_-73.9956863","40.7187761_-73.9637116","40.7187804_-73.9755358","40.718782_-73.945084","40.718791_-73.937258","40.7187944_-73.9652997","40.718794_-73.997559","40.718795_-73.906707")
done
147.15user 788.42system 1:15:45elapsed 20%CPU (0avgtext+0avgdata 62620maxresident)k
773600inputs+30400outputs (15major+32120minor)pagefaults 0swaps
