40.7054232_-73.9503847
40.705429_-73.918092
40.7054384_-73.9668455
40.705439_-73.956337
40.705442_-73.947981
40.705447_-74.008007
40.70544_-73.912137
40.705452_-74.006006
40.7054698_-74.0179336
40.705471_-73.90973
40.705482_-73.928254
40.705483_-73.903772
40.7054885_-73.9227612
40.7054898_-74.0045719
40.7054909_-73.9394729
40.7054977_-73.9667081
40.705499_-73.965285
40.705503_-74.01335
40.705516_-73.938073
40.7055394_-74.003857
40.7055418_-74.0090528
40.705544_-73.953163
40.705547_-74.007949
40.705547_-74.0179645
40.7055514_-73.926215
40.7055581_-73.9266202
40.7055589_-74.0040458
40.7055907_-73.9591021
40.7055923_-74.0041825
40.7055962_-73.9154939
40.705604_-73.946265
40.705624_-74.006766
40.7056319_-74.0179852
40.705634_-73.965093
40.705636_-73.9260053
40.7056559_-74.0133445
40.705656_-73.9317
40.7056688_-73.9266349
40.705669_-73.9334
40.70567_-73.92141
40.7057089_-74.0179975
40.7057141_-73.9261317
40.705722_-73.907093
40.705722_-74.0068921
40.705731_-73.967951
40.7057364_-74.005417
40.705739_-73.944687
40.7057486_-73.926645
40.7057523_-73.9263157
40.7057838_-73.9260231
40.7057849_-74.0180041
40.705791_-74.005522
40.7057939_-74.0170123
40.705797_-74.009866
40.7057982_-74.003858
40.7058339_-73.9509944
40.7058612_-74.0147536
40.7058673_-74.0180041
40.705867_-73.918833
40.705868_-73.936234
40.7058713_-74.0132406
40.705879_-73.912878
40.705888_-73.942966
40.70588_-73.93031
40.705898_-73.960138
40.705899_-73.9510963
40.705908_-73.910471
40.7059143_-73.9235203
40.705914_-73.950289
40.7059196_-73.9719564
40.705923_-73.904514
40.7059341_-74.0179943
40.7059596_-74.003612
40.7059869_-74.0052181
40.7059925_-74.0088429
40.7059_-73.963098
40.706003_-73.956967
40.7060116_-73.9354769
40.7060176_-74.0088311
40.7060247_-74.0163182
40.7060478_-74.0052712
40.706049_-73.941282
40.706051_-74.007452
40.7060598_-73.9162556
40.7060685_-74.0179645
40.7060794_-74.0032304
40.706086_-74.0029901
40.706088_-74.0144148
40.706095_-73.933512
40.706109_-73.953794
40.7061157_-74.0177885
40.706124_-73.922136
40.706142_-74.006021
40.7061438_-73.9395865
40.7061626_-74.004942
40.70616_-73.907836
40.706173_-74.014137
40.706175_-74.01793
40.706181_-73.92845
40.7061894_-74.0162699
40.706203_-73.965672
40.706215_-73.957992
40.70621_-73.939598
40.706226_-74.0031639
40.706234_-74.014325
40.706265_-73.939037
40.706284_-73.96702
40.706294_-74.014232
40.706305_-73.919574
40.706316_-73.91362
40.7063372_-73.924271
40.7063422_-73.9519332
40.706346_-73.911212
40.7063532_-74.0178552
40.7054232_-73.9503847
40.705429_-73.918092
40.7054384_-73.9668455
40.705439_-73.956337
40.705442_-73.947981
40.705447_-74.008007
40.70544_-73.912137
40.705452_-74.006006
40.7054698_-74.0179336
40.705471_-73.90973
40.705482_-73.928254
40.705483_-73.903772
40.7054885_-73.9227612
40.7054898_-74.0045719
40.7054909_-73.9394729
40.7054977_-73.9667081
40.705499_-73.965285
40.705503_-74.01335
40.705516_-73.938073
40.7055394_-74.003857
40.7055418_-74.0090528
40.705544_-73.953163
40.705547_-74.007949
40.705547_-74.0179645
40.7055514_-73.926215
40.7055581_-73.9266202
40.7055589_-74.0040458
40.7055907_-73.9591021
40.7055923_-74.0041825
40.7055962_-73.9154939
40.705604_-73.946265
40.705624_-74.006766
40.7056319_-74.0179852
40.705634_-73.965093
40.705636_-73.9260053
40.7056559_-74.0133445
40.705656_-73.9317
40.7056688_-73.9266349
40.705669_-73.9334
40.70567_-73.92141
40.7057089_-74.0179975
40.7057141_-73.9261317
40.705722_-73.907093
40.705722_-74.0068921
40.705731_-73.967951
40.7057364_-74.005417
40.705739_-73.944687
40.7057486_-73.926645
40.7057523_-73.9263157
40.7057838_-73.9260231
40.7057849_-74.0180041
40.705791_-74.005522
40.7057939_-74.0170123
40.705797_-74.009866
40.7057982_-74.003858
40.7058339_-73.9509944
40.7058612_-74.0147536
40.7058673_-74.0180041
40.705867_-73.918833
40.705868_-73.936234
40.7058713_-74.0132406
40.705879_-73.912878
40.705888_-73.942966
40.70588_-73.93031
40.705898_-73.960138
40.705899_-73.9510963
40.705908_-73.910471
40.7059143_-73.9235203
40.705914_-73.950289
40.7059196_-73.9719564
40.705923_-73.904514
40.7059341_-74.0179943
40.7059596_-74.003612
40.7059869_-74.0052181
40.7059925_-74.0088429
40.7059_-73.963098
40.706003_-73.956967
40.7060116_-73.9354769
40.7060176_-74.0088311
40.7060247_-74.0163182
40.7060478_-74.0052712
40.706049_-73.941282
40.706051_-74.007452
40.7060598_-73.9162556
40.7060685_-74.0179645
40.7060794_-74.0032304
40.706086_-74.0029901
40.706088_-74.0144148
40.706095_-73.933512
40.706109_-73.953794
40.7061157_-74.0177885
40.706124_-73.922136
40.706142_-74.006021
40.7061438_-73.9395865
40.7061626_-74.004942
40.70616_-73.907836
40.706173_-74.014137
40.706175_-74.01793
40.706181_-73.92845
40.7061894_-74.0162699
40.706203_-73.965672
40.706215_-73.957992
40.70621_-73.939598
40.706226_-74.0031639
40.706234_-74.014325
40.706265_-73.939037
40.706284_-73.96702
40.706294_-74.014232
40.706305_-73.919574
40.706316_-73.91362
40.7063372_-73.924271
40.7063422_-73.9519332
40.706346_-73.911212
40.7063532_-74.0178552
("40.7054232_-73.9503847","40.705429_-73.918092","40.7054384_-73.9668455","40.705439_-73.956337","40.705442_-73.947981","40.705447_-74.008007","40.70544_-73.912137","40.705452_-74.006006","40.7054698_-74.0179336","40.705471_-73.90973","40.705482_-73.928254","40.705483_-73.903772","40.7054885_-73.9227612","40.7054898_-74.0045719","40.7054909_-73.9394729","40.7054977_-73.9667081","40.705499_-73.965285","40.705503_-74.01335","40.705516_-73.938073","40.7055394_-74.003857","40.7055418_-74.0090528","40.705544_-73.953163","40.705547_-74.007949","40.705547_-74.0179645","40.7055514_-73.926215","40.7055581_-73.9266202","40.7055589_-74.0040458","40.7055907_-73.9591021","40.7055923_-74.0041825","40.7055962_-73.9154939","40.705604_-73.946265","40.705624_-74.006766","40.7056319_-74.0179852","40.705634_-73.965093","40.705636_-73.9260053","40.7056559_-74.0133445","40.705656_-73.9317","40.7056688_-73.9266349","40.705669_-73.9334","40.70567_-73.92141","40.7057089_-74.0179975","40.7057141_-73.9261317","40.705722_-73.907093","40.705722_-74.0068921","40.705731_-73.967951","40.7057364_-74.005417","40.705739_-73.944687","40.7057486_-73.926645","40.7057523_-73.9263157","40.7057838_-73.9260231","40.7057849_-74.0180041","40.705791_-74.005522","40.7057939_-74.0170123","40.705797_-74.009866","40.7057982_-74.003858","40.7058339_-73.9509944","40.7058612_-74.0147536","40.7058673_-74.0180041","40.705867_-73.918833","40.705868_-73.936234","40.7058713_-74.0132406","40.705879_-73.912878","40.705888_-73.942966","40.70588_-73.93031","40.705898_-73.960138","40.705899_-73.9510963","40.705908_-73.910471","40.7059143_-73.9235203","40.705914_-73.950289","40.7059196_-73.9719564","40.705923_-73.904514","40.7059341_-74.0179943","40.7059596_-74.003612","40.7059869_-74.0052181","40.7059925_-74.0088429","40.7059_-73.963098","40.706003_-73.956967","40.7060116_-73.9354769","40.7060176_-74.0088311","40.7060247_-74.0163182","40.7060478_-74.0052712","40.706049_-73.941282","40.706051_-74.007452","40.7060598_-73.9162556","40.7060685_-74.0179645","40.7060794_-74.0032304","40.706086_-74.0029901","40.706088_-74.0144148","40.706095_-73.933512","40.706109_-73.953794","40.7061157_-74.0177885","40.706124_-73.922136","40.706142_-74.006021","40.7061438_-73.9395865","40.7061626_-74.004942","40.70616_-73.907836","40.706173_-74.014137","40.706175_-74.01793","40.706181_-73.92845","40.7061894_-74.0162699","40.706203_-73.965672","40.706215_-73.957992","40.70621_-73.939598","40.706226_-74.0031639","40.706234_-74.014325","40.706265_-73.939037","40.706284_-73.96702","40.706294_-74.014232","40.706305_-73.919574","40.706316_-73.91362","40.7063372_-73.924271","40.7063422_-73.9519332","40.706346_-73.911212","40.7063532_-74.0178552")
done
147.98user 811.44system 1:14:01elapsed 21%CPU (0avgtext+0avgdata 56308maxresident)k
954960inputs+6728outputs (10major+30138minor)pagefaults 0swaps
