40.7508134_-73.9685567
40.7508142_-73.9522595
40.7508173_-73.9408115
40.7508179_-73.968344
40.7508216_-73.9979681
40.750828_-74.001882
40.7508337_-73.9785767
40.7508342_-73.9408353
40.7508497_-73.99444
40.7508506_-73.9408715
40.750853_-73.907
40.75085_-73.9980392
40.7508634_-73.9786517
40.7508669_-73.9094983
40.7508772_-73.9408211
40.7508923_-73.9787187
40.7508942_-73.940643
40.7508947_-73.9414712
40.7508962_-73.9944062
40.7508988_-73.9981519
40.7509014_-73.9906869
40.7509034_-73.9806752
40.7509056_-73.9522193
40.7509078_-73.943271
40.7509343_-73.940163
40.7509431_-73.9069595
40.7509448_-73.9488657
40.7509504_-73.9905092
40.7509518_-73.9785721
40.750959_-73.982724
40.750979_-73.934743
40.7509828_-73.9402704
40.7509833_-73.9786564
40.7509872_-73.9983517
40.7509969_-73.9906194
40.7510037_-73.9367868
40.7510042_-73.9488024
40.7510062_-73.9682115
40.7510193_-73.9402247
40.7510199_-73.9094311
40.7510223_-73.9095643
40.7510281_-73.9403724
40.7510317_-73.9094763
40.751045_-73.919977
40.7510488_-73.936607
40.7510494_-73.9907438
40.7510507_-73.9464701
40.7510571_-73.9401865
40.7510618_-73.9487379
40.7510644_-73.9980272
40.7510783_-73.9314824
40.7510786_-73.9980929
40.7510799_-74.0024878
40.751086_-73.907888
40.751088_-73.9868238
40.7510918_-73.9981452
40.751092_-73.919972
40.751097_-73.990546
40.7511071_-73.9981961
40.7511138_-73.9451886
40.751122_-73.971263
40.7511243_-73.9982565
40.7511266_-73.9366576
40.7511436_-73.9983088
40.7511535_-73.9520074
40.7511593_-73.9508473
40.751171_-73.915196
40.751173_-73.919979
40.751214_-73.906838
40.751237_-73.919999
40.7512566_-73.9422771
40.7512962_-74.001079
40.7512983_-73.9429362
40.7513101_-73.9419581
40.751314_-73.9680053
40.7513253_-73.9782153
40.75132_-73.920046
40.7513332_-73.9410644
40.7513387_-73.9991362
40.7513515_-73.97828
40.7513585_-73.9698674
40.7513613_-73.941921
40.751367_-73.931637
40.7513683_-73.9679689
40.751368_-73.920087
40.7513851_-73.9410171
40.7513852_-73.9518102
40.7513932_-74.0051843
40.7514088_-73.9993857
40.7514116_-73.9680706
40.751411_-73.937562
40.7514189_-73.9780444
40.7514253_-73.941878
40.7514268_-73.9975414
40.7514288_-73.9876368
40.7514319_-73.9092522
40.7514325_-73.9681197
40.7514338_-73.9679256
40.751433_-73.920164
40.751436_-73.947239
40.751439_-73.915141
40.751441_-73.973959
40.751445_-74.00143
40.7514474_-73.9993589
40.7514557_-73.9760254
40.751456_-73.949467
40.751458_-73.907721
40.751459_-73.9976239
40.7514766_-73.9517298
40.7514809_-73.9994299
40.7514973_-73.9097784
40.7515002_-73.997716
40.7515023_-73.9994742
40.7515124_-73.9782649
40.7508134_-73.9685567
40.7508142_-73.9522595
40.7508173_-73.9408115
40.7508179_-73.968344
40.7508216_-73.9979681
40.750828_-74.001882
40.7508337_-73.9785767
40.7508342_-73.9408353
40.7508497_-73.99444
40.7508506_-73.9408715
40.750853_-73.907
40.75085_-73.9980392
40.7508634_-73.9786517
40.7508669_-73.9094983
40.7508772_-73.9408211
40.7508923_-73.9787187
40.7508942_-73.940643
40.7508947_-73.9414712
40.7508962_-73.9944062
40.7508988_-73.9981519
40.7509014_-73.9906869
40.7509034_-73.9806752
40.7509056_-73.9522193
40.7509078_-73.943271
40.7509343_-73.940163
40.7509431_-73.9069595
40.7509448_-73.9488657
40.7509504_-73.9905092
40.7509518_-73.9785721
40.750959_-73.982724
40.750979_-73.934743
40.7509828_-73.9402704
40.7509833_-73.9786564
40.7509872_-73.9983517
40.7509969_-73.9906194
40.7510037_-73.9367868
40.7510042_-73.9488024
40.7510062_-73.9682115
40.7510193_-73.9402247
40.7510199_-73.9094311
40.7510223_-73.9095643
40.7510281_-73.9403724
40.7510317_-73.9094763
40.751045_-73.919977
40.7510488_-73.936607
40.7510494_-73.9907438
40.7510507_-73.9464701
40.7510571_-73.9401865
40.7510618_-73.9487379
40.7510644_-73.9980272
40.7510783_-73.9314824
40.7510786_-73.9980929
40.7510799_-74.0024878
40.751086_-73.907888
40.751088_-73.9868238
40.7510918_-73.9981452
40.751092_-73.919972
40.751097_-73.990546
40.7511071_-73.9981961
40.7511138_-73.9451886
40.751122_-73.971263
40.7511243_-73.9982565
40.7511266_-73.9366576
40.7511436_-73.9983088
40.7511535_-73.9520074
40.7511593_-73.9508473
40.751171_-73.915196
40.751173_-73.919979
40.751214_-73.906838
40.751237_-73.919999
40.7512566_-73.9422771
40.7512962_-74.001079
40.7512983_-73.9429362
40.7513101_-73.9419581
40.751314_-73.9680053
40.7513253_-73.9782153
40.75132_-73.920046
40.7513332_-73.9410644
40.7513387_-73.9991362
40.7513515_-73.97828
40.7513585_-73.9698674
40.7513613_-73.941921
40.751367_-73.931637
40.7513683_-73.9679689
40.751368_-73.920087
40.7513851_-73.9410171
40.7513852_-73.9518102
40.7513932_-74.0051843
40.7514088_-73.9993857
40.7514116_-73.9680706
40.751411_-73.937562
40.7514189_-73.9780444
40.7514253_-73.941878
40.7514268_-73.9975414
40.7514288_-73.9876368
40.7514319_-73.9092522
40.7514325_-73.9681197
40.7514338_-73.9679256
40.751433_-73.920164
40.751436_-73.947239
40.751439_-73.915141
40.751441_-73.973959
40.751445_-74.00143
40.7514474_-73.9993589
40.7514557_-73.9760254
40.751456_-73.949467
40.751458_-73.907721
40.751459_-73.9976239
40.7514766_-73.9517298
40.7514809_-73.9994299
40.7514973_-73.9097784
40.7515002_-73.997716
40.7515023_-73.9994742
40.7515124_-73.9782649
("40.7508134_-73.9685567","40.7508142_-73.9522595","40.7508173_-73.9408115","40.7508179_-73.968344","40.7508216_-73.9979681","40.750828_-74.001882","40.7508337_-73.9785767","40.7508342_-73.9408353","40.7508497_-73.99444","40.7508506_-73.9408715","40.750853_-73.907","40.75085_-73.9980392","40.7508634_-73.9786517","40.7508669_-73.9094983","40.7508772_-73.9408211","40.7508923_-73.9787187","40.7508942_-73.940643","40.7508947_-73.9414712","40.7508962_-73.9944062","40.7508988_-73.9981519","40.7509014_-73.9906869","40.7509034_-73.9806752","40.7509056_-73.9522193","40.7509078_-73.943271","40.7509343_-73.940163","40.7509431_-73.9069595","40.7509448_-73.9488657","40.7509504_-73.9905092","40.7509518_-73.9785721","40.750959_-73.982724","40.750979_-73.934743","40.7509828_-73.9402704","40.7509833_-73.9786564","40.7509872_-73.9983517","40.7509969_-73.9906194","40.7510037_-73.9367868","40.7510042_-73.9488024","40.7510062_-73.9682115","40.7510193_-73.9402247","40.7510199_-73.9094311","40.7510223_-73.9095643","40.7510281_-73.9403724","40.7510317_-73.9094763","40.751045_-73.919977","40.7510488_-73.936607","40.7510494_-73.9907438","40.7510507_-73.9464701","40.7510571_-73.9401865","40.7510618_-73.9487379","40.7510644_-73.9980272","40.7510783_-73.9314824","40.7510786_-73.9980929","40.7510799_-74.0024878","40.751086_-73.907888","40.751088_-73.9868238","40.7510918_-73.9981452","40.751092_-73.919972","40.751097_-73.990546","40.7511071_-73.9981961","40.7511138_-73.9451886","40.751122_-73.971263","40.7511243_-73.9982565","40.7511266_-73.9366576","40.7511436_-73.9983088","40.7511535_-73.9520074","40.7511593_-73.9508473","40.751171_-73.915196","40.751173_-73.919979","40.751214_-73.906838","40.751237_-73.919999","40.7512566_-73.9422771","40.7512962_-74.001079","40.7512983_-73.9429362","40.7513101_-73.9419581","40.751314_-73.9680053","40.7513253_-73.9782153","40.75132_-73.920046","40.7513332_-73.9410644","40.7513387_-73.9991362","40.7513515_-73.97828","40.7513585_-73.9698674","40.7513613_-73.941921","40.751367_-73.931637","40.7513683_-73.9679689","40.751368_-73.920087","40.7513851_-73.9410171","40.7513852_-73.9518102","40.7513932_-74.0051843","40.7514088_-73.9993857","40.7514116_-73.9680706","40.751411_-73.937562","40.7514189_-73.9780444","40.7514253_-73.941878","40.7514268_-73.9975414","40.7514288_-73.9876368","40.7514319_-73.9092522","40.7514325_-73.9681197","40.7514338_-73.9679256","40.751433_-73.920164","40.751436_-73.947239","40.751439_-73.915141","40.751441_-73.973959","40.751445_-74.00143","40.7514474_-73.9993589","40.7514557_-73.9760254","40.751456_-73.949467","40.751458_-73.907721","40.751459_-73.9976239","40.7514766_-73.9517298","40.7514809_-73.9994299","40.7514973_-73.9097784","40.7515002_-73.997716","40.7515023_-73.9994742","40.7515124_-73.9782649")
done
149.99user 818.42system 1:15:30elapsed 21%CPU (0avgtext+0avgdata 98640maxresident)k
1442496inputs+176400outputs (115major+51437minor)pagefaults 0swaps
