40.7535604_-73.9232753
40.7535754_-73.9134546
40.7535789_-73.9476435
40.7535967_-73.9040284
40.753602_-73.9758933
40.7536077_-73.9039234
40.753607_-73.987089
40.753609_-73.9190614
40.7536111_-73.923384
40.7536197_-73.9038097
40.753624_-73.969431
40.753625_-74.0035849
40.7536306_-73.9144469
40.7536326_-73.9049416
40.7536363_-73.9288486
40.753641_-73.977281
40.7536461_-73.9076625
40.7536483_-73.9145472
40.7536517_-73.9234709
40.7536599_-73.9475836
40.753661_-73.9287219
40.7536691_-73.9583985
40.7536709_-73.9146901
40.7536738_-73.9758506
40.7536766_-73.9187589
40.7536837_-73.9233249
40.7536895_-73.9813827
40.7536975_-73.9030696
40.7537021_-73.9287951
40.7537109_-73.9497869
40.753717_-73.977432
40.7537181_-73.9067873
40.753722_-73.9320748
40.7537234_-73.9191009
40.753729_-73.9319138
40.753731_-73.9039807
40.7537324_-73.9758195
40.7537364_-73.9110922
40.753738_-73.9288591
40.7537428_-74.0069523
40.7537436_-73.9094531
40.7537508_-73.9144391
40.7537726_-73.9758033
40.7537755_-73.963181
40.7537763_-73.9287348
40.7537772_-74.0070352
40.753781_-73.9630246
40.7537832_-73.9146701
40.753787_-73.932022
40.7537919_-73.9188002
40.7538005_-73.9756683
40.7538022_-73.9154676
40.7538049_-73.9757998
40.75381_-73.9181275
40.7538238_-73.903043
40.7538312_-73.975801
40.7538341_-74.0072598
40.7538521_-73.9321451
40.7538592_-73.9319633
40.753864_-73.9485145
40.7538761_-73.9175126
40.753878_-73.966157
40.753888_-73.9758033
40.7538933_-73.9165077
40.753898_-73.93871
40.7538_-73.96402
40.7539055_-73.9170257
40.753907_-73.9153861
40.7539092_-73.9242121
40.7539186_-73.9996344
40.7539334_-73.9721476
40.7539352_-73.948456
40.753935_-73.964347
40.7539404_-73.9240893
40.7539424_-73.9760126
40.7539432_-73.9352454
40.7539439_-73.9561559
40.7539445_-73.997618
40.7539454_-73.9083015
40.7539481_-73.9197725
40.7539606_-73.9758137
40.7539663_-73.9112188
40.7539733_-73.9241599
40.7539774_-73.9485672
40.7539869_-73.9758241
40.7539922_-73.9196479
40.7539937_-73.9741902
40.7539987_-73.9175239
40.753998_-73.94243
40.7540027_-73.9120118
40.7540092_-73.9242368
40.7540108_-73.9580666
40.7540119_-73.9483933
40.7540122_-73.9758391
40.7540141_-73.9486684
40.7540155_-73.9957182
40.7540234_-73.9197113
40.7540324_-73.9758645
40.7540349_-73.9241098
40.7540454_-73.9487796
40.7540464_-73.9758968
40.7540575_-73.9130651
40.7540607_-73.9627911
40.7540617_-73.9197933
40.7540657_-73.9485512
40.7540663_-73.9296058
40.7540684_-73.995845
40.7540688_-73.9152603
40.7540713_-73.9488908
40.754077_-73.9759753
40.7540788_-73.9294663
40.7540862_-73.9572184
40.7540875_-73.9759984
40.75408_-73.9091832
40.7535604_-73.9232753
40.7535754_-73.9134546
40.7535789_-73.9476435
40.7535967_-73.9040284
40.753602_-73.9758933
40.7536077_-73.9039234
40.753607_-73.987089
40.753609_-73.9190614
40.7536111_-73.923384
40.7536197_-73.9038097
40.753624_-73.969431
40.753625_-74.0035849
40.7536306_-73.9144469
40.7536326_-73.9049416
40.7536363_-73.9288486
40.753641_-73.977281
40.7536461_-73.9076625
40.7536483_-73.9145472
40.7536517_-73.9234709
40.7536599_-73.9475836
40.753661_-73.9287219
40.7536691_-73.9583985
40.7536709_-73.9146901
40.7536738_-73.9758506
40.7536766_-73.9187589
40.7536837_-73.9233249
40.7536895_-73.9813827
40.7536975_-73.9030696
40.7537021_-73.9287951
40.7537109_-73.9497869
40.753717_-73.977432
40.7537181_-73.9067873
40.753722_-73.9320748
40.7537234_-73.9191009
40.753729_-73.9319138
40.753731_-73.9039807
40.7537324_-73.9758195
40.7537364_-73.9110922
40.753738_-73.9288591
40.7537428_-74.0069523
40.7537436_-73.9094531
40.7537508_-73.9144391
40.7537726_-73.9758033
40.7537755_-73.963181
40.7537763_-73.9287348
40.7537772_-74.0070352
40.753781_-73.9630246
40.7537832_-73.9146701
40.753787_-73.932022
40.7537919_-73.9188002
40.7538005_-73.9756683
40.7538022_-73.9154676
40.7538049_-73.9757998
40.75381_-73.9181275
40.7538238_-73.903043
40.7538312_-73.975801
40.7538341_-74.0072598
40.7538521_-73.9321451
40.7538592_-73.9319633
40.753864_-73.9485145
40.7538761_-73.9175126
40.753878_-73.966157
40.753888_-73.9758033
40.7538933_-73.9165077
40.753898_-73.93871
40.7538_-73.96402
40.7539055_-73.9170257
40.753907_-73.9153861
40.7539092_-73.9242121
40.7539186_-73.9996344
40.7539334_-73.9721476
40.7539352_-73.948456
40.753935_-73.964347
40.7539404_-73.9240893
40.7539424_-73.9760126
40.7539432_-73.9352454
40.7539439_-73.9561559
40.7539445_-73.997618
40.7539454_-73.9083015
40.7539481_-73.9197725
40.7539606_-73.9758137
40.7539663_-73.9112188
40.7539733_-73.9241599
40.7539774_-73.9485672
40.7539869_-73.9758241
40.7539922_-73.9196479
40.7539937_-73.9741902
40.7539987_-73.9175239
40.753998_-73.94243
40.7540027_-73.9120118
40.7540092_-73.9242368
40.7540108_-73.9580666
40.7540119_-73.9483933
40.7540122_-73.9758391
40.7540141_-73.9486684
40.7540155_-73.9957182
40.7540234_-73.9197113
40.7540324_-73.9758645
40.7540349_-73.9241098
40.7540454_-73.9487796
40.7540464_-73.9758968
40.7540575_-73.9130651
40.7540607_-73.9627911
40.7540617_-73.9197933
40.7540657_-73.9485512
40.7540663_-73.9296058
40.7540684_-73.995845
40.7540688_-73.9152603
40.7540713_-73.9488908
40.754077_-73.9759753
40.7540788_-73.9294663
40.7540862_-73.9572184
40.7540875_-73.9759984
40.75408_-73.9091832
("40.7535604_-73.9232753","40.7535754_-73.9134546","40.7535789_-73.9476435","40.7535967_-73.9040284","40.753602_-73.9758933","40.7536077_-73.9039234","40.753607_-73.987089","40.753609_-73.9190614","40.7536111_-73.923384","40.7536197_-73.9038097","40.753624_-73.969431","40.753625_-74.0035849","40.7536306_-73.9144469","40.7536326_-73.9049416","40.7536363_-73.9288486","40.753641_-73.977281","40.7536461_-73.9076625","40.7536483_-73.9145472","40.7536517_-73.9234709","40.7536599_-73.9475836","40.753661_-73.9287219","40.7536691_-73.9583985","40.7536709_-73.9146901","40.7536738_-73.9758506","40.7536766_-73.9187589","40.7536837_-73.9233249","40.7536895_-73.9813827","40.7536975_-73.9030696","40.7537021_-73.9287951","40.7537109_-73.9497869","40.753717_-73.977432","40.7537181_-73.9067873","40.753722_-73.9320748","40.7537234_-73.9191009","40.753729_-73.9319138","40.753731_-73.9039807","40.7537324_-73.9758195","40.7537364_-73.9110922","40.753738_-73.9288591","40.7537428_-74.0069523","40.7537436_-73.9094531","40.7537508_-73.9144391","40.7537726_-73.9758033","40.7537755_-73.963181","40.7537763_-73.9287348","40.7537772_-74.0070352","40.753781_-73.9630246","40.7537832_-73.9146701","40.753787_-73.932022","40.7537919_-73.9188002","40.7538005_-73.9756683","40.7538022_-73.9154676","40.7538049_-73.9757998","40.75381_-73.9181275","40.7538238_-73.903043","40.7538312_-73.975801","40.7538341_-74.0072598","40.7538521_-73.9321451","40.7538592_-73.9319633","40.753864_-73.9485145","40.7538761_-73.9175126","40.753878_-73.966157","40.753888_-73.9758033","40.7538933_-73.9165077","40.753898_-73.93871","40.7538_-73.96402","40.7539055_-73.9170257","40.753907_-73.9153861","40.7539092_-73.9242121","40.7539186_-73.9996344","40.7539334_-73.9721476","40.7539352_-73.948456","40.753935_-73.964347","40.7539404_-73.9240893","40.7539424_-73.9760126","40.7539432_-73.9352454","40.7539439_-73.9561559","40.7539445_-73.997618","40.7539454_-73.9083015","40.7539481_-73.9197725","40.7539606_-73.9758137","40.7539663_-73.9112188","40.7539733_-73.9241599","40.7539774_-73.9485672","40.7539869_-73.9758241","40.7539922_-73.9196479","40.7539937_-73.9741902","40.7539987_-73.9175239","40.753998_-73.94243","40.7540027_-73.9120118","40.7540092_-73.9242368","40.7540108_-73.9580666","40.7540119_-73.9483933","40.7540122_-73.9758391","40.7540141_-73.9486684","40.7540155_-73.9957182","40.7540234_-73.9197113","40.7540324_-73.9758645","40.7540349_-73.9241098","40.7540454_-73.9487796","40.7540464_-73.9758968","40.7540575_-73.9130651","40.7540607_-73.9627911","40.7540617_-73.9197933","40.7540657_-73.9485512","40.7540663_-73.9296058","40.7540684_-73.995845","40.7540688_-73.9152603","40.7540713_-73.9488908","40.754077_-73.9759753","40.7540788_-73.9294663","40.7540862_-73.9572184","40.7540875_-73.9759984","40.75408_-73.9091832")
done
144.14user 809.34system 1:11:43elapsed 22%CPU (0avgtext+0avgdata 64976maxresident)k
924064inputs+37960outputs (20major+34064minor)pagefaults 0swaps
