40.7377619_-73.9900419
40.7377634_-73.9530531
40.7377636_-73.9335881
40.7377813_-73.9370454
40.7377876_-73.9747078
40.737787_-73.922619
40.7377881_-73.9745688
40.7377908_-73.9809727
40.737796_-73.990123
40.737809_-73.929237
40.7378129_-73.9556743
40.7378189_-73.9748552
40.7378197_-73.974449
40.7378269_-73.9357039
40.7378295_-73.934975
40.737833_-73.90827
40.7378405_-73.9739174
40.7378405_-73.9808145
40.7378437_-73.9529163
40.7378567_-73.9369181
40.7378614_-73.9375741
40.7378614_-74.0001742
40.7378666_-73.9741461
40.7378742_-73.9336911
40.7378745_-73.9360735
40.7378754_-73.9743389
40.737875_-73.930688
40.7378779_-73.9083242
40.7378788_-73.9555736
40.7378801_-73.9809087
40.7378839_-73.9736879
40.7378902_-73.9377234
40.7378911_-73.9327457
40.7378924_-73.9530558
40.737895_-73.923546
40.7379109_-73.9532606
40.737913_-73.9849697
40.737917_-73.992225
40.7379298_-73.9554956
40.73793_-73.908555
40.737941_-73.986835
40.7379447_-73.9789787
40.7379529_-73.9742439
40.7379645_-73.9556039
40.7379854_-73.9381923
40.7379913_-73.9808273
40.7379926_-73.9553601
40.7379945_-73.9752329
40.738001_-73.924472
40.7380092_-73.9036909
40.7380214_-73.9553026
40.7380295_-73.9367141
40.7380317_-73.955207
40.7380353_-73.9735802
40.7380363_-73.9741844
40.7380367_-73.9530424
40.738044_-73.996337
40.7380652_-73.9375237
40.738068_-73.953228
40.7380696_-73.9528203
40.7380758_-73.9337855
40.73807_-73.931102
40.7380819_-73.9046098
40.7380862_-73.9386895
40.738111_-73.925399
40.738134_-74.004175
40.738139_-74.003874
40.738139_-74.005591
40.738139_-74.00647
40.73813_-74.002033
40.738142_-74.008154
40.7381454_-74.0095774
40.738154_-73.940602
40.7381566_-73.9528775
40.7381576_-74.0096154
40.7381645_-73.9794854
40.7381652_-73.9836326
40.7381661_-73.9376668
40.7381677_-73.9380129
40.7381729_-73.9530169
40.738172_-73.977603
40.738182_-74.0096495
40.7381832_-73.9385838
40.738185_-73.974138
40.7382059_-73.9282261
40.7382147_-73.9777056
40.738216_-73.9033994
40.7382184_-73.9531707
40.7382196_-73.9856769
40.7382209_-74.0096665
40.7382263_-73.9866381
40.738226_-73.952843
40.73822_-73.926327
40.7382488_-73.9392367
40.7382938_-73.9528372
40.7383012_-73.9385587
40.738306_-73.952974
40.738317_-73.987726
40.738318_-73.931646
40.738332_-73.933921
40.73834_-73.92729
40.738358_-73.9737798
40.7383763_-73.9736568
40.7383796_-73.9386273
40.7383879_-73.9276916
40.738395_-74.003861
40.7384216_-73.9389723
40.7384235_-73.9036799
40.7384302_-73.9734905
40.7384419_-73.9397999
40.7384627_-73.9732759
40.738471_-73.931974
40.738488_-73.989952
40.7385046_-73.9803081
40.7377619_-73.9900419
40.7377634_-73.9530531
40.7377636_-73.9335881
40.7377813_-73.9370454
40.7377876_-73.9747078
40.737787_-73.922619
40.7377881_-73.9745688
40.7377908_-73.9809727
40.737796_-73.990123
40.737809_-73.929237
40.7378129_-73.9556743
40.7378189_-73.9748552
40.7378197_-73.974449
40.7378269_-73.9357039
40.7378295_-73.934975
40.737833_-73.90827
40.7378405_-73.9739174
40.7378405_-73.9808145
40.7378437_-73.9529163
40.7378567_-73.9369181
40.7378614_-73.9375741
40.7378614_-74.0001742
40.7378666_-73.9741461
40.7378742_-73.9336911
40.7378745_-73.9360735
40.7378754_-73.9743389
40.737875_-73.930688
40.7378779_-73.9083242
40.7378788_-73.9555736
40.7378801_-73.9809087
40.7378839_-73.9736879
40.7378902_-73.9377234
40.7378911_-73.9327457
40.7378924_-73.9530558
40.737895_-73.923546
40.7379109_-73.9532606
40.737913_-73.9849697
40.737917_-73.992225
40.7379298_-73.9554956
40.73793_-73.908555
40.737941_-73.986835
40.7379447_-73.9789787
40.7379529_-73.9742439
40.7379645_-73.9556039
40.7379854_-73.9381923
40.7379913_-73.9808273
40.7379926_-73.9553601
40.7379945_-73.9752329
40.738001_-73.924472
40.7380092_-73.9036909
40.7380214_-73.9553026
40.7380295_-73.9367141
40.7380317_-73.955207
40.7380353_-73.9735802
40.7380363_-73.9741844
40.7380367_-73.9530424
40.738044_-73.996337
40.7380652_-73.9375237
40.738068_-73.953228
40.7380696_-73.9528203
40.7380758_-73.9337855
40.73807_-73.931102
40.7380819_-73.9046098
40.7380862_-73.9386895
40.738111_-73.925399
40.738134_-74.004175
40.738139_-74.003874
40.738139_-74.005591
40.738139_-74.00647
40.73813_-74.002033
40.738142_-74.008154
40.7381454_-74.0095774
40.738154_-73.940602
40.7381566_-73.9528775
40.7381576_-74.0096154
40.7381645_-73.9794854
40.7381652_-73.9836326
40.7381661_-73.9376668
40.7381677_-73.9380129
40.7381729_-73.9530169
40.738172_-73.977603
40.738182_-74.0096495
40.7381832_-73.9385838
40.738185_-73.974138
40.7382059_-73.9282261
40.7382147_-73.9777056
40.738216_-73.9033994
40.7382184_-73.9531707
40.7382196_-73.9856769
40.7382209_-74.0096665
40.7382263_-73.9866381
40.738226_-73.952843
40.73822_-73.926327
40.7382488_-73.9392367
40.7382938_-73.9528372
40.7383012_-73.9385587
40.738306_-73.952974
40.738317_-73.987726
40.738318_-73.931646
40.738332_-73.933921
40.73834_-73.92729
40.738358_-73.9737798
40.7383763_-73.9736568
40.7383796_-73.9386273
40.7383879_-73.9276916
40.738395_-74.003861
40.7384216_-73.9389723
40.7384235_-73.9036799
40.7384302_-73.9734905
40.7384419_-73.9397999
40.7384627_-73.9732759
40.738471_-73.931974
40.738488_-73.989952
40.7385046_-73.9803081
("40.7377619_-73.9900419","40.7377634_-73.9530531","40.7377636_-73.9335881","40.7377813_-73.9370454","40.7377876_-73.9747078","40.737787_-73.922619","40.7377881_-73.9745688","40.7377908_-73.9809727","40.737796_-73.990123","40.737809_-73.929237","40.7378129_-73.9556743","40.7378189_-73.9748552","40.7378197_-73.974449","40.7378269_-73.9357039","40.7378295_-73.934975","40.737833_-73.90827","40.7378405_-73.9739174","40.7378405_-73.9808145","40.7378437_-73.9529163","40.7378567_-73.9369181","40.7378614_-73.9375741","40.7378614_-74.0001742","40.7378666_-73.9741461","40.7378742_-73.9336911","40.7378745_-73.9360735","40.7378754_-73.9743389","40.737875_-73.930688","40.7378779_-73.9083242","40.7378788_-73.9555736","40.7378801_-73.9809087","40.7378839_-73.9736879","40.7378902_-73.9377234","40.7378911_-73.9327457","40.7378924_-73.9530558","40.737895_-73.923546","40.7379109_-73.9532606","40.737913_-73.9849697","40.737917_-73.992225","40.7379298_-73.9554956","40.73793_-73.908555","40.737941_-73.986835","40.7379447_-73.9789787","40.7379529_-73.9742439","40.7379645_-73.9556039","40.7379854_-73.9381923","40.7379913_-73.9808273","40.7379926_-73.9553601","40.7379945_-73.9752329","40.738001_-73.924472","40.7380092_-73.9036909","40.7380214_-73.9553026","40.7380295_-73.9367141","40.7380317_-73.955207","40.7380353_-73.9735802","40.7380363_-73.9741844","40.7380367_-73.9530424","40.738044_-73.996337","40.7380652_-73.9375237","40.738068_-73.953228","40.7380696_-73.9528203","40.7380758_-73.9337855","40.73807_-73.931102","40.7380819_-73.9046098","40.7380862_-73.9386895","40.738111_-73.925399","40.738134_-74.004175","40.738139_-74.003874","40.738139_-74.005591","40.738139_-74.00647","40.73813_-74.002033","40.738142_-74.008154","40.7381454_-74.0095774","40.738154_-73.940602","40.7381566_-73.9528775","40.7381576_-74.0096154","40.7381645_-73.9794854","40.7381652_-73.9836326","40.7381661_-73.9376668","40.7381677_-73.9380129","40.7381729_-73.9530169","40.738172_-73.977603","40.738182_-74.0096495","40.7381832_-73.9385838","40.738185_-73.974138","40.7382059_-73.9282261","40.7382147_-73.9777056","40.738216_-73.9033994","40.7382184_-73.9531707","40.7382196_-73.9856769","40.7382209_-74.0096665","40.7382263_-73.9866381","40.738226_-73.952843","40.73822_-73.926327","40.7382488_-73.9392367","40.7382938_-73.9528372","40.7383012_-73.9385587","40.738306_-73.952974","40.738317_-73.987726","40.738318_-73.931646","40.738332_-73.933921","40.73834_-73.92729","40.738358_-73.9737798","40.7383763_-73.9736568","40.7383796_-73.9386273","40.7383879_-73.9276916","40.738395_-74.003861","40.7384216_-73.9389723","40.7384235_-73.9036799","40.7384302_-73.9734905","40.7384419_-73.9397999","40.7384627_-73.9732759","40.738471_-73.931974","40.738488_-73.989952","40.7385046_-73.9803081")
done
149.19user 812.17system 1:14:10elapsed 21%CPU (0avgtext+0avgdata 70812maxresident)k
813176inputs+64472outputs (30major+36297minor)pagefaults 0swaps
