40.8398955_-73.9213835
40.8398976_-73.9388015
40.8398983_-73.9133871
40.8399065_-73.9455387
40.839916_-73.90559
40.8399295_-73.9407749
40.839936_-73.909164
40.8399375_-73.9212257
40.839943_-73.9463745
40.8399639_-73.9350425
40.83997_-73.974159
40.8399821_-73.928642
40.8399878_-74.0164646
40.8399924_-73.9213927
40.8400676_-73.9212933
40.84008_-73.9214234
40.840104_-73.924782
40.8401091_-73.945717
40.840109_-73.992924
40.840125_-73.92596
40.840157_-73.976036
40.8401581_-73.9453456
40.8401746_-73.9214716
40.8401749_-73.9285669
40.8401762_-73.9213415
40.840176_-73.925268
40.840179_-73.926459
40.840193_-73.943066
40.840197_-73.910094
40.840225_-73.917683
40.8402585_-73.9396778
40.840263_-73.9212226
40.8402794_-73.9210728
40.840281_-73.927396
40.8402863_-73.921411
40.840292_-73.914351
40.8402976_-73.9215492
40.8403001_-73.9462887
40.8403034_-73.9326443
40.8403119_-73.9217319
40.8403266_-73.9220917
40.8403513_-73.9222635
40.8403629_-73.9214595
40.840362_-73.918062
40.8403733_-73.9353925
40.8403839_-73.9208555
40.8403967_-73.9401908
40.8404162_-73.9303258
40.840426_-73.922387
40.840443_-73.969815
40.8404453_-73.9352897
40.8404491_-73.9216448
40.8404789_-73.9364566
40.8404815_-73.9213137
40.8404878_-73.9403486
40.840487_-73.938364
40.8404972_-73.9215444
40.8405432_-73.9052344
40.8405523_-73.9284086
40.8405788_-73.9400596
40.8405883_-73.9946891
40.8406023_-73.9204364
40.840603_-73.911515
40.840633_-73.915177
40.840641_-73.984468
40.8406476_-73.9353921
40.840648_-73.919011
40.8406773_-73.9402039
40.8406834_-73.9440176
40.8406863_-73.944755
40.84068_-73.9320606
40.8407273_-73.9441028
40.840735_-73.993682
40.8407569_-73.9218365
40.840766_-73.917299
40.8407687_-73.9354231
40.840774_-73.996314
40.840788_-73.923196
40.840821_-73.935534
40.8408423_-73.9446132
40.8408655_-73.9217791
40.8408678_-73.9355977
40.8408687_-73.9395162
40.840876_-73.919783
40.8408847_-73.9445514
40.8408925_-74.0029739
40.8408932_-73.9444186
40.840908_-73.994235
40.8409115_-73.9282557
40.84095_-73.9394804
40.8409754_-73.9457651
40.8409765_-73.9696059
40.840976_-73.916009
40.8409816_-73.9128751
40.84098_-73.974341
40.8409942_-73.9219828
40.841006_-73.995629
40.8410137_-73.935927
40.8410169_-73.912995
40.8410327_-73.9394362
40.8410394_-73.9447121
40.841045_-73.979067
40.8410495_-73.9355522
40.841051_-73.985192
40.8410581_-73.9397145
40.8410633_-73.9360297
40.8410769_-73.9397546
40.841081_-73.9220363
40.841084_-73.9219157
40.841087_-73.937929
40.8411266_-73.9398609
40.841132_-73.923995
40.8411541_-73.9321379
40.841178_-73.988489
40.8398955_-73.9213835
40.8398976_-73.9388015
40.8398983_-73.9133871
40.8399065_-73.9455387
40.839916_-73.90559
40.8399295_-73.9407749
40.839936_-73.909164
40.8399375_-73.9212257
40.839943_-73.9463745
40.8399639_-73.9350425
40.83997_-73.974159
40.8399821_-73.928642
40.8399878_-74.0164646
40.8399924_-73.9213927
40.8400676_-73.9212933
40.84008_-73.9214234
40.840104_-73.924782
40.8401091_-73.945717
40.840109_-73.992924
40.840125_-73.92596
40.840157_-73.976036
40.8401581_-73.9453456
40.8401746_-73.9214716
40.8401749_-73.9285669
40.8401762_-73.9213415
40.840176_-73.925268
40.840179_-73.926459
40.840193_-73.943066
40.840197_-73.910094
40.840225_-73.917683
40.8402585_-73.9396778
40.840263_-73.9212226
40.8402794_-73.9210728
40.840281_-73.927396
40.8402863_-73.921411
40.840292_-73.914351
40.8402976_-73.9215492
40.8403001_-73.9462887
40.8403034_-73.9326443
40.8403119_-73.9217319
40.8403266_-73.9220917
40.8403513_-73.9222635
40.8403629_-73.9214595
40.840362_-73.918062
40.8403733_-73.9353925
40.8403839_-73.9208555
40.8403967_-73.9401908
40.8404162_-73.9303258
40.840426_-73.922387
40.840443_-73.969815
40.8404453_-73.9352897
40.8404491_-73.9216448
40.8404789_-73.9364566
40.8404815_-73.9213137
40.8404878_-73.9403486
40.840487_-73.938364
40.8404972_-73.9215444
40.8405432_-73.9052344
40.8405523_-73.9284086
40.8405788_-73.9400596
40.8405883_-73.9946891
40.8406023_-73.9204364
40.840603_-73.911515
40.840633_-73.915177
40.840641_-73.984468
40.8406476_-73.9353921
40.840648_-73.919011
40.8406773_-73.9402039
40.8406834_-73.9440176
40.8406863_-73.944755
40.84068_-73.9320606
40.8407273_-73.9441028
40.840735_-73.993682
40.8407569_-73.9218365
40.840766_-73.917299
40.8407687_-73.9354231
40.840774_-73.996314
40.840788_-73.923196
40.840821_-73.935534
40.8408423_-73.9446132
40.8408655_-73.9217791
40.8408678_-73.9355977
40.8408687_-73.9395162
40.840876_-73.919783
40.8408847_-73.9445514
40.8408925_-74.0029739
40.8408932_-73.9444186
40.840908_-73.994235
40.8409115_-73.9282557
40.84095_-73.9394804
40.8409754_-73.9457651
40.8409765_-73.9696059
40.840976_-73.916009
40.8409816_-73.9128751
40.84098_-73.974341
40.8409942_-73.9219828
40.841006_-73.995629
40.8410137_-73.935927
40.8410169_-73.912995
40.8410327_-73.9394362
40.8410394_-73.9447121
40.841045_-73.979067
40.8410495_-73.9355522
40.841051_-73.985192
40.8410581_-73.9397145
40.8410633_-73.9360297
40.8410769_-73.9397546
40.841081_-73.9220363
40.841084_-73.9219157
40.841087_-73.937929
40.8411266_-73.9398609
40.841132_-73.923995
40.8411541_-73.9321379
40.841178_-73.988489
("40.8398955_-73.9213835","40.8398976_-73.9388015","40.8398983_-73.9133871","40.8399065_-73.9455387","40.839916_-73.90559","40.8399295_-73.9407749","40.839936_-73.909164","40.8399375_-73.9212257","40.839943_-73.9463745","40.8399639_-73.9350425","40.83997_-73.974159","40.8399821_-73.928642","40.8399878_-74.0164646","40.8399924_-73.9213927","40.8400676_-73.9212933","40.84008_-73.9214234","40.840104_-73.924782","40.8401091_-73.945717","40.840109_-73.992924","40.840125_-73.92596","40.840157_-73.976036","40.8401581_-73.9453456","40.8401746_-73.9214716","40.8401749_-73.9285669","40.8401762_-73.9213415","40.840176_-73.925268","40.840179_-73.926459","40.840193_-73.943066","40.840197_-73.910094","40.840225_-73.917683","40.8402585_-73.9396778","40.840263_-73.9212226","40.8402794_-73.9210728","40.840281_-73.927396","40.8402863_-73.921411","40.840292_-73.914351","40.8402976_-73.9215492","40.8403001_-73.9462887","40.8403034_-73.9326443","40.8403119_-73.9217319","40.8403266_-73.9220917","40.8403513_-73.9222635","40.8403629_-73.9214595","40.840362_-73.918062","40.8403733_-73.9353925","40.8403839_-73.9208555","40.8403967_-73.9401908","40.8404162_-73.9303258","40.840426_-73.922387","40.840443_-73.969815","40.8404453_-73.9352897","40.8404491_-73.9216448","40.8404789_-73.9364566","40.8404815_-73.9213137","40.8404878_-73.9403486","40.840487_-73.938364","40.8404972_-73.9215444","40.8405432_-73.9052344","40.8405523_-73.9284086","40.8405788_-73.9400596","40.8405883_-73.9946891","40.8406023_-73.9204364","40.840603_-73.911515","40.840633_-73.915177","40.840641_-73.984468","40.8406476_-73.9353921","40.840648_-73.919011","40.8406773_-73.9402039","40.8406834_-73.9440176","40.8406863_-73.944755","40.84068_-73.9320606","40.8407273_-73.9441028","40.840735_-73.993682","40.8407569_-73.9218365","40.840766_-73.917299","40.8407687_-73.9354231","40.840774_-73.996314","40.840788_-73.923196","40.840821_-73.935534","40.8408423_-73.9446132","40.8408655_-73.9217791","40.8408678_-73.9355977","40.8408687_-73.9395162","40.840876_-73.919783","40.8408847_-73.9445514","40.8408925_-74.0029739","40.8408932_-73.9444186","40.840908_-73.994235","40.8409115_-73.9282557","40.84095_-73.9394804","40.8409754_-73.9457651","40.8409765_-73.9696059","40.840976_-73.916009","40.8409816_-73.9128751","40.84098_-73.974341","40.8409942_-73.9219828","40.841006_-73.995629","40.8410137_-73.935927","40.8410169_-73.912995","40.8410327_-73.9394362","40.8410394_-73.9447121","40.841045_-73.979067","40.8410495_-73.9355522","40.841051_-73.985192","40.8410581_-73.9397145","40.8410633_-73.9360297","40.8410769_-73.9397546","40.841081_-73.9220363","40.841084_-73.9219157","40.841087_-73.937929","40.8411266_-73.9398609","40.841132_-73.923995","40.8411541_-73.9321379","40.841178_-73.988489")
done
124.47user 830.16system 1:11:36elapsed 22%CPU (0avgtext+0avgdata 52168maxresident)k
3829104inputs+48outputs (2major+27238minor)pagefaults 0swaps
