40.7829774_-73.9440616
40.7829822_-73.9636926
40.7830223_-73.9257092
40.7830301_-73.9821288
40.7830526_-73.9438833
40.7830547_-73.9191058
40.7830604_-73.9858392
40.7830613_-73.9637446
40.783072_-73.9149692
40.7830884_-73.9437018
40.7830929_-73.915729
40.7830929_-73.9687867
40.7830971_-73.9692186
40.7831068_-73.9110875
40.7831076_-73.9845151
40.7831278_-73.9803916
40.7831352_-74.0071249
40.7831364_-73.9638024
40.7831525_-73.9783287
40.7831538_-73.9438134
40.7831611_-73.9439183
40.7831647_-73.9743995
40.7831756_-73.9803635
40.7831782_-73.925744
40.7831868_-73.9844671
40.7831944_-73.9638594
40.7832048_-73.9744945
40.7832069_-73.9805809
40.7832104_-73.9436041
40.7832296_-73.9745531
40.7832426_-74.0068566
40.7832458_-73.9639228
40.7832495_-73.9805543
40.7832514_-73.9745876
40.7832573_-73.9447293
40.7832595_-73.9507426
40.7832607_-73.9684381
40.7832609_-73.9159678
40.7832617_-73.9844154
40.7832738_-73.9337692
40.7832815_-73.9437147
40.7832865_-74.0039779
40.7832944_-73.9639941
40.7832977_-73.9257779
40.7833015_-73.9295483
40.7833024_-73.9528059
40.7833039_-73.9708242
40.7833046_-73.9547388
40.7833116_-74.0066957
40.7833187_-73.9158992
40.7833192_-73.9843698
40.7833208_-73.9746586
40.7833228_-73.9691564
40.7833316_-73.9640604
40.7833325_-73.9435047
40.7833365_-73.9338992
40.7833454_-74.0037376
40.7833479_-73.911429
40.7833496_-73.9707906
40.7833521_-73.9747104
40.7833621_-73.9437669
40.7833644_-73.9641209
40.7833772_-74.0036744
40.7833954_-73.9708991
40.783409_-73.9842888
40.7834104_-73.9549902
40.7834115_-73.9642257
40.783417_-73.956945
40.7834203_-73.9707387
40.7834384_-73.9341795
40.7834506_-73.9435673
40.783458_-74.010142
40.7834682_-73.9590068
40.7834731_-73.943368
40.7834816_-74.0038115
40.7834878_-73.918534
40.7835092_-73.9344741
40.7835107_-74.0025973
40.7835166_-73.9644774
40.7835249_-73.9436334
40.783534_-74.015443
40.7835406_-73.9156362
40.7835431_-74.0061485
40.7835456_-73.9476028
40.7835476_-73.934578
40.7835478_-73.9645608
40.7835526_-73.9691225
40.7835541_-73.929565
40.7835644_-73.9183577
40.7835835_-73.918269
40.7835939_-73.9130037
40.7836031_-73.9647236
40.7836063_-73.9852813
40.7836065_-73.9181414
40.7836124_-73.9432116
40.7836197_-73.9433971
40.7836303_-73.934802
40.7836368_-73.9179519
40.783638_-74.0036578
40.7836566_-73.9178564
40.7836662_-73.9348607
40.7836666_-73.9434999
40.7836714_-73.9816869
40.7836778_-73.9854186
40.7836786_-73.9177628
40.7836798_-73.9118991
40.7837157_-73.9678287
40.7837214_-73.9298295
40.7837414_-73.9175945
40.7837514_-73.9260101
40.7837529_-73.9430325
40.7837643_-73.9691227
40.7837762_-73.9432087
40.7837818_-73.9127997
40.7829774_-73.9440616
40.7829822_-73.9636926
40.7830223_-73.9257092
40.7830301_-73.9821288
40.7830526_-73.9438833
40.7830547_-73.9191058
40.7830604_-73.9858392
40.7830613_-73.9637446
40.783072_-73.9149692
40.7830884_-73.9437018
40.7830929_-73.915729
40.7830929_-73.9687867
40.7830971_-73.9692186
40.7831068_-73.9110875
40.7831076_-73.9845151
40.7831278_-73.9803916
40.7831352_-74.0071249
40.7831364_-73.9638024
40.7831525_-73.9783287
40.7831538_-73.9438134
40.7831611_-73.9439183
40.7831647_-73.9743995
40.7831756_-73.9803635
40.7831782_-73.925744
40.7831868_-73.9844671
40.7831944_-73.9638594
40.7832048_-73.9744945
40.7832069_-73.9805809
40.7832104_-73.9436041
40.7832296_-73.9745531
40.7832426_-74.0068566
40.7832458_-73.9639228
40.7832495_-73.9805543
40.7832514_-73.9745876
40.7832573_-73.9447293
40.7832595_-73.9507426
40.7832607_-73.9684381
40.7832609_-73.9159678
40.7832617_-73.9844154
40.7832738_-73.9337692
40.7832815_-73.9437147
40.7832865_-74.0039779
40.7832944_-73.9639941
40.7832977_-73.9257779
40.7833015_-73.9295483
40.7833024_-73.9528059
40.7833039_-73.9708242
40.7833046_-73.9547388
40.7833116_-74.0066957
40.7833187_-73.9158992
40.7833192_-73.9843698
40.7833208_-73.9746586
40.7833228_-73.9691564
40.7833316_-73.9640604
40.7833325_-73.9435047
40.7833365_-73.9338992
40.7833454_-74.0037376
40.7833479_-73.911429
40.7833496_-73.9707906
40.7833521_-73.9747104
40.7833621_-73.9437669
40.7833644_-73.9641209
40.7833772_-74.0036744
40.7833954_-73.9708991
40.783409_-73.9842888
40.7834104_-73.9549902
40.7834115_-73.9642257
40.783417_-73.956945
40.7834203_-73.9707387
40.7834384_-73.9341795
40.7834506_-73.9435673
40.783458_-74.010142
40.7834682_-73.9590068
40.7834731_-73.943368
40.7834816_-74.0038115
40.7834878_-73.918534
40.7835092_-73.9344741
40.7835107_-74.0025973
40.7835166_-73.9644774
40.7835249_-73.9436334
40.783534_-74.015443
40.7835406_-73.9156362
40.7835431_-74.0061485
40.7835456_-73.9476028
40.7835476_-73.934578
40.7835478_-73.9645608
40.7835526_-73.9691225
40.7835541_-73.929565
40.7835644_-73.9183577
40.7835835_-73.918269
40.7835939_-73.9130037
40.7836031_-73.9647236
40.7836063_-73.9852813
40.7836065_-73.9181414
40.7836124_-73.9432116
40.7836197_-73.9433971
40.7836303_-73.934802
40.7836368_-73.9179519
40.783638_-74.0036578
40.7836566_-73.9178564
40.7836662_-73.9348607
40.7836666_-73.9434999
40.7836714_-73.9816869
40.7836778_-73.9854186
40.7836786_-73.9177628
40.7836798_-73.9118991
40.7837157_-73.9678287
40.7837214_-73.9298295
40.7837414_-73.9175945
40.7837514_-73.9260101
40.7837529_-73.9430325
40.7837643_-73.9691227
40.7837762_-73.9432087
40.7837818_-73.9127997
("40.7829774_-73.9440616","40.7829822_-73.9636926","40.7830223_-73.9257092","40.7830301_-73.9821288","40.7830526_-73.9438833","40.7830547_-73.9191058","40.7830604_-73.9858392","40.7830613_-73.9637446","40.783072_-73.9149692","40.7830884_-73.9437018","40.7830929_-73.915729","40.7830929_-73.9687867","40.7830971_-73.9692186","40.7831068_-73.9110875","40.7831076_-73.9845151","40.7831278_-73.9803916","40.7831352_-74.0071249","40.7831364_-73.9638024","40.7831525_-73.9783287","40.7831538_-73.9438134","40.7831611_-73.9439183","40.7831647_-73.9743995","40.7831756_-73.9803635","40.7831782_-73.925744","40.7831868_-73.9844671","40.7831944_-73.9638594","40.7832048_-73.9744945","40.7832069_-73.9805809","40.7832104_-73.9436041","40.7832296_-73.9745531","40.7832426_-74.0068566","40.7832458_-73.9639228","40.7832495_-73.9805543","40.7832514_-73.9745876","40.7832573_-73.9447293","40.7832595_-73.9507426","40.7832607_-73.9684381","40.7832609_-73.9159678","40.7832617_-73.9844154","40.7832738_-73.9337692","40.7832815_-73.9437147","40.7832865_-74.0039779","40.7832944_-73.9639941","40.7832977_-73.9257779","40.7833015_-73.9295483","40.7833024_-73.9528059","40.7833039_-73.9708242","40.7833046_-73.9547388","40.7833116_-74.0066957","40.7833187_-73.9158992","40.7833192_-73.9843698","40.7833208_-73.9746586","40.7833228_-73.9691564","40.7833316_-73.9640604","40.7833325_-73.9435047","40.7833365_-73.9338992","40.7833454_-74.0037376","40.7833479_-73.911429","40.7833496_-73.9707906","40.7833521_-73.9747104","40.7833621_-73.9437669","40.7833644_-73.9641209","40.7833772_-74.0036744","40.7833954_-73.9708991","40.783409_-73.9842888","40.7834104_-73.9549902","40.7834115_-73.9642257","40.783417_-73.956945","40.7834203_-73.9707387","40.7834384_-73.9341795","40.7834506_-73.9435673","40.783458_-74.010142","40.7834682_-73.9590068","40.7834731_-73.943368","40.7834816_-74.0038115","40.7834878_-73.918534","40.7835092_-73.9344741","40.7835107_-74.0025973","40.7835166_-73.9644774","40.7835249_-73.9436334","40.783534_-74.015443","40.7835406_-73.9156362","40.7835431_-74.0061485","40.7835456_-73.9476028","40.7835476_-73.934578","40.7835478_-73.9645608","40.7835526_-73.9691225","40.7835541_-73.929565","40.7835644_-73.9183577","40.7835835_-73.918269","40.7835939_-73.9130037","40.7836031_-73.9647236","40.7836063_-73.9852813","40.7836065_-73.9181414","40.7836124_-73.9432116","40.7836197_-73.9433971","40.7836303_-73.934802","40.7836368_-73.9179519","40.783638_-74.0036578","40.7836566_-73.9178564","40.7836662_-73.9348607","40.7836666_-73.9434999","40.7836714_-73.9816869","40.7836778_-73.9854186","40.7836786_-73.9177628","40.7836798_-73.9118991","40.7837157_-73.9678287","40.7837214_-73.9298295","40.7837414_-73.9175945","40.7837514_-73.9260101","40.7837529_-73.9430325","40.7837643_-73.9691227","40.7837762_-73.9432087","40.7837818_-73.9127997")
done
135.08user 802.72system 1:15:42elapsed 20%CPU (0avgtext+0avgdata 67628maxresident)k
697536inputs+51408outputs (26major+34635minor)pagefaults 0swaps
