40.7428715_-73.9149586
40.7428715_-73.9887622
40.742877_-73.951233
40.7428784_-73.933942
40.7428804_-73.9586918
40.7428823_-73.9885972
40.7428829_-74.0039992
40.742882_-73.944196
40.7428848_-73.9510773
40.7428861_-73.9511602
40.7428871_-73.9405833
40.7428876_-73.9772925
40.742887_-73.9511173
40.7428916_-74.0078479
40.7428928_-73.9514628
40.7428953_-73.9177924
40.742901_-73.992805
40.7429022_-73.951829
40.742904_-74.0076536
40.7429426_-73.9517973
40.7429454_-73.9149437
40.7429486_-73.9772439
40.7429661_-73.9891662
40.7429705_-73.9723826
40.7429743_-73.9517859
40.742983_-73.934868
40.7429903_-73.9598217
40.7429908_-73.9511495
40.7429941_-73.9586518
40.7430018_-73.9890655
40.7430041_-73.9517909
40.7430043_-73.91873
40.743004_-73.9158882
40.7430098_-73.9405611
40.7430261_-73.9513125
40.7430334_-73.9514429
40.7430424_-73.9891546
40.743042_-73.9161542
40.7430621_-73.9177565
40.743064_-73.942762
40.7430651_-73.951985
40.7430655_-73.9596207
40.7430666_-74.0087509
40.743071_-73.9513149
40.7430747_-73.9042192
40.7430799_-73.9892461
40.7430825_-73.9357664
40.7430944_-73.9722536
40.743095_-73.974015
40.7430964_-73.9597748
40.7431107_-73.9196538
40.7431199_-73.916801
40.7431218_-73.9891395
40.7431247_-74.0087145
40.74313_-73.9158566
40.7431455_-73.9741341
40.7431541_-74.0086835
40.7431611_-73.97214
40.7431634_-73.9042259
40.7431693_-74.0085372
40.7431694_-74.0086427
40.7431761_-74.0085923
40.7431826_-73.9511062
40.7431864_-73.9720776
40.7431888_-73.9384426
40.7431934_-73.9367078
40.743194_-73.9564366
40.7432045_-73.959727
40.743205_-73.979959
40.743218_-73.907159
40.743221_-73.9205932
40.7432249_-73.9177213
40.7432251_-73.9513358
40.7432595_-73.9512872
40.743265_-73.982009
40.7432698_-73.9513224
40.7432752_-73.9429102
40.7432787_-73.9196167
40.7433023_-73.9376279
40.7433093_-73.9719097
40.7433226_-74.0068872
40.7433247_-73.921517
40.743326_-73.984078
40.7433313_-73.9186659
40.7433377_-73.9080418
40.743364_-73.9510648
40.743369_-73.942976
40.7433862_-73.9882399
40.743389_-73.986147
40.7433914_-73.9205563
40.7433938_-73.9512915
40.7433961_-73.9384098
40.7434092_-73.9509877
40.7434104_-73.9880985
40.7434175_-73.9385532
40.7434215_-74.0034468
40.743425_-73.999848
40.7434268_-73.9489241
40.7434295_-73.9538688
40.74342_-73.93857
40.743431_-73.996129
40.743435_-73.9224442
40.7434403_-73.919581
40.743451_-73.976864
40.743451_-73.988194
40.743453_-73.904303
40.743455_-73.914837
40.7434761_-74.0035806
40.7434763_-73.9902129
40.74347_-73.908956
40.74347_-74.007238
40.7434936_-73.9595748
40.7434999_-73.9883097
40.7435081_-73.9881524
40.7428715_-73.9149586
40.7428715_-73.9887622
40.742877_-73.951233
40.7428784_-73.933942
40.7428804_-73.9586918
40.7428823_-73.9885972
40.7428829_-74.0039992
40.742882_-73.944196
40.7428848_-73.9510773
40.7428861_-73.9511602
40.7428871_-73.9405833
40.7428876_-73.9772925
40.742887_-73.9511173
40.7428916_-74.0078479
40.7428928_-73.9514628
40.7428953_-73.9177924
40.742901_-73.992805
40.7429022_-73.951829
40.742904_-74.0076536
40.7429426_-73.9517973
40.7429454_-73.9149437
40.7429486_-73.9772439
40.7429661_-73.9891662
40.7429705_-73.9723826
40.7429743_-73.9517859
40.742983_-73.934868
40.7429903_-73.9598217
40.7429908_-73.9511495
40.7429941_-73.9586518
40.7430018_-73.9890655
40.7430041_-73.9517909
40.7430043_-73.91873
40.743004_-73.9158882
40.7430098_-73.9405611
40.7430261_-73.9513125
40.7430334_-73.9514429
40.7430424_-73.9891546
40.743042_-73.9161542
40.7430621_-73.9177565
40.743064_-73.942762
40.7430651_-73.951985
40.7430655_-73.9596207
40.7430666_-74.0087509
40.743071_-73.9513149
40.7430747_-73.9042192
40.7430799_-73.9892461
40.7430825_-73.9357664
40.7430944_-73.9722536
40.743095_-73.974015
40.7430964_-73.9597748
40.7431107_-73.9196538
40.7431199_-73.916801
40.7431218_-73.9891395
40.7431247_-74.0087145
40.74313_-73.9158566
40.7431455_-73.9741341
40.7431541_-74.0086835
40.7431611_-73.97214
40.7431634_-73.9042259
40.7431693_-74.0085372
40.7431694_-74.0086427
40.7431761_-74.0085923
40.7431826_-73.9511062
40.7431864_-73.9720776
40.7431888_-73.9384426
40.7431934_-73.9367078
40.743194_-73.9564366
40.7432045_-73.959727
40.743205_-73.979959
40.743218_-73.907159
40.743221_-73.9205932
40.7432249_-73.9177213
40.7432251_-73.9513358
40.7432595_-73.9512872
40.743265_-73.982009
40.7432698_-73.9513224
40.7432752_-73.9429102
40.7432787_-73.9196167
40.7433023_-73.9376279
40.7433093_-73.9719097
40.7433226_-74.0068872
40.7433247_-73.921517
40.743326_-73.984078
40.7433313_-73.9186659
40.7433377_-73.9080418
40.743364_-73.9510648
40.743369_-73.942976
40.7433862_-73.9882399
40.743389_-73.986147
40.7433914_-73.9205563
40.7433938_-73.9512915
40.7433961_-73.9384098
40.7434092_-73.9509877
40.7434104_-73.9880985
40.7434175_-73.9385532
40.7434215_-74.0034468
40.743425_-73.999848
40.7434268_-73.9489241
40.7434295_-73.9538688
40.74342_-73.93857
40.743431_-73.996129
40.743435_-73.9224442
40.7434403_-73.919581
40.743451_-73.976864
40.743451_-73.988194
40.743453_-73.904303
40.743455_-73.914837
40.7434761_-74.0035806
40.7434763_-73.9902129
40.74347_-73.908956
40.74347_-74.007238
40.7434936_-73.9595748
40.7434999_-73.9883097
40.7435081_-73.9881524
("40.7428715_-73.9149586","40.7428715_-73.9887622","40.742877_-73.951233","40.7428784_-73.933942","40.7428804_-73.9586918","40.7428823_-73.9885972","40.7428829_-74.0039992","40.742882_-73.944196","40.7428848_-73.9510773","40.7428861_-73.9511602","40.7428871_-73.9405833","40.7428876_-73.9772925","40.742887_-73.9511173","40.7428916_-74.0078479","40.7428928_-73.9514628","40.7428953_-73.9177924","40.742901_-73.992805","40.7429022_-73.951829","40.742904_-74.0076536","40.7429426_-73.9517973","40.7429454_-73.9149437","40.7429486_-73.9772439","40.7429661_-73.9891662","40.7429705_-73.9723826","40.7429743_-73.9517859","40.742983_-73.934868","40.7429903_-73.9598217","40.7429908_-73.9511495","40.7429941_-73.9586518","40.7430018_-73.9890655","40.7430041_-73.9517909","40.7430043_-73.91873","40.743004_-73.9158882","40.7430098_-73.9405611","40.7430261_-73.9513125","40.7430334_-73.9514429","40.7430424_-73.9891546","40.743042_-73.9161542","40.7430621_-73.9177565","40.743064_-73.942762","40.7430651_-73.951985","40.7430655_-73.9596207","40.7430666_-74.0087509","40.743071_-73.9513149","40.7430747_-73.9042192","40.7430799_-73.9892461","40.7430825_-73.9357664","40.7430944_-73.9722536","40.743095_-73.974015","40.7430964_-73.9597748","40.7431107_-73.9196538","40.7431199_-73.916801","40.7431218_-73.9891395","40.7431247_-74.0087145","40.74313_-73.9158566","40.7431455_-73.9741341","40.7431541_-74.0086835","40.7431611_-73.97214","40.7431634_-73.9042259","40.7431693_-74.0085372","40.7431694_-74.0086427","40.7431761_-74.0085923","40.7431826_-73.9511062","40.7431864_-73.9720776","40.7431888_-73.9384426","40.7431934_-73.9367078","40.743194_-73.9564366","40.7432045_-73.959727","40.743205_-73.979959","40.743218_-73.907159","40.743221_-73.9205932","40.7432249_-73.9177213","40.7432251_-73.9513358","40.7432595_-73.9512872","40.743265_-73.982009","40.7432698_-73.9513224","40.7432752_-73.9429102","40.7432787_-73.9196167","40.7433023_-73.9376279","40.7433093_-73.9719097","40.7433226_-74.0068872","40.7433247_-73.921517","40.743326_-73.984078","40.7433313_-73.9186659","40.7433377_-73.9080418","40.743364_-73.9510648","40.743369_-73.942976","40.7433862_-73.9882399","40.743389_-73.986147","40.7433914_-73.9205563","40.7433938_-73.9512915","40.7433961_-73.9384098","40.7434092_-73.9509877","40.7434104_-73.9880985","40.7434175_-73.9385532","40.7434215_-74.0034468","40.743425_-73.999848","40.7434268_-73.9489241","40.7434295_-73.9538688","40.74342_-73.93857","40.743431_-73.996129","40.743435_-73.9224442","40.7434403_-73.919581","40.743451_-73.976864","40.743451_-73.988194","40.743453_-73.904303","40.743455_-73.914837","40.7434761_-74.0035806","40.7434763_-73.9902129","40.74347_-73.908956","40.74347_-74.007238","40.7434936_-73.9595748","40.7434999_-73.9883097","40.7435081_-73.9881524")
done
146.17user 816.28system 1:15:38elapsed 21%CPU (0avgtext+0avgdata 81544maxresident)k
696184inputs+104832outputs (46major+42388minor)pagefaults 0swaps
