40.691491_-73.92556
40.691495_-73.93076
40.691503_-73.90955
40.691535_-73.993736
40.691545_-73.968493
40.6915557_-73.9367607
40.691564_-73.969521
40.6915798_-73.9997242
40.691597_-73.991448
40.691602_-73.970549
40.6916134_-73.9997505
40.6916249_-73.9426542
40.6916362_-73.9605693
40.691639_-73.996727
40.691643_-73.967531
40.69164_-73.97156
40.6916534_-73.9997859
40.6916583_-73.9994532
40.6916618_-73.9817721
40.69168_-73.972553
40.691692_-73.905846
40.6917039_-73.9998384
40.691707_-73.948476
40.691707_-73.97354
40.6917228_-73.988204
40.691737_-73.914002
40.691756_-73.966566
40.691792_-73.9881986
40.691808_-73.91862
40.6918102_-73.9999133
40.6918202_-73.9637206
40.691823_-73.92223
40.6918297_-73.9278505
40.6918355_-73.9873198
40.691851_-73.99749
40.6918609_-73.9882175
40.691871_-73.9656
40.6918761_-73.9999576
40.6918858_-73.9637339
40.6918927_-73.9338355
40.6918951_-73.977545
40.6918979_-74.0001669
40.6919034_-73.9597188
40.6919128_-73.9815907
40.691921_-73.978947
40.691929_-73.926316
40.69193_-73.910298
40.6919425_-73.9650088
40.6919435_-73.999991
40.6919489_-73.9775547
40.6919497_-73.9398284
40.6919531_-73.9649154
40.6919562_-73.9637218
40.6919618_-73.9648438
40.6919818_-73.9646746
40.6919943_-73.9637301
40.6919954_-73.9645588
40.692002_-73.92645
40.6920085_-73.9644453
40.6920119_-74.0000055
40.6920137_-73.9644
40.6920279_-73.9815199
40.6920319_-73.9817613
40.692033_-73.945642
40.6920363_-74.0006448
40.6920468_-73.9824338
40.692051_-73.9826203
40.6920531_-73.9640593
40.692063_-73.951902
40.6920784_-74.0000104
40.692087_-73.998339
40.6920881_-73.988932
40.6920899_-73.9833969
40.692089_-73.963749
40.6921143_-73.963548
40.692121_-73.984341
40.6921232_-73.9634781
40.69212_-73.906599
40.692135_-73.9597651
40.692149_-73.919459
40.6921536_-74.000012
40.692154_-73.993438
40.692158_-73.985279
40.692159_-73.9890997
40.692166_-73.914754
40.6921837_-73.9630022
40.692195_-73.986272
40.692196_-73.924876
40.692213_-73.922919
40.692228_-73.930907
40.6922321_-73.9873008
40.692234_-73.987299
40.692255_-73.998946
40.6922663_-73.9622182
40.692266_-73.9882
40.6922737_-73.9999782
40.6922744_-73.9825451
40.6922797_-73.9889024
40.6922824_-73.9894149
40.6922827_-73.9890653
40.6922878_-73.9369065
40.6922891_-73.9827413
40.6922919_-73.9619679
40.6923017_-73.9889003
40.6923162_-73.9895347
40.6923361_-73.9896052
40.692337_-73.998988
40.692346_-73.927071
40.6923589_-73.9427993
40.692358_-73.911053
40.6923744_-73.9898011
40.6923986_-73.9899736
40.6923_-73.961899
40.6924046_-73.9529831
40.691491_-73.92556
40.691495_-73.93076
40.691503_-73.90955
40.691535_-73.993736
40.691545_-73.968493
40.6915557_-73.9367607
40.691564_-73.969521
40.6915798_-73.9997242
40.691597_-73.991448
40.691602_-73.970549
40.6916134_-73.9997505
40.6916249_-73.9426542
40.6916362_-73.9605693
40.691639_-73.996727
40.691643_-73.967531
40.69164_-73.97156
40.6916534_-73.9997859
40.6916583_-73.9994532
40.6916618_-73.9817721
40.69168_-73.972553
40.691692_-73.905846
40.6917039_-73.9998384
40.691707_-73.948476
40.691707_-73.97354
40.6917228_-73.988204
40.691737_-73.914002
40.691756_-73.966566
40.691792_-73.9881986
40.691808_-73.91862
40.6918102_-73.9999133
40.6918202_-73.9637206
40.691823_-73.92223
40.6918297_-73.9278505
40.6918355_-73.9873198
40.691851_-73.99749
40.6918609_-73.9882175
40.691871_-73.9656
40.6918761_-73.9999576
40.6918858_-73.9637339
40.6918927_-73.9338355
40.6918951_-73.977545
40.6918979_-74.0001669
40.6919034_-73.9597188
40.6919128_-73.9815907
40.691921_-73.978947
40.691929_-73.926316
40.69193_-73.910298
40.6919425_-73.9650088
40.6919435_-73.999991
40.6919489_-73.9775547
40.6919497_-73.9398284
40.6919531_-73.9649154
40.6919562_-73.9637218
40.6919618_-73.9648438
40.6919818_-73.9646746
40.6919943_-73.9637301
40.6919954_-73.9645588
40.692002_-73.92645
40.6920085_-73.9644453
40.6920119_-74.0000055
40.6920137_-73.9644
40.6920279_-73.9815199
40.6920319_-73.9817613
40.692033_-73.945642
40.6920363_-74.0006448
40.6920468_-73.9824338
40.692051_-73.9826203
40.6920531_-73.9640593
40.692063_-73.951902
40.6920784_-74.0000104
40.692087_-73.998339
40.6920881_-73.988932
40.6920899_-73.9833969
40.692089_-73.963749
40.6921143_-73.963548
40.692121_-73.984341
40.6921232_-73.9634781
40.69212_-73.906599
40.692135_-73.9597651
40.692149_-73.919459
40.6921536_-74.000012
40.692154_-73.993438
40.692158_-73.985279
40.692159_-73.9890997
40.692166_-73.914754
40.6921837_-73.9630022
40.692195_-73.986272
40.692196_-73.924876
40.692213_-73.922919
40.692228_-73.930907
40.6922321_-73.9873008
40.692234_-73.987299
40.692255_-73.998946
40.6922663_-73.9622182
40.692266_-73.9882
40.6922737_-73.9999782
40.6922744_-73.9825451
40.6922797_-73.9889024
40.6922824_-73.9894149
40.6922827_-73.9890653
40.6922878_-73.9369065
40.6922891_-73.9827413
40.6922919_-73.9619679
40.6923017_-73.9889003
40.6923162_-73.9895347
40.6923361_-73.9896052
40.692337_-73.998988
40.692346_-73.927071
40.6923589_-73.9427993
40.692358_-73.911053
40.6923744_-73.9898011
40.6923986_-73.9899736
40.6923_-73.961899
40.6924046_-73.9529831
("40.691491_-73.92556","40.691495_-73.93076","40.691503_-73.90955","40.691535_-73.993736","40.691545_-73.968493","40.6915557_-73.9367607","40.691564_-73.969521","40.6915798_-73.9997242","40.691597_-73.991448","40.691602_-73.970549","40.6916134_-73.9997505","40.6916249_-73.9426542","40.6916362_-73.9605693","40.691639_-73.996727","40.691643_-73.967531","40.69164_-73.97156","40.6916534_-73.9997859","40.6916583_-73.9994532","40.6916618_-73.9817721","40.69168_-73.972553","40.691692_-73.905846","40.6917039_-73.9998384","40.691707_-73.948476","40.691707_-73.97354","40.6917228_-73.988204","40.691737_-73.914002","40.691756_-73.966566","40.691792_-73.9881986","40.691808_-73.91862","40.6918102_-73.9999133","40.6918202_-73.9637206","40.691823_-73.92223","40.6918297_-73.9278505","40.6918355_-73.9873198","40.691851_-73.99749","40.6918609_-73.9882175","40.691871_-73.9656","40.6918761_-73.9999576","40.6918858_-73.9637339","40.6918927_-73.9338355","40.6918951_-73.977545","40.6918979_-74.0001669","40.6919034_-73.9597188","40.6919128_-73.9815907","40.691921_-73.978947","40.691929_-73.926316","40.69193_-73.910298","40.6919425_-73.9650088","40.6919435_-73.999991","40.6919489_-73.9775547","40.6919497_-73.9398284","40.6919531_-73.9649154","40.6919562_-73.9637218","40.6919618_-73.9648438","40.6919818_-73.9646746","40.6919943_-73.9637301","40.6919954_-73.9645588","40.692002_-73.92645","40.6920085_-73.9644453","40.6920119_-74.0000055","40.6920137_-73.9644","40.6920279_-73.9815199","40.6920319_-73.9817613","40.692033_-73.945642","40.6920363_-74.0006448","40.6920468_-73.9824338","40.692051_-73.9826203","40.6920531_-73.9640593","40.692063_-73.951902","40.6920784_-74.0000104","40.692087_-73.998339","40.6920881_-73.988932","40.6920899_-73.9833969","40.692089_-73.963749","40.6921143_-73.963548","40.692121_-73.984341","40.6921232_-73.9634781","40.69212_-73.906599","40.692135_-73.9597651","40.692149_-73.919459","40.6921536_-74.000012","40.692154_-73.993438","40.692158_-73.985279","40.692159_-73.9890997","40.692166_-73.914754","40.6921837_-73.9630022","40.692195_-73.986272","40.692196_-73.924876","40.692213_-73.922919","40.692228_-73.930907","40.6922321_-73.9873008","40.692234_-73.987299","40.692255_-73.998946","40.6922663_-73.9622182","40.692266_-73.9882","40.6922737_-73.9999782","40.6922744_-73.9825451","40.6922797_-73.9889024","40.6922824_-73.9894149","40.6922827_-73.9890653","40.6922878_-73.9369065","40.6922891_-73.9827413","40.6922919_-73.9619679","40.6923017_-73.9889003","40.6923162_-73.9895347","40.6923361_-73.9896052","40.692337_-73.998988","40.692346_-73.927071","40.6923589_-73.9427993","40.692358_-73.911053","40.6923744_-73.9898011","40.6923986_-73.9899736","40.6923_-73.961899","40.6924046_-73.9529831")
done
139.93user 809.59system 1:14:26elapsed 21%CPU (0avgtext+0avgdata 52480maxresident)k
576904inputs+48outputs (4major+28399minor)pagefaults 0swaps
