40.789676_-74.001901
40.7896783_-73.950088
40.7896795_-73.9252206
40.7896812_-73.9481484
40.7896997_-73.9460417
40.7897302_-73.9252582
40.7897338_-73.9573684
40.7897359_-73.9261447
40.789736_-73.9661079
40.7897492_-73.9276783
40.7897535_-73.9370611
40.7897626_-73.9372031
40.7897815_-74.0115045
40.789795_-74.009794
40.789821_-74.001659
40.7898251_-73.9373247
40.789832_-73.9821227
40.789837_-74.018265
40.7898489_-73.9582608
40.789863_-73.9543347
40.7898697_-73.9427556
40.7898729_-73.9573247
40.7898803_-73.9722771
40.7898919_-73.9428079
40.7899041_-73.9369546
40.7899291_-73.9257197
40.7899308_-73.9572973
40.7899385_-73.9803693
40.7899425_-73.9448799
40.7899429_-73.9429284
40.7899491_-73.9705034
40.7899495_-73.9978819
40.7899543_-73.9585278
40.7900028_-73.9430698
40.790015_-73.964197
40.790023_-73.9458057
40.7900271_-73.9266013
40.790034_-73.9587719
40.7900515_-74.0006732
40.7900517_-73.9428496
40.7900598_-73.9451589
40.7900657_-73.958883
40.790081_-74.005205
40.790094_-73.958994
40.790094_-74.01604
40.7901145_-73.9590933
40.7901305_-73.9983198
40.7901316_-73.9591874
40.790134_-73.964194
40.7901411_-74.012286
40.7901636_-73.9256729
40.7901707_-73.9593979
40.7901743_-73.9769232
40.790184_-73.974956
40.790186_-74.008002
40.790203_-74.003752
40.7902113_-73.9595968
40.7902195_-73.9750438
40.7902262_-73.9533023
40.790227_-74.015316
40.790239_-73.964175
40.7902424_-73.9731431
40.7902552_-73.9751319
40.7902593_-73.9456333
40.7902621_-73.9693108
40.790276_-73.959847
40.790289_-74.001194
40.7902952_-73.9255529
40.7902981_-73.9693961
40.7903064_-73.9816506
40.7903073_-73.9570564
40.7903086_-73.9369844
40.7903088_-73.9599514
40.7903105_-73.9496273
40.7903168_-73.9476849
40.790317_-73.939562
40.7903537_-73.9600724
40.7903601_-73.9656637
40.790368_-73.96413
40.7903722_-73.9369279
40.7903889_-74.009314
40.7903945_-73.9601694
40.7904084_-73.9367296
40.7904175_-73.9498913
40.790419_-73.951835
40.790429_-74.002486
40.790442_-73.96027
40.790468_-73.964076
40.790471_-73.953889
40.7904852_-73.936802
40.790493_-74.013052
40.7904948_-73.9817364
40.7904954_-73.9603782
40.7905011_-73.971814
40.7905035_-73.9659981
40.7905044_-74.0024251
40.7905192_-73.9367629
40.7905421_-73.9253726
40.790553_-73.960485
40.790578_-73.963995
40.7905833_-73.9568555
40.7906174_-73.9798733
40.7906188_-73.9605953
40.7906269_-73.9424329
40.790665_-73.963911
40.7906757_-73.9606789
40.790684_-74.000922
40.7907139_-73.9991182
40.790753_-74.000873
40.790759_-73.963795
40.7907627_-73.9362938
40.790782_-73.960832
40.790806_-73.9744963
40.7908141_-73.976449
40.789676_-74.001901
40.7896783_-73.950088
40.7896795_-73.9252206
40.7896812_-73.9481484
40.7896997_-73.9460417
40.7897302_-73.9252582
40.7897338_-73.9573684
40.7897359_-73.9261447
40.789736_-73.9661079
40.7897492_-73.9276783
40.7897535_-73.9370611
40.7897626_-73.9372031
40.7897815_-74.0115045
40.789795_-74.009794
40.789821_-74.001659
40.7898251_-73.9373247
40.789832_-73.9821227
40.789837_-74.018265
40.7898489_-73.9582608
40.789863_-73.9543347
40.7898697_-73.9427556
40.7898729_-73.9573247
40.7898803_-73.9722771
40.7898919_-73.9428079
40.7899041_-73.9369546
40.7899291_-73.9257197
40.7899308_-73.9572973
40.7899385_-73.9803693
40.7899425_-73.9448799
40.7899429_-73.9429284
40.7899491_-73.9705034
40.7899495_-73.9978819
40.7899543_-73.9585278
40.7900028_-73.9430698
40.790015_-73.964197
40.790023_-73.9458057
40.7900271_-73.9266013
40.790034_-73.9587719
40.7900515_-74.0006732
40.7900517_-73.9428496
40.7900598_-73.9451589
40.7900657_-73.958883
40.790081_-74.005205
40.790094_-73.958994
40.790094_-74.01604
40.7901145_-73.9590933
40.7901305_-73.9983198
40.7901316_-73.9591874
40.790134_-73.964194
40.7901411_-74.012286
40.7901636_-73.9256729
40.7901707_-73.9593979
40.7901743_-73.9769232
40.790184_-73.974956
40.790186_-74.008002
40.790203_-74.003752
40.7902113_-73.9595968
40.7902195_-73.9750438
40.7902262_-73.9533023
40.790227_-74.015316
40.790239_-73.964175
40.7902424_-73.9731431
40.7902552_-73.9751319
40.7902593_-73.9456333
40.7902621_-73.9693108
40.790276_-73.959847
40.790289_-74.001194
40.7902952_-73.9255529
40.7902981_-73.9693961
40.7903064_-73.9816506
40.7903073_-73.9570564
40.7903086_-73.9369844
40.7903088_-73.9599514
40.7903105_-73.9496273
40.7903168_-73.9476849
40.790317_-73.939562
40.7903537_-73.9600724
40.7903601_-73.9656637
40.790368_-73.96413
40.7903722_-73.9369279
40.7903889_-74.009314
40.7903945_-73.9601694
40.7904084_-73.9367296
40.7904175_-73.9498913
40.790419_-73.951835
40.790429_-74.002486
40.790442_-73.96027
40.790468_-73.964076
40.790471_-73.953889
40.7904852_-73.936802
40.790493_-74.013052
40.7904948_-73.9817364
40.7904954_-73.9603782
40.7905011_-73.971814
40.7905035_-73.9659981
40.7905044_-74.0024251
40.7905192_-73.9367629
40.7905421_-73.9253726
40.790553_-73.960485
40.790578_-73.963995
40.7905833_-73.9568555
40.7906174_-73.9798733
40.7906188_-73.9605953
40.7906269_-73.9424329
40.790665_-73.963911
40.7906757_-73.9606789
40.790684_-74.000922
40.7907139_-73.9991182
40.790753_-74.000873
40.790759_-73.963795
40.7907627_-73.9362938
40.790782_-73.960832
40.790806_-73.9744963
40.7908141_-73.976449
("40.789676_-74.001901","40.7896783_-73.950088","40.7896795_-73.9252206","40.7896812_-73.9481484","40.7896997_-73.9460417","40.7897302_-73.9252582","40.7897338_-73.9573684","40.7897359_-73.9261447","40.789736_-73.9661079","40.7897492_-73.9276783","40.7897535_-73.9370611","40.7897626_-73.9372031","40.7897815_-74.0115045","40.789795_-74.009794","40.789821_-74.001659","40.7898251_-73.9373247","40.789832_-73.9821227","40.789837_-74.018265","40.7898489_-73.9582608","40.789863_-73.9543347","40.7898697_-73.9427556","40.7898729_-73.9573247","40.7898803_-73.9722771","40.7898919_-73.9428079","40.7899041_-73.9369546","40.7899291_-73.9257197","40.7899308_-73.9572973","40.7899385_-73.9803693","40.7899425_-73.9448799","40.7899429_-73.9429284","40.7899491_-73.9705034","40.7899495_-73.9978819","40.7899543_-73.9585278","40.7900028_-73.9430698","40.790015_-73.964197","40.790023_-73.9458057","40.7900271_-73.9266013","40.790034_-73.9587719","40.7900515_-74.0006732","40.7900517_-73.9428496","40.7900598_-73.9451589","40.7900657_-73.958883","40.790081_-74.005205","40.790094_-73.958994","40.790094_-74.01604","40.7901145_-73.9590933","40.7901305_-73.9983198","40.7901316_-73.9591874","40.790134_-73.964194","40.7901411_-74.012286","40.7901636_-73.9256729","40.7901707_-73.9593979","40.7901743_-73.9769232","40.790184_-73.974956","40.790186_-74.008002","40.790203_-74.003752","40.7902113_-73.9595968","40.7902195_-73.9750438","40.7902262_-73.9533023","40.790227_-74.015316","40.790239_-73.964175","40.7902424_-73.9731431","40.7902552_-73.9751319","40.7902593_-73.9456333","40.7902621_-73.9693108","40.790276_-73.959847","40.790289_-74.001194","40.7902952_-73.9255529","40.7902981_-73.9693961","40.7903064_-73.9816506","40.7903073_-73.9570564","40.7903086_-73.9369844","40.7903088_-73.9599514","40.7903105_-73.9496273","40.7903168_-73.9476849","40.790317_-73.939562","40.7903537_-73.9600724","40.7903601_-73.9656637","40.790368_-73.96413","40.7903722_-73.9369279","40.7903889_-74.009314","40.7903945_-73.9601694","40.7904084_-73.9367296","40.7904175_-73.9498913","40.790419_-73.951835","40.790429_-74.002486","40.790442_-73.96027","40.790468_-73.964076","40.790471_-73.953889","40.7904852_-73.936802","40.790493_-74.013052","40.7904948_-73.9817364","40.7904954_-73.9603782","40.7905011_-73.971814","40.7905035_-73.9659981","40.7905044_-74.0024251","40.7905192_-73.9367629","40.7905421_-73.9253726","40.790553_-73.960485","40.790578_-73.963995","40.7905833_-73.9568555","40.7906174_-73.9798733","40.7906188_-73.9605953","40.7906269_-73.9424329","40.790665_-73.963911","40.7906757_-73.9606789","40.790684_-74.000922","40.7907139_-73.9991182","40.790753_-74.000873","40.790759_-73.963795","40.7907627_-73.9362938","40.790782_-73.960832","40.790806_-73.9744963","40.7908141_-73.976449")
done
126.26user 802.88system 1:15:41elapsed 20%CPU (0avgtext+0avgdata 61708maxresident)k
547392inputs+29832outputs (16major+32974minor)pagefaults 0swaps
