40.7332148_-73.9795796
40.733214_-73.991114
40.733219_-73.9848804
40.7332211_-74.0030502
40.7332427_-74.0007095
40.7332524_-73.9811577
40.7332702_-73.9598273
40.7332706_-73.9207589
40.7332737_-73.9522086
40.7332799_-73.9871911
40.7332859_-73.9520628
40.73328_-73.952128
40.7332927_-73.9871818
40.7332955_-73.9796226
40.7332981_-73.9402995
40.733304_-73.993322
40.733308_-73.9812868
40.7333095_-73.9779645
40.73334_-73.983176
40.7333621_-73.9797005
40.7333629_-74.0042443
40.733372_-73.985242
40.733372_-74.002572
40.73337_-74.007399
40.7333807_-73.952226
40.7333924_-73.9243691
40.7333995_-73.9779738
40.733401_-74.008554
40.7334169_-73.9797988
40.733426_-73.958175
40.733437_-73.995489
40.733439_-74.001103
40.733471_-73.910689
40.733471_-73.977969
40.733478_-73.906874
40.733493_-73.9213033
40.7335086_-73.9800109
40.733509_-73.949684
40.7335192_-73.9396901
40.733528_-73.989868
40.7335419_-73.9429335
40.7335435_-73.9779596
40.7335452_-73.9994223
40.7335591_-73.9994494
40.7335778_-73.9994741
40.733579_-73.977955
40.733588_-74.007344
40.7335985_-73.9994927
40.7336017_-73.9214428
40.7336103_-73.9394584
40.7336146_-74.0028201
40.7336235_-73.9521174
40.733623_-73.9995059
40.7336634_-73.9995234
40.7336637_-73.9212658
40.7336653_-73.9839818
40.7336759_-73.9239869
40.7336893_-73.9898302
40.7336973_-74.0016387
40.733701_-73.977923
40.7337078_-73.9392438
40.7337333_-74.000338
40.733742_-74.006294
40.73374_-73.954843
40.7337509_-73.9805775
40.7337581_-73.938941
40.733762_-73.93742
40.7337636_-73.9769466
40.7337653_-74.0003266
40.733768_-74.001758
40.7337908_-73.921428
40.7337951_-74.0003264
40.7338022_-73.9388292
40.733819_-73.977873
40.7338212_-73.9235282
40.7338233_-73.980739
40.7338288_-73.9898164
40.733834_-73.919612
40.7338407_-74.0101001
40.733843_-74.001205
40.7338456_-73.9995816
40.7338627_-74.0099602
40.7338836_-73.9808795
40.7338898_-73.9521563
40.7339175_-74.0028914
40.733922_-73.992792
40.733923_-73.982753
40.7339361_-73.9235966
40.733938_-73.977803
40.7339632_-73.9777832
40.733963_-73.920509
40.733966_-73.988779
40.7339701_-74.0003713
40.733972_-73.9524429
40.733978_-73.990945
40.7339792_-73.9866818
40.7339799_-73.9386869
40.733979_-73.959945
40.7339842_-73.9523276
40.7339928_-73.9996287
40.7339951_-73.9898199
40.7339988_-73.9521821
40.7340107_-73.9520704
40.734011_-73.906018
40.734012_-73.984773
40.73401_-74.004561
40.734024_-73.939106
40.734034_-73.99505
40.7340428_-73.9776221
40.7340461_-73.9746292
40.7340557_-73.9744873
40.7340564_-74.0029257
40.73407_-73.9389954
40.73407_-73.999653
40.7332148_-73.9795796
40.733214_-73.991114
40.733219_-73.9848804
40.7332211_-74.0030502
40.7332427_-74.0007095
40.7332524_-73.9811577
40.7332702_-73.9598273
40.7332706_-73.9207589
40.7332737_-73.9522086
40.7332799_-73.9871911
40.7332859_-73.9520628
40.73328_-73.952128
40.7332927_-73.9871818
40.7332955_-73.9796226
40.7332981_-73.9402995
40.733304_-73.993322
40.733308_-73.9812868
40.7333095_-73.9779645
40.73334_-73.983176
40.7333621_-73.9797005
40.7333629_-74.0042443
40.733372_-73.985242
40.733372_-74.002572
40.73337_-74.007399
40.7333807_-73.952226
40.7333924_-73.9243691
40.7333995_-73.9779738
40.733401_-74.008554
40.7334169_-73.9797988
40.733426_-73.958175
40.733437_-73.995489
40.733439_-74.001103
40.733471_-73.910689
40.733471_-73.977969
40.733478_-73.906874
40.733493_-73.9213033
40.7335086_-73.9800109
40.733509_-73.949684
40.7335192_-73.9396901
40.733528_-73.989868
40.7335419_-73.9429335
40.7335435_-73.9779596
40.7335452_-73.9994223
40.7335591_-73.9994494
40.7335778_-73.9994741
40.733579_-73.977955
40.733588_-74.007344
40.7335985_-73.9994927
40.7336017_-73.9214428
40.7336103_-73.9394584
40.7336146_-74.0028201
40.7336235_-73.9521174
40.733623_-73.9995059
40.7336634_-73.9995234
40.7336637_-73.9212658
40.7336653_-73.9839818
40.7336759_-73.9239869
40.7336893_-73.9898302
40.7336973_-74.0016387
40.733701_-73.977923
40.7337078_-73.9392438
40.7337333_-74.000338
40.733742_-74.006294
40.73374_-73.954843
40.7337509_-73.9805775
40.7337581_-73.938941
40.733762_-73.93742
40.7337636_-73.9769466
40.7337653_-74.0003266
40.733768_-74.001758
40.7337908_-73.921428
40.7337951_-74.0003264
40.7338022_-73.9388292
40.733819_-73.977873
40.7338212_-73.9235282
40.7338233_-73.980739
40.7338288_-73.9898164
40.733834_-73.919612
40.7338407_-74.0101001
40.733843_-74.001205
40.7338456_-73.9995816
40.7338627_-74.0099602
40.7338836_-73.9808795
40.7338898_-73.9521563
40.7339175_-74.0028914
40.733922_-73.992792
40.733923_-73.982753
40.7339361_-73.9235966
40.733938_-73.977803
40.7339632_-73.9777832
40.733963_-73.920509
40.733966_-73.988779
40.7339701_-74.0003713
40.733972_-73.9524429
40.733978_-73.990945
40.7339792_-73.9866818
40.7339799_-73.9386869
40.733979_-73.959945
40.7339842_-73.9523276
40.7339928_-73.9996287
40.7339951_-73.9898199
40.7339988_-73.9521821
40.7340107_-73.9520704
40.734011_-73.906018
40.734012_-73.984773
40.73401_-74.004561
40.734024_-73.939106
40.734034_-73.99505
40.7340428_-73.9776221
40.7340461_-73.9746292
40.7340557_-73.9744873
40.7340564_-74.0029257
40.73407_-73.9389954
40.73407_-73.999653
("40.7332148_-73.9795796","40.733214_-73.991114","40.733219_-73.9848804","40.7332211_-74.0030502","40.7332427_-74.0007095","40.7332524_-73.9811577","40.7332702_-73.9598273","40.7332706_-73.9207589","40.7332737_-73.9522086","40.7332799_-73.9871911","40.7332859_-73.9520628","40.73328_-73.952128","40.7332927_-73.9871818","40.7332955_-73.9796226","40.7332981_-73.9402995","40.733304_-73.993322","40.733308_-73.9812868","40.7333095_-73.9779645","40.73334_-73.983176","40.7333621_-73.9797005","40.7333629_-74.0042443","40.733372_-73.985242","40.733372_-74.002572","40.73337_-74.007399","40.7333807_-73.952226","40.7333924_-73.9243691","40.7333995_-73.9779738","40.733401_-74.008554","40.7334169_-73.9797988","40.733426_-73.958175","40.733437_-73.995489","40.733439_-74.001103","40.733471_-73.910689","40.733471_-73.977969","40.733478_-73.906874","40.733493_-73.9213033","40.7335086_-73.9800109","40.733509_-73.949684","40.7335192_-73.9396901","40.733528_-73.989868","40.7335419_-73.9429335","40.7335435_-73.9779596","40.7335452_-73.9994223","40.7335591_-73.9994494","40.7335778_-73.9994741","40.733579_-73.977955","40.733588_-74.007344","40.7335985_-73.9994927","40.7336017_-73.9214428","40.7336103_-73.9394584","40.7336146_-74.0028201","40.7336235_-73.9521174","40.733623_-73.9995059","40.7336634_-73.9995234","40.7336637_-73.9212658","40.7336653_-73.9839818","40.7336759_-73.9239869","40.7336893_-73.9898302","40.7336973_-74.0016387","40.733701_-73.977923","40.7337078_-73.9392438","40.7337333_-74.000338","40.733742_-74.006294","40.73374_-73.954843","40.7337509_-73.9805775","40.7337581_-73.938941","40.733762_-73.93742","40.7337636_-73.9769466","40.7337653_-74.0003266","40.733768_-74.001758","40.7337908_-73.921428","40.7337951_-74.0003264","40.7338022_-73.9388292","40.733819_-73.977873","40.7338212_-73.9235282","40.7338233_-73.980739","40.7338288_-73.9898164","40.733834_-73.919612","40.7338407_-74.0101001","40.733843_-74.001205","40.7338456_-73.9995816","40.7338627_-74.0099602","40.7338836_-73.9808795","40.7338898_-73.9521563","40.7339175_-74.0028914","40.733922_-73.992792","40.733923_-73.982753","40.7339361_-73.9235966","40.733938_-73.977803","40.7339632_-73.9777832","40.733963_-73.920509","40.733966_-73.988779","40.7339701_-74.0003713","40.733972_-73.9524429","40.733978_-73.990945","40.7339792_-73.9866818","40.7339799_-73.9386869","40.733979_-73.959945","40.7339842_-73.9523276","40.7339928_-73.9996287","40.7339951_-73.9898199","40.7339988_-73.9521821","40.7340107_-73.9520704","40.734011_-73.906018","40.734012_-73.984773","40.73401_-74.004561","40.734024_-73.939106","40.734034_-73.99505","40.7340428_-73.9776221","40.7340461_-73.9746292","40.7340557_-73.9744873","40.7340564_-74.0029257","40.73407_-73.9389954","40.73407_-73.999653")
done
145.52user 815.96system 1:12:08elapsed 22%CPU (0avgtext+0avgdata 82036maxresident)k
807824inputs+102256outputs (47major+42066minor)pagefaults 0swaps
