40.8621769_-73.9886845
40.8622188_-73.9296889
40.8622322_-73.9105165
40.8622352_-73.9106144
40.8622505_-73.9103489
40.8622625_-73.9352066
40.8622736_-73.9299816
40.8622791_-73.9118217
40.8622882_-73.9091487
40.862291_-73.9108464
40.8623062_-73.9101651
40.8623349_-73.9293873
40.8623397_-73.9098061
40.862342_-73.910984
40.8623555_-73.9179245
40.8623559_-73.9099747
40.862355_-73.9224584
40.862369_-73.9326481
40.862394_-73.918015
40.8624268_-73.9225094
40.8624368_-73.9181165
40.8624652_-73.9112658
40.8624678_-73.9141793
40.8624793_-73.9090468
40.8624816_-73.9326896
40.862491_-73.959118
40.8624952_-73.9225476
40.862496_-73.969258
40.8625059_-73.9201991
40.8625254_-73.9285429
40.8625254_-73.9299526
40.8625657_-73.9094097
40.8625701_-73.9115056
40.862574_-73.96013
40.862582_-73.925373
40.8625988_-73.929954
40.8626109_-73.9202964
40.862612_-73.977584
40.8626215_-73.9286059
40.8626547_-73.9340781
40.8626751_-73.9090242
40.862677_-73.9062502
40.862689_-73.962159
40.86272_-73.96221
40.8627301_-73.9327822
40.862735_-73.903319
40.862749_-73.904934
40.8627624_-73.9039983
40.8627857_-73.9062356
40.8628015_-73.9084685
40.8628124_-73.9075518
40.8628148_-73.9632067
40.8628296_-73.9081537
40.86291_-73.995989
40.8629234_-73.9299977
40.862926_-73.927766
40.8629664_-73.9323222
40.86297_-73.983866
40.8629844_-73.9174704
40.8630131_-73.9322404
40.863024_-73.9090685
40.86302_-73.917555
40.8630456_-73.9205688
40.8630661_-73.9176658
40.8631026_-73.9199358
40.863108_-73.992185
40.863121_-73.9206112
40.8631222_-73.9197438
40.8631279_-73.9904458
40.8631388_-73.9320982
40.8631611_-73.9088854
40.8631643_-73.9198437
40.8631814_-73.9326709
40.8631878_-73.9158633
40.8631896_-73.92066
40.8632036_-73.974624
40.8632088_-73.9300475
40.863238_-73.926923
40.863265_-73.977302
40.8632689_-73.930053
40.8632748_-73.9086445
40.8632933_-73.9086083
40.8633229_-73.9300473
40.863322_-73.928997
40.863349_-73.966121
40.8633665_-73.9197498
40.8633776_-73.9090758
40.8633996_-73.9084003
40.8633996_-73.934414
40.8634089_-73.9198197
40.863413_-73.906505
40.863416_-73.923137
40.8634177_-73.9199903
40.8634187_-73.9300194
40.863435_-73.9325059
40.8634463_-73.9196152
40.863462_-73.9082434
40.8634684_-73.9197009
40.863482_-73.906292
40.863482_-73.967566
40.8635045_-73.9081177
40.8635123_-73.9299785
40.8635194_-73.9080736
40.863534_-73.907231
40.863541_-73.9197632
40.8635512_-73.90781
40.863555_-73.907389
40.86356_-73.907539
40.863575_-73.926011
40.8635847_-73.9282853
40.863589_-73.905979
40.863604_-73.979979
40.8636145_-73.9324415
40.863614_-73.928206
40.8621769_-73.9886845
40.8622188_-73.9296889
40.8622322_-73.9105165
40.8622352_-73.9106144
40.8622505_-73.9103489
40.8622625_-73.9352066
40.8622736_-73.9299816
40.8622791_-73.9118217
40.8622882_-73.9091487
40.862291_-73.9108464
40.8623062_-73.9101651
40.8623349_-73.9293873
40.8623397_-73.9098061
40.862342_-73.910984
40.8623555_-73.9179245
40.8623559_-73.9099747
40.862355_-73.9224584
40.862369_-73.9326481
40.862394_-73.918015
40.8624268_-73.9225094
40.8624368_-73.9181165
40.8624652_-73.9112658
40.8624678_-73.9141793
40.8624793_-73.9090468
40.8624816_-73.9326896
40.862491_-73.959118
40.8624952_-73.9225476
40.862496_-73.969258
40.8625059_-73.9201991
40.8625254_-73.9285429
40.8625254_-73.9299526
40.8625657_-73.9094097
40.8625701_-73.9115056
40.862574_-73.96013
40.862582_-73.925373
40.8625988_-73.929954
40.8626109_-73.9202964
40.862612_-73.977584
40.8626215_-73.9286059
40.8626547_-73.9340781
40.8626751_-73.9090242
40.862677_-73.9062502
40.862689_-73.962159
40.86272_-73.96221
40.8627301_-73.9327822
40.862735_-73.903319
40.862749_-73.904934
40.8627624_-73.9039983
40.8627857_-73.9062356
40.8628015_-73.9084685
40.8628124_-73.9075518
40.8628148_-73.9632067
40.8628296_-73.9081537
40.86291_-73.995989
40.8629234_-73.9299977
40.862926_-73.927766
40.8629664_-73.9323222
40.86297_-73.983866
40.8629844_-73.9174704
40.8630131_-73.9322404
40.863024_-73.9090685
40.86302_-73.917555
40.8630456_-73.9205688
40.8630661_-73.9176658
40.8631026_-73.9199358
40.863108_-73.992185
40.863121_-73.9206112
40.8631222_-73.9197438
40.8631279_-73.9904458
40.8631388_-73.9320982
40.8631611_-73.9088854
40.8631643_-73.9198437
40.8631814_-73.9326709
40.8631878_-73.9158633
40.8631896_-73.92066
40.8632036_-73.974624
40.8632088_-73.9300475
40.863238_-73.926923
40.863265_-73.977302
40.8632689_-73.930053
40.8632748_-73.9086445
40.8632933_-73.9086083
40.8633229_-73.9300473
40.863322_-73.928997
40.863349_-73.966121
40.8633665_-73.9197498
40.8633776_-73.9090758
40.8633996_-73.9084003
40.8633996_-73.934414
40.8634089_-73.9198197
40.863413_-73.906505
40.863416_-73.923137
40.8634177_-73.9199903
40.8634187_-73.9300194
40.863435_-73.9325059
40.8634463_-73.9196152
40.863462_-73.9082434
40.8634684_-73.9197009
40.863482_-73.906292
40.863482_-73.967566
40.8635045_-73.9081177
40.8635123_-73.9299785
40.8635194_-73.9080736
40.863534_-73.907231
40.863541_-73.9197632
40.8635512_-73.90781
40.863555_-73.907389
40.86356_-73.907539
40.863575_-73.926011
40.8635847_-73.9282853
40.863589_-73.905979
40.863604_-73.979979
40.8636145_-73.9324415
40.863614_-73.928206
("40.8621769_-73.9886845","40.8622188_-73.9296889","40.8622322_-73.9105165","40.8622352_-73.9106144","40.8622505_-73.9103489","40.8622625_-73.9352066","40.8622736_-73.9299816","40.8622791_-73.9118217","40.8622882_-73.9091487","40.862291_-73.9108464","40.8623062_-73.9101651","40.8623349_-73.9293873","40.8623397_-73.9098061","40.862342_-73.910984","40.8623555_-73.9179245","40.8623559_-73.9099747","40.862355_-73.9224584","40.862369_-73.9326481","40.862394_-73.918015","40.8624268_-73.9225094","40.8624368_-73.9181165","40.8624652_-73.9112658","40.8624678_-73.9141793","40.8624793_-73.9090468","40.8624816_-73.9326896","40.862491_-73.959118","40.8624952_-73.9225476","40.862496_-73.969258","40.8625059_-73.9201991","40.8625254_-73.9285429","40.8625254_-73.9299526","40.8625657_-73.9094097","40.8625701_-73.9115056","40.862574_-73.96013","40.862582_-73.925373","40.8625988_-73.929954","40.8626109_-73.9202964","40.862612_-73.977584","40.8626215_-73.9286059","40.8626547_-73.9340781","40.8626751_-73.9090242","40.862677_-73.9062502","40.862689_-73.962159","40.86272_-73.96221","40.8627301_-73.9327822","40.862735_-73.903319","40.862749_-73.904934","40.8627624_-73.9039983","40.8627857_-73.9062356","40.8628015_-73.9084685","40.8628124_-73.9075518","40.8628148_-73.9632067","40.8628296_-73.9081537","40.86291_-73.995989","40.8629234_-73.9299977","40.862926_-73.927766","40.8629664_-73.9323222","40.86297_-73.983866","40.8629844_-73.9174704","40.8630131_-73.9322404","40.863024_-73.9090685","40.86302_-73.917555","40.8630456_-73.9205688","40.8630661_-73.9176658","40.8631026_-73.9199358","40.863108_-73.992185","40.863121_-73.9206112","40.8631222_-73.9197438","40.8631279_-73.9904458","40.8631388_-73.9320982","40.8631611_-73.9088854","40.8631643_-73.9198437","40.8631814_-73.9326709","40.8631878_-73.9158633","40.8631896_-73.92066","40.8632036_-73.974624","40.8632088_-73.9300475","40.863238_-73.926923","40.863265_-73.977302","40.8632689_-73.930053","40.8632748_-73.9086445","40.8632933_-73.9086083","40.8633229_-73.9300473","40.863322_-73.928997","40.863349_-73.966121","40.8633665_-73.9197498","40.8633776_-73.9090758","40.8633996_-73.9084003","40.8633996_-73.934414","40.8634089_-73.9198197","40.863413_-73.906505","40.863416_-73.923137","40.8634177_-73.9199903","40.8634187_-73.9300194","40.863435_-73.9325059","40.8634463_-73.9196152","40.863462_-73.9082434","40.8634684_-73.9197009","40.863482_-73.906292","40.863482_-73.967566","40.8635045_-73.9081177","40.8635123_-73.9299785","40.8635194_-73.9080736","40.863534_-73.907231","40.863541_-73.9197632","40.8635512_-73.90781","40.863555_-73.907389","40.86356_-73.907539","40.863575_-73.926011","40.8635847_-73.9282853","40.863589_-73.905979","40.863604_-73.979979","40.8636145_-73.9324415","40.863614_-73.928206")
done
125.20user 815.16system 1:13:37elapsed 21%CPU (0avgtext+0avgdata 51736maxresident)k
1419736inputs+48outputs (2major+28215minor)pagefaults 0swaps
