40.8602172_-73.9103668
40.8602175_-73.9602623
40.860242_-73.92842
40.8602674_-73.9326749
40.860289_-73.904934
40.8603119_-73.9094504
40.8603181_-73.9092899
40.8603221_-73.9705195
40.8603437_-73.9251658
40.860364_-73.911611
40.8603902_-73.9326145
40.860417_-73.930031
40.8604448_-73.9258005
40.8604756_-73.910616
40.860476_-73.921235
40.8604969_-73.9362279
40.8604984_-73.9112165
40.860498_-73.988829
40.8605151_-73.9702029
40.860523_-73.9325703
40.860527_-73.919379
40.8605531_-73.9641842
40.8605647_-73.927197
40.860633_-73.9109461
40.860641_-73.930771
40.860657_-73.9273
40.8606833_-73.9325233
40.860688_-73.981884
40.8607395_-73.927412
40.860804_-73.9695388
40.8608339_-73.9215645
40.8608361_-73.9288876
40.8608366_-73.924983
40.8608425_-73.9324871
40.860862_-73.928817
40.860918_-73.903514
40.8609329_-73.9138232
40.8609459_-73.9359332
40.860956_-73.926502
40.8609822_-73.9185412
40.8610038_-73.932463
40.8610526_-73.926564
40.8611036_-73.9188344
40.861103_-73.972852
40.861142_-73.918927
40.8611521_-73.9682525
40.8611859_-73.9190291
40.8612105_-73.9252109
40.861218_-73.904366
40.8612462_-73.9249412
40.861259_-73.925668
40.8612876_-73.9252583
40.8613085_-73.9251355
40.861311_-73.921232
40.8613554_-73.9250998
40.8613858_-73.9252126
40.8613912_-73.9253235
40.8613935_-73.9246404
40.861412_-73.904963
40.8614371_-73.909793
40.8614373_-73.9246692
40.8614439_-73.9250224
40.8614559_-73.9252449
40.861457_-73.9177129
40.8614904_-73.9244671
40.861495_-73.960184
40.8615058_-73.924849
40.8615254_-73.9108537
40.8615472_-73.924733
40.8615685_-73.9131812
40.861582_-73.9129907
40.8616121_-73.924274
40.8616308_-73.9247908
40.861638_-73.9109924
40.8616499_-73.9108015
40.8616676_-73.9244087
40.8616783_-73.9347173
40.8617231_-73.9120178
40.8617237_-73.9106172
40.861724_-73.971373
40.8617342_-73.9118959
40.861739_-73.987951
40.8617455_-73.9240648
40.8617501_-73.9244554
40.8617552_-73.9117484
40.861775_-73.918469
40.8617817_-73.930112
40.8617825_-73.9125191
40.8617895_-73.9125726
40.8618089_-73.9118672
40.8618215_-73.9094775
40.8618235_-73.9241374
40.8618493_-73.9120852
40.8618503_-73.9129719
40.8618728_-73.9130298
40.8618738_-73.923759
40.8618818_-73.9242037
40.8618941_-73.912369
40.8619024_-73.9124243
40.8619045_-73.9130946
40.8619046_-73.9300657
40.861936_-73.920774
40.8619588_-73.9128018
40.8619827_-73.9128928
40.862026_-73.9300271
40.8620345_-73.9130559
40.8620414_-73.9132684
40.8620808_-73.9344684
40.8620877_-73.9121275
40.8620954_-73.9296128
40.8621121_-73.9300037
40.862148_-73.967584
40.8621541_-73.9296507
40.8621609_-73.9298599
40.8602172_-73.9103668
40.8602175_-73.9602623
40.860242_-73.92842
40.8602674_-73.9326749
40.860289_-73.904934
40.8603119_-73.9094504
40.8603181_-73.9092899
40.8603221_-73.9705195
40.8603437_-73.9251658
40.860364_-73.911611
40.8603902_-73.9326145
40.860417_-73.930031
40.8604448_-73.9258005
40.8604756_-73.910616
40.860476_-73.921235
40.8604969_-73.9362279
40.8604984_-73.9112165
40.860498_-73.988829
40.8605151_-73.9702029
40.860523_-73.9325703
40.860527_-73.919379
40.8605531_-73.9641842
40.8605647_-73.927197
40.860633_-73.9109461
40.860641_-73.930771
40.860657_-73.9273
40.8606833_-73.9325233
40.860688_-73.981884
40.8607395_-73.927412
40.860804_-73.9695388
40.8608339_-73.9215645
40.8608361_-73.9288876
40.8608366_-73.924983
40.8608425_-73.9324871
40.860862_-73.928817
40.860918_-73.903514
40.8609329_-73.9138232
40.8609459_-73.9359332
40.860956_-73.926502
40.8609822_-73.9185412
40.8610038_-73.932463
40.8610526_-73.926564
40.8611036_-73.9188344
40.861103_-73.972852
40.861142_-73.918927
40.8611521_-73.9682525
40.8611859_-73.9190291
40.8612105_-73.9252109
40.861218_-73.904366
40.8612462_-73.9249412
40.861259_-73.925668
40.8612876_-73.9252583
40.8613085_-73.9251355
40.861311_-73.921232
40.8613554_-73.9250998
40.8613858_-73.9252126
40.8613912_-73.9253235
40.8613935_-73.9246404
40.861412_-73.904963
40.8614371_-73.909793
40.8614373_-73.9246692
40.8614439_-73.9250224
40.8614559_-73.9252449
40.861457_-73.9177129
40.8614904_-73.9244671
40.861495_-73.960184
40.8615058_-73.924849
40.8615254_-73.9108537
40.8615472_-73.924733
40.8615685_-73.9131812
40.861582_-73.9129907
40.8616121_-73.924274
40.8616308_-73.9247908
40.861638_-73.9109924
40.8616499_-73.9108015
40.8616676_-73.9244087
40.8616783_-73.9347173
40.8617231_-73.9120178
40.8617237_-73.9106172
40.861724_-73.971373
40.8617342_-73.9118959
40.861739_-73.987951
40.8617455_-73.9240648
40.8617501_-73.9244554
40.8617552_-73.9117484
40.861775_-73.918469
40.8617817_-73.930112
40.8617825_-73.9125191
40.8617895_-73.9125726
40.8618089_-73.9118672
40.8618215_-73.9094775
40.8618235_-73.9241374
40.8618493_-73.9120852
40.8618503_-73.9129719
40.8618728_-73.9130298
40.8618738_-73.923759
40.8618818_-73.9242037
40.8618941_-73.912369
40.8619024_-73.9124243
40.8619045_-73.9130946
40.8619046_-73.9300657
40.861936_-73.920774
40.8619588_-73.9128018
40.8619827_-73.9128928
40.862026_-73.9300271
40.8620345_-73.9130559
40.8620414_-73.9132684
40.8620808_-73.9344684
40.8620877_-73.9121275
40.8620954_-73.9296128
40.8621121_-73.9300037
40.862148_-73.967584
40.8621541_-73.9296507
40.8621609_-73.9298599
("40.8602172_-73.9103668","40.8602175_-73.9602623","40.860242_-73.92842","40.8602674_-73.9326749","40.860289_-73.904934","40.8603119_-73.9094504","40.8603181_-73.9092899","40.8603221_-73.9705195","40.8603437_-73.9251658","40.860364_-73.911611","40.8603902_-73.9326145","40.860417_-73.930031","40.8604448_-73.9258005","40.8604756_-73.910616","40.860476_-73.921235","40.8604969_-73.9362279","40.8604984_-73.9112165","40.860498_-73.988829","40.8605151_-73.9702029","40.860523_-73.9325703","40.860527_-73.919379","40.8605531_-73.9641842","40.8605647_-73.927197","40.860633_-73.9109461","40.860641_-73.930771","40.860657_-73.9273","40.8606833_-73.9325233","40.860688_-73.981884","40.8607395_-73.927412","40.860804_-73.9695388","40.8608339_-73.9215645","40.8608361_-73.9288876","40.8608366_-73.924983","40.8608425_-73.9324871","40.860862_-73.928817","40.860918_-73.903514","40.8609329_-73.9138232","40.8609459_-73.9359332","40.860956_-73.926502","40.8609822_-73.9185412","40.8610038_-73.932463","40.8610526_-73.926564","40.8611036_-73.9188344","40.861103_-73.972852","40.861142_-73.918927","40.8611521_-73.9682525","40.8611859_-73.9190291","40.8612105_-73.9252109","40.861218_-73.904366","40.8612462_-73.9249412","40.861259_-73.925668","40.8612876_-73.9252583","40.8613085_-73.9251355","40.861311_-73.921232","40.8613554_-73.9250998","40.8613858_-73.9252126","40.8613912_-73.9253235","40.8613935_-73.9246404","40.861412_-73.904963","40.8614371_-73.909793","40.8614373_-73.9246692","40.8614439_-73.9250224","40.8614559_-73.9252449","40.861457_-73.9177129","40.8614904_-73.9244671","40.861495_-73.960184","40.8615058_-73.924849","40.8615254_-73.9108537","40.8615472_-73.924733","40.8615685_-73.9131812","40.861582_-73.9129907","40.8616121_-73.924274","40.8616308_-73.9247908","40.861638_-73.9109924","40.8616499_-73.9108015","40.8616676_-73.9244087","40.8616783_-73.9347173","40.8617231_-73.9120178","40.8617237_-73.9106172","40.861724_-73.971373","40.8617342_-73.9118959","40.861739_-73.987951","40.8617455_-73.9240648","40.8617501_-73.9244554","40.8617552_-73.9117484","40.861775_-73.918469","40.8617817_-73.930112","40.8617825_-73.9125191","40.8617895_-73.9125726","40.8618089_-73.9118672","40.8618215_-73.9094775","40.8618235_-73.9241374","40.8618493_-73.9120852","40.8618503_-73.9129719","40.8618728_-73.9130298","40.8618738_-73.923759","40.8618818_-73.9242037","40.8618941_-73.912369","40.8619024_-73.9124243","40.8619045_-73.9130946","40.8619046_-73.9300657","40.861936_-73.920774","40.8619588_-73.9128018","40.8619827_-73.9128928","40.862026_-73.9300271","40.8620345_-73.9130559","40.8620414_-73.9132684","40.8620808_-73.9344684","40.8620877_-73.9121275","40.8620954_-73.9296128","40.8621121_-73.9300037","40.862148_-73.967584","40.8621541_-73.9296507","40.8621609_-73.9298599")
done
127.05user 805.90system 1:15:33elapsed 20%CPU (0avgtext+0avgdata 51736maxresident)k
1031568inputs+48outputs (1major+27194minor)pagefaults 0swaps
