40.7412726_-73.9200222
40.7412746_-73.9526016
40.741274_-73.975343
40.7412818_-74.0087979
40.7412903_-73.9543395
40.741312_-73.9474409
40.7413179_-73.989027
40.7413187_-74.0050382
40.7413216_-73.9754439
40.7413348_-73.9545799
40.7413377_-73.9046351
40.7413441_-73.9516805
40.7413479_-73.9370988
40.741351_-73.981312
40.7413644_-73.9891371
40.741364_-73.947149
40.7413716_-73.9209487
40.7413819_-73.9514658
40.741384_-73.979466
40.7413872_-73.9891919
40.7413927_-73.96068
40.7413944_-74.0087615
40.741396_-73.9554474
40.7413973_-73.9892173
40.7414003_-73.9725238
40.741408_-73.983362
40.7414159_-74.0086868
40.7414194_-74.0085993
40.7414262_-73.9540688
40.7414446_-73.9723966
40.7414568_-73.9896616
40.7414581_-73.9380117
40.74145_-73.9729253
40.7414609_-73.9591007
40.741461_-73.9046013
40.741471_-73.985428
40.741478_-73.921883
40.7414825_-73.9559555
40.7414896_-73.9890776
40.7414956_-74.0050584
40.7414988_-73.9894701
40.7414989_-73.9520992
40.7415053_-73.9518384
40.7415099_-73.9547482
40.7415132_-73.9524232
40.741514_-73.9895075
40.7415262_-74.0049084
40.7415291_-73.9063532
40.7415325_-73.9550268
40.741532_-73.9526532
40.7415373_-73.9492422
40.7415385_-73.9514719
40.7415414_-73.98751
40.7415427_-73.9506715
40.7415455_-73.9387401
40.7415497_-73.9895958
40.7415517_-73.9542662
40.7415537_-73.9540749
40.7415566_-73.9530987
40.7415625_-73.9723966
40.7415627_-73.9517402
40.7415629_-73.9533692
40.741564_-73.981817
40.7415685_-73.949403
40.7415685_-73.9818276
40.7415718_-73.9504679
40.7415799_-74.004987
40.7415866_-73.9045739
40.74158_-73.9518837
40.7415908_-73.9228121
40.7415926_-73.9496331
40.7415949_-73.9036389
40.7415954_-73.9075863
40.7415962_-73.9605415
40.7415996_-73.9566336
40.7415_-73.9544775
40.7416008_-73.9897171
40.7416011_-73.9500989
40.7416033_-73.9780724
40.741603_-73.944457
40.741617_-73.993739
40.7416276_-73.9542449
40.7416277_-74.0049034
40.741628_-74.00697
40.741631_-73.944599
40.741642_-73.997434
40.7416436_-73.9491936
40.7416501_-73.904561
40.7416532_-73.9781921
40.7416561_-74.0048858
40.741656_-73.9895153
40.7416656_-73.9506176
40.741668_-74.001129
40.7416751_-73.9558
40.7416791_-73.9494498
40.7416851_-73.9075611
40.7416867_-73.9515841
40.741688_-73.9504061
40.7416891_-73.9604498
40.741691_-73.941818
40.7416948_-73.9573918
40.7416978_-73.9237376
40.7416984_-73.9574522
40.7417019_-73.9573352
40.7417032_-73.9497397
40.7417048_-73.9520113
40.7417061_-73.950103
40.7417087_-73.9045433
40.7417098_-73.9522507
40.7417165_-73.9572801
40.7417208_-73.9513407
40.7417308_-73.9524914
40.7417408_-73.9075455
40.7417585_-73.9570743
40.7412726_-73.9200222
40.7412746_-73.9526016
40.741274_-73.975343
40.7412818_-74.0087979
40.7412903_-73.9543395
40.741312_-73.9474409
40.7413179_-73.989027
40.7413187_-74.0050382
40.7413216_-73.9754439
40.7413348_-73.9545799
40.7413377_-73.9046351
40.7413441_-73.9516805
40.7413479_-73.9370988
40.741351_-73.981312
40.7413644_-73.9891371
40.741364_-73.947149
40.7413716_-73.9209487
40.7413819_-73.9514658
40.741384_-73.979466
40.7413872_-73.9891919
40.7413927_-73.96068
40.7413944_-74.0087615
40.741396_-73.9554474
40.7413973_-73.9892173
40.7414003_-73.9725238
40.741408_-73.983362
40.7414159_-74.0086868
40.7414194_-74.0085993
40.7414262_-73.9540688
40.7414446_-73.9723966
40.7414568_-73.9896616
40.7414581_-73.9380117
40.74145_-73.9729253
40.7414609_-73.9591007
40.741461_-73.9046013
40.741471_-73.985428
40.741478_-73.921883
40.7414825_-73.9559555
40.7414896_-73.9890776
40.7414956_-74.0050584
40.7414988_-73.9894701
40.7414989_-73.9520992
40.7415053_-73.9518384
40.7415099_-73.9547482
40.7415132_-73.9524232
40.741514_-73.9895075
40.7415262_-74.0049084
40.7415291_-73.9063532
40.7415325_-73.9550268
40.741532_-73.9526532
40.7415373_-73.9492422
40.7415385_-73.9514719
40.7415414_-73.98751
40.7415427_-73.9506715
40.7415455_-73.9387401
40.7415497_-73.9895958
40.7415517_-73.9542662
40.7415537_-73.9540749
40.7415566_-73.9530987
40.7415625_-73.9723966
40.7415627_-73.9517402
40.7415629_-73.9533692
40.741564_-73.981817
40.7415685_-73.949403
40.7415685_-73.9818276
40.7415718_-73.9504679
40.7415799_-74.004987
40.7415866_-73.9045739
40.74158_-73.9518837
40.7415908_-73.9228121
40.7415926_-73.9496331
40.7415949_-73.9036389
40.7415954_-73.9075863
40.7415962_-73.9605415
40.7415996_-73.9566336
40.7415_-73.9544775
40.7416008_-73.9897171
40.7416011_-73.9500989
40.7416033_-73.9780724
40.741603_-73.944457
40.741617_-73.993739
40.7416276_-73.9542449
40.7416277_-74.0049034
40.741628_-74.00697
40.741631_-73.944599
40.741642_-73.997434
40.7416436_-73.9491936
40.7416501_-73.904561
40.7416532_-73.9781921
40.7416561_-74.0048858
40.741656_-73.9895153
40.7416656_-73.9506176
40.741668_-74.001129
40.7416751_-73.9558
40.7416791_-73.9494498
40.7416851_-73.9075611
40.7416867_-73.9515841
40.741688_-73.9504061
40.7416891_-73.9604498
40.741691_-73.941818
40.7416948_-73.9573918
40.7416978_-73.9237376
40.7416984_-73.9574522
40.7417019_-73.9573352
40.7417032_-73.9497397
40.7417048_-73.9520113
40.7417061_-73.950103
40.7417087_-73.9045433
40.7417098_-73.9522507
40.7417165_-73.9572801
40.7417208_-73.9513407
40.7417308_-73.9524914
40.7417408_-73.9075455
40.7417585_-73.9570743
("40.7412726_-73.9200222","40.7412746_-73.9526016","40.741274_-73.975343","40.7412818_-74.0087979","40.7412903_-73.9543395","40.741312_-73.9474409","40.7413179_-73.989027","40.7413187_-74.0050382","40.7413216_-73.9754439","40.7413348_-73.9545799","40.7413377_-73.9046351","40.7413441_-73.9516805","40.7413479_-73.9370988","40.741351_-73.981312","40.7413644_-73.9891371","40.741364_-73.947149","40.7413716_-73.9209487","40.7413819_-73.9514658","40.741384_-73.979466","40.7413872_-73.9891919","40.7413927_-73.96068","40.7413944_-74.0087615","40.741396_-73.9554474","40.7413973_-73.9892173","40.7414003_-73.9725238","40.741408_-73.983362","40.7414159_-74.0086868","40.7414194_-74.0085993","40.7414262_-73.9540688","40.7414446_-73.9723966","40.7414568_-73.9896616","40.7414581_-73.9380117","40.74145_-73.9729253","40.7414609_-73.9591007","40.741461_-73.9046013","40.741471_-73.985428","40.741478_-73.921883","40.7414825_-73.9559555","40.7414896_-73.9890776","40.7414956_-74.0050584","40.7414988_-73.9894701","40.7414989_-73.9520992","40.7415053_-73.9518384","40.7415099_-73.9547482","40.7415132_-73.9524232","40.741514_-73.9895075","40.7415262_-74.0049084","40.7415291_-73.9063532","40.7415325_-73.9550268","40.741532_-73.9526532","40.7415373_-73.9492422","40.7415385_-73.9514719","40.7415414_-73.98751","40.7415427_-73.9506715","40.7415455_-73.9387401","40.7415497_-73.9895958","40.7415517_-73.9542662","40.7415537_-73.9540749","40.7415566_-73.9530987","40.7415625_-73.9723966","40.7415627_-73.9517402","40.7415629_-73.9533692","40.741564_-73.981817","40.7415685_-73.949403","40.7415685_-73.9818276","40.7415718_-73.9504679","40.7415799_-74.004987","40.7415866_-73.9045739","40.74158_-73.9518837","40.7415908_-73.9228121","40.7415926_-73.9496331","40.7415949_-73.9036389","40.7415954_-73.9075863","40.7415962_-73.9605415","40.7415996_-73.9566336","40.7415_-73.9544775","40.7416008_-73.9897171","40.7416011_-73.9500989","40.7416033_-73.9780724","40.741603_-73.944457","40.741617_-73.993739","40.7416276_-73.9542449","40.7416277_-74.0049034","40.741628_-74.00697","40.741631_-73.944599","40.741642_-73.997434","40.7416436_-73.9491936","40.7416501_-73.904561","40.7416532_-73.9781921","40.7416561_-74.0048858","40.741656_-73.9895153","40.7416656_-73.9506176","40.741668_-74.001129","40.7416751_-73.9558","40.7416791_-73.9494498","40.7416851_-73.9075611","40.7416867_-73.9515841","40.741688_-73.9504061","40.7416891_-73.9604498","40.741691_-73.941818","40.7416948_-73.9573918","40.7416978_-73.9237376","40.7416984_-73.9574522","40.7417019_-73.9573352","40.7417032_-73.9497397","40.7417048_-73.9520113","40.7417061_-73.950103","40.7417087_-73.9045433","40.7417098_-73.9522507","40.7417165_-73.9572801","40.7417208_-73.9513407","40.7417308_-73.9524914","40.7417408_-73.9075455","40.7417585_-73.9570743")
done
147.43user 802.52system 1:15:32elapsed 20%CPU (0avgtext+0avgdata 81096maxresident)k
757296inputs+107128outputs (46major+41570minor)pagefaults 0swaps
