40.7501579_-73.9689921
40.750162_-73.904334
40.750164_-73.944686
40.750172_-73.9690253
40.7501781_-74.0060705
40.750178_-73.9149122
40.7501818_-73.9688093
40.7501869_-73.9398393
40.7501873_-73.9789589
40.7501984_-73.9144261
40.750199_-73.913484
40.7501_-73.974935
40.7502031_-73.9985073
40.750209_-74.002332
40.7502244_-73.9138345
40.750241_-73.942072
40.750244_-73.920127
40.7502489_-73.9909604
40.7502518_-73.9505029
40.7502524_-73.9522461
40.7502569_-73.9986263
40.7502576_-74.008184
40.7502617_-73.9386072
40.7502651_-73.979154
40.7502653_-73.9911385
40.7502765_-73.9432559
40.750282_-73.981123
40.7502935_-73.9948451
40.7502992_-74.0082725
40.7503036_-73.9789935
40.7503045_-73.9832025
40.7503099_-73.9911047
40.7503275_-73.9754788
40.7503696_-73.9734898
40.7503726_-73.991253
40.7503835_-74.0084924
40.7503855_-73.9522528
40.7503917_-73.9910469
40.750392_-73.905224
40.750392_-73.9788111
40.7504071_-73.9873253
40.7504072_-73.9871631
40.7504155_-73.9913568
40.7504165_-73.9403653
40.750421_-73.9191856
40.7504355_-73.9191085
40.7504378_-73.9514708
40.7504414_-73.9717514
40.7504427_-73.9715904
40.750442_-73.909516
40.750458_-73.9872889
40.7504617_-73.9404989
40.7504677_-73.9952596
40.7504833_-73.9659367
40.7504868_-73.9404757
40.750494_-73.971713
40.7504962_-73.9480547
40.7505052_-73.9469226
40.7505092_-73.9787152
40.7505144_-73.9405144
40.7505216_-73.999254
40.750522_-73.9894932
40.7505247_-73.9872396
40.7505319_-73.9787406
40.7505345_-73.9406536
40.7505495_-73.9405553
40.7505526_-73.971671
40.7505561_-73.9718604
40.750561_-73.909483
40.7505666_-73.9061489
40.7505905_-73.9405983
40.7505906_-73.943365
40.7505907_-73.9522582
40.7505964_-73.9407872
40.7506069_-73.9181965
40.7506098_-73.9789023
40.7506181_-73.9434889
40.7506202_-73.9876732
40.7506253_-73.9394341
40.750627_-73.9433402
40.7506299_-73.9061242
40.7506366_-73.9406436
40.7506369_-73.9786679
40.75063_-73.942849
40.7506432_-73.9408855
40.750647_-73.945656
40.7506481_-73.943483
40.7506639_-73.9877768
40.750664_-73.908074
40.7506651_-73.9350975
40.7506881_-73.9684374
40.7507018_-73.9407018
40.7507139_-73.9977402
40.7507146_-73.9522635
40.7507173_-73.909464
40.7507266_-73.9879255
40.7507314_-73.9786148
40.7507336_-73.906075
40.7507395_-73.9407342
40.7507427_-73.9434216
40.7507454_-73.9877625
40.7507465_-73.9683941
40.750748_-73.9786587
40.7507553_-73.9070458
40.7507593_-73.9787476
40.7507604_-73.940753
40.7507742_-73.9788134
40.7507747_-73.9765352
40.7507764_-73.9744431
40.7507802_-73.9922322
40.7507835_-73.9070326
40.7507927_-74.0056333
40.7507986_-73.9685209
40.7508022_-73.9785016
40.7501579_-73.9689921
40.750162_-73.904334
40.750164_-73.944686
40.750172_-73.9690253
40.7501781_-74.0060705
40.750178_-73.9149122
40.7501818_-73.9688093
40.7501869_-73.9398393
40.7501873_-73.9789589
40.7501984_-73.9144261
40.750199_-73.913484
40.7501_-73.974935
40.7502031_-73.9985073
40.750209_-74.002332
40.7502244_-73.9138345
40.750241_-73.942072
40.750244_-73.920127
40.7502489_-73.9909604
40.7502518_-73.9505029
40.7502524_-73.9522461
40.7502569_-73.9986263
40.7502576_-74.008184
40.7502617_-73.9386072
40.7502651_-73.979154
40.7502653_-73.9911385
40.7502765_-73.9432559
40.750282_-73.981123
40.7502935_-73.9948451
40.7502992_-74.0082725
40.7503036_-73.9789935
40.7503045_-73.9832025
40.7503099_-73.9911047
40.7503275_-73.9754788
40.7503696_-73.9734898
40.7503726_-73.991253
40.7503835_-74.0084924
40.7503855_-73.9522528
40.7503917_-73.9910469
40.750392_-73.905224
40.750392_-73.9788111
40.7504071_-73.9873253
40.7504072_-73.9871631
40.7504155_-73.9913568
40.7504165_-73.9403653
40.750421_-73.9191856
40.7504355_-73.9191085
40.7504378_-73.9514708
40.7504414_-73.9717514
40.7504427_-73.9715904
40.750442_-73.909516
40.750458_-73.9872889
40.7504617_-73.9404989
40.7504677_-73.9952596
40.7504833_-73.9659367
40.7504868_-73.9404757
40.750494_-73.971713
40.7504962_-73.9480547
40.7505052_-73.9469226
40.7505092_-73.9787152
40.7505144_-73.9405144
40.7505216_-73.999254
40.750522_-73.9894932
40.7505247_-73.9872396
40.7505319_-73.9787406
40.7505345_-73.9406536
40.7505495_-73.9405553
40.7505526_-73.971671
40.7505561_-73.9718604
40.750561_-73.909483
40.7505666_-73.9061489
40.7505905_-73.9405983
40.7505906_-73.943365
40.7505907_-73.9522582
40.7505964_-73.9407872
40.7506069_-73.9181965
40.7506098_-73.9789023
40.7506181_-73.9434889
40.7506202_-73.9876732
40.7506253_-73.9394341
40.750627_-73.9433402
40.7506299_-73.9061242
40.7506366_-73.9406436
40.7506369_-73.9786679
40.75063_-73.942849
40.7506432_-73.9408855
40.750647_-73.945656
40.7506481_-73.943483
40.7506639_-73.9877768
40.750664_-73.908074
40.7506651_-73.9350975
40.7506881_-73.9684374
40.7507018_-73.9407018
40.7507139_-73.9977402
40.7507146_-73.9522635
40.7507173_-73.909464
40.7507266_-73.9879255
40.7507314_-73.9786148
40.7507336_-73.906075
40.7507395_-73.9407342
40.7507427_-73.9434216
40.7507454_-73.9877625
40.7507465_-73.9683941
40.750748_-73.9786587
40.7507553_-73.9070458
40.7507593_-73.9787476
40.7507604_-73.940753
40.7507742_-73.9788134
40.7507747_-73.9765352
40.7507764_-73.9744431
40.7507802_-73.9922322
40.7507835_-73.9070326
40.7507927_-74.0056333
40.7507986_-73.9685209
40.7508022_-73.9785016
("40.7501579_-73.9689921","40.750162_-73.904334","40.750164_-73.944686","40.750172_-73.9690253","40.7501781_-74.0060705","40.750178_-73.9149122","40.7501818_-73.9688093","40.7501869_-73.9398393","40.7501873_-73.9789589","40.7501984_-73.9144261","40.750199_-73.913484","40.7501_-73.974935","40.7502031_-73.9985073","40.750209_-74.002332","40.7502244_-73.9138345","40.750241_-73.942072","40.750244_-73.920127","40.7502489_-73.9909604","40.7502518_-73.9505029","40.7502524_-73.9522461","40.7502569_-73.9986263","40.7502576_-74.008184","40.7502617_-73.9386072","40.7502651_-73.979154","40.7502653_-73.9911385","40.7502765_-73.9432559","40.750282_-73.981123","40.7502935_-73.9948451","40.7502992_-74.0082725","40.7503036_-73.9789935","40.7503045_-73.9832025","40.7503099_-73.9911047","40.7503275_-73.9754788","40.7503696_-73.9734898","40.7503726_-73.991253","40.7503835_-74.0084924","40.7503855_-73.9522528","40.7503917_-73.9910469","40.750392_-73.905224","40.750392_-73.9788111","40.7504071_-73.9873253","40.7504072_-73.9871631","40.7504155_-73.9913568","40.7504165_-73.9403653","40.750421_-73.9191856","40.7504355_-73.9191085","40.7504378_-73.9514708","40.7504414_-73.9717514","40.7504427_-73.9715904","40.750442_-73.909516","40.750458_-73.9872889","40.7504617_-73.9404989","40.7504677_-73.9952596","40.7504833_-73.9659367","40.7504868_-73.9404757","40.750494_-73.971713","40.7504962_-73.9480547","40.7505052_-73.9469226","40.7505092_-73.9787152","40.7505144_-73.9405144","40.7505216_-73.999254","40.750522_-73.9894932","40.7505247_-73.9872396","40.7505319_-73.9787406","40.7505345_-73.9406536","40.7505495_-73.9405553","40.7505526_-73.971671","40.7505561_-73.9718604","40.750561_-73.909483","40.7505666_-73.9061489","40.7505905_-73.9405983","40.7505906_-73.943365","40.7505907_-73.9522582","40.7505964_-73.9407872","40.7506069_-73.9181965","40.7506098_-73.9789023","40.7506181_-73.9434889","40.7506202_-73.9876732","40.7506253_-73.9394341","40.750627_-73.9433402","40.7506299_-73.9061242","40.7506366_-73.9406436","40.7506369_-73.9786679","40.75063_-73.942849","40.7506432_-73.9408855","40.750647_-73.945656","40.7506481_-73.943483","40.7506639_-73.9877768","40.750664_-73.908074","40.7506651_-73.9350975","40.7506881_-73.9684374","40.7507018_-73.9407018","40.7507139_-73.9977402","40.7507146_-73.9522635","40.7507173_-73.909464","40.7507266_-73.9879255","40.7507314_-73.9786148","40.7507336_-73.906075","40.7507395_-73.9407342","40.7507427_-73.9434216","40.7507454_-73.9877625","40.7507465_-73.9683941","40.750748_-73.9786587","40.7507553_-73.9070458","40.7507593_-73.9787476","40.7507604_-73.940753","40.7507742_-73.9788134","40.7507747_-73.9765352","40.7507764_-73.9744431","40.7507802_-73.9922322","40.7507835_-73.9070326","40.7507927_-74.0056333","40.7507986_-73.9685209","40.7508022_-73.9785016")
done
149.42user 814.43system 1:15:13elapsed 21%CPU (0avgtext+0avgdata 105196maxresident)k
800728inputs+188344outputs (84major+52773minor)pagefaults 0swaps
