40.7091283_-73.9045069
40.7091315_-73.9214396
40.709133_-74.0159636
40.709147_-74.013082
40.7091494_-74.0159906
40.7091501_-73.904356
40.7091502_-73.950817
40.7091542_-73.9607036
40.709154_-74.010542
40.7091621_-74.0160344
40.709169_-73.9608445
40.7091735_-73.9042117
40.709178_-73.946853
40.7091827_-73.9609621
40.7092085_-74.0052099
40.7092086_-73.9962368
40.709218_-73.913032
40.709229_-73.9960706
40.7092425_-73.9959654
40.7092614_-74.0051991
40.7092659_-73.9943832
40.709294_-74.009126
40.7092981_-74.017763
40.709306_-73.907
40.709306_-74.011935
40.7093141_-73.9558966
40.709317_-73.932997
40.7093261_-73.9947074
40.7093285_-74.0051804
40.7093317_-74.0178452
40.709333_-73.922483
40.709333_-74.016765
40.7093398_-73.945241
40.7093451_-73.9217973
40.709352_-73.962414
40.709354_-74.012992
40.7093645_-74.0015739
40.7093648_-74.017885
40.7093775_-74.0051557
40.709377_-74.009226
40.7093782_-73.9934886
40.709382_-73.91881
40.709382_-73.937097
40.7093834_-74.0003835
40.7093852_-74.0015932
40.7093909_-73.9219061
40.7093927_-73.9607424
40.7093975_-73.9916892
40.7093981_-73.9221024
40.709403_-74.0051237
40.7094041_-73.9220261
40.7094121_-74.017906
40.709412_-73.916401
40.7094167_-74.0148736
40.709429_-73.910442
40.7094377_-73.9562399
40.7094489_-73.9609203
40.7094667_-74.0052181
40.7094684_-74.0178948
40.7094693_-73.9935745
40.7094749_-74.000132
40.7094753_-74.0016773
40.709485_-73.994022
40.709485_-74.009371
40.709491_-74.0166613
40.7094955_-74.0138922
40.709498_-73.9435596
40.7095093_-74.0178811
40.709513_-73.950875
40.709522_-73.954326
40.709532_-73.926074
40.709534_-73.964027
40.70953_-74.008418
40.7095436_-74.0178487
40.709552_-73.958862
40.7095537_-73.9612521
40.709557_-74.006435
40.7095594_-74.0178008
40.709559_-74.0177436
40.709602_-73.934871
40.709605_-74.009561
40.7096199_-73.9567377
40.7096288_-74.0015698
40.709637_-73.941873
40.709654_-73.913776
40.70966_-74.004827
40.7096754_-74.0165566
40.7096858_-73.9216077
40.709687_-74.011674
40.7096925_-74.000759
40.709715_-74.009773
40.709716_-73.95236
40.709717_-73.965641
40.70971_-74.012839
40.709725_-73.948655
40.7097435_-73.9570725
40.709743_-73.90532
40.709744_-73.907741
40.7097697_-73.9963817
40.7097908_-73.9919451
40.709806_-73.9961212
40.709806_-74.009988
40.709811_-73.991772
40.7098169_-74.0146394
40.7098207_-73.9623135
40.7098213_-73.9401822
40.709821_-73.919546
40.7098264_-74.0152242
40.7098271_-73.9911626
40.7098406_-74.0147384
40.7098421_-73.927966
40.7098443_-74.0153021
40.7098515_-74.0150056
40.709851_-73.917142
40.7091283_-73.9045069
40.7091315_-73.9214396
40.709133_-74.0159636
40.709147_-74.013082
40.7091494_-74.0159906
40.7091501_-73.904356
40.7091502_-73.950817
40.7091542_-73.9607036
40.709154_-74.010542
40.7091621_-74.0160344
40.709169_-73.9608445
40.7091735_-73.9042117
40.709178_-73.946853
40.7091827_-73.9609621
40.7092085_-74.0052099
40.7092086_-73.9962368
40.709218_-73.913032
40.709229_-73.9960706
40.7092425_-73.9959654
40.7092614_-74.0051991
40.7092659_-73.9943832
40.709294_-74.009126
40.7092981_-74.017763
40.709306_-73.907
40.709306_-74.011935
40.7093141_-73.9558966
40.709317_-73.932997
40.7093261_-73.9947074
40.7093285_-74.0051804
40.7093317_-74.0178452
40.709333_-73.922483
40.709333_-74.016765
40.7093398_-73.945241
40.7093451_-73.9217973
40.709352_-73.962414
40.709354_-74.012992
40.7093645_-74.0015739
40.7093648_-74.017885
40.7093775_-74.0051557
40.709377_-74.009226
40.7093782_-73.9934886
40.709382_-73.91881
40.709382_-73.937097
40.7093834_-74.0003835
40.7093852_-74.0015932
40.7093909_-73.9219061
40.7093927_-73.9607424
40.7093975_-73.9916892
40.7093981_-73.9221024
40.709403_-74.0051237
40.7094041_-73.9220261
40.7094121_-74.017906
40.709412_-73.916401
40.7094167_-74.0148736
40.709429_-73.910442
40.7094377_-73.9562399
40.7094489_-73.9609203
40.7094667_-74.0052181
40.7094684_-74.0178948
40.7094693_-73.9935745
40.7094749_-74.000132
40.7094753_-74.0016773
40.709485_-73.994022
40.709485_-74.009371
40.709491_-74.0166613
40.7094955_-74.0138922
40.709498_-73.9435596
40.7095093_-74.0178811
40.709513_-73.950875
40.709522_-73.954326
40.709532_-73.926074
40.709534_-73.964027
40.70953_-74.008418
40.7095436_-74.0178487
40.709552_-73.958862
40.7095537_-73.9612521
40.709557_-74.006435
40.7095594_-74.0178008
40.709559_-74.0177436
40.709602_-73.934871
40.709605_-74.009561
40.7096199_-73.9567377
40.7096288_-74.0015698
40.709637_-73.941873
40.709654_-73.913776
40.70966_-74.004827
40.7096754_-74.0165566
40.7096858_-73.9216077
40.709687_-74.011674
40.7096925_-74.000759
40.709715_-74.009773
40.709716_-73.95236
40.709717_-73.965641
40.70971_-74.012839
40.709725_-73.948655
40.7097435_-73.9570725
40.709743_-73.90532
40.709744_-73.907741
40.7097697_-73.9963817
40.7097908_-73.9919451
40.709806_-73.9961212
40.709806_-74.009988
40.709811_-73.991772
40.7098169_-74.0146394
40.7098207_-73.9623135
40.7098213_-73.9401822
40.709821_-73.919546
40.7098264_-74.0152242
40.7098271_-73.9911626
40.7098406_-74.0147384
40.7098421_-73.927966
40.7098443_-74.0153021
40.7098515_-74.0150056
40.709851_-73.917142
("40.7091283_-73.9045069","40.7091315_-73.9214396","40.709133_-74.0159636","40.709147_-74.013082","40.7091494_-74.0159906","40.7091501_-73.904356","40.7091502_-73.950817","40.7091542_-73.9607036","40.709154_-74.010542","40.7091621_-74.0160344","40.709169_-73.9608445","40.7091735_-73.9042117","40.709178_-73.946853","40.7091827_-73.9609621","40.7092085_-74.0052099","40.7092086_-73.9962368","40.709218_-73.913032","40.709229_-73.9960706","40.7092425_-73.9959654","40.7092614_-74.0051991","40.7092659_-73.9943832","40.709294_-74.009126","40.7092981_-74.017763","40.709306_-73.907","40.709306_-74.011935","40.7093141_-73.9558966","40.709317_-73.932997","40.7093261_-73.9947074","40.7093285_-74.0051804","40.7093317_-74.0178452","40.709333_-73.922483","40.709333_-74.016765","40.7093398_-73.945241","40.7093451_-73.9217973","40.709352_-73.962414","40.709354_-74.012992","40.7093645_-74.0015739","40.7093648_-74.017885","40.7093775_-74.0051557","40.709377_-74.009226","40.7093782_-73.9934886","40.709382_-73.91881","40.709382_-73.937097","40.7093834_-74.0003835","40.7093852_-74.0015932","40.7093909_-73.9219061","40.7093927_-73.9607424","40.7093975_-73.9916892","40.7093981_-73.9221024","40.709403_-74.0051237","40.7094041_-73.9220261","40.7094121_-74.017906","40.709412_-73.916401","40.7094167_-74.0148736","40.709429_-73.910442","40.7094377_-73.9562399","40.7094489_-73.9609203","40.7094667_-74.0052181","40.7094684_-74.0178948","40.7094693_-73.9935745","40.7094749_-74.000132","40.7094753_-74.0016773","40.709485_-73.994022","40.709485_-74.009371","40.709491_-74.0166613","40.7094955_-74.0138922","40.709498_-73.9435596","40.7095093_-74.0178811","40.709513_-73.950875","40.709522_-73.954326","40.709532_-73.926074","40.709534_-73.964027","40.70953_-74.008418","40.7095436_-74.0178487","40.709552_-73.958862","40.7095537_-73.9612521","40.709557_-74.006435","40.7095594_-74.0178008","40.709559_-74.0177436","40.709602_-73.934871","40.709605_-74.009561","40.7096199_-73.9567377","40.7096288_-74.0015698","40.709637_-73.941873","40.709654_-73.913776","40.70966_-74.004827","40.7096754_-74.0165566","40.7096858_-73.9216077","40.709687_-74.011674","40.7096925_-74.000759","40.709715_-74.009773","40.709716_-73.95236","40.709717_-73.965641","40.70971_-74.012839","40.709725_-73.948655","40.7097435_-73.9570725","40.709743_-73.90532","40.709744_-73.907741","40.7097697_-73.9963817","40.7097908_-73.9919451","40.709806_-73.9961212","40.709806_-74.009988","40.709811_-73.991772","40.7098169_-74.0146394","40.7098207_-73.9623135","40.7098213_-73.9401822","40.709821_-73.919546","40.7098264_-74.0152242","40.7098271_-73.9911626","40.7098406_-74.0147384","40.7098421_-73.927966","40.7098443_-74.0153021","40.7098515_-74.0150056","40.709851_-73.917142")
done
143.30user 820.05system 1:14:45elapsed 21%CPU (0avgtext+0avgdata 56884maxresident)k
2177744inputs+8912outputs (7major+30462minor)pagefaults 0swaps
