40.79174_-73.9629862
40.7917606_-73.9786893
40.791772_-73.937242
40.7917791_-73.9356008
40.791781_-74.0006
40.791784_-74.0088653
40.7917984_-73.953161
40.7918012_-73.9624504
40.7918046_-73.9353971
40.7918263_-74.0002387
40.791844_-74.012424
40.7918801_-73.9356211
40.791891_-73.9553963
40.7918958_-73.9633554
40.791908_-73.941503
40.7919162_-73.9534466
40.7919373_-73.953495
40.7919389_-73.9352157
40.7919504_-73.9807751
40.7919529_-73.9241057
40.7919592_-73.9535389
40.7919611_-73.9623643
40.791961_-74.003684
40.7919708_-73.9248373
40.7919796_-73.9535763
40.7919941_-73.9349366
40.7920064_-73.9245704
40.7920132_-73.953624
40.7920629_-73.935035
40.7920664_-73.9735738
40.7920672_-73.9551962
40.7920701_-73.9755518
40.7921097_-73.9347696
40.7921106_-74.0007322
40.7921142_-73.973692
40.7921252_-73.9717687
40.7921261_-73.9169951
40.792135_-74.0008502
40.7921407_-73.9737576
40.7921416_-73.9537563
40.7921597_-73.9777035
40.79215_-73.9679339
40.7921784_-73.9382001
40.7921806_-73.9348644
40.7921862_-73.968019
40.792188_-73.9550933
40.7921971_-73.9482521
40.7922271_-73.9170662
40.7922285_-73.9775871
40.7922463_-73.9441827
40.792248_-73.9462785
40.7922801_-73.9538867
40.7922894_-73.9775079
40.7922916_-73.9504666
40.79229_-74.006509
40.7923081_-73.9485143
40.7923259_-74.0010809
40.7923371_-73.9550117
40.7923403_-73.9804833
40.792346_-73.9774436
40.792347_-73.952522
40.7923522_-73.9621639
40.7923573_-73.9539735
40.792384_-73.9641881
40.7923926_-73.9540247
40.7923988_-73.9802172
40.7923992_-73.9367899
40.792409_-74.017234
40.7924297_-73.9540865
40.7924467_-73.9773327
40.7924684_-73.9643543
40.7924755_-73.9541861
40.7925069_-73.9542743
40.7925521_-73.9550008
40.7925541_-73.9546207
40.792554_-74.003204
40.79256_-73.9410247
40.7925866_-73.9771974
40.7926027_-73.9620221
40.7926095_-73.9548652
40.7926635_-73.9549551
40.7926703_-73.9173411
40.7926948_-73.9234374
40.792697_-74.006203
40.792701_-73.9731263
40.7927042_-73.9801829
40.7927051_-73.9750902
40.7927059_-73.9233583
40.7927076_-73.955002
40.7927214_-73.9770841
40.792731_-74.014429
40.7927462_-73.9732356
40.7927512_-73.9713117
40.7927516_-73.9550399
40.79276_-73.9338087
40.792771_-73.9732956
40.7927824_-73.9550464
40.7927886_-73.9770328
40.7927912_-73.9233932
40.7928071_-73.9619064
40.7928246_-73.967449
40.792831_-73.9175877
40.792832_-74.001574
40.792843_-73.9377173
40.792846_-73.9229399
40.7928581_-73.9675289
40.7928696_-73.9336268
40.7928715_-73.9477578
40.7928745_-73.9437242
40.7928856_-73.9177327
40.7928869_-73.9338178
40.7928948_-73.922433
40.7929177_-73.9457864
40.792932_-73.95
40.79174_-73.9629862
40.7917606_-73.9786893
40.791772_-73.937242
40.7917791_-73.9356008
40.791781_-74.0006
40.791784_-74.0088653
40.7917984_-73.953161
40.7918012_-73.9624504
40.7918046_-73.9353971
40.7918263_-74.0002387
40.791844_-74.012424
40.7918801_-73.9356211
40.791891_-73.9553963
40.7918958_-73.9633554
40.791908_-73.941503
40.7919162_-73.9534466
40.7919373_-73.953495
40.7919389_-73.9352157
40.7919504_-73.9807751
40.7919529_-73.9241057
40.7919592_-73.9535389
40.7919611_-73.9623643
40.791961_-74.003684
40.7919708_-73.9248373
40.7919796_-73.9535763
40.7919941_-73.9349366
40.7920064_-73.9245704
40.7920132_-73.953624
40.7920629_-73.935035
40.7920664_-73.9735738
40.7920672_-73.9551962
40.7920701_-73.9755518
40.7921097_-73.9347696
40.7921106_-74.0007322
40.7921142_-73.973692
40.7921252_-73.9717687
40.7921261_-73.9169951
40.792135_-74.0008502
40.7921407_-73.9737576
40.7921416_-73.9537563
40.7921597_-73.9777035
40.79215_-73.9679339
40.7921784_-73.9382001
40.7921806_-73.9348644
40.7921862_-73.968019
40.792188_-73.9550933
40.7921971_-73.9482521
40.7922271_-73.9170662
40.7922285_-73.9775871
40.7922463_-73.9441827
40.792248_-73.9462785
40.7922801_-73.9538867
40.7922894_-73.9775079
40.7922916_-73.9504666
40.79229_-74.006509
40.7923081_-73.9485143
40.7923259_-74.0010809
40.7923371_-73.9550117
40.7923403_-73.9804833
40.792346_-73.9774436
40.792347_-73.952522
40.7923522_-73.9621639
40.7923573_-73.9539735
40.792384_-73.9641881
40.7923926_-73.9540247
40.7923988_-73.9802172
40.7923992_-73.9367899
40.792409_-74.017234
40.7924297_-73.9540865
40.7924467_-73.9773327
40.7924684_-73.9643543
40.7924755_-73.9541861
40.7925069_-73.9542743
40.7925521_-73.9550008
40.7925541_-73.9546207
40.792554_-74.003204
40.79256_-73.9410247
40.7925866_-73.9771974
40.7926027_-73.9620221
40.7926095_-73.9548652
40.7926635_-73.9549551
40.7926703_-73.9173411
40.7926948_-73.9234374
40.792697_-74.006203
40.792701_-73.9731263
40.7927042_-73.9801829
40.7927051_-73.9750902
40.7927059_-73.9233583
40.7927076_-73.955002
40.7927214_-73.9770841
40.792731_-74.014429
40.7927462_-73.9732356
40.7927512_-73.9713117
40.7927516_-73.9550399
40.79276_-73.9338087
40.792771_-73.9732956
40.7927824_-73.9550464
40.7927886_-73.9770328
40.7927912_-73.9233932
40.7928071_-73.9619064
40.7928246_-73.967449
40.792831_-73.9175877
40.792832_-74.001574
40.792843_-73.9377173
40.792846_-73.9229399
40.7928581_-73.9675289
40.7928696_-73.9336268
40.7928715_-73.9477578
40.7928745_-73.9437242
40.7928856_-73.9177327
40.7928869_-73.9338178
40.7928948_-73.922433
40.7929177_-73.9457864
40.792932_-73.95
("40.79174_-73.9629862","40.7917606_-73.9786893","40.791772_-73.937242","40.7917791_-73.9356008","40.791781_-74.0006","40.791784_-74.0088653","40.7917984_-73.953161","40.7918012_-73.9624504","40.7918046_-73.9353971","40.7918263_-74.0002387","40.791844_-74.012424","40.7918801_-73.9356211","40.791891_-73.9553963","40.7918958_-73.9633554","40.791908_-73.941503","40.7919162_-73.9534466","40.7919373_-73.953495","40.7919389_-73.9352157","40.7919504_-73.9807751","40.7919529_-73.9241057","40.7919592_-73.9535389","40.7919611_-73.9623643","40.791961_-74.003684","40.7919708_-73.9248373","40.7919796_-73.9535763","40.7919941_-73.9349366","40.7920064_-73.9245704","40.7920132_-73.953624","40.7920629_-73.935035","40.7920664_-73.9735738","40.7920672_-73.9551962","40.7920701_-73.9755518","40.7921097_-73.9347696","40.7921106_-74.0007322","40.7921142_-73.973692","40.7921252_-73.9717687","40.7921261_-73.9169951","40.792135_-74.0008502","40.7921407_-73.9737576","40.7921416_-73.9537563","40.7921597_-73.9777035","40.79215_-73.9679339","40.7921784_-73.9382001","40.7921806_-73.9348644","40.7921862_-73.968019","40.792188_-73.9550933","40.7921971_-73.9482521","40.7922271_-73.9170662","40.7922285_-73.9775871","40.7922463_-73.9441827","40.792248_-73.9462785","40.7922801_-73.9538867","40.7922894_-73.9775079","40.7922916_-73.9504666","40.79229_-74.006509","40.7923081_-73.9485143","40.7923259_-74.0010809","40.7923371_-73.9550117","40.7923403_-73.9804833","40.792346_-73.9774436","40.792347_-73.952522","40.7923522_-73.9621639","40.7923573_-73.9539735","40.792384_-73.9641881","40.7923926_-73.9540247","40.7923988_-73.9802172","40.7923992_-73.9367899","40.792409_-74.017234","40.7924297_-73.9540865","40.7924467_-73.9773327","40.7924684_-73.9643543","40.7924755_-73.9541861","40.7925069_-73.9542743","40.7925521_-73.9550008","40.7925541_-73.9546207","40.792554_-74.003204","40.79256_-73.9410247","40.7925866_-73.9771974","40.7926027_-73.9620221","40.7926095_-73.9548652","40.7926635_-73.9549551","40.7926703_-73.9173411","40.7926948_-73.9234374","40.792697_-74.006203","40.792701_-73.9731263","40.7927042_-73.9801829","40.7927051_-73.9750902","40.7927059_-73.9233583","40.7927076_-73.955002","40.7927214_-73.9770841","40.792731_-74.014429","40.7927462_-73.9732356","40.7927512_-73.9713117","40.7927516_-73.9550399","40.79276_-73.9338087","40.792771_-73.9732956","40.7927824_-73.9550464","40.7927886_-73.9770328","40.7927912_-73.9233932","40.7928071_-73.9619064","40.7928246_-73.967449","40.792831_-73.9175877","40.792832_-74.001574","40.792843_-73.9377173","40.792846_-73.9229399","40.7928581_-73.9675289","40.7928696_-73.9336268","40.7928715_-73.9477578","40.7928745_-73.9437242","40.7928856_-73.9177327","40.7928869_-73.9338178","40.7928948_-73.922433","40.7929177_-73.9457864","40.792932_-73.95")
done
127.94user 822.01system 1:14:03elapsed 21%CPU (0avgtext+0avgdata 60648maxresident)k
315416inputs+25608outputs (14major+32443minor)pagefaults 0swaps
