40.713269_-73.962081
40.713301_-73.938844
40.713306_-73.958342
40.713329_-74.011
40.71332_-73.949245
40.713332_-73.913038
40.7133367_-73.9200254
40.7133428_-73.977895
40.713345_-73.960163
40.713347_-73.941385
40.713348_-73.903802
40.7133734_-73.9901237
40.713373_-73.934802
40.713375_-73.926029
40.7133775_-73.997275
40.713399_-73.956402
40.7133_-73.967416
40.7134151_-73.9820459
40.713415_-73.907975
40.7134182_-73.9158937
40.7134337_-73.9984854
40.713437_-73.91467
40.7134456_-73.9976423
40.7134559_-73.9977129
40.7134632_-73.9973732
40.713468_-73.9973
40.7134714_-73.9536036
40.7134747_-73.9972167
40.713477_-73.947597
40.713484_-73.965503
40.7134861_-74.0048255
40.7134863_-73.9977657
40.7134995_-73.9157145
40.7135015_-73.9885976
40.7135034_-73.9812933
40.7135316_-73.9986912
40.7135437_-73.9785634
40.7135491_-73.997321
40.713555_-73.980853
40.713562_-73.9985825
40.7135711_-73.9067337
40.7135888_-73.998487
40.713596_-73.9787374
40.7135972_-73.906831
40.713597_-73.9851328
40.7136056_-73.997899
40.713607_-73.912872
40.713618_-74.006753
40.7136268_-74.0116287
40.7136287_-73.9534422
40.7136306_-73.9870593
40.713638_-73.945949
40.7136416_-74.0036383
40.71364_-73.927906
40.713654_-73.9986606
40.7136728_-73.9037764
40.7136761_-73.9979778
40.7136777_-74.0067047
40.7136893_-73.9797036
40.7136978_-74.0136805
40.71369_-73.994585
40.7137034_-73.903045
40.713715_-73.905563
40.713722_-73.934959
40.7137274_-73.9978706
40.7137356_-73.9194641
40.7137421_-73.9152655
40.713744_-73.993945
40.7137458_-73.9196328
40.7137478_-73.9536411
40.7137532_-73.9773277
40.713762_-73.97929
40.7137664_-73.9580291
40.7137763_-73.9980787
40.7137805_-74.0116587
40.7137839_-73.9237796
40.7137839_-73.9977525
40.7137854_-73.9852151
40.7137953_-73.9850978
40.713796_-73.944265
40.713796_-74.008832
40.7137973_-73.9049085
40.713799_-73.933179
40.71379_-74.0139463
40.7138145_-74.0032609
40.713816_-73.937346
40.7138173_-73.9208113
40.713822_-73.910158
40.713825_-73.992976
40.7138268_-73.9515729
40.713826_-73.963601
40.713841_-73.9238697
40.713846_-74.010561
40.7138493_-73.992751
40.7138493_-74.0140985
40.7138565_-73.9926789
40.7138596_-73.9926183
40.7138628_-73.992566
40.7138684_-73.992495
40.7138693_-74.0031496
40.7138764_-73.9994345
40.713876_-73.938805
40.7138806_-73.9978556
40.713887_-73.959797
40.713901_-73.96168
40.713901_-73.9974116
40.713903_-73.9239397
40.713903_-73.983998
40.713926_-73.967137
40.7139319_-73.9995543
40.713937_-73.961779
40.7139459_-74.0123378
40.713946_-73.940677
40.7139499_-74.0030248
40.713269_-73.962081
40.713301_-73.938844
40.713306_-73.958342
40.713329_-74.011
40.71332_-73.949245
40.713332_-73.913038
40.7133367_-73.9200254
40.7133428_-73.977895
40.713345_-73.960163
40.713347_-73.941385
40.713348_-73.903802
40.7133734_-73.9901237
40.713373_-73.934802
40.713375_-73.926029
40.7133775_-73.997275
40.713399_-73.956402
40.7133_-73.967416
40.7134151_-73.9820459
40.713415_-73.907975
40.7134182_-73.9158937
40.7134337_-73.9984854
40.713437_-73.91467
40.7134456_-73.9976423
40.7134559_-73.9977129
40.7134632_-73.9973732
40.713468_-73.9973
40.7134714_-73.9536036
40.7134747_-73.9972167
40.713477_-73.947597
40.713484_-73.965503
40.7134861_-74.0048255
40.7134863_-73.9977657
40.7134995_-73.9157145
40.7135015_-73.9885976
40.7135034_-73.9812933
40.7135316_-73.9986912
40.7135437_-73.9785634
40.7135491_-73.997321
40.713555_-73.980853
40.713562_-73.9985825
40.7135711_-73.9067337
40.7135888_-73.998487
40.713596_-73.9787374
40.7135972_-73.906831
40.713597_-73.9851328
40.7136056_-73.997899
40.713607_-73.912872
40.713618_-74.006753
40.7136268_-74.0116287
40.7136287_-73.9534422
40.7136306_-73.9870593
40.713638_-73.945949
40.7136416_-74.0036383
40.71364_-73.927906
40.713654_-73.9986606
40.7136728_-73.9037764
40.7136761_-73.9979778
40.7136777_-74.0067047
40.7136893_-73.9797036
40.7136978_-74.0136805
40.71369_-73.994585
40.7137034_-73.903045
40.713715_-73.905563
40.713722_-73.934959
40.7137274_-73.9978706
40.7137356_-73.9194641
40.7137421_-73.9152655
40.713744_-73.993945
40.7137458_-73.9196328
40.7137478_-73.9536411
40.7137532_-73.9773277
40.713762_-73.97929
40.7137664_-73.9580291
40.7137763_-73.9980787
40.7137805_-74.0116587
40.7137839_-73.9237796
40.7137839_-73.9977525
40.7137854_-73.9852151
40.7137953_-73.9850978
40.713796_-73.944265
40.713796_-74.008832
40.7137973_-73.9049085
40.713799_-73.933179
40.71379_-74.0139463
40.7138145_-74.0032609
40.713816_-73.937346
40.7138173_-73.9208113
40.713822_-73.910158
40.713825_-73.992976
40.7138268_-73.9515729
40.713826_-73.963601
40.713841_-73.9238697
40.713846_-74.010561
40.7138493_-73.992751
40.7138493_-74.0140985
40.7138565_-73.9926789
40.7138596_-73.9926183
40.7138628_-73.992566
40.7138684_-73.992495
40.7138693_-74.0031496
40.7138764_-73.9994345
40.713876_-73.938805
40.7138806_-73.9978556
40.713887_-73.959797
40.713901_-73.96168
40.713901_-73.9974116
40.713903_-73.9239397
40.713903_-73.983998
40.713926_-73.967137
40.7139319_-73.9995543
40.713937_-73.961779
40.7139459_-74.0123378
40.713946_-73.940677
40.7139499_-74.0030248
("40.713269_-73.962081","40.713301_-73.938844","40.713306_-73.958342","40.713329_-74.011","40.71332_-73.949245","40.713332_-73.913038","40.7133367_-73.9200254","40.7133428_-73.977895","40.713345_-73.960163","40.713347_-73.941385","40.713348_-73.903802","40.7133734_-73.9901237","40.713373_-73.934802","40.713375_-73.926029","40.7133775_-73.997275","40.713399_-73.956402","40.7133_-73.967416","40.7134151_-73.9820459","40.713415_-73.907975","40.7134182_-73.9158937","40.7134337_-73.9984854","40.713437_-73.91467","40.7134456_-73.9976423","40.7134559_-73.9977129","40.7134632_-73.9973732","40.713468_-73.9973","40.7134714_-73.9536036","40.7134747_-73.9972167","40.713477_-73.947597","40.713484_-73.965503","40.7134861_-74.0048255","40.7134863_-73.9977657","40.7134995_-73.9157145","40.7135015_-73.9885976","40.7135034_-73.9812933","40.7135316_-73.9986912","40.7135437_-73.9785634","40.7135491_-73.997321","40.713555_-73.980853","40.713562_-73.9985825","40.7135711_-73.9067337","40.7135888_-73.998487","40.713596_-73.9787374","40.7135972_-73.906831","40.713597_-73.9851328","40.7136056_-73.997899","40.713607_-73.912872","40.713618_-74.006753","40.7136268_-74.0116287","40.7136287_-73.9534422","40.7136306_-73.9870593","40.713638_-73.945949","40.7136416_-74.0036383","40.71364_-73.927906","40.713654_-73.9986606","40.7136728_-73.9037764","40.7136761_-73.9979778","40.7136777_-74.0067047","40.7136893_-73.9797036","40.7136978_-74.0136805","40.71369_-73.994585","40.7137034_-73.903045","40.713715_-73.905563","40.713722_-73.934959","40.7137274_-73.9978706","40.7137356_-73.9194641","40.7137421_-73.9152655","40.713744_-73.993945","40.7137458_-73.9196328","40.7137478_-73.9536411","40.7137532_-73.9773277","40.713762_-73.97929","40.7137664_-73.9580291","40.7137763_-73.9980787","40.7137805_-74.0116587","40.7137839_-73.9237796","40.7137839_-73.9977525","40.7137854_-73.9852151","40.7137953_-73.9850978","40.713796_-73.944265","40.713796_-74.008832","40.7137973_-73.9049085","40.713799_-73.933179","40.71379_-74.0139463","40.7138145_-74.0032609","40.713816_-73.937346","40.7138173_-73.9208113","40.713822_-73.910158","40.713825_-73.992976","40.7138268_-73.9515729","40.713826_-73.963601","40.713841_-73.9238697","40.713846_-74.010561","40.7138493_-73.992751","40.7138493_-74.0140985","40.7138565_-73.9926789","40.7138596_-73.9926183","40.7138628_-73.992566","40.7138684_-73.992495","40.7138693_-74.0031496","40.7138764_-73.9994345","40.713876_-73.938805","40.7138806_-73.9978556","40.713887_-73.959797","40.713901_-73.96168","40.713901_-73.9974116","40.713903_-73.9239397","40.713903_-73.983998","40.713926_-73.967137","40.7139319_-73.9995543","40.713937_-73.961779","40.7139459_-74.0123378","40.713946_-73.940677","40.7139499_-74.0030248")
done
143.61user 802.51system 1:15:36elapsed 20%CPU (0avgtext+0avgdata 59796maxresident)k
487848inputs+16672outputs (14major+31419minor)pagefaults 0swaps
