40.7487808_-73.9696886
40.7487813_-73.9532729
40.7487981_-73.970062
40.74879_-73.930235
40.748801_-74.0009006
40.7488046_-73.9377098
40.748818_-73.91281
40.748821_-73.942167
40.748828_-73.908901
40.7488383_-73.9420464
40.7488459_-73.9471087
40.7488515_-73.9895386
40.748851_-73.996783
40.748851_-74.0070872
40.748859_-73.905913
40.7488648_-73.9758337
40.7488751_-73.989595
40.7488769_-74.006932
40.748878_-73.915653
40.7488835_-73.9421229
40.7488986_-73.9395502
40.7489047_-73.9088662
40.7489049_-73.9699868
40.7489141_-74.0070382
40.74891_-73.9398095
40.748921_-73.977888
40.7489243_-73.9373948
40.7489243_-73.988083
40.748927_-73.913744
40.748928_-73.9700436
40.7489293_-73.9696117
40.748934_-73.95164
40.7489365_-73.9705325
40.7489496_-73.9798606
40.7489497_-73.9995782
40.7489621_-73.9705141
40.7489678_-73.9413705
40.748968_-73.996853
40.748974_-74.003236
40.7489802_-73.9879365
40.7489889_-73.9420455
40.7489932_-73.9371958
40.7489967_-73.9698637
40.748998_-73.907836
40.7490021_-73.9397181
40.7490108_-73.9520192
40.749014_-73.914498
40.749014_-74.001412
40.7490196_-73.9544685
40.7490205_-73.988329
40.7490283_-73.9800511
40.7490333_-73.9880635
40.749034_-73.914668
40.749041_-73.944265
40.7490471_-73.9370584
40.7490521_-73.9957492
40.7490534_-73.9969129
40.7490557_-73.9522159
40.74905_-73.982024
40.7490863_-74.0007383
40.749087_-73.9099
40.749089_-73.9369578
40.7490904_-73.9470263
40.7490954_-73.9798732
40.749101_-73.992006
40.749102_-73.984076
40.7491079_-73.9882622
40.7491086_-73.9251429
40.7491137_-73.9745184
40.7491205_-73.9368854
40.7491386_-74.0005061
40.749141_-73.9368474
40.749143_-73.9156
40.74914_-73.9544289
40.7491558_-73.9527722
40.749157_-73.972692
40.749159_-73.920342
40.7491754_-73.9367897
40.749179_-73.915917
40.7491883_-73.9884523
40.749189_-73.997073
40.74919_-73.9703438
40.7491_-73.996965
40.749215_-73.916234
40.7492181_-73.9367284
40.7492218_-73.9703207
40.749248_-73.916526
40.749262_-73.916647
40.749264_-73.997187
40.7492687_-74.0004546
40.7492688_-73.9454597
40.749286_-73.916849
40.749294_-73.942945
40.7492965_-73.9494165
40.749297_-73.907704
40.7493092_-73.9366064
40.749321_-73.917153
40.7493242_-73.9694314
40.7493357_-73.9769521
40.749337_-73.906698
40.7493388_-73.9417823
40.749345_-73.919359
40.7493489_-73.9539886
40.74934_-73.99733
40.7493505_-73.9710631
40.749356_-73.917456
40.7493922_-74.0004718
40.7493971_-74.0065543
40.7494019_-73.9693739
40.749405_-73.9543419
40.749405_-73.997497
40.7494064_-73.9499791
40.749412_-73.935387
40.749424_-73.940535
40.7487808_-73.9696886
40.7487813_-73.9532729
40.7487981_-73.970062
40.74879_-73.930235
40.748801_-74.0009006
40.7488046_-73.9377098
40.748818_-73.91281
40.748821_-73.942167
40.748828_-73.908901
40.7488383_-73.9420464
40.7488459_-73.9471087
40.7488515_-73.9895386
40.748851_-73.996783
40.748851_-74.0070872
40.748859_-73.905913
40.7488648_-73.9758337
40.7488751_-73.989595
40.7488769_-74.006932
40.748878_-73.915653
40.7488835_-73.9421229
40.7488986_-73.9395502
40.7489047_-73.9088662
40.7489049_-73.9699868
40.7489141_-74.0070382
40.74891_-73.9398095
40.748921_-73.977888
40.7489243_-73.9373948
40.7489243_-73.988083
40.748927_-73.913744
40.748928_-73.9700436
40.7489293_-73.9696117
40.748934_-73.95164
40.7489365_-73.9705325
40.7489496_-73.9798606
40.7489497_-73.9995782
40.7489621_-73.9705141
40.7489678_-73.9413705
40.748968_-73.996853
40.748974_-74.003236
40.7489802_-73.9879365
40.7489889_-73.9420455
40.7489932_-73.9371958
40.7489967_-73.9698637
40.748998_-73.907836
40.7490021_-73.9397181
40.7490108_-73.9520192
40.749014_-73.914498
40.749014_-74.001412
40.7490196_-73.9544685
40.7490205_-73.988329
40.7490283_-73.9800511
40.7490333_-73.9880635
40.749034_-73.914668
40.749041_-73.944265
40.7490471_-73.9370584
40.7490521_-73.9957492
40.7490534_-73.9969129
40.7490557_-73.9522159
40.74905_-73.982024
40.7490863_-74.0007383
40.749087_-73.9099
40.749089_-73.9369578
40.7490904_-73.9470263
40.7490954_-73.9798732
40.749101_-73.992006
40.749102_-73.984076
40.7491079_-73.9882622
40.7491086_-73.9251429
40.7491137_-73.9745184
40.7491205_-73.9368854
40.7491386_-74.0005061
40.749141_-73.9368474
40.749143_-73.9156
40.74914_-73.9544289
40.7491558_-73.9527722
40.749157_-73.972692
40.749159_-73.920342
40.7491754_-73.9367897
40.749179_-73.915917
40.7491883_-73.9884523
40.749189_-73.997073
40.74919_-73.9703438
40.7491_-73.996965
40.749215_-73.916234
40.7492181_-73.9367284
40.7492218_-73.9703207
40.749248_-73.916526
40.749262_-73.916647
40.749264_-73.997187
40.7492687_-74.0004546
40.7492688_-73.9454597
40.749286_-73.916849
40.749294_-73.942945
40.7492965_-73.9494165
40.749297_-73.907704
40.7493092_-73.9366064
40.749321_-73.917153
40.7493242_-73.9694314
40.7493357_-73.9769521
40.749337_-73.906698
40.7493388_-73.9417823
40.749345_-73.919359
40.7493489_-73.9539886
40.74934_-73.99733
40.7493505_-73.9710631
40.749356_-73.917456
40.7493922_-74.0004718
40.7493971_-74.0065543
40.7494019_-73.9693739
40.749405_-73.9543419
40.749405_-73.997497
40.7494064_-73.9499791
40.749412_-73.935387
40.749424_-73.940535
("40.7487808_-73.9696886","40.7487813_-73.9532729","40.7487981_-73.970062","40.74879_-73.930235","40.748801_-74.0009006","40.7488046_-73.9377098","40.748818_-73.91281","40.748821_-73.942167","40.748828_-73.908901","40.7488383_-73.9420464","40.7488459_-73.9471087","40.7488515_-73.9895386","40.748851_-73.996783","40.748851_-74.0070872","40.748859_-73.905913","40.7488648_-73.9758337","40.7488751_-73.989595","40.7488769_-74.006932","40.748878_-73.915653","40.7488835_-73.9421229","40.7488986_-73.9395502","40.7489047_-73.9088662","40.7489049_-73.9699868","40.7489141_-74.0070382","40.74891_-73.9398095","40.748921_-73.977888","40.7489243_-73.9373948","40.7489243_-73.988083","40.748927_-73.913744","40.748928_-73.9700436","40.7489293_-73.9696117","40.748934_-73.95164","40.7489365_-73.9705325","40.7489496_-73.9798606","40.7489497_-73.9995782","40.7489621_-73.9705141","40.7489678_-73.9413705","40.748968_-73.996853","40.748974_-74.003236","40.7489802_-73.9879365","40.7489889_-73.9420455","40.7489932_-73.9371958","40.7489967_-73.9698637","40.748998_-73.907836","40.7490021_-73.9397181","40.7490108_-73.9520192","40.749014_-73.914498","40.749014_-74.001412","40.7490196_-73.9544685","40.7490205_-73.988329","40.7490283_-73.9800511","40.7490333_-73.9880635","40.749034_-73.914668","40.749041_-73.944265","40.7490471_-73.9370584","40.7490521_-73.9957492","40.7490534_-73.9969129","40.7490557_-73.9522159","40.74905_-73.982024","40.7490863_-74.0007383","40.749087_-73.9099","40.749089_-73.9369578","40.7490904_-73.9470263","40.7490954_-73.9798732","40.749101_-73.992006","40.749102_-73.984076","40.7491079_-73.9882622","40.7491086_-73.9251429","40.7491137_-73.9745184","40.7491205_-73.9368854","40.7491386_-74.0005061","40.749141_-73.9368474","40.749143_-73.9156","40.74914_-73.9544289","40.7491558_-73.9527722","40.749157_-73.972692","40.749159_-73.920342","40.7491754_-73.9367897","40.749179_-73.915917","40.7491883_-73.9884523","40.749189_-73.997073","40.74919_-73.9703438","40.7491_-73.996965","40.749215_-73.916234","40.7492181_-73.9367284","40.7492218_-73.9703207","40.749248_-73.916526","40.749262_-73.916647","40.749264_-73.997187","40.7492687_-74.0004546","40.7492688_-73.9454597","40.749286_-73.916849","40.749294_-73.942945","40.7492965_-73.9494165","40.749297_-73.907704","40.7493092_-73.9366064","40.749321_-73.917153","40.7493242_-73.9694314","40.7493357_-73.9769521","40.749337_-73.906698","40.7493388_-73.9417823","40.749345_-73.919359","40.7493489_-73.9539886","40.74934_-73.99733","40.7493505_-73.9710631","40.749356_-73.917456","40.7493922_-74.0004718","40.7493971_-74.0065543","40.7494019_-73.9693739","40.749405_-73.9543419","40.749405_-73.997497","40.7494064_-73.9499791","40.749412_-73.935387","40.749424_-73.940535")
done
143.68user 810.99system 1:11:59elapsed 22%CPU (0avgtext+0avgdata 90136maxresident)k
723360inputs+121936outputs (54major+44543minor)pagefaults 0swaps
