40.7958543_-73.918697
40.7958645_-73.9930169
40.7958732_-73.9752976
40.7958775_-73.9557318
40.7958878_-73.9929923
40.7958944_-73.9666069
40.795896_-73.9747355
40.7959082_-73.9294778
40.7959244_-73.9707469
40.7959254_-73.9199442
40.7959319_-73.9727152
40.7959342_-73.9557354
40.7959356_-73.9929746
40.795937_-73.9751895
40.7959501_-73.929599
40.7959548_-73.9198141
40.7959611_-73.9541405
40.7959696_-73.9708573
40.7959838_-73.9414543
40.7959856_-73.9689504
40.7959869_-73.9354207
40.7959957_-73.9709211
40.7959_-73.996861
40.7960004_-73.9196992
40.796025_-73.976735
40.7960499_-73.9984867
40.7960652_-73.9614833
40.7960687_-73.9454246
40.7960709_-73.9763407
40.7960845_-73.9294163
40.7960891_-73.9434711
40.7960892_-73.9633482
40.7961001_-73.9670877
40.7961014_-73.9749033
40.7961101_-73.929542
40.7961119_-74.0107476
40.7961147_-73.9614473
40.7961351_-73.9766262
40.7961379_-73.9753112
40.7961626_-73.9297581
40.7961784_-73.9476292
40.7961817_-73.9456947
40.796191_-74.005817
40.7962019_-73.9762228
40.796217_-73.949695
40.796235_-73.919301
40.7962434_-73.9746813
40.7962567_-73.9293604
40.7962587_-73.9555677
40.7962666_-73.9294897
40.796269_-74.01503
40.7962837_-73.9180344
40.796299_-73.9568261
40.7963153_-73.9382745
40.7963162_-73.9191891
40.7963312_-73.9745622
40.7963552_-73.976436
40.796359_-73.9322
40.7963805_-73.9760803
40.7964193_-73.9744615
40.79642_-73.996636
40.796432_-73.9191114
40.7964427_-73.9742335
40.7964608_-73.9294375
40.7965008_-73.9759958
40.796501_-73.9190792
40.796511_-73.994609
40.7965204_-73.9740978
40.7965263_-73.9743527
40.796529_-74.006528
40.796534_-74.003097
40.7965436_-73.9179218
40.79654_-74.011653
40.7965528_-73.970293
40.7965558_-73.9722592
40.7965712_-73.9493123
40.7965722_-73.9492018
40.7965936_-73.9682772
40.796594_-73.9703941
40.7965966_-73.9494264
40.7965985_-73.9490913
40.7966016_-73.9742831
40.7966099_-73.9683268
40.7966222_-73.9704634
40.7966223_-73.9683767
40.7966249_-73.9185575
40.7966298_-73.9293971
40.796631_-73.994604
40.7966337_-73.9495045
40.7966354_-73.9762347
40.7966412_-73.9684718
40.7966426_-73.9490046
40.7966604_-73.9190295
40.7966629_-73.968576
40.7966799_-73.9495649
40.7966814_-73.934912
40.7966853_-73.9758833
40.7966874_-73.9686621
40.796689_-73.9488321
40.7966988_-73.9489401
40.7967041_-73.9550917
40.7967086_-73.9567979
40.796714_-73.9449536
40.7967202_-73.9628856
40.7967302_-73.9496071
40.7967354_-73.9738918
40.7967406_-73.9190161
40.7967449_-73.9609936
40.7967518_-73.9185467
40.7967525_-73.9984577
40.7967534_-73.9741752
40.7967555_-73.9489008
40.7967704_-73.9488941
40.7967761_-73.9496313
40.7958543_-73.918697
40.7958645_-73.9930169
40.7958732_-73.9752976
40.7958775_-73.9557318
40.7958878_-73.9929923
40.7958944_-73.9666069
40.795896_-73.9747355
40.7959082_-73.9294778
40.7959244_-73.9707469
40.7959254_-73.9199442
40.7959319_-73.9727152
40.7959342_-73.9557354
40.7959356_-73.9929746
40.795937_-73.9751895
40.7959501_-73.929599
40.7959548_-73.9198141
40.7959611_-73.9541405
40.7959696_-73.9708573
40.7959838_-73.9414543
40.7959856_-73.9689504
40.7959869_-73.9354207
40.7959957_-73.9709211
40.7959_-73.996861
40.7960004_-73.9196992
40.796025_-73.976735
40.7960499_-73.9984867
40.7960652_-73.9614833
40.7960687_-73.9454246
40.7960709_-73.9763407
40.7960845_-73.9294163
40.7960891_-73.9434711
40.7960892_-73.9633482
40.7961001_-73.9670877
40.7961014_-73.9749033
40.7961101_-73.929542
40.7961119_-74.0107476
40.7961147_-73.9614473
40.7961351_-73.9766262
40.7961379_-73.9753112
40.7961626_-73.9297581
40.7961784_-73.9476292
40.7961817_-73.9456947
40.796191_-74.005817
40.7962019_-73.9762228
40.796217_-73.949695
40.796235_-73.919301
40.7962434_-73.9746813
40.7962567_-73.9293604
40.7962587_-73.9555677
40.7962666_-73.9294897
40.796269_-74.01503
40.7962837_-73.9180344
40.796299_-73.9568261
40.7963153_-73.9382745
40.7963162_-73.9191891
40.7963312_-73.9745622
40.7963552_-73.976436
40.796359_-73.9322
40.7963805_-73.9760803
40.7964193_-73.9744615
40.79642_-73.996636
40.796432_-73.9191114
40.7964427_-73.9742335
40.7964608_-73.9294375
40.7965008_-73.9759958
40.796501_-73.9190792
40.796511_-73.994609
40.7965204_-73.9740978
40.7965263_-73.9743527
40.796529_-74.006528
40.796534_-74.003097
40.7965436_-73.9179218
40.79654_-74.011653
40.7965528_-73.970293
40.7965558_-73.9722592
40.7965712_-73.9493123
40.7965722_-73.9492018
40.7965936_-73.9682772
40.796594_-73.9703941
40.7965966_-73.9494264
40.7965985_-73.9490913
40.7966016_-73.9742831
40.7966099_-73.9683268
40.7966222_-73.9704634
40.7966223_-73.9683767
40.7966249_-73.9185575
40.7966298_-73.9293971
40.796631_-73.994604
40.7966337_-73.9495045
40.7966354_-73.9762347
40.7966412_-73.9684718
40.7966426_-73.9490046
40.7966604_-73.9190295
40.7966629_-73.968576
40.7966799_-73.9495649
40.7966814_-73.934912
40.7966853_-73.9758833
40.7966874_-73.9686621
40.796689_-73.9488321
40.7966988_-73.9489401
40.7967041_-73.9550917
40.7967086_-73.9567979
40.796714_-73.9449536
40.7967202_-73.9628856
40.7967302_-73.9496071
40.7967354_-73.9738918
40.7967406_-73.9190161
40.7967449_-73.9609936
40.7967518_-73.9185467
40.7967525_-73.9984577
40.7967534_-73.9741752
40.7967555_-73.9489008
40.7967704_-73.9488941
40.7967761_-73.9496313
("40.7958543_-73.918697","40.7958645_-73.9930169","40.7958732_-73.9752976","40.7958775_-73.9557318","40.7958878_-73.9929923","40.7958944_-73.9666069","40.795896_-73.9747355","40.7959082_-73.9294778","40.7959244_-73.9707469","40.7959254_-73.9199442","40.7959319_-73.9727152","40.7959342_-73.9557354","40.7959356_-73.9929746","40.795937_-73.9751895","40.7959501_-73.929599","40.7959548_-73.9198141","40.7959611_-73.9541405","40.7959696_-73.9708573","40.7959838_-73.9414543","40.7959856_-73.9689504","40.7959869_-73.9354207","40.7959957_-73.9709211","40.7959_-73.996861","40.7960004_-73.9196992","40.796025_-73.976735","40.7960499_-73.9984867","40.7960652_-73.9614833","40.7960687_-73.9454246","40.7960709_-73.9763407","40.7960845_-73.9294163","40.7960891_-73.9434711","40.7960892_-73.9633482","40.7961001_-73.9670877","40.7961014_-73.9749033","40.7961101_-73.929542","40.7961119_-74.0107476","40.7961147_-73.9614473","40.7961351_-73.9766262","40.7961379_-73.9753112","40.7961626_-73.9297581","40.7961784_-73.9476292","40.7961817_-73.9456947","40.796191_-74.005817","40.7962019_-73.9762228","40.796217_-73.949695","40.796235_-73.919301","40.7962434_-73.9746813","40.7962567_-73.9293604","40.7962587_-73.9555677","40.7962666_-73.9294897","40.796269_-74.01503","40.7962837_-73.9180344","40.796299_-73.9568261","40.7963153_-73.9382745","40.7963162_-73.9191891","40.7963312_-73.9745622","40.7963552_-73.976436","40.796359_-73.9322","40.7963805_-73.9760803","40.7964193_-73.9744615","40.79642_-73.996636","40.796432_-73.9191114","40.7964427_-73.9742335","40.7964608_-73.9294375","40.7965008_-73.9759958","40.796501_-73.9190792","40.796511_-73.994609","40.7965204_-73.9740978","40.7965263_-73.9743527","40.796529_-74.006528","40.796534_-74.003097","40.7965436_-73.9179218","40.79654_-74.011653","40.7965528_-73.970293","40.7965558_-73.9722592","40.7965712_-73.9493123","40.7965722_-73.9492018","40.7965936_-73.9682772","40.796594_-73.9703941","40.7965966_-73.9494264","40.7965985_-73.9490913","40.7966016_-73.9742831","40.7966099_-73.9683268","40.7966222_-73.9704634","40.7966223_-73.9683767","40.7966249_-73.9185575","40.7966298_-73.9293971","40.796631_-73.994604","40.7966337_-73.9495045","40.7966354_-73.9762347","40.7966412_-73.9684718","40.7966426_-73.9490046","40.7966604_-73.9190295","40.7966629_-73.968576","40.7966799_-73.9495649","40.7966814_-73.934912","40.7966853_-73.9758833","40.7966874_-73.9686621","40.796689_-73.9488321","40.7966988_-73.9489401","40.7967041_-73.9550917","40.7967086_-73.9567979","40.796714_-73.9449536","40.7967202_-73.9628856","40.7967302_-73.9496071","40.7967354_-73.9738918","40.7967406_-73.9190161","40.7967449_-73.9609936","40.7967518_-73.9185467","40.7967525_-73.9984577","40.7967534_-73.9741752","40.7967555_-73.9489008","40.7967704_-73.9488941","40.7967761_-73.9496313")
done
130.26user 817.89system 1:13:27elapsed 21%CPU (0avgtext+0avgdata 58640maxresident)k
944992inputs+15672outputs (9major+31156minor)pagefaults 0swaps
