40.7271753_-73.9495425
40.727211_-73.99527
40.727215_-73.9074148
40.7272218_-73.90576
40.7272468_-74.0006672
40.727261_-73.982657
40.7272848_-73.9557982
40.7272868_-73.9070153
40.727289_-73.99364
40.727296_-73.924291
40.7273016_-73.9973961
40.7273118_-73.9974162
40.727317_-73.957172
40.727328_-74.00732
40.72733_-73.9810053
40.7273539_-73.9884245
40.727354_-73.945879
40.7273671_-73.9571801
40.7273716_-74.0005643
40.727375_-73.90312
40.727383_-73.945731
40.727384_-73.951821
40.727402_-73.988539
40.7274241_-73.9612459
40.7274395_-73.9496967
40.7274503_-73.9733178
40.7274637_-73.9886852
40.727468_-73.979469
40.7274712_-73.9884892
40.727474_-73.936228
40.72747_-74.008845
40.727485_-73.944806
40.7274901_-73.9073693
40.7275023_-73.9200236
40.7275125_-73.971775
40.7275226_-73.9914753
40.727557_-74.009623
40.727564_-73.99419
40.727568_-73.954979
40.727571_-73.943873
40.7275795_-73.9072728
40.727599_-73.985307
40.727601_-74.002513
40.727609_-73.9121
40.727611_-73.958897
40.7276134_-74.0014475
40.7276445_-73.9854151
40.727646_-73.924888
40.7276565_-73.9912568
40.7276601_-73.9499595
40.727662_-73.942943
40.727664_-73.950978
40.727664_-74.003155
40.7276784_-73.9081471
40.7276837_-73.9981746
40.7276881_-73.9718608
40.7277077_-73.9913516
40.7277093_-73.9912191
40.7277332_-73.949863
40.727733_-73.90673
40.7277438_-73.9914338
40.7277478_-74.0013389
40.727754_-73.957243
40.72775_-73.941992
40.727762_-73.9762113
40.7277809_-73.9251181
40.727794_-73.937243
40.7278217_-73.9947585
40.727841_-73.941043
40.7278445_-73.9141619
40.727846_-73.982228
40.727848_-73.954137
40.727854_-73.926564
40.7278596_-73.9912628
40.7278654_-73.932551
40.727867_-73.993147
40.727879_-74.005427
40.7278801_-73.9722
40.7278823_-73.9720984
40.727923_-73.955488
40.7279262_-73.988162
40.727929_-73.940115
40.7279366_-73.9265314
40.7279439_-73.9501325
40.7279456_-73.9910504
40.7279606_-73.9719792
40.7279613_-73.9717063
40.727966_-73.950067
40.7279744_-73.9265124
40.7279783_-73.9071729
40.7279821_-74.0021941
40.7279869_-73.9500054
40.727986_-73.988119
40.7279939_-73.9718198
40.727_-73.923657
40.728007_-73.955216
40.7280098_-73.9990044
40.7280124_-73.9152517
40.728016_-73.939181
40.7280322_-73.9719572
40.7280473_-73.9501956
40.7280477_-73.9880737
40.728057_-73.976882
40.72805_-74.007203
40.7280605_-73.9500467
40.7280695_-73.9989542
40.7281031_-74.0020998
40.7281064_-73.9083683
40.728106_-73.978998
40.7281073_-73.9989223
40.728117_-73.990232
40.728133_-73.953273
40.7281493_-73.9607539
40.728152_-73.993724
40.7271753_-73.9495425
40.727211_-73.99527
40.727215_-73.9074148
40.7272218_-73.90576
40.7272468_-74.0006672
40.727261_-73.982657
40.7272848_-73.9557982
40.7272868_-73.9070153
40.727289_-73.99364
40.727296_-73.924291
40.7273016_-73.9973961
40.7273118_-73.9974162
40.727317_-73.957172
40.727328_-74.00732
40.72733_-73.9810053
40.7273539_-73.9884245
40.727354_-73.945879
40.7273671_-73.9571801
40.7273716_-74.0005643
40.727375_-73.90312
40.727383_-73.945731
40.727384_-73.951821
40.727402_-73.988539
40.7274241_-73.9612459
40.7274395_-73.9496967
40.7274503_-73.9733178
40.7274637_-73.9886852
40.727468_-73.979469
40.7274712_-73.9884892
40.727474_-73.936228
40.72747_-74.008845
40.727485_-73.944806
40.7274901_-73.9073693
40.7275023_-73.9200236
40.7275125_-73.971775
40.7275226_-73.9914753
40.727557_-74.009623
40.727564_-73.99419
40.727568_-73.954979
40.727571_-73.943873
40.7275795_-73.9072728
40.727599_-73.985307
40.727601_-74.002513
40.727609_-73.9121
40.727611_-73.958897
40.7276134_-74.0014475
40.7276445_-73.9854151
40.727646_-73.924888
40.7276565_-73.9912568
40.7276601_-73.9499595
40.727662_-73.942943
40.727664_-73.950978
40.727664_-74.003155
40.7276784_-73.9081471
40.7276837_-73.9981746
40.7276881_-73.9718608
40.7277077_-73.9913516
40.7277093_-73.9912191
40.7277332_-73.949863
40.727733_-73.90673
40.7277438_-73.9914338
40.7277478_-74.0013389
40.727754_-73.957243
40.72775_-73.941992
40.727762_-73.9762113
40.7277809_-73.9251181
40.727794_-73.937243
40.7278217_-73.9947585
40.727841_-73.941043
40.7278445_-73.9141619
40.727846_-73.982228
40.727848_-73.954137
40.727854_-73.926564
40.7278596_-73.9912628
40.7278654_-73.932551
40.727867_-73.993147
40.727879_-74.005427
40.7278801_-73.9722
40.7278823_-73.9720984
40.727923_-73.955488
40.7279262_-73.988162
40.727929_-73.940115
40.7279366_-73.9265314
40.7279439_-73.9501325
40.7279456_-73.9910504
40.7279606_-73.9719792
40.7279613_-73.9717063
40.727966_-73.950067
40.7279744_-73.9265124
40.7279783_-73.9071729
40.7279821_-74.0021941
40.7279869_-73.9500054
40.727986_-73.988119
40.7279939_-73.9718198
40.727_-73.923657
40.728007_-73.955216
40.7280098_-73.9990044
40.7280124_-73.9152517
40.728016_-73.939181
40.7280322_-73.9719572
40.7280473_-73.9501956
40.7280477_-73.9880737
40.728057_-73.976882
40.72805_-74.007203
40.7280605_-73.9500467
40.7280695_-73.9989542
40.7281031_-74.0020998
40.7281064_-73.9083683
40.728106_-73.978998
40.7281073_-73.9989223
40.728117_-73.990232
40.728133_-73.953273
40.7281493_-73.9607539
40.728152_-73.993724
("40.7271753_-73.9495425","40.727211_-73.99527","40.727215_-73.9074148","40.7272218_-73.90576","40.7272468_-74.0006672","40.727261_-73.982657","40.7272848_-73.9557982","40.7272868_-73.9070153","40.727289_-73.99364","40.727296_-73.924291","40.7273016_-73.9973961","40.7273118_-73.9974162","40.727317_-73.957172","40.727328_-74.00732","40.72733_-73.9810053","40.7273539_-73.9884245","40.727354_-73.945879","40.7273671_-73.9571801","40.7273716_-74.0005643","40.727375_-73.90312","40.727383_-73.945731","40.727384_-73.951821","40.727402_-73.988539","40.7274241_-73.9612459","40.7274395_-73.9496967","40.7274503_-73.9733178","40.7274637_-73.9886852","40.727468_-73.979469","40.7274712_-73.9884892","40.727474_-73.936228","40.72747_-74.008845","40.727485_-73.944806","40.7274901_-73.9073693","40.7275023_-73.9200236","40.7275125_-73.971775","40.7275226_-73.9914753","40.727557_-74.009623","40.727564_-73.99419","40.727568_-73.954979","40.727571_-73.943873","40.7275795_-73.9072728","40.727599_-73.985307","40.727601_-74.002513","40.727609_-73.9121","40.727611_-73.958897","40.7276134_-74.0014475","40.7276445_-73.9854151","40.727646_-73.924888","40.7276565_-73.9912568","40.7276601_-73.9499595","40.727662_-73.942943","40.727664_-73.950978","40.727664_-74.003155","40.7276784_-73.9081471","40.7276837_-73.9981746","40.7276881_-73.9718608","40.7277077_-73.9913516","40.7277093_-73.9912191","40.7277332_-73.949863","40.727733_-73.90673","40.7277438_-73.9914338","40.7277478_-74.0013389","40.727754_-73.957243","40.72775_-73.941992","40.727762_-73.9762113","40.7277809_-73.9251181","40.727794_-73.937243","40.7278217_-73.9947585","40.727841_-73.941043","40.7278445_-73.9141619","40.727846_-73.982228","40.727848_-73.954137","40.727854_-73.926564","40.7278596_-73.9912628","40.7278654_-73.932551","40.727867_-73.993147","40.727879_-74.005427","40.7278801_-73.9722","40.7278823_-73.9720984","40.727923_-73.955488","40.7279262_-73.988162","40.727929_-73.940115","40.7279366_-73.9265314","40.7279439_-73.9501325","40.7279456_-73.9910504","40.7279606_-73.9719792","40.7279613_-73.9717063","40.727966_-73.950067","40.7279744_-73.9265124","40.7279783_-73.9071729","40.7279821_-74.0021941","40.7279869_-73.9500054","40.727986_-73.988119","40.7279939_-73.9718198","40.727_-73.923657","40.728007_-73.955216","40.7280098_-73.9990044","40.7280124_-73.9152517","40.728016_-73.939181","40.7280322_-73.9719572","40.7280473_-73.9501956","40.7280477_-73.9880737","40.728057_-73.976882","40.72805_-74.007203","40.7280605_-73.9500467","40.7280695_-73.9989542","40.7281031_-74.0020998","40.7281064_-73.9083683","40.728106_-73.978998","40.7281073_-73.9989223","40.728117_-73.990232","40.728133_-73.953273","40.7281493_-73.9607539","40.728152_-73.993724")
done
141.82user 783.53system 1:15:48elapsed 20%CPU (0avgtext+0avgdata 72308maxresident)k
1853712inputs+68480outputs (32major+37852minor)pagefaults 0swaps
