40.7444583_-73.9059509
40.7444604_-73.9712379
40.7444619_-73.9730148
40.74446_-73.9790542
40.744471_-73.911509
40.744472_-73.914637
40.7444732_-73.9560994
40.7444746_-73.9298199
40.7444851_-73.9561602
40.7444979_-73.9437535
40.744498_-73.981109
40.744505_-73.975224
40.7445076_-73.9731261
40.7445115_-73.9317161
40.7445132_-73.9712361
40.7445144_-73.9288674
40.7445176_-73.9907382
40.7445227_-73.9582465
40.7445287_-73.9558434
40.744533_-73.988869
40.7445397_-73.9062973
40.7445406_-73.9559052
40.7445546_-73.9559781
40.744562_-73.983177
40.7445636_-73.9908474
40.7445714_-73.9560651
40.744579_-73.915566
40.7445801_-73.9307528
40.7445842_-74.0025975
40.744593_-73.9710787
40.7446088_-73.9567906
40.7446211_-73.9712464
40.7446215_-73.9326468
40.7446222_-73.9486711
40.7446234_-73.9297877
40.744627_-73.985243
40.7446307_-73.955953
40.7446399_-74.0027323
40.74463_-73.998972
40.744646_-74.006385
40.744659_-73.906805
40.7446611_-73.9755982
40.7446613_-74.0081705
40.7446769_-73.9559378
40.7446819_-73.9759481
40.744682_-73.987298
40.744686_-73.916493
40.744687_-73.9711727
40.7446947_-74.0082461
40.7447002_-73.9485066
40.7447058_-73.9567613
40.7447232_-73.9307236
40.7447246_-73.9335732
40.7447275_-73.9717382
40.7447275_-73.9757576
40.7447428_-73.9105638
40.744748_-73.93926
40.744763_-73.995161
40.7447675_-74.0084362
40.7447781_-73.9326124
40.744779_-73.975881
40.7447926_-73.9712187
40.7447926_-74.0067347
40.744792_-73.91742
40.744797_-73.903255
40.7448012_-73.9534112
40.744802_-73.991419
40.744806_-73.913626
40.744817_-73.942874
40.7448188_-73.9482041
40.7448259_-73.9578972
40.7448355_-73.9316469
40.7448451_-73.9781064
40.7448473_-73.9334486
40.7448701_-73.9576127
40.7448891_-73.9334153
40.744901_-73.918349
40.7449105_-73.9335745
40.744914_-73.903687
40.74491_-73.9578193
40.7449377_-73.9333896
40.744941_-73.909587
40.7449426_-73.9325762
40.7449613_-73.9354111
40.7449903_-73.933369
40.74501_-73.919275
40.7450383_-73.9507702
40.7450467_-73.9333575
40.7450526_-73.9335514
40.745058_-73.978607
40.7450662_-73.9382658
40.745069_-73.93635
40.7450799_-73.9725638
40.7451007_-73.9381238
40.745112_-73.908632
40.745116_-73.920203
40.7451239_-73.9726706
40.7451245_-73.9474573
40.74512_-73.904488
40.7451317_-73.9902843
40.745131_-73.9806552
40.74514_-73.9706856
40.745156_-73.908378
40.7451586_-73.9335154
40.7451674_-73.9707907
40.7451693_-74.0021778
40.7451712_-73.9709376
40.7451715_-73.9372308
40.745174_-73.974748
40.7451752_-73.9477223
40.745181_-73.982727
40.7451972_-73.9420329
40.7451982_-73.9904414
40.745203_-73.908558
40.7444583_-73.9059509
40.7444604_-73.9712379
40.7444619_-73.9730148
40.74446_-73.9790542
40.744471_-73.911509
40.744472_-73.914637
40.7444732_-73.9560994
40.7444746_-73.9298199
40.7444851_-73.9561602
40.7444979_-73.9437535
40.744498_-73.981109
40.744505_-73.975224
40.7445076_-73.9731261
40.7445115_-73.9317161
40.7445132_-73.9712361
40.7445144_-73.9288674
40.7445176_-73.9907382
40.7445227_-73.9582465
40.7445287_-73.9558434
40.744533_-73.988869
40.7445397_-73.9062973
40.7445406_-73.9559052
40.7445546_-73.9559781
40.744562_-73.983177
40.7445636_-73.9908474
40.7445714_-73.9560651
40.744579_-73.915566
40.7445801_-73.9307528
40.7445842_-74.0025975
40.744593_-73.9710787
40.7446088_-73.9567906
40.7446211_-73.9712464
40.7446215_-73.9326468
40.7446222_-73.9486711
40.7446234_-73.9297877
40.744627_-73.985243
40.7446307_-73.955953
40.7446399_-74.0027323
40.74463_-73.998972
40.744646_-74.006385
40.744659_-73.906805
40.7446611_-73.9755982
40.7446613_-74.0081705
40.7446769_-73.9559378
40.7446819_-73.9759481
40.744682_-73.987298
40.744686_-73.916493
40.744687_-73.9711727
40.7446947_-74.0082461
40.7447002_-73.9485066
40.7447058_-73.9567613
40.7447232_-73.9307236
40.7447246_-73.9335732
40.7447275_-73.9717382
40.7447275_-73.9757576
40.7447428_-73.9105638
40.744748_-73.93926
40.744763_-73.995161
40.7447675_-74.0084362
40.7447781_-73.9326124
40.744779_-73.975881
40.7447926_-73.9712187
40.7447926_-74.0067347
40.744792_-73.91742
40.744797_-73.903255
40.7448012_-73.9534112
40.744802_-73.991419
40.744806_-73.913626
40.744817_-73.942874
40.7448188_-73.9482041
40.7448259_-73.9578972
40.7448355_-73.9316469
40.7448451_-73.9781064
40.7448473_-73.9334486
40.7448701_-73.9576127
40.7448891_-73.9334153
40.744901_-73.918349
40.7449105_-73.9335745
40.744914_-73.903687
40.74491_-73.9578193
40.7449377_-73.9333896
40.744941_-73.909587
40.7449426_-73.9325762
40.7449613_-73.9354111
40.7449903_-73.933369
40.74501_-73.919275
40.7450383_-73.9507702
40.7450467_-73.9333575
40.7450526_-73.9335514
40.745058_-73.978607
40.7450662_-73.9382658
40.745069_-73.93635
40.7450799_-73.9725638
40.7451007_-73.9381238
40.745112_-73.908632
40.745116_-73.920203
40.7451239_-73.9726706
40.7451245_-73.9474573
40.74512_-73.904488
40.7451317_-73.9902843
40.745131_-73.9806552
40.74514_-73.9706856
40.745156_-73.908378
40.7451586_-73.9335154
40.7451674_-73.9707907
40.7451693_-74.0021778
40.7451712_-73.9709376
40.7451715_-73.9372308
40.745174_-73.974748
40.7451752_-73.9477223
40.745181_-73.982727
40.7451972_-73.9420329
40.7451982_-73.9904414
40.745203_-73.908558
("40.7444583_-73.9059509","40.7444604_-73.9712379","40.7444619_-73.9730148","40.74446_-73.9790542","40.744471_-73.911509","40.744472_-73.914637","40.7444732_-73.9560994","40.7444746_-73.9298199","40.7444851_-73.9561602","40.7444979_-73.9437535","40.744498_-73.981109","40.744505_-73.975224","40.7445076_-73.9731261","40.7445115_-73.9317161","40.7445132_-73.9712361","40.7445144_-73.9288674","40.7445176_-73.9907382","40.7445227_-73.9582465","40.7445287_-73.9558434","40.744533_-73.988869","40.7445397_-73.9062973","40.7445406_-73.9559052","40.7445546_-73.9559781","40.744562_-73.983177","40.7445636_-73.9908474","40.7445714_-73.9560651","40.744579_-73.915566","40.7445801_-73.9307528","40.7445842_-74.0025975","40.744593_-73.9710787","40.7446088_-73.9567906","40.7446211_-73.9712464","40.7446215_-73.9326468","40.7446222_-73.9486711","40.7446234_-73.9297877","40.744627_-73.985243","40.7446307_-73.955953","40.7446399_-74.0027323","40.74463_-73.998972","40.744646_-74.006385","40.744659_-73.906805","40.7446611_-73.9755982","40.7446613_-74.0081705","40.7446769_-73.9559378","40.7446819_-73.9759481","40.744682_-73.987298","40.744686_-73.916493","40.744687_-73.9711727","40.7446947_-74.0082461","40.7447002_-73.9485066","40.7447058_-73.9567613","40.7447232_-73.9307236","40.7447246_-73.9335732","40.7447275_-73.9717382","40.7447275_-73.9757576","40.7447428_-73.9105638","40.744748_-73.93926","40.744763_-73.995161","40.7447675_-74.0084362","40.7447781_-73.9326124","40.744779_-73.975881","40.7447926_-73.9712187","40.7447926_-74.0067347","40.744792_-73.91742","40.744797_-73.903255","40.7448012_-73.9534112","40.744802_-73.991419","40.744806_-73.913626","40.744817_-73.942874","40.7448188_-73.9482041","40.7448259_-73.9578972","40.7448355_-73.9316469","40.7448451_-73.9781064","40.7448473_-73.9334486","40.7448701_-73.9576127","40.7448891_-73.9334153","40.744901_-73.918349","40.7449105_-73.9335745","40.744914_-73.903687","40.74491_-73.9578193","40.7449377_-73.9333896","40.744941_-73.909587","40.7449426_-73.9325762","40.7449613_-73.9354111","40.7449903_-73.933369","40.74501_-73.919275","40.7450383_-73.9507702","40.7450467_-73.9333575","40.7450526_-73.9335514","40.745058_-73.978607","40.7450662_-73.9382658","40.745069_-73.93635","40.7450799_-73.9725638","40.7451007_-73.9381238","40.745112_-73.908632","40.745116_-73.920203","40.7451239_-73.9726706","40.7451245_-73.9474573","40.74512_-73.904488","40.7451317_-73.9902843","40.745131_-73.9806552","40.74514_-73.9706856","40.745156_-73.908378","40.7451586_-73.9335154","40.7451674_-73.9707907","40.7451693_-74.0021778","40.7451712_-73.9709376","40.7451715_-73.9372308","40.745174_-73.974748","40.7451752_-73.9477223","40.745181_-73.982727","40.7451972_-73.9420329","40.7451982_-73.9904414","40.745203_-73.908558")
done
147.95user 819.95system 1:15:04elapsed 21%CPU (0avgtext+0avgdata 88404maxresident)k
240232inputs+127360outputs (55major+45225minor)pagefaults 0swaps
