40.8011439_-73.9613807
40.8011516_-73.9596364
40.801164_-74.016989
40.8011683_-73.9614382
40.8011826_-73.9416923
40.8011925_-73.9397405
40.801232_-73.957696
40.8012531_-73.9538421
40.8012911_-73.9438957
40.8012951_-73.993687
40.8012994_-73.9419693
40.8013004_-73.9599844
40.8013053_-73.9677887
40.8013149_-73.9501314
40.8013253_-73.9540275
40.801342_-73.945968
40.8013455_-73.9678754
40.8013515_-73.9480668
40.8013763_-73.9502758
40.8014007_-73.9679942
40.801413_-74.008116
40.8014247_-73.9300686
40.8014598_-73.9594104
40.8014612_-73.9345368
40.8014659_-73.9168137
40.8014752_-74.0067005
40.8014_-74.010867
40.8015053_-73.934642
40.8015239_-73.9386075
40.801523_-74.011136
40.801528_-73.9738915
40.80153_-73.952556
40.8015462_-73.9386603
40.80159_-73.970545
40.8016003_-73.9111928
40.8016086_-73.9736365
40.801618_-74.015827
40.8016223_-73.961102
40.801627_-73.909672
40.8016434_-73.9685615
40.801661_-74.003765
40.801665_-73.913224
40.8016669_-73.9300269
40.801673_-74.01321
40.8016857_-73.9171157
40.8016871_-73.9610759
40.801688_-73.917332
40.801699_-74.0065201
40.801718_-74.008782
40.8017318_-73.9647551
40.801743_-74.006629
40.8017467_-73.9335333
40.801746_-74.011619
40.8017608_-73.9311972
40.8017686_-73.9372283
40.801778_-73.9311109
40.8017903_-73.9610568
40.8017912_-73.9337263
40.8017948_-73.9310423
40.8018089_-73.9309867
40.8018125_-73.9392896
40.8018166_-73.9412295
40.8018203_-73.9734967
40.8018215_-73.9309497
40.8018299_-73.9610483
40.8018381_-73.959133
40.8018404_-73.9313853
40.8018425_-73.9309033
40.801858_-73.957238
40.8018664_-73.9308792
40.801866_-74.01188
40.8018686_-73.9169319
40.8018826_-73.9533779
40.801918_-73.9434367
40.8019265_-73.9610286
40.8019333_-73.9415079
40.8019575_-73.9535654
40.8019661_-73.9166401
40.801971_-73.945508
40.801976_-73.9341648
40.801_-73.913707
40.8020045_-73.9302028
40.8020161_-73.9496203
40.8020164_-73.9161423
40.8020304_-73.9475991
40.8020441_-73.9167946
40.8020733_-73.9497548
40.802095_-73.9340804
40.8021057_-73.9163462
40.8021163_-73.9341392
40.8021209_-73.9309328
40.8021299_-73.9341776
40.80212_-74.007455
40.802151_-74.003738
40.8021615_-73.9676935
40.8021647_-73.9734624
40.8021796_-73.9106014
40.8021996_-73.9677845
40.8022415_-73.9700734
40.8022513_-73.9679079
40.802253_-74.012722
40.8022682_-73.970054
40.802273_-73.9308175
40.802276_-74.00352
40.802291_-73.9305139
40.8023057_-73.9700206
40.802312_-73.912747
40.8023223_-73.9304962
40.8023277_-73.9681101
40.8023412_-73.9169041
40.8023475_-73.9304854
40.8023555_-73.9702688
40.802361_-73.952588
40.8023687_-73.9642901
40.8011439_-73.9613807
40.8011516_-73.9596364
40.801164_-74.016989
40.8011683_-73.9614382
40.8011826_-73.9416923
40.8011925_-73.9397405
40.801232_-73.957696
40.8012531_-73.9538421
40.8012911_-73.9438957
40.8012951_-73.993687
40.8012994_-73.9419693
40.8013004_-73.9599844
40.8013053_-73.9677887
40.8013149_-73.9501314
40.8013253_-73.9540275
40.801342_-73.945968
40.8013455_-73.9678754
40.8013515_-73.9480668
40.8013763_-73.9502758
40.8014007_-73.9679942
40.801413_-74.008116
40.8014247_-73.9300686
40.8014598_-73.9594104
40.8014612_-73.9345368
40.8014659_-73.9168137
40.8014752_-74.0067005
40.8014_-74.010867
40.8015053_-73.934642
40.8015239_-73.9386075
40.801523_-74.011136
40.801528_-73.9738915
40.80153_-73.952556
40.8015462_-73.9386603
40.80159_-73.970545
40.8016003_-73.9111928
40.8016086_-73.9736365
40.801618_-74.015827
40.8016223_-73.961102
40.801627_-73.909672
40.8016434_-73.9685615
40.801661_-74.003765
40.801665_-73.913224
40.8016669_-73.9300269
40.801673_-74.01321
40.8016857_-73.9171157
40.8016871_-73.9610759
40.801688_-73.917332
40.801699_-74.0065201
40.801718_-74.008782
40.8017318_-73.9647551
40.801743_-74.006629
40.8017467_-73.9335333
40.801746_-74.011619
40.8017608_-73.9311972
40.8017686_-73.9372283
40.801778_-73.9311109
40.8017903_-73.9610568
40.8017912_-73.9337263
40.8017948_-73.9310423
40.8018089_-73.9309867
40.8018125_-73.9392896
40.8018166_-73.9412295
40.8018203_-73.9734967
40.8018215_-73.9309497
40.8018299_-73.9610483
40.8018381_-73.959133
40.8018404_-73.9313853
40.8018425_-73.9309033
40.801858_-73.957238
40.8018664_-73.9308792
40.801866_-74.01188
40.8018686_-73.9169319
40.8018826_-73.9533779
40.801918_-73.9434367
40.8019265_-73.9610286
40.8019333_-73.9415079
40.8019575_-73.9535654
40.8019661_-73.9166401
40.801971_-73.945508
40.801976_-73.9341648
40.801_-73.913707
40.8020045_-73.9302028
40.8020161_-73.9496203
40.8020164_-73.9161423
40.8020304_-73.9475991
40.8020441_-73.9167946
40.8020733_-73.9497548
40.802095_-73.9340804
40.8021057_-73.9163462
40.8021163_-73.9341392
40.8021209_-73.9309328
40.8021299_-73.9341776
40.80212_-74.007455
40.802151_-74.003738
40.8021615_-73.9676935
40.8021647_-73.9734624
40.8021796_-73.9106014
40.8021996_-73.9677845
40.8022415_-73.9700734
40.8022513_-73.9679079
40.802253_-74.012722
40.8022682_-73.970054
40.802273_-73.9308175
40.802276_-74.00352
40.802291_-73.9305139
40.8023057_-73.9700206
40.802312_-73.912747
40.8023223_-73.9304962
40.8023277_-73.9681101
40.8023412_-73.9169041
40.8023475_-73.9304854
40.8023555_-73.9702688
40.802361_-73.952588
40.8023687_-73.9642901
("40.8011439_-73.9613807","40.8011516_-73.9596364","40.801164_-74.016989","40.8011683_-73.9614382","40.8011826_-73.9416923","40.8011925_-73.9397405","40.801232_-73.957696","40.8012531_-73.9538421","40.8012911_-73.9438957","40.8012951_-73.993687","40.8012994_-73.9419693","40.8013004_-73.9599844","40.8013053_-73.9677887","40.8013149_-73.9501314","40.8013253_-73.9540275","40.801342_-73.945968","40.8013455_-73.9678754","40.8013515_-73.9480668","40.8013763_-73.9502758","40.8014007_-73.9679942","40.801413_-74.008116","40.8014247_-73.9300686","40.8014598_-73.9594104","40.8014612_-73.9345368","40.8014659_-73.9168137","40.8014752_-74.0067005","40.8014_-74.010867","40.8015053_-73.934642","40.8015239_-73.9386075","40.801523_-74.011136","40.801528_-73.9738915","40.80153_-73.952556","40.8015462_-73.9386603","40.80159_-73.970545","40.8016003_-73.9111928","40.8016086_-73.9736365","40.801618_-74.015827","40.8016223_-73.961102","40.801627_-73.909672","40.8016434_-73.9685615","40.801661_-74.003765","40.801665_-73.913224","40.8016669_-73.9300269","40.801673_-74.01321","40.8016857_-73.9171157","40.8016871_-73.9610759","40.801688_-73.917332","40.801699_-74.0065201","40.801718_-74.008782","40.8017318_-73.9647551","40.801743_-74.006629","40.8017467_-73.9335333","40.801746_-74.011619","40.8017608_-73.9311972","40.8017686_-73.9372283","40.801778_-73.9311109","40.8017903_-73.9610568","40.8017912_-73.9337263","40.8017948_-73.9310423","40.8018089_-73.9309867","40.8018125_-73.9392896","40.8018166_-73.9412295","40.8018203_-73.9734967","40.8018215_-73.9309497","40.8018299_-73.9610483","40.8018381_-73.959133","40.8018404_-73.9313853","40.8018425_-73.9309033","40.801858_-73.957238","40.8018664_-73.9308792","40.801866_-74.01188","40.8018686_-73.9169319","40.8018826_-73.9533779","40.801918_-73.9434367","40.8019265_-73.9610286","40.8019333_-73.9415079","40.8019575_-73.9535654","40.8019661_-73.9166401","40.801971_-73.945508","40.801976_-73.9341648","40.801_-73.913707","40.8020045_-73.9302028","40.8020161_-73.9496203","40.8020164_-73.9161423","40.8020304_-73.9475991","40.8020441_-73.9167946","40.8020733_-73.9497548","40.802095_-73.9340804","40.8021057_-73.9163462","40.8021163_-73.9341392","40.8021209_-73.9309328","40.8021299_-73.9341776","40.80212_-74.007455","40.802151_-74.003738","40.8021615_-73.9676935","40.8021647_-73.9734624","40.8021796_-73.9106014","40.8021996_-73.9677845","40.8022415_-73.9700734","40.8022513_-73.9679079","40.802253_-74.012722","40.8022682_-73.970054","40.802273_-73.9308175","40.802276_-74.00352","40.802291_-73.9305139","40.8023057_-73.9700206","40.802312_-73.912747","40.8023223_-73.9304962","40.8023277_-73.9681101","40.8023412_-73.9169041","40.8023475_-73.9304854","40.8023555_-73.9702688","40.802361_-73.952588","40.8023687_-73.9642901")
done
124.81user 820.25system 1:15:18elapsed 20%CPU (0avgtext+0avgdata 58884maxresident)k
1150288inputs+15760outputs (13major+30092minor)pagefaults 0swaps
