40.7452231_-74.002304
40.7452242_-73.9376165
40.745224_-73.921132
40.745231_-74.00596
40.745244_-73.984794
40.7452619_-73.9557451
40.745286_-73.948301
40.745286_-73.988729
40.745287_-73.907645
40.745294_-73.998486
40.745301_-73.986846
40.745309_-73.907522
40.7453256_-73.9712985
40.7453377_-73.9334564
40.74533_-73.92206
40.745347_-73.907348
40.7453489_-74.0080581
40.7453584_-73.9468236
40.745358_-73.9705061
40.7453774_-74.008126
40.745377_-73.907148
40.745383_-73.994709
40.745391_-73.905555
40.745391_-73.906998
40.7453929_-73.9752756
40.745393_-73.906613
40.7453968_-73.9122305
40.745398_-73.906741
40.7453996_-73.9773216
40.7454129_-73.9813182
40.745421_-73.990968
40.7454311_-73.9715451
40.745438_-73.909468
40.745438_-73.922989
40.7454394_-73.9566747
40.745442_-73.975394
40.7454493_-74.0082958
40.745471_-73.946543
40.745492_-73.9531856
40.7454982_-73.9044372
40.745509_-73.9570391
40.7455225_-73.9705051
40.7455316_-73.9706461
40.745545_-73.923916
40.7455463_-73.9572343
40.745562_-73.909938
40.745595_-73.903389
40.745613_-73.946186
40.745624_-73.9726034
40.7456335_-73.9886658
40.745641_-73.9064189
40.7456425_-73.9577327
40.745653_-73.924845
40.7456612_-73.9724536
40.745671_-73.910354
40.7456735_-73.974004
40.7456771_-73.9721195
40.745704_-73.9701891
40.7457114_-73.9721904
40.7457163_-73.9823361
40.7457168_-73.9467199
40.745726_-73.978121
40.7457272_-73.9722369
40.7457285_-73.939889
40.74572_-73.950536
40.745734_-73.980209
40.7457594_-73.9702873
40.745764_-73.925803
40.7457704_-73.9704356
40.745784_-73.911247
40.745797_-74.0017231
40.745798_-73.974306
40.7458147_-73.9822629
40.745816_-74.005535
40.745818_-73.94565
40.7458356_-73.9403806
40.7458555_-74.0018592
40.74585_-73.9454383
40.745861_-73.984344
40.7458635_-73.9822134
40.7458654_-73.9266909
40.7458827_-74.0080379
40.745887_-73.907262
40.745887_-73.912131
40.7458959_-73.9719011
40.7459046_-73.9726523
40.7459171_-73.9407575
40.7459211_-73.9553783
40.745921_-73.986393
40.74592_-73.912449
40.7459351_-74.0080017
40.7459468_-73.9699465
40.7459474_-73.9555124
40.7459497_-73.9731107
40.7459513_-73.9980073
40.7459514_-73.9454309
40.7459612_-73.9746888
40.7459686_-74.0079647
40.7459735_-73.927622
40.7459754_-73.9733068
40.745979_-73.948069
40.745984_-73.943678
40.7459887_-74.0059426
40.7459888_-73.9820579
40.745989_-73.9395163
40.7459914_-73.998111
40.74599_-74.0079322
40.7460005_-74.0077088
40.7460018_-73.9447975
40.746004_-73.994262
40.7460077_-74.0078835
40.7460163_-73.9988605
40.7460178_-73.9987722
40.7460197_-73.9455956
40.7452231_-74.002304
40.7452242_-73.9376165
40.745224_-73.921132
40.745231_-74.00596
40.745244_-73.984794
40.7452619_-73.9557451
40.745286_-73.948301
40.745286_-73.988729
40.745287_-73.907645
40.745294_-73.998486
40.745301_-73.986846
40.745309_-73.907522
40.7453256_-73.9712985
40.7453377_-73.9334564
40.74533_-73.92206
40.745347_-73.907348
40.7453489_-74.0080581
40.7453584_-73.9468236
40.745358_-73.9705061
40.7453774_-74.008126
40.745377_-73.907148
40.745383_-73.994709
40.745391_-73.905555
40.745391_-73.906998
40.7453929_-73.9752756
40.745393_-73.906613
40.7453968_-73.9122305
40.745398_-73.906741
40.7453996_-73.9773216
40.7454129_-73.9813182
40.745421_-73.990968
40.7454311_-73.9715451
40.745438_-73.909468
40.745438_-73.922989
40.7454394_-73.9566747
40.745442_-73.975394
40.7454493_-74.0082958
40.745471_-73.946543
40.745492_-73.9531856
40.7454982_-73.9044372
40.745509_-73.9570391
40.7455225_-73.9705051
40.7455316_-73.9706461
40.745545_-73.923916
40.7455463_-73.9572343
40.745562_-73.909938
40.745595_-73.903389
40.745613_-73.946186
40.745624_-73.9726034
40.7456335_-73.9886658
40.745641_-73.9064189
40.7456425_-73.9577327
40.745653_-73.924845
40.7456612_-73.9724536
40.745671_-73.910354
40.7456735_-73.974004
40.7456771_-73.9721195
40.745704_-73.9701891
40.7457114_-73.9721904
40.7457163_-73.9823361
40.7457168_-73.9467199
40.745726_-73.978121
40.7457272_-73.9722369
40.7457285_-73.939889
40.74572_-73.950536
40.745734_-73.980209
40.7457594_-73.9702873
40.745764_-73.925803
40.7457704_-73.9704356
40.745784_-73.911247
40.745797_-74.0017231
40.745798_-73.974306
40.7458147_-73.9822629
40.745816_-74.005535
40.745818_-73.94565
40.7458356_-73.9403806
40.7458555_-74.0018592
40.74585_-73.9454383
40.745861_-73.984344
40.7458635_-73.9822134
40.7458654_-73.9266909
40.7458827_-74.0080379
40.745887_-73.907262
40.745887_-73.912131
40.7458959_-73.9719011
40.7459046_-73.9726523
40.7459171_-73.9407575
40.7459211_-73.9553783
40.745921_-73.986393
40.74592_-73.912449
40.7459351_-74.0080017
40.7459468_-73.9699465
40.7459474_-73.9555124
40.7459497_-73.9731107
40.7459513_-73.9980073
40.7459514_-73.9454309
40.7459612_-73.9746888
40.7459686_-74.0079647
40.7459735_-73.927622
40.7459754_-73.9733068
40.745979_-73.948069
40.745984_-73.943678
40.7459887_-74.0059426
40.7459888_-73.9820579
40.745989_-73.9395163
40.7459914_-73.998111
40.74599_-74.0079322
40.7460005_-74.0077088
40.7460018_-73.9447975
40.746004_-73.994262
40.7460077_-74.0078835
40.7460163_-73.9988605
40.7460178_-73.9987722
40.7460197_-73.9455956
("40.7452231_-74.002304","40.7452242_-73.9376165","40.745224_-73.921132","40.745231_-74.00596","40.745244_-73.984794","40.7452619_-73.9557451","40.745286_-73.948301","40.745286_-73.988729","40.745287_-73.907645","40.745294_-73.998486","40.745301_-73.986846","40.745309_-73.907522","40.7453256_-73.9712985","40.7453377_-73.9334564","40.74533_-73.92206","40.745347_-73.907348","40.7453489_-74.0080581","40.7453584_-73.9468236","40.745358_-73.9705061","40.7453774_-74.008126","40.745377_-73.907148","40.745383_-73.994709","40.745391_-73.905555","40.745391_-73.906998","40.7453929_-73.9752756","40.745393_-73.906613","40.7453968_-73.9122305","40.745398_-73.906741","40.7453996_-73.9773216","40.7454129_-73.9813182","40.745421_-73.990968","40.7454311_-73.9715451","40.745438_-73.909468","40.745438_-73.922989","40.7454394_-73.9566747","40.745442_-73.975394","40.7454493_-74.0082958","40.745471_-73.946543","40.745492_-73.9531856","40.7454982_-73.9044372","40.745509_-73.9570391","40.7455225_-73.9705051","40.7455316_-73.9706461","40.745545_-73.923916","40.7455463_-73.9572343","40.745562_-73.909938","40.745595_-73.903389","40.745613_-73.946186","40.745624_-73.9726034","40.7456335_-73.9886658","40.745641_-73.9064189","40.7456425_-73.9577327","40.745653_-73.924845","40.7456612_-73.9724536","40.745671_-73.910354","40.7456735_-73.974004","40.7456771_-73.9721195","40.745704_-73.9701891","40.7457114_-73.9721904","40.7457163_-73.9823361","40.7457168_-73.9467199","40.745726_-73.978121","40.7457272_-73.9722369","40.7457285_-73.939889","40.74572_-73.950536","40.745734_-73.980209","40.7457594_-73.9702873","40.745764_-73.925803","40.7457704_-73.9704356","40.745784_-73.911247","40.745797_-74.0017231","40.745798_-73.974306","40.7458147_-73.9822629","40.745816_-74.005535","40.745818_-73.94565","40.7458356_-73.9403806","40.7458555_-74.0018592","40.74585_-73.9454383","40.745861_-73.984344","40.7458635_-73.9822134","40.7458654_-73.9266909","40.7458827_-74.0080379","40.745887_-73.907262","40.745887_-73.912131","40.7458959_-73.9719011","40.7459046_-73.9726523","40.7459171_-73.9407575","40.7459211_-73.9553783","40.745921_-73.986393","40.74592_-73.912449","40.7459351_-74.0080017","40.7459468_-73.9699465","40.7459474_-73.9555124","40.7459497_-73.9731107","40.7459513_-73.9980073","40.7459514_-73.9454309","40.7459612_-73.9746888","40.7459686_-74.0079647","40.7459735_-73.927622","40.7459754_-73.9733068","40.745979_-73.948069","40.745984_-73.943678","40.7459887_-74.0059426","40.7459888_-73.9820579","40.745989_-73.9395163","40.7459914_-73.998111","40.74599_-74.0079322","40.7460005_-74.0077088","40.7460018_-73.9447975","40.746004_-73.994262","40.7460077_-74.0078835","40.7460163_-73.9988605","40.7460178_-73.9987722","40.7460197_-73.9455956")
done
142.17user 782.58system 1:15:48elapsed 20%CPU (0avgtext+0avgdata 87836maxresident)k
2715240inputs+127120outputs (55major+44154minor)pagefaults 0swaps
