40.7654891_-73.9401858
40.7654896_-73.9975938
40.7655007_-73.9136946
40.7655184_-73.9701659
40.765518_-73.972099
40.7655198_-73.9036751
40.765521_-73.980036
40.7655288_-73.940297
40.7655289_-73.9037713
40.765534_-73.932252
40.765538_-73.95272
40.765548_-73.9137957
40.7655499_-73.9546935
40.7655514_-73.931389
40.7655552_-73.9729478
40.7655569_-73.9136488
40.765556_-73.991917
40.765573_-73.9518547
40.7655741_-73.9977997
40.7655927_-73.9471205
40.765597_-73.903708
40.7656029_-73.9528675
40.7656061_-73.9235436
40.7656116_-73.9606918
40.7656177_-73.9036899
40.7656199_-73.9402408
40.7656429_-73.9313022
40.7656676_-73.9514976
40.7656693_-73.9037449
40.765675_-73.976234
40.7656803_-73.9312675
40.7656829_-73.9922186
40.7656987_-73.9190523
40.7657057_-73.9141325
40.7657076_-73.9728488
40.7657185_-73.9263703
40.7657203_-73.9069154
40.7657391_-73.918921
40.765746_-73.9264552
40.7657671_-73.9591044
40.7657719_-73.9189932
40.7657764_-73.9265628
40.7657844_-74.0194121
40.7657885_-73.9350767
40.7657905_-73.9145527
40.7658093_-73.9190732
40.7658172_-73.9360677
40.7658183_-73.9761954
40.7658237_-73.9068332
40.7658385_-73.9144152
40.7658429_-73.9477346
40.765849_-73.9514797
40.7658515_-73.9189282
40.7658627_-73.9946486
40.7658676_-73.9574123
40.765872_-73.9144866
40.7658731_-73.9461408
40.7658781_-73.9808768
40.7658833_-73.9033844
40.7658996_-73.953567
40.7659009_-73.9360169
40.7659098_-73.9145673
40.7659114_-73.9761879
40.7659147_-73.9908872
40.765917_-73.946102
40.7659196_-73.9034469
40.7659231_-73.9869572
40.7659265_-73.9871737
40.765927_-73.9515484
40.7659323_-73.9633881
40.7659326_-73.9144371
40.7659483_-73.9870175
40.765963_-73.903417
40.765974_-73.9762047
40.7659812_-73.946245
40.765981_-73.924339
40.765983_-73.9291499
40.7659843_-73.9654448
40.7659931_-73.9674105
40.7659937_-73.9871254
40.7660009_-73.9077974
40.7660115_-73.9517175
40.7660249_-73.9511801
40.7660249_-73.9762337
40.7660274_-73.9726251
40.7660319_-73.9833766
40.7660334_-73.9034498
40.7660335_-73.969627
40.7660368_-73.9076011
40.7660504_-73.9694881
40.7660511_-73.9872626
40.7660548_-73.9870802
40.7660724_-73.9309038
40.7660742_-73.919859
40.7660881_-73.9348902
40.7660886_-73.9676368
40.7660901_-73.9033142
40.7660912_-73.9695848
40.7660932_-73.9077232
40.7661012_-73.9971547
40.7661038_-73.9197028
40.7661059_-73.9763368
40.7661375_-73.93082
40.7661375_-73.9696948
40.766143_-73.971648
40.7661475_-73.9078396
40.7661488_-73.9197988
40.7661511_-73.9695411
40.7661535_-73.9725938
40.76615_-73.946621
40.76616_-73.9153537
40.7661776_-73.954238
40.766183_-73.93682
40.7661872_-73.9973596
40.7654891_-73.9401858
40.7654896_-73.9975938
40.7655007_-73.9136946
40.7655184_-73.9701659
40.765518_-73.972099
40.7655198_-73.9036751
40.765521_-73.980036
40.7655288_-73.940297
40.7655289_-73.9037713
40.765534_-73.932252
40.765538_-73.95272
40.765548_-73.9137957
40.7655499_-73.9546935
40.7655514_-73.931389
40.7655552_-73.9729478
40.7655569_-73.9136488
40.765556_-73.991917
40.765573_-73.9518547
40.7655741_-73.9977997
40.7655927_-73.9471205
40.765597_-73.903708
40.7656029_-73.9528675
40.7656061_-73.9235436
40.7656116_-73.9606918
40.7656177_-73.9036899
40.7656199_-73.9402408
40.7656429_-73.9313022
40.7656676_-73.9514976
40.7656693_-73.9037449
40.765675_-73.976234
40.7656803_-73.9312675
40.7656829_-73.9922186
40.7656987_-73.9190523
40.7657057_-73.9141325
40.7657076_-73.9728488
40.7657185_-73.9263703
40.7657203_-73.9069154
40.7657391_-73.918921
40.765746_-73.9264552
40.7657671_-73.9591044
40.7657719_-73.9189932
40.7657764_-73.9265628
40.7657844_-74.0194121
40.7657885_-73.9350767
40.7657905_-73.9145527
40.7658093_-73.9190732
40.7658172_-73.9360677
40.7658183_-73.9761954
40.7658237_-73.9068332
40.7658385_-73.9144152
40.7658429_-73.9477346
40.765849_-73.9514797
40.7658515_-73.9189282
40.7658627_-73.9946486
40.7658676_-73.9574123
40.765872_-73.9144866
40.7658731_-73.9461408
40.7658781_-73.9808768
40.7658833_-73.9033844
40.7658996_-73.953567
40.7659009_-73.9360169
40.7659098_-73.9145673
40.7659114_-73.9761879
40.7659147_-73.9908872
40.765917_-73.946102
40.7659196_-73.9034469
40.7659231_-73.9869572
40.7659265_-73.9871737
40.765927_-73.9515484
40.7659323_-73.9633881
40.7659326_-73.9144371
40.7659483_-73.9870175
40.765963_-73.903417
40.765974_-73.9762047
40.7659812_-73.946245
40.765981_-73.924339
40.765983_-73.9291499
40.7659843_-73.9654448
40.7659931_-73.9674105
40.7659937_-73.9871254
40.7660009_-73.9077974
40.7660115_-73.9517175
40.7660249_-73.9511801
40.7660249_-73.9762337
40.7660274_-73.9726251
40.7660319_-73.9833766
40.7660334_-73.9034498
40.7660335_-73.969627
40.7660368_-73.9076011
40.7660504_-73.9694881
40.7660511_-73.9872626
40.7660548_-73.9870802
40.7660724_-73.9309038
40.7660742_-73.919859
40.7660881_-73.9348902
40.7660886_-73.9676368
40.7660901_-73.9033142
40.7660912_-73.9695848
40.7660932_-73.9077232
40.7661012_-73.9971547
40.7661038_-73.9197028
40.7661059_-73.9763368
40.7661375_-73.93082
40.7661375_-73.9696948
40.766143_-73.971648
40.7661475_-73.9078396
40.7661488_-73.9197988
40.7661511_-73.9695411
40.7661535_-73.9725938
40.76615_-73.946621
40.76616_-73.9153537
40.7661776_-73.954238
40.766183_-73.93682
40.7661872_-73.9973596
("40.7654891_-73.9401858","40.7654896_-73.9975938","40.7655007_-73.9136946","40.7655184_-73.9701659","40.765518_-73.972099","40.7655198_-73.9036751","40.765521_-73.980036","40.7655288_-73.940297","40.7655289_-73.9037713","40.765534_-73.932252","40.765538_-73.95272","40.765548_-73.9137957","40.7655499_-73.9546935","40.7655514_-73.931389","40.7655552_-73.9729478","40.7655569_-73.9136488","40.765556_-73.991917","40.765573_-73.9518547","40.7655741_-73.9977997","40.7655927_-73.9471205","40.765597_-73.903708","40.7656029_-73.9528675","40.7656061_-73.9235436","40.7656116_-73.9606918","40.7656177_-73.9036899","40.7656199_-73.9402408","40.7656429_-73.9313022","40.7656676_-73.9514976","40.7656693_-73.9037449","40.765675_-73.976234","40.7656803_-73.9312675","40.7656829_-73.9922186","40.7656987_-73.9190523","40.7657057_-73.9141325","40.7657076_-73.9728488","40.7657185_-73.9263703","40.7657203_-73.9069154","40.7657391_-73.918921","40.765746_-73.9264552","40.7657671_-73.9591044","40.7657719_-73.9189932","40.7657764_-73.9265628","40.7657844_-74.0194121","40.7657885_-73.9350767","40.7657905_-73.9145527","40.7658093_-73.9190732","40.7658172_-73.9360677","40.7658183_-73.9761954","40.7658237_-73.9068332","40.7658385_-73.9144152","40.7658429_-73.9477346","40.765849_-73.9514797","40.7658515_-73.9189282","40.7658627_-73.9946486","40.7658676_-73.9574123","40.765872_-73.9144866","40.7658731_-73.9461408","40.7658781_-73.9808768","40.7658833_-73.9033844","40.7658996_-73.953567","40.7659009_-73.9360169","40.7659098_-73.9145673","40.7659114_-73.9761879","40.7659147_-73.9908872","40.765917_-73.946102","40.7659196_-73.9034469","40.7659231_-73.9869572","40.7659265_-73.9871737","40.765927_-73.9515484","40.7659323_-73.9633881","40.7659326_-73.9144371","40.7659483_-73.9870175","40.765963_-73.903417","40.765974_-73.9762047","40.7659812_-73.946245","40.765981_-73.924339","40.765983_-73.9291499","40.7659843_-73.9654448","40.7659931_-73.9674105","40.7659937_-73.9871254","40.7660009_-73.9077974","40.7660115_-73.9517175","40.7660249_-73.9511801","40.7660249_-73.9762337","40.7660274_-73.9726251","40.7660319_-73.9833766","40.7660334_-73.9034498","40.7660335_-73.969627","40.7660368_-73.9076011","40.7660504_-73.9694881","40.7660511_-73.9872626","40.7660548_-73.9870802","40.7660724_-73.9309038","40.7660742_-73.919859","40.7660881_-73.9348902","40.7660886_-73.9676368","40.7660901_-73.9033142","40.7660912_-73.9695848","40.7660932_-73.9077232","40.7661012_-73.9971547","40.7661038_-73.9197028","40.7661059_-73.9763368","40.7661375_-73.93082","40.7661375_-73.9696948","40.766143_-73.971648","40.7661475_-73.9078396","40.7661488_-73.9197988","40.7661511_-73.9695411","40.7661535_-73.9725938","40.76615_-73.946621","40.76616_-73.9153537","40.7661776_-73.954238","40.766183_-73.93682","40.7661872_-73.9973596")
done
135.45user 816.09system 1:15:06elapsed 21%CPU (0avgtext+0avgdata 80680maxresident)k
1129688inputs+101056outputs (70major+41780minor)pagefaults 0swaps
