40.7819681_-73.9715942
40.781988_-73.9865945
40.7820071_-73.9516568
40.782018_-73.9175948
40.7820374_-73.9717336
40.782043_-73.9149226
40.7820454_-73.9605245
40.7820481_-73.9294792
40.7820524_-73.9556525
40.782055_-73.9537187
40.7820768_-74.0063148
40.7820858_-73.9633611
40.7820882_-73.9718545
40.7820927_-73.9444162
40.7821477_-73.9716486
40.7821515_-74.0061384
40.782151_-74.012459
40.7821571_-73.9578658
40.7821577_-73.9559018
40.7821628_-73.9634231
40.7821636_-73.9441023
40.7821703_-73.9442409
40.7821872_-73.9720878
40.7822053_-73.9147209
40.7822099_-73.9443957
40.7822133_-73.9599216
40.7822185_-74.0111635
40.7822469_-73.9694424
40.782261_-74.014407
40.7822771_-73.9634787
40.7822899_-73.914593
40.7823112_-73.9485053
40.7823141_-73.944371
40.7823395_-73.9441993
40.7823442_-73.9694381
40.782352_-73.986337
40.782361_-74.01639
40.7823693_-74.0084713
40.7823769_-73.9440519
40.7823771_-73.9100445
40.7823773_-73.9144576
40.782385_-73.916593
40.7823951_-73.9825954
40.7824124_-73.9694242
40.7824289_-73.9635186
40.7824376_-73.9809523
40.782439_-73.98073
40.7824583_-73.9197961
40.7824641_-73.9788209
40.7824664_-73.9196722
40.7824854_-73.9847854
40.7825101_-73.9442636
40.782515_-73.9257979
40.7825164_-73.9809212
40.7825201_-73.9197488
40.7825221_-73.9806957
40.7825237_-73.9443433
40.7825354_-73.9142747
40.7825501_-73.9452589
40.7825536_-73.9441464
40.7825829_-73.9442212
40.7825852_-73.9163483
40.782589_-73.9439753
40.7825937_-73.9693851
40.7826036_-73.9749281
40.782611_-73.9196793
40.7826159_-73.9808743
40.7826223_-73.9731168
40.7826258_-73.9512052
40.7826272_-73.9441854
40.7826312_-73.9749879
40.7826349_-74.008166
40.7826598_-73.9806303
40.7826618_-73.9442782
40.7826667_-73.9441382
40.7826781_-73.9109667
40.7826785_-73.9551956
40.782682_-73.95326
40.7826901_-73.9439314
40.7826902_-74.0080636
40.7826992_-73.9440855
40.7827009_-73.925725
40.7827158_-73.9151941
40.7827159_-73.9140779
40.7827173_-73.9712566
40.7827276_-73.959219
40.7827283_-73.9440258
40.7827332_-73.9440713
40.7827407_-73.9636043
40.782753_-73.9439574
40.7827726_-74.0108646
40.7827771_-73.9161139
40.7827814_-73.9438874
40.7827842_-73.9554459
40.7827919_-73.9574044
40.7827974_-73.94385
40.7828009_-73.9153103
40.7828196_-73.9438206
40.7828273_-73.9636263
40.7828333_-73.9594696
40.7828504_-73.9441675
40.7828533_-73.9692993
40.7828535_-73.9152442
40.7828652_-73.9437636
40.7828719_-73.9107466
40.7828815_-73.9691386
40.7828883_-73.9449984
40.7829061_-73.9636573
40.7829096_-73.9328285
40.7829152_-73.9439717
40.782938_-74.0076184
40.7829443_-73.9480373
40.782954_-74.015911
40.7829601_-73.9437864
40.7819681_-73.9715942
40.781988_-73.9865945
40.7820071_-73.9516568
40.782018_-73.9175948
40.7820374_-73.9717336
40.782043_-73.9149226
40.7820454_-73.9605245
40.7820481_-73.9294792
40.7820524_-73.9556525
40.782055_-73.9537187
40.7820768_-74.0063148
40.7820858_-73.9633611
40.7820882_-73.9718545
40.7820927_-73.9444162
40.7821477_-73.9716486
40.7821515_-74.0061384
40.782151_-74.012459
40.7821571_-73.9578658
40.7821577_-73.9559018
40.7821628_-73.9634231
40.7821636_-73.9441023
40.7821703_-73.9442409
40.7821872_-73.9720878
40.7822053_-73.9147209
40.7822099_-73.9443957
40.7822133_-73.9599216
40.7822185_-74.0111635
40.7822469_-73.9694424
40.782261_-74.014407
40.7822771_-73.9634787
40.7822899_-73.914593
40.7823112_-73.9485053
40.7823141_-73.944371
40.7823395_-73.9441993
40.7823442_-73.9694381
40.782352_-73.986337
40.782361_-74.01639
40.7823693_-74.0084713
40.7823769_-73.9440519
40.7823771_-73.9100445
40.7823773_-73.9144576
40.782385_-73.916593
40.7823951_-73.9825954
40.7824124_-73.9694242
40.7824289_-73.9635186
40.7824376_-73.9809523
40.782439_-73.98073
40.7824583_-73.9197961
40.7824641_-73.9788209
40.7824664_-73.9196722
40.7824854_-73.9847854
40.7825101_-73.9442636
40.782515_-73.9257979
40.7825164_-73.9809212
40.7825201_-73.9197488
40.7825221_-73.9806957
40.7825237_-73.9443433
40.7825354_-73.9142747
40.7825501_-73.9452589
40.7825536_-73.9441464
40.7825829_-73.9442212
40.7825852_-73.9163483
40.782589_-73.9439753
40.7825937_-73.9693851
40.7826036_-73.9749281
40.782611_-73.9196793
40.7826159_-73.9808743
40.7826223_-73.9731168
40.7826258_-73.9512052
40.7826272_-73.9441854
40.7826312_-73.9749879
40.7826349_-74.008166
40.7826598_-73.9806303
40.7826618_-73.9442782
40.7826667_-73.9441382
40.7826781_-73.9109667
40.7826785_-73.9551956
40.782682_-73.95326
40.7826901_-73.9439314
40.7826902_-74.0080636
40.7826992_-73.9440855
40.7827009_-73.925725
40.7827158_-73.9151941
40.7827159_-73.9140779
40.7827173_-73.9712566
40.7827276_-73.959219
40.7827283_-73.9440258
40.7827332_-73.9440713
40.7827407_-73.9636043
40.782753_-73.9439574
40.7827726_-74.0108646
40.7827771_-73.9161139
40.7827814_-73.9438874
40.7827842_-73.9554459
40.7827919_-73.9574044
40.7827974_-73.94385
40.7828009_-73.9153103
40.7828196_-73.9438206
40.7828273_-73.9636263
40.7828333_-73.9594696
40.7828504_-73.9441675
40.7828533_-73.9692993
40.7828535_-73.9152442
40.7828652_-73.9437636
40.7828719_-73.9107466
40.7828815_-73.9691386
40.7828883_-73.9449984
40.7829061_-73.9636573
40.7829096_-73.9328285
40.7829152_-73.9439717
40.782938_-74.0076184
40.7829443_-73.9480373
40.782954_-74.015911
40.7829601_-73.9437864
("40.7819681_-73.9715942","40.781988_-73.9865945","40.7820071_-73.9516568","40.782018_-73.9175948","40.7820374_-73.9717336","40.782043_-73.9149226","40.7820454_-73.9605245","40.7820481_-73.9294792","40.7820524_-73.9556525","40.782055_-73.9537187","40.7820768_-74.0063148","40.7820858_-73.9633611","40.7820882_-73.9718545","40.7820927_-73.9444162","40.7821477_-73.9716486","40.7821515_-74.0061384","40.782151_-74.012459","40.7821571_-73.9578658","40.7821577_-73.9559018","40.7821628_-73.9634231","40.7821636_-73.9441023","40.7821703_-73.9442409","40.7821872_-73.9720878","40.7822053_-73.9147209","40.7822099_-73.9443957","40.7822133_-73.9599216","40.7822185_-74.0111635","40.7822469_-73.9694424","40.782261_-74.014407","40.7822771_-73.9634787","40.7822899_-73.914593","40.7823112_-73.9485053","40.7823141_-73.944371","40.7823395_-73.9441993","40.7823442_-73.9694381","40.782352_-73.986337","40.782361_-74.01639","40.7823693_-74.0084713","40.7823769_-73.9440519","40.7823771_-73.9100445","40.7823773_-73.9144576","40.782385_-73.916593","40.7823951_-73.9825954","40.7824124_-73.9694242","40.7824289_-73.9635186","40.7824376_-73.9809523","40.782439_-73.98073","40.7824583_-73.9197961","40.7824641_-73.9788209","40.7824664_-73.9196722","40.7824854_-73.9847854","40.7825101_-73.9442636","40.782515_-73.9257979","40.7825164_-73.9809212","40.7825201_-73.9197488","40.7825221_-73.9806957","40.7825237_-73.9443433","40.7825354_-73.9142747","40.7825501_-73.9452589","40.7825536_-73.9441464","40.7825829_-73.9442212","40.7825852_-73.9163483","40.782589_-73.9439753","40.7825937_-73.9693851","40.7826036_-73.9749281","40.782611_-73.9196793","40.7826159_-73.9808743","40.7826223_-73.9731168","40.7826258_-73.9512052","40.7826272_-73.9441854","40.7826312_-73.9749879","40.7826349_-74.008166","40.7826598_-73.9806303","40.7826618_-73.9442782","40.7826667_-73.9441382","40.7826781_-73.9109667","40.7826785_-73.9551956","40.782682_-73.95326","40.7826901_-73.9439314","40.7826902_-74.0080636","40.7826992_-73.9440855","40.7827009_-73.925725","40.7827158_-73.9151941","40.7827159_-73.9140779","40.7827173_-73.9712566","40.7827276_-73.959219","40.7827283_-73.9440258","40.7827332_-73.9440713","40.7827407_-73.9636043","40.782753_-73.9439574","40.7827726_-74.0108646","40.7827771_-73.9161139","40.7827814_-73.9438874","40.7827842_-73.9554459","40.7827919_-73.9574044","40.7827974_-73.94385","40.7828009_-73.9153103","40.7828196_-73.9438206","40.7828273_-73.9636263","40.7828333_-73.9594696","40.7828504_-73.9441675","40.7828533_-73.9692993","40.7828535_-73.9152442","40.7828652_-73.9437636","40.7828719_-73.9107466","40.7828815_-73.9691386","40.7828883_-73.9449984","40.7829061_-73.9636573","40.7829096_-73.9328285","40.7829152_-73.9439717","40.782938_-74.0076184","40.7829443_-73.9480373","40.782954_-74.015911","40.7829601_-73.9437864")
done
131.99user 812.51system 1:14:31elapsed 21%CPU (0avgtext+0avgdata 70652maxresident)k
427760inputs+62320outputs (31major+35916minor)pagefaults 0swaps
