40.832288_-73.949613
40.832308_-74.002472
40.832317_-73.931602
40.832322_-73.916752
40.8323235_-73.9244951
40.832332_-73.978662
40.832339_-73.949527
40.832355_-73.921062
40.8323747_-73.9408792
40.8323875_-73.9351591
40.8324485_-73.9317635
40.832474_-74.003271
40.832479_-73.938912
40.8324834_-73.9503299
40.832502_-73.928101
40.8325178_-73.9254378
40.832522_-73.949663
40.832572_-73.910515
40.832575_-73.991578
40.8325919_-73.9496834
40.832608_-73.917609
40.8326303_-73.9253767
40.8326563_-73.9496167
40.832685_-73.939676
40.832697_-73.949714
40.832708_-73.905051
40.832712_-74.000861
40.832716_-73.928748
40.8327289_-73.9397798
40.8327461_-73.9457725
40.8327512_-73.9387039
40.832761_-73.9458066
40.8327836_-73.9354252
40.8328002_-73.9724534
40.8328256_-73.9395445
40.8328285_-73.9459609
40.832829_-73.911285
40.83282_-73.918241
40.8328356_-73.935305
40.8328806_-73.9420072
40.83289_-73.987986
40.832918_-73.929385
40.832959_-73.9385151
40.8330287_-73.9188543
40.833055_-73.905915
40.8330844_-73.922843
40.833098_-73.940653
40.833117_-73.912145
40.8331557_-73.9192213
40.833187_-73.930214
40.8332231_-73.9470274
40.8332352_-73.9469172
40.8332447_-73.9353394
40.8332512_-73.9381975
40.833273_-73.925029
40.833278_-73.939155
40.83327_-73.985336
40.8332837_-73.9354853
40.833286_-73.914079
40.833315_-73.9470101
40.8333687_-73.950039
40.8333971_-73.9501677
40.8334062_-73.9452905
40.8334071_-73.9352278
40.833409_-73.913001
40.833417_-73.907085
40.8334206_-73.945325
40.8334243_-73.9071767
40.8334829_-73.9415672
40.8334857_-73.945481
40.8335003_-73.9074114
40.833543_-73.920365
40.8335883_-73.9149802
40.833614_-73.998371
40.8336189_-73.9151947
40.833636_-73.9150454
40.833636_-73.92614
40.8336419_-73.9151502
40.833647_-73.984093
40.8336539_-73.935348
40.8336716_-73.9151183
40.833693_-73.980758
40.833694_-73.913844
40.8336979_-73.9453257
40.8337202_-73.915798
40.8337336_-73.9158571
40.8337384_-73.9452961
40.8337497_-73.9159118
40.8337553_-73.9452837
40.833771_-73.975186
40.8337751_-73.9156233
40.833781_-73.9160128
40.833786_-73.94036
40.8338032_-73.9375023
40.8338298_-73.9453298
40.8338318_-73.9484774
40.833833_-73.921223
40.8338357_-73.9352364
40.8338418_-73.915861
40.833843_-73.938492
40.8338729_-73.9185843
40.8338755_-73.9482964
40.8338804_-73.9157375
40.8338833_-73.9159935
40.8338856_-73.938594
40.8339107_-73.9158196
40.833912_-73.98953
40.833917_-73.904222
40.833917_-73.927008
40.8339221_-73.9164123
40.8339223_-73.9161115
40.833938_-73.908691
40.8339562_-73.9162559
40.8339572_-73.9482533
40.832288_-73.949613
40.832308_-74.002472
40.832317_-73.931602
40.832322_-73.916752
40.8323235_-73.9244951
40.832332_-73.978662
40.832339_-73.949527
40.832355_-73.921062
40.8323747_-73.9408792
40.8323875_-73.9351591
40.8324485_-73.9317635
40.832474_-74.003271
40.832479_-73.938912
40.8324834_-73.9503299
40.832502_-73.928101
40.8325178_-73.9254378
40.832522_-73.949663
40.832572_-73.910515
40.832575_-73.991578
40.8325919_-73.9496834
40.832608_-73.917609
40.8326303_-73.9253767
40.8326563_-73.9496167
40.832685_-73.939676
40.832697_-73.949714
40.832708_-73.905051
40.832712_-74.000861
40.832716_-73.928748
40.8327289_-73.9397798
40.8327461_-73.9457725
40.8327512_-73.9387039
40.832761_-73.9458066
40.8327836_-73.9354252
40.8328002_-73.9724534
40.8328256_-73.9395445
40.8328285_-73.9459609
40.832829_-73.911285
40.83282_-73.918241
40.8328356_-73.935305
40.8328806_-73.9420072
40.83289_-73.987986
40.832918_-73.929385
40.832959_-73.9385151
40.8330287_-73.9188543
40.833055_-73.905915
40.8330844_-73.922843
40.833098_-73.940653
40.833117_-73.912145
40.8331557_-73.9192213
40.833187_-73.930214
40.8332231_-73.9470274
40.8332352_-73.9469172
40.8332447_-73.9353394
40.8332512_-73.9381975
40.833273_-73.925029
40.833278_-73.939155
40.83327_-73.985336
40.8332837_-73.9354853
40.833286_-73.914079
40.833315_-73.9470101
40.8333687_-73.950039
40.8333971_-73.9501677
40.8334062_-73.9452905
40.8334071_-73.9352278
40.833409_-73.913001
40.833417_-73.907085
40.8334206_-73.945325
40.8334243_-73.9071767
40.8334829_-73.9415672
40.8334857_-73.945481
40.8335003_-73.9074114
40.833543_-73.920365
40.8335883_-73.9149802
40.833614_-73.998371
40.8336189_-73.9151947
40.833636_-73.9150454
40.833636_-73.92614
40.8336419_-73.9151502
40.833647_-73.984093
40.8336539_-73.935348
40.8336716_-73.9151183
40.833693_-73.980758
40.833694_-73.913844
40.8336979_-73.9453257
40.8337202_-73.915798
40.8337336_-73.9158571
40.8337384_-73.9452961
40.8337497_-73.9159118
40.8337553_-73.9452837
40.833771_-73.975186
40.8337751_-73.9156233
40.833781_-73.9160128
40.833786_-73.94036
40.8338032_-73.9375023
40.8338298_-73.9453298
40.8338318_-73.9484774
40.833833_-73.921223
40.8338357_-73.9352364
40.8338418_-73.915861
40.833843_-73.938492
40.8338729_-73.9185843
40.8338755_-73.9482964
40.8338804_-73.9157375
40.8338833_-73.9159935
40.8338856_-73.938594
40.8339107_-73.9158196
40.833912_-73.98953
40.833917_-73.904222
40.833917_-73.927008
40.8339221_-73.9164123
40.8339223_-73.9161115
40.833938_-73.908691
40.8339562_-73.9162559
40.8339572_-73.9482533
("40.832288_-73.949613","40.832308_-74.002472","40.832317_-73.931602","40.832322_-73.916752","40.8323235_-73.9244951","40.832332_-73.978662","40.832339_-73.949527","40.832355_-73.921062","40.8323747_-73.9408792","40.8323875_-73.9351591","40.8324485_-73.9317635","40.832474_-74.003271","40.832479_-73.938912","40.8324834_-73.9503299","40.832502_-73.928101","40.8325178_-73.9254378","40.832522_-73.949663","40.832572_-73.910515","40.832575_-73.991578","40.8325919_-73.9496834","40.832608_-73.917609","40.8326303_-73.9253767","40.8326563_-73.9496167","40.832685_-73.939676","40.832697_-73.949714","40.832708_-73.905051","40.832712_-74.000861","40.832716_-73.928748","40.8327289_-73.9397798","40.8327461_-73.9457725","40.8327512_-73.9387039","40.832761_-73.9458066","40.8327836_-73.9354252","40.8328002_-73.9724534","40.8328256_-73.9395445","40.8328285_-73.9459609","40.832829_-73.911285","40.83282_-73.918241","40.8328356_-73.935305","40.8328806_-73.9420072","40.83289_-73.987986","40.832918_-73.929385","40.832959_-73.9385151","40.8330287_-73.9188543","40.833055_-73.905915","40.8330844_-73.922843","40.833098_-73.940653","40.833117_-73.912145","40.8331557_-73.9192213","40.833187_-73.930214","40.8332231_-73.9470274","40.8332352_-73.9469172","40.8332447_-73.9353394","40.8332512_-73.9381975","40.833273_-73.925029","40.833278_-73.939155","40.83327_-73.985336","40.8332837_-73.9354853","40.833286_-73.914079","40.833315_-73.9470101","40.8333687_-73.950039","40.8333971_-73.9501677","40.8334062_-73.9452905","40.8334071_-73.9352278","40.833409_-73.913001","40.833417_-73.907085","40.8334206_-73.945325","40.8334243_-73.9071767","40.8334829_-73.9415672","40.8334857_-73.945481","40.8335003_-73.9074114","40.833543_-73.920365","40.8335883_-73.9149802","40.833614_-73.998371","40.8336189_-73.9151947","40.833636_-73.9150454","40.833636_-73.92614","40.8336419_-73.9151502","40.833647_-73.984093","40.8336539_-73.935348","40.8336716_-73.9151183","40.833693_-73.980758","40.833694_-73.913844","40.8336979_-73.9453257","40.8337202_-73.915798","40.8337336_-73.9158571","40.8337384_-73.9452961","40.8337497_-73.9159118","40.8337553_-73.9452837","40.833771_-73.975186","40.8337751_-73.9156233","40.833781_-73.9160128","40.833786_-73.94036","40.8338032_-73.9375023","40.8338298_-73.9453298","40.8338318_-73.9484774","40.833833_-73.921223","40.8338357_-73.9352364","40.8338418_-73.915861","40.833843_-73.938492","40.8338729_-73.9185843","40.8338755_-73.9482964","40.8338804_-73.9157375","40.8338833_-73.9159935","40.8338856_-73.938594","40.8339107_-73.9158196","40.833912_-73.98953","40.833917_-73.904222","40.833917_-73.927008","40.8339221_-73.9164123","40.8339223_-73.9161115","40.833938_-73.908691","40.8339562_-73.9162559","40.8339572_-73.9482533")
done
127.20user 815.19system 1:12:12elapsed 21%CPU (0avgtext+0avgdata 51944maxresident)k
836072inputs+48outputs (5major+28274minor)pagefaults 0swaps
