40.7098598_-74.016466
40.709865_-73.966949
40.709868_-73.911179
40.7098691_-74.0060226
40.709872_-74.007054
40.7098733_-73.9940738
40.7098851_-74.0006957
40.7098857_-73.9900554
40.7098878_-74.0154916
40.7098927_-73.9622119
40.709894_-73.946973
40.7099066_-73.958642
40.709913_-73.9919719
40.7099178_-74.006076
40.7099191_-73.9561013
40.709921_-73.962292
40.7099246_-73.9917943
40.7099257_-73.9555018
40.7099466_-74.0060473
40.7099581_-73.9563588
40.7099643_-74.0137073
40.709973_-73.989399
40.709982_-74.001125
40.709988_-73.904744
40.709988_-73.933296
40.709991_-73.950956
40.7100158_-73.9898837
40.7100433_-73.955819
40.710046_-73.968524
40.7100518_-73.9585397
40.710054_-73.945361
40.7100556_-74.0024864
40.7100678_-74.0012334
40.7100747_-73.9579398
40.7100848_-74.0163751
40.710087_-73.994103
40.710093_-73.914516
40.710093_-73.98979
40.7101017_-73.9612981
40.7101054_-73.9372217
40.7101171_-74.0010132
40.7101218_-74.0018019
40.7101367_-73.9579905
40.7101394_-73.9889053
40.710143_-73.989406
40.7101452_-74.0126714
40.7101685_-73.9612627
40.710172_-73.951516
40.7101773_-74.0042411
40.710183_-73.908481
40.7101868_-74.0011367
40.7101975_-73.9638948
40.7102048_-73.9964836
40.710204_-73.963135
40.710221_-73.950994
40.710221_-74.007745
40.710223_-73.943676
40.7102296_-73.99649
40.7102359_-73.9580077
40.7102391_-73.9563473
40.7102414_-73.9962401
40.710259_-73.907218
40.710264_-73.953856
40.7102747_-73.9575431
40.710285_-73.935179
40.710286_-73.9637872
40.710292_-73.9881125
40.710294_-73.986601
40.710297_-73.963875
40.71029_-73.917883
40.7102_-73.958418
40.7103026_-74.0010479
40.7103068_-73.9587307
40.710309_-73.9639801
40.7103156_-74.0023077
40.7103247_-73.9571002
40.7103273_-73.9587564
40.710327_-74.009543
40.7103332_-73.9619201
40.710336_-73.951968
40.7103402_-73.9583332
40.7103437_-74.0176273
40.710344_-73.922933
40.7103466_-74.0175989
40.7103477_-73.9568372
40.7103479_-74.0176554
40.7103563_-74.0175732
40.7103587_-74.0176803
40.7103616_-73.9566777
40.7103622_-74.0040377
40.710362_-73.941991
40.7103636_-73.9611588
40.710365_-73.9580676
40.710367_-74.011232
40.7103718_-74.017553
40.710375_-74.0176992
40.7103823_-73.9618852
40.7103915_-74.0175405
40.7103955_-74.0177103
40.710397_-74.005599
40.710401_-73.9563526
40.7104035_-73.9576617
40.7104132_-74.017537
40.710413_-74.009474
40.7104176_-74.017712
40.7104199_-74.0021754
40.7104204_-73.9846551
40.710432_-73.948771
40.7104346_-74.017543
40.7104389_-74.0177039
40.7104436_-73.9637528
40.7104517_-73.9852403
40.7104534_-74.0175579
40.710453_-73.937336
40.7098598_-74.016466
40.709865_-73.966949
40.709868_-73.911179
40.7098691_-74.0060226
40.709872_-74.007054
40.7098733_-73.9940738
40.7098851_-74.0006957
40.7098857_-73.9900554
40.7098878_-74.0154916
40.7098927_-73.9622119
40.709894_-73.946973
40.7099066_-73.958642
40.709913_-73.9919719
40.7099178_-74.006076
40.7099191_-73.9561013
40.709921_-73.962292
40.7099246_-73.9917943
40.7099257_-73.9555018
40.7099466_-74.0060473
40.7099581_-73.9563588
40.7099643_-74.0137073
40.709973_-73.989399
40.709982_-74.001125
40.709988_-73.904744
40.709988_-73.933296
40.709991_-73.950956
40.7100158_-73.9898837
40.7100433_-73.955819
40.710046_-73.968524
40.7100518_-73.9585397
40.710054_-73.945361
40.7100556_-74.0024864
40.7100678_-74.0012334
40.7100747_-73.9579398
40.7100848_-74.0163751
40.710087_-73.994103
40.710093_-73.914516
40.710093_-73.98979
40.7101017_-73.9612981
40.7101054_-73.9372217
40.7101171_-74.0010132
40.7101218_-74.0018019
40.7101367_-73.9579905
40.7101394_-73.9889053
40.710143_-73.989406
40.7101452_-74.0126714
40.7101685_-73.9612627
40.710172_-73.951516
40.7101773_-74.0042411
40.710183_-73.908481
40.7101868_-74.0011367
40.7101975_-73.9638948
40.7102048_-73.9964836
40.710204_-73.963135
40.710221_-73.950994
40.710221_-74.007745
40.710223_-73.943676
40.7102296_-73.99649
40.7102359_-73.9580077
40.7102391_-73.9563473
40.7102414_-73.9962401
40.710259_-73.907218
40.710264_-73.953856
40.7102747_-73.9575431
40.710285_-73.935179
40.710286_-73.9637872
40.710292_-73.9881125
40.710294_-73.986601
40.710297_-73.963875
40.71029_-73.917883
40.7102_-73.958418
40.7103026_-74.0010479
40.7103068_-73.9587307
40.710309_-73.9639801
40.7103156_-74.0023077
40.7103247_-73.9571002
40.7103273_-73.9587564
40.710327_-74.009543
40.7103332_-73.9619201
40.710336_-73.951968
40.7103402_-73.9583332
40.7103437_-74.0176273
40.710344_-73.922933
40.7103466_-74.0175989
40.7103477_-73.9568372
40.7103479_-74.0176554
40.7103563_-74.0175732
40.7103587_-74.0176803
40.7103616_-73.9566777
40.7103622_-74.0040377
40.710362_-73.941991
40.7103636_-73.9611588
40.710365_-73.9580676
40.710367_-74.011232
40.7103718_-74.017553
40.710375_-74.0176992
40.7103823_-73.9618852
40.7103915_-74.0175405
40.7103955_-74.0177103
40.710397_-74.005599
40.710401_-73.9563526
40.7104035_-73.9576617
40.7104132_-74.017537
40.710413_-74.009474
40.7104176_-74.017712
40.7104199_-74.0021754
40.7104204_-73.9846551
40.710432_-73.948771
40.7104346_-74.017543
40.7104389_-74.0177039
40.7104436_-73.9637528
40.7104517_-73.9852403
40.7104534_-74.0175579
40.710453_-73.937336
("40.7098598_-74.016466","40.709865_-73.966949","40.709868_-73.911179","40.7098691_-74.0060226","40.709872_-74.007054","40.7098733_-73.9940738","40.7098851_-74.0006957","40.7098857_-73.9900554","40.7098878_-74.0154916","40.7098927_-73.9622119","40.709894_-73.946973","40.7099066_-73.958642","40.709913_-73.9919719","40.7099178_-74.006076","40.7099191_-73.9561013","40.709921_-73.962292","40.7099246_-73.9917943","40.7099257_-73.9555018","40.7099466_-74.0060473","40.7099581_-73.9563588","40.7099643_-74.0137073","40.709973_-73.989399","40.709982_-74.001125","40.709988_-73.904744","40.709988_-73.933296","40.709991_-73.950956","40.7100158_-73.9898837","40.7100433_-73.955819","40.710046_-73.968524","40.7100518_-73.9585397","40.710054_-73.945361","40.7100556_-74.0024864","40.7100678_-74.0012334","40.7100747_-73.9579398","40.7100848_-74.0163751","40.710087_-73.994103","40.710093_-73.914516","40.710093_-73.98979","40.7101017_-73.9612981","40.7101054_-73.9372217","40.7101171_-74.0010132","40.7101218_-74.0018019","40.7101367_-73.9579905","40.7101394_-73.9889053","40.710143_-73.989406","40.7101452_-74.0126714","40.7101685_-73.9612627","40.710172_-73.951516","40.7101773_-74.0042411","40.710183_-73.908481","40.7101868_-74.0011367","40.7101975_-73.9638948","40.7102048_-73.9964836","40.710204_-73.963135","40.710221_-73.950994","40.710221_-74.007745","40.710223_-73.943676","40.7102296_-73.99649","40.7102359_-73.9580077","40.7102391_-73.9563473","40.7102414_-73.9962401","40.710259_-73.907218","40.710264_-73.953856","40.7102747_-73.9575431","40.710285_-73.935179","40.710286_-73.9637872","40.710292_-73.9881125","40.710294_-73.986601","40.710297_-73.963875","40.71029_-73.917883","40.7102_-73.958418","40.7103026_-74.0010479","40.7103068_-73.9587307","40.710309_-73.9639801","40.7103156_-74.0023077","40.7103247_-73.9571002","40.7103273_-73.9587564","40.710327_-74.009543","40.7103332_-73.9619201","40.710336_-73.951968","40.7103402_-73.9583332","40.7103437_-74.0176273","40.710344_-73.922933","40.7103466_-74.0175989","40.7103477_-73.9568372","40.7103479_-74.0176554","40.7103563_-74.0175732","40.7103587_-74.0176803","40.7103616_-73.9566777","40.7103622_-74.0040377","40.710362_-73.941991","40.7103636_-73.9611588","40.710365_-73.9580676","40.710367_-74.011232","40.7103718_-74.017553","40.710375_-74.0176992","40.7103823_-73.9618852","40.7103915_-74.0175405","40.7103955_-74.0177103","40.710397_-74.005599","40.710401_-73.9563526","40.7104035_-73.9576617","40.7104132_-74.017537","40.710413_-74.009474","40.7104176_-74.017712","40.7104199_-74.0021754","40.7104204_-73.9846551","40.710432_-73.948771","40.7104346_-74.017543","40.7104389_-74.0177039","40.7104436_-73.9637528","40.7104517_-73.9852403","40.7104534_-74.0175579","40.710453_-73.937336")
done
142.89user 807.33system 1:15:04elapsed 21%CPU (0avgtext+0avgdata 56588maxresident)k
1523960inputs+7824outputs (8major+29261minor)pagefaults 0swaps
