40.7984853_-73.9233857
40.7985006_-73.9671143
40.7985027_-73.9545017
40.7985082_-73.9691157
40.7985191_-73.9290791
40.798528_-73.9632746
40.7985418_-74.0039236
40.7985522_-73.9436121
40.7985659_-73.9633655
40.7985677_-73.92113
40.798575_-73.910883
40.7985787_-73.9731567
40.7985847_-73.9753506
40.7985861_-73.9335218
40.7985995_-73.9296206
40.7986152_-73.9210216
40.7986157_-73.9416251
40.7986248_-73.9395221
40.798638_-73.973724
40.798645_-73.9614743
40.7986564_-73.9547017
40.7986668_-73.9438857
40.7986731_-73.9290739
40.7986754_-73.9730761
40.7986772_-73.9584801
40.7987245_-73.9595473
40.798726_-73.9211238
40.7987564_-73.9736158
40.7987652_-73.9729819
40.798769_-73.99498
40.7987864_-74.0061728
40.7987935_-73.9296884
40.798794_-73.973588
40.7988119_-73.9519558
40.7988176_-73.9585028
40.798842_-73.9688582
40.7988557_-73.9241707
40.7988578_-73.954991
40.7988644_-73.9113817
40.7988732_-73.9521033
40.7988978_-73.9585003
40.7989066_-73.9750291
40.7989087_-73.9550797
40.798935_-73.936361
40.7989558_-73.9752122
40.7989599_-73.9297517
40.798959_-74.011832
40.7989699_-73.9584809
40.799002_-73.998291
40.7990177_-73.9552696
40.7990336_-73.9290804
40.799042_-73.9734
40.799044_-73.996234
40.7990509_-73.9215912
40.7990524_-73.9584512
40.7990572_-73.955305
40.7990578_-73.9684641
40.7990808_-73.9704307
40.7990896_-73.9553263
40.799092_-73.90853
40.7991063_-73.9685709
40.7991218_-73.9584165
40.7991294_-73.9666552
40.79912_-74.008598
40.7991359_-73.9290932
40.79913_-74.00346
40.7991422_-73.9686501
40.7991459_-73.9725352
40.7991637_-73.9215593
40.7991639_-73.9583889
40.7991842_-73.9189954
40.7991906_-73.9749305
40.7991917_-73.9557027
40.7991956_-73.92983
40.7992016_-73.9627924
40.7992213_-73.9553524
40.799229_-73.9751104
40.7992369_-73.962876
40.7992437_-73.9431074
40.7992448_-73.9557621
40.7992499_-73.9556809
40.7992526_-73.9559223
40.7992528_-73.9390621
40.799257_-73.97322
40.799258_-73.91206
40.7992726_-73.9583006
40.7992763_-73.9553337
40.7992849_-73.9453606
40.7992983_-73.9555206
40.7993007_-73.9411255
40.7993044_-73.9591244
40.7993056_-73.9298673
40.7993084_-73.9291241
40.7993116_-73.9562078
40.7993223_-73.9582534
40.7993247_-73.9609759
40.7993262_-73.9553033
40.7993519_-73.9564078
40.7993575_-73.9590858
40.7993587_-74.0057028
40.7993598_-73.9433813
40.7993614_-73.9582088
40.799371_-74.00108
40.799383_-73.9554407
40.7993846_-73.9298878
40.7993853_-73.956632
40.7993903_-73.9750502
40.7993946_-73.956768
40.7994043_-73.9569606
40.7994053_-73.9552082
40.7994203_-73.9571171
40.7994291_-73.9581207
40.7994395_-73.957225
40.7994445_-73.9514947
40.7984853_-73.9233857
40.7985006_-73.9671143
40.7985027_-73.9545017
40.7985082_-73.9691157
40.7985191_-73.9290791
40.798528_-73.9632746
40.7985418_-74.0039236
40.7985522_-73.9436121
40.7985659_-73.9633655
40.7985677_-73.92113
40.798575_-73.910883
40.7985787_-73.9731567
40.7985847_-73.9753506
40.7985861_-73.9335218
40.7985995_-73.9296206
40.7986152_-73.9210216
40.7986157_-73.9416251
40.7986248_-73.9395221
40.798638_-73.973724
40.798645_-73.9614743
40.7986564_-73.9547017
40.7986668_-73.9438857
40.7986731_-73.9290739
40.7986754_-73.9730761
40.7986772_-73.9584801
40.7987245_-73.9595473
40.798726_-73.9211238
40.7987564_-73.9736158
40.7987652_-73.9729819
40.798769_-73.99498
40.7987864_-74.0061728
40.7987935_-73.9296884
40.798794_-73.973588
40.7988119_-73.9519558
40.7988176_-73.9585028
40.798842_-73.9688582
40.7988557_-73.9241707
40.7988578_-73.954991
40.7988644_-73.9113817
40.7988732_-73.9521033
40.7988978_-73.9585003
40.7989066_-73.9750291
40.7989087_-73.9550797
40.798935_-73.936361
40.7989558_-73.9752122
40.7989599_-73.9297517
40.798959_-74.011832
40.7989699_-73.9584809
40.799002_-73.998291
40.7990177_-73.9552696
40.7990336_-73.9290804
40.799042_-73.9734
40.799044_-73.996234
40.7990509_-73.9215912
40.7990524_-73.9584512
40.7990572_-73.955305
40.7990578_-73.9684641
40.7990808_-73.9704307
40.7990896_-73.9553263
40.799092_-73.90853
40.7991063_-73.9685709
40.7991218_-73.9584165
40.7991294_-73.9666552
40.79912_-74.008598
40.7991359_-73.9290932
40.79913_-74.00346
40.7991422_-73.9686501
40.7991459_-73.9725352
40.7991637_-73.9215593
40.7991639_-73.9583889
40.7991842_-73.9189954
40.7991906_-73.9749305
40.7991917_-73.9557027
40.7991956_-73.92983
40.7992016_-73.9627924
40.7992213_-73.9553524
40.799229_-73.9751104
40.7992369_-73.962876
40.7992437_-73.9431074
40.7992448_-73.9557621
40.7992499_-73.9556809
40.7992526_-73.9559223
40.7992528_-73.9390621
40.799257_-73.97322
40.799258_-73.91206
40.7992726_-73.9583006
40.7992763_-73.9553337
40.7992849_-73.9453606
40.7992983_-73.9555206
40.7993007_-73.9411255
40.7993044_-73.9591244
40.7993056_-73.9298673
40.7993084_-73.9291241
40.7993116_-73.9562078
40.7993223_-73.9582534
40.7993247_-73.9609759
40.7993262_-73.9553033
40.7993519_-73.9564078
40.7993575_-73.9590858
40.7993587_-74.0057028
40.7993598_-73.9433813
40.7993614_-73.9582088
40.799371_-74.00108
40.799383_-73.9554407
40.7993846_-73.9298878
40.7993853_-73.956632
40.7993903_-73.9750502
40.7993946_-73.956768
40.7994043_-73.9569606
40.7994053_-73.9552082
40.7994203_-73.9571171
40.7994291_-73.9581207
40.7994395_-73.957225
40.7994445_-73.9514947
("40.7984853_-73.9233857","40.7985006_-73.9671143","40.7985027_-73.9545017","40.7985082_-73.9691157","40.7985191_-73.9290791","40.798528_-73.9632746","40.7985418_-74.0039236","40.7985522_-73.9436121","40.7985659_-73.9633655","40.7985677_-73.92113","40.798575_-73.910883","40.7985787_-73.9731567","40.7985847_-73.9753506","40.7985861_-73.9335218","40.7985995_-73.9296206","40.7986152_-73.9210216","40.7986157_-73.9416251","40.7986248_-73.9395221","40.798638_-73.973724","40.798645_-73.9614743","40.7986564_-73.9547017","40.7986668_-73.9438857","40.7986731_-73.9290739","40.7986754_-73.9730761","40.7986772_-73.9584801","40.7987245_-73.9595473","40.798726_-73.9211238","40.7987564_-73.9736158","40.7987652_-73.9729819","40.798769_-73.99498","40.7987864_-74.0061728","40.7987935_-73.9296884","40.798794_-73.973588","40.7988119_-73.9519558","40.7988176_-73.9585028","40.798842_-73.9688582","40.7988557_-73.9241707","40.7988578_-73.954991","40.7988644_-73.9113817","40.7988732_-73.9521033","40.7988978_-73.9585003","40.7989066_-73.9750291","40.7989087_-73.9550797","40.798935_-73.936361","40.7989558_-73.9752122","40.7989599_-73.9297517","40.798959_-74.011832","40.7989699_-73.9584809","40.799002_-73.998291","40.7990177_-73.9552696","40.7990336_-73.9290804","40.799042_-73.9734","40.799044_-73.996234","40.7990509_-73.9215912","40.7990524_-73.9584512","40.7990572_-73.955305","40.7990578_-73.9684641","40.7990808_-73.9704307","40.7990896_-73.9553263","40.799092_-73.90853","40.7991063_-73.9685709","40.7991218_-73.9584165","40.7991294_-73.9666552","40.79912_-74.008598","40.7991359_-73.9290932","40.79913_-74.00346","40.7991422_-73.9686501","40.7991459_-73.9725352","40.7991637_-73.9215593","40.7991639_-73.9583889","40.7991842_-73.9189954","40.7991906_-73.9749305","40.7991917_-73.9557027","40.7991956_-73.92983","40.7992016_-73.9627924","40.7992213_-73.9553524","40.799229_-73.9751104","40.7992369_-73.962876","40.7992437_-73.9431074","40.7992448_-73.9557621","40.7992499_-73.9556809","40.7992526_-73.9559223","40.7992528_-73.9390621","40.799257_-73.97322","40.799258_-73.91206","40.7992726_-73.9583006","40.7992763_-73.9553337","40.7992849_-73.9453606","40.7992983_-73.9555206","40.7993007_-73.9411255","40.7993044_-73.9591244","40.7993056_-73.9298673","40.7993084_-73.9291241","40.7993116_-73.9562078","40.7993223_-73.9582534","40.7993247_-73.9609759","40.7993262_-73.9553033","40.7993519_-73.9564078","40.7993575_-73.9590858","40.7993587_-74.0057028","40.7993598_-73.9433813","40.7993614_-73.9582088","40.799371_-74.00108","40.799383_-73.9554407","40.7993846_-73.9298878","40.7993853_-73.956632","40.7993903_-73.9750502","40.7993946_-73.956768","40.7994043_-73.9569606","40.7994053_-73.9552082","40.7994203_-73.9571171","40.7994291_-73.9581207","40.7994395_-73.957225","40.7994445_-73.9514947")
done
125.38user 814.58system 1:14:50elapsed 20%CPU (0avgtext+0avgdata 58972maxresident)k
676368inputs+17176outputs (11major+30373minor)pagefaults 0swaps
