40.707147_-74.013374
40.707153_-73.931479
40.707154_-73.908012
40.7071579_-74.0011295
40.7071652_-74.0164755
40.707169_-73.944904
40.7071732_-74.0093543
40.707175_-73.961237
40.707182_-73.921056
40.7071854_-74.0149133
40.70718_-73.9575781
40.7071926_-74.0010614
40.7071926_-74.0164869
40.707192_-73.915102
40.7072014_-73.9034189
40.707205_-74.005951
40.7072105_-74.0165116
40.707216_-74.002744
40.707219_-74.007459
40.7072208_-73.9520835
40.7072215_-73.9580846
40.707223_-73.912694
40.707237_-73.906738
40.707252_-73.958456
40.707252_-73.9659362
40.707277_-74.001345
40.707283_-73.935897
40.707291_-73.961185
40.707335_-73.943202
40.707341_-74.007286
40.70734_-74.008645
40.7073512_-73.9673905
40.707352_-73.959395
40.7073692_-73.9184658
40.7073726_-74.0009835
40.7073848_-74.0096985
40.707387_-74.005482
40.707391_-73.95053
40.707394_-73.924169
40.707395_-73.961157
40.7074006_-74.0085854
40.7074064_-73.967406
40.707406_-73.925383
40.707407_-73.959938
40.707425_-73.961831
40.7074277_-74.0146913
40.7074407_-73.9674116
40.7074472_-73.9649041
40.7074502_-74.0040671
40.707452_-74.011947
40.7074569_-74.0171175
40.707458_-74.007151
40.7074671_-74.0010281
40.707472_-73.910064
40.7074808_-73.9674102
40.707487_-73.933919
40.707493_-73.941518
40.70749_-73.962198
40.7074_-73.955669
40.707505_-73.9661633
40.7075062_-73.9660938
40.7075145_-74.0103794
40.7075174_-74.0004238
40.7075177_-73.9660293
40.7075228_-73.9674039
40.707524_-73.961144
40.707524_-74.0063843
40.707526_-73.95704
40.7075279_-73.9240258
40.7075372_-73.9644203
40.707551_-73.904033
40.707551_-73.908794
40.7075656_-73.9240891
40.7075703_-73.9555595
40.7075715_-74.0041207
40.707577_-73.928838
40.707578_-74.007035
40.7075876_-73.9385729
40.7075879_-73.9241401
40.7075944_-73.9242664
40.707595_-73.96186
40.7075961_-73.9241964
40.707597_-73.948303
40.7075988_-74.0174564
40.707623_-73.962131
40.707631_-73.91584
40.707637_-73.967383
40.707652_-73.921765
40.707654_-73.939838
40.70766_-73.913435
40.707671_-74.003108
40.707676_-73.958385
40.707676_-74.0155222
40.707677_-73.907477
40.7076849_-74.0003141
40.707684_-73.9322825
40.707685_-73.962743
40.70768_-73.916988
40.707694_-74.010201
40.707697_-74.006941
40.707719_-74.00175
40.7077208_-73.9385421
40.707722_-74.008269
40.707729_-73.963278
40.707745_-73.953606
40.707746_-73.9323135
40.7077484_-74.0157936
40.707754_-73.946656
40.707756_-73.968423
40.707756_-74.011703
40.7077772_-74.012958
40.707782_-73.938528
40.707786_-73.932072
40.7077946_-74.0158996
40.707147_-74.013374
40.707153_-73.931479
40.707154_-73.908012
40.7071579_-74.0011295
40.7071652_-74.0164755
40.707169_-73.944904
40.7071732_-74.0093543
40.707175_-73.961237
40.707182_-73.921056
40.7071854_-74.0149133
40.70718_-73.9575781
40.7071926_-74.0010614
40.7071926_-74.0164869
40.707192_-73.915102
40.7072014_-73.9034189
40.707205_-74.005951
40.7072105_-74.0165116
40.707216_-74.002744
40.707219_-74.007459
40.7072208_-73.9520835
40.7072215_-73.9580846
40.707223_-73.912694
40.707237_-73.906738
40.707252_-73.958456
40.707252_-73.9659362
40.707277_-74.001345
40.707283_-73.935897
40.707291_-73.961185
40.707335_-73.943202
40.707341_-74.007286
40.70734_-74.008645
40.7073512_-73.9673905
40.707352_-73.959395
40.7073692_-73.9184658
40.7073726_-74.0009835
40.7073848_-74.0096985
40.707387_-74.005482
40.707391_-73.95053
40.707394_-73.924169
40.707395_-73.961157
40.7074006_-74.0085854
40.7074064_-73.967406
40.707406_-73.925383
40.707407_-73.959938
40.707425_-73.961831
40.7074277_-74.0146913
40.7074407_-73.9674116
40.7074472_-73.9649041
40.7074502_-74.0040671
40.707452_-74.011947
40.7074569_-74.0171175
40.707458_-74.007151
40.7074671_-74.0010281
40.707472_-73.910064
40.7074808_-73.9674102
40.707487_-73.933919
40.707493_-73.941518
40.70749_-73.962198
40.7074_-73.955669
40.707505_-73.9661633
40.7075062_-73.9660938
40.7075145_-74.0103794
40.7075174_-74.0004238
40.7075177_-73.9660293
40.7075228_-73.9674039
40.707524_-73.961144
40.707524_-74.0063843
40.707526_-73.95704
40.7075279_-73.9240258
40.7075372_-73.9644203
40.707551_-73.904033
40.707551_-73.908794
40.7075656_-73.9240891
40.7075703_-73.9555595
40.7075715_-74.0041207
40.707577_-73.928838
40.707578_-74.007035
40.7075876_-73.9385729
40.7075879_-73.9241401
40.7075944_-73.9242664
40.707595_-73.96186
40.7075961_-73.9241964
40.707597_-73.948303
40.7075988_-74.0174564
40.707623_-73.962131
40.707631_-73.91584
40.707637_-73.967383
40.707652_-73.921765
40.707654_-73.939838
40.70766_-73.913435
40.707671_-74.003108
40.707676_-73.958385
40.707676_-74.0155222
40.707677_-73.907477
40.7076849_-74.0003141
40.707684_-73.9322825
40.707685_-73.962743
40.70768_-73.916988
40.707694_-74.010201
40.707697_-74.006941
40.707719_-74.00175
40.7077208_-73.9385421
40.707722_-74.008269
40.707729_-73.963278
40.707745_-73.953606
40.707746_-73.9323135
40.7077484_-74.0157936
40.707754_-73.946656
40.707756_-73.968423
40.707756_-74.011703
40.7077772_-74.012958
40.707782_-73.938528
40.707786_-73.932072
40.7077946_-74.0158996
("40.707147_-74.013374","40.707153_-73.931479","40.707154_-73.908012","40.7071579_-74.0011295","40.7071652_-74.0164755","40.707169_-73.944904","40.7071732_-74.0093543","40.707175_-73.961237","40.707182_-73.921056","40.7071854_-74.0149133","40.70718_-73.9575781","40.7071926_-74.0010614","40.7071926_-74.0164869","40.707192_-73.915102","40.7072014_-73.9034189","40.707205_-74.005951","40.7072105_-74.0165116","40.707216_-74.002744","40.707219_-74.007459","40.7072208_-73.9520835","40.7072215_-73.9580846","40.707223_-73.912694","40.707237_-73.906738","40.707252_-73.958456","40.707252_-73.9659362","40.707277_-74.001345","40.707283_-73.935897","40.707291_-73.961185","40.707335_-73.943202","40.707341_-74.007286","40.70734_-74.008645","40.7073512_-73.9673905","40.707352_-73.959395","40.7073692_-73.9184658","40.7073726_-74.0009835","40.7073848_-74.0096985","40.707387_-74.005482","40.707391_-73.95053","40.707394_-73.924169","40.707395_-73.961157","40.7074006_-74.0085854","40.7074064_-73.967406","40.707406_-73.925383","40.707407_-73.959938","40.707425_-73.961831","40.7074277_-74.0146913","40.7074407_-73.9674116","40.7074472_-73.9649041","40.7074502_-74.0040671","40.707452_-74.011947","40.7074569_-74.0171175","40.707458_-74.007151","40.7074671_-74.0010281","40.707472_-73.910064","40.7074808_-73.9674102","40.707487_-73.933919","40.707493_-73.941518","40.70749_-73.962198","40.7074_-73.955669","40.707505_-73.9661633","40.7075062_-73.9660938","40.7075145_-74.0103794","40.7075174_-74.0004238","40.7075177_-73.9660293","40.7075228_-73.9674039","40.707524_-73.961144","40.707524_-74.0063843","40.707526_-73.95704","40.7075279_-73.9240258","40.7075372_-73.9644203","40.707551_-73.904033","40.707551_-73.908794","40.7075656_-73.9240891","40.7075703_-73.9555595","40.7075715_-74.0041207","40.707577_-73.928838","40.707578_-74.007035","40.7075876_-73.9385729","40.7075879_-73.9241401","40.7075944_-73.9242664","40.707595_-73.96186","40.7075961_-73.9241964","40.707597_-73.948303","40.7075988_-74.0174564","40.707623_-73.962131","40.707631_-73.91584","40.707637_-73.967383","40.707652_-73.921765","40.707654_-73.939838","40.70766_-73.913435","40.707671_-74.003108","40.707676_-73.958385","40.707676_-74.0155222","40.707677_-73.907477","40.7076849_-74.0003141","40.707684_-73.9322825","40.707685_-73.962743","40.70768_-73.916988","40.707694_-74.010201","40.707697_-74.006941","40.707719_-74.00175","40.7077208_-73.9385421","40.707722_-74.008269","40.707729_-73.963278","40.707745_-73.953606","40.707746_-73.9323135","40.7077484_-74.0157936","40.707754_-73.946656","40.707756_-73.968423","40.707756_-74.011703","40.7077772_-74.012958","40.707782_-73.938528","40.707786_-73.932072","40.7077946_-74.0158996")
done
142.97user 812.53system 1:14:33elapsed 21%CPU (0avgtext+0avgdata 57680maxresident)k
369720inputs+11176outputs (10major+29549minor)pagefaults 0swaps
