40.7494263_-73.9180059
40.7494404_-73.9364436
40.749448_-73.99765
40.7494645_-74.00653
40.7494677_-73.9183837
40.7494728_-73.9795978
40.7494755_-73.9693194
40.749476_-73.997799
40.7494782_-73.9693174
40.7494797_-73.9753854
40.7494817_-74.0063483
40.749486_-73.998366
40.7494871_-73.954804
40.749491_-73.987973
40.749491_-73.998197
40.749492_-73.997947
40.749495_-73.998146
40.749495_-73.998515
40.7494985_-73.9466648
40.7494993_-73.9185762
40.7495012_-74.0065372
40.7495069_-74.0063846
40.749508_-73.920273
40.7495121_-74.0006178
40.749521_-73.998685
40.7495329_-74.0065581
40.749536_-73.915521
40.7495393_-73.9774355
40.7495415_-74.0065691
40.7495528_-74.0064103
40.7495618_-73.9931031
40.749561_-73.998838
40.7495663_-73.9794069
40.749575_-73.952231
40.7495806_-73.9775344
40.7495811_-73.969243
40.749588_-73.9553721
40.7495902_-74.0064145
40.749592_-74.002785
40.7496012_-73.9989454
40.7496162_-73.9510536
40.7496182_-73.9179677
40.7496307_-74.0064051
40.7496412_-73.9815997
40.7496476_-73.9795985
40.7496496_-73.9990669
40.7496702_-74.0063827
40.7496708_-73.9952986
40.749676_-73.943708
40.7496824_-73.9476295
40.7496912_-73.9697891
40.7496922_-73.9359715
40.7496989_-73.9739839
40.7497009_-73.9878281
40.749706_-73.991563
40.7497074_-73.9759223
40.7497098_-73.9752183
40.7497198_-73.9361334
40.749724_-73.983621
40.749735_-73.97407
40.7497396_-73.987639
40.7497479_-73.9250188
40.7497521_-73.9363145
40.749755_-73.909711
40.749757_-73.9413434
40.749757_-73.9699524
40.7497627_-73.9363549
40.749767_-73.907509
40.7497687_-73.9374388
40.7497696_-73.9374158
40.7497705_-73.9374606
40.7497769_-73.9373843
40.7497769_-73.9374909
40.7497843_-73.9373564
40.7497843_-73.9375152
40.7497921_-73.9877652
40.7497953_-73.9375418
40.749797_-73.916975
40.7498044_-73.9520175
40.7498082_-74.0033011
40.7498227_-73.9878341
40.7498286_-73.941288
40.7498286_-73.9722049
40.7498289_-73.9389802
40.7498478_-73.9522401
40.7498534_-73.9879077
40.7498614_-73.9376957
40.7498736_-73.9877069
40.749878_-73.9485772
40.7498821_-73.9391585
40.7498978_-73.9412375
40.7499018_-73.9377879
40.7499023_-73.9840396
40.7499168_-73.9880581
40.749932_-73.903447
40.74993_-73.92019
40.7499413_-73.9378812
40.749946_-73.908393
40.7499494_-73.9367394
40.7499798_-73.9377212
40.749979_-73.911625
40.7499835_-73.9368085
40.7499921_-73.9491858
40.7499989_-74.0062033
40.7500222_-73.9367002
40.7500365_-73.9913122
40.7500463_-73.968908
40.750081_-73.94452
40.7501034_-73.9517594
40.7501044_-73.9688661
40.750111_-73.915406
40.750119_-73.908319
40.750122_-73.930956
40.7501558_-73.9769869
40.7494263_-73.9180059
40.7494404_-73.9364436
40.749448_-73.99765
40.7494645_-74.00653
40.7494677_-73.9183837
40.7494728_-73.9795978
40.7494755_-73.9693194
40.749476_-73.997799
40.7494782_-73.9693174
40.7494797_-73.9753854
40.7494817_-74.0063483
40.749486_-73.998366
40.7494871_-73.954804
40.749491_-73.987973
40.749491_-73.998197
40.749492_-73.997947
40.749495_-73.998146
40.749495_-73.998515
40.7494985_-73.9466648
40.7494993_-73.9185762
40.7495012_-74.0065372
40.7495069_-74.0063846
40.749508_-73.920273
40.7495121_-74.0006178
40.749521_-73.998685
40.7495329_-74.0065581
40.749536_-73.915521
40.7495393_-73.9774355
40.7495415_-74.0065691
40.7495528_-74.0064103
40.7495618_-73.9931031
40.749561_-73.998838
40.7495663_-73.9794069
40.749575_-73.952231
40.7495806_-73.9775344
40.7495811_-73.969243
40.749588_-73.9553721
40.7495902_-74.0064145
40.749592_-74.002785
40.7496012_-73.9989454
40.7496162_-73.9510536
40.7496182_-73.9179677
40.7496307_-74.0064051
40.7496412_-73.9815997
40.7496476_-73.9795985
40.7496496_-73.9990669
40.7496702_-74.0063827
40.7496708_-73.9952986
40.749676_-73.943708
40.7496824_-73.9476295
40.7496912_-73.9697891
40.7496922_-73.9359715
40.7496989_-73.9739839
40.7497009_-73.9878281
40.749706_-73.991563
40.7497074_-73.9759223
40.7497098_-73.9752183
40.7497198_-73.9361334
40.749724_-73.983621
40.749735_-73.97407
40.7497396_-73.987639
40.7497479_-73.9250188
40.7497521_-73.9363145
40.749755_-73.909711
40.749757_-73.9413434
40.749757_-73.9699524
40.7497627_-73.9363549
40.749767_-73.907509
40.7497687_-73.9374388
40.7497696_-73.9374158
40.7497705_-73.9374606
40.7497769_-73.9373843
40.7497769_-73.9374909
40.7497843_-73.9373564
40.7497843_-73.9375152
40.7497921_-73.9877652
40.7497953_-73.9375418
40.749797_-73.916975
40.7498044_-73.9520175
40.7498082_-74.0033011
40.7498227_-73.9878341
40.7498286_-73.941288
40.7498286_-73.9722049
40.7498289_-73.9389802
40.7498478_-73.9522401
40.7498534_-73.9879077
40.7498614_-73.9376957
40.7498736_-73.9877069
40.749878_-73.9485772
40.7498821_-73.9391585
40.7498978_-73.9412375
40.7499018_-73.9377879
40.7499023_-73.9840396
40.7499168_-73.9880581
40.749932_-73.903447
40.74993_-73.92019
40.7499413_-73.9378812
40.749946_-73.908393
40.7499494_-73.9367394
40.7499798_-73.9377212
40.749979_-73.911625
40.7499835_-73.9368085
40.7499921_-73.9491858
40.7499989_-74.0062033
40.7500222_-73.9367002
40.7500365_-73.9913122
40.7500463_-73.968908
40.750081_-73.94452
40.7501034_-73.9517594
40.7501044_-73.9688661
40.750111_-73.915406
40.750119_-73.908319
40.750122_-73.930956
40.7501558_-73.9769869
("40.7494263_-73.9180059","40.7494404_-73.9364436","40.749448_-73.99765","40.7494645_-74.00653","40.7494677_-73.9183837","40.7494728_-73.9795978","40.7494755_-73.9693194","40.749476_-73.997799","40.7494782_-73.9693174","40.7494797_-73.9753854","40.7494817_-74.0063483","40.749486_-73.998366","40.7494871_-73.954804","40.749491_-73.987973","40.749491_-73.998197","40.749492_-73.997947","40.749495_-73.998146","40.749495_-73.998515","40.7494985_-73.9466648","40.7494993_-73.9185762","40.7495012_-74.0065372","40.7495069_-74.0063846","40.749508_-73.920273","40.7495121_-74.0006178","40.749521_-73.998685","40.7495329_-74.0065581","40.749536_-73.915521","40.7495393_-73.9774355","40.7495415_-74.0065691","40.7495528_-74.0064103","40.7495618_-73.9931031","40.749561_-73.998838","40.7495663_-73.9794069","40.749575_-73.952231","40.7495806_-73.9775344","40.7495811_-73.969243","40.749588_-73.9553721","40.7495902_-74.0064145","40.749592_-74.002785","40.7496012_-73.9989454","40.7496162_-73.9510536","40.7496182_-73.9179677","40.7496307_-74.0064051","40.7496412_-73.9815997","40.7496476_-73.9795985","40.7496496_-73.9990669","40.7496702_-74.0063827","40.7496708_-73.9952986","40.749676_-73.943708","40.7496824_-73.9476295","40.7496912_-73.9697891","40.7496922_-73.9359715","40.7496989_-73.9739839","40.7497009_-73.9878281","40.749706_-73.991563","40.7497074_-73.9759223","40.7497098_-73.9752183","40.7497198_-73.9361334","40.749724_-73.983621","40.749735_-73.97407","40.7497396_-73.987639","40.7497479_-73.9250188","40.7497521_-73.9363145","40.749755_-73.909711","40.749757_-73.9413434","40.749757_-73.9699524","40.7497627_-73.9363549","40.749767_-73.907509","40.7497687_-73.9374388","40.7497696_-73.9374158","40.7497705_-73.9374606","40.7497769_-73.9373843","40.7497769_-73.9374909","40.7497843_-73.9373564","40.7497843_-73.9375152","40.7497921_-73.9877652","40.7497953_-73.9375418","40.749797_-73.916975","40.7498044_-73.9520175","40.7498082_-74.0033011","40.7498227_-73.9878341","40.7498286_-73.941288","40.7498286_-73.9722049","40.7498289_-73.9389802","40.7498478_-73.9522401","40.7498534_-73.9879077","40.7498614_-73.9376957","40.7498736_-73.9877069","40.749878_-73.9485772","40.7498821_-73.9391585","40.7498978_-73.9412375","40.7499018_-73.9377879","40.7499023_-73.9840396","40.7499168_-73.9880581","40.749932_-73.903447","40.74993_-73.92019","40.7499413_-73.9378812","40.749946_-73.908393","40.7499494_-73.9367394","40.7499798_-73.9377212","40.749979_-73.911625","40.7499835_-73.9368085","40.7499921_-73.9491858","40.7499989_-74.0062033","40.7500222_-73.9367002","40.7500365_-73.9913122","40.7500463_-73.968908","40.750081_-73.94452","40.7501034_-73.9517594","40.7501044_-73.9688661","40.750111_-73.915406","40.750119_-73.908319","40.750122_-73.930956","40.7501558_-73.9769869")
done
150.66user 814.81system 1:14:25elapsed 21%CPU (0avgtext+0avgdata 97496maxresident)k
735376inputs+161840outputs (85major+49507minor)pagefaults 0swaps
