40.7793044_-73.977414
40.7793113_-73.9067961
40.7793154_-74.0167858
40.7793283_-73.9694757
40.7793299_-73.9887075
40.7793333_-73.9772962
40.7793535_-73.9652466
40.7793542_-73.9734038
40.7793611_-73.911171
40.7793645_-73.9773702
40.779376_-74.015117
40.7793797_-74.0078276
40.7793877_-74.0107941
40.7794088_-73.9697049
40.7794123_-74.0119983
40.7794138_-73.9149448
40.7794175_-73.9066616
40.7794342_-73.9475108
40.7794356_-73.9575618
40.7794466_-73.9880654
40.7794583_-73.9180537
40.7794624_-73.9699466
40.7794704_-73.9135957
40.7794755_-74.0091693
40.7794759_-73.9435337
40.7794782_-73.971528
40.779478_-73.973571
40.7794851_-73.9598154
40.779489_-73.920127
40.7794945_-73.981668
40.7794971_-73.9534887
40.779501_-73.9596768
40.7795072_-73.9555814
40.7795188_-73.9651091
40.779532_-73.9618768
40.7795339_-73.9264962
40.7795391_-73.9578075
40.779542_-73.959774
40.7795471_-73.9617519
40.7795514_-73.9880005
40.7795546_-73.9186361
40.7795754_-73.965062
40.7795788_-73.9818701
40.779584_-73.961839
40.7795911_-73.9598864
40.7795929_-73.9063691
40.7795984_-73.9597326
40.7796033_-73.9178812
40.7796142_-73.9703978
40.7796344_-73.9618024
40.7796409_-73.9108408
40.7796756_-73.9231865
40.7796881_-73.9879261
40.7796898_-73.9064516
40.7796899_-73.9062384
40.7797119_-74.0097058
40.779711_-74.014798
40.779744_-74.011832
40.779748_-73.91582
40.7797601_-73.9649345
40.7797619_-73.9436625
40.7797677_-73.9443278
40.7797748_-73.9437935
40.7797784_-73.9063653
40.7797803_-73.9061165
40.7797888_-73.913208
40.7797899_-73.9707975
40.7798018_-73.9883619
40.7798073_-73.9844842
40.7798089_-73.9503368
40.7798178_-73.9711777
40.7798349_-73.9878365
40.7798362_-74.0088915
40.77983_-74.011798
40.779857_-73.988473
40.779873_-73.9867723
40.779911_-74.01633
40.7799234_-73.9806754
40.779938_-73.9174715
40.7799568_-73.9438645
40.779958_-73.9441919
40.7799598_-73.9768276
40.7799698_-73.9877425
40.7799782_-73.9869925
40.779993_-74.0103435
40.7799947_-73.9769106
40.7800007_-73.9441661
40.7800284_-73.9437655
40.780041_-73.9441499
40.7800496_-73.9708427
40.7800561_-73.9470548
40.7800808_-73.9450826
40.7800813_-73.9712517
40.7800859_-73.9441319
40.780099_-73.9647345
40.78009_-73.919394
40.7801141_-73.9593542
40.7801202_-73.953034
40.7801204_-73.9439258
40.780123_-73.911523
40.7801301_-73.9441272
40.7801304_-73.9570594
40.7801353_-73.9127986
40.7801354_-73.9592219
40.7801437_-73.9730936
40.7801603_-73.9614201
40.780172_-73.9441303
40.7801739_-73.9550916
40.780173_-73.959311
40.780183_-73.9612803
40.7801902_-73.9116188
40.78019_-74.018139
40.7802126_-73.9441382
40.780221_-73.9594219
40.7793044_-73.977414
40.7793113_-73.9067961
40.7793154_-74.0167858
40.7793283_-73.9694757
40.7793299_-73.9887075
40.7793333_-73.9772962
40.7793535_-73.9652466
40.7793542_-73.9734038
40.7793611_-73.911171
40.7793645_-73.9773702
40.779376_-74.015117
40.7793797_-74.0078276
40.7793877_-74.0107941
40.7794088_-73.9697049
40.7794123_-74.0119983
40.7794138_-73.9149448
40.7794175_-73.9066616
40.7794342_-73.9475108
40.7794356_-73.9575618
40.7794466_-73.9880654
40.7794583_-73.9180537
40.7794624_-73.9699466
40.7794704_-73.9135957
40.7794755_-74.0091693
40.7794759_-73.9435337
40.7794782_-73.971528
40.779478_-73.973571
40.7794851_-73.9598154
40.779489_-73.920127
40.7794945_-73.981668
40.7794971_-73.9534887
40.779501_-73.9596768
40.7795072_-73.9555814
40.7795188_-73.9651091
40.779532_-73.9618768
40.7795339_-73.9264962
40.7795391_-73.9578075
40.779542_-73.959774
40.7795471_-73.9617519
40.7795514_-73.9880005
40.7795546_-73.9186361
40.7795754_-73.965062
40.7795788_-73.9818701
40.779584_-73.961839
40.7795911_-73.9598864
40.7795929_-73.9063691
40.7795984_-73.9597326
40.7796033_-73.9178812
40.7796142_-73.9703978
40.7796344_-73.9618024
40.7796409_-73.9108408
40.7796756_-73.9231865
40.7796881_-73.9879261
40.7796898_-73.9064516
40.7796899_-73.9062384
40.7797119_-74.0097058
40.779711_-74.014798
40.779744_-74.011832
40.779748_-73.91582
40.7797601_-73.9649345
40.7797619_-73.9436625
40.7797677_-73.9443278
40.7797748_-73.9437935
40.7797784_-73.9063653
40.7797803_-73.9061165
40.7797888_-73.913208
40.7797899_-73.9707975
40.7798018_-73.9883619
40.7798073_-73.9844842
40.7798089_-73.9503368
40.7798178_-73.9711777
40.7798349_-73.9878365
40.7798362_-74.0088915
40.77983_-74.011798
40.779857_-73.988473
40.779873_-73.9867723
40.779911_-74.01633
40.7799234_-73.9806754
40.779938_-73.9174715
40.7799568_-73.9438645
40.779958_-73.9441919
40.7799598_-73.9768276
40.7799698_-73.9877425
40.7799782_-73.9869925
40.779993_-74.0103435
40.7799947_-73.9769106
40.7800007_-73.9441661
40.7800284_-73.9437655
40.780041_-73.9441499
40.7800496_-73.9708427
40.7800561_-73.9470548
40.7800808_-73.9450826
40.7800813_-73.9712517
40.7800859_-73.9441319
40.780099_-73.9647345
40.78009_-73.919394
40.7801141_-73.9593542
40.7801202_-73.953034
40.7801204_-73.9439258
40.780123_-73.911523
40.7801301_-73.9441272
40.7801304_-73.9570594
40.7801353_-73.9127986
40.7801354_-73.9592219
40.7801437_-73.9730936
40.7801603_-73.9614201
40.780172_-73.9441303
40.7801739_-73.9550916
40.780173_-73.959311
40.780183_-73.9612803
40.7801902_-73.9116188
40.78019_-74.018139
40.7802126_-73.9441382
40.780221_-73.9594219
("40.7793044_-73.977414","40.7793113_-73.9067961","40.7793154_-74.0167858","40.7793283_-73.9694757","40.7793299_-73.9887075","40.7793333_-73.9772962","40.7793535_-73.9652466","40.7793542_-73.9734038","40.7793611_-73.911171","40.7793645_-73.9773702","40.779376_-74.015117","40.7793797_-74.0078276","40.7793877_-74.0107941","40.7794088_-73.9697049","40.7794123_-74.0119983","40.7794138_-73.9149448","40.7794175_-73.9066616","40.7794342_-73.9475108","40.7794356_-73.9575618","40.7794466_-73.9880654","40.7794583_-73.9180537","40.7794624_-73.9699466","40.7794704_-73.9135957","40.7794755_-74.0091693","40.7794759_-73.9435337","40.7794782_-73.971528","40.779478_-73.973571","40.7794851_-73.9598154","40.779489_-73.920127","40.7794945_-73.981668","40.7794971_-73.9534887","40.779501_-73.9596768","40.7795072_-73.9555814","40.7795188_-73.9651091","40.779532_-73.9618768","40.7795339_-73.9264962","40.7795391_-73.9578075","40.779542_-73.959774","40.7795471_-73.9617519","40.7795514_-73.9880005","40.7795546_-73.9186361","40.7795754_-73.965062","40.7795788_-73.9818701","40.779584_-73.961839","40.7795911_-73.9598864","40.7795929_-73.9063691","40.7795984_-73.9597326","40.7796033_-73.9178812","40.7796142_-73.9703978","40.7796344_-73.9618024","40.7796409_-73.9108408","40.7796756_-73.9231865","40.7796881_-73.9879261","40.7796898_-73.9064516","40.7796899_-73.9062384","40.7797119_-74.0097058","40.779711_-74.014798","40.779744_-74.011832","40.779748_-73.91582","40.7797601_-73.9649345","40.7797619_-73.9436625","40.7797677_-73.9443278","40.7797748_-73.9437935","40.7797784_-73.9063653","40.7797803_-73.9061165","40.7797888_-73.913208","40.7797899_-73.9707975","40.7798018_-73.9883619","40.7798073_-73.9844842","40.7798089_-73.9503368","40.7798178_-73.9711777","40.7798349_-73.9878365","40.7798362_-74.0088915","40.77983_-74.011798","40.779857_-73.988473","40.779873_-73.9867723","40.779911_-74.01633","40.7799234_-73.9806754","40.779938_-73.9174715","40.7799568_-73.9438645","40.779958_-73.9441919","40.7799598_-73.9768276","40.7799698_-73.9877425","40.7799782_-73.9869925","40.779993_-74.0103435","40.7799947_-73.9769106","40.7800007_-73.9441661","40.7800284_-73.9437655","40.780041_-73.9441499","40.7800496_-73.9708427","40.7800561_-73.9470548","40.7800808_-73.9450826","40.7800813_-73.9712517","40.7800859_-73.9441319","40.780099_-73.9647345","40.78009_-73.919394","40.7801141_-73.9593542","40.7801202_-73.953034","40.7801204_-73.9439258","40.780123_-73.911523","40.7801301_-73.9441272","40.7801304_-73.9570594","40.7801353_-73.9127986","40.7801354_-73.9592219","40.7801437_-73.9730936","40.7801603_-73.9614201","40.780172_-73.9441303","40.7801739_-73.9550916","40.780173_-73.959311","40.780183_-73.9612803","40.7801902_-73.9116188","40.78019_-74.018139","40.7802126_-73.9441382","40.780221_-73.9594219")
done
132.09user 791.78system 1:15:43elapsed 20%CPU (0avgtext+0avgdata 80752maxresident)k
725808inputs+105312outputs (50major+42435minor)pagefaults 0swaps
