40.7975888_-73.9509174
40.7976199_-73.9200187
40.797624_-74.007114
40.7976263_-73.9570132
40.7976295_-73.9757369
40.797633_-73.997866
40.797641_-73.931267
40.797645_-73.995836
40.7976527_-73.9741512
40.7976675_-73.9197403
40.7976795_-73.9372797
40.7976903_-73.9543629
40.7977023_-74.0021341
40.7977207_-73.919449
40.7977502_-73.9741432
40.7977571_-73.9291138
40.7977607_-73.9294051
40.797761_-74.011723
40.7977996_-73.9693893
40.7978015_-73.9741353
40.7978216_-73.9713467
40.7978361_-73.9694837
40.7978543_-73.9741245
40.7978665_-73.9441125
40.7978696_-73.9202204
40.7978699_-73.9675747
40.7978702_-73.9695717
40.7978858_-73.9741155
40.7978876_-73.9198762
40.797888_-73.973462
40.7978993_-73.9637356
40.7978_-73.929563
40.7979111_-74.009524
40.797915_-73.9571242
40.7979309_-73.9421296
40.7979349_-73.9339889
40.7979365_-73.9542354
40.7979367_-73.9638244
40.7979386_-73.9400272
40.7979403_-73.9291022
40.7979703_-73.9571746
40.7979744_-73.97409
40.7979818_-73.9443844
40.7979834_-73.9527972
40.7979837_-73.9527217
40.797988_-74.016557
40.79798_-73.9619619
40.7979914_-73.952869
40.7979936_-73.9526684
40.797995_-73.909885
40.7980067_-73.9195708
40.7980077_-73.9200906
40.798019_-73.9543029
40.7980202_-73.9530329
40.798027_-73.929601
40.7980282_-73.9529015
40.7980369_-73.9531058
40.7980383_-73.9528451
40.7980472_-73.96004
40.7980495_-73.9740633
40.7980532_-73.9531622
40.7980667_-73.9527486
40.798067_-73.9525191
40.798087_-73.9527083
40.7981034_-73.9524769
40.7981157_-73.9290945
40.7981166_-73.9574001
40.7981195_-73.9734043
40.7981216_-73.9526568
40.798129_-73.948311
40.7981337_-73.9543116
40.798144_-73.9740236
40.7981527_-73.9207017
40.7981531_-73.9534324
40.798166_-73.9526127
40.798172_-74.015105
40.798181_-73.9523184
40.798206_-74.006652
40.7982089_-73.9536058
40.7982089_-73.9577124
40.7982094_-73.9295169
40.7982104_-73.9523942
40.7982188_-73.9536538
40.7982191_-73.9538516
40.7982198_-73.9543331
40.7982215_-73.9733664
40.7982227_-73.9538193
40.7982254_-73.9537096
40.7982274_-73.9537771
40.798244_-73.929656
40.7982705_-73.9525304
40.7982836_-73.9235589
40.7982901_-73.9290868
40.7982977_-73.958087
40.7983076_-73.9368206
40.7983085_-73.9733253
40.7983101_-73.9541658
40.7983106_-73.9526211
40.7983165_-73.9581417
40.7983244_-73.960705
40.798331_-73.973927
40.7983427_-73.9581983
40.798353_-73.91114
40.7983803_-73.9522704
40.7983828_-73.9582591
40.7983862_-73.9544226
40.7984187_-73.9583041
40.7984325_-73.9689288
40.7984467_-73.9732474
40.7984472_-73.9524052
40.7984506_-73.9708877
40.798457_-73.929726
40.798466_-73.973848
40.7984698_-73.969021
40.7975888_-73.9509174
40.7976199_-73.9200187
40.797624_-74.007114
40.7976263_-73.9570132
40.7976295_-73.9757369
40.797633_-73.997866
40.797641_-73.931267
40.797645_-73.995836
40.7976527_-73.9741512
40.7976675_-73.9197403
40.7976795_-73.9372797
40.7976903_-73.9543629
40.7977023_-74.0021341
40.7977207_-73.919449
40.7977502_-73.9741432
40.7977571_-73.9291138
40.7977607_-73.9294051
40.797761_-74.011723
40.7977996_-73.9693893
40.7978015_-73.9741353
40.7978216_-73.9713467
40.7978361_-73.9694837
40.7978543_-73.9741245
40.7978665_-73.9441125
40.7978696_-73.9202204
40.7978699_-73.9675747
40.7978702_-73.9695717
40.7978858_-73.9741155
40.7978876_-73.9198762
40.797888_-73.973462
40.7978993_-73.9637356
40.7978_-73.929563
40.7979111_-74.009524
40.797915_-73.9571242
40.7979309_-73.9421296
40.7979349_-73.9339889
40.7979365_-73.9542354
40.7979367_-73.9638244
40.7979386_-73.9400272
40.7979403_-73.9291022
40.7979703_-73.9571746
40.7979744_-73.97409
40.7979818_-73.9443844
40.7979834_-73.9527972
40.7979837_-73.9527217
40.797988_-74.016557
40.79798_-73.9619619
40.7979914_-73.952869
40.7979936_-73.9526684
40.797995_-73.909885
40.7980067_-73.9195708
40.7980077_-73.9200906
40.798019_-73.9543029
40.7980202_-73.9530329
40.798027_-73.929601
40.7980282_-73.9529015
40.7980369_-73.9531058
40.7980383_-73.9528451
40.7980472_-73.96004
40.7980495_-73.9740633
40.7980532_-73.9531622
40.7980667_-73.9527486
40.798067_-73.9525191
40.798087_-73.9527083
40.7981034_-73.9524769
40.7981157_-73.9290945
40.7981166_-73.9574001
40.7981195_-73.9734043
40.7981216_-73.9526568
40.798129_-73.948311
40.7981337_-73.9543116
40.798144_-73.9740236
40.7981527_-73.9207017
40.7981531_-73.9534324
40.798166_-73.9526127
40.798172_-74.015105
40.798181_-73.9523184
40.798206_-74.006652
40.7982089_-73.9536058
40.7982089_-73.9577124
40.7982094_-73.9295169
40.7982104_-73.9523942
40.7982188_-73.9536538
40.7982191_-73.9538516
40.7982198_-73.9543331
40.7982215_-73.9733664
40.7982227_-73.9538193
40.7982254_-73.9537096
40.7982274_-73.9537771
40.798244_-73.929656
40.7982705_-73.9525304
40.7982836_-73.9235589
40.7982901_-73.9290868
40.7982977_-73.958087
40.7983076_-73.9368206
40.7983085_-73.9733253
40.7983101_-73.9541658
40.7983106_-73.9526211
40.7983165_-73.9581417
40.7983244_-73.960705
40.798331_-73.973927
40.7983427_-73.9581983
40.798353_-73.91114
40.7983803_-73.9522704
40.7983828_-73.9582591
40.7983862_-73.9544226
40.7984187_-73.9583041
40.7984325_-73.9689288
40.7984467_-73.9732474
40.7984472_-73.9524052
40.7984506_-73.9708877
40.798457_-73.929726
40.798466_-73.973848
40.7984698_-73.969021
("40.7975888_-73.9509174","40.7976199_-73.9200187","40.797624_-74.007114","40.7976263_-73.9570132","40.7976295_-73.9757369","40.797633_-73.997866","40.797641_-73.931267","40.797645_-73.995836","40.7976527_-73.9741512","40.7976675_-73.9197403","40.7976795_-73.9372797","40.7976903_-73.9543629","40.7977023_-74.0021341","40.7977207_-73.919449","40.7977502_-73.9741432","40.7977571_-73.9291138","40.7977607_-73.9294051","40.797761_-74.011723","40.7977996_-73.9693893","40.7978015_-73.9741353","40.7978216_-73.9713467","40.7978361_-73.9694837","40.7978543_-73.9741245","40.7978665_-73.9441125","40.7978696_-73.9202204","40.7978699_-73.9675747","40.7978702_-73.9695717","40.7978858_-73.9741155","40.7978876_-73.9198762","40.797888_-73.973462","40.7978993_-73.9637356","40.7978_-73.929563","40.7979111_-74.009524","40.797915_-73.9571242","40.7979309_-73.9421296","40.7979349_-73.9339889","40.7979365_-73.9542354","40.7979367_-73.9638244","40.7979386_-73.9400272","40.7979403_-73.9291022","40.7979703_-73.9571746","40.7979744_-73.97409","40.7979818_-73.9443844","40.7979834_-73.9527972","40.7979837_-73.9527217","40.797988_-74.016557","40.79798_-73.9619619","40.7979914_-73.952869","40.7979936_-73.9526684","40.797995_-73.909885","40.7980067_-73.9195708","40.7980077_-73.9200906","40.798019_-73.9543029","40.7980202_-73.9530329","40.798027_-73.929601","40.7980282_-73.9529015","40.7980369_-73.9531058","40.7980383_-73.9528451","40.7980472_-73.96004","40.7980495_-73.9740633","40.7980532_-73.9531622","40.7980667_-73.9527486","40.798067_-73.9525191","40.798087_-73.9527083","40.7981034_-73.9524769","40.7981157_-73.9290945","40.7981166_-73.9574001","40.7981195_-73.9734043","40.7981216_-73.9526568","40.798129_-73.948311","40.7981337_-73.9543116","40.798144_-73.9740236","40.7981527_-73.9207017","40.7981531_-73.9534324","40.798166_-73.9526127","40.798172_-74.015105","40.798181_-73.9523184","40.798206_-74.006652","40.7982089_-73.9536058","40.7982089_-73.9577124","40.7982094_-73.9295169","40.7982104_-73.9523942","40.7982188_-73.9536538","40.7982191_-73.9538516","40.7982198_-73.9543331","40.7982215_-73.9733664","40.7982227_-73.9538193","40.7982254_-73.9537096","40.7982274_-73.9537771","40.798244_-73.929656","40.7982705_-73.9525304","40.7982836_-73.9235589","40.7982901_-73.9290868","40.7982977_-73.958087","40.7983076_-73.9368206","40.7983085_-73.9733253","40.7983101_-73.9541658","40.7983106_-73.9526211","40.7983165_-73.9581417","40.7983244_-73.960705","40.798331_-73.973927","40.7983427_-73.9581983","40.798353_-73.91114","40.7983803_-73.9522704","40.7983828_-73.9582591","40.7983862_-73.9544226","40.7984187_-73.9583041","40.7984325_-73.9689288","40.7984467_-73.9732474","40.7984472_-73.9524052","40.7984506_-73.9708877","40.798457_-73.929726","40.798466_-73.973848","40.7984698_-73.969021")
done
128.50user 803.30system 1:15:05elapsed 20%CPU (0avgtext+0avgdata 57372maxresident)k
461664inputs+11128outputs (8major+30578minor)pagefaults 0swaps
