40.7579622_-73.9966861
40.7579667_-73.985552
40.7579867_-73.9075261
40.7580065_-73.9386001
40.7580071_-73.9662396
40.7580163_-73.9817975
40.7580248_-73.9701634
40.7580253_-73.9098353
40.7580301_-73.907432
40.7580302_-73.9591055
40.758037_-73.960182
40.7580435_-73.9547369
40.7580576_-73.9591503
40.758059_-73.9721882
40.758076_-73.9741627
40.7580874_-73.9047396
40.7580877_-73.9075138
40.7581119_-73.924118
40.758111_-73.940862
40.7581145_-73.9972148
40.7581268_-73.9285028
40.758134_-73.9074323
40.7581446_-73.9239927
40.7581491_-73.9386312
40.7581582_-73.9774783
40.7581628_-73.9174493
40.7581773_-73.9529651
40.758178_-73.9240642
40.7581825_-73.9978758
40.7581898_-73.9744323
40.7581921_-73.9173361
40.7582052_-73.9725342
40.7582071_-73.954613
40.7582082_-73.9407788
40.7582104_-73.9961274
40.7582144_-73.9241422
40.7582225_-73.9174008
40.7582225_-73.9334305
40.758228_-73.9332753
40.758236_-73.937009
40.7582421_-73.9784451
40.7582435_-73.9528794
40.7582533_-73.9240029
40.7582583_-73.9107501
40.7582584_-73.917477
40.7582763_-73.9333789
40.7582767_-73.938659
40.7582842_-73.9106095
40.7582933_-73.9975786
40.7582941_-73.9173425
40.7582951_-73.9727449
40.7582973_-73.9773784
40.7582984_-74.0001819
40.7583097_-73.9528006
40.7583119_-73.9417172
40.7583127_-73.9629223
40.7583143_-73.9825027
40.7583161_-73.9334642
40.7583247_-73.9106961
40.7583353_-73.996414
40.75833_-73.968936
40.7583449_-73.9333132
40.7583589_-73.9107697
40.7583618_-73.997743
40.7583671_-73.907252
40.7583702_-73.9943941
40.7583716_-73.9983378
40.7583747_-73.9709918
40.7583765_-73.9590351
40.7583809_-73.9544754
40.7583834_-73.997795
40.7583876_-73.9106188
40.7583894_-73.9925338
40.7583973_-73.9729859
40.758398_-73.941662
40.7584291_-73.9926299
40.7584619_-73.9867284
40.7584754_-73.9731753
40.7584826_-73.9071627
40.7584843_-73.9790271
40.7584856_-73.9249039
40.7584861_-73.9751347
40.7585075_-73.9293184
40.758517_-73.9247905
40.7585314_-73.9182514
40.758532_-73.9888431
40.7585379_-73.9525785
40.758537_-73.9981632
40.7585383_-73.9849722
40.7585385_-73.9046815
40.758538_-73.977201
40.7585456_-73.9543257
40.7585467_-73.9248542
40.7585501_-73.9675267
40.7585656_-73.9181298
40.7585867_-73.9850867
40.7585875_-73.9249415
40.7585908_-73.9424648
40.7585975_-73.9181976
40.7586056_-73.9137906
40.7586202_-73.9990166
40.7586206_-73.9247941
40.7586296_-73.9984104
40.7586317_-73.9657832
40.758635_-73.9343118
40.7586375_-73.9115611
40.7586376_-73.9182829
40.7586392_-73.9852109
40.758645_-73.981341
40.7586567_-73.9379735
40.7586586_-73.9114158
40.758663_-73.959722
40.7586649_-73.937781
40.7586739_-73.9181361
40.7579622_-73.9966861
40.7579667_-73.985552
40.7579867_-73.9075261
40.7580065_-73.9386001
40.7580071_-73.9662396
40.7580163_-73.9817975
40.7580248_-73.9701634
40.7580253_-73.9098353
40.7580301_-73.907432
40.7580302_-73.9591055
40.758037_-73.960182
40.7580435_-73.9547369
40.7580576_-73.9591503
40.758059_-73.9721882
40.758076_-73.9741627
40.7580874_-73.9047396
40.7580877_-73.9075138
40.7581119_-73.924118
40.758111_-73.940862
40.7581145_-73.9972148
40.7581268_-73.9285028
40.758134_-73.9074323
40.7581446_-73.9239927
40.7581491_-73.9386312
40.7581582_-73.9774783
40.7581628_-73.9174493
40.7581773_-73.9529651
40.758178_-73.9240642
40.7581825_-73.9978758
40.7581898_-73.9744323
40.7581921_-73.9173361
40.7582052_-73.9725342
40.7582071_-73.954613
40.7582082_-73.9407788
40.7582104_-73.9961274
40.7582144_-73.9241422
40.7582225_-73.9174008
40.7582225_-73.9334305
40.758228_-73.9332753
40.758236_-73.937009
40.7582421_-73.9784451
40.7582435_-73.9528794
40.7582533_-73.9240029
40.7582583_-73.9107501
40.7582584_-73.917477
40.7582763_-73.9333789
40.7582767_-73.938659
40.7582842_-73.9106095
40.7582933_-73.9975786
40.7582941_-73.9173425
40.7582951_-73.9727449
40.7582973_-73.9773784
40.7582984_-74.0001819
40.7583097_-73.9528006
40.7583119_-73.9417172
40.7583127_-73.9629223
40.7583143_-73.9825027
40.7583161_-73.9334642
40.7583247_-73.9106961
40.7583353_-73.996414
40.75833_-73.968936
40.7583449_-73.9333132
40.7583589_-73.9107697
40.7583618_-73.997743
40.7583671_-73.907252
40.7583702_-73.9943941
40.7583716_-73.9983378
40.7583747_-73.9709918
40.7583765_-73.9590351
40.7583809_-73.9544754
40.7583834_-73.997795
40.7583876_-73.9106188
40.7583894_-73.9925338
40.7583973_-73.9729859
40.758398_-73.941662
40.7584291_-73.9926299
40.7584619_-73.9867284
40.7584754_-73.9731753
40.7584826_-73.9071627
40.7584843_-73.9790271
40.7584856_-73.9249039
40.7584861_-73.9751347
40.7585075_-73.9293184
40.758517_-73.9247905
40.7585314_-73.9182514
40.758532_-73.9888431
40.7585379_-73.9525785
40.758537_-73.9981632
40.7585383_-73.9849722
40.7585385_-73.9046815
40.758538_-73.977201
40.7585456_-73.9543257
40.7585467_-73.9248542
40.7585501_-73.9675267
40.7585656_-73.9181298
40.7585867_-73.9850867
40.7585875_-73.9249415
40.7585908_-73.9424648
40.7585975_-73.9181976
40.7586056_-73.9137906
40.7586202_-73.9990166
40.7586206_-73.9247941
40.7586296_-73.9984104
40.7586317_-73.9657832
40.758635_-73.9343118
40.7586375_-73.9115611
40.7586376_-73.9182829
40.7586392_-73.9852109
40.758645_-73.981341
40.7586567_-73.9379735
40.7586586_-73.9114158
40.758663_-73.959722
40.7586649_-73.937781
40.7586739_-73.9181361
("40.7579622_-73.9966861","40.7579667_-73.985552","40.7579867_-73.9075261","40.7580065_-73.9386001","40.7580071_-73.9662396","40.7580163_-73.9817975","40.7580248_-73.9701634","40.7580253_-73.9098353","40.7580301_-73.907432","40.7580302_-73.9591055","40.758037_-73.960182","40.7580435_-73.9547369","40.7580576_-73.9591503","40.758059_-73.9721882","40.758076_-73.9741627","40.7580874_-73.9047396","40.7580877_-73.9075138","40.7581119_-73.924118","40.758111_-73.940862","40.7581145_-73.9972148","40.7581268_-73.9285028","40.758134_-73.9074323","40.7581446_-73.9239927","40.7581491_-73.9386312","40.7581582_-73.9774783","40.7581628_-73.9174493","40.7581773_-73.9529651","40.758178_-73.9240642","40.7581825_-73.9978758","40.7581898_-73.9744323","40.7581921_-73.9173361","40.7582052_-73.9725342","40.7582071_-73.954613","40.7582082_-73.9407788","40.7582104_-73.9961274","40.7582144_-73.9241422","40.7582225_-73.9174008","40.7582225_-73.9334305","40.758228_-73.9332753","40.758236_-73.937009","40.7582421_-73.9784451","40.7582435_-73.9528794","40.7582533_-73.9240029","40.7582583_-73.9107501","40.7582584_-73.917477","40.7582763_-73.9333789","40.7582767_-73.938659","40.7582842_-73.9106095","40.7582933_-73.9975786","40.7582941_-73.9173425","40.7582951_-73.9727449","40.7582973_-73.9773784","40.7582984_-74.0001819","40.7583097_-73.9528006","40.7583119_-73.9417172","40.7583127_-73.9629223","40.7583143_-73.9825027","40.7583161_-73.9334642","40.7583247_-73.9106961","40.7583353_-73.996414","40.75833_-73.968936","40.7583449_-73.9333132","40.7583589_-73.9107697","40.7583618_-73.997743","40.7583671_-73.907252","40.7583702_-73.9943941","40.7583716_-73.9983378","40.7583747_-73.9709918","40.7583765_-73.9590351","40.7583809_-73.9544754","40.7583834_-73.997795","40.7583876_-73.9106188","40.7583894_-73.9925338","40.7583973_-73.9729859","40.758398_-73.941662","40.7584291_-73.9926299","40.7584619_-73.9867284","40.7584754_-73.9731753","40.7584826_-73.9071627","40.7584843_-73.9790271","40.7584856_-73.9249039","40.7584861_-73.9751347","40.7585075_-73.9293184","40.758517_-73.9247905","40.7585314_-73.9182514","40.758532_-73.9888431","40.7585379_-73.9525785","40.758537_-73.9981632","40.7585383_-73.9849722","40.7585385_-73.9046815","40.758538_-73.977201","40.7585456_-73.9543257","40.7585467_-73.9248542","40.7585501_-73.9675267","40.7585656_-73.9181298","40.7585867_-73.9850867","40.7585875_-73.9249415","40.7585908_-73.9424648","40.7585975_-73.9181976","40.7586056_-73.9137906","40.7586202_-73.9990166","40.7586206_-73.9247941","40.7586296_-73.9984104","40.7586317_-73.9657832","40.758635_-73.9343118","40.7586375_-73.9115611","40.7586376_-73.9182829","40.7586392_-73.9852109","40.758645_-73.981341","40.7586567_-73.9379735","40.7586586_-73.9114158","40.758663_-73.959722","40.7586649_-73.937781","40.7586739_-73.9181361")
done
145.80user 818.63system 1:15:01elapsed 21%CPU (0avgtext+0avgdata 94020maxresident)k
1219456inputs+151944outputs (70major+48261minor)pagefaults 0swaps
