40.8761298_-73.9097623
40.8761458_-73.9248983
40.876166_-74.011746
40.8761725_-73.9077418
40.8762173_-73.950798
40.8762388_-73.9078214
40.876249_-73.983865
40.876258_-73.903946
40.87625_-73.96073
40.8762814_-73.9073316
40.876367_-73.907392
40.87639_-73.904252
40.8764255_-73.912874
40.8764861_-73.9069418
40.8764913_-73.9241617
40.876502_-73.9109446
40.8765141_-73.9062843
40.8765308_-73.9108802
40.8765461_-73.9047036
40.8765528_-73.9128027
40.8765598_-73.9070066
40.8765707_-73.9520663
40.8765719_-73.9063618
40.8766009_-73.9071191
40.8766068_-73.9094916
40.8766245_-73.9095799
40.876656_-73.9096539
40.8766691_-73.9050333
40.8766794_-73.9065381
40.8766844_-73.9085156
40.8767252_-73.9094915
40.8767488_-73.9030787
40.8767499_-73.9126886
40.8767539_-73.906247
40.876769_-73.9066875
40.876772_-73.905308
40.8768276_-73.9067634
40.8768665_-73.9065065
40.8768842_-73.9062728
40.8768993_-73.9093986
40.8769028_-73.9068426
40.8769071_-73.9033731
40.8769597_-73.9086797
40.8769646_-73.906893
40.8769697_-73.9100757
40.877055_-73.918886
40.8770561_-73.918042
40.8770806_-73.9061212
40.8771644_-73.9035966
40.877169_-74.01139
40.8771718_-73.9089654
40.8772755_-73.9091413
40.877355_-73.910607
40.8773855_-73.9175208
40.8774318_-73.905846
40.8774566_-73.9071996
40.8774651_-73.9088162
40.8774781_-73.9798628
40.8775051_-73.9200647
40.8775212_-73.905168
40.8775555_-73.9116513
40.877593_-73.9120334
40.8776542_-73.9096606
40.877706_-73.905657
40.8777588_-73.9074465
40.8777834_-73.9503907
40.8777965_-73.903817
40.8778412_-73.9100278
40.8778504_-73.9084729
40.8778623_-73.9039212
40.8778694_-73.9101083
40.8779185_-73.9108142
40.8779197_-73.9103054
40.8779229_-73.9075965
40.8779331_-73.9105436
40.8779526_-73.9496605
40.8779831_-73.9038063
40.8780862_-73.9136739
40.8781338_-73.9078197
40.878134_-73.906703
40.8781399_-73.9037637
40.8781866_-73.9115293
40.8783047_-73.9080206
40.878314_-73.905217
40.8783218_-73.9132996
40.8783311_-73.9200041
40.8783519_-73.95018
40.8784537_-73.9035944
40.8784966_-73.903712
40.8785435_-73.918121
40.8785791_-73.9159163
40.8786555_-73.9041478
40.8787671_-73.9033658
40.8787702_-73.9165543
40.8789095_-73.9033036
40.8789188_-74.007869
40.878924_-73.904787
40.878979_-73.909028
40.8790411_-73.9031051
40.879418_-73.905793
40.8794326_-73.9044285
40.8794361_-73.9219001
40.8794732_-73.9043999
40.879477_-74.00587
40.879515_-73.909678
40.8795299_-73.9224454
40.8795457_-73.9195267
40.879808_-73.906575
40.8798417_-73.9100925
40.8799033_-73.905368
40.88_-73.968869
40.8761298_-73.9097623
40.8761458_-73.9248983
40.876166_-74.011746
40.8761725_-73.9077418
40.8762173_-73.950798
40.8762388_-73.9078214
40.876249_-73.983865
40.876258_-73.903946
40.87625_-73.96073
40.8762814_-73.9073316
40.876367_-73.907392
40.87639_-73.904252
40.8764255_-73.912874
40.8764861_-73.9069418
40.8764913_-73.9241617
40.876502_-73.9109446
40.8765141_-73.9062843
40.8765308_-73.9108802
40.8765461_-73.9047036
40.8765528_-73.9128027
40.8765598_-73.9070066
40.8765707_-73.9520663
40.8765719_-73.9063618
40.8766009_-73.9071191
40.8766068_-73.9094916
40.8766245_-73.9095799
40.876656_-73.9096539
40.8766691_-73.9050333
40.8766794_-73.9065381
40.8766844_-73.9085156
40.8767252_-73.9094915
40.8767488_-73.9030787
40.8767499_-73.9126886
40.8767539_-73.906247
40.876769_-73.9066875
40.876772_-73.905308
40.8768276_-73.9067634
40.8768665_-73.9065065
40.8768842_-73.9062728
40.8768993_-73.9093986
40.8769028_-73.9068426
40.8769071_-73.9033731
40.8769597_-73.9086797
40.8769646_-73.906893
40.8769697_-73.9100757
40.877055_-73.918886
40.8770561_-73.918042
40.8770806_-73.9061212
40.8771644_-73.9035966
40.877169_-74.01139
40.8771718_-73.9089654
40.8772755_-73.9091413
40.877355_-73.910607
40.8773855_-73.9175208
40.8774318_-73.905846
40.8774566_-73.9071996
40.8774651_-73.9088162
40.8774781_-73.9798628
40.8775051_-73.9200647
40.8775212_-73.905168
40.8775555_-73.9116513
40.877593_-73.9120334
40.8776542_-73.9096606
40.877706_-73.905657
40.8777588_-73.9074465
40.8777834_-73.9503907
40.8777965_-73.903817
40.8778412_-73.9100278
40.8778504_-73.9084729
40.8778623_-73.9039212
40.8778694_-73.9101083
40.8779185_-73.9108142
40.8779197_-73.9103054
40.8779229_-73.9075965
40.8779331_-73.9105436
40.8779526_-73.9496605
40.8779831_-73.9038063
40.8780862_-73.9136739
40.8781338_-73.9078197
40.878134_-73.906703
40.8781399_-73.9037637
40.8781866_-73.9115293
40.8783047_-73.9080206
40.878314_-73.905217
40.8783218_-73.9132996
40.8783311_-73.9200041
40.8783519_-73.95018
40.8784537_-73.9035944
40.8784966_-73.903712
40.8785435_-73.918121
40.8785791_-73.9159163
40.8786555_-73.9041478
40.8787671_-73.9033658
40.8787702_-73.9165543
40.8789095_-73.9033036
40.8789188_-74.007869
40.878924_-73.904787
40.878979_-73.909028
40.8790411_-73.9031051
40.879418_-73.905793
40.8794326_-73.9044285
40.8794361_-73.9219001
40.8794732_-73.9043999
40.879477_-74.00587
40.879515_-73.909678
40.8795299_-73.9224454
40.8795457_-73.9195267
40.879808_-73.906575
40.8798417_-73.9100925
40.8799033_-73.905368
40.88_-73.968869
("40.8761298_-73.9097623","40.8761458_-73.9248983","40.876166_-74.011746","40.8761725_-73.9077418","40.8762173_-73.950798","40.8762388_-73.9078214","40.876249_-73.983865","40.876258_-73.903946","40.87625_-73.96073","40.8762814_-73.9073316","40.876367_-73.907392","40.87639_-73.904252","40.8764255_-73.912874","40.8764861_-73.9069418","40.8764913_-73.9241617","40.876502_-73.9109446","40.8765141_-73.9062843","40.8765308_-73.9108802","40.8765461_-73.9047036","40.8765528_-73.9128027","40.8765598_-73.9070066","40.8765707_-73.9520663","40.8765719_-73.9063618","40.8766009_-73.9071191","40.8766068_-73.9094916","40.8766245_-73.9095799","40.876656_-73.9096539","40.8766691_-73.9050333","40.8766794_-73.9065381","40.8766844_-73.9085156","40.8767252_-73.9094915","40.8767488_-73.9030787","40.8767499_-73.9126886","40.8767539_-73.906247","40.876769_-73.9066875","40.876772_-73.905308","40.8768276_-73.9067634","40.8768665_-73.9065065","40.8768842_-73.9062728","40.8768993_-73.9093986","40.8769028_-73.9068426","40.8769071_-73.9033731","40.8769597_-73.9086797","40.8769646_-73.906893","40.8769697_-73.9100757","40.877055_-73.918886","40.8770561_-73.918042","40.8770806_-73.9061212","40.8771644_-73.9035966","40.877169_-74.01139","40.8771718_-73.9089654","40.8772755_-73.9091413","40.877355_-73.910607","40.8773855_-73.9175208","40.8774318_-73.905846","40.8774566_-73.9071996","40.8774651_-73.9088162","40.8774781_-73.9798628","40.8775051_-73.9200647","40.8775212_-73.905168","40.8775555_-73.9116513","40.877593_-73.9120334","40.8776542_-73.9096606","40.877706_-73.905657","40.8777588_-73.9074465","40.8777834_-73.9503907","40.8777965_-73.903817","40.8778412_-73.9100278","40.8778504_-73.9084729","40.8778623_-73.9039212","40.8778694_-73.9101083","40.8779185_-73.9108142","40.8779197_-73.9103054","40.8779229_-73.9075965","40.8779331_-73.9105436","40.8779526_-73.9496605","40.8779831_-73.9038063","40.8780862_-73.9136739","40.8781338_-73.9078197","40.878134_-73.906703","40.8781399_-73.9037637","40.8781866_-73.9115293","40.8783047_-73.9080206","40.878314_-73.905217","40.8783218_-73.9132996","40.8783311_-73.9200041","40.8783519_-73.95018","40.8784537_-73.9035944","40.8784966_-73.903712","40.8785435_-73.918121","40.8785791_-73.9159163","40.8786555_-73.9041478","40.8787671_-73.9033658","40.8787702_-73.9165543","40.8789095_-73.9033036","40.8789188_-74.007869","40.878924_-73.904787","40.878979_-73.909028","40.8790411_-73.9031051","40.879418_-73.905793","40.8794326_-73.9044285","40.8794361_-73.9219001","40.8794732_-73.9043999","40.879477_-74.00587","40.879515_-73.909678","40.8795299_-73.9224454","40.8795457_-73.9195267","40.879808_-73.906575","40.8798417_-73.9100925","40.8799033_-73.905368","40.88_-73.968869")
done
125.37user 806.55system 1:14:33elapsed 20%CPU (0avgtext+0avgdata 51696maxresident)k
756448inputs+48outputs (1major+27168minor)pagefaults 0swaps
