40.8108141_-73.9272149
40.8108306_-73.9269539
40.8108428_-73.9349789
40.810843_-73.95068
40.8108489_-73.9468555
40.8108494_-73.9312019
40.810851_-74.006135
40.8108521_-73.9568345
40.810856_-73.939018
40.8108756_-73.9168236
40.8108762_-73.9588553
40.810881_-73.930845
40.810905_-73.993234
40.8109081_-73.9430908
40.8109125_-73.9470081
40.8109202_-73.9389711
40.8109212_-73.9192881
40.8109353_-73.9630665
40.8109606_-73.9271296
40.810968_-73.9274101
40.8109745_-73.9316543
40.8109749_-73.9432528
40.810992_-73.954288
40.810994_-73.914847
40.810995_-73.923335
40.810998_-73.905838
40.811002_-73.917226
40.8110102_-73.9870382
40.811012_-74.005991
40.8110351_-73.9309737
40.811035_-73.921486
40.8110374_-73.9317376
40.811077_-73.9196783
40.8110827_-73.9272841
40.8110872_-74.0045287
40.8111055_-73.9318144
40.8111302_-73.9270234
40.8111323_-73.9849156
40.8111445_-73.9310515
40.8111547_-73.9349016
40.81115_-73.9289
40.8111851_-73.9615185
40.811193_-73.9058738
40.811205_-73.9318999
40.8112081_-73.9615707
40.8112143_-73.9068554
40.811215_-73.990924
40.8112285_-73.9310999
40.811241_-73.9597164
40.8112589_-73.9616861
40.8112598_-73.957798
40.8112729_-73.9852651
40.8112855_-73.966965
40.8112932_-73.9640456
40.8112994_-73.9314855
40.8113273_-73.9311355
40.811331_-73.964019
40.8113419_-73.9320004
40.8113485_-73.9241874
40.81137_-73.954011
40.811399_-73.907764
40.811422_-74.008907
40.8114365_-73.9311553
40.811442_-73.952101
40.8114642_-73.9640028
40.8114679_-73.9320757
40.811478_-73.950216
40.8114793_-73.9464014
40.8114857_-73.9583299
40.8114894_-73.9639953
40.8114898_-73.9263972
40.811489_-73.9311638
40.811507_-73.903417
40.8115093_-73.9349473
40.8115152_-73.9639877
40.8115326_-73.9426361
40.8115337_-73.9311608
40.8115415_-73.9465501
40.811561_-74.006635
40.8115706_-73.9311556
40.8115775_-73.9639634
40.8115847_-73.9321306
40.811594_-73.9086788
40.8115993_-73.9267189
40.8116007_-73.9428003
40.811604_-73.9311472
40.8116055_-73.9189556
40.8116437_-73.9311312
40.811643_-73.992457
40.8116449_-73.9352945
40.811651_-73.914474
40.8116526_-73.9168424
40.811652_-73.921035
40.811668_-73.9267897
40.811684_-73.9310955
40.8116933_-73.9348845
40.8116_-74.00548
40.8117061_-73.96393
40.811718_-73.926697
40.8117226_-73.9310507
40.811725_-73.954835
40.811735_-73.9281435
40.8117393_-73.9346098
40.8117421_-73.9321693
40.8117445_-73.9347413
40.81175_-73.9666519
40.8117824_-73.930965
40.8117861_-73.9095984
40.811787_-73.904638
40.8117964_-73.9548968
40.8118101_-73.9610595
40.8118277_-73.9357078
40.8118343_-73.9611152
40.8118363_-73.9321706
40.8108141_-73.9272149
40.8108306_-73.9269539
40.8108428_-73.9349789
40.810843_-73.95068
40.8108489_-73.9468555
40.8108494_-73.9312019
40.810851_-74.006135
40.8108521_-73.9568345
40.810856_-73.939018
40.8108756_-73.9168236
40.8108762_-73.9588553
40.810881_-73.930845
40.810905_-73.993234
40.8109081_-73.9430908
40.8109125_-73.9470081
40.8109202_-73.9389711
40.8109212_-73.9192881
40.8109353_-73.9630665
40.8109606_-73.9271296
40.810968_-73.9274101
40.8109745_-73.9316543
40.8109749_-73.9432528
40.810992_-73.954288
40.810994_-73.914847
40.810995_-73.923335
40.810998_-73.905838
40.811002_-73.917226
40.8110102_-73.9870382
40.811012_-74.005991
40.8110351_-73.9309737
40.811035_-73.921486
40.8110374_-73.9317376
40.811077_-73.9196783
40.8110827_-73.9272841
40.8110872_-74.0045287
40.8111055_-73.9318144
40.8111302_-73.9270234
40.8111323_-73.9849156
40.8111445_-73.9310515
40.8111547_-73.9349016
40.81115_-73.9289
40.8111851_-73.9615185
40.811193_-73.9058738
40.811205_-73.9318999
40.8112081_-73.9615707
40.8112143_-73.9068554
40.811215_-73.990924
40.8112285_-73.9310999
40.811241_-73.9597164
40.8112589_-73.9616861
40.8112598_-73.957798
40.8112729_-73.9852651
40.8112855_-73.966965
40.8112932_-73.9640456
40.8112994_-73.9314855
40.8113273_-73.9311355
40.811331_-73.964019
40.8113419_-73.9320004
40.8113485_-73.9241874
40.81137_-73.954011
40.811399_-73.907764
40.811422_-74.008907
40.8114365_-73.9311553
40.811442_-73.952101
40.8114642_-73.9640028
40.8114679_-73.9320757
40.811478_-73.950216
40.8114793_-73.9464014
40.8114857_-73.9583299
40.8114894_-73.9639953
40.8114898_-73.9263972
40.811489_-73.9311638
40.811507_-73.903417
40.8115093_-73.9349473
40.8115152_-73.9639877
40.8115326_-73.9426361
40.8115337_-73.9311608
40.8115415_-73.9465501
40.811561_-74.006635
40.8115706_-73.9311556
40.8115775_-73.9639634
40.8115847_-73.9321306
40.811594_-73.9086788
40.8115993_-73.9267189
40.8116007_-73.9428003
40.811604_-73.9311472
40.8116055_-73.9189556
40.8116437_-73.9311312
40.811643_-73.992457
40.8116449_-73.9352945
40.811651_-73.914474
40.8116526_-73.9168424
40.811652_-73.921035
40.811668_-73.9267897
40.811684_-73.9310955
40.8116933_-73.9348845
40.8116_-74.00548
40.8117061_-73.96393
40.811718_-73.926697
40.8117226_-73.9310507
40.811725_-73.954835
40.811735_-73.9281435
40.8117393_-73.9346098
40.8117421_-73.9321693
40.8117445_-73.9347413
40.81175_-73.9666519
40.8117824_-73.930965
40.8117861_-73.9095984
40.811787_-73.904638
40.8117964_-73.9548968
40.8118101_-73.9610595
40.8118277_-73.9357078
40.8118343_-73.9611152
40.8118363_-73.9321706
("40.8108141_-73.9272149","40.8108306_-73.9269539","40.8108428_-73.9349789","40.810843_-73.95068","40.8108489_-73.9468555","40.8108494_-73.9312019","40.810851_-74.006135","40.8108521_-73.9568345","40.810856_-73.939018","40.8108756_-73.9168236","40.8108762_-73.9588553","40.810881_-73.930845","40.810905_-73.993234","40.8109081_-73.9430908","40.8109125_-73.9470081","40.8109202_-73.9389711","40.8109212_-73.9192881","40.8109353_-73.9630665","40.8109606_-73.9271296","40.810968_-73.9274101","40.8109745_-73.9316543","40.8109749_-73.9432528","40.810992_-73.954288","40.810994_-73.914847","40.810995_-73.923335","40.810998_-73.905838","40.811002_-73.917226","40.8110102_-73.9870382","40.811012_-74.005991","40.8110351_-73.9309737","40.811035_-73.921486","40.8110374_-73.9317376","40.811077_-73.9196783","40.8110827_-73.9272841","40.8110872_-74.0045287","40.8111055_-73.9318144","40.8111302_-73.9270234","40.8111323_-73.9849156","40.8111445_-73.9310515","40.8111547_-73.9349016","40.81115_-73.9289","40.8111851_-73.9615185","40.811193_-73.9058738","40.811205_-73.9318999","40.8112081_-73.9615707","40.8112143_-73.9068554","40.811215_-73.990924","40.8112285_-73.9310999","40.811241_-73.9597164","40.8112589_-73.9616861","40.8112598_-73.957798","40.8112729_-73.9852651","40.8112855_-73.966965","40.8112932_-73.9640456","40.8112994_-73.9314855","40.8113273_-73.9311355","40.811331_-73.964019","40.8113419_-73.9320004","40.8113485_-73.9241874","40.81137_-73.954011","40.811399_-73.907764","40.811422_-74.008907","40.8114365_-73.9311553","40.811442_-73.952101","40.8114642_-73.9640028","40.8114679_-73.9320757","40.811478_-73.950216","40.8114793_-73.9464014","40.8114857_-73.9583299","40.8114894_-73.9639953","40.8114898_-73.9263972","40.811489_-73.9311638","40.811507_-73.903417","40.8115093_-73.9349473","40.8115152_-73.9639877","40.8115326_-73.9426361","40.8115337_-73.9311608","40.8115415_-73.9465501","40.811561_-74.006635","40.8115706_-73.9311556","40.8115775_-73.9639634","40.8115847_-73.9321306","40.811594_-73.9086788","40.8115993_-73.9267189","40.8116007_-73.9428003","40.811604_-73.9311472","40.8116055_-73.9189556","40.8116437_-73.9311312","40.811643_-73.992457","40.8116449_-73.9352945","40.811651_-73.914474","40.8116526_-73.9168424","40.811652_-73.921035","40.811668_-73.9267897","40.811684_-73.9310955","40.8116933_-73.9348845","40.8116_-74.00548","40.8117061_-73.96393","40.811718_-73.926697","40.8117226_-73.9310507","40.811725_-73.954835","40.811735_-73.9281435","40.8117393_-73.9346098","40.8117421_-73.9321693","40.8117445_-73.9347413","40.81175_-73.9666519","40.8117824_-73.930965","40.8117861_-73.9095984","40.811787_-73.904638","40.8117964_-73.9548968","40.8118101_-73.9610595","40.8118277_-73.9357078","40.8118343_-73.9611152","40.8118363_-73.9321706")
done
124.96user 830.81system 1:11:36elapsed 22%CPU (0avgtext+0avgdata 55092maxresident)k
5212952inputs+2624outputs (3major+28285minor)pagefaults 0swaps
