40.847652_-73.9196521
40.847666_-73.942184
40.8476671_-73.9073064
40.847683_-73.912364
40.8476949_-73.9196496
40.847711_-73.937975
40.8477216_-73.9436022
40.847721_-73.922035
40.847725_-73.9282154
40.8477281_-73.9249855
40.847737_-73.9311538
40.84773_-73.917644
40.8477425_-73.9196581
40.8477655_-73.9072706
40.8478172_-73.919309
40.847838_-73.939524
40.8478429_-73.9358967
40.8478572_-73.9077326
40.847872_-73.936403
40.847902_-73.91968
40.847908_-73.903565
40.8479232_-73.9191329
40.8479248_-73.9305162
40.8479272_-73.9188024
40.8479313_-73.9347436
40.8479344_-73.9363573
40.8479424_-73.924316
40.847964_-73.914426
40.8479708_-73.943519
40.847999_-73.934693
40.8480032_-73.9305064
40.848019_-73.940436
40.8480275_-73.9085863
40.848038_-73.932849
40.8480391_-73.918955
40.8481355_-73.918831
40.8481397_-73.9308625
40.8481562_-73.9297628
40.8481605_-73.9298593
40.8481696_-73.9453059
40.848184_-73.921656
40.8481925_-73.9356685
40.848211_-74.002615
40.8482151_-73.9413449
40.84823_-73.911973
40.848256_-73.909749
40.848264_-73.920482
40.8482702_-73.91837
40.848289_-73.916174
40.84828_-73.943319
40.8483093_-73.9278464
40.8483131_-73.9418919
40.8483223_-73.9277262
40.8483226_-73.9420228
40.8483644_-73.9371434
40.8483813_-73.918515
40.8483904_-73.9376885
40.848423_-73.919241
40.848433_-73.912978
40.8484382_-73.9376339
40.8484427_-73.9106815
40.8484603_-73.9359726
40.8484656_-73.9184066
40.8484776_-73.9306128
40.8485163_-73.9066
40.848523_-73.967451
40.84852_-73.935929
40.8485527_-73.9377528
40.8485572_-74.0155175
40.848569_-73.96719
40.8485776_-73.9431201
40.84858_-73.992648
40.8485925_-73.9069786
40.848602_-74.001515
40.848609_-73.913968
40.848626_-73.934239
40.848639_-73.91168
40.848648_-73.921278
40.848669_-73.9430749
40.8486855_-73.9391904
40.8486897_-73.9393618
40.8486927_-73.9304556
40.848692_-73.903281
40.848702_-73.984887
40.8487215_-73.9369546
40.8487282_-73.9037139
40.8487315_-73.9430547
40.8487332_-73.916149
40.848735_-73.932337
40.8487367_-73.9035915
40.8487373_-73.9163395
40.8487496_-73.9835337
40.8487537_-73.9040778
40.8487585_-73.9704804
40.848763_-73.9035778
40.8487641_-73.9391561
40.848768_-73.968413
40.8487799_-73.9241444
40.848787_-73.994714
40.8487905_-73.9431767
40.8487947_-73.9371803
40.848796_-73.914939
40.8488222_-73.9038168
40.8488349_-73.9401439
40.848839_-73.922228
40.848848_-73.908304
40.8488743_-73.9040394
40.8488773_-73.9236122
40.8488902_-73.903867
40.8489178_-73.9291764
40.8489191_-73.9370837
40.848938_-73.9040148
40.8489445_-73.9430192
40.8489682_-73.9370276
40.847652_-73.9196521
40.847666_-73.942184
40.8476671_-73.9073064
40.847683_-73.912364
40.8476949_-73.9196496
40.847711_-73.937975
40.8477216_-73.9436022
40.847721_-73.922035
40.847725_-73.9282154
40.8477281_-73.9249855
40.847737_-73.9311538
40.84773_-73.917644
40.8477425_-73.9196581
40.8477655_-73.9072706
40.8478172_-73.919309
40.847838_-73.939524
40.8478429_-73.9358967
40.8478572_-73.9077326
40.847872_-73.936403
40.847902_-73.91968
40.847908_-73.903565
40.8479232_-73.9191329
40.8479248_-73.9305162
40.8479272_-73.9188024
40.8479313_-73.9347436
40.8479344_-73.9363573
40.8479424_-73.924316
40.847964_-73.914426
40.8479708_-73.943519
40.847999_-73.934693
40.8480032_-73.9305064
40.848019_-73.940436
40.8480275_-73.9085863
40.848038_-73.932849
40.8480391_-73.918955
40.8481355_-73.918831
40.8481397_-73.9308625
40.8481562_-73.9297628
40.8481605_-73.9298593
40.8481696_-73.9453059
40.848184_-73.921656
40.8481925_-73.9356685
40.848211_-74.002615
40.8482151_-73.9413449
40.84823_-73.911973
40.848256_-73.909749
40.848264_-73.920482
40.8482702_-73.91837
40.848289_-73.916174
40.84828_-73.943319
40.8483093_-73.9278464
40.8483131_-73.9418919
40.8483223_-73.9277262
40.8483226_-73.9420228
40.8483644_-73.9371434
40.8483813_-73.918515
40.8483904_-73.9376885
40.848423_-73.919241
40.848433_-73.912978
40.8484382_-73.9376339
40.8484427_-73.9106815
40.8484603_-73.9359726
40.8484656_-73.9184066
40.8484776_-73.9306128
40.8485163_-73.9066
40.848523_-73.967451
40.84852_-73.935929
40.8485527_-73.9377528
40.8485572_-74.0155175
40.848569_-73.96719
40.8485776_-73.9431201
40.84858_-73.992648
40.8485925_-73.9069786
40.848602_-74.001515
40.848609_-73.913968
40.848626_-73.934239
40.848639_-73.91168
40.848648_-73.921278
40.848669_-73.9430749
40.8486855_-73.9391904
40.8486897_-73.9393618
40.8486927_-73.9304556
40.848692_-73.903281
40.848702_-73.984887
40.8487215_-73.9369546
40.8487282_-73.9037139
40.8487315_-73.9430547
40.8487332_-73.916149
40.848735_-73.932337
40.8487367_-73.9035915
40.8487373_-73.9163395
40.8487496_-73.9835337
40.8487537_-73.9040778
40.8487585_-73.9704804
40.848763_-73.9035778
40.8487641_-73.9391561
40.848768_-73.968413
40.8487799_-73.9241444
40.848787_-73.994714
40.8487905_-73.9431767
40.8487947_-73.9371803
40.848796_-73.914939
40.8488222_-73.9038168
40.8488349_-73.9401439
40.848839_-73.922228
40.848848_-73.908304
40.8488743_-73.9040394
40.8488773_-73.9236122
40.8488902_-73.903867
40.8489178_-73.9291764
40.8489191_-73.9370837
40.848938_-73.9040148
40.8489445_-73.9430192
40.8489682_-73.9370276
("40.847652_-73.9196521","40.847666_-73.942184","40.8476671_-73.9073064","40.847683_-73.912364","40.8476949_-73.9196496","40.847711_-73.937975","40.8477216_-73.9436022","40.847721_-73.922035","40.847725_-73.9282154","40.8477281_-73.9249855","40.847737_-73.9311538","40.84773_-73.917644","40.8477425_-73.9196581","40.8477655_-73.9072706","40.8478172_-73.919309","40.847838_-73.939524","40.8478429_-73.9358967","40.8478572_-73.9077326","40.847872_-73.936403","40.847902_-73.91968","40.847908_-73.903565","40.8479232_-73.9191329","40.8479248_-73.9305162","40.8479272_-73.9188024","40.8479313_-73.9347436","40.8479344_-73.9363573","40.8479424_-73.924316","40.847964_-73.914426","40.8479708_-73.943519","40.847999_-73.934693","40.8480032_-73.9305064","40.848019_-73.940436","40.8480275_-73.9085863","40.848038_-73.932849","40.8480391_-73.918955","40.8481355_-73.918831","40.8481397_-73.9308625","40.8481562_-73.9297628","40.8481605_-73.9298593","40.8481696_-73.9453059","40.848184_-73.921656","40.8481925_-73.9356685","40.848211_-74.002615","40.8482151_-73.9413449","40.84823_-73.911973","40.848256_-73.909749","40.848264_-73.920482","40.8482702_-73.91837","40.848289_-73.916174","40.84828_-73.943319","40.8483093_-73.9278464","40.8483131_-73.9418919","40.8483223_-73.9277262","40.8483226_-73.9420228","40.8483644_-73.9371434","40.8483813_-73.918515","40.8483904_-73.9376885","40.848423_-73.919241","40.848433_-73.912978","40.8484382_-73.9376339","40.8484427_-73.9106815","40.8484603_-73.9359726","40.8484656_-73.9184066","40.8484776_-73.9306128","40.8485163_-73.9066","40.848523_-73.967451","40.84852_-73.935929","40.8485527_-73.9377528","40.8485572_-74.0155175","40.848569_-73.96719","40.8485776_-73.9431201","40.84858_-73.992648","40.8485925_-73.9069786","40.848602_-74.001515","40.848609_-73.913968","40.848626_-73.934239","40.848639_-73.91168","40.848648_-73.921278","40.848669_-73.9430749","40.8486855_-73.9391904","40.8486897_-73.9393618","40.8486927_-73.9304556","40.848692_-73.903281","40.848702_-73.984887","40.8487215_-73.9369546","40.8487282_-73.9037139","40.8487315_-73.9430547","40.8487332_-73.916149","40.848735_-73.932337","40.8487367_-73.9035915","40.8487373_-73.9163395","40.8487496_-73.9835337","40.8487537_-73.9040778","40.8487585_-73.9704804","40.848763_-73.9035778","40.8487641_-73.9391561","40.848768_-73.968413","40.8487799_-73.9241444","40.848787_-73.994714","40.8487905_-73.9431767","40.8487947_-73.9371803","40.848796_-73.914939","40.8488222_-73.9038168","40.8488349_-73.9401439","40.848839_-73.922228","40.848848_-73.908304","40.8488743_-73.9040394","40.8488773_-73.9236122","40.8488902_-73.903867","40.8489178_-73.9291764","40.8489191_-73.9370837","40.848938_-73.9040148","40.8489445_-73.9430192","40.8489682_-73.9370276")
done
123.59user 816.44system 1:15:00elapsed 20%CPU (0avgtext+0avgdata 51860maxresident)k
1940640inputs+48outputs (3major+27225minor)pagefaults 0swaps
