40.757393_-73.935465
40.7573972_-73.9706199
40.7573981_-73.9223933
40.7574012_-73.9312901
40.7574068_-73.9158597
40.7574157_-73.9074483
40.7574229_-73.953781
40.757424_-73.9269971
40.757428_-73.9224573
40.7574415_-73.9157384
40.7574583_-73.9268465
40.7574604_-73.9354024
40.7574639_-73.9225343
40.7574678_-73.938933
40.757473_-73.9158059
40.7574874_-73.9962351
40.7574957_-73.9224022
40.7575028_-73.9390967
40.7575039_-74.0007721
40.757509_-73.9158824
40.7575112_-73.9537073
40.7575229_-73.9540022
40.7575359_-73.9392522
40.7575372_-73.9301043
40.7575373_-73.9076107
40.7575391_-73.9945228
40.7575398_-73.9090115
40.7575437_-73.9536816
40.757551_-73.9157425
40.757557_-73.9101856
40.757563_-73.9541024
40.757565_-73.909066
40.757565_-73.996758
40.7575684_-73.9536696
40.7575879_-73.9091152
40.7575982_-73.9536696
40.7576042_-73.9927446
40.7576075_-73.9091573
40.7576154_-73.996455
40.7576207_-73.9985466
40.7576242_-73.9536748
40.7576322_-73.9634155
40.7576437_-73.9536833
40.7576472_-73.9968521
40.7576476_-73.9089997
40.757648_-73.9322024
40.7576528_-73.9539199
40.7576579_-73.9928226
40.7576611_-73.9948152
40.7576683_-73.9537005
40.7576722_-73.9538959
40.7576732_-73.9320868
40.7576802_-73.9074959
40.7576852_-73.9537296
40.7576858_-74.0006278
40.7576871_-73.9549323
40.7576891_-73.9538633
40.7576892_-73.9277575
40.7576896_-73.9829647
40.7576969_-73.9537656
40.7576982_-73.9538153
40.7577054_-73.9321558
40.7577151_-73.9536199
40.7577211_-73.9929
40.7577225_-73.9548962
40.7577227_-73.927637
40.7577356_-73.9400583
40.7577403_-73.9233028
40.7577413_-73.9968472
40.7577457_-73.9594883
40.7577458_-73.9362822
40.7577482_-73.9714516
40.7577515_-73.9966616
40.7577543_-73.9277046
40.7577605_-73.9988863
40.7577629_-73.9535313
40.7577645_-73.9361453
40.7577692_-73.9792604
40.7577702_-73.9231904
40.7577705_-73.9734122
40.7577748_-73.9320995
40.7577804_-73.9166551
40.7577831_-73.9929862
40.7577882_-73.9277773
40.757799_-73.945814
40.7577_-73.969394
40.757808_-73.936225
40.757809_-73.940022
40.7578164_-73.9165366
40.7578244_-73.9971237
40.7578265_-73.9930688
40.7578267_-73.9547864
40.7578287_-73.9276441
40.7578348_-73.9133015
40.7578357_-73.9871893
40.7578398_-73.9233395
40.7578467_-73.9166012
40.757852_-73.9794547
40.7578542_-73.9074802
40.7578619_-73.9363237
40.757861_-73.9736266
40.7578684_-73.9947482
40.75786_-73.975591
40.7578724_-73.9231953
40.7578778_-73.9361606
40.757879_-73.9099488
40.7578813_-73.9166749
40.7578911_-73.9972646
40.7578_-73.9232542
40.7579037_-73.9399778
40.7579071_-73.9892986
40.757912_-73.977655
40.7579199_-73.9165417
40.757951_-73.9098958
40.757393_-73.935465
40.7573972_-73.9706199
40.7573981_-73.9223933
40.7574012_-73.9312901
40.7574068_-73.9158597
40.7574157_-73.9074483
40.7574229_-73.953781
40.757424_-73.9269971
40.757428_-73.9224573
40.7574415_-73.9157384
40.7574583_-73.9268465
40.7574604_-73.9354024
40.7574639_-73.9225343
40.7574678_-73.938933
40.757473_-73.9158059
40.7574874_-73.9962351
40.7574957_-73.9224022
40.7575028_-73.9390967
40.7575039_-74.0007721
40.757509_-73.9158824
40.7575112_-73.9537073
40.7575229_-73.9540022
40.7575359_-73.9392522
40.7575372_-73.9301043
40.7575373_-73.9076107
40.7575391_-73.9945228
40.7575398_-73.9090115
40.7575437_-73.9536816
40.757551_-73.9157425
40.757557_-73.9101856
40.757563_-73.9541024
40.757565_-73.909066
40.757565_-73.996758
40.7575684_-73.9536696
40.7575879_-73.9091152
40.7575982_-73.9536696
40.7576042_-73.9927446
40.7576075_-73.9091573
40.7576154_-73.996455
40.7576207_-73.9985466
40.7576242_-73.9536748
40.7576322_-73.9634155
40.7576437_-73.9536833
40.7576472_-73.9968521
40.7576476_-73.9089997
40.757648_-73.9322024
40.7576528_-73.9539199
40.7576579_-73.9928226
40.7576611_-73.9948152
40.7576683_-73.9537005
40.7576722_-73.9538959
40.7576732_-73.9320868
40.7576802_-73.9074959
40.7576852_-73.9537296
40.7576858_-74.0006278
40.7576871_-73.9549323
40.7576891_-73.9538633
40.7576892_-73.9277575
40.7576896_-73.9829647
40.7576969_-73.9537656
40.7576982_-73.9538153
40.7577054_-73.9321558
40.7577151_-73.9536199
40.7577211_-73.9929
40.7577225_-73.9548962
40.7577227_-73.927637
40.7577356_-73.9400583
40.7577403_-73.9233028
40.7577413_-73.9968472
40.7577457_-73.9594883
40.7577458_-73.9362822
40.7577482_-73.9714516
40.7577515_-73.9966616
40.7577543_-73.9277046
40.7577605_-73.9988863
40.7577629_-73.9535313
40.7577645_-73.9361453
40.7577692_-73.9792604
40.7577702_-73.9231904
40.7577705_-73.9734122
40.7577748_-73.9320995
40.7577804_-73.9166551
40.7577831_-73.9929862
40.7577882_-73.9277773
40.757799_-73.945814
40.7577_-73.969394
40.757808_-73.936225
40.757809_-73.940022
40.7578164_-73.9165366
40.7578244_-73.9971237
40.7578265_-73.9930688
40.7578267_-73.9547864
40.7578287_-73.9276441
40.7578348_-73.9133015
40.7578357_-73.9871893
40.7578398_-73.9233395
40.7578467_-73.9166012
40.757852_-73.9794547
40.7578542_-73.9074802
40.7578619_-73.9363237
40.757861_-73.9736266
40.7578684_-73.9947482
40.75786_-73.975591
40.7578724_-73.9231953
40.7578778_-73.9361606
40.757879_-73.9099488
40.7578813_-73.9166749
40.7578911_-73.9972646
40.7578_-73.9232542
40.7579037_-73.9399778
40.7579071_-73.9892986
40.757912_-73.977655
40.7579199_-73.9165417
40.757951_-73.9098958
("40.757393_-73.935465","40.7573972_-73.9706199","40.7573981_-73.9223933","40.7574012_-73.9312901","40.7574068_-73.9158597","40.7574157_-73.9074483","40.7574229_-73.953781","40.757424_-73.9269971","40.757428_-73.9224573","40.7574415_-73.9157384","40.7574583_-73.9268465","40.7574604_-73.9354024","40.7574639_-73.9225343","40.7574678_-73.938933","40.757473_-73.9158059","40.7574874_-73.9962351","40.7574957_-73.9224022","40.7575028_-73.9390967","40.7575039_-74.0007721","40.757509_-73.9158824","40.7575112_-73.9537073","40.7575229_-73.9540022","40.7575359_-73.9392522","40.7575372_-73.9301043","40.7575373_-73.9076107","40.7575391_-73.9945228","40.7575398_-73.9090115","40.7575437_-73.9536816","40.757551_-73.9157425","40.757557_-73.9101856","40.757563_-73.9541024","40.757565_-73.909066","40.757565_-73.996758","40.7575684_-73.9536696","40.7575879_-73.9091152","40.7575982_-73.9536696","40.7576042_-73.9927446","40.7576075_-73.9091573","40.7576154_-73.996455","40.7576207_-73.9985466","40.7576242_-73.9536748","40.7576322_-73.9634155","40.7576437_-73.9536833","40.7576472_-73.9968521","40.7576476_-73.9089997","40.757648_-73.9322024","40.7576528_-73.9539199","40.7576579_-73.9928226","40.7576611_-73.9948152","40.7576683_-73.9537005","40.7576722_-73.9538959","40.7576732_-73.9320868","40.7576802_-73.9074959","40.7576852_-73.9537296","40.7576858_-74.0006278","40.7576871_-73.9549323","40.7576891_-73.9538633","40.7576892_-73.9277575","40.7576896_-73.9829647","40.7576969_-73.9537656","40.7576982_-73.9538153","40.7577054_-73.9321558","40.7577151_-73.9536199","40.7577211_-73.9929","40.7577225_-73.9548962","40.7577227_-73.927637","40.7577356_-73.9400583","40.7577403_-73.9233028","40.7577413_-73.9968472","40.7577457_-73.9594883","40.7577458_-73.9362822","40.7577482_-73.9714516","40.7577515_-73.9966616","40.7577543_-73.9277046","40.7577605_-73.9988863","40.7577629_-73.9535313","40.7577645_-73.9361453","40.7577692_-73.9792604","40.7577702_-73.9231904","40.7577705_-73.9734122","40.7577748_-73.9320995","40.7577804_-73.9166551","40.7577831_-73.9929862","40.7577882_-73.9277773","40.757799_-73.945814","40.7577_-73.969394","40.757808_-73.936225","40.757809_-73.940022","40.7578164_-73.9165366","40.7578244_-73.9971237","40.7578265_-73.9930688","40.7578267_-73.9547864","40.7578287_-73.9276441","40.7578348_-73.9133015","40.7578357_-73.9871893","40.7578398_-73.9233395","40.7578467_-73.9166012","40.757852_-73.9794547","40.7578542_-73.9074802","40.7578619_-73.9363237","40.757861_-73.9736266","40.7578684_-73.9947482","40.75786_-73.975591","40.7578724_-73.9231953","40.7578778_-73.9361606","40.757879_-73.9099488","40.7578813_-73.9166749","40.7578911_-73.9972646","40.7578_-73.9232542","40.7579037_-73.9399778","40.7579071_-73.9892986","40.757912_-73.977655","40.7579199_-73.9165417","40.757951_-73.9098958")
done
140.91user 814.47system 1:15:32elapsed 21%CPU (0avgtext+0avgdata 77220maxresident)k
431472inputs+82952outputs (39major+38541minor)pagefaults 0swaps
