40.7460201_-74.0077745
40.7460203_-73.9982085
40.7460232_-74.007831
40.7460279_-73.9989557
40.7460293_-73.9567706
40.7460299_-73.934419
40.74602_-73.9808765
40.7460304_-73.9986593
40.746031_-73.913373
40.7460365_-73.9982972
40.746036_-73.988592
40.746038_-73.990518
40.7460402_-73.9821654
40.7460403_-73.9768165
40.7460403_-73.9985744
40.7460424_-73.940569
40.7460434_-73.9984915
40.746043_-73.9983939
40.7460444_-73.9990518
40.7460452_-74.0060754
40.7460515_-73.9554771
40.746052_-73.9721844
40.7460562_-73.9710702
40.7460592_-73.9735416
40.7460666_-73.9991515
40.7460675_-73.974927
40.7460681_-73.9342521
40.7460771_-73.9448761
40.746078_-73.9716951
40.7460826_-73.928559
40.7460862_-73.9448531
40.746088_-73.9697838
40.746093_-73.9992409
40.746096_-73.903166
40.7461027_-73.9041664
40.7461129_-73.9566989
40.746138_-73.914303
40.746143_-73.941736
40.7461467_-73.9698865
40.7461504_-73.9564737
40.7461596_-73.9566659
40.746186_-73.908117
40.746186_-73.952946
40.7461879_-73.9566514
40.7461919_-73.929506
40.7462209_-73.9455266
40.7462329_-73.9995612
40.7462338_-73.9739414
40.7462364_-73.9717193
40.7462423_-73.9071003
40.746246_-73.915232
40.7462541_-73.9715281
40.746288_-73.933264
40.7462965_-73.930411
40.74629_-73.915605
40.7463052_-73.9818467
40.7463069_-73.9442954
40.7463089_-73.9716668
40.7463121_-73.9715063
40.7463202_-73.9736421
40.7463415_-73.9747255
40.7463528_-73.9717783
40.746355_-73.916158
40.7463679_-73.9718165
40.746368_-73.9697978
40.7463726_-73.9716202
40.746372_-73.9428109
40.7463739_-73.9817025
40.7463801_-73.9819478
40.7463878_-73.9746918
40.7463878_-73.9817311
40.746392_-73.977636
40.7463937_-73.9717053
40.7463948_-74.0051067
40.7463997_-73.9839604
40.7464008_-73.981756
40.746402_-73.979724
40.7464048_-73.9313334
40.746406_-73.9443125
40.7464084_-73.9429101
40.7464132_-73.9694075
40.7464193_-73.9123295
40.74641_-73.950307
40.7464234_-73.9397876
40.7464239_-73.9817818
40.7464307_-73.9439834
40.7464406_-74.0000366
40.7464426_-73.9817221
40.7464538_-73.983798
40.7464561_-74.0012451
40.7464575_-73.9429844
40.7464581_-73.9819117
40.7464679_-73.9817907
40.74646_-73.917086
40.7464771_-73.9039986
40.7464859_-73.9817833
40.7464861_-74.000129
40.746494_-73.9838932
40.746497_-73.932268
40.7465037_-73.9817752
40.7465072_-74.0013697
40.746513_-73.916127
40.7465238_-73.9722121
40.7465249_-73.9430475
40.7465313_-74.0001974
40.746536_-73.985949
40.7465396_-73.9818732
40.7465503_-73.9838512
40.746555_-73.917067
40.7465597_-73.9840491
40.7465654_-73.9510998
40.746568_-73.918014
40.7465788_-74.0002602
40.74658_-73.9975495
40.7460201_-74.0077745
40.7460203_-73.9982085
40.7460232_-74.007831
40.7460279_-73.9989557
40.7460293_-73.9567706
40.7460299_-73.934419
40.74602_-73.9808765
40.7460304_-73.9986593
40.746031_-73.913373
40.7460365_-73.9982972
40.746036_-73.988592
40.746038_-73.990518
40.7460402_-73.9821654
40.7460403_-73.9768165
40.7460403_-73.9985744
40.7460424_-73.940569
40.7460434_-73.9984915
40.746043_-73.9983939
40.7460444_-73.9990518
40.7460452_-74.0060754
40.7460515_-73.9554771
40.746052_-73.9721844
40.7460562_-73.9710702
40.7460592_-73.9735416
40.7460666_-73.9991515
40.7460675_-73.974927
40.7460681_-73.9342521
40.7460771_-73.9448761
40.746078_-73.9716951
40.7460826_-73.928559
40.7460862_-73.9448531
40.746088_-73.9697838
40.746093_-73.9992409
40.746096_-73.903166
40.7461027_-73.9041664
40.7461129_-73.9566989
40.746138_-73.914303
40.746143_-73.941736
40.7461467_-73.9698865
40.7461504_-73.9564737
40.7461596_-73.9566659
40.746186_-73.908117
40.746186_-73.952946
40.7461879_-73.9566514
40.7461919_-73.929506
40.7462209_-73.9455266
40.7462329_-73.9995612
40.7462338_-73.9739414
40.7462364_-73.9717193
40.7462423_-73.9071003
40.746246_-73.915232
40.7462541_-73.9715281
40.746288_-73.933264
40.7462965_-73.930411
40.74629_-73.915605
40.7463052_-73.9818467
40.7463069_-73.9442954
40.7463089_-73.9716668
40.7463121_-73.9715063
40.7463202_-73.9736421
40.7463415_-73.9747255
40.7463528_-73.9717783
40.746355_-73.916158
40.7463679_-73.9718165
40.746368_-73.9697978
40.7463726_-73.9716202
40.746372_-73.9428109
40.7463739_-73.9817025
40.7463801_-73.9819478
40.7463878_-73.9746918
40.7463878_-73.9817311
40.746392_-73.977636
40.7463937_-73.9717053
40.7463948_-74.0051067
40.7463997_-73.9839604
40.7464008_-73.981756
40.746402_-73.979724
40.7464048_-73.9313334
40.746406_-73.9443125
40.7464084_-73.9429101
40.7464132_-73.9694075
40.7464193_-73.9123295
40.74641_-73.950307
40.7464234_-73.9397876
40.7464239_-73.9817818
40.7464307_-73.9439834
40.7464406_-74.0000366
40.7464426_-73.9817221
40.7464538_-73.983798
40.7464561_-74.0012451
40.7464575_-73.9429844
40.7464581_-73.9819117
40.7464679_-73.9817907
40.74646_-73.917086
40.7464771_-73.9039986
40.7464859_-73.9817833
40.7464861_-74.000129
40.746494_-73.9838932
40.746497_-73.932268
40.7465037_-73.9817752
40.7465072_-74.0013697
40.746513_-73.916127
40.7465238_-73.9722121
40.7465249_-73.9430475
40.7465313_-74.0001974
40.746536_-73.985949
40.7465396_-73.9818732
40.7465503_-73.9838512
40.746555_-73.917067
40.7465597_-73.9840491
40.7465654_-73.9510998
40.746568_-73.918014
40.7465788_-74.0002602
40.74658_-73.9975495
("40.7460201_-74.0077745","40.7460203_-73.9982085","40.7460232_-74.007831","40.7460279_-73.9989557","40.7460293_-73.9567706","40.7460299_-73.934419","40.74602_-73.9808765","40.7460304_-73.9986593","40.746031_-73.913373","40.7460365_-73.9982972","40.746036_-73.988592","40.746038_-73.990518","40.7460402_-73.9821654","40.7460403_-73.9768165","40.7460403_-73.9985744","40.7460424_-73.940569","40.7460434_-73.9984915","40.746043_-73.9983939","40.7460444_-73.9990518","40.7460452_-74.0060754","40.7460515_-73.9554771","40.746052_-73.9721844","40.7460562_-73.9710702","40.7460592_-73.9735416","40.7460666_-73.9991515","40.7460675_-73.974927","40.7460681_-73.9342521","40.7460771_-73.9448761","40.746078_-73.9716951","40.7460826_-73.928559","40.7460862_-73.9448531","40.746088_-73.9697838","40.746093_-73.9992409","40.746096_-73.903166","40.7461027_-73.9041664","40.7461129_-73.9566989","40.746138_-73.914303","40.746143_-73.941736","40.7461467_-73.9698865","40.7461504_-73.9564737","40.7461596_-73.9566659","40.746186_-73.908117","40.746186_-73.952946","40.7461879_-73.9566514","40.7461919_-73.929506","40.7462209_-73.9455266","40.7462329_-73.9995612","40.7462338_-73.9739414","40.7462364_-73.9717193","40.7462423_-73.9071003","40.746246_-73.915232","40.7462541_-73.9715281","40.746288_-73.933264","40.7462965_-73.930411","40.74629_-73.915605","40.7463052_-73.9818467","40.7463069_-73.9442954","40.7463089_-73.9716668","40.7463121_-73.9715063","40.7463202_-73.9736421","40.7463415_-73.9747255","40.7463528_-73.9717783","40.746355_-73.916158","40.7463679_-73.9718165","40.746368_-73.9697978","40.7463726_-73.9716202","40.746372_-73.9428109","40.7463739_-73.9817025","40.7463801_-73.9819478","40.7463878_-73.9746918","40.7463878_-73.9817311","40.746392_-73.977636","40.7463937_-73.9717053","40.7463948_-74.0051067","40.7463997_-73.9839604","40.7464008_-73.981756","40.746402_-73.979724","40.7464048_-73.9313334","40.746406_-73.9443125","40.7464084_-73.9429101","40.7464132_-73.9694075","40.7464193_-73.9123295","40.74641_-73.950307","40.7464234_-73.9397876","40.7464239_-73.9817818","40.7464307_-73.9439834","40.7464406_-74.0000366","40.7464426_-73.9817221","40.7464538_-73.983798","40.7464561_-74.0012451","40.7464575_-73.9429844","40.7464581_-73.9819117","40.7464679_-73.9817907","40.74646_-73.917086","40.7464771_-73.9039986","40.7464859_-73.9817833","40.7464861_-74.000129","40.746494_-73.9838932","40.746497_-73.932268","40.7465037_-73.9817752","40.7465072_-74.0013697","40.746513_-73.916127","40.7465238_-73.9722121","40.7465249_-73.9430475","40.7465313_-74.0001974","40.746536_-73.985949","40.7465396_-73.9818732","40.7465503_-73.9838512","40.746555_-73.917067","40.7465597_-73.9840491","40.7465654_-73.9510998","40.746568_-73.918014","40.7465788_-74.0002602","40.74658_-73.9975495")
done
144.34user 810.76system 1:15:05elapsed 21%CPU (0avgtext+0avgdata 72468maxresident)k
1290976inputs+68344outputs (33major+37880minor)pagefaults 0swaps
