40.7678305_-73.9499662
40.7678479_-73.982301
40.7678513_-73.92346
40.7678542_-73.981479
40.767855_-73.934229
40.7678584_-73.9032018
40.7678636_-73.9640743
40.7678644_-74.0162797
40.7678652_-73.9561432
40.7678663_-73.9788706
40.7678709_-73.9359108
40.767878_-73.9660272
40.7678817_-73.9052624
40.7678827_-73.9814585
40.7678839_-73.9235324
40.7678848_-73.9856334
40.7678896_-73.9823318
40.7678948_-73.9497674
40.7679124_-73.9682555
40.7679126_-73.9495974
40.7679143_-73.9055832
40.7679145_-73.9559184
40.7679146_-73.9641952
40.7679183_-73.9857166
40.7679205_-73.9254212
40.7679221_-73.9814355
40.7679231_-73.9956721
40.7679241_-73.9681128
40.7679339_-73.9823552
40.7679474_-73.964013
40.7679488_-73.9116994
40.7679575_-73.9814211
40.7679612_-73.9703262
40.7679624_-73.9234556
40.7679669_-73.9957765
40.7679674_-73.9682154
40.7679746_-73.9662562
40.7679802_-73.9823708
40.7679823_-73.9701798
40.7679922_-73.9056036
40.7679938_-73.9814115
40.7680039_-73.9624797
40.7680127_-73.9045007
40.7680183_-73.9683361
40.768021_-73.9496629
40.7680236_-73.9032089
40.768025_-73.970281
40.7680276_-73.9823784
40.7680307_-73.9814067
40.7680382_-73.968164
40.7680419_-73.9959552
40.7680431_-73.919117
40.7680708_-73.9814071
40.7680744_-73.9061114
40.7680754_-73.9823778
40.7680776_-73.9039402
40.7680848_-73.9035586
40.768088_-73.9050712
40.7680917_-73.970232
40.768095_-73.945916
40.7680973_-73.9494578
40.7681023_-73.9731854
40.7681061_-73.9036659
40.7681106_-73.9814132
40.7681151_-73.9588646
40.7681152_-73.903876
40.7681197_-73.920358
40.7681217_-73.9458578
40.7681227_-73.9823691
40.7681497_-73.981425
40.7681628_-73.9071096
40.7681688_-73.9823523
40.7681713_-73.9290113
40.7681753_-73.9291779
40.7681773_-73.9495425
40.7681813_-73.9527762
40.7681814_-73.9040562
40.7681825_-73.9037729
40.7681876_-73.9814423
40.7681983_-73.9759027
40.7682042_-73.9041162
40.7682128_-73.9823279
40.7682134_-73.9069961
40.7682181_-73.9050564
40.7682235_-73.9070602
40.7682239_-73.981465
40.768229_-73.929135
40.7682302_-73.9041646
40.7682442_-73.9071852
40.7682479_-73.9242695
40.7682531_-73.9320329
40.7682541_-73.9822961
40.768258_-73.9814928
40.7682703_-73.9042294
40.7682731_-73.9631184
40.768275_-73.9814951
40.7682763_-73.9822746
40.7682851_-73.9292718
40.768287_-73.9815222
40.7682888_-73.9493167
40.768295_-73.9290823
40.7682973_-73.9822511
40.7683004_-73.9708713
40.7683035_-73.9795154
40.7683065_-73.944097
40.7683094_-73.9456177
40.7683126_-73.9815072
40.7683137_-73.9815553
40.768315_-73.9242119
40.7683169_-73.9822255
40.7683187_-73.9439227
40.7683328_-73.9926529
40.7683347_-73.9758143
40.7683377_-73.9815918
40.7678305_-73.9499662
40.7678479_-73.982301
40.7678513_-73.92346
40.7678542_-73.981479
40.767855_-73.934229
40.7678584_-73.9032018
40.7678636_-73.9640743
40.7678644_-74.0162797
40.7678652_-73.9561432
40.7678663_-73.9788706
40.7678709_-73.9359108
40.767878_-73.9660272
40.7678817_-73.9052624
40.7678827_-73.9814585
40.7678839_-73.9235324
40.7678848_-73.9856334
40.7678896_-73.9823318
40.7678948_-73.9497674
40.7679124_-73.9682555
40.7679126_-73.9495974
40.7679143_-73.9055832
40.7679145_-73.9559184
40.7679146_-73.9641952
40.7679183_-73.9857166
40.7679205_-73.9254212
40.7679221_-73.9814355
40.7679231_-73.9956721
40.7679241_-73.9681128
40.7679339_-73.9823552
40.7679474_-73.964013
40.7679488_-73.9116994
40.7679575_-73.9814211
40.7679612_-73.9703262
40.7679624_-73.9234556
40.7679669_-73.9957765
40.7679674_-73.9682154
40.7679746_-73.9662562
40.7679802_-73.9823708
40.7679823_-73.9701798
40.7679922_-73.9056036
40.7679938_-73.9814115
40.7680039_-73.9624797
40.7680127_-73.9045007
40.7680183_-73.9683361
40.768021_-73.9496629
40.7680236_-73.9032089
40.768025_-73.970281
40.7680276_-73.9823784
40.7680307_-73.9814067
40.7680382_-73.968164
40.7680419_-73.9959552
40.7680431_-73.919117
40.7680708_-73.9814071
40.7680744_-73.9061114
40.7680754_-73.9823778
40.7680776_-73.9039402
40.7680848_-73.9035586
40.768088_-73.9050712
40.7680917_-73.970232
40.768095_-73.945916
40.7680973_-73.9494578
40.7681023_-73.9731854
40.7681061_-73.9036659
40.7681106_-73.9814132
40.7681151_-73.9588646
40.7681152_-73.903876
40.7681197_-73.920358
40.7681217_-73.9458578
40.7681227_-73.9823691
40.7681497_-73.981425
40.7681628_-73.9071096
40.7681688_-73.9823523
40.7681713_-73.9290113
40.7681753_-73.9291779
40.7681773_-73.9495425
40.7681813_-73.9527762
40.7681814_-73.9040562
40.7681825_-73.9037729
40.7681876_-73.9814423
40.7681983_-73.9759027
40.7682042_-73.9041162
40.7682128_-73.9823279
40.7682134_-73.9069961
40.7682181_-73.9050564
40.7682235_-73.9070602
40.7682239_-73.981465
40.768229_-73.929135
40.7682302_-73.9041646
40.7682442_-73.9071852
40.7682479_-73.9242695
40.7682531_-73.9320329
40.7682541_-73.9822961
40.768258_-73.9814928
40.7682703_-73.9042294
40.7682731_-73.9631184
40.768275_-73.9814951
40.7682763_-73.9822746
40.7682851_-73.9292718
40.768287_-73.9815222
40.7682888_-73.9493167
40.768295_-73.9290823
40.7682973_-73.9822511
40.7683004_-73.9708713
40.7683035_-73.9795154
40.7683065_-73.944097
40.7683094_-73.9456177
40.7683126_-73.9815072
40.7683137_-73.9815553
40.768315_-73.9242119
40.7683169_-73.9822255
40.7683187_-73.9439227
40.7683328_-73.9926529
40.7683347_-73.9758143
40.7683377_-73.9815918
("40.7678305_-73.9499662","40.7678479_-73.982301","40.7678513_-73.92346","40.7678542_-73.981479","40.767855_-73.934229","40.7678584_-73.9032018","40.7678636_-73.9640743","40.7678644_-74.0162797","40.7678652_-73.9561432","40.7678663_-73.9788706","40.7678709_-73.9359108","40.767878_-73.9660272","40.7678817_-73.9052624","40.7678827_-73.9814585","40.7678839_-73.9235324","40.7678848_-73.9856334","40.7678896_-73.9823318","40.7678948_-73.9497674","40.7679124_-73.9682555","40.7679126_-73.9495974","40.7679143_-73.9055832","40.7679145_-73.9559184","40.7679146_-73.9641952","40.7679183_-73.9857166","40.7679205_-73.9254212","40.7679221_-73.9814355","40.7679231_-73.9956721","40.7679241_-73.9681128","40.7679339_-73.9823552","40.7679474_-73.964013","40.7679488_-73.9116994","40.7679575_-73.9814211","40.7679612_-73.9703262","40.7679624_-73.9234556","40.7679669_-73.9957765","40.7679674_-73.9682154","40.7679746_-73.9662562","40.7679802_-73.9823708","40.7679823_-73.9701798","40.7679922_-73.9056036","40.7679938_-73.9814115","40.7680039_-73.9624797","40.7680127_-73.9045007","40.7680183_-73.9683361","40.768021_-73.9496629","40.7680236_-73.9032089","40.768025_-73.970281","40.7680276_-73.9823784","40.7680307_-73.9814067","40.7680382_-73.968164","40.7680419_-73.9959552","40.7680431_-73.919117","40.7680708_-73.9814071","40.7680744_-73.9061114","40.7680754_-73.9823778","40.7680776_-73.9039402","40.7680848_-73.9035586","40.768088_-73.9050712","40.7680917_-73.970232","40.768095_-73.945916","40.7680973_-73.9494578","40.7681023_-73.9731854","40.7681061_-73.9036659","40.7681106_-73.9814132","40.7681151_-73.9588646","40.7681152_-73.903876","40.7681197_-73.920358","40.7681217_-73.9458578","40.7681227_-73.9823691","40.7681497_-73.981425","40.7681628_-73.9071096","40.7681688_-73.9823523","40.7681713_-73.9290113","40.7681753_-73.9291779","40.7681773_-73.9495425","40.7681813_-73.9527762","40.7681814_-73.9040562","40.7681825_-73.9037729","40.7681876_-73.9814423","40.7681983_-73.9759027","40.7682042_-73.9041162","40.7682128_-73.9823279","40.7682134_-73.9069961","40.7682181_-73.9050564","40.7682235_-73.9070602","40.7682239_-73.981465","40.768229_-73.929135","40.7682302_-73.9041646","40.7682442_-73.9071852","40.7682479_-73.9242695","40.7682531_-73.9320329","40.7682541_-73.9822961","40.768258_-73.9814928","40.7682703_-73.9042294","40.7682731_-73.9631184","40.768275_-73.9814951","40.7682763_-73.9822746","40.7682851_-73.9292718","40.768287_-73.9815222","40.7682888_-73.9493167","40.768295_-73.9290823","40.7682973_-73.9822511","40.7683004_-73.9708713","40.7683035_-73.9795154","40.7683065_-73.944097","40.7683094_-73.9456177","40.7683126_-73.9815072","40.7683137_-73.9815553","40.768315_-73.9242119","40.7683169_-73.9822255","40.7683187_-73.9439227","40.7683328_-73.9926529","40.7683347_-73.9758143","40.7683377_-73.9815918")
done
131.87user 818.48system 1:14:24elapsed 21%CPU (0avgtext+0avgdata 66724maxresident)k
461808inputs+43952outputs (23major+34842minor)pagefaults 0swaps
