40.8003745_-74.0180861
40.8003788_-73.9580113
40.8003896_-73.9583749
40.800389_-73.9635043
40.8004002_-73.9579721
40.8004097_-73.9584068
40.8004168_-73.9718785
40.8004257_-73.9579375
40.8004313_-73.9657046
40.8004326_-73.9584351
40.800447_-73.910857
40.8004522_-73.9296404
40.8004548_-73.9579082
40.8004581_-73.9584593
40.800458_-73.932153
40.800463_-73.967898
40.8004711_-73.9125069
40.8004857_-73.9584791
40.8004869_-73.957885
40.8004893_-73.9298878
40.800493_-73.932044
40.8004949_-73.9743293
40.8004957_-73.9679791
40.8005063_-73.9717376
40.8005082_-73.9618386
40.800515_-73.9584941
40.8005203_-73.9381365
40.8005212_-73.9578682
40.800524_-73.9319
40.8005325_-73.9618968
40.800543_-73.931752
40.8005442_-73.9680997
40.8005454_-73.958504
40.800548_-73.931602
40.8005506_-73.9578596
40.8005551_-73.9421503
40.8005566_-73.9402073
40.8005604_-73.9716636
40.800568_-74.004721
40.8005708_-74.0018043
40.8005766_-73.9585088
40.8005806_-73.9578557
40.8005822_-73.9600539
40.8005978_-73.9716163
40.800608_-73.9585084
40.8006107_-73.9578567
40.8006169_-73.9542998
40.8006248_-73.9744408
40.8006391_-73.9585027
40.8006395_-74.0023373
40.80063_-73.931785
40.8006405_-73.9578625
40.8006473_-73.9299008
40.800662_-73.9443548
40.800665_-73.946462
40.8006694_-73.9584918
40.8006696_-73.957873
40.8006715_-73.9424264
40.800686_-73.952508
40.8006933_-73.9505845
40.8006945_-73.9544844
40.8006974_-73.9578882
40.8007026_-73.9584732
40.800706_-73.996652
40.800707_-73.971495
40.800711_-73.931969
40.8007237_-73.9579077
40.8007335_-73.9584483
40.800748_-73.9579312
40.8007522_-73.9507232
40.8007612_-73.9584178
40.8007675_-73.9584086
40.8007699_-73.9579585
40.8007779_-73.9714306
40.8007806_-74.002
40.8007854_-73.9583823
40.8007892_-73.9579891
40.800791_-73.934917
40.8008053_-73.9583425
40.8008055_-73.9580226
40.8008207_-73.9582994
40.8008208_-73.9580658
40.8008264_-73.9713929
40.8008273_-73.9504868
40.8008311_-73.9582537
40.8008312_-73.9581115
40.8008364_-73.9581588
40.8008364_-73.9582065
40.800836_-74.009639
40.8008581_-73.9291992
40.800864_-73.9350895
40.8008786_-73.9297909
40.8009194_-73.9390888
40.8009555_-73.9712951
40.8009593_-73.9690678
40.8009627_-73.9740632
40.8009645_-73.9710116
40.8009746_-73.9292078
40.8009822_-73.9742434
40.8009859_-73.9299549
40.8009873_-73.9117446
40.800991_-74.002826
40.800991_-74.007193
40.8009967_-73.9317635
40.801015_-73.9630467
40.801053_-73.910248
40.801054_-73.971224
40.801067_-74.010143
40.801073_-74.009462
40.8010799_-73.9937406
40.8010896_-73.929856
40.8011074_-73.965211
40.801136_-74.012091
40.8011376_-73.9376885
40.8003745_-74.0180861
40.8003788_-73.9580113
40.8003896_-73.9583749
40.800389_-73.9635043
40.8004002_-73.9579721
40.8004097_-73.9584068
40.8004168_-73.9718785
40.8004257_-73.9579375
40.8004313_-73.9657046
40.8004326_-73.9584351
40.800447_-73.910857
40.8004522_-73.9296404
40.8004548_-73.9579082
40.8004581_-73.9584593
40.800458_-73.932153
40.800463_-73.967898
40.8004711_-73.9125069
40.8004857_-73.9584791
40.8004869_-73.957885
40.8004893_-73.9298878
40.800493_-73.932044
40.8004949_-73.9743293
40.8004957_-73.9679791
40.8005063_-73.9717376
40.8005082_-73.9618386
40.800515_-73.9584941
40.8005203_-73.9381365
40.8005212_-73.9578682
40.800524_-73.9319
40.8005325_-73.9618968
40.800543_-73.931752
40.8005442_-73.9680997
40.8005454_-73.958504
40.800548_-73.931602
40.8005506_-73.9578596
40.8005551_-73.9421503
40.8005566_-73.9402073
40.8005604_-73.9716636
40.800568_-74.004721
40.8005708_-74.0018043
40.8005766_-73.9585088
40.8005806_-73.9578557
40.8005822_-73.9600539
40.8005978_-73.9716163
40.800608_-73.9585084
40.8006107_-73.9578567
40.8006169_-73.9542998
40.8006248_-73.9744408
40.8006391_-73.9585027
40.8006395_-74.0023373
40.80063_-73.931785
40.8006405_-73.9578625
40.8006473_-73.9299008
40.800662_-73.9443548
40.800665_-73.946462
40.8006694_-73.9584918
40.8006696_-73.957873
40.8006715_-73.9424264
40.800686_-73.952508
40.8006933_-73.9505845
40.8006945_-73.9544844
40.8006974_-73.9578882
40.8007026_-73.9584732
40.800706_-73.996652
40.800707_-73.971495
40.800711_-73.931969
40.8007237_-73.9579077
40.8007335_-73.9584483
40.800748_-73.9579312
40.8007522_-73.9507232
40.8007612_-73.9584178
40.8007675_-73.9584086
40.8007699_-73.9579585
40.8007779_-73.9714306
40.8007806_-74.002
40.8007854_-73.9583823
40.8007892_-73.9579891
40.800791_-73.934917
40.8008053_-73.9583425
40.8008055_-73.9580226
40.8008207_-73.9582994
40.8008208_-73.9580658
40.8008264_-73.9713929
40.8008273_-73.9504868
40.8008311_-73.9582537
40.8008312_-73.9581115
40.8008364_-73.9581588
40.8008364_-73.9582065
40.800836_-74.009639
40.8008581_-73.9291992
40.800864_-73.9350895
40.8008786_-73.9297909
40.8009194_-73.9390888
40.8009555_-73.9712951
40.8009593_-73.9690678
40.8009627_-73.9740632
40.8009645_-73.9710116
40.8009746_-73.9292078
40.8009822_-73.9742434
40.8009859_-73.9299549
40.8009873_-73.9117446
40.800991_-74.002826
40.800991_-74.007193
40.8009967_-73.9317635
40.801015_-73.9630467
40.801053_-73.910248
40.801054_-73.971224
40.801067_-74.010143
40.801073_-74.009462
40.8010799_-73.9937406
40.8010896_-73.929856
40.8011074_-73.965211
40.801136_-74.012091
40.8011376_-73.9376885
("40.8003745_-74.0180861","40.8003788_-73.9580113","40.8003896_-73.9583749","40.800389_-73.9635043","40.8004002_-73.9579721","40.8004097_-73.9584068","40.8004168_-73.9718785","40.8004257_-73.9579375","40.8004313_-73.9657046","40.8004326_-73.9584351","40.800447_-73.910857","40.8004522_-73.9296404","40.8004548_-73.9579082","40.8004581_-73.9584593","40.800458_-73.932153","40.800463_-73.967898","40.8004711_-73.9125069","40.8004857_-73.9584791","40.8004869_-73.957885","40.8004893_-73.9298878","40.800493_-73.932044","40.8004949_-73.9743293","40.8004957_-73.9679791","40.8005063_-73.9717376","40.8005082_-73.9618386","40.800515_-73.9584941","40.8005203_-73.9381365","40.8005212_-73.9578682","40.800524_-73.9319","40.8005325_-73.9618968","40.800543_-73.931752","40.8005442_-73.9680997","40.8005454_-73.958504","40.800548_-73.931602","40.8005506_-73.9578596","40.8005551_-73.9421503","40.8005566_-73.9402073","40.8005604_-73.9716636","40.800568_-74.004721","40.8005708_-74.0018043","40.8005766_-73.9585088","40.8005806_-73.9578557","40.8005822_-73.9600539","40.8005978_-73.9716163","40.800608_-73.9585084","40.8006107_-73.9578567","40.8006169_-73.9542998","40.8006248_-73.9744408","40.8006391_-73.9585027","40.8006395_-74.0023373","40.80063_-73.931785","40.8006405_-73.9578625","40.8006473_-73.9299008","40.800662_-73.9443548","40.800665_-73.946462","40.8006694_-73.9584918","40.8006696_-73.957873","40.8006715_-73.9424264","40.800686_-73.952508","40.8006933_-73.9505845","40.8006945_-73.9544844","40.8006974_-73.9578882","40.8007026_-73.9584732","40.800706_-73.996652","40.800707_-73.971495","40.800711_-73.931969","40.8007237_-73.9579077","40.8007335_-73.9584483","40.800748_-73.9579312","40.8007522_-73.9507232","40.8007612_-73.9584178","40.8007675_-73.9584086","40.8007699_-73.9579585","40.8007779_-73.9714306","40.8007806_-74.002","40.8007854_-73.9583823","40.8007892_-73.9579891","40.800791_-73.934917","40.8008053_-73.9583425","40.8008055_-73.9580226","40.8008207_-73.9582994","40.8008208_-73.9580658","40.8008264_-73.9713929","40.8008273_-73.9504868","40.8008311_-73.9582537","40.8008312_-73.9581115","40.8008364_-73.9581588","40.8008364_-73.9582065","40.800836_-74.009639","40.8008581_-73.9291992","40.800864_-73.9350895","40.8008786_-73.9297909","40.8009194_-73.9390888","40.8009555_-73.9712951","40.8009593_-73.9690678","40.8009627_-73.9740632","40.8009645_-73.9710116","40.8009746_-73.9292078","40.8009822_-73.9742434","40.8009859_-73.9299549","40.8009873_-73.9117446","40.800991_-74.002826","40.800991_-74.007193","40.8009967_-73.9317635","40.801015_-73.9630467","40.801053_-73.910248","40.801054_-73.971224","40.801067_-74.010143","40.801073_-74.009462","40.8010799_-73.9937406","40.8010896_-73.929856","40.8011074_-73.965211","40.801136_-74.012091","40.8011376_-73.9376885")
done
128.44user 821.93system 1:15:30elapsed 20%CPU (0avgtext+0avgdata 57260maxresident)k
474400inputs+11688outputs (10major+30774minor)pagefaults 0swaps
