40.6998319_-73.9850097
40.6998328_-73.9342512
40.699833_-73.936963
40.699836_-73.993672
40.6998393_-73.9887689
40.6998393_-73.9956019
40.699841_-73.908683
40.6998478_-73.9829459
40.699851_-73.9686621
40.6998546_-73.9838395
40.6998565_-73.9616556
40.699861_-73.928283
40.699863_-73.955896
40.6998682_-73.9844536
40.6998706_-73.976245
40.6998715_-73.991115
40.699874_-73.94042
40.699882_-73.908299
40.69988_-73.9868373
40.6998952_-73.9781692
40.6998_-73.9107672
40.6999041_-73.9855421
40.6999182_-73.9130001
40.6999241_-73.9860529
40.699926_-73.9849572
40.6999271_-73.9117817
40.699927_-73.905879
40.6999292_-73.9862192
40.6999353_-73.9863694
40.699935_-73.941431
40.6999434_-73.9888804
40.6999505_-73.986242
40.6999613_-73.9868695
40.6999719_-73.9862595
40.6999729_-73.9851879
40.6999897_-73.98913
40.6999918_-73.9877747
40.6999953_-73.9862769
40.700006_-73.948133
40.7000121_-73.9883487
40.7000312_-73.9854107
40.700034_-73.906978
40.7000384_-73.9360843
40.7000408_-73.9908679
40.7000511_-73.9917594
40.700056_-73.924582
40.700059_-73.932781
40.7000605_-73.9890264
40.7000647_-73.9540462
40.7000698_-73.9867469
40.700072_-73.994529
40.7000904_-73.9877734
40.7000975_-73.9869164
40.700105_-73.947248
40.7001081_-73.9536865
40.7001168_-73.9614839
40.700122_-73.906211
40.700123_-73.947128
40.700125_-73.916313
40.700129_-73.975843
40.700144_-73.977777
40.7001484_-73.9909889
40.7001541_-73.9897663
40.7001544_-73.9908238
40.7001664_-73.9857835
40.700167_-73.9538643
40.7001687_-73.9865087
40.700169_-73.909204
40.700192_-73.905605
40.7002046_-73.9472136
40.7002063_-73.9869513
40.7002152_-73.9860276
40.700215_-73.946316
40.7002179_-73.9103372
40.700217_-73.9685119
40.7002185_-73.9865382
40.700221_-73.962179
40.7002236_-73.9877667
40.7002277_-73.9863987
40.7002304_-73.9537755
40.700235_-73.95987
40.7002435_-73.9907967
40.700247_-73.92088
40.7002496_-73.9623041
40.700249_-73.937728
40.7002541_-73.9886183
40.7002572_-73.9886599
40.7002592_-73.9893485
40.7002626_-73.9895736
40.7002632_-73.96128
40.7002632_-73.9907875
40.700271_-73.90488
40.7002785_-73.9886934
40.700281_-73.941149
40.7002858_-73.9909262
40.700292_-73.952176
40.70029_-73.929035
40.700309_-73.995379
40.7003131_-73.9887135
40.7003177_-73.9313527
40.7003436_-73.9137545
40.700345_-73.9955637
40.700347_-73.950657
40.700347_-73.977438
40.700358_-73.912569
40.700368_-73.906619
40.7003737_-73.9909
40.7003801_-73.9804212
40.7003924_-73.9829226
40.7003964_-73.9895549
40.700405_-73.944617
40.7004065_-73.9907629
40.700409_-73.903675
40.7004232_-73.9625192
40.6998319_-73.9850097
40.6998328_-73.9342512
40.699833_-73.936963
40.699836_-73.993672
40.6998393_-73.9887689
40.6998393_-73.9956019
40.699841_-73.908683
40.6998478_-73.9829459
40.699851_-73.9686621
40.6998546_-73.9838395
40.6998565_-73.9616556
40.699861_-73.928283
40.699863_-73.955896
40.6998682_-73.9844536
40.6998706_-73.976245
40.6998715_-73.991115
40.699874_-73.94042
40.699882_-73.908299
40.69988_-73.9868373
40.6998952_-73.9781692
40.6998_-73.9107672
40.6999041_-73.9855421
40.6999182_-73.9130001
40.6999241_-73.9860529
40.699926_-73.9849572
40.6999271_-73.9117817
40.699927_-73.905879
40.6999292_-73.9862192
40.6999353_-73.9863694
40.699935_-73.941431
40.6999434_-73.9888804
40.6999505_-73.986242
40.6999613_-73.9868695
40.6999719_-73.9862595
40.6999729_-73.9851879
40.6999897_-73.98913
40.6999918_-73.9877747
40.6999953_-73.9862769
40.700006_-73.948133
40.7000121_-73.9883487
40.7000312_-73.9854107
40.700034_-73.906978
40.7000384_-73.9360843
40.7000408_-73.9908679
40.7000511_-73.9917594
40.700056_-73.924582
40.700059_-73.932781
40.7000605_-73.9890264
40.7000647_-73.9540462
40.7000698_-73.9867469
40.700072_-73.994529
40.7000904_-73.9877734
40.7000975_-73.9869164
40.700105_-73.947248
40.7001081_-73.9536865
40.7001168_-73.9614839
40.700122_-73.906211
40.700123_-73.947128
40.700125_-73.916313
40.700129_-73.975843
40.700144_-73.977777
40.7001484_-73.9909889
40.7001541_-73.9897663
40.7001544_-73.9908238
40.7001664_-73.9857835
40.700167_-73.9538643
40.7001687_-73.9865087
40.700169_-73.909204
40.700192_-73.905605
40.7002046_-73.9472136
40.7002063_-73.9869513
40.7002152_-73.9860276
40.700215_-73.946316
40.7002179_-73.9103372
40.700217_-73.9685119
40.7002185_-73.9865382
40.700221_-73.962179
40.7002236_-73.9877667
40.7002277_-73.9863987
40.7002304_-73.9537755
40.700235_-73.95987
40.7002435_-73.9907967
40.700247_-73.92088
40.7002496_-73.9623041
40.700249_-73.937728
40.7002541_-73.9886183
40.7002572_-73.9886599
40.7002592_-73.9893485
40.7002626_-73.9895736
40.7002632_-73.96128
40.7002632_-73.9907875
40.700271_-73.90488
40.7002785_-73.9886934
40.700281_-73.941149
40.7002858_-73.9909262
40.700292_-73.952176
40.70029_-73.929035
40.700309_-73.995379
40.7003131_-73.9887135
40.7003177_-73.9313527
40.7003436_-73.9137545
40.700345_-73.9955637
40.700347_-73.950657
40.700347_-73.977438
40.700358_-73.912569
40.700368_-73.906619
40.7003737_-73.9909
40.7003801_-73.9804212
40.7003924_-73.9829226
40.7003964_-73.9895549
40.700405_-73.944617
40.7004065_-73.9907629
40.700409_-73.903675
40.7004232_-73.9625192
("40.6998319_-73.9850097","40.6998328_-73.9342512","40.699833_-73.936963","40.699836_-73.993672","40.6998393_-73.9887689","40.6998393_-73.9956019","40.699841_-73.908683","40.6998478_-73.9829459","40.699851_-73.9686621","40.6998546_-73.9838395","40.6998565_-73.9616556","40.699861_-73.928283","40.699863_-73.955896","40.6998682_-73.9844536","40.6998706_-73.976245","40.6998715_-73.991115","40.699874_-73.94042","40.699882_-73.908299","40.69988_-73.9868373","40.6998952_-73.9781692","40.6998_-73.9107672","40.6999041_-73.9855421","40.6999182_-73.9130001","40.6999241_-73.9860529","40.699926_-73.9849572","40.6999271_-73.9117817","40.699927_-73.905879","40.6999292_-73.9862192","40.6999353_-73.9863694","40.699935_-73.941431","40.6999434_-73.9888804","40.6999505_-73.986242","40.6999613_-73.9868695","40.6999719_-73.9862595","40.6999729_-73.9851879","40.6999897_-73.98913","40.6999918_-73.9877747","40.6999953_-73.9862769","40.700006_-73.948133","40.7000121_-73.9883487","40.7000312_-73.9854107","40.700034_-73.906978","40.7000384_-73.9360843","40.7000408_-73.9908679","40.7000511_-73.9917594","40.700056_-73.924582","40.700059_-73.932781","40.7000605_-73.9890264","40.7000647_-73.9540462","40.7000698_-73.9867469","40.700072_-73.994529","40.7000904_-73.9877734","40.7000975_-73.9869164","40.700105_-73.947248","40.7001081_-73.9536865","40.7001168_-73.9614839","40.700122_-73.906211","40.700123_-73.947128","40.700125_-73.916313","40.700129_-73.975843","40.700144_-73.977777","40.7001484_-73.9909889","40.7001541_-73.9897663","40.7001544_-73.9908238","40.7001664_-73.9857835","40.700167_-73.9538643","40.7001687_-73.9865087","40.700169_-73.909204","40.700192_-73.905605","40.7002046_-73.9472136","40.7002063_-73.9869513","40.7002152_-73.9860276","40.700215_-73.946316","40.7002179_-73.9103372","40.700217_-73.9685119","40.7002185_-73.9865382","40.700221_-73.962179","40.7002236_-73.9877667","40.7002277_-73.9863987","40.7002304_-73.9537755","40.700235_-73.95987","40.7002435_-73.9907967","40.700247_-73.92088","40.7002496_-73.9623041","40.700249_-73.937728","40.7002541_-73.9886183","40.7002572_-73.9886599","40.7002592_-73.9893485","40.7002626_-73.9895736","40.7002632_-73.96128","40.7002632_-73.9907875","40.700271_-73.90488","40.7002785_-73.9886934","40.700281_-73.941149","40.7002858_-73.9909262","40.700292_-73.952176","40.70029_-73.929035","40.700309_-73.995379","40.7003131_-73.9887135","40.7003177_-73.9313527","40.7003436_-73.9137545","40.700345_-73.9955637","40.700347_-73.950657","40.700347_-73.977438","40.700358_-73.912569","40.700368_-73.906619","40.7003737_-73.9909","40.7003801_-73.9804212","40.7003924_-73.9829226","40.7003964_-73.9895549","40.700405_-73.944617","40.7004065_-73.9907629","40.700409_-73.903675","40.7004232_-73.9625192")
done
146.27user 810.91system 1:14:16elapsed 21%CPU (0avgtext+0avgdata 52104maxresident)k
552624inputs+48outputs (1major+27294minor)pagefaults 0swaps
