40.7291379_-73.9872783
40.7291383_-73.9312965
40.7291508_-73.9752048
40.7291592_-73.9070697
40.7291604_-73.9501617
40.7291646_-73.9717836
40.729169_-73.957479
40.7291711_-74.0011907
40.72918_-73.995812
40.729192_-73.987239
40.729205_-73.9274747
40.7292206_-73.9909718
40.729244_-73.949911
40.729246_-73.937363
40.7292477_-73.9307327
40.7292552_-73.9719751
40.7292575_-73.9460412
40.729258_-73.987191
40.7292608_-73.9102617
40.7292933_-73.9294796
40.7293021_-73.9120103
40.7293077_-73.9719982
40.7293128_-73.930089
40.72931_-73.997886
40.729344_-74.003657
40.7293456_-73.9318487
40.729349_-73.945116
40.7293616_-73.9101619
40.7293624_-73.9305167
40.7293669_-74.0053704
40.7293697_-74.0051943
40.729373_-73.9839987
40.7293746_-74.0055401
40.729386_-74.0053134
40.729406_-73.994547
40.7294196_-73.9841116
40.7294238_-74.0061167
40.7294248_-73.9719038
40.7294265_-73.9282509
40.7294404_-73.9780305
40.729442_-73.944186
40.7294702_-74.0051654
40.7294884_-73.910745
40.7294968_-74.0069727
40.7294983_-73.9119827
40.729503_-73.953957
40.7295057_-73.9508728
40.729518_-73.949083
40.7295269_-74.0018792
40.7295311_-73.9965063
40.7295354_-73.9721183
40.7295391_-73.9749177
40.7295395_-74.0049873
40.729558_-73.989902
40.7295629_-73.9965691
40.7295669_-73.9779342
40.7295677_-74.0022528
40.729587_-73.922561
40.72958_-73.993262
40.7295952_-73.9112745
40.7295957_-73.9966378
40.7295973_-73.910662
40.7296021_-73.927796
40.7296153_-74.0020486
40.7296183_-73.9965218
40.7296219_-73.9602555
40.7296297_-74.0083997
40.7296852_-73.9902112
40.7296855_-73.9112317
40.729685_-73.998605
40.7296932_-74.0021986
40.7296937_-74.002076
40.729698_-73.9720668
40.7297049_-74.0092082
40.729705_-74.0020222
40.7297178_-73.9118862
40.729719_-73.903413
40.7297203_-74.0023326
40.729722_-73.959243
40.729725_-73.980858
40.7297303_-73.9868474
40.7297305_-73.9722557
40.729736_-74.00241
40.7297516_-73.9511706
40.7297654_-73.9502074
40.7297654_-73.9777928
40.7297748_-73.9908218
40.729776_-73.995308
40.729777_-73.9747418
40.729779_-73.986812
40.7297875_-73.9510331
40.729791_-73.948255
40.7297989_-73.9111598
40.7298109_-74.0103462
40.7298146_-73.9510485
40.7298231_-74.0104777
40.7298358_-73.9749023
40.7298407_-74.0106666
40.7298409_-73.9867672
40.729845_-74.002264
40.7298573_-73.9117607
40.7298634_-74.0039573
40.7298662_-73.9914389
40.7298681_-73.9777455
40.7298798_-74.0020941
40.729879_-73.91773
40.729879_-73.957594
40.7298845_-73.9896642
40.7298866_-73.9724016
40.729887_-74.001347
40.7298898_-73.9974027
40.7298905_-73.9972543
40.7298912_-73.9269153
40.7298984_-73.990721
40.7291379_-73.9872783
40.7291383_-73.9312965
40.7291508_-73.9752048
40.7291592_-73.9070697
40.7291604_-73.9501617
40.7291646_-73.9717836
40.729169_-73.957479
40.7291711_-74.0011907
40.72918_-73.995812
40.729192_-73.987239
40.729205_-73.9274747
40.7292206_-73.9909718
40.729244_-73.949911
40.729246_-73.937363
40.7292477_-73.9307327
40.7292552_-73.9719751
40.7292575_-73.9460412
40.729258_-73.987191
40.7292608_-73.9102617
40.7292933_-73.9294796
40.7293021_-73.9120103
40.7293077_-73.9719982
40.7293128_-73.930089
40.72931_-73.997886
40.729344_-74.003657
40.7293456_-73.9318487
40.729349_-73.945116
40.7293616_-73.9101619
40.7293624_-73.9305167
40.7293669_-74.0053704
40.7293697_-74.0051943
40.729373_-73.9839987
40.7293746_-74.0055401
40.729386_-74.0053134
40.729406_-73.994547
40.7294196_-73.9841116
40.7294238_-74.0061167
40.7294248_-73.9719038
40.7294265_-73.9282509
40.7294404_-73.9780305
40.729442_-73.944186
40.7294702_-74.0051654
40.7294884_-73.910745
40.7294968_-74.0069727
40.7294983_-73.9119827
40.729503_-73.953957
40.7295057_-73.9508728
40.729518_-73.949083
40.7295269_-74.0018792
40.7295311_-73.9965063
40.7295354_-73.9721183
40.7295391_-73.9749177
40.7295395_-74.0049873
40.729558_-73.989902
40.7295629_-73.9965691
40.7295669_-73.9779342
40.7295677_-74.0022528
40.729587_-73.922561
40.72958_-73.993262
40.7295952_-73.9112745
40.7295957_-73.9966378
40.7295973_-73.910662
40.7296021_-73.927796
40.7296153_-74.0020486
40.7296183_-73.9965218
40.7296219_-73.9602555
40.7296297_-74.0083997
40.7296852_-73.9902112
40.7296855_-73.9112317
40.729685_-73.998605
40.7296932_-74.0021986
40.7296937_-74.002076
40.729698_-73.9720668
40.7297049_-74.0092082
40.729705_-74.0020222
40.7297178_-73.9118862
40.729719_-73.903413
40.7297203_-74.0023326
40.729722_-73.959243
40.729725_-73.980858
40.7297303_-73.9868474
40.7297305_-73.9722557
40.729736_-74.00241
40.7297516_-73.9511706
40.7297654_-73.9502074
40.7297654_-73.9777928
40.7297748_-73.9908218
40.729776_-73.995308
40.729777_-73.9747418
40.729779_-73.986812
40.7297875_-73.9510331
40.729791_-73.948255
40.7297989_-73.9111598
40.7298109_-74.0103462
40.7298146_-73.9510485
40.7298231_-74.0104777
40.7298358_-73.9749023
40.7298407_-74.0106666
40.7298409_-73.9867672
40.729845_-74.002264
40.7298573_-73.9117607
40.7298634_-74.0039573
40.7298662_-73.9914389
40.7298681_-73.9777455
40.7298798_-74.0020941
40.729879_-73.91773
40.729879_-73.957594
40.7298845_-73.9896642
40.7298866_-73.9724016
40.729887_-74.001347
40.7298898_-73.9974027
40.7298905_-73.9972543
40.7298912_-73.9269153
40.7298984_-73.990721
("40.7291379_-73.9872783","40.7291383_-73.9312965","40.7291508_-73.9752048","40.7291592_-73.9070697","40.7291604_-73.9501617","40.7291646_-73.9717836","40.729169_-73.957479","40.7291711_-74.0011907","40.72918_-73.995812","40.729192_-73.987239","40.729205_-73.9274747","40.7292206_-73.9909718","40.729244_-73.949911","40.729246_-73.937363","40.7292477_-73.9307327","40.7292552_-73.9719751","40.7292575_-73.9460412","40.729258_-73.987191","40.7292608_-73.9102617","40.7292933_-73.9294796","40.7293021_-73.9120103","40.7293077_-73.9719982","40.7293128_-73.930089","40.72931_-73.997886","40.729344_-74.003657","40.7293456_-73.9318487","40.729349_-73.945116","40.7293616_-73.9101619","40.7293624_-73.9305167","40.7293669_-74.0053704","40.7293697_-74.0051943","40.729373_-73.9839987","40.7293746_-74.0055401","40.729386_-74.0053134","40.729406_-73.994547","40.7294196_-73.9841116","40.7294238_-74.0061167","40.7294248_-73.9719038","40.7294265_-73.9282509","40.7294404_-73.9780305","40.729442_-73.944186","40.7294702_-74.0051654","40.7294884_-73.910745","40.7294968_-74.0069727","40.7294983_-73.9119827","40.729503_-73.953957","40.7295057_-73.9508728","40.729518_-73.949083","40.7295269_-74.0018792","40.7295311_-73.9965063","40.7295354_-73.9721183","40.7295391_-73.9749177","40.7295395_-74.0049873","40.729558_-73.989902","40.7295629_-73.9965691","40.7295669_-73.9779342","40.7295677_-74.0022528","40.729587_-73.922561","40.72958_-73.993262","40.7295952_-73.9112745","40.7295957_-73.9966378","40.7295973_-73.910662","40.7296021_-73.927796","40.7296153_-74.0020486","40.7296183_-73.9965218","40.7296219_-73.9602555","40.7296297_-74.0083997","40.7296852_-73.9902112","40.7296855_-73.9112317","40.729685_-73.998605","40.7296932_-74.0021986","40.7296937_-74.002076","40.729698_-73.9720668","40.7297049_-74.0092082","40.729705_-74.0020222","40.7297178_-73.9118862","40.729719_-73.903413","40.7297203_-74.0023326","40.729722_-73.959243","40.729725_-73.980858","40.7297303_-73.9868474","40.7297305_-73.9722557","40.729736_-74.00241","40.7297516_-73.9511706","40.7297654_-73.9502074","40.7297654_-73.9777928","40.7297748_-73.9908218","40.729776_-73.995308","40.729777_-73.9747418","40.729779_-73.986812","40.7297875_-73.9510331","40.729791_-73.948255","40.7297989_-73.9111598","40.7298109_-74.0103462","40.7298146_-73.9510485","40.7298231_-74.0104777","40.7298358_-73.9749023","40.7298407_-74.0106666","40.7298409_-73.9867672","40.729845_-74.002264","40.7298573_-73.9117607","40.7298634_-74.0039573","40.7298662_-73.9914389","40.7298681_-73.9777455","40.7298798_-74.0020941","40.729879_-73.91773","40.729879_-73.957594","40.7298845_-73.9896642","40.7298866_-73.9724016","40.729887_-74.001347","40.7298898_-73.9974027","40.7298905_-73.9972543","40.7298912_-73.9269153","40.7298984_-73.990721")
done
142.62user 812.37system 1:13:40elapsed 21%CPU (0avgtext+0avgdata 72392maxresident)k
1630984inputs+68600outputs (60major+36688minor)pagefaults 0swaps
