40.706354_-73.931894
40.706355_-74.01414
40.706361_-73.905255
40.7063715_-73.9586622
40.706371_-73.933594
40.706375_-74.005691
40.706375_-74.00713
40.706379_-74.009502
40.7063846_-74.0162458
40.7064032_-74.0161015
40.706407_-74.004558
40.706425_-74.01401
40.7064305_-74.0151192
40.706441_-73.944802
40.706445_-73.926824
40.7064617_-74.0058002
40.7064624_-74.0178041
40.706464_-73.960767
40.706477_-74.0151455
40.706479_-73.963745
40.7064805_-73.9523248
40.7064959_-74.002518
40.7064989_-73.9169959
40.7064989_-74.0167436
40.706512_-74.013883
40.706514_-73.930893
40.7065198_-74.0022499
40.7065496_-73.9525179
40.706568_-73.957597
40.706576_-73.922863
40.7065816_-74.0177416
40.7065829_-73.9510876
40.7065855_-73.9356665
40.706597_-73.943086
40.706598_-73.908579
40.7066042_-73.9508803
40.706612_-74.013772
40.7066286_-74.0162324
40.7066428_-73.9250492
40.706653_-73.950406
40.706658_-74.015905
40.706673_-73.954424
40.7066862_-73.9683394
40.706692_-73.9529363
40.7067046_-73.9357059
40.7067054_-73.9251549
40.7067071_-74.0141699
40.7067089_-74.0023298
40.706708_-74.002329
40.706708_-74.01369
40.7067212_-73.9588017
40.706722_-73.907269
40.706724_-74.006781
40.7067347_-73.9249444
40.706744_-73.920315
40.706755_-73.914361
40.706758_-73.941399
40.706767_-74.012508
40.7067742_-73.9252089
40.70677_-73.9585656
40.70677_-73.9586944
40.706784_-73.911952
40.7067874_-73.9508032
40.706792_-73.933711
40.7067981_-74.0136292
40.7067983_-73.9578652
40.706799_-73.905996
40.7068025_-73.9557225
40.7068124_-73.9579654
40.7068184_-73.924849
40.7068323_-74.0175699
40.7068331_-73.9682687
40.7068465_-73.9534084
40.706852_-73.948196
40.7068534_-73.9683722
40.706853_-74.005003
40.7068695_-73.968436
40.706873_-73.973093
40.706879_-73.928643
40.706884_-73.957104
40.706892_-73.9541025
40.706918_-73.939715
40.7069236_-74.00155
40.7069357_-73.9547374
40.7069381_-73.9177469
40.706943_-74.013518
40.706953_-74.008996
40.7069627_-74.0016959
40.706982_-74.006456
40.7069912_-74.0179459
40.7069918_-73.9553896
40.706997_-73.961363
40.7070033_-73.9672797
40.707011_-73.946523
40.707015_-73.938705
40.7070196_-73.9557134
40.7070221_-73.9581258
40.7070284_-73.9708303
40.707029_-73.923591
40.707029_-73.969131
40.707035_-73.909322
40.707051_-73.932086
40.707056_-73.964393
40.7070579_-73.954036
40.707065_-73.961307
40.707067_-73.933791
40.7070877_-73.9644823
40.7071021_-73.9377921
40.7071059_-73.9567168
40.707111_-74.013961
40.707131_-73.903257
40.7071326_-74.0164797
40.7071381_-73.9570903
40.707146_-73.927015
40.706354_-73.931894
40.706355_-74.01414
40.706361_-73.905255
40.7063715_-73.9586622
40.706371_-73.933594
40.706375_-74.005691
40.706375_-74.00713
40.706379_-74.009502
40.7063846_-74.0162458
40.7064032_-74.0161015
40.706407_-74.004558
40.706425_-74.01401
40.7064305_-74.0151192
40.706441_-73.944802
40.706445_-73.926824
40.7064617_-74.0058002
40.7064624_-74.0178041
40.706464_-73.960767
40.706477_-74.0151455
40.706479_-73.963745
40.7064805_-73.9523248
40.7064959_-74.002518
40.7064989_-73.9169959
40.7064989_-74.0167436
40.706512_-74.013883
40.706514_-73.930893
40.7065198_-74.0022499
40.7065496_-73.9525179
40.706568_-73.957597
40.706576_-73.922863
40.7065816_-74.0177416
40.7065829_-73.9510876
40.7065855_-73.9356665
40.706597_-73.943086
40.706598_-73.908579
40.7066042_-73.9508803
40.706612_-74.013772
40.7066286_-74.0162324
40.7066428_-73.9250492
40.706653_-73.950406
40.706658_-74.015905
40.706673_-73.954424
40.7066862_-73.9683394
40.706692_-73.9529363
40.7067046_-73.9357059
40.7067054_-73.9251549
40.7067071_-74.0141699
40.7067089_-74.0023298
40.706708_-74.002329
40.706708_-74.01369
40.7067212_-73.9588017
40.706722_-73.907269
40.706724_-74.006781
40.7067347_-73.9249444
40.706744_-73.920315
40.706755_-73.914361
40.706758_-73.941399
40.706767_-74.012508
40.7067742_-73.9252089
40.70677_-73.9585656
40.70677_-73.9586944
40.706784_-73.911952
40.7067874_-73.9508032
40.706792_-73.933711
40.7067981_-74.0136292
40.7067983_-73.9578652
40.706799_-73.905996
40.7068025_-73.9557225
40.7068124_-73.9579654
40.7068184_-73.924849
40.7068323_-74.0175699
40.7068331_-73.9682687
40.7068465_-73.9534084
40.706852_-73.948196
40.7068534_-73.9683722
40.706853_-74.005003
40.7068695_-73.968436
40.706873_-73.973093
40.706879_-73.928643
40.706884_-73.957104
40.706892_-73.9541025
40.706918_-73.939715
40.7069236_-74.00155
40.7069357_-73.9547374
40.7069381_-73.9177469
40.706943_-74.013518
40.706953_-74.008996
40.7069627_-74.0016959
40.706982_-74.006456
40.7069912_-74.0179459
40.7069918_-73.9553896
40.706997_-73.961363
40.7070033_-73.9672797
40.707011_-73.946523
40.707015_-73.938705
40.7070196_-73.9557134
40.7070221_-73.9581258
40.7070284_-73.9708303
40.707029_-73.923591
40.707029_-73.969131
40.707035_-73.909322
40.707051_-73.932086
40.707056_-73.964393
40.7070579_-73.954036
40.707065_-73.961307
40.707067_-73.933791
40.7070877_-73.9644823
40.7071021_-73.9377921
40.7071059_-73.9567168
40.707111_-74.013961
40.707131_-73.903257
40.7071326_-74.0164797
40.7071381_-73.9570903
40.707146_-73.927015
("40.706354_-73.931894","40.706355_-74.01414","40.706361_-73.905255","40.7063715_-73.9586622","40.706371_-73.933594","40.706375_-74.005691","40.706375_-74.00713","40.706379_-74.009502","40.7063846_-74.0162458","40.7064032_-74.0161015","40.706407_-74.004558","40.706425_-74.01401","40.7064305_-74.0151192","40.706441_-73.944802","40.706445_-73.926824","40.7064617_-74.0058002","40.7064624_-74.0178041","40.706464_-73.960767","40.706477_-74.0151455","40.706479_-73.963745","40.7064805_-73.9523248","40.7064959_-74.002518","40.7064989_-73.9169959","40.7064989_-74.0167436","40.706512_-74.013883","40.706514_-73.930893","40.7065198_-74.0022499","40.7065496_-73.9525179","40.706568_-73.957597","40.706576_-73.922863","40.7065816_-74.0177416","40.7065829_-73.9510876","40.7065855_-73.9356665","40.706597_-73.943086","40.706598_-73.908579","40.7066042_-73.9508803","40.706612_-74.013772","40.7066286_-74.0162324","40.7066428_-73.9250492","40.706653_-73.950406","40.706658_-74.015905","40.706673_-73.954424","40.7066862_-73.9683394","40.706692_-73.9529363","40.7067046_-73.9357059","40.7067054_-73.9251549","40.7067071_-74.0141699","40.7067089_-74.0023298","40.706708_-74.002329","40.706708_-74.01369","40.7067212_-73.9588017","40.706722_-73.907269","40.706724_-74.006781","40.7067347_-73.9249444","40.706744_-73.920315","40.706755_-73.914361","40.706758_-73.941399","40.706767_-74.012508","40.7067742_-73.9252089","40.70677_-73.9585656","40.70677_-73.9586944","40.706784_-73.911952","40.7067874_-73.9508032","40.706792_-73.933711","40.7067981_-74.0136292","40.7067983_-73.9578652","40.706799_-73.905996","40.7068025_-73.9557225","40.7068124_-73.9579654","40.7068184_-73.924849","40.7068323_-74.0175699","40.7068331_-73.9682687","40.7068465_-73.9534084","40.706852_-73.948196","40.7068534_-73.9683722","40.706853_-74.005003","40.7068695_-73.968436","40.706873_-73.973093","40.706879_-73.928643","40.706884_-73.957104","40.706892_-73.9541025","40.706918_-73.939715","40.7069236_-74.00155","40.7069357_-73.9547374","40.7069381_-73.9177469","40.706943_-74.013518","40.706953_-74.008996","40.7069627_-74.0016959","40.706982_-74.006456","40.7069912_-74.0179459","40.7069918_-73.9553896","40.706997_-73.961363","40.7070033_-73.9672797","40.707011_-73.946523","40.707015_-73.938705","40.7070196_-73.9557134","40.7070221_-73.9581258","40.7070284_-73.9708303","40.707029_-73.923591","40.707029_-73.969131","40.707035_-73.909322","40.707051_-73.932086","40.707056_-73.964393","40.7070579_-73.954036","40.707065_-73.961307","40.707067_-73.933791","40.7070877_-73.9644823","40.7071021_-73.9377921","40.7071059_-73.9567168","40.707111_-74.013961","40.707131_-73.903257","40.7071326_-74.0164797","40.7071381_-73.9570903","40.707146_-73.927015")
done
144.75user 815.50system 1:15:26elapsed 21%CPU (0avgtext+0avgdata 56544maxresident)k
1063056inputs+7712outputs (6major+29247minor)pagefaults 0swaps
