40.7768304_-73.9866666
40.7768337_-73.9891608
40.7768399_-73.9116959
40.7768459_-73.9836694
40.776864_-73.94336
40.7768695_-73.9554065
40.776883_-73.92331
40.7768871_-73.9638304
40.776888_-73.9493698
40.7768948_-73.9594155
40.776899_-73.975461
40.7769107_-73.9574722
40.7769226_-73.9426625
40.7769231_-73.914155
40.7769344_-74.013885
40.776934_-73.919258
40.776941_-73.9425352
40.7769482_-73.963626
40.776951_-73.990474
40.7769538_-73.9839329
40.7769627_-73.9745049
40.7769639_-73.9050241
40.7769756_-73.9865591
40.7769855_-73.927559
40.7769971_-73.9596574
40.7770004_-73.9637494
40.7770011_-73.9616294
40.7770103_-73.9166078
40.7770126_-73.9865317
40.7770317_-73.9865175
40.7770343_-74.0110642
40.7770434_-74.0186906
40.7770512_-73.981998
40.7770522_-73.9127001
40.7770534_-73.9638573
40.777056_-73.935399
40.7770899_-73.9639315
40.7770946_-73.967038
40.7771047_-73.9113711
40.7771121_-73.9636646
40.7771404_-73.9880796
40.7771532_-73.9822159
40.7771568_-73.9208671
40.777157_-73.935739
40.777163_-73.9195813
40.7771659_-73.984451
40.7771708_-74.0138377
40.7771921_-73.9427389
40.7771924_-73.9522412
40.7771969_-74.0122057
40.777197_-73.90738
40.7772022_-73.9742777
40.7772129_-73.9635883
40.7772273_-73.9461727
40.7772315_-73.908538
40.7772389_-73.976292
40.7772503_-73.9641962
40.7772547_-73.984668
40.7772695_-73.9904053
40.7772862_-73.9642479
40.7772926_-73.9741385
40.7773114_-73.9825858
40.7773121_-73.9863091
40.7773141_-73.9669668
40.7773229_-74.0183813
40.7773244_-73.912389
40.7773485_-73.988519
40.777369_-73.9787199
40.7773802_-73.9426649
40.7773824_-73.9827799
40.7773876_-73.9740887
40.7774011_-74.0121834
40.7774027_-73.9788008
40.777417_-74.0194674
40.7774189_-73.9226582
40.7774245_-73.9148089
40.7774278_-73.9428098
40.77744_-73.918648
40.7774716_-73.9669179
40.777473_-73.9030974
40.7774824_-73.9888435
40.7774832_-73.9589862
40.7774936_-73.9269815
40.777493_-73.942913
40.777494_-73.9172945
40.7775056_-73.9549422
40.7775093_-73.9588923
40.777517_-74.017991
40.7775224_-74.0106807
40.7775334_-73.9589496
40.777533_-73.974997
40.7775421_-73.9645797
40.7775456_-73.9134032
40.7775459_-73.9570093
40.7775516_-73.948881
40.7775604_-73.9078918
40.777576_-73.934114
40.7775834_-73.9120669
40.7775838_-73.9612041
40.7775862_-73.9592286
40.7775898_-73.9610584
40.7775955_-73.9510159
40.777599_-74.01817
40.7776139_-73.9055885
40.7776355_-73.9611664
40.7776356_-73.9631319
40.7776358_-73.9591925
40.7776375_-73.9823336
40.777646_-73.920263
40.7776478_-73.9632526
40.7776511_-73.9647322
40.7776602_-73.9189591
40.777663_-73.9860483
40.7776647_-73.9428808
40.7768304_-73.9866666
40.7768337_-73.9891608
40.7768399_-73.9116959
40.7768459_-73.9836694
40.776864_-73.94336
40.7768695_-73.9554065
40.776883_-73.92331
40.7768871_-73.9638304
40.776888_-73.9493698
40.7768948_-73.9594155
40.776899_-73.975461
40.7769107_-73.9574722
40.7769226_-73.9426625
40.7769231_-73.914155
40.7769344_-74.013885
40.776934_-73.919258
40.776941_-73.9425352
40.7769482_-73.963626
40.776951_-73.990474
40.7769538_-73.9839329
40.7769627_-73.9745049
40.7769639_-73.9050241
40.7769756_-73.9865591
40.7769855_-73.927559
40.7769971_-73.9596574
40.7770004_-73.9637494
40.7770011_-73.9616294
40.7770103_-73.9166078
40.7770126_-73.9865317
40.7770317_-73.9865175
40.7770343_-74.0110642
40.7770434_-74.0186906
40.7770512_-73.981998
40.7770522_-73.9127001
40.7770534_-73.9638573
40.777056_-73.935399
40.7770899_-73.9639315
40.7770946_-73.967038
40.7771047_-73.9113711
40.7771121_-73.9636646
40.7771404_-73.9880796
40.7771532_-73.9822159
40.7771568_-73.9208671
40.777157_-73.935739
40.777163_-73.9195813
40.7771659_-73.984451
40.7771708_-74.0138377
40.7771921_-73.9427389
40.7771924_-73.9522412
40.7771969_-74.0122057
40.777197_-73.90738
40.7772022_-73.9742777
40.7772129_-73.9635883
40.7772273_-73.9461727
40.7772315_-73.908538
40.7772389_-73.976292
40.7772503_-73.9641962
40.7772547_-73.984668
40.7772695_-73.9904053
40.7772862_-73.9642479
40.7772926_-73.9741385
40.7773114_-73.9825858
40.7773121_-73.9863091
40.7773141_-73.9669668
40.7773229_-74.0183813
40.7773244_-73.912389
40.7773485_-73.988519
40.777369_-73.9787199
40.7773802_-73.9426649
40.7773824_-73.9827799
40.7773876_-73.9740887
40.7774011_-74.0121834
40.7774027_-73.9788008
40.777417_-74.0194674
40.7774189_-73.9226582
40.7774245_-73.9148089
40.7774278_-73.9428098
40.77744_-73.918648
40.7774716_-73.9669179
40.777473_-73.9030974
40.7774824_-73.9888435
40.7774832_-73.9589862
40.7774936_-73.9269815
40.777493_-73.942913
40.777494_-73.9172945
40.7775056_-73.9549422
40.7775093_-73.9588923
40.777517_-74.017991
40.7775224_-74.0106807
40.7775334_-73.9589496
40.777533_-73.974997
40.7775421_-73.9645797
40.7775456_-73.9134032
40.7775459_-73.9570093
40.7775516_-73.948881
40.7775604_-73.9078918
40.777576_-73.934114
40.7775834_-73.9120669
40.7775838_-73.9612041
40.7775862_-73.9592286
40.7775898_-73.9610584
40.7775955_-73.9510159
40.777599_-74.01817
40.7776139_-73.9055885
40.7776355_-73.9611664
40.7776356_-73.9631319
40.7776358_-73.9591925
40.7776375_-73.9823336
40.777646_-73.920263
40.7776478_-73.9632526
40.7776511_-73.9647322
40.7776602_-73.9189591
40.777663_-73.9860483
40.7776647_-73.9428808
("40.7768304_-73.9866666","40.7768337_-73.9891608","40.7768399_-73.9116959","40.7768459_-73.9836694","40.776864_-73.94336","40.7768695_-73.9554065","40.776883_-73.92331","40.7768871_-73.9638304","40.776888_-73.9493698","40.7768948_-73.9594155","40.776899_-73.975461","40.7769107_-73.9574722","40.7769226_-73.9426625","40.7769231_-73.914155","40.7769344_-74.013885","40.776934_-73.919258","40.776941_-73.9425352","40.7769482_-73.963626","40.776951_-73.990474","40.7769538_-73.9839329","40.7769627_-73.9745049","40.7769639_-73.9050241","40.7769756_-73.9865591","40.7769855_-73.927559","40.7769971_-73.9596574","40.7770004_-73.9637494","40.7770011_-73.9616294","40.7770103_-73.9166078","40.7770126_-73.9865317","40.7770317_-73.9865175","40.7770343_-74.0110642","40.7770434_-74.0186906","40.7770512_-73.981998","40.7770522_-73.9127001","40.7770534_-73.9638573","40.777056_-73.935399","40.7770899_-73.9639315","40.7770946_-73.967038","40.7771047_-73.9113711","40.7771121_-73.9636646","40.7771404_-73.9880796","40.7771532_-73.9822159","40.7771568_-73.9208671","40.777157_-73.935739","40.777163_-73.9195813","40.7771659_-73.984451","40.7771708_-74.0138377","40.7771921_-73.9427389","40.7771924_-73.9522412","40.7771969_-74.0122057","40.777197_-73.90738","40.7772022_-73.9742777","40.7772129_-73.9635883","40.7772273_-73.9461727","40.7772315_-73.908538","40.7772389_-73.976292","40.7772503_-73.9641962","40.7772547_-73.984668","40.7772695_-73.9904053","40.7772862_-73.9642479","40.7772926_-73.9741385","40.7773114_-73.9825858","40.7773121_-73.9863091","40.7773141_-73.9669668","40.7773229_-74.0183813","40.7773244_-73.912389","40.7773485_-73.988519","40.777369_-73.9787199","40.7773802_-73.9426649","40.7773824_-73.9827799","40.7773876_-73.9740887","40.7774011_-74.0121834","40.7774027_-73.9788008","40.777417_-74.0194674","40.7774189_-73.9226582","40.7774245_-73.9148089","40.7774278_-73.9428098","40.77744_-73.918648","40.7774716_-73.9669179","40.777473_-73.9030974","40.7774824_-73.9888435","40.7774832_-73.9589862","40.7774936_-73.9269815","40.777493_-73.942913","40.777494_-73.9172945","40.7775056_-73.9549422","40.7775093_-73.9588923","40.777517_-74.017991","40.7775224_-74.0106807","40.7775334_-73.9589496","40.777533_-73.974997","40.7775421_-73.9645797","40.7775456_-73.9134032","40.7775459_-73.9570093","40.7775516_-73.948881","40.7775604_-73.9078918","40.777576_-73.934114","40.7775834_-73.9120669","40.7775838_-73.9612041","40.7775862_-73.9592286","40.7775898_-73.9610584","40.7775955_-73.9510159","40.777599_-74.01817","40.7776139_-73.9055885","40.7776355_-73.9611664","40.7776356_-73.9631319","40.7776358_-73.9591925","40.7776375_-73.9823336","40.777646_-73.920263","40.7776478_-73.9632526","40.7776511_-73.9647322","40.7776602_-73.9189591","40.777663_-73.9860483","40.7776647_-73.9428808")
done
135.05user 809.29system 1:13:54elapsed 21%CPU (0avgtext+0avgdata 80436maxresident)k
945344inputs+103552outputs (48major+42246minor)pagefaults 0swaps
