40.850419_-73.970505
40.8504245_-73.915373
40.8504354_-73.9405772
40.8504422_-74.0130567
40.850448_-73.936661
40.8504539_-73.9445449
40.8504543_-73.9156279
40.8504578_-73.9185685
40.8504593_-73.906929
40.8504774_-73.9650691
40.8504965_-73.9291376
40.850506_-73.932861
40.850509_-73.931043
40.8505144_-73.9072649
40.8505188_-73.9428369
40.8505318_-73.9430601
40.8505379_-73.9155232
40.8505391_-73.9070652
40.8505524_-73.9226681
40.850572_-73.9053175
40.8505884_-73.9152253
40.8505897_-73.9196962
40.8505_-73.9049487
40.850604_-73.980436
40.8506118_-73.9073439
40.850611_-73.91382
40.8506198_-73.9156233
40.8506298_-73.9072404
40.850645_-73.937365
40.8506643_-73.9153721
40.850694_-73.927477
40.8506974_-73.9195711
40.8507091_-73.9074141
40.8507266_-73.9427854
40.8507331_-73.9430171
40.850774_-73.935426
40.850781_-73.912212
40.850783_-73.912187
40.85078_-73.91215
40.8507919_-73.9157872
40.8507923_-73.941692
40.8508256_-73.9065741
40.8508433_-73.9076281
40.8508617_-73.9416392
40.850865_-73.930019
40.8508952_-73.9149637
40.850909_-73.938284
40.8509538_-73.9429313
40.8509687_-73.9075814
40.8509798_-73.9426738
40.8509948_-74.0170734
40.8510049_-73.9159159
40.851014_-73.981159
40.851021_-73.934098
40.8510242_-73.9414406
40.851047_-73.914873
40.8510919_-73.9392711
40.851095_-73.932433
40.851108_-73.976659
40.851109_-73.930602
40.8511423_-73.9048633
40.8511747_-73.915967
40.8511764_-73.9286408
40.851179_-73.939236
40.851185_-73.970163
40.8512104_-73.9295813
40.85122_-73.9425022
40.8512381_-73.9403026
40.8512397_-73.9394456
40.8512534_-73.913289
40.8512946_-73.9396533
40.851314_-73.917275
40.8513177_-73.9304491
40.851319_-73.908411
40.8513207_-73.9412279
40.8513259_-73.9407521
40.8513259_-73.9413134
40.8513283_-73.9405852
40.8513317_-73.9399399
40.8513327_-73.9409286
40.851337_-73.9403999
40.8513418_-73.9402247
40.8513595_-73.915934
40.8513767_-73.9291156
40.8513771_-73.9411358
40.8513943_-73.9414956
40.851399_-73.969676
40.851401_-73.90605
40.851404_-73.9412201
40.851414_-74.018704
40.8514216_-73.940132
40.851432_-73.92708
40.851434_-73.935083
40.8514401_-73.9230477
40.851445_-73.911844
40.8514472_-73.942279
40.8514546_-73.9413121
40.851487_-73.929377
40.8514973_-73.9520942
40.8515069_-74.015151
40.8515076_-73.941672
40.8515264_-73.9414389
40.8515311_-73.9390988
40.851543_-73.918326
40.851548_-73.969944
40.8515506_-73.9159752
40.8515872_-73.9143704
40.8515953_-73.9183059
40.851615_-73.933667
40.851627_-73.9040432
40.8516334_-73.9256748
40.8516661_-73.9420186
40.8516697_-73.9643523
40.8516895_-73.9717293
40.850419_-73.970505
40.8504245_-73.915373
40.8504354_-73.9405772
40.8504422_-74.0130567
40.850448_-73.936661
40.8504539_-73.9445449
40.8504543_-73.9156279
40.8504578_-73.9185685
40.8504593_-73.906929
40.8504774_-73.9650691
40.8504965_-73.9291376
40.850506_-73.932861
40.850509_-73.931043
40.8505144_-73.9072649
40.8505188_-73.9428369
40.8505318_-73.9430601
40.8505379_-73.9155232
40.8505391_-73.9070652
40.8505524_-73.9226681
40.850572_-73.9053175
40.8505884_-73.9152253
40.8505897_-73.9196962
40.8505_-73.9049487
40.850604_-73.980436
40.8506118_-73.9073439
40.850611_-73.91382
40.8506198_-73.9156233
40.8506298_-73.9072404
40.850645_-73.937365
40.8506643_-73.9153721
40.850694_-73.927477
40.8506974_-73.9195711
40.8507091_-73.9074141
40.8507266_-73.9427854
40.8507331_-73.9430171
40.850774_-73.935426
40.850781_-73.912212
40.850783_-73.912187
40.85078_-73.91215
40.8507919_-73.9157872
40.8507923_-73.941692
40.8508256_-73.9065741
40.8508433_-73.9076281
40.8508617_-73.9416392
40.850865_-73.930019
40.8508952_-73.9149637
40.850909_-73.938284
40.8509538_-73.9429313
40.8509687_-73.9075814
40.8509798_-73.9426738
40.8509948_-74.0170734
40.8510049_-73.9159159
40.851014_-73.981159
40.851021_-73.934098
40.8510242_-73.9414406
40.851047_-73.914873
40.8510919_-73.9392711
40.851095_-73.932433
40.851108_-73.976659
40.851109_-73.930602
40.8511423_-73.9048633
40.8511747_-73.915967
40.8511764_-73.9286408
40.851179_-73.939236
40.851185_-73.970163
40.8512104_-73.9295813
40.85122_-73.9425022
40.8512381_-73.9403026
40.8512397_-73.9394456
40.8512534_-73.913289
40.8512946_-73.9396533
40.851314_-73.917275
40.8513177_-73.9304491
40.851319_-73.908411
40.8513207_-73.9412279
40.8513259_-73.9407521
40.8513259_-73.9413134
40.8513283_-73.9405852
40.8513317_-73.9399399
40.8513327_-73.9409286
40.851337_-73.9403999
40.8513418_-73.9402247
40.8513595_-73.915934
40.8513767_-73.9291156
40.8513771_-73.9411358
40.8513943_-73.9414956
40.851399_-73.969676
40.851401_-73.90605
40.851404_-73.9412201
40.851414_-74.018704
40.8514216_-73.940132
40.851432_-73.92708
40.851434_-73.935083
40.8514401_-73.9230477
40.851445_-73.911844
40.8514472_-73.942279
40.8514546_-73.9413121
40.851487_-73.929377
40.8514973_-73.9520942
40.8515069_-74.015151
40.8515076_-73.941672
40.8515264_-73.9414389
40.8515311_-73.9390988
40.851543_-73.918326
40.851548_-73.969944
40.8515506_-73.9159752
40.8515872_-73.9143704
40.8515953_-73.9183059
40.851615_-73.933667
40.851627_-73.9040432
40.8516334_-73.9256748
40.8516661_-73.9420186
40.8516697_-73.9643523
40.8516895_-73.9717293
("40.850419_-73.970505","40.8504245_-73.915373","40.8504354_-73.9405772","40.8504422_-74.0130567","40.850448_-73.936661","40.8504539_-73.9445449","40.8504543_-73.9156279","40.8504578_-73.9185685","40.8504593_-73.906929","40.8504774_-73.9650691","40.8504965_-73.9291376","40.850506_-73.932861","40.850509_-73.931043","40.8505144_-73.9072649","40.8505188_-73.9428369","40.8505318_-73.9430601","40.8505379_-73.9155232","40.8505391_-73.9070652","40.8505524_-73.9226681","40.850572_-73.9053175","40.8505884_-73.9152253","40.8505897_-73.9196962","40.8505_-73.9049487","40.850604_-73.980436","40.8506118_-73.9073439","40.850611_-73.91382","40.8506198_-73.9156233","40.8506298_-73.9072404","40.850645_-73.937365","40.8506643_-73.9153721","40.850694_-73.927477","40.8506974_-73.9195711","40.8507091_-73.9074141","40.8507266_-73.9427854","40.8507331_-73.9430171","40.850774_-73.935426","40.850781_-73.912212","40.850783_-73.912187","40.85078_-73.91215","40.8507919_-73.9157872","40.8507923_-73.941692","40.8508256_-73.9065741","40.8508433_-73.9076281","40.8508617_-73.9416392","40.850865_-73.930019","40.8508952_-73.9149637","40.850909_-73.938284","40.8509538_-73.9429313","40.8509687_-73.9075814","40.8509798_-73.9426738","40.8509948_-74.0170734","40.8510049_-73.9159159","40.851014_-73.981159","40.851021_-73.934098","40.8510242_-73.9414406","40.851047_-73.914873","40.8510919_-73.9392711","40.851095_-73.932433","40.851108_-73.976659","40.851109_-73.930602","40.8511423_-73.9048633","40.8511747_-73.915967","40.8511764_-73.9286408","40.851179_-73.939236","40.851185_-73.970163","40.8512104_-73.9295813","40.85122_-73.9425022","40.8512381_-73.9403026","40.8512397_-73.9394456","40.8512534_-73.913289","40.8512946_-73.9396533","40.851314_-73.917275","40.8513177_-73.9304491","40.851319_-73.908411","40.8513207_-73.9412279","40.8513259_-73.9407521","40.8513259_-73.9413134","40.8513283_-73.9405852","40.8513317_-73.9399399","40.8513327_-73.9409286","40.851337_-73.9403999","40.8513418_-73.9402247","40.8513595_-73.915934","40.8513767_-73.9291156","40.8513771_-73.9411358","40.8513943_-73.9414956","40.851399_-73.969676","40.851401_-73.90605","40.851404_-73.9412201","40.851414_-74.018704","40.8514216_-73.940132","40.851432_-73.92708","40.851434_-73.935083","40.8514401_-73.9230477","40.851445_-73.911844","40.8514472_-73.942279","40.8514546_-73.9413121","40.851487_-73.929377","40.8514973_-73.9520942","40.8515069_-74.015151","40.8515076_-73.941672","40.8515264_-73.9414389","40.8515311_-73.9390988","40.851543_-73.918326","40.851548_-73.969944","40.8515506_-73.9159752","40.8515872_-73.9143704","40.8515953_-73.9183059","40.851615_-73.933667","40.851627_-73.9040432","40.8516334_-73.9256748","40.8516661_-73.9420186","40.8516697_-73.9643523","40.8516895_-73.9717293")
done
126.24user 818.62system 1:14:10elapsed 21%CPU (0avgtext+0avgdata 51896maxresident)k
581448inputs+48outputs (4major+27232minor)pagefaults 0swaps
