40.8180977_-73.9617095
40.8181288_-73.9602464
40.8181525_-73.9935262
40.8181551_-73.9564305
40.818158_-73.906242
40.818168_-73.913645
40.8181813_-73.9564904
40.8181993_-73.9149678
40.81819_-73.949536
40.8182085_-73.9305082
40.818229_-73.91679
40.8182304_-73.9527076
40.8182375_-73.9566189
40.8182386_-73.9306683
40.8182822_-73.9998427
40.818295_-73.9262589
40.8183196_-73.9342236
40.8183207_-73.9263581
40.818327_-73.949398
40.81834_-73.906997
40.8183502_-73.9507717
40.8183755_-73.9613323
40.818379_-74.001235
40.8183846_-73.9340948
40.8183871_-73.9146061
40.81838_-73.94698
40.818395_-73.95088
40.8183_-73.9601213
40.818424_-73.945141
40.818434_-73.949265
40.8184403_-73.9413146
40.8184531_-73.9610313
40.8184569_-73.9306592
40.818463_-73.914878
40.818469_-73.979273
40.8184762_-73.907565
40.8184855_-73.96128
40.8184876_-73.9375772
40.818489_-73.989434
40.81848_-73.955294
40.8185035_-73.9414661
40.818507_-73.914472
40.8185146_-73.9507394
40.8185196_-73.9303785
40.818532_-73.94912
40.818535_-73.94735
40.818538_-73.907823
40.8185466_-73.9272342
40.8185487_-73.9377215
40.8185543_-73.9305424
40.8185852_-73.9273791
40.81862_-73.948964
40.8186639_-73.9341635
40.818676_-73.948849
40.8186841_-73.9505892
40.818689_-73.993051
40.818691_-73.91857
40.818695_-73.996238
40.818704_-73.961038
40.818737_-73.90347
40.8187387_-73.9127816
40.8187402_-73.9308127
40.818749_-73.948708
40.8187529_-73.9129855
40.818759_-73.90875
40.8187627_-73.9597831
40.818764_-73.91296
40.8187661_-73.9128795
40.8187686_-73.9129335
40.8187696_-73.9610912
40.8187778_-73.934348
40.8187821_-73.9559715
40.8187913_-73.9608509
40.818796_-73.922118
40.818798_-74.004733
40.8188053_-73.9560246
40.8188146_-73.9282789
40.818841_-73.948571
40.8188645_-73.9561599
40.818878_-73.916498
40.8188979_-73.9520766
40.8189073_-73.9522132
40.8189087_-73.903114
40.818926_-73.94847
40.818956_-73.914031
40.8189655_-73.9596679
40.818968_-73.903437
40.818995_-73.909739
40.819006_-73.946522
40.819025_-73.948374
40.8190277_-73.9342493
40.8190314_-73.9198463
40.819037_-73.989185
40.8190406_-73.9343952
40.819047_-73.944687
40.819054_-73.960469
40.8190585_-73.9408393
40.819059_-73.92922
40.819097_-73.91456
40.8191141_-73.9371126
40.8191195_-73.9303685
40.8191245_-73.9199259
40.8191286_-73.9410058
40.819137_-73.948288
40.819151_-73.990158
40.819167_-73.94827
40.8191777_-73.9372632
40.819209_-73.947036
40.8192248_-73.9106122
40.8192292_-73.9259636
40.8192342_-73.9999151
40.819239_-73.904546
40.8192437_-73.9302717
40.8192803_-73.9309588
40.8180977_-73.9617095
40.8181288_-73.9602464
40.8181525_-73.9935262
40.8181551_-73.9564305
40.818158_-73.906242
40.818168_-73.913645
40.8181813_-73.9564904
40.8181993_-73.9149678
40.81819_-73.949536
40.8182085_-73.9305082
40.818229_-73.91679
40.8182304_-73.9527076
40.8182375_-73.9566189
40.8182386_-73.9306683
40.8182822_-73.9998427
40.818295_-73.9262589
40.8183196_-73.9342236
40.8183207_-73.9263581
40.818327_-73.949398
40.81834_-73.906997
40.8183502_-73.9507717
40.8183755_-73.9613323
40.818379_-74.001235
40.8183846_-73.9340948
40.8183871_-73.9146061
40.81838_-73.94698
40.818395_-73.95088
40.8183_-73.9601213
40.818424_-73.945141
40.818434_-73.949265
40.8184403_-73.9413146
40.8184531_-73.9610313
40.8184569_-73.9306592
40.818463_-73.914878
40.818469_-73.979273
40.8184762_-73.907565
40.8184855_-73.96128
40.8184876_-73.9375772
40.818489_-73.989434
40.81848_-73.955294
40.8185035_-73.9414661
40.818507_-73.914472
40.8185146_-73.9507394
40.8185196_-73.9303785
40.818532_-73.94912
40.818535_-73.94735
40.818538_-73.907823
40.8185466_-73.9272342
40.8185487_-73.9377215
40.8185543_-73.9305424
40.8185852_-73.9273791
40.81862_-73.948964
40.8186639_-73.9341635
40.818676_-73.948849
40.8186841_-73.9505892
40.818689_-73.993051
40.818691_-73.91857
40.818695_-73.996238
40.818704_-73.961038
40.818737_-73.90347
40.8187387_-73.9127816
40.8187402_-73.9308127
40.818749_-73.948708
40.8187529_-73.9129855
40.818759_-73.90875
40.8187627_-73.9597831
40.818764_-73.91296
40.8187661_-73.9128795
40.8187686_-73.9129335
40.8187696_-73.9610912
40.8187778_-73.934348
40.8187821_-73.9559715
40.8187913_-73.9608509
40.818796_-73.922118
40.818798_-74.004733
40.8188053_-73.9560246
40.8188146_-73.9282789
40.818841_-73.948571
40.8188645_-73.9561599
40.818878_-73.916498
40.8188979_-73.9520766
40.8189073_-73.9522132
40.8189087_-73.903114
40.818926_-73.94847
40.818956_-73.914031
40.8189655_-73.9596679
40.818968_-73.903437
40.818995_-73.909739
40.819006_-73.946522
40.819025_-73.948374
40.8190277_-73.9342493
40.8190314_-73.9198463
40.819037_-73.989185
40.8190406_-73.9343952
40.819047_-73.944687
40.819054_-73.960469
40.8190585_-73.9408393
40.819059_-73.92922
40.819097_-73.91456
40.8191141_-73.9371126
40.8191195_-73.9303685
40.8191245_-73.9199259
40.8191286_-73.9410058
40.819137_-73.948288
40.819151_-73.990158
40.819167_-73.94827
40.8191777_-73.9372632
40.819209_-73.947036
40.8192248_-73.9106122
40.8192292_-73.9259636
40.8192342_-73.9999151
40.819239_-73.904546
40.8192437_-73.9302717
40.8192803_-73.9309588
("40.8180977_-73.9617095","40.8181288_-73.9602464","40.8181525_-73.9935262","40.8181551_-73.9564305","40.818158_-73.906242","40.818168_-73.913645","40.8181813_-73.9564904","40.8181993_-73.9149678","40.81819_-73.949536","40.8182085_-73.9305082","40.818229_-73.91679","40.8182304_-73.9527076","40.8182375_-73.9566189","40.8182386_-73.9306683","40.8182822_-73.9998427","40.818295_-73.9262589","40.8183196_-73.9342236","40.8183207_-73.9263581","40.818327_-73.949398","40.81834_-73.906997","40.8183502_-73.9507717","40.8183755_-73.9613323","40.818379_-74.001235","40.8183846_-73.9340948","40.8183871_-73.9146061","40.81838_-73.94698","40.818395_-73.95088","40.8183_-73.9601213","40.818424_-73.945141","40.818434_-73.949265","40.8184403_-73.9413146","40.8184531_-73.9610313","40.8184569_-73.9306592","40.818463_-73.914878","40.818469_-73.979273","40.8184762_-73.907565","40.8184855_-73.96128","40.8184876_-73.9375772","40.818489_-73.989434","40.81848_-73.955294","40.8185035_-73.9414661","40.818507_-73.914472","40.8185146_-73.9507394","40.8185196_-73.9303785","40.818532_-73.94912","40.818535_-73.94735","40.818538_-73.907823","40.8185466_-73.9272342","40.8185487_-73.9377215","40.8185543_-73.9305424","40.8185852_-73.9273791","40.81862_-73.948964","40.8186639_-73.9341635","40.818676_-73.948849","40.8186841_-73.9505892","40.818689_-73.993051","40.818691_-73.91857","40.818695_-73.996238","40.818704_-73.961038","40.818737_-73.90347","40.8187387_-73.9127816","40.8187402_-73.9308127","40.818749_-73.948708","40.8187529_-73.9129855","40.818759_-73.90875","40.8187627_-73.9597831","40.818764_-73.91296","40.8187661_-73.9128795","40.8187686_-73.9129335","40.8187696_-73.9610912","40.8187778_-73.934348","40.8187821_-73.9559715","40.8187913_-73.9608509","40.818796_-73.922118","40.818798_-74.004733","40.8188053_-73.9560246","40.8188146_-73.9282789","40.818841_-73.948571","40.8188645_-73.9561599","40.818878_-73.916498","40.8188979_-73.9520766","40.8189073_-73.9522132","40.8189087_-73.903114","40.818926_-73.94847","40.818956_-73.914031","40.8189655_-73.9596679","40.818968_-73.903437","40.818995_-73.909739","40.819006_-73.946522","40.819025_-73.948374","40.8190277_-73.9342493","40.8190314_-73.9198463","40.819037_-73.989185","40.8190406_-73.9343952","40.819047_-73.944687","40.819054_-73.960469","40.8190585_-73.9408393","40.819059_-73.92922","40.819097_-73.91456","40.8191141_-73.9371126","40.8191195_-73.9303685","40.8191245_-73.9199259","40.8191286_-73.9410058","40.819137_-73.948288","40.819151_-73.990158","40.819167_-73.94827","40.8191777_-73.9372632","40.819209_-73.947036","40.8192248_-73.9106122","40.8192292_-73.9259636","40.8192342_-73.9999151","40.819239_-73.904546","40.8192437_-73.9302717","40.8192803_-73.9309588")
done
126.77user 811.99system 1:14:23elapsed 21%CPU (0avgtext+0avgdata 52820maxresident)k
664048inputs+48outputs (1major+28487minor)pagefaults 0swaps
