40.7639711_-73.9474848
40.7639716_-73.9467923
40.7639742_-73.9149387
40.7639826_-73.9823527
40.7639982_-73.9548573
40.76399_-73.93287
40.76399_-73.958781
40.7640007_-73.9104957
40.7640036_-73.9960052
40.7640044_-73.9227413
40.7640125_-73.9471309
40.7640358_-73.9105704
40.764037_-73.9824772
40.7640426_-73.9226091
40.7640441_-73.9922513
40.7640471_-73.9731813
40.764051_-73.9491939
40.7640557_-73.910451
40.764057_-73.9647558
40.7640585_-73.9885288
40.7640593_-73.9471979
40.764077_-73.9884051
40.7640905_-73.9826034
40.7640949_-73.9470589
40.7641001_-73.9473721
40.7641054_-73.9668127
40.7641088_-73.9491162
40.7641124_-73.9884895
40.7641171_-73.9473496
40.7641179_-73.9687667
40.7641245_-73.9327413
40.76412_-73.947706
40.7641381_-73.9473116
40.7641421_-73.9471627
40.7641473_-73.9472735
40.7641512_-73.9471921
40.7641525_-73.9472319
40.7641596_-73.9847413
40.7641612_-73.9490409
40.7641663_-73.9808634
40.7641719_-73.9155782
40.7641719_-73.9810147
40.7641756_-73.9886395
40.7641887_-73.9474566
40.7641887_-73.9884339
40.7641946_-73.99839
40.764198_-73.9158423
40.7642108_-73.9529131
40.7642122_-73.9689903
40.7642198_-73.9709542
40.764219_-73.9809839
40.764235_-73.9037414
40.7642364_-73.9157165
40.7642389_-73.998495
40.7642493_-73.9276258
40.7642522_-73.9475868
40.7642579_-73.9370141
40.7642684_-73.9157851
40.7642776_-73.9811232
40.764279_-73.973015
40.7642805_-73.9113674
40.7642812_-73.9809386
40.764295_-73.9928492
40.7642983_-73.9556286
40.7643046_-73.9475435
40.7643072_-73.9158682
40.7643172_-73.9738207
40.764324_-73.977196
40.7643295_-73.9987139
40.7643384_-73.9112158
40.7643435_-73.973153
40.7643463_-73.915722
40.764348_-73.923457
40.7643653_-73.9616082
40.7643738_-73.9112914
40.7643952_-73.993088
40.7644112_-73.9113712
40.7644319_-73.9112442
40.7644389_-73.9795628
40.7644492_-73.9057138
40.7644882_-73.934805
40.7644906_-73.930364
40.7645184_-73.9735259
40.7645215_-73.9045506
40.7645594_-73.9728057
40.7645607_-73.9044393
40.7645668_-73.9524023
40.7645711_-73.9166464
40.76457_-73.973636
40.7645948_-73.9045053
40.7646105_-73.916518
40.7646126_-73.9583242
40.764616_-73.937796
40.7646309_-73.9955449
40.7646322_-73.9045842
40.764639_-73.932249
40.7646431_-73.9165878
40.7646625_-73.9044565
40.7646694_-73.9917953
40.7646719_-73.9121542
40.7646744_-73.9822381
40.7646823_-73.9642995
40.7646829_-73.9166715
40.7646862_-73.9820949
40.76468_-73.9880799
40.7646943_-73.9471977
40.7647083_-73.9879299
40.7647144_-73.9120179
40.7647232_-73.9165226
40.7647275_-73.9242584
40.7647323_-73.9663588
40.7647366_-73.9822148
40.764739_-73.9841332
40.7647425_-73.9683181
40.7639711_-73.9474848
40.7639716_-73.9467923
40.7639742_-73.9149387
40.7639826_-73.9823527
40.7639982_-73.9548573
40.76399_-73.93287
40.76399_-73.958781
40.7640007_-73.9104957
40.7640036_-73.9960052
40.7640044_-73.9227413
40.7640125_-73.9471309
40.7640358_-73.9105704
40.764037_-73.9824772
40.7640426_-73.9226091
40.7640441_-73.9922513
40.7640471_-73.9731813
40.764051_-73.9491939
40.7640557_-73.910451
40.764057_-73.9647558
40.7640585_-73.9885288
40.7640593_-73.9471979
40.764077_-73.9884051
40.7640905_-73.9826034
40.7640949_-73.9470589
40.7641001_-73.9473721
40.7641054_-73.9668127
40.7641088_-73.9491162
40.7641124_-73.9884895
40.7641171_-73.9473496
40.7641179_-73.9687667
40.7641245_-73.9327413
40.76412_-73.947706
40.7641381_-73.9473116
40.7641421_-73.9471627
40.7641473_-73.9472735
40.7641512_-73.9471921
40.7641525_-73.9472319
40.7641596_-73.9847413
40.7641612_-73.9490409
40.7641663_-73.9808634
40.7641719_-73.9155782
40.7641719_-73.9810147
40.7641756_-73.9886395
40.7641887_-73.9474566
40.7641887_-73.9884339
40.7641946_-73.99839
40.764198_-73.9158423
40.7642108_-73.9529131
40.7642122_-73.9689903
40.7642198_-73.9709542
40.764219_-73.9809839
40.764235_-73.9037414
40.7642364_-73.9157165
40.7642389_-73.998495
40.7642493_-73.9276258
40.7642522_-73.9475868
40.7642579_-73.9370141
40.7642684_-73.9157851
40.7642776_-73.9811232
40.764279_-73.973015
40.7642805_-73.9113674
40.7642812_-73.9809386
40.764295_-73.9928492
40.7642983_-73.9556286
40.7643046_-73.9475435
40.7643072_-73.9158682
40.7643172_-73.9738207
40.764324_-73.977196
40.7643295_-73.9987139
40.7643384_-73.9112158
40.7643435_-73.973153
40.7643463_-73.915722
40.764348_-73.923457
40.7643653_-73.9616082
40.7643738_-73.9112914
40.7643952_-73.993088
40.7644112_-73.9113712
40.7644319_-73.9112442
40.7644389_-73.9795628
40.7644492_-73.9057138
40.7644882_-73.934805
40.7644906_-73.930364
40.7645184_-73.9735259
40.7645215_-73.9045506
40.7645594_-73.9728057
40.7645607_-73.9044393
40.7645668_-73.9524023
40.7645711_-73.9166464
40.76457_-73.973636
40.7645948_-73.9045053
40.7646105_-73.916518
40.7646126_-73.9583242
40.764616_-73.937796
40.7646309_-73.9955449
40.7646322_-73.9045842
40.764639_-73.932249
40.7646431_-73.9165878
40.7646625_-73.9044565
40.7646694_-73.9917953
40.7646719_-73.9121542
40.7646744_-73.9822381
40.7646823_-73.9642995
40.7646829_-73.9166715
40.7646862_-73.9820949
40.76468_-73.9880799
40.7646943_-73.9471977
40.7647083_-73.9879299
40.7647144_-73.9120179
40.7647232_-73.9165226
40.7647275_-73.9242584
40.7647323_-73.9663588
40.7647366_-73.9822148
40.764739_-73.9841332
40.7647425_-73.9683181
("40.7639711_-73.9474848","40.7639716_-73.9467923","40.7639742_-73.9149387","40.7639826_-73.9823527","40.7639982_-73.9548573","40.76399_-73.93287","40.76399_-73.958781","40.7640007_-73.9104957","40.7640036_-73.9960052","40.7640044_-73.9227413","40.7640125_-73.9471309","40.7640358_-73.9105704","40.764037_-73.9824772","40.7640426_-73.9226091","40.7640441_-73.9922513","40.7640471_-73.9731813","40.764051_-73.9491939","40.7640557_-73.910451","40.764057_-73.9647558","40.7640585_-73.9885288","40.7640593_-73.9471979","40.764077_-73.9884051","40.7640905_-73.9826034","40.7640949_-73.9470589","40.7641001_-73.9473721","40.7641054_-73.9668127","40.7641088_-73.9491162","40.7641124_-73.9884895","40.7641171_-73.9473496","40.7641179_-73.9687667","40.7641245_-73.9327413","40.76412_-73.947706","40.7641381_-73.9473116","40.7641421_-73.9471627","40.7641473_-73.9472735","40.7641512_-73.9471921","40.7641525_-73.9472319","40.7641596_-73.9847413","40.7641612_-73.9490409","40.7641663_-73.9808634","40.7641719_-73.9155782","40.7641719_-73.9810147","40.7641756_-73.9886395","40.7641887_-73.9474566","40.7641887_-73.9884339","40.7641946_-73.99839","40.764198_-73.9158423","40.7642108_-73.9529131","40.7642122_-73.9689903","40.7642198_-73.9709542","40.764219_-73.9809839","40.764235_-73.9037414","40.7642364_-73.9157165","40.7642389_-73.998495","40.7642493_-73.9276258","40.7642522_-73.9475868","40.7642579_-73.9370141","40.7642684_-73.9157851","40.7642776_-73.9811232","40.764279_-73.973015","40.7642805_-73.9113674","40.7642812_-73.9809386","40.764295_-73.9928492","40.7642983_-73.9556286","40.7643046_-73.9475435","40.7643072_-73.9158682","40.7643172_-73.9738207","40.764324_-73.977196","40.7643295_-73.9987139","40.7643384_-73.9112158","40.7643435_-73.973153","40.7643463_-73.915722","40.764348_-73.923457","40.7643653_-73.9616082","40.7643738_-73.9112914","40.7643952_-73.993088","40.7644112_-73.9113712","40.7644319_-73.9112442","40.7644389_-73.9795628","40.7644492_-73.9057138","40.7644882_-73.934805","40.7644906_-73.930364","40.7645184_-73.9735259","40.7645215_-73.9045506","40.7645594_-73.9728057","40.7645607_-73.9044393","40.7645668_-73.9524023","40.7645711_-73.9166464","40.76457_-73.973636","40.7645948_-73.9045053","40.7646105_-73.916518","40.7646126_-73.9583242","40.764616_-73.937796","40.7646309_-73.9955449","40.7646322_-73.9045842","40.764639_-73.932249","40.7646431_-73.9165878","40.7646625_-73.9044565","40.7646694_-73.9917953","40.7646719_-73.9121542","40.7646744_-73.9822381","40.7646823_-73.9642995","40.7646829_-73.9166715","40.7646862_-73.9820949","40.76468_-73.9880799","40.7646943_-73.9471977","40.7647083_-73.9879299","40.7647144_-73.9120179","40.7647232_-73.9165226","40.7647275_-73.9242584","40.7647323_-73.9663588","40.7647366_-73.9822148","40.764739_-73.9841332","40.7647425_-73.9683181")
done
138.89user 802.67system 1:15:44elapsed 20%CPU (0avgtext+0avgdata 99720maxresident)k
528520inputs+176440outputs (78major+50320minor)pagefaults 0swaps
