40.7033554_-73.9602499
40.7033614_-73.9939434
40.7033663_-73.9887769
40.703372_-73.937648
40.7033753_-73.9189782
40.703377_-73.9795366
40.7034011_-74.0144422
40.703405_-73.917777
40.7034175_-73.9070647
40.703422_-73.945909
40.7034246_-73.9117817
40.7034272_-74.0117095
40.7034314_-73.9594303
40.703437_-73.960341
40.7034579_-73.9319307
40.703473_-73.930594
40.7034783_-73.9069381
40.7035004_-73.95962
40.7035058_-74.0165732
40.7035071_-73.9886677
40.7035187_-74.0115825
40.7035253_-74.0164359
40.7035368_-73.9888284
40.703538_-73.903381
40.7035412_-73.979988
40.703549_-73.9067261
40.7035554_-73.9223187
40.703556_-73.950225
40.7035679_-74.0069211
40.7035707_-74.0116901
40.7035762_-73.9810717
40.703577_-73.932815
40.7035888_-74.0132215
40.703588_-73.944332
40.703588_-74.013114
40.703589_-73.9065503
40.7036108_-74.0144047
40.703619_-73.937894
40.7036268_-73.9826366
40.703639_-73.957616
40.703658_-73.960591
40.703664_-73.947052
40.703667_-73.926891
40.7036698_-73.9882
40.7036765_-73.9841781
40.703677_-73.915126
40.7036781_-73.9665621
40.703688_-73.909173
40.7036911_-73.984628
40.7036955_-73.9888952
40.7036967_-73.9650445
40.703697_-74.008541
40.7037097_-74.0106367
40.703714_-73.906761
40.7037182_-73.9826325
40.7037247_-73.966498
40.703747_-73.954442
40.7037542_-73.9865807
40.7037574_-74.0086114
40.70375_-74.007047
40.7037646_-73.9197676
40.703764_-73.942614
40.703773_-73.931155
40.7037855_-73.9875501
40.703797_-73.9601096
40.703811_-73.9883413
40.703813_-74.008325
40.7038196_-73.9884985
40.7038268_-74.0104785
40.7038271_-73.9887265
40.7038336_-73.9889819
40.7038481_-73.9895033
40.7038499_-73.9896258
40.703853_-73.95127
40.703858_-73.918504
40.7038624_-73.9602436
40.7038827_-73.9481479
40.7038846_-74.0084084
40.7038882_-73.9125434
40.7038903_-73.9906309
40.7038922_-73.9667081
40.7039127_-74.0063718
40.703914_-73.940893
40.7039219_-73.9407732
40.703928_-73.967357
40.7039354_-73.9347908
40.7039467_-73.99339
40.703955_-73.938488
40.703974_-73.904124
40.7039843_-74.0064834
40.7039858_-73.9230722
40.7039878_-73.9300935
40.703994_-73.932935
40.7039981_-73.9385478
40.7040261_-74.011576
40.704026_-73.93007
40.7040291_-73.9599604
40.7040452_-73.9390748
40.7040578_-73.9709943
40.7040587_-74.013192
40.704072_-73.9300578
40.7040856_-74.0089562
40.704086_-73.9477939
40.7040889_-73.9773054
40.704088_-73.967348
40.704092_-73.927644
40.704114_-73.915868
40.704126_-73.909915
40.704131_-73.930237
40.704156_-73.907507
40.7041673_-73.9670546
40.7041763_-73.9672809
40.7041901_-73.9387408
40.7041986_-74.0090856
40.7033554_-73.9602499
40.7033614_-73.9939434
40.7033663_-73.9887769
40.703372_-73.937648
40.7033753_-73.9189782
40.703377_-73.9795366
40.7034011_-74.0144422
40.703405_-73.917777
40.7034175_-73.9070647
40.703422_-73.945909
40.7034246_-73.9117817
40.7034272_-74.0117095
40.7034314_-73.9594303
40.703437_-73.960341
40.7034579_-73.9319307
40.703473_-73.930594
40.7034783_-73.9069381
40.7035004_-73.95962
40.7035058_-74.0165732
40.7035071_-73.9886677
40.7035187_-74.0115825
40.7035253_-74.0164359
40.7035368_-73.9888284
40.703538_-73.903381
40.7035412_-73.979988
40.703549_-73.9067261
40.7035554_-73.9223187
40.703556_-73.950225
40.7035679_-74.0069211
40.7035707_-74.0116901
40.7035762_-73.9810717
40.703577_-73.932815
40.7035888_-74.0132215
40.703588_-73.944332
40.703588_-74.013114
40.703589_-73.9065503
40.7036108_-74.0144047
40.703619_-73.937894
40.7036268_-73.9826366
40.703639_-73.957616
40.703658_-73.960591
40.703664_-73.947052
40.703667_-73.926891
40.7036698_-73.9882
40.7036765_-73.9841781
40.703677_-73.915126
40.7036781_-73.9665621
40.703688_-73.909173
40.7036911_-73.984628
40.7036955_-73.9888952
40.7036967_-73.9650445
40.703697_-74.008541
40.7037097_-74.0106367
40.703714_-73.906761
40.7037182_-73.9826325
40.7037247_-73.966498
40.703747_-73.954442
40.7037542_-73.9865807
40.7037574_-74.0086114
40.70375_-74.007047
40.7037646_-73.9197676
40.703764_-73.942614
40.703773_-73.931155
40.7037855_-73.9875501
40.703797_-73.9601096
40.703811_-73.9883413
40.703813_-74.008325
40.7038196_-73.9884985
40.7038268_-74.0104785
40.7038271_-73.9887265
40.7038336_-73.9889819
40.7038481_-73.9895033
40.7038499_-73.9896258
40.703853_-73.95127
40.703858_-73.918504
40.7038624_-73.9602436
40.7038827_-73.9481479
40.7038846_-74.0084084
40.7038882_-73.9125434
40.7038903_-73.9906309
40.7038922_-73.9667081
40.7039127_-74.0063718
40.703914_-73.940893
40.7039219_-73.9407732
40.703928_-73.967357
40.7039354_-73.9347908
40.7039467_-73.99339
40.703955_-73.938488
40.703974_-73.904124
40.7039843_-74.0064834
40.7039858_-73.9230722
40.7039878_-73.9300935
40.703994_-73.932935
40.7039981_-73.9385478
40.7040261_-74.011576
40.704026_-73.93007
40.7040291_-73.9599604
40.7040452_-73.9390748
40.7040578_-73.9709943
40.7040587_-74.013192
40.704072_-73.9300578
40.7040856_-74.0089562
40.704086_-73.9477939
40.7040889_-73.9773054
40.704088_-73.967348
40.704092_-73.927644
40.704114_-73.915868
40.704126_-73.909915
40.704131_-73.930237
40.704156_-73.907507
40.7041673_-73.9670546
40.7041763_-73.9672809
40.7041901_-73.9387408
40.7041986_-74.0090856
("40.7033554_-73.9602499","40.7033614_-73.9939434","40.7033663_-73.9887769","40.703372_-73.937648","40.7033753_-73.9189782","40.703377_-73.9795366","40.7034011_-74.0144422","40.703405_-73.917777","40.7034175_-73.9070647","40.703422_-73.945909","40.7034246_-73.9117817","40.7034272_-74.0117095","40.7034314_-73.9594303","40.703437_-73.960341","40.7034579_-73.9319307","40.703473_-73.930594","40.7034783_-73.9069381","40.7035004_-73.95962","40.7035058_-74.0165732","40.7035071_-73.9886677","40.7035187_-74.0115825","40.7035253_-74.0164359","40.7035368_-73.9888284","40.703538_-73.903381","40.7035412_-73.979988","40.703549_-73.9067261","40.7035554_-73.9223187","40.703556_-73.950225","40.7035679_-74.0069211","40.7035707_-74.0116901","40.7035762_-73.9810717","40.703577_-73.932815","40.7035888_-74.0132215","40.703588_-73.944332","40.703588_-74.013114","40.703589_-73.9065503","40.7036108_-74.0144047","40.703619_-73.937894","40.7036268_-73.9826366","40.703639_-73.957616","40.703658_-73.960591","40.703664_-73.947052","40.703667_-73.926891","40.7036698_-73.9882","40.7036765_-73.9841781","40.703677_-73.915126","40.7036781_-73.9665621","40.703688_-73.909173","40.7036911_-73.984628","40.7036955_-73.9888952","40.7036967_-73.9650445","40.703697_-74.008541","40.7037097_-74.0106367","40.703714_-73.906761","40.7037182_-73.9826325","40.7037247_-73.966498","40.703747_-73.954442","40.7037542_-73.9865807","40.7037574_-74.0086114","40.70375_-74.007047","40.7037646_-73.9197676","40.703764_-73.942614","40.703773_-73.931155","40.7037855_-73.9875501","40.703797_-73.9601096","40.703811_-73.9883413","40.703813_-74.008325","40.7038196_-73.9884985","40.7038268_-74.0104785","40.7038271_-73.9887265","40.7038336_-73.9889819","40.7038481_-73.9895033","40.7038499_-73.9896258","40.703853_-73.95127","40.703858_-73.918504","40.7038624_-73.9602436","40.7038827_-73.9481479","40.7038846_-74.0084084","40.7038882_-73.9125434","40.7038903_-73.9906309","40.7038922_-73.9667081","40.7039127_-74.0063718","40.703914_-73.940893","40.7039219_-73.9407732","40.703928_-73.967357","40.7039354_-73.9347908","40.7039467_-73.99339","40.703955_-73.938488","40.703974_-73.904124","40.7039843_-74.0064834","40.7039858_-73.9230722","40.7039878_-73.9300935","40.703994_-73.932935","40.7039981_-73.9385478","40.7040261_-74.011576","40.704026_-73.93007","40.7040291_-73.9599604","40.7040452_-73.9390748","40.7040578_-73.9709943","40.7040587_-74.013192","40.704072_-73.9300578","40.7040856_-74.0089562","40.704086_-73.9477939","40.7040889_-73.9773054","40.704088_-73.967348","40.704092_-73.927644","40.704114_-73.915868","40.704126_-73.909915","40.704131_-73.930237","40.704156_-73.907507","40.7041673_-73.9670546","40.7041763_-73.9672809","40.7041901_-73.9387408","40.7041986_-74.0090856")
done
142.01user 811.10system 1:15:34elapsed 21%CPU (0avgtext+0avgdata 55164maxresident)k
379936inputs+2592outputs (5major+29382minor)pagefaults 0swaps
