40.7837822_-73.9839163
40.7837862_-73.9433484
40.7837979_-73.9174843
40.7838162_-73.9799051
40.783828_-73.9778254
40.7838457_-73.9655546
40.783854_-74.009742
40.7838713_-73.942868
40.7838727_-73.9740099
40.7838778_-73.9440185
40.783893_-73.9800838
40.783896_-73.9740655
40.78389_-73.9502824
40.7839093_-73.9657772
40.7839133_-73.935209
40.783916_-73.9431831
40.7839246_-73.9429975
40.7839274_-73.9542844
40.7839312_-74.003218
40.7839488_-73.944217
40.7839684_-73.912577
40.783972_-74.013012
40.7839788_-73.9703286
40.7839909_-73.9426743
40.7839962_-73.9851697
40.7839995_-73.9691537
40.7840048_-73.9443739
40.7840084_-73.9307147
40.784028_-73.9430207
40.7840339_-73.9545364
40.7840379_-73.9150237
40.7840405_-73.9353183
40.7840414_-73.9564889
40.7840539_-73.9662711
40.7840603_-73.9427742
40.7840609_-73.9170997
40.7840616_-73.9691794
40.7840744_-73.9124506
40.7840919_-73.9663952
40.7840945_-73.9424805
40.7840947_-73.9585501
40.7841011_-73.9674958
40.7841238_-73.9692052
40.7841334_-73.9665171
40.7841361_-74.017068
40.7841551_-73.9428331
40.7841616_-73.9589783
40.7841628_-73.9125781
40.7841722_-73.9666232
40.7841857_-73.9425387
40.7841957_-73.9588032
40.7842114_-73.9297961
40.7842387_-73.9426775
40.7842389_-73.9470669
40.7842394_-73.9692676
40.7842402_-73.966783
40.7842421_-73.9589195
40.7842456_-73.9300525
40.7842499_-74.0045499
40.7842612_-73.9295788
40.7842797_-74.0028549
40.7842819_-73.9167932
40.7842854_-73.9493449
40.7842992_-73.9420913
40.7843026_-73.966916
40.7843098_-73.915926
40.7843123_-73.9159855
40.7843123_-73.9422956
40.7843156_-73.969325
40.784319_-73.9160197
40.7843207_-73.9158814
40.784328_-73.967321
40.7843319_-73.9354878
40.7843409_-73.9160721
40.7843497_-73.9811702
40.7843571_-73.9158289
40.784357_-73.9833075
40.7843659_-74.00208
40.7843709_-73.9693836
40.7843735_-73.9133815
40.7843788_-73.9439014
40.7843841_-73.9275846
40.784385_-74.010351
40.7843953_-73.9166387
40.7844135_-73.9671226
40.7844379_-73.9299083
40.7844432_-73.9418004
40.7844541_-73.9165853
40.7844628_-73.9773621
40.784473_-73.9422232
40.7844761_-73.9695336
40.7844943_-73.9794053
40.7844958_-73.9498403
40.7845008_-73.9271729
40.7845012_-73.9132267
40.7845018_-74.0041422
40.7845096_-73.973539
40.7845351_-73.9735994
40.7845358_-73.9846115
40.7845472_-73.9696742
40.7845577_-73.9268644
40.7845639_-73.95382
40.7845645_-73.9518834
40.7845668_-73.9131472
40.7845691_-73.9795827
40.7845703_-73.9673749
40.7845766_-73.9419969
40.784576_-74.01252
40.7845886_-73.9164212
40.7845953_-73.9417395
40.784596_-73.9414885
40.7846002_-73.9671634
40.7846074_-73.9420197
40.7846108_-73.9698592
40.7837822_-73.9839163
40.7837862_-73.9433484
40.7837979_-73.9174843
40.7838162_-73.9799051
40.783828_-73.9778254
40.7838457_-73.9655546
40.783854_-74.009742
40.7838713_-73.942868
40.7838727_-73.9740099
40.7838778_-73.9440185
40.783893_-73.9800838
40.783896_-73.9740655
40.78389_-73.9502824
40.7839093_-73.9657772
40.7839133_-73.935209
40.783916_-73.9431831
40.7839246_-73.9429975
40.7839274_-73.9542844
40.7839312_-74.003218
40.7839488_-73.944217
40.7839684_-73.912577
40.783972_-74.013012
40.7839788_-73.9703286
40.7839909_-73.9426743
40.7839962_-73.9851697
40.7839995_-73.9691537
40.7840048_-73.9443739
40.7840084_-73.9307147
40.784028_-73.9430207
40.7840339_-73.9545364
40.7840379_-73.9150237
40.7840405_-73.9353183
40.7840414_-73.9564889
40.7840539_-73.9662711
40.7840603_-73.9427742
40.7840609_-73.9170997
40.7840616_-73.9691794
40.7840744_-73.9124506
40.7840919_-73.9663952
40.7840945_-73.9424805
40.7840947_-73.9585501
40.7841011_-73.9674958
40.7841238_-73.9692052
40.7841334_-73.9665171
40.7841361_-74.017068
40.7841551_-73.9428331
40.7841616_-73.9589783
40.7841628_-73.9125781
40.7841722_-73.9666232
40.7841857_-73.9425387
40.7841957_-73.9588032
40.7842114_-73.9297961
40.7842387_-73.9426775
40.7842389_-73.9470669
40.7842394_-73.9692676
40.7842402_-73.966783
40.7842421_-73.9589195
40.7842456_-73.9300525
40.7842499_-74.0045499
40.7842612_-73.9295788
40.7842797_-74.0028549
40.7842819_-73.9167932
40.7842854_-73.9493449
40.7842992_-73.9420913
40.7843026_-73.966916
40.7843098_-73.915926
40.7843123_-73.9159855
40.7843123_-73.9422956
40.7843156_-73.969325
40.784319_-73.9160197
40.7843207_-73.9158814
40.784328_-73.967321
40.7843319_-73.9354878
40.7843409_-73.9160721
40.7843497_-73.9811702
40.7843571_-73.9158289
40.784357_-73.9833075
40.7843659_-74.00208
40.7843709_-73.9693836
40.7843735_-73.9133815
40.7843788_-73.9439014
40.7843841_-73.9275846
40.784385_-74.010351
40.7843953_-73.9166387
40.7844135_-73.9671226
40.7844379_-73.9299083
40.7844432_-73.9418004
40.7844541_-73.9165853
40.7844628_-73.9773621
40.784473_-73.9422232
40.7844761_-73.9695336
40.7844943_-73.9794053
40.7844958_-73.9498403
40.7845008_-73.9271729
40.7845012_-73.9132267
40.7845018_-74.0041422
40.7845096_-73.973539
40.7845351_-73.9735994
40.7845358_-73.9846115
40.7845472_-73.9696742
40.7845577_-73.9268644
40.7845639_-73.95382
40.7845645_-73.9518834
40.7845668_-73.9131472
40.7845691_-73.9795827
40.7845703_-73.9673749
40.7845766_-73.9419969
40.784576_-74.01252
40.7845886_-73.9164212
40.7845953_-73.9417395
40.784596_-73.9414885
40.7846002_-73.9671634
40.7846074_-73.9420197
40.7846108_-73.9698592
("40.7837822_-73.9839163","40.7837862_-73.9433484","40.7837979_-73.9174843","40.7838162_-73.9799051","40.783828_-73.9778254","40.7838457_-73.9655546","40.783854_-74.009742","40.7838713_-73.942868","40.7838727_-73.9740099","40.7838778_-73.9440185","40.783893_-73.9800838","40.783896_-73.9740655","40.78389_-73.9502824","40.7839093_-73.9657772","40.7839133_-73.935209","40.783916_-73.9431831","40.7839246_-73.9429975","40.7839274_-73.9542844","40.7839312_-74.003218","40.7839488_-73.944217","40.7839684_-73.912577","40.783972_-74.013012","40.7839788_-73.9703286","40.7839909_-73.9426743","40.7839962_-73.9851697","40.7839995_-73.9691537","40.7840048_-73.9443739","40.7840084_-73.9307147","40.784028_-73.9430207","40.7840339_-73.9545364","40.7840379_-73.9150237","40.7840405_-73.9353183","40.7840414_-73.9564889","40.7840539_-73.9662711","40.7840603_-73.9427742","40.7840609_-73.9170997","40.7840616_-73.9691794","40.7840744_-73.9124506","40.7840919_-73.9663952","40.7840945_-73.9424805","40.7840947_-73.9585501","40.7841011_-73.9674958","40.7841238_-73.9692052","40.7841334_-73.9665171","40.7841361_-74.017068","40.7841551_-73.9428331","40.7841616_-73.9589783","40.7841628_-73.9125781","40.7841722_-73.9666232","40.7841857_-73.9425387","40.7841957_-73.9588032","40.7842114_-73.9297961","40.7842387_-73.9426775","40.7842389_-73.9470669","40.7842394_-73.9692676","40.7842402_-73.966783","40.7842421_-73.9589195","40.7842456_-73.9300525","40.7842499_-74.0045499","40.7842612_-73.9295788","40.7842797_-74.0028549","40.7842819_-73.9167932","40.7842854_-73.9493449","40.7842992_-73.9420913","40.7843026_-73.966916","40.7843098_-73.915926","40.7843123_-73.9159855","40.7843123_-73.9422956","40.7843156_-73.969325","40.784319_-73.9160197","40.7843207_-73.9158814","40.784328_-73.967321","40.7843319_-73.9354878","40.7843409_-73.9160721","40.7843497_-73.9811702","40.7843571_-73.9158289","40.784357_-73.9833075","40.7843659_-74.00208","40.7843709_-73.9693836","40.7843735_-73.9133815","40.7843788_-73.9439014","40.7843841_-73.9275846","40.784385_-74.010351","40.7843953_-73.9166387","40.7844135_-73.9671226","40.7844379_-73.9299083","40.7844432_-73.9418004","40.7844541_-73.9165853","40.7844628_-73.9773621","40.784473_-73.9422232","40.7844761_-73.9695336","40.7844943_-73.9794053","40.7844958_-73.9498403","40.7845008_-73.9271729","40.7845012_-73.9132267","40.7845018_-74.0041422","40.7845096_-73.973539","40.7845351_-73.9735994","40.7845358_-73.9846115","40.7845472_-73.9696742","40.7845577_-73.9268644","40.7845639_-73.95382","40.7845645_-73.9518834","40.7845668_-73.9131472","40.7845691_-73.9795827","40.7845703_-73.9673749","40.7845766_-73.9419969","40.784576_-74.01252","40.7845886_-73.9164212","40.7845953_-73.9417395","40.784596_-73.9414885","40.7846002_-73.9671634","40.7846074_-73.9420197","40.7846108_-73.9698592")
done
130.59user 804.35system 1:15:39elapsed 20%CPU (0avgtext+0avgdata 69900maxresident)k
2502600inputs+61712outputs (31major+35812minor)pagefaults 0swaps
