40.7253396_-74.0069935
40.7253554_-74.0101749
40.7253801_-74.0102092
40.7253827_-73.9296767
40.725382_-74.000101
40.7253846_-74.0100196
40.7254016_-73.9928428
40.7254268_-74.0070481
40.7254289_-73.9964137
40.725432_-73.945773
40.725436_-73.951736
40.7254485_-73.9487123
40.7254618_-73.9971002
40.7254655_-73.9930404
40.725473_-73.983958
40.725476_-73.93491
40.7254841_-73.974723
40.7254942_-74.0071095
40.725502_-73.9967162
40.7255037_-74.0112171
40.725503_-74.003901
40.7255091_-73.9724273
40.725513_-74.004031
40.7255151_-73.9485988
40.7255187_-73.9454224
40.725524_-73.957493
40.7255488_-73.933219
40.725559_-74.004552
40.7255609_-74.0071896
40.725562_-73.931473
40.7255646_-73.9823587
40.7255673_-73.9322777
40.7255677_-73.9725389
40.7255822_-73.9919026
40.725582_-73.98987
40.725585_-73.9969929
40.7256102_-73.9195873
40.725616_-73.944498
40.7256194_-73.9919974
40.7256366_-73.9486681
40.7256397_-74.0006264
40.7256503_-73.9937554
40.7256691_-73.9938313
40.725674_-74.005781
40.7256763_-73.9921419
40.725685_-73.980768
40.7256918_-73.9175366
40.7256955_-74.0074075
40.7257013_-73.9922144
40.725701_-73.95693
40.7257039_-73.9845051
40.725708_-73.943569
40.725721_-73.950875
40.7257263_-73.931891
40.725733_-74.011165
40.7257506_-73.9321584
40.725761_-73.9976633
40.7257639_-74.0107429
40.725763_-73.904206
40.7257647_-74.007577
40.725773_-74.000898
40.7257755_-74.0110978
40.7257923_-73.9046673
40.725793_-73.942636
40.7257949_-74.0076145
40.7257953_-73.9722642
40.725795_-73.9943039
40.725796_-73.986623
40.7257987_-74.0110602
40.7258135_-74.0108194
40.725826_-73.933344
40.7258357_-74.010947
40.7258394_-74.0108857
40.7258395_-73.9867261
40.7258403_-73.994468
40.72584_-74.007557
40.7258521_-73.9947115
40.7258597_-74.0078715
40.7258632_-73.9318877
40.7258746_-73.9975706
40.725882_-73.941687
40.725883_-73.906096
40.7258893_-73.9775646
40.725907_-73.935398
40.725915_-74.008349
40.7259208_-73.9051485
40.7259232_-73.9489832
40.72592_-73.975785
40.7259345_-73.994648
40.7259611_-73.9314112
40.7259699_-73.9488531
40.725973_-73.940738
40.725989_-74.009094
40.72598_-73.956079
40.7259951_-73.9488678
40.725999_-73.950029
40.726018_-73.9945838
40.726047_-73.908427
40.726053_-73.983535
40.726062_-73.939805
40.726065_-73.959843
40.726068_-73.908892
40.726073_-74.009907
40.726084_-73.931436
40.7261076_-73.9721183
40.726109_-73.974269
40.7261128_-73.9194642
40.7261225_-73.9984031
40.7261286_-74.0015804
40.7261336_-73.9950576
40.726151_-73.938876
40.7261527_-74.0108211
40.7261677_-73.904123
40.7261679_-73.9034843
40.7253396_-74.0069935
40.7253554_-74.0101749
40.7253801_-74.0102092
40.7253827_-73.9296767
40.725382_-74.000101
40.7253846_-74.0100196
40.7254016_-73.9928428
40.7254268_-74.0070481
40.7254289_-73.9964137
40.725432_-73.945773
40.725436_-73.951736
40.7254485_-73.9487123
40.7254618_-73.9971002
40.7254655_-73.9930404
40.725473_-73.983958
40.725476_-73.93491
40.7254841_-73.974723
40.7254942_-74.0071095
40.725502_-73.9967162
40.7255037_-74.0112171
40.725503_-74.003901
40.7255091_-73.9724273
40.725513_-74.004031
40.7255151_-73.9485988
40.7255187_-73.9454224
40.725524_-73.957493
40.7255488_-73.933219
40.725559_-74.004552
40.7255609_-74.0071896
40.725562_-73.931473
40.7255646_-73.9823587
40.7255673_-73.9322777
40.7255677_-73.9725389
40.7255822_-73.9919026
40.725582_-73.98987
40.725585_-73.9969929
40.7256102_-73.9195873
40.725616_-73.944498
40.7256194_-73.9919974
40.7256366_-73.9486681
40.7256397_-74.0006264
40.7256503_-73.9937554
40.7256691_-73.9938313
40.725674_-74.005781
40.7256763_-73.9921419
40.725685_-73.980768
40.7256918_-73.9175366
40.7256955_-74.0074075
40.7257013_-73.9922144
40.725701_-73.95693
40.7257039_-73.9845051
40.725708_-73.943569
40.725721_-73.950875
40.7257263_-73.931891
40.725733_-74.011165
40.7257506_-73.9321584
40.725761_-73.9976633
40.7257639_-74.0107429
40.725763_-73.904206
40.7257647_-74.007577
40.725773_-74.000898
40.7257755_-74.0110978
40.7257923_-73.9046673
40.725793_-73.942636
40.7257949_-74.0076145
40.7257953_-73.9722642
40.725795_-73.9943039
40.725796_-73.986623
40.7257987_-74.0110602
40.7258135_-74.0108194
40.725826_-73.933344
40.7258357_-74.010947
40.7258394_-74.0108857
40.7258395_-73.9867261
40.7258403_-73.994468
40.72584_-74.007557
40.7258521_-73.9947115
40.7258597_-74.0078715
40.7258632_-73.9318877
40.7258746_-73.9975706
40.725882_-73.941687
40.725883_-73.906096
40.7258893_-73.9775646
40.725907_-73.935398
40.725915_-74.008349
40.7259208_-73.9051485
40.7259232_-73.9489832
40.72592_-73.975785
40.7259345_-73.994648
40.7259611_-73.9314112
40.7259699_-73.9488531
40.725973_-73.940738
40.725989_-74.009094
40.72598_-73.956079
40.7259951_-73.9488678
40.725999_-73.950029
40.726018_-73.9945838
40.726047_-73.908427
40.726053_-73.983535
40.726062_-73.939805
40.726065_-73.959843
40.726068_-73.908892
40.726073_-74.009907
40.726084_-73.931436
40.7261076_-73.9721183
40.726109_-73.974269
40.7261128_-73.9194642
40.7261225_-73.9984031
40.7261286_-74.0015804
40.7261336_-73.9950576
40.726151_-73.938876
40.7261527_-74.0108211
40.7261677_-73.904123
40.7261679_-73.9034843
("40.7253396_-74.0069935","40.7253554_-74.0101749","40.7253801_-74.0102092","40.7253827_-73.9296767","40.725382_-74.000101","40.7253846_-74.0100196","40.7254016_-73.9928428","40.7254268_-74.0070481","40.7254289_-73.9964137","40.725432_-73.945773","40.725436_-73.951736","40.7254485_-73.9487123","40.7254618_-73.9971002","40.7254655_-73.9930404","40.725473_-73.983958","40.725476_-73.93491","40.7254841_-73.974723","40.7254942_-74.0071095","40.725502_-73.9967162","40.7255037_-74.0112171","40.725503_-74.003901","40.7255091_-73.9724273","40.725513_-74.004031","40.7255151_-73.9485988","40.7255187_-73.9454224","40.725524_-73.957493","40.7255488_-73.933219","40.725559_-74.004552","40.7255609_-74.0071896","40.725562_-73.931473","40.7255646_-73.9823587","40.7255673_-73.9322777","40.7255677_-73.9725389","40.7255822_-73.9919026","40.725582_-73.98987","40.725585_-73.9969929","40.7256102_-73.9195873","40.725616_-73.944498","40.7256194_-73.9919974","40.7256366_-73.9486681","40.7256397_-74.0006264","40.7256503_-73.9937554","40.7256691_-73.9938313","40.725674_-74.005781","40.7256763_-73.9921419","40.725685_-73.980768","40.7256918_-73.9175366","40.7256955_-74.0074075","40.7257013_-73.9922144","40.725701_-73.95693","40.7257039_-73.9845051","40.725708_-73.943569","40.725721_-73.950875","40.7257263_-73.931891","40.725733_-74.011165","40.7257506_-73.9321584","40.725761_-73.9976633","40.7257639_-74.0107429","40.725763_-73.904206","40.7257647_-74.007577","40.725773_-74.000898","40.7257755_-74.0110978","40.7257923_-73.9046673","40.725793_-73.942636","40.7257949_-74.0076145","40.7257953_-73.9722642","40.725795_-73.9943039","40.725796_-73.986623","40.7257987_-74.0110602","40.7258135_-74.0108194","40.725826_-73.933344","40.7258357_-74.010947","40.7258394_-74.0108857","40.7258395_-73.9867261","40.7258403_-73.994468","40.72584_-74.007557","40.7258521_-73.9947115","40.7258597_-74.0078715","40.7258632_-73.9318877","40.7258746_-73.9975706","40.725882_-73.941687","40.725883_-73.906096","40.7258893_-73.9775646","40.725907_-73.935398","40.725915_-74.008349","40.7259208_-73.9051485","40.7259232_-73.9489832","40.72592_-73.975785","40.7259345_-73.994648","40.7259611_-73.9314112","40.7259699_-73.9488531","40.725973_-73.940738","40.725989_-74.009094","40.72598_-73.956079","40.7259951_-73.9488678","40.725999_-73.950029","40.726018_-73.9945838","40.726047_-73.908427","40.726053_-73.983535","40.726062_-73.939805","40.726065_-73.959843","40.726068_-73.908892","40.726073_-74.009907","40.726084_-73.931436","40.7261076_-73.9721183","40.726109_-73.974269","40.7261128_-73.9194642","40.7261225_-73.9984031","40.7261286_-74.0015804","40.7261336_-73.9950576","40.726151_-73.938876","40.7261527_-74.0108211","40.7261677_-73.904123","40.7261679_-73.9034843")
done
146.40user 803.83system 1:15:41elapsed 20%CPU (0avgtext+0avgdata 70816maxresident)k
629968inputs+64536outputs (32major+37350minor)pagefaults 0swaps
