40.7719313_-73.9301486
40.7719396_-73.9942506
40.771955_-73.969203
40.771959_-73.925125
40.7719648_-73.987407
40.7719787_-73.9336934
40.7719831_-74.0146535
40.7719916_-73.9188911
40.771997_-73.9638346
40.7720065_-73.9335587
40.7720119_-73.9456239
40.772018_-73.933393
40.7720195_-73.920028
40.7720202_-73.9333259
40.7720231_-73.9769611
40.7720244_-73.9253725
40.7720257_-73.9560108
40.7720329_-73.9320555
40.7720371_-73.9257022
40.7720407_-73.9331909
40.7720418_-73.9289503
40.7720434_-73.932249
40.7720471_-73.9287873
40.7720502_-73.930135
40.7720553_-73.9324601
40.7720593_-73.920089
40.772063_-73.9255182
40.772063_-74.01904
40.7720657_-73.9499424
40.7720755_-73.9331149
40.7720821_-73.9457038
40.772088_-74.018682
40.7720908_-73.9461157
40.7720942_-73.9096507
40.772105_-73.9938924
40.7721062_-73.9306664
40.7721091_-73.9304678
40.7721112_-74.0132312
40.772114_-73.930126
40.7721178_-73.9330691
40.7721216_-73.9256994
40.772126_-73.9260314
40.7721488_-73.9199813
40.7721543_-73.9290768
40.7721577_-73.9454298
40.7721598_-73.9289332
40.7721604_-73.9936601
40.7721607_-73.933023
40.7721657_-73.9288233
40.7721763_-73.9173743
40.7721825_-73.9258099
40.7721863_-73.9301162
40.7721966_-73.9198169
40.7722024_-73.9820838
40.7722187_-73.9940587
40.7722268_-73.9290049
40.7722297_-73.9900092
40.7722314_-73.9329613
40.7722396_-73.9823133
40.7722426_-73.9171634
40.77224_-73.92743
40.7722511_-73.9259342
40.7722584_-73.9690251
40.7722693_-73.9260869
40.7722698_-73.945436
40.7722841_-73.9862347
40.772286_-73.9690114
40.7722884_-73.915397
40.772294_-73.917239
40.7723022_-73.9263614
40.7723126_-73.9825125
40.7723156_-73.9452357
40.7723224_-73.910691
40.7723235_-73.9940907
40.7723305_-73.9527214
40.7723386_-73.9587132
40.7723405_-73.9258622
40.7723419_-73.9260376
40.7723439_-73.9053335
40.772351_-73.946656
40.772354_-73.931502
40.7723554_-73.9787731
40.7723557_-73.962727
40.772356_-73.9785953
40.7723616_-73.9786074
40.7723729_-73.919453
40.7723729_-73.9671027
40.7723778_-73.9607795
40.772382_-73.9328501
40.7723831_-73.9883987
40.7723848_-73.9196895
40.772417_-73.978728
40.7724191_-73.9669396
40.7724368_-74.0158379
40.7724494_-74.014442
40.7724554_-73.9629623
40.7724602_-73.9450643
40.7724604_-73.9689238
40.772461_-73.967039
40.7724629_-73.9649361
40.772469_-73.919585
40.7724706_-73.9788597
40.7724774_-73.9105065
40.7724794_-73.9206752
40.7724961_-73.9451573
40.7724991_-73.9786682
40.7725102_-73.9671583
40.7725294_-73.9688901
40.7725537_-73.9451757
40.7725572_-73.9669679
40.7725586_-73.9117358
40.7725587_-73.9207723
40.7725628_-73.9300642
40.7725873_-73.9688713
40.7719313_-73.9301486
40.7719396_-73.9942506
40.771955_-73.969203
40.771959_-73.925125
40.7719648_-73.987407
40.7719787_-73.9336934
40.7719831_-74.0146535
40.7719916_-73.9188911
40.771997_-73.9638346
40.7720065_-73.9335587
40.7720119_-73.9456239
40.772018_-73.933393
40.7720195_-73.920028
40.7720202_-73.9333259
40.7720231_-73.9769611
40.7720244_-73.9253725
40.7720257_-73.9560108
40.7720329_-73.9320555
40.7720371_-73.9257022
40.7720407_-73.9331909
40.7720418_-73.9289503
40.7720434_-73.932249
40.7720471_-73.9287873
40.7720502_-73.930135
40.7720553_-73.9324601
40.7720593_-73.920089
40.772063_-73.9255182
40.772063_-74.01904
40.7720657_-73.9499424
40.7720755_-73.9331149
40.7720821_-73.9457038
40.772088_-74.018682
40.7720908_-73.9461157
40.7720942_-73.9096507
40.772105_-73.9938924
40.7721062_-73.9306664
40.7721091_-73.9304678
40.7721112_-74.0132312
40.772114_-73.930126
40.7721178_-73.9330691
40.7721216_-73.9256994
40.772126_-73.9260314
40.7721488_-73.9199813
40.7721543_-73.9290768
40.7721577_-73.9454298
40.7721598_-73.9289332
40.7721604_-73.9936601
40.7721607_-73.933023
40.7721657_-73.9288233
40.7721763_-73.9173743
40.7721825_-73.9258099
40.7721863_-73.9301162
40.7721966_-73.9198169
40.7722024_-73.9820838
40.7722187_-73.9940587
40.7722268_-73.9290049
40.7722297_-73.9900092
40.7722314_-73.9329613
40.7722396_-73.9823133
40.7722426_-73.9171634
40.77224_-73.92743
40.7722511_-73.9259342
40.7722584_-73.9690251
40.7722693_-73.9260869
40.7722698_-73.945436
40.7722841_-73.9862347
40.772286_-73.9690114
40.7722884_-73.915397
40.772294_-73.917239
40.7723022_-73.9263614
40.7723126_-73.9825125
40.7723156_-73.9452357
40.7723224_-73.910691
40.7723235_-73.9940907
40.7723305_-73.9527214
40.7723386_-73.9587132
40.7723405_-73.9258622
40.7723419_-73.9260376
40.7723439_-73.9053335
40.772351_-73.946656
40.772354_-73.931502
40.7723554_-73.9787731
40.7723557_-73.962727
40.772356_-73.9785953
40.7723616_-73.9786074
40.7723729_-73.919453
40.7723729_-73.9671027
40.7723778_-73.9607795
40.772382_-73.9328501
40.7723831_-73.9883987
40.7723848_-73.9196895
40.772417_-73.978728
40.7724191_-73.9669396
40.7724368_-74.0158379
40.7724494_-74.014442
40.7724554_-73.9629623
40.7724602_-73.9450643
40.7724604_-73.9689238
40.772461_-73.967039
40.7724629_-73.9649361
40.772469_-73.919585
40.7724706_-73.9788597
40.7724774_-73.9105065
40.7724794_-73.9206752
40.7724961_-73.9451573
40.7724991_-73.9786682
40.7725102_-73.9671583
40.7725294_-73.9688901
40.7725537_-73.9451757
40.7725572_-73.9669679
40.7725586_-73.9117358
40.7725587_-73.9207723
40.7725628_-73.9300642
40.7725873_-73.9688713
("40.7719313_-73.9301486","40.7719396_-73.9942506","40.771955_-73.969203","40.771959_-73.925125","40.7719648_-73.987407","40.7719787_-73.9336934","40.7719831_-74.0146535","40.7719916_-73.9188911","40.771997_-73.9638346","40.7720065_-73.9335587","40.7720119_-73.9456239","40.772018_-73.933393","40.7720195_-73.920028","40.7720202_-73.9333259","40.7720231_-73.9769611","40.7720244_-73.9253725","40.7720257_-73.9560108","40.7720329_-73.9320555","40.7720371_-73.9257022","40.7720407_-73.9331909","40.7720418_-73.9289503","40.7720434_-73.932249","40.7720471_-73.9287873","40.7720502_-73.930135","40.7720553_-73.9324601","40.7720593_-73.920089","40.772063_-73.9255182","40.772063_-74.01904","40.7720657_-73.9499424","40.7720755_-73.9331149","40.7720821_-73.9457038","40.772088_-74.018682","40.7720908_-73.9461157","40.7720942_-73.9096507","40.772105_-73.9938924","40.7721062_-73.9306664","40.7721091_-73.9304678","40.7721112_-74.0132312","40.772114_-73.930126","40.7721178_-73.9330691","40.7721216_-73.9256994","40.772126_-73.9260314","40.7721488_-73.9199813","40.7721543_-73.9290768","40.7721577_-73.9454298","40.7721598_-73.9289332","40.7721604_-73.9936601","40.7721607_-73.933023","40.7721657_-73.9288233","40.7721763_-73.9173743","40.7721825_-73.9258099","40.7721863_-73.9301162","40.7721966_-73.9198169","40.7722024_-73.9820838","40.7722187_-73.9940587","40.7722268_-73.9290049","40.7722297_-73.9900092","40.7722314_-73.9329613","40.7722396_-73.9823133","40.7722426_-73.9171634","40.77224_-73.92743","40.7722511_-73.9259342","40.7722584_-73.9690251","40.7722693_-73.9260869","40.7722698_-73.945436","40.7722841_-73.9862347","40.772286_-73.9690114","40.7722884_-73.915397","40.772294_-73.917239","40.7723022_-73.9263614","40.7723126_-73.9825125","40.7723156_-73.9452357","40.7723224_-73.910691","40.7723235_-73.9940907","40.7723305_-73.9527214","40.7723386_-73.9587132","40.7723405_-73.9258622","40.7723419_-73.9260376","40.7723439_-73.9053335","40.772351_-73.946656","40.772354_-73.931502","40.7723554_-73.9787731","40.7723557_-73.962727","40.772356_-73.9785953","40.7723616_-73.9786074","40.7723729_-73.919453","40.7723729_-73.9671027","40.7723778_-73.9607795","40.772382_-73.9328501","40.7723831_-73.9883987","40.7723848_-73.9196895","40.772417_-73.978728","40.7724191_-73.9669396","40.7724368_-74.0158379","40.7724494_-74.014442","40.7724554_-73.9629623","40.7724602_-73.9450643","40.7724604_-73.9689238","40.772461_-73.967039","40.7724629_-73.9649361","40.772469_-73.919585","40.7724706_-73.9788597","40.7724774_-73.9105065","40.7724794_-73.9206752","40.7724961_-73.9451573","40.7724991_-73.9786682","40.7725102_-73.9671583","40.7725294_-73.9688901","40.7725537_-73.9451757","40.7725572_-73.9669679","40.7725586_-73.9117358","40.7725587_-73.9207723","40.7725628_-73.9300642","40.7725873_-73.9688713")
done
134.73user 810.97system 1:15:41elapsed 20%CPU (0avgtext+0avgdata 71848maxresident)k
454864inputs+68256outputs (33major+36783minor)pagefaults 0swaps
