40.7598982_-73.959847
40.7599075_-73.9678358
40.7599106_-73.9804176
40.7599134_-73.951401
40.7599134_-73.9577606
40.759913_-73.958809
40.7599201_-73.9646383
40.7599332_-73.9369261
40.7599429_-73.9597961
40.7599511_-73.9062687
40.7599517_-73.9514094
40.7599539_-73.9618201
40.7599589_-73.9367171
40.7599621_-73.9596874
40.7599752_-73.937017
40.7599783_-73.9574481
40.7599854_-73.9647985
40.7599948_-73.9146257
40.7599962_-73.9576751
40.7600002_-73.9514229
40.760004_-73.9578854
40.7600067_-73.9963814
40.760007_-73.9618175
40.7600349_-73.9848329
40.7600363_-73.9629232
40.7600381_-73.9214646
40.7600447_-74.0024271
40.7600461_-73.9280668
40.7600461_-73.982722
40.760056_-73.941627
40.7600615_-73.95146
40.760073_-73.9213342
40.7600748_-73.9617734
40.7600792_-73.9847433
40.7600849_-74.0025212
40.7600901_-73.9147763
40.7600907_-73.9575743
40.7600973_-73.9630965
40.7600998_-73.9577845
40.7601022_-73.9525171
40.7601058_-73.9848067
40.7601082_-73.9214086
40.7601137_-73.9572541
40.7601228_-73.9630721
40.7601251_-73.9145504
40.7601292_-73.9514836
40.7601369_-73.9214745
40.7601437_-73.9630997
40.7601488_-73.9988039
40.7601604_-73.9069829
40.7601612_-73.9849383
40.7601629_-73.9631199
40.7601757_-73.9847707
40.7601759_-74.0027616
40.7601788_-73.95747
40.7601807_-73.9213486
40.7601811_-73.9329043
40.760182_-73.9631326
40.7601892_-73.951492
40.7601922_-73.9146932
40.7601967_-73.9631385
40.760202_-73.937489
40.7602054_-73.9595022
40.7602127_-73.9631418
40.7602241_-73.9576339
40.7602333_-73.9674796
40.7602357_-73.9631435
40.7602377_-73.9514971
40.7602385_-73.9069204
40.7602403_-73.9615093
40.7602441_-73.9515409
40.7602472_-73.9102345
40.7602511_-73.9890231
40.7602528_-73.9696237
40.7602543_-73.951578
40.7602545_-73.9148257
40.7602618_-73.9631385
40.7602621_-73.9890492
40.7602709_-73.9516134
40.7602714_-73.9625762
40.7602724_-73.9675724
40.7602749_-73.9715914
40.7602835_-73.9631267
40.760287_-73.9573274
40.7602883_-73.9146151
40.7602893_-73.9626209
40.7602914_-73.9575452
40.7602952_-73.9516623
40.7602963_-73.9522203
40.7603003_-73.9514988
40.760304_-73.9631098
40.7603053_-73.9626673
40.7603118_-73.9516909
40.7603167_-73.9630904
40.7603182_-73.9331981
40.7603206_-73.9627212
40.7603212_-73.9911398
40.7603302_-73.9630592
40.7603309_-73.9517162
40.7603365_-73.9627828
40.7603391_-73.9630289
40.7603399_-73.951492
40.7603455_-73.9628316
40.7603468_-73.9629918
40.7603488_-73.9517297
40.7603501_-73.9518427
40.7603519_-73.9628991
40.760351_-73.942444
40.7603525_-73.9629463
40.7603551_-73.9379036
40.7603553_-73.9912267
40.7603588_-73.9522981
40.7603603_-73.9854112
40.7603636_-73.9737663
40.7598982_-73.959847
40.7599075_-73.9678358
40.7599106_-73.9804176
40.7599134_-73.951401
40.7599134_-73.9577606
40.759913_-73.958809
40.7599201_-73.9646383
40.7599332_-73.9369261
40.7599429_-73.9597961
40.7599511_-73.9062687
40.7599517_-73.9514094
40.7599539_-73.9618201
40.7599589_-73.9367171
40.7599621_-73.9596874
40.7599752_-73.937017
40.7599783_-73.9574481
40.7599854_-73.9647985
40.7599948_-73.9146257
40.7599962_-73.9576751
40.7600002_-73.9514229
40.760004_-73.9578854
40.7600067_-73.9963814
40.760007_-73.9618175
40.7600349_-73.9848329
40.7600363_-73.9629232
40.7600381_-73.9214646
40.7600447_-74.0024271
40.7600461_-73.9280668
40.7600461_-73.982722
40.760056_-73.941627
40.7600615_-73.95146
40.760073_-73.9213342
40.7600748_-73.9617734
40.7600792_-73.9847433
40.7600849_-74.0025212
40.7600901_-73.9147763
40.7600907_-73.9575743
40.7600973_-73.9630965
40.7600998_-73.9577845
40.7601022_-73.9525171
40.7601058_-73.9848067
40.7601082_-73.9214086
40.7601137_-73.9572541
40.7601228_-73.9630721
40.7601251_-73.9145504
40.7601292_-73.9514836
40.7601369_-73.9214745
40.7601437_-73.9630997
40.7601488_-73.9988039
40.7601604_-73.9069829
40.7601612_-73.9849383
40.7601629_-73.9631199
40.7601757_-73.9847707
40.7601759_-74.0027616
40.7601788_-73.95747
40.7601807_-73.9213486
40.7601811_-73.9329043
40.760182_-73.9631326
40.7601892_-73.951492
40.7601922_-73.9146932
40.7601967_-73.9631385
40.760202_-73.937489
40.7602054_-73.9595022
40.7602127_-73.9631418
40.7602241_-73.9576339
40.7602333_-73.9674796
40.7602357_-73.9631435
40.7602377_-73.9514971
40.7602385_-73.9069204
40.7602403_-73.9615093
40.7602441_-73.9515409
40.7602472_-73.9102345
40.7602511_-73.9890231
40.7602528_-73.9696237
40.7602543_-73.951578
40.7602545_-73.9148257
40.7602618_-73.9631385
40.7602621_-73.9890492
40.7602709_-73.9516134
40.7602714_-73.9625762
40.7602724_-73.9675724
40.7602749_-73.9715914
40.7602835_-73.9631267
40.760287_-73.9573274
40.7602883_-73.9146151
40.7602893_-73.9626209
40.7602914_-73.9575452
40.7602952_-73.9516623
40.7602963_-73.9522203
40.7603003_-73.9514988
40.760304_-73.9631098
40.7603053_-73.9626673
40.7603118_-73.9516909
40.7603167_-73.9630904
40.7603182_-73.9331981
40.7603206_-73.9627212
40.7603212_-73.9911398
40.7603302_-73.9630592
40.7603309_-73.9517162
40.7603365_-73.9627828
40.7603391_-73.9630289
40.7603399_-73.951492
40.7603455_-73.9628316
40.7603468_-73.9629918
40.7603488_-73.9517297
40.7603501_-73.9518427
40.7603519_-73.9628991
40.760351_-73.942444
40.7603525_-73.9629463
40.7603551_-73.9379036
40.7603553_-73.9912267
40.7603588_-73.9522981
40.7603603_-73.9854112
40.7603636_-73.9737663
("40.7598982_-73.959847","40.7599075_-73.9678358","40.7599106_-73.9804176","40.7599134_-73.951401","40.7599134_-73.9577606","40.759913_-73.958809","40.7599201_-73.9646383","40.7599332_-73.9369261","40.7599429_-73.9597961","40.7599511_-73.9062687","40.7599517_-73.9514094","40.7599539_-73.9618201","40.7599589_-73.9367171","40.7599621_-73.9596874","40.7599752_-73.937017","40.7599783_-73.9574481","40.7599854_-73.9647985","40.7599948_-73.9146257","40.7599962_-73.9576751","40.7600002_-73.9514229","40.760004_-73.9578854","40.7600067_-73.9963814","40.760007_-73.9618175","40.7600349_-73.9848329","40.7600363_-73.9629232","40.7600381_-73.9214646","40.7600447_-74.0024271","40.7600461_-73.9280668","40.7600461_-73.982722","40.760056_-73.941627","40.7600615_-73.95146","40.760073_-73.9213342","40.7600748_-73.9617734","40.7600792_-73.9847433","40.7600849_-74.0025212","40.7600901_-73.9147763","40.7600907_-73.9575743","40.7600973_-73.9630965","40.7600998_-73.9577845","40.7601022_-73.9525171","40.7601058_-73.9848067","40.7601082_-73.9214086","40.7601137_-73.9572541","40.7601228_-73.9630721","40.7601251_-73.9145504","40.7601292_-73.9514836","40.7601369_-73.9214745","40.7601437_-73.9630997","40.7601488_-73.9988039","40.7601604_-73.9069829","40.7601612_-73.9849383","40.7601629_-73.9631199","40.7601757_-73.9847707","40.7601759_-74.0027616","40.7601788_-73.95747","40.7601807_-73.9213486","40.7601811_-73.9329043","40.760182_-73.9631326","40.7601892_-73.951492","40.7601922_-73.9146932","40.7601967_-73.9631385","40.760202_-73.937489","40.7602054_-73.9595022","40.7602127_-73.9631418","40.7602241_-73.9576339","40.7602333_-73.9674796","40.7602357_-73.9631435","40.7602377_-73.9514971","40.7602385_-73.9069204","40.7602403_-73.9615093","40.7602441_-73.9515409","40.7602472_-73.9102345","40.7602511_-73.9890231","40.7602528_-73.9696237","40.7602543_-73.951578","40.7602545_-73.9148257","40.7602618_-73.9631385","40.7602621_-73.9890492","40.7602709_-73.9516134","40.7602714_-73.9625762","40.7602724_-73.9675724","40.7602749_-73.9715914","40.7602835_-73.9631267","40.760287_-73.9573274","40.7602883_-73.9146151","40.7602893_-73.9626209","40.7602914_-73.9575452","40.7602952_-73.9516623","40.7602963_-73.9522203","40.7603003_-73.9514988","40.760304_-73.9631098","40.7603053_-73.9626673","40.7603118_-73.9516909","40.7603167_-73.9630904","40.7603182_-73.9331981","40.7603206_-73.9627212","40.7603212_-73.9911398","40.7603302_-73.9630592","40.7603309_-73.9517162","40.7603365_-73.9627828","40.7603391_-73.9630289","40.7603399_-73.951492","40.7603455_-73.9628316","40.7603468_-73.9629918","40.7603488_-73.9517297","40.7603501_-73.9518427","40.7603519_-73.9628991","40.760351_-73.942444","40.7603525_-73.9629463","40.7603551_-73.9379036","40.7603553_-73.9912267","40.7603588_-73.9522981","40.7603603_-73.9854112","40.7603636_-73.9737663")
done
139.73user 818.24system 1:15:21elapsed 21%CPU (0avgtext+0avgdata 75484maxresident)k
333800inputs+76336outputs (36major+38827minor)pagefaults 0swaps
