40.7145122_-73.9525575
40.7145144_-73.9305582
40.7145144_-73.9912216
40.7145191_-73.990631
40.714532_-73.944388
40.714537_-73.937294
40.7145395_-73.9516798
40.7145933_-73.9981208
40.714593_-73.938755
40.7145963_-73.9902341
40.714596_-74.0024324
40.714597_-73.987178
40.7146116_-73.9768601
40.7146116_-73.997027
40.714641_-73.911595
40.7146446_-73.9971552
40.7146451_-73.983124
40.7146494_-73.9570255
40.714652_-73.992573
40.7146631_-73.9826045
40.714666_-73.9846358
40.7146683_-73.9911307
40.7146736_-73.9928573
40.714678_-74.005889
40.714692_-73.942687
40.7146959_-74.0031729
40.7146_-73.9040199
40.7147078_-74.0023753
40.714707_-73.941218
40.714714_-73.9525221
40.714718_-73.956829
40.7147223_-74.0011893
40.714723_-73.929601
40.714724_-73.911739
40.7147262_-73.9527027
40.7147294_-74.0031641
40.714729_-73.942066
40.714734_-73.966775
40.7147385_-73.9949347
40.714755_-73.949482
40.714767_-74.016198
40.7147752_-73.9901697
40.714795_-73.957285
40.7148026_-73.983021
40.714802_-73.987166
40.7148036_-73.9774424
40.7148151_-73.998043
40.714816_-73.942701
40.7148331_-73.9588018
40.7148593_-73.9829816
40.7148667_-73.9775643
40.7148678_-73.9845038
40.71488_-73.95446
40.714891_-73.913492
40.714892_-73.960881
40.7148988_-73.9918893
40.7148995_-73.9833552
40.71489_-73.979495
40.7149038_-73.9944664
40.7149097_-73.9947337
40.714909_-74.011349
40.714914_-73.947833
40.71491_-73.90907
40.714927_-74.00794
40.714946_-73.995062
40.714946_-74.009681
40.7149573_-73.9833196
40.7149705_-73.9777493
40.714995_-73.928511
40.714995_-73.998866
40.7150019_-73.9772515
40.7150079_-73.9594742
40.7150156_-73.9967219
40.7150167_-73.9945128
40.715022_-73.9519365
40.715031_-73.987129
40.715032_-74.012073
40.715046_-73.964801
40.7150488_-73.9766204
40.7150489_-73.9517608
40.7150516_-73.9771768
40.7150548_-73.9923742
40.7150553_-73.9968512
40.715063_-73.94216
40.715067_-73.946186
40.7150684_-74.0112641
40.715068_-73.9951908
40.715069_-73.905868
40.7150761_-73.9132611
40.7150774_-73.9924453
40.7150937_-73.9924966
40.715093_-73.9945113
40.7150968_-73.95204
40.7151012_-73.9948146
40.715106_-73.962777
40.7151089_-74.0159512
40.7151107_-73.9925534
40.7151129_-73.9781901
40.7151171_-73.9594326
40.7151348_-73.9926338
40.7151378_-73.9599633
40.715144_-73.956368
40.7151665_-73.9125286
40.715167_-73.999653
40.7151695_-73.9771324
40.7151698_-73.9594668
40.7151766_-73.9842754
40.7151767_-74.0021357
40.7151776_-73.9783571
40.7151783_-73.9842798
40.71517_-74.000528
40.7151868_-73.9130638
40.715189_-73.911052
40.715191_-73.935613
40.7145122_-73.9525575
40.7145144_-73.9305582
40.7145144_-73.9912216
40.7145191_-73.990631
40.714532_-73.944388
40.714537_-73.937294
40.7145395_-73.9516798
40.7145933_-73.9981208
40.714593_-73.938755
40.7145963_-73.9902341
40.714596_-74.0024324
40.714597_-73.987178
40.7146116_-73.9768601
40.7146116_-73.997027
40.714641_-73.911595
40.7146446_-73.9971552
40.7146451_-73.983124
40.7146494_-73.9570255
40.714652_-73.992573
40.7146631_-73.9826045
40.714666_-73.9846358
40.7146683_-73.9911307
40.7146736_-73.9928573
40.714678_-74.005889
40.714692_-73.942687
40.7146959_-74.0031729
40.7146_-73.9040199
40.7147078_-74.0023753
40.714707_-73.941218
40.714714_-73.9525221
40.714718_-73.956829
40.7147223_-74.0011893
40.714723_-73.929601
40.714724_-73.911739
40.7147262_-73.9527027
40.7147294_-74.0031641
40.714729_-73.942066
40.714734_-73.966775
40.7147385_-73.9949347
40.714755_-73.949482
40.714767_-74.016198
40.7147752_-73.9901697
40.714795_-73.957285
40.7148026_-73.983021
40.714802_-73.987166
40.7148036_-73.9774424
40.7148151_-73.998043
40.714816_-73.942701
40.7148331_-73.9588018
40.7148593_-73.9829816
40.7148667_-73.9775643
40.7148678_-73.9845038
40.71488_-73.95446
40.714891_-73.913492
40.714892_-73.960881
40.7148988_-73.9918893
40.7148995_-73.9833552
40.71489_-73.979495
40.7149038_-73.9944664
40.7149097_-73.9947337
40.714909_-74.011349
40.714914_-73.947833
40.71491_-73.90907
40.714927_-74.00794
40.714946_-73.995062
40.714946_-74.009681
40.7149573_-73.9833196
40.7149705_-73.9777493
40.714995_-73.928511
40.714995_-73.998866
40.7150019_-73.9772515
40.7150079_-73.9594742
40.7150156_-73.9967219
40.7150167_-73.9945128
40.715022_-73.9519365
40.715031_-73.987129
40.715032_-74.012073
40.715046_-73.964801
40.7150488_-73.9766204
40.7150489_-73.9517608
40.7150516_-73.9771768
40.7150548_-73.9923742
40.7150553_-73.9968512
40.715063_-73.94216
40.715067_-73.946186
40.7150684_-74.0112641
40.715068_-73.9951908
40.715069_-73.905868
40.7150761_-73.9132611
40.7150774_-73.9924453
40.7150937_-73.9924966
40.715093_-73.9945113
40.7150968_-73.95204
40.7151012_-73.9948146
40.715106_-73.962777
40.7151089_-74.0159512
40.7151107_-73.9925534
40.7151129_-73.9781901
40.7151171_-73.9594326
40.7151348_-73.9926338
40.7151378_-73.9599633
40.715144_-73.956368
40.7151665_-73.9125286
40.715167_-73.999653
40.7151695_-73.9771324
40.7151698_-73.9594668
40.7151766_-73.9842754
40.7151767_-74.0021357
40.7151776_-73.9783571
40.7151783_-73.9842798
40.71517_-74.000528
40.7151868_-73.9130638
40.715189_-73.911052
40.715191_-73.935613
("40.7145122_-73.9525575","40.7145144_-73.9305582","40.7145144_-73.9912216","40.7145191_-73.990631","40.714532_-73.944388","40.714537_-73.937294","40.7145395_-73.9516798","40.7145933_-73.9981208","40.714593_-73.938755","40.7145963_-73.9902341","40.714596_-74.0024324","40.714597_-73.987178","40.7146116_-73.9768601","40.7146116_-73.997027","40.714641_-73.911595","40.7146446_-73.9971552","40.7146451_-73.983124","40.7146494_-73.9570255","40.714652_-73.992573","40.7146631_-73.9826045","40.714666_-73.9846358","40.7146683_-73.9911307","40.7146736_-73.9928573","40.714678_-74.005889","40.714692_-73.942687","40.7146959_-74.0031729","40.7146_-73.9040199","40.7147078_-74.0023753","40.714707_-73.941218","40.714714_-73.9525221","40.714718_-73.956829","40.7147223_-74.0011893","40.714723_-73.929601","40.714724_-73.911739","40.7147262_-73.9527027","40.7147294_-74.0031641","40.714729_-73.942066","40.714734_-73.966775","40.7147385_-73.9949347","40.714755_-73.949482","40.714767_-74.016198","40.7147752_-73.9901697","40.714795_-73.957285","40.7148026_-73.983021","40.714802_-73.987166","40.7148036_-73.9774424","40.7148151_-73.998043","40.714816_-73.942701","40.7148331_-73.9588018","40.7148593_-73.9829816","40.7148667_-73.9775643","40.7148678_-73.9845038","40.71488_-73.95446","40.714891_-73.913492","40.714892_-73.960881","40.7148988_-73.9918893","40.7148995_-73.9833552","40.71489_-73.979495","40.7149038_-73.9944664","40.7149097_-73.9947337","40.714909_-74.011349","40.714914_-73.947833","40.71491_-73.90907","40.714927_-74.00794","40.714946_-73.995062","40.714946_-74.009681","40.7149573_-73.9833196","40.7149705_-73.9777493","40.714995_-73.928511","40.714995_-73.998866","40.7150019_-73.9772515","40.7150079_-73.9594742","40.7150156_-73.9967219","40.7150167_-73.9945128","40.715022_-73.9519365","40.715031_-73.987129","40.715032_-74.012073","40.715046_-73.964801","40.7150488_-73.9766204","40.7150489_-73.9517608","40.7150516_-73.9771768","40.7150548_-73.9923742","40.7150553_-73.9968512","40.715063_-73.94216","40.715067_-73.946186","40.7150684_-74.0112641","40.715068_-73.9951908","40.715069_-73.905868","40.7150761_-73.9132611","40.7150774_-73.9924453","40.7150937_-73.9924966","40.715093_-73.9945113","40.7150968_-73.95204","40.7151012_-73.9948146","40.715106_-73.962777","40.7151089_-74.0159512","40.7151107_-73.9925534","40.7151129_-73.9781901","40.7151171_-73.9594326","40.7151348_-73.9926338","40.7151378_-73.9599633","40.715144_-73.956368","40.7151665_-73.9125286","40.715167_-73.999653","40.7151695_-73.9771324","40.7151698_-73.9594668","40.7151766_-73.9842754","40.7151767_-74.0021357","40.7151776_-73.9783571","40.7151783_-73.9842798","40.71517_-74.000528","40.7151868_-73.9130638","40.715189_-73.911052","40.715191_-73.935613")
done
145.41user 802.73system 1:14:20elapsed 21%CPU (0avgtext+0avgdata 59652maxresident)k
495880inputs+20392outputs (17major+31881minor)pagefaults 0swaps
