40.7104547_-73.9572724
40.7104571_-74.0176871
40.7104659_-73.9865969
40.7104675_-74.01758
40.7104729_-73.9544108
40.7104754_-74.0176069
40.7104763_-74.0176357
40.7104777_-73.985987
40.710477_-73.963839
40.71047_-74.0176634
40.710482_-73.965492
40.710487_-73.9247754
40.7104935_-73.955501
40.7104981_-73.9570508
40.7104987_-73.9609312
40.7105044_-73.9639181
40.7105047_-73.9561099
40.710522_-73.940314
40.7105255_-73.9552395
40.710529_-73.915264
40.710533_-73.928268
40.710538_-74.0025863
40.7105435_-73.9207414
40.7105454_-74.0038367
40.7105538_-73.9852801
40.7105545_-73.961795
40.710557_-73.994138
40.7105761_-74.0073842
40.7105784_-73.9550886
40.710588_-73.947104
40.7106007_-73.9835277
40.7106067_-73.9554925
40.7106093_-73.9551717
40.7106094_-73.9685492
40.7106189_-74.0008054
40.710621_-73.909222
40.7106275_-74.0073179
40.7106277_-73.9544978
40.710627_-73.966778
40.7106376_-74.0024481
40.7106379_-73.9558783
40.7106388_-73.9850955
40.710643_-73.905639
40.7106697_-73.956484
40.710669_-73.933602
40.7106713_-73.9562615
40.7106835_-73.9847071
40.7106985_-73.9919081
40.7107024_-73.9835385
40.710715_-73.953582
40.7107166_-73.9921491
40.710724_-73.967657
40.710727_-73.918623
40.7107361_-73.9816369
40.71073_-73.993015
40.7107486_-73.9618033
40.71074_-73.945475
40.710756_-73.905093
40.71076_-73.953132
40.71076_-73.989878
40.7107738_-73.9919247
40.710775_-73.98384
40.710787_-73.959943
40.710789_-73.9636444
40.7107903_-74.0033655
40.7108012_-73.92121
40.710807_-73.9248888
40.7108101_-74.012422
40.7108134_-74.0077802
40.710816_-73.983255
40.7108201_-73.9805286
40.71082_-73.968524
40.710831_-73.9921786
40.7108491_-73.9919523
40.7108525_-74.0006376
40.710864_-73.958003
40.7108698_-73.9801465
40.7108766_-73.9823467
40.7108782_-73.9534619
40.7108827_-74.0006083
40.710887_-74.009063
40.7108885_-73.9921971
40.7108978_-73.9921273
40.7109012_-73.9921025
40.710901_-73.943788
40.7109043_-73.9920792
40.710906_-73.951643
40.710923_-73.9919799
40.7109341_-73.9559897
40.7109349_-73.9805509
40.710936_-73.935468
40.710936_-74.005048
40.7109395_-73.9231972
40.710939_-73.926702
40.710952_-73.907695
40.7109567_-73.9511193
40.7109576_-73.9797639
40.710964_-74.0036539
40.710967_-73.916002
40.7109694_-74.0062023
40.71096_-73.9065
40.7109802_-73.9801846
40.710984_-74.00051
40.711004_-73.904053
40.711007_-73.965369
40.7110179_-73.9795328
40.711017_-74.010801
40.7110326_-74.0144344
40.711037_-73.96058
40.7110426_-73.9866841
40.7110548_-73.9923015
40.711057_-73.909963
40.711058_-73.979815
40.711069_-74.000607
40.7104547_-73.9572724
40.7104571_-74.0176871
40.7104659_-73.9865969
40.7104675_-74.01758
40.7104729_-73.9544108
40.7104754_-74.0176069
40.7104763_-74.0176357
40.7104777_-73.985987
40.710477_-73.963839
40.71047_-74.0176634
40.710482_-73.965492
40.710487_-73.9247754
40.7104935_-73.955501
40.7104981_-73.9570508
40.7104987_-73.9609312
40.7105044_-73.9639181
40.7105047_-73.9561099
40.710522_-73.940314
40.7105255_-73.9552395
40.710529_-73.915264
40.710533_-73.928268
40.710538_-74.0025863
40.7105435_-73.9207414
40.7105454_-74.0038367
40.7105538_-73.9852801
40.7105545_-73.961795
40.710557_-73.994138
40.7105761_-74.0073842
40.7105784_-73.9550886
40.710588_-73.947104
40.7106007_-73.9835277
40.7106067_-73.9554925
40.7106093_-73.9551717
40.7106094_-73.9685492
40.7106189_-74.0008054
40.710621_-73.909222
40.7106275_-74.0073179
40.7106277_-73.9544978
40.710627_-73.966778
40.7106376_-74.0024481
40.7106379_-73.9558783
40.7106388_-73.9850955
40.710643_-73.905639
40.7106697_-73.956484
40.710669_-73.933602
40.7106713_-73.9562615
40.7106835_-73.9847071
40.7106985_-73.9919081
40.7107024_-73.9835385
40.710715_-73.953582
40.7107166_-73.9921491
40.710724_-73.967657
40.710727_-73.918623
40.7107361_-73.9816369
40.71073_-73.993015
40.7107486_-73.9618033
40.71074_-73.945475
40.710756_-73.905093
40.71076_-73.953132
40.71076_-73.989878
40.7107738_-73.9919247
40.710775_-73.98384
40.710787_-73.959943
40.710789_-73.9636444
40.7107903_-74.0033655
40.7108012_-73.92121
40.710807_-73.9248888
40.7108101_-74.012422
40.7108134_-74.0077802
40.710816_-73.983255
40.7108201_-73.9805286
40.71082_-73.968524
40.710831_-73.9921786
40.7108491_-73.9919523
40.7108525_-74.0006376
40.710864_-73.958003
40.7108698_-73.9801465
40.7108766_-73.9823467
40.7108782_-73.9534619
40.7108827_-74.0006083
40.710887_-74.009063
40.7108885_-73.9921971
40.7108978_-73.9921273
40.7109012_-73.9921025
40.710901_-73.943788
40.7109043_-73.9920792
40.710906_-73.951643
40.710923_-73.9919799
40.7109341_-73.9559897
40.7109349_-73.9805509
40.710936_-73.935468
40.710936_-74.005048
40.7109395_-73.9231972
40.710939_-73.926702
40.710952_-73.907695
40.7109567_-73.9511193
40.7109576_-73.9797639
40.710964_-74.0036539
40.710967_-73.916002
40.7109694_-74.0062023
40.71096_-73.9065
40.7109802_-73.9801846
40.710984_-74.00051
40.711004_-73.904053
40.711007_-73.965369
40.7110179_-73.9795328
40.711017_-74.010801
40.7110326_-74.0144344
40.711037_-73.96058
40.7110426_-73.9866841
40.7110548_-73.9923015
40.711057_-73.909963
40.711058_-73.979815
40.711069_-74.000607
("40.7104547_-73.9572724","40.7104571_-74.0176871","40.7104659_-73.9865969","40.7104675_-74.01758","40.7104729_-73.9544108","40.7104754_-74.0176069","40.7104763_-74.0176357","40.7104777_-73.985987","40.710477_-73.963839","40.71047_-74.0176634","40.710482_-73.965492","40.710487_-73.9247754","40.7104935_-73.955501","40.7104981_-73.9570508","40.7104987_-73.9609312","40.7105044_-73.9639181","40.7105047_-73.9561099","40.710522_-73.940314","40.7105255_-73.9552395","40.710529_-73.915264","40.710533_-73.928268","40.710538_-74.0025863","40.7105435_-73.9207414","40.7105454_-74.0038367","40.7105538_-73.9852801","40.7105545_-73.961795","40.710557_-73.994138","40.7105761_-74.0073842","40.7105784_-73.9550886","40.710588_-73.947104","40.7106007_-73.9835277","40.7106067_-73.9554925","40.7106093_-73.9551717","40.7106094_-73.9685492","40.7106189_-74.0008054","40.710621_-73.909222","40.7106275_-74.0073179","40.7106277_-73.9544978","40.710627_-73.966778","40.7106376_-74.0024481","40.7106379_-73.9558783","40.7106388_-73.9850955","40.710643_-73.905639","40.7106697_-73.956484","40.710669_-73.933602","40.7106713_-73.9562615","40.7106835_-73.9847071","40.7106985_-73.9919081","40.7107024_-73.9835385","40.710715_-73.953582","40.7107166_-73.9921491","40.710724_-73.967657","40.710727_-73.918623","40.7107361_-73.9816369","40.71073_-73.993015","40.7107486_-73.9618033","40.71074_-73.945475","40.710756_-73.905093","40.71076_-73.953132","40.71076_-73.989878","40.7107738_-73.9919247","40.710775_-73.98384","40.710787_-73.959943","40.710789_-73.9636444","40.7107903_-74.0033655","40.7108012_-73.92121","40.710807_-73.9248888","40.7108101_-74.012422","40.7108134_-74.0077802","40.710816_-73.983255","40.7108201_-73.9805286","40.71082_-73.968524","40.710831_-73.9921786","40.7108491_-73.9919523","40.7108525_-74.0006376","40.710864_-73.958003","40.7108698_-73.9801465","40.7108766_-73.9823467","40.7108782_-73.9534619","40.7108827_-74.0006083","40.710887_-74.009063","40.7108885_-73.9921971","40.7108978_-73.9921273","40.7109012_-73.9921025","40.710901_-73.943788","40.7109043_-73.9920792","40.710906_-73.951643","40.710923_-73.9919799","40.7109341_-73.9559897","40.7109349_-73.9805509","40.710936_-73.935468","40.710936_-74.005048","40.7109395_-73.9231972","40.710939_-73.926702","40.710952_-73.907695","40.7109567_-73.9511193","40.7109576_-73.9797639","40.710964_-74.0036539","40.710967_-73.916002","40.7109694_-74.0062023","40.71096_-73.9065","40.7109802_-73.9801846","40.710984_-74.00051","40.711004_-73.904053","40.711007_-73.965369","40.7110179_-73.9795328","40.711017_-74.010801","40.7110326_-74.0144344","40.711037_-73.96058","40.7110426_-73.9866841","40.7110548_-73.9923015","40.711057_-73.909963","40.711058_-73.979815","40.711069_-74.000607")
done
147.55user 811.37system 1:15:07elapsed 21%CPU (0avgtext+0avgdata 56216maxresident)k
757520inputs+6872outputs (6major+30163minor)pagefaults 0swaps
