40.7519859_-74.0007724
40.7519919_-73.9655615
40.7519966_-73.9674654
40.7520022_-73.9311501
40.7520101_-73.9427494
40.7520155_-74.0047377
40.7520165_-73.9676835
40.7520185_-73.9300275
40.7520301_-73.9675643
40.7520335_-73.9650611
40.7520371_-73.9289512
40.7520454_-73.944297
40.7520526_-73.9207292
40.7520575_-73.9427036
40.7520598_-73.9278238
40.7520647_-73.983429
40.752065_-73.973503
40.7520676_-73.967653
40.7520713_-73.926474
40.7520763_-74.0009843
40.7520822_-73.9677441
40.7520849_-73.9775607
40.7520956_-73.9258903
40.7520981_-73.943647
40.7521004_-73.9100589
40.7521078_-73.9319225
40.752108_-73.944235
40.752116_-73.975558
40.7521232_-73.997264
40.7521252_-73.9440197
40.7521256_-73.977063
40.7521257_-73.9770416
40.7521273_-73.9770815
40.752127_-73.9770237
40.7521304_-73.9776717
40.7521311_-73.9311569
40.7521317_-73.9770018
40.7521385_-73.9797698
40.7521422_-73.9769787
40.7521544_-73.9255653
40.7521588_-73.9769568
40.752159_-73.987491
40.7521607_-73.9289588
40.7521628_-73.9443629
40.7521682_-73.9675911
40.7521705_-73.9300361
40.7521746_-73.9769417
40.752178_-73.9777881
40.7521797_-74.0009021
40.7521812_-73.9278247
40.7521839_-73.9064162
40.7521912_-73.9769279
40.7521958_-73.9934597
40.7521969_-73.9441801
40.752197_-73.981822
40.7521991_-74.0012692
40.7522023_-73.9776664
40.7522049_-73.9264902
40.7522084_-73.9993843
40.7522085_-73.9290501
40.752218_-73.948807
40.75221_-73.90442
40.7522212_-73.9245149
40.7522216_-73.9648547
40.7522272_-73.9149818
40.7522277_-73.9289043
40.7522319_-73.9391027
40.7522367_-73.9775502
40.7522409_-73.9994662
40.7522478_-73.945237
40.7522512_-73.9776338
40.7522541_-73.9436852
40.7522542_-73.9775318
40.7522561_-73.9681604
40.7522629_-73.9774036
40.7522687_-73.9244766
40.752269_-73.977511
40.7522725_-73.9774313
40.7522743_-73.977489
40.7522787_-73.9774602
40.752282_-73.935614
40.7522868_-73.9255317
40.7522886_-73.9896878
40.7522975_-73.9776245
40.7522996_-73.9069312
40.7522_-73.926095
40.7523064_-73.9647809
40.7523066_-73.9321359
40.752317_-73.985947
40.7523257_-73.9642889
40.7523415_-73.9776372
40.7523418_-73.9443638
40.7523463_-73.9444997
40.7523528_-73.9647754
40.7523643_-73.9263696
40.7523729_-73.9776685
40.752379_-73.970341
40.752388_-73.9669869
40.7523917_-73.964513
40.7523939_-74.0075669
40.7524011_-73.9647859
40.7524126_-74.0017869
40.7524145_-73.9783711
40.7524217_-73.9265295
40.7524239_-73.9243514
40.7524387_-73.9508996
40.7524472_-73.9646461
40.7524473_-73.9648079
40.7524499_-73.9450143
40.7524562_-73.9072801
40.7524566_-73.9053013
40.7524641_-73.964577
40.7524677_-73.943639
40.752496_-73.9264691
40.7519859_-74.0007724
40.7519919_-73.9655615
40.7519966_-73.9674654
40.7520022_-73.9311501
40.7520101_-73.9427494
40.7520155_-74.0047377
40.7520165_-73.9676835
40.7520185_-73.9300275
40.7520301_-73.9675643
40.7520335_-73.9650611
40.7520371_-73.9289512
40.7520454_-73.944297
40.7520526_-73.9207292
40.7520575_-73.9427036
40.7520598_-73.9278238
40.7520647_-73.983429
40.752065_-73.973503
40.7520676_-73.967653
40.7520713_-73.926474
40.7520763_-74.0009843
40.7520822_-73.9677441
40.7520849_-73.9775607
40.7520956_-73.9258903
40.7520981_-73.943647
40.7521004_-73.9100589
40.7521078_-73.9319225
40.752108_-73.944235
40.752116_-73.975558
40.7521232_-73.997264
40.7521252_-73.9440197
40.7521256_-73.977063
40.7521257_-73.9770416
40.7521273_-73.9770815
40.752127_-73.9770237
40.7521304_-73.9776717
40.7521311_-73.9311569
40.7521317_-73.9770018
40.7521385_-73.9797698
40.7521422_-73.9769787
40.7521544_-73.9255653
40.7521588_-73.9769568
40.752159_-73.987491
40.7521607_-73.9289588
40.7521628_-73.9443629
40.7521682_-73.9675911
40.7521705_-73.9300361
40.7521746_-73.9769417
40.752178_-73.9777881
40.7521797_-74.0009021
40.7521812_-73.9278247
40.7521839_-73.9064162
40.7521912_-73.9769279
40.7521958_-73.9934597
40.7521969_-73.9441801
40.752197_-73.981822
40.7521991_-74.0012692
40.7522023_-73.9776664
40.7522049_-73.9264902
40.7522084_-73.9993843
40.7522085_-73.9290501
40.752218_-73.948807
40.75221_-73.90442
40.7522212_-73.9245149
40.7522216_-73.9648547
40.7522272_-73.9149818
40.7522277_-73.9289043
40.7522319_-73.9391027
40.7522367_-73.9775502
40.7522409_-73.9994662
40.7522478_-73.945237
40.7522512_-73.9776338
40.7522541_-73.9436852
40.7522542_-73.9775318
40.7522561_-73.9681604
40.7522629_-73.9774036
40.7522687_-73.9244766
40.752269_-73.977511
40.7522725_-73.9774313
40.7522743_-73.977489
40.7522787_-73.9774602
40.752282_-73.935614
40.7522868_-73.9255317
40.7522886_-73.9896878
40.7522975_-73.9776245
40.7522996_-73.9069312
40.7522_-73.926095
40.7523064_-73.9647809
40.7523066_-73.9321359
40.752317_-73.985947
40.7523257_-73.9642889
40.7523415_-73.9776372
40.7523418_-73.9443638
40.7523463_-73.9444997
40.7523528_-73.9647754
40.7523643_-73.9263696
40.7523729_-73.9776685
40.752379_-73.970341
40.752388_-73.9669869
40.7523917_-73.964513
40.7523939_-74.0075669
40.7524011_-73.9647859
40.7524126_-74.0017869
40.7524145_-73.9783711
40.7524217_-73.9265295
40.7524239_-73.9243514
40.7524387_-73.9508996
40.7524472_-73.9646461
40.7524473_-73.9648079
40.7524499_-73.9450143
40.7524562_-73.9072801
40.7524566_-73.9053013
40.7524641_-73.964577
40.7524677_-73.943639
40.752496_-73.9264691
("40.7519859_-74.0007724","40.7519919_-73.9655615","40.7519966_-73.9674654","40.7520022_-73.9311501","40.7520101_-73.9427494","40.7520155_-74.0047377","40.7520165_-73.9676835","40.7520185_-73.9300275","40.7520301_-73.9675643","40.7520335_-73.9650611","40.7520371_-73.9289512","40.7520454_-73.944297","40.7520526_-73.9207292","40.7520575_-73.9427036","40.7520598_-73.9278238","40.7520647_-73.983429","40.752065_-73.973503","40.7520676_-73.967653","40.7520713_-73.926474","40.7520763_-74.0009843","40.7520822_-73.9677441","40.7520849_-73.9775607","40.7520956_-73.9258903","40.7520981_-73.943647","40.7521004_-73.9100589","40.7521078_-73.9319225","40.752108_-73.944235","40.752116_-73.975558","40.7521232_-73.997264","40.7521252_-73.9440197","40.7521256_-73.977063","40.7521257_-73.9770416","40.7521273_-73.9770815","40.752127_-73.9770237","40.7521304_-73.9776717","40.7521311_-73.9311569","40.7521317_-73.9770018","40.7521385_-73.9797698","40.7521422_-73.9769787","40.7521544_-73.9255653","40.7521588_-73.9769568","40.752159_-73.987491","40.7521607_-73.9289588","40.7521628_-73.9443629","40.7521682_-73.9675911","40.7521705_-73.9300361","40.7521746_-73.9769417","40.752178_-73.9777881","40.7521797_-74.0009021","40.7521812_-73.9278247","40.7521839_-73.9064162","40.7521912_-73.9769279","40.7521958_-73.9934597","40.7521969_-73.9441801","40.752197_-73.981822","40.7521991_-74.0012692","40.7522023_-73.9776664","40.7522049_-73.9264902","40.7522084_-73.9993843","40.7522085_-73.9290501","40.752218_-73.948807","40.75221_-73.90442","40.7522212_-73.9245149","40.7522216_-73.9648547","40.7522272_-73.9149818","40.7522277_-73.9289043","40.7522319_-73.9391027","40.7522367_-73.9775502","40.7522409_-73.9994662","40.7522478_-73.945237","40.7522512_-73.9776338","40.7522541_-73.9436852","40.7522542_-73.9775318","40.7522561_-73.9681604","40.7522629_-73.9774036","40.7522687_-73.9244766","40.752269_-73.977511","40.7522725_-73.9774313","40.7522743_-73.977489","40.7522787_-73.9774602","40.752282_-73.935614","40.7522868_-73.9255317","40.7522886_-73.9896878","40.7522975_-73.9776245","40.7522996_-73.9069312","40.7522_-73.926095","40.7523064_-73.9647809","40.7523066_-73.9321359","40.752317_-73.985947","40.7523257_-73.9642889","40.7523415_-73.9776372","40.7523418_-73.9443638","40.7523463_-73.9444997","40.7523528_-73.9647754","40.7523643_-73.9263696","40.7523729_-73.9776685","40.752379_-73.970341","40.752388_-73.9669869","40.7523917_-73.964513","40.7523939_-74.0075669","40.7524011_-73.9647859","40.7524126_-74.0017869","40.7524145_-73.9783711","40.7524217_-73.9265295","40.7524239_-73.9243514","40.7524387_-73.9508996","40.7524472_-73.9646461","40.7524473_-73.9648079","40.7524499_-73.9450143","40.7524562_-73.9072801","40.7524566_-73.9053013","40.7524641_-73.964577","40.7524677_-73.943639","40.752496_-73.9264691")
done
144.29user 820.05system 1:15:25elapsed 21%CPU (0avgtext+0avgdata 81148maxresident)k
1589448inputs+102776outputs (46major+41143minor)pagefaults 0swaps
