40.8098838_-73.9571257
40.80988_-73.903074
40.8098929_-73.9678462
40.809899_-73.928806
40.8099121_-74.0020372
40.809937_-73.90726
40.8099414_-73.9869666
40.8099562_-73.9278876
40.8099682_-73.9571545
40.8099774_-73.9289981
40.8099858_-73.9301951
40.8099979_-73.9571683
40.8099983_-73.9350819
40.8100035_-73.9587153
40.8100163_-73.9571769
40.8100359_-73.9625796
40.8100379_-73.9073007
40.8100607_-73.9572072
40.8100608_-73.927834
40.8100616_-73.9134728
40.810064_-73.954966
40.8100653_-73.9251461
40.8100874_-74.005794
40.8100915_-73.9572305
40.810091_-73.997628
40.810094_-73.953079
40.810116_-73.9889
40.8101186_-73.957251
40.8101274_-73.9875136
40.8101287_-73.9863431
40.8101388_-73.9868098
40.810141_-73.908218
40.8101655_-73.9374159
40.8101745_-73.9573117
40.8101762_-73.9511777
40.8101894_-73.9277956
40.8101896_-73.9276576
40.8102073_-73.9573516
40.810209_-73.939494
40.8102269_-74.0061292
40.8102307_-73.9070097
40.810233_-73.930095
40.8102377_-73.9573918
40.8102387_-73.9349531
40.8102443_-73.9143445
40.8102509_-73.9473096
40.8102644_-73.9574374
40.810264_-73.903984
40.8102712_-73.9350647
40.8102771_-73.9277745
40.810277_-73.957462
40.8102846_-73.9435449
40.8102941_-73.9308023
40.8102946_-73.9574963
40.8102947_-73.9069171
40.810295_-73.9145994
40.8103095_-73.9474471
40.8103143_-73.9555589
40.810319_-73.9615733
40.810325_-73.989432
40.8103268_-73.9536363
40.8103366_-73.9091371
40.8103468_-73.9576214
40.810351_-73.917599
40.8103534_-73.9353673
40.8103559_-73.9437153
40.810359_-74.000983
40.810373_-73.963477
40.810384_-73.9071719
40.8103925_-73.9153122
40.810405_-73.92195
40.8104087_-73.9151868
40.8104095_-73.9634503
40.8104192_-73.9277834
40.8104252_-73.9833989
40.8104862_-73.95597
40.8104923_-73.9834526
40.8104944_-73.9278034
40.8104974_-73.9050784
40.8104995_-73.9620178
40.8105089_-73.9280229
40.810511_-73.929732
40.8105188_-74.0125639
40.810521_-73.9620715
40.8105249_-73.9100462
40.8105298_-73.9858034
40.81053_-73.93048
40.8105503_-73.9884619
40.8105536_-73.9672119
40.8105701_-73.9621944
40.8105895_-73.9350218
40.8105895_-73.9870619
40.8106022_-73.9582175
40.8106033_-74.0051509
40.8106101_-73.9278156
40.8106186_-73.9305921
40.8106285_-73.9348845
40.8106295_-73.9582729
40.8106613_-73.9673584
40.8106657_-73.9545285
40.810687_-73.954513
40.8106881_-73.9351895
40.8107029_-73.9306847
40.810713_-73.903243
40.8107258_-73.9246428
40.810739_-74.013042
40.810742_-73.906225
40.8107454_-73.9351591
40.810754_-73.991065
40.810755_-73.964424
40.810765_-73.952591
40.8107743_-73.9188842
40.8107783_-73.9149649
40.8107952_-73.9307745
40.8098838_-73.9571257
40.80988_-73.903074
40.8098929_-73.9678462
40.809899_-73.928806
40.8099121_-74.0020372
40.809937_-73.90726
40.8099414_-73.9869666
40.8099562_-73.9278876
40.8099682_-73.9571545
40.8099774_-73.9289981
40.8099858_-73.9301951
40.8099979_-73.9571683
40.8099983_-73.9350819
40.8100035_-73.9587153
40.8100163_-73.9571769
40.8100359_-73.9625796
40.8100379_-73.9073007
40.8100607_-73.9572072
40.8100608_-73.927834
40.8100616_-73.9134728
40.810064_-73.954966
40.8100653_-73.9251461
40.8100874_-74.005794
40.8100915_-73.9572305
40.810091_-73.997628
40.810094_-73.953079
40.810116_-73.9889
40.8101186_-73.957251
40.8101274_-73.9875136
40.8101287_-73.9863431
40.8101388_-73.9868098
40.810141_-73.908218
40.8101655_-73.9374159
40.8101745_-73.9573117
40.8101762_-73.9511777
40.8101894_-73.9277956
40.8101896_-73.9276576
40.8102073_-73.9573516
40.810209_-73.939494
40.8102269_-74.0061292
40.8102307_-73.9070097
40.810233_-73.930095
40.8102377_-73.9573918
40.8102387_-73.9349531
40.8102443_-73.9143445
40.8102509_-73.9473096
40.8102644_-73.9574374
40.810264_-73.903984
40.8102712_-73.9350647
40.8102771_-73.9277745
40.810277_-73.957462
40.8102846_-73.9435449
40.8102941_-73.9308023
40.8102946_-73.9574963
40.8102947_-73.9069171
40.810295_-73.9145994
40.8103095_-73.9474471
40.8103143_-73.9555589
40.810319_-73.9615733
40.810325_-73.989432
40.8103268_-73.9536363
40.8103366_-73.9091371
40.8103468_-73.9576214
40.810351_-73.917599
40.8103534_-73.9353673
40.8103559_-73.9437153
40.810359_-74.000983
40.810373_-73.963477
40.810384_-73.9071719
40.8103925_-73.9153122
40.810405_-73.92195
40.8104087_-73.9151868
40.8104095_-73.9634503
40.8104192_-73.9277834
40.8104252_-73.9833989
40.8104862_-73.95597
40.8104923_-73.9834526
40.8104944_-73.9278034
40.8104974_-73.9050784
40.8104995_-73.9620178
40.8105089_-73.9280229
40.810511_-73.929732
40.8105188_-74.0125639
40.810521_-73.9620715
40.8105249_-73.9100462
40.8105298_-73.9858034
40.81053_-73.93048
40.8105503_-73.9884619
40.8105536_-73.9672119
40.8105701_-73.9621944
40.8105895_-73.9350218
40.8105895_-73.9870619
40.8106022_-73.9582175
40.8106033_-74.0051509
40.8106101_-73.9278156
40.8106186_-73.9305921
40.8106285_-73.9348845
40.8106295_-73.9582729
40.8106613_-73.9673584
40.8106657_-73.9545285
40.810687_-73.954513
40.8106881_-73.9351895
40.8107029_-73.9306847
40.810713_-73.903243
40.8107258_-73.9246428
40.810739_-74.013042
40.810742_-73.906225
40.8107454_-73.9351591
40.810754_-73.991065
40.810755_-73.964424
40.810765_-73.952591
40.8107743_-73.9188842
40.8107783_-73.9149649
40.8107952_-73.9307745
("40.8098838_-73.9571257","40.80988_-73.903074","40.8098929_-73.9678462","40.809899_-73.928806","40.8099121_-74.0020372","40.809937_-73.90726","40.8099414_-73.9869666","40.8099562_-73.9278876","40.8099682_-73.9571545","40.8099774_-73.9289981","40.8099858_-73.9301951","40.8099979_-73.9571683","40.8099983_-73.9350819","40.8100035_-73.9587153","40.8100163_-73.9571769","40.8100359_-73.9625796","40.8100379_-73.9073007","40.8100607_-73.9572072","40.8100608_-73.927834","40.8100616_-73.9134728","40.810064_-73.954966","40.8100653_-73.9251461","40.8100874_-74.005794","40.8100915_-73.9572305","40.810091_-73.997628","40.810094_-73.953079","40.810116_-73.9889","40.8101186_-73.957251","40.8101274_-73.9875136","40.8101287_-73.9863431","40.8101388_-73.9868098","40.810141_-73.908218","40.8101655_-73.9374159","40.8101745_-73.9573117","40.8101762_-73.9511777","40.8101894_-73.9277956","40.8101896_-73.9276576","40.8102073_-73.9573516","40.810209_-73.939494","40.8102269_-74.0061292","40.8102307_-73.9070097","40.810233_-73.930095","40.8102377_-73.9573918","40.8102387_-73.9349531","40.8102443_-73.9143445","40.8102509_-73.9473096","40.8102644_-73.9574374","40.810264_-73.903984","40.8102712_-73.9350647","40.8102771_-73.9277745","40.810277_-73.957462","40.8102846_-73.9435449","40.8102941_-73.9308023","40.8102946_-73.9574963","40.8102947_-73.9069171","40.810295_-73.9145994","40.8103095_-73.9474471","40.8103143_-73.9555589","40.810319_-73.9615733","40.810325_-73.989432","40.8103268_-73.9536363","40.8103366_-73.9091371","40.8103468_-73.9576214","40.810351_-73.917599","40.8103534_-73.9353673","40.8103559_-73.9437153","40.810359_-74.000983","40.810373_-73.963477","40.810384_-73.9071719","40.8103925_-73.9153122","40.810405_-73.92195","40.8104087_-73.9151868","40.8104095_-73.9634503","40.8104192_-73.9277834","40.8104252_-73.9833989","40.8104862_-73.95597","40.8104923_-73.9834526","40.8104944_-73.9278034","40.8104974_-73.9050784","40.8104995_-73.9620178","40.8105089_-73.9280229","40.810511_-73.929732","40.8105188_-74.0125639","40.810521_-73.9620715","40.8105249_-73.9100462","40.8105298_-73.9858034","40.81053_-73.93048","40.8105503_-73.9884619","40.8105536_-73.9672119","40.8105701_-73.9621944","40.8105895_-73.9350218","40.8105895_-73.9870619","40.8106022_-73.9582175","40.8106033_-74.0051509","40.8106101_-73.9278156","40.8106186_-73.9305921","40.8106285_-73.9348845","40.8106295_-73.9582729","40.8106613_-73.9673584","40.8106657_-73.9545285","40.810687_-73.954513","40.8106881_-73.9351895","40.8107029_-73.9306847","40.810713_-73.903243","40.8107258_-73.9246428","40.810739_-74.013042","40.810742_-73.906225","40.8107454_-73.9351591","40.810754_-73.991065","40.810755_-73.964424","40.810765_-73.952591","40.8107743_-73.9188842","40.8107783_-73.9149649","40.8107952_-73.9307745")
done
125.92user 814.26system 1:14:12elapsed 21%CPU (0avgtext+0avgdata 55640maxresident)k
569736inputs+5344outputs (8major+28914minor)pagefaults 0swaps
