40.718797_-73.952402
40.7188006_-74.010336
40.7188033_-73.9841548
40.7188044_-73.9748492
40.7188057_-73.9755241
40.718811_-73.914265
40.7188259_-73.9842294
40.7188373_-73.907624
40.718848_-73.9889127
40.7188498_-73.9747455
40.718851_-73.992621
40.718853_-74.004845
40.7188591_-73.907857
40.718862_-74.006593
40.718864_-73.946798
40.7188714_-73.988981
40.718874_-73.945108
40.7188798_-73.9639658
40.7188875_-73.9754862
40.7188917_-73.9890494
40.718913_-73.999234
40.7189164_-73.9748516
40.7189165_-74.0113607
40.7189211_-73.9074628
40.7189285_-74.0114607
40.71892_-73.9756016
40.7189332_-73.9076826
40.718933_-73.910702
40.718934_-73.943427
40.718941_-73.956535
40.7189506_-73.9898117
40.7189597_-74.0116885
40.718961_-74.001273
40.718962_-73.996512
40.7189642_-73.9749437
40.718968_-73.961028
40.7189737_-73.988925
40.7189766_-73.9460129
40.718987_-73.998395
40.7189932_-73.9764349
40.7189935_-74.0068207
40.7189977_-73.9750709
40.7190036_-73.9903339
40.719003_-73.905277
40.719005_-74.005174
40.7190082_-73.9752291
40.719009_-73.95018
40.7190113_-73.9754354
40.7190161_-74.0121018
40.719022_-73.942472
40.7190269_-74.0121804
40.719029_-74.008747
40.7190362_-73.907438
40.7190394_-73.9082428
40.7190404_-74.0122789
40.7190471_-73.9642326
40.719048_-73.939087
40.719051_-73.913398
40.7190526_-73.9964743
40.719055_-73.9762732
40.7190562_-73.9748563
40.7190563_-73.975065
40.7190627_-73.9749593
40.719066_-73.946088
40.7190708_-73.9642586
40.7190791_-73.9763914
40.71907_-73.99336
40.7190825_-73.9850756
40.719082_-74.006432
40.7190887_-73.9905988
40.7190924_-73.9072059
40.7190954_-73.9642713
40.7190979_-73.9764871
40.7191072_-73.9765334
40.7191088_-73.990284
40.7191093_-73.9897283
40.719111_-73.941539
40.7191143_-73.9175818
40.7191185_-74.0069347
40.7191194_-73.9642706
40.7191328_-73.9903612
40.719137_-73.904368
40.7191463_-73.9642608
40.719153_-74.002091
40.7191628_-73.9761736
40.7191653_-73.964245
40.7191681_-73.9904711
40.719168_-73.948532
40.719169_-73.997373
40.7191706_-73.9762127
40.7191711_-73.9071198
40.719189_-73.958416
40.7191936_-73.9905493
40.719193_-73.999841
40.7191972_-73.9763411
40.719206_-73.940589
40.7192152_-73.9629073
40.7192179_-73.9764325
40.719219_-73.952477
40.7192228_-73.9764553
40.719222_-73.935606
40.7192273_-74.0069121
40.7192306_-73.9771635
40.7192308_-73.9629325
40.719233_-73.945357
40.719246_-73.954061
40.7192506_-73.9772471
40.7192534_-73.9812268
40.7192589_-73.9902048
40.719267_-73.947516
40.7192815_-73.9767314
40.7192831_-73.9773387
40.7192854_-73.9902834
40.719291_-73.903292
40.718797_-73.952402
40.7188006_-74.010336
40.7188033_-73.9841548
40.7188044_-73.9748492
40.7188057_-73.9755241
40.718811_-73.914265
40.7188259_-73.9842294
40.7188373_-73.907624
40.718848_-73.9889127
40.7188498_-73.9747455
40.718851_-73.992621
40.718853_-74.004845
40.7188591_-73.907857
40.718862_-74.006593
40.718864_-73.946798
40.7188714_-73.988981
40.718874_-73.945108
40.7188798_-73.9639658
40.7188875_-73.9754862
40.7188917_-73.9890494
40.718913_-73.999234
40.7189164_-73.9748516
40.7189165_-74.0113607
40.7189211_-73.9074628
40.7189285_-74.0114607
40.71892_-73.9756016
40.7189332_-73.9076826
40.718933_-73.910702
40.718934_-73.943427
40.718941_-73.956535
40.7189506_-73.9898117
40.7189597_-74.0116885
40.718961_-74.001273
40.718962_-73.996512
40.7189642_-73.9749437
40.718968_-73.961028
40.7189737_-73.988925
40.7189766_-73.9460129
40.718987_-73.998395
40.7189932_-73.9764349
40.7189935_-74.0068207
40.7189977_-73.9750709
40.7190036_-73.9903339
40.719003_-73.905277
40.719005_-74.005174
40.7190082_-73.9752291
40.719009_-73.95018
40.7190113_-73.9754354
40.7190161_-74.0121018
40.719022_-73.942472
40.7190269_-74.0121804
40.719029_-74.008747
40.7190362_-73.907438
40.7190394_-73.9082428
40.7190404_-74.0122789
40.7190471_-73.9642326
40.719048_-73.939087
40.719051_-73.913398
40.7190526_-73.9964743
40.719055_-73.9762732
40.7190562_-73.9748563
40.7190563_-73.975065
40.7190627_-73.9749593
40.719066_-73.946088
40.7190708_-73.9642586
40.7190791_-73.9763914
40.71907_-73.99336
40.7190825_-73.9850756
40.719082_-74.006432
40.7190887_-73.9905988
40.7190924_-73.9072059
40.7190954_-73.9642713
40.7190979_-73.9764871
40.7191072_-73.9765334
40.7191088_-73.990284
40.7191093_-73.9897283
40.719111_-73.941539
40.7191143_-73.9175818
40.7191185_-74.0069347
40.7191194_-73.9642706
40.7191328_-73.9903612
40.719137_-73.904368
40.7191463_-73.9642608
40.719153_-74.002091
40.7191628_-73.9761736
40.7191653_-73.964245
40.7191681_-73.9904711
40.719168_-73.948532
40.719169_-73.997373
40.7191706_-73.9762127
40.7191711_-73.9071198
40.719189_-73.958416
40.7191936_-73.9905493
40.719193_-73.999841
40.7191972_-73.9763411
40.719206_-73.940589
40.7192152_-73.9629073
40.7192179_-73.9764325
40.719219_-73.952477
40.7192228_-73.9764553
40.719222_-73.935606
40.7192273_-74.0069121
40.7192306_-73.9771635
40.7192308_-73.9629325
40.719233_-73.945357
40.719246_-73.954061
40.7192506_-73.9772471
40.7192534_-73.9812268
40.7192589_-73.9902048
40.719267_-73.947516
40.7192815_-73.9767314
40.7192831_-73.9773387
40.7192854_-73.9902834
40.719291_-73.903292
("40.718797_-73.952402","40.7188006_-74.010336","40.7188033_-73.9841548","40.7188044_-73.9748492","40.7188057_-73.9755241","40.718811_-73.914265","40.7188259_-73.9842294","40.7188373_-73.907624","40.718848_-73.9889127","40.7188498_-73.9747455","40.718851_-73.992621","40.718853_-74.004845","40.7188591_-73.907857","40.718862_-74.006593","40.718864_-73.946798","40.7188714_-73.988981","40.718874_-73.945108","40.7188798_-73.9639658","40.7188875_-73.9754862","40.7188917_-73.9890494","40.718913_-73.999234","40.7189164_-73.9748516","40.7189165_-74.0113607","40.7189211_-73.9074628","40.7189285_-74.0114607","40.71892_-73.9756016","40.7189332_-73.9076826","40.718933_-73.910702","40.718934_-73.943427","40.718941_-73.956535","40.7189506_-73.9898117","40.7189597_-74.0116885","40.718961_-74.001273","40.718962_-73.996512","40.7189642_-73.9749437","40.718968_-73.961028","40.7189737_-73.988925","40.7189766_-73.9460129","40.718987_-73.998395","40.7189932_-73.9764349","40.7189935_-74.0068207","40.7189977_-73.9750709","40.7190036_-73.9903339","40.719003_-73.905277","40.719005_-74.005174","40.7190082_-73.9752291","40.719009_-73.95018","40.7190113_-73.9754354","40.7190161_-74.0121018","40.719022_-73.942472","40.7190269_-74.0121804","40.719029_-74.008747","40.7190362_-73.907438","40.7190394_-73.9082428","40.7190404_-74.0122789","40.7190471_-73.9642326","40.719048_-73.939087","40.719051_-73.913398","40.7190526_-73.9964743","40.719055_-73.9762732","40.7190562_-73.9748563","40.7190563_-73.975065","40.7190627_-73.9749593","40.719066_-73.946088","40.7190708_-73.9642586","40.7190791_-73.9763914","40.71907_-73.99336","40.7190825_-73.9850756","40.719082_-74.006432","40.7190887_-73.9905988","40.7190924_-73.9072059","40.7190954_-73.9642713","40.7190979_-73.9764871","40.7191072_-73.9765334","40.7191088_-73.990284","40.7191093_-73.9897283","40.719111_-73.941539","40.7191143_-73.9175818","40.7191185_-74.0069347","40.7191194_-73.9642706","40.7191328_-73.9903612","40.719137_-73.904368","40.7191463_-73.9642608","40.719153_-74.002091","40.7191628_-73.9761736","40.7191653_-73.964245","40.7191681_-73.9904711","40.719168_-73.948532","40.719169_-73.997373","40.7191706_-73.9762127","40.7191711_-73.9071198","40.719189_-73.958416","40.7191936_-73.9905493","40.719193_-73.999841","40.7191972_-73.9763411","40.719206_-73.940589","40.7192152_-73.9629073","40.7192179_-73.9764325","40.719219_-73.952477","40.7192228_-73.9764553","40.719222_-73.935606","40.7192273_-74.0069121","40.7192306_-73.9771635","40.7192308_-73.9629325","40.719233_-73.945357","40.719246_-73.954061","40.7192506_-73.9772471","40.7192534_-73.9812268","40.7192589_-73.9902048","40.719267_-73.947516","40.7192815_-73.9767314","40.7192831_-73.9773387","40.7192854_-73.9902834","40.719291_-73.903292")
done
144.61user 808.23system 1:15:35elapsed 21%CPU (0avgtext+0avgdata 62488maxresident)k
412408inputs+29544outputs (14major+32000minor)pagefaults 0swaps
