40.69831_-73.949788
40.698326_-73.961051
40.6983417_-73.9887146
40.6983454_-73.9780687
40.698345_-73.921574
40.698345_-73.9339197
40.6983503_-73.9227473
40.698351_-73.911024
40.6983581_-73.9963043
40.6983767_-73.98057
40.698381_-73.974622
40.6983884_-73.9830389
40.698405_-73.937773
40.6984094_-73.9133096
40.6984155_-73.9839869
40.698416_-73.933792
40.6984177_-73.984924
40.698422_-73.961848
40.698436_-73.903356
40.6984418_-73.9854463
40.6984453_-73.9855823
40.6984483_-73.9847314
40.6984517_-73.921772
40.698462_-73.960197
40.6984693_-73.9914953
40.698479_-73.98616
40.6984843_-73.9913331
40.698487_-73.9214209
40.6984967_-73.9773793
40.698504_-73.986969
40.6985153_-73.9885394
40.698518_-73.997002
40.698535_-73.994292
40.698537_-73.917872
40.6985417_-73.941144
40.6985541_-73.9833089
40.6985759_-73.9914892
40.6985798_-73.9768212
40.69858_-73.926024
40.6986069_-73.9348395
40.698606_-73.961789
40.6986094_-73.9886969
40.698609_-73.969724
40.6986258_-73.9913314
40.6986327_-73.9201003
40.6986415_-73.9381722
40.698641_-73.946959
40.698677_-73.958858
40.6986876_-73.9095334
40.6986905_-73.9914776
40.6987037_-73.9347812
40.6987387_-73.9769397
40.698738_-73.926305
40.6987423_-73.9913198
40.698745_-73.992392
40.698752_-73.978029
40.6987622_-73.9188382
40.698772_-73.922328
40.698772_-73.930521
40.6987736_-73.9676751
40.698774_-73.995145
40.698783_-73.911776
40.698792_-73.945626
40.698793_-73.96171
40.698794_-73.971646
40.698799_-73.934731
40.6988089_-73.9183636
40.69882_-73.957959
40.698832_-73.979948
40.6988384_-73.9140606
40.698842_-73.973269
40.698848_-73.938568
40.6988514_-73.9560274
40.698857_-73.90407
40.698858_-73.918744
40.6988658_-73.9761041
40.6988751_-73.9912974
40.6988781_-73.9914464
40.698898_-73.9175228
40.6988997_-73.9777555
40.698911_-73.93077
40.698965_-73.918631
40.6989718_-73.9441069
40.698974_-73.95702
40.698998_-73.961601
40.699007_-73.996001
40.699015_-73.926782
40.6990179_-73.9666126
40.6990187_-73.9603252
40.699028_-73.967061
40.699032_-73.9162195
40.699037_-73.938902
40.699047_-73.949944
40.699051_-73.967658
40.6990588_-73.9679011
40.699065_-73.961544
40.6990677_-73.9115066
40.699071_-73.93547
40.6990852_-73.9687224
40.6990868_-73.9412656
40.6990969_-73.9914084
40.69909_-73.956075
40.699106_-73.969371
40.699109_-73.934009
40.6991139_-73.9912562
40.6991168_-73.9666008
40.699117_-73.969709
40.6991298_-73.9356618
40.6991335_-73.9868756
40.6991408_-73.9705107
40.699159_-73.927049
40.6991671_-73.9357609
40.6991687_-73.9149191
40.699168_-73.967643
40.69831_-73.949788
40.698326_-73.961051
40.6983417_-73.9887146
40.6983454_-73.9780687
40.698345_-73.921574
40.698345_-73.9339197
40.6983503_-73.9227473
40.698351_-73.911024
40.6983581_-73.9963043
40.6983767_-73.98057
40.698381_-73.974622
40.6983884_-73.9830389
40.698405_-73.937773
40.6984094_-73.9133096
40.6984155_-73.9839869
40.698416_-73.933792
40.6984177_-73.984924
40.698422_-73.961848
40.698436_-73.903356
40.6984418_-73.9854463
40.6984453_-73.9855823
40.6984483_-73.9847314
40.6984517_-73.921772
40.698462_-73.960197
40.6984693_-73.9914953
40.698479_-73.98616
40.6984843_-73.9913331
40.698487_-73.9214209
40.6984967_-73.9773793
40.698504_-73.986969
40.6985153_-73.9885394
40.698518_-73.997002
40.698535_-73.994292
40.698537_-73.917872
40.6985417_-73.941144
40.6985541_-73.9833089
40.6985759_-73.9914892
40.6985798_-73.9768212
40.69858_-73.926024
40.6986069_-73.9348395
40.698606_-73.961789
40.6986094_-73.9886969
40.698609_-73.969724
40.6986258_-73.9913314
40.6986327_-73.9201003
40.6986415_-73.9381722
40.698641_-73.946959
40.698677_-73.958858
40.6986876_-73.9095334
40.6986905_-73.9914776
40.6987037_-73.9347812
40.6987387_-73.9769397
40.698738_-73.926305
40.6987423_-73.9913198
40.698745_-73.992392
40.698752_-73.978029
40.6987622_-73.9188382
40.698772_-73.922328
40.698772_-73.930521
40.6987736_-73.9676751
40.698774_-73.995145
40.698783_-73.911776
40.698792_-73.945626
40.698793_-73.96171
40.698794_-73.971646
40.698799_-73.934731
40.6988089_-73.9183636
40.69882_-73.957959
40.698832_-73.979948
40.6988384_-73.9140606
40.698842_-73.973269
40.698848_-73.938568
40.6988514_-73.9560274
40.698857_-73.90407
40.698858_-73.918744
40.6988658_-73.9761041
40.6988751_-73.9912974
40.6988781_-73.9914464
40.698898_-73.9175228
40.6988997_-73.9777555
40.698911_-73.93077
40.698965_-73.918631
40.6989718_-73.9441069
40.698974_-73.95702
40.698998_-73.961601
40.699007_-73.996001
40.699015_-73.926782
40.6990179_-73.9666126
40.6990187_-73.9603252
40.699028_-73.967061
40.699032_-73.9162195
40.699037_-73.938902
40.699047_-73.949944
40.699051_-73.967658
40.6990588_-73.9679011
40.699065_-73.961544
40.6990677_-73.9115066
40.699071_-73.93547
40.6990852_-73.9687224
40.6990868_-73.9412656
40.6990969_-73.9914084
40.69909_-73.956075
40.699106_-73.969371
40.699109_-73.934009
40.6991139_-73.9912562
40.6991168_-73.9666008
40.699117_-73.969709
40.6991298_-73.9356618
40.6991335_-73.9868756
40.6991408_-73.9705107
40.699159_-73.927049
40.6991671_-73.9357609
40.6991687_-73.9149191
40.699168_-73.967643
("40.69831_-73.949788","40.698326_-73.961051","40.6983417_-73.9887146","40.6983454_-73.9780687","40.698345_-73.921574","40.698345_-73.9339197","40.6983503_-73.9227473","40.698351_-73.911024","40.6983581_-73.9963043","40.6983767_-73.98057","40.698381_-73.974622","40.6983884_-73.9830389","40.698405_-73.937773","40.6984094_-73.9133096","40.6984155_-73.9839869","40.698416_-73.933792","40.6984177_-73.984924","40.698422_-73.961848","40.698436_-73.903356","40.6984418_-73.9854463","40.6984453_-73.9855823","40.6984483_-73.9847314","40.6984517_-73.921772","40.698462_-73.960197","40.6984693_-73.9914953","40.698479_-73.98616","40.6984843_-73.9913331","40.698487_-73.9214209","40.6984967_-73.9773793","40.698504_-73.986969","40.6985153_-73.9885394","40.698518_-73.997002","40.698535_-73.994292","40.698537_-73.917872","40.6985417_-73.941144","40.6985541_-73.9833089","40.6985759_-73.9914892","40.6985798_-73.9768212","40.69858_-73.926024","40.6986069_-73.9348395","40.698606_-73.961789","40.6986094_-73.9886969","40.698609_-73.969724","40.6986258_-73.9913314","40.6986327_-73.9201003","40.6986415_-73.9381722","40.698641_-73.946959","40.698677_-73.958858","40.6986876_-73.9095334","40.6986905_-73.9914776","40.6987037_-73.9347812","40.6987387_-73.9769397","40.698738_-73.926305","40.6987423_-73.9913198","40.698745_-73.992392","40.698752_-73.978029","40.6987622_-73.9188382","40.698772_-73.922328","40.698772_-73.930521","40.6987736_-73.9676751","40.698774_-73.995145","40.698783_-73.911776","40.698792_-73.945626","40.698793_-73.96171","40.698794_-73.971646","40.698799_-73.934731","40.6988089_-73.9183636","40.69882_-73.957959","40.698832_-73.979948","40.6988384_-73.9140606","40.698842_-73.973269","40.698848_-73.938568","40.6988514_-73.9560274","40.698857_-73.90407","40.698858_-73.918744","40.6988658_-73.9761041","40.6988751_-73.9912974","40.6988781_-73.9914464","40.698898_-73.9175228","40.6988997_-73.9777555","40.698911_-73.93077","40.698965_-73.918631","40.6989718_-73.9441069","40.698974_-73.95702","40.698998_-73.961601","40.699007_-73.996001","40.699015_-73.926782","40.6990179_-73.9666126","40.6990187_-73.9603252","40.699028_-73.967061","40.699032_-73.9162195","40.699037_-73.938902","40.699047_-73.949944","40.699051_-73.967658","40.6990588_-73.9679011","40.699065_-73.961544","40.6990677_-73.9115066","40.699071_-73.93547","40.6990852_-73.9687224","40.6990868_-73.9412656","40.6990969_-73.9914084","40.69909_-73.956075","40.699106_-73.969371","40.699109_-73.934009","40.6991139_-73.9912562","40.6991168_-73.9666008","40.699117_-73.969709","40.6991298_-73.9356618","40.6991335_-73.9868756","40.6991408_-73.9705107","40.699159_-73.927049","40.6991671_-73.9357609","40.6991687_-73.9149191","40.699168_-73.967643")
done
144.19user 803.94system 1:13:24elapsed 21%CPU (0avgtext+0avgdata 52292maxresident)k
747960inputs+48outputs (3major+28370minor)pagefaults 0swaps
