40.7908216_-73.9797233
40.7908365_-73.9636607
40.7908418_-73.9745927
40.790842_-73.9990476
40.7908652_-73.9813073
40.7908684_-73.9726862
40.7908687_-73.9566155
40.7908742_-73.9746797
40.7908826_-73.9668954
40.7908923_-73.9688436
40.7908925_-73.945171
40.7908987_-73.9635529
40.790905_-73.939132
40.7909238_-73.9363153
40.7909308_-73.9689347
40.7909323_-73.9472339
40.7909454_-73.9491633
40.7909457_-73.9610669
40.7909822_-73.981436
40.7909862_-73.9363882
40.7909908_-73.9652082
40.790999_-73.9636225
40.7910222_-74.0003513
40.7910305_-73.9612058
40.7910383_-73.9390334
40.7910468_-73.9513728
40.7910567_-73.9494251
40.7910699_-73.9360424
40.7910754_-73.9361893
40.7910762_-73.9636891
40.791085_-73.953438
40.791099_-73.961326
40.791117_-74.018241
40.79112_-74.000588
40.791138_-73.9630505
40.7911552_-73.9637721
40.791168_-74.009303
40.791193_-74.014586
40.7912126_-73.9359024
40.7912246_-73.9676793
40.7912288_-73.9360498
40.7912307_-73.9615814
40.7912484_-73.9794097
40.791248_-73.9562083
40.7912536_-73.9628948
40.7912977_-73.9639771
40.7913049_-73.9793638
40.7913061_-73.9361201
40.791321_-73.9628243
40.791327_-74.007128
40.7913321_-73.9617904
40.7913495_-73.9987725
40.7913553_-73.9357552
40.791358_-73.9793147
40.7913642_-73.9640803
40.7913651_-73.956069
40.7913805_-73.9627694
40.7913953_-73.9387693
40.7914196_-73.9358562
40.7914274_-73.9360028
40.7914304_-73.9642019
40.791438_-73.9740374
40.7914402_-73.9760046
40.7914546_-73.9620622
40.791463_-73.9811185
40.7914659_-73.9791911
40.7914816_-73.9741447
40.7914913_-73.9356044
40.7914959_-73.9722281
40.7915065_-73.9626579
40.7915085_-73.9808696
40.7915093_-73.974213
40.7915269_-73.9683843
40.791533_-74.015342
40.7915463_-73.9358711
40.7915477_-73.9790827
40.7915562_-73.9487177
40.791558_-73.938649
40.7915611_-73.9642014
40.7915647_-73.9684724
40.791564_-73.9642941
40.7915668_-73.9641147
40.7915682_-73.9467668
40.791572_-73.944675
40.7915742_-73.9643831
40.7915778_-73.9623744
40.7915781_-73.9640386
40.7915835_-73.9644432
40.7915955_-73.9647648
40.7916004_-73.9645142
40.7916027_-73.9790032
40.7916217_-73.9354446
40.7916471_-73.9637096
40.7916494_-73.9625479
40.7916501_-73.9985901
40.7916557_-73.9789147
40.7916589_-73.9357427
40.7916669_-73.948981
40.7916741_-73.9647071
40.791675_-73.950917
40.7916871_-73.9355434
40.7917129_-73.9787947
40.7917145_-73.9633695
40.7917186_-73.9628103
40.791722_-73.952984
40.791729_-73.9628667
40.791734_-74.001433
40.791735_-73.9629182
40.7917367_-73.9632143
40.7917411_-73.963139
40.7917423_-73.9630648
40.7917454_-73.9555863
40.7917468_-73.9352812
40.7917484_-73.9161448
40.7908216_-73.9797233
40.7908365_-73.9636607
40.7908418_-73.9745927
40.790842_-73.9990476
40.7908652_-73.9813073
40.7908684_-73.9726862
40.7908687_-73.9566155
40.7908742_-73.9746797
40.7908826_-73.9668954
40.7908923_-73.9688436
40.7908925_-73.945171
40.7908987_-73.9635529
40.790905_-73.939132
40.7909238_-73.9363153
40.7909308_-73.9689347
40.7909323_-73.9472339
40.7909454_-73.9491633
40.7909457_-73.9610669
40.7909822_-73.981436
40.7909862_-73.9363882
40.7909908_-73.9652082
40.790999_-73.9636225
40.7910222_-74.0003513
40.7910305_-73.9612058
40.7910383_-73.9390334
40.7910468_-73.9513728
40.7910567_-73.9494251
40.7910699_-73.9360424
40.7910754_-73.9361893
40.7910762_-73.9636891
40.791085_-73.953438
40.791099_-73.961326
40.791117_-74.018241
40.79112_-74.000588
40.791138_-73.9630505
40.7911552_-73.9637721
40.791168_-74.009303
40.791193_-74.014586
40.7912126_-73.9359024
40.7912246_-73.9676793
40.7912288_-73.9360498
40.7912307_-73.9615814
40.7912484_-73.9794097
40.791248_-73.9562083
40.7912536_-73.9628948
40.7912977_-73.9639771
40.7913049_-73.9793638
40.7913061_-73.9361201
40.791321_-73.9628243
40.791327_-74.007128
40.7913321_-73.9617904
40.7913495_-73.9987725
40.7913553_-73.9357552
40.791358_-73.9793147
40.7913642_-73.9640803
40.7913651_-73.956069
40.7913805_-73.9627694
40.7913953_-73.9387693
40.7914196_-73.9358562
40.7914274_-73.9360028
40.7914304_-73.9642019
40.791438_-73.9740374
40.7914402_-73.9760046
40.7914546_-73.9620622
40.791463_-73.9811185
40.7914659_-73.9791911
40.7914816_-73.9741447
40.7914913_-73.9356044
40.7914959_-73.9722281
40.7915065_-73.9626579
40.7915085_-73.9808696
40.7915093_-73.974213
40.7915269_-73.9683843
40.791533_-74.015342
40.7915463_-73.9358711
40.7915477_-73.9790827
40.7915562_-73.9487177
40.791558_-73.938649
40.7915611_-73.9642014
40.7915647_-73.9684724
40.791564_-73.9642941
40.7915668_-73.9641147
40.7915682_-73.9467668
40.791572_-73.944675
40.7915742_-73.9643831
40.7915778_-73.9623744
40.7915781_-73.9640386
40.7915835_-73.9644432
40.7915955_-73.9647648
40.7916004_-73.9645142
40.7916027_-73.9790032
40.7916217_-73.9354446
40.7916471_-73.9637096
40.7916494_-73.9625479
40.7916501_-73.9985901
40.7916557_-73.9789147
40.7916589_-73.9357427
40.7916669_-73.948981
40.7916741_-73.9647071
40.791675_-73.950917
40.7916871_-73.9355434
40.7917129_-73.9787947
40.7917145_-73.9633695
40.7917186_-73.9628103
40.791722_-73.952984
40.791729_-73.9628667
40.791734_-74.001433
40.791735_-73.9629182
40.7917367_-73.9632143
40.7917411_-73.963139
40.7917423_-73.9630648
40.7917454_-73.9555863
40.7917468_-73.9352812
40.7917484_-73.9161448
("40.7908216_-73.9797233","40.7908365_-73.9636607","40.7908418_-73.9745927","40.790842_-73.9990476","40.7908652_-73.9813073","40.7908684_-73.9726862","40.7908687_-73.9566155","40.7908742_-73.9746797","40.7908826_-73.9668954","40.7908923_-73.9688436","40.7908925_-73.945171","40.7908987_-73.9635529","40.790905_-73.939132","40.7909238_-73.9363153","40.7909308_-73.9689347","40.7909323_-73.9472339","40.7909454_-73.9491633","40.7909457_-73.9610669","40.7909822_-73.981436","40.7909862_-73.9363882","40.7909908_-73.9652082","40.790999_-73.9636225","40.7910222_-74.0003513","40.7910305_-73.9612058","40.7910383_-73.9390334","40.7910468_-73.9513728","40.7910567_-73.9494251","40.7910699_-73.9360424","40.7910754_-73.9361893","40.7910762_-73.9636891","40.791085_-73.953438","40.791099_-73.961326","40.791117_-74.018241","40.79112_-74.000588","40.791138_-73.9630505","40.7911552_-73.9637721","40.791168_-74.009303","40.791193_-74.014586","40.7912126_-73.9359024","40.7912246_-73.9676793","40.7912288_-73.9360498","40.7912307_-73.9615814","40.7912484_-73.9794097","40.791248_-73.9562083","40.7912536_-73.9628948","40.7912977_-73.9639771","40.7913049_-73.9793638","40.7913061_-73.9361201","40.791321_-73.9628243","40.791327_-74.007128","40.7913321_-73.9617904","40.7913495_-73.9987725","40.7913553_-73.9357552","40.791358_-73.9793147","40.7913642_-73.9640803","40.7913651_-73.956069","40.7913805_-73.9627694","40.7913953_-73.9387693","40.7914196_-73.9358562","40.7914274_-73.9360028","40.7914304_-73.9642019","40.791438_-73.9740374","40.7914402_-73.9760046","40.7914546_-73.9620622","40.791463_-73.9811185","40.7914659_-73.9791911","40.7914816_-73.9741447","40.7914913_-73.9356044","40.7914959_-73.9722281","40.7915065_-73.9626579","40.7915085_-73.9808696","40.7915093_-73.974213","40.7915269_-73.9683843","40.791533_-74.015342","40.7915463_-73.9358711","40.7915477_-73.9790827","40.7915562_-73.9487177","40.791558_-73.938649","40.7915611_-73.9642014","40.7915647_-73.9684724","40.791564_-73.9642941","40.7915668_-73.9641147","40.7915682_-73.9467668","40.791572_-73.944675","40.7915742_-73.9643831","40.7915778_-73.9623744","40.7915781_-73.9640386","40.7915835_-73.9644432","40.7915955_-73.9647648","40.7916004_-73.9645142","40.7916027_-73.9790032","40.7916217_-73.9354446","40.7916471_-73.9637096","40.7916494_-73.9625479","40.7916501_-73.9985901","40.7916557_-73.9789147","40.7916589_-73.9357427","40.7916669_-73.948981","40.7916741_-73.9647071","40.791675_-73.950917","40.7916871_-73.9355434","40.7917129_-73.9787947","40.7917145_-73.9633695","40.7917186_-73.9628103","40.791722_-73.952984","40.791729_-73.9628667","40.791734_-74.001433","40.791735_-73.9629182","40.7917367_-73.9632143","40.7917411_-73.963139","40.7917423_-73.9630648","40.7917454_-73.9555863","40.7917468_-73.9352812","40.7917484_-73.9161448")
done
130.54user 824.70system 1:14:10elapsed 21%CPU (0avgtext+0avgdata 63024maxresident)k
889240inputs+32184outputs (17major+32284minor)pagefaults 0swaps
