40.7603655_-73.9147607
40.7603668_-73.9718094
40.760368_-73.9517365
40.7603691_-73.9574358
40.7603781_-73.9178694
40.7603807_-73.9514802
40.7603819_-73.9579678
40.7603846_-73.9516673
40.7603908_-73.9104903
40.7603934_-73.9837581
40.7603986_-73.9516168
40.7603_-73.9949814
40.7604042_-73.9571459
40.7604044_-73.9222531
40.7604087_-73.9288436
40.7604088_-73.9874753
40.7604165_-73.9515713
40.760418_-73.975831
40.7604254_-73.9362722
40.7604267_-73.9514566
40.7604299_-73.9334374
40.7604428_-73.9221265
40.760451_-73.9514988
40.7604656_-73.9837045
40.7604701_-73.9514229
40.7604715_-73.9572812
40.7604752_-73.9221955
40.7605053_-73.9155437
40.7605072_-73.9522294
40.7605111_-73.9222725
40.760517_-73.938342
40.760519_-73.9361829
40.7605248_-73.9177499
40.7605248_-73.9799722
40.7605289_-73.9513774
40.7605291_-73.9641336
40.7605357_-73.9955411
40.7605375_-73.9154281
40.7605378_-73.9077915
40.7605383_-73.9836507
40.7605433_-73.9583477
40.7605524_-73.9221327
40.7605593_-73.9641994
40.7605679_-73.9154928
40.7605691_-73.9631205
40.7605878_-73.9642499
40.7605896_-73.9631757
40.7606019_-73.9568605
40.760604_-73.9565498
40.7606054_-73.9155724
40.7606065_-73.9632285
40.7606118_-73.9642863
40.7606134_-73.9570728
40.7606252_-73.9632966
40.7606311_-73.963073
40.7606325_-73.9570476
40.7606332_-73.9643309
40.7606349_-73.9642886
40.7606385_-73.96336
40.7606397_-73.9154344
40.760642_-73.9642463
40.7606435_-73.9958001
40.7606474_-73.9634234
40.7606492_-73.9644001
40.7606501_-73.9642088
40.760658_-73.943304
40.7606598_-73.9644436
40.76065_-73.9570287
40.7606607_-73.9641653
40.7606714_-73.9641313
40.7606732_-73.964487
40.7606767_-73.96365
40.7606769_-73.9822497
40.760677_-74.0019791
40.7606812_-73.964089
40.7606856_-73.9637521
40.7606865_-73.9645234
40.7606882_-73.9570117
40.7606901_-73.9640479
40.7606945_-73.9638531
40.7606954_-73.9640069
40.7606981_-73.9639388
40.7607126_-74.0020624
40.7607163_-73.9844925
40.7607184_-73.9570098
40.760726_-73.9391934
40.7607353_-73.9843649
40.760742_-73.9570187
40.7607601_-73.9570341
40.7607692_-73.9566017
40.7607702_-73.9390555
40.760776_-73.9844618
40.7607774_-73.9230396
40.7607795_-73.9570632
40.7607889_-73.9296584
40.7607936_-73.9786869
40.7607965_-73.9108922
40.760802_-73.939145
40.7608157_-73.9632948
40.760816_-73.9229253
40.7608254_-73.9628909
40.7608279_-73.9983286
40.7608301_-73.956243
40.7608358_-73.9392396
40.7608441_-73.9229854
40.7608448_-73.984418
40.7608496_-73.9262927
40.7608507_-73.963345
40.7608639_-73.9610636
40.7608818_-73.9633908
40.7608841_-73.9163375
40.7608877_-73.923077
40.7608893_-73.9390909
40.7608946_-73.9641336
40.7603655_-73.9147607
40.7603668_-73.9718094
40.760368_-73.9517365
40.7603691_-73.9574358
40.7603781_-73.9178694
40.7603807_-73.9514802
40.7603819_-73.9579678
40.7603846_-73.9516673
40.7603908_-73.9104903
40.7603934_-73.9837581
40.7603986_-73.9516168
40.7603_-73.9949814
40.7604042_-73.9571459
40.7604044_-73.9222531
40.7604087_-73.9288436
40.7604088_-73.9874753
40.7604165_-73.9515713
40.760418_-73.975831
40.7604254_-73.9362722
40.7604267_-73.9514566
40.7604299_-73.9334374
40.7604428_-73.9221265
40.760451_-73.9514988
40.7604656_-73.9837045
40.7604701_-73.9514229
40.7604715_-73.9572812
40.7604752_-73.9221955
40.7605053_-73.9155437
40.7605072_-73.9522294
40.7605111_-73.9222725
40.760517_-73.938342
40.760519_-73.9361829
40.7605248_-73.9177499
40.7605248_-73.9799722
40.7605289_-73.9513774
40.7605291_-73.9641336
40.7605357_-73.9955411
40.7605375_-73.9154281
40.7605378_-73.9077915
40.7605383_-73.9836507
40.7605433_-73.9583477
40.7605524_-73.9221327
40.7605593_-73.9641994
40.7605679_-73.9154928
40.7605691_-73.9631205
40.7605878_-73.9642499
40.7605896_-73.9631757
40.7606019_-73.9568605
40.760604_-73.9565498
40.7606054_-73.9155724
40.7606065_-73.9632285
40.7606118_-73.9642863
40.7606134_-73.9570728
40.7606252_-73.9632966
40.7606311_-73.963073
40.7606325_-73.9570476
40.7606332_-73.9643309
40.7606349_-73.9642886
40.7606385_-73.96336
40.7606397_-73.9154344
40.760642_-73.9642463
40.7606435_-73.9958001
40.7606474_-73.9634234
40.7606492_-73.9644001
40.7606501_-73.9642088
40.760658_-73.943304
40.7606598_-73.9644436
40.76065_-73.9570287
40.7606607_-73.9641653
40.7606714_-73.9641313
40.7606732_-73.964487
40.7606767_-73.96365
40.7606769_-73.9822497
40.760677_-74.0019791
40.7606812_-73.964089
40.7606856_-73.9637521
40.7606865_-73.9645234
40.7606882_-73.9570117
40.7606901_-73.9640479
40.7606945_-73.9638531
40.7606954_-73.9640069
40.7606981_-73.9639388
40.7607126_-74.0020624
40.7607163_-73.9844925
40.7607184_-73.9570098
40.760726_-73.9391934
40.7607353_-73.9843649
40.760742_-73.9570187
40.7607601_-73.9570341
40.7607692_-73.9566017
40.7607702_-73.9390555
40.760776_-73.9844618
40.7607774_-73.9230396
40.7607795_-73.9570632
40.7607889_-73.9296584
40.7607936_-73.9786869
40.7607965_-73.9108922
40.760802_-73.939145
40.7608157_-73.9632948
40.760816_-73.9229253
40.7608254_-73.9628909
40.7608279_-73.9983286
40.7608301_-73.956243
40.7608358_-73.9392396
40.7608441_-73.9229854
40.7608448_-73.984418
40.7608496_-73.9262927
40.7608507_-73.963345
40.7608639_-73.9610636
40.7608818_-73.9633908
40.7608841_-73.9163375
40.7608877_-73.923077
40.7608893_-73.9390909
40.7608946_-73.9641336
("40.7603655_-73.9147607","40.7603668_-73.9718094","40.760368_-73.9517365","40.7603691_-73.9574358","40.7603781_-73.9178694","40.7603807_-73.9514802","40.7603819_-73.9579678","40.7603846_-73.9516673","40.7603908_-73.9104903","40.7603934_-73.9837581","40.7603986_-73.9516168","40.7603_-73.9949814","40.7604042_-73.9571459","40.7604044_-73.9222531","40.7604087_-73.9288436","40.7604088_-73.9874753","40.7604165_-73.9515713","40.760418_-73.975831","40.7604254_-73.9362722","40.7604267_-73.9514566","40.7604299_-73.9334374","40.7604428_-73.9221265","40.760451_-73.9514988","40.7604656_-73.9837045","40.7604701_-73.9514229","40.7604715_-73.9572812","40.7604752_-73.9221955","40.7605053_-73.9155437","40.7605072_-73.9522294","40.7605111_-73.9222725","40.760517_-73.938342","40.760519_-73.9361829","40.7605248_-73.9177499","40.7605248_-73.9799722","40.7605289_-73.9513774","40.7605291_-73.9641336","40.7605357_-73.9955411","40.7605375_-73.9154281","40.7605378_-73.9077915","40.7605383_-73.9836507","40.7605433_-73.9583477","40.7605524_-73.9221327","40.7605593_-73.9641994","40.7605679_-73.9154928","40.7605691_-73.9631205","40.7605878_-73.9642499","40.7605896_-73.9631757","40.7606019_-73.9568605","40.760604_-73.9565498","40.7606054_-73.9155724","40.7606065_-73.9632285","40.7606118_-73.9642863","40.7606134_-73.9570728","40.7606252_-73.9632966","40.7606311_-73.963073","40.7606325_-73.9570476","40.7606332_-73.9643309","40.7606349_-73.9642886","40.7606385_-73.96336","40.7606397_-73.9154344","40.760642_-73.9642463","40.7606435_-73.9958001","40.7606474_-73.9634234","40.7606492_-73.9644001","40.7606501_-73.9642088","40.760658_-73.943304","40.7606598_-73.9644436","40.76065_-73.9570287","40.7606607_-73.9641653","40.7606714_-73.9641313","40.7606732_-73.964487","40.7606767_-73.96365","40.7606769_-73.9822497","40.760677_-74.0019791","40.7606812_-73.964089","40.7606856_-73.9637521","40.7606865_-73.9645234","40.7606882_-73.9570117","40.7606901_-73.9640479","40.7606945_-73.9638531","40.7606954_-73.9640069","40.7606981_-73.9639388","40.7607126_-74.0020624","40.7607163_-73.9844925","40.7607184_-73.9570098","40.760726_-73.9391934","40.7607353_-73.9843649","40.760742_-73.9570187","40.7607601_-73.9570341","40.7607692_-73.9566017","40.7607702_-73.9390555","40.760776_-73.9844618","40.7607774_-73.9230396","40.7607795_-73.9570632","40.7607889_-73.9296584","40.7607936_-73.9786869","40.7607965_-73.9108922","40.760802_-73.939145","40.7608157_-73.9632948","40.760816_-73.9229253","40.7608254_-73.9628909","40.7608279_-73.9983286","40.7608301_-73.956243","40.7608358_-73.9392396","40.7608441_-73.9229854","40.7608448_-73.984418","40.7608496_-73.9262927","40.7608507_-73.963345","40.7608639_-73.9610636","40.7608818_-73.9633908","40.7608841_-73.9163375","40.7608877_-73.923077","40.7608893_-73.9390909","40.7608946_-73.9641336")
done
141.42user 815.01system 1:15:27elapsed 21%CPU (0avgtext+0avgdata 81344maxresident)k
3923992inputs+103448outputs (51major+41188minor)pagefaults 0swaps
