40.7694083_-73.9224342
40.7694107_-73.9750264
40.7694249_-73.9950642
40.7694252_-73.9102475
40.7694289_-74.0161834
40.7694354_-74.0186143
40.7694526_-73.9724629
40.769462_-73.9518572
40.7694693_-73.9124234
40.7694751_-73.9578726
40.7694796_-73.9499251
40.7694811_-73.9499464
40.7694855_-73.9499717
40.769487_-73.9499037
40.7694885_-73.9351327
40.7694961_-73.9797942
40.7694968_-73.9740978
40.7694983_-73.9723987
40.7695037_-73.9148517
40.7695046_-73.9498843
40.7695113_-73.972297
40.7695157_-73.9725515
40.76951_-73.908788
40.7695221_-73.9722344
40.7695256_-73.9483892
40.7695264_-73.9482453
40.769526_-73.935227
40.769527_-73.9134975
40.7695341_-73.9721643
40.7695409_-73.9170331
40.7695424_-73.9727062
40.7695512_-73.9148088
40.7695679_-73.9060698
40.7695702_-73.9580974
40.7695708_-73.9130355
40.7695879_-73.9728541
40.7695897_-73.9155054
40.7695916_-73.911379
40.7695933_-73.9067868
40.769593_-73.9262129
40.7695943_-73.9950457
40.7696121_-73.9413705
40.7696171_-73.9115881
40.7696238_-73.9919069
40.7696285_-73.9141563
40.7696344_-73.915834
40.7696436_-73.9099869
40.7696458_-73.9483958
40.7696458_-73.9730033
40.7696508_-73.9136131
40.7696531_-73.960673
40.7696675_-73.9746803
40.7696743_-73.9819968
40.7696752_-73.9744096
40.769675_-73.907256
40.7696767_-73.9413599
40.769682_-73.9796478
40.7696837_-73.916919
40.7696847_-73.9161122
40.7696868_-73.9604617
40.7696915_-73.973105
40.7696934_-73.9480866
40.769699_-73.932726
40.769701_-73.935019
40.7697134_-73.9731536
40.7697191_-73.9717499
40.7697292_-73.9745971
40.769737_-73.9627055
40.769742_-73.914198
40.7697437_-73.9124484
40.7697458_-73.9411078
40.769747_-73.9606044
40.7697508_-73.9165258
40.7697521_-73.9444863
40.7697532_-73.9646539
40.7697674_-73.9545659
40.7697676_-73.9880799
40.7697783_-73.9412473
40.7697857_-73.9230017
40.7697905_-73.9410059
40.7697921_-73.9822548
40.769796_-73.994291
40.7698023_-73.9744617
40.7698054_-73.9733425
40.7698079_-73.9607487
40.7698123_-73.917007
40.7698209_-73.9278616
40.769834_-73.9943825
40.7698357_-73.92769
40.7698366_-73.9176431
40.7698413_-73.9843207
40.7698428_-73.9605345
40.7698433_-73.916771
40.7698455_-73.9668481
40.7698489_-73.9172091
40.7698503_-73.9648861
40.769851_-73.922948
40.7698521_-73.9444618
40.7698562_-73.9734552
40.7698678_-73.974254
40.769869_-73.908341
40.7698703_-73.9479191
40.7698734_-73.9241068
40.7698759_-73.9183827
40.7698812_-73.9480638
40.769888_-73.9409254
40.769889_-73.927807
40.7698909_-73.9949975
40.769891_-73.934832
40.7698966_-73.9735759
40.7698969_-73.9747578
40.769897_-73.913426
40.76989_-73.9158166
40.769901_-73.968904
40.7694083_-73.9224342
40.7694107_-73.9750264
40.7694249_-73.9950642
40.7694252_-73.9102475
40.7694289_-74.0161834
40.7694354_-74.0186143
40.7694526_-73.9724629
40.769462_-73.9518572
40.7694693_-73.9124234
40.7694751_-73.9578726
40.7694796_-73.9499251
40.7694811_-73.9499464
40.7694855_-73.9499717
40.769487_-73.9499037
40.7694885_-73.9351327
40.7694961_-73.9797942
40.7694968_-73.9740978
40.7694983_-73.9723987
40.7695037_-73.9148517
40.7695046_-73.9498843
40.7695113_-73.972297
40.7695157_-73.9725515
40.76951_-73.908788
40.7695221_-73.9722344
40.7695256_-73.9483892
40.7695264_-73.9482453
40.769526_-73.935227
40.769527_-73.9134975
40.7695341_-73.9721643
40.7695409_-73.9170331
40.7695424_-73.9727062
40.7695512_-73.9148088
40.7695679_-73.9060698
40.7695702_-73.9580974
40.7695708_-73.9130355
40.7695879_-73.9728541
40.7695897_-73.9155054
40.7695916_-73.911379
40.7695933_-73.9067868
40.769593_-73.9262129
40.7695943_-73.9950457
40.7696121_-73.9413705
40.7696171_-73.9115881
40.7696238_-73.9919069
40.7696285_-73.9141563
40.7696344_-73.915834
40.7696436_-73.9099869
40.7696458_-73.9483958
40.7696458_-73.9730033
40.7696508_-73.9136131
40.7696531_-73.960673
40.7696675_-73.9746803
40.7696743_-73.9819968
40.7696752_-73.9744096
40.769675_-73.907256
40.7696767_-73.9413599
40.769682_-73.9796478
40.7696837_-73.916919
40.7696847_-73.9161122
40.7696868_-73.9604617
40.7696915_-73.973105
40.7696934_-73.9480866
40.769699_-73.932726
40.769701_-73.935019
40.7697134_-73.9731536
40.7697191_-73.9717499
40.7697292_-73.9745971
40.769737_-73.9627055
40.769742_-73.914198
40.7697437_-73.9124484
40.7697458_-73.9411078
40.769747_-73.9606044
40.7697508_-73.9165258
40.7697521_-73.9444863
40.7697532_-73.9646539
40.7697674_-73.9545659
40.7697676_-73.9880799
40.7697783_-73.9412473
40.7697857_-73.9230017
40.7697905_-73.9410059
40.7697921_-73.9822548
40.769796_-73.994291
40.7698023_-73.9744617
40.7698054_-73.9733425
40.7698079_-73.9607487
40.7698123_-73.917007
40.7698209_-73.9278616
40.769834_-73.9943825
40.7698357_-73.92769
40.7698366_-73.9176431
40.7698413_-73.9843207
40.7698428_-73.9605345
40.7698433_-73.916771
40.7698455_-73.9668481
40.7698489_-73.9172091
40.7698503_-73.9648861
40.769851_-73.922948
40.7698521_-73.9444618
40.7698562_-73.9734552
40.7698678_-73.974254
40.769869_-73.908341
40.7698703_-73.9479191
40.7698734_-73.9241068
40.7698759_-73.9183827
40.7698812_-73.9480638
40.769888_-73.9409254
40.769889_-73.927807
40.7698909_-73.9949975
40.769891_-73.934832
40.7698966_-73.9735759
40.7698969_-73.9747578
40.769897_-73.913426
40.76989_-73.9158166
40.769901_-73.968904
("40.7694083_-73.9224342","40.7694107_-73.9750264","40.7694249_-73.9950642","40.7694252_-73.9102475","40.7694289_-74.0161834","40.7694354_-74.0186143","40.7694526_-73.9724629","40.769462_-73.9518572","40.7694693_-73.9124234","40.7694751_-73.9578726","40.7694796_-73.9499251","40.7694811_-73.9499464","40.7694855_-73.9499717","40.769487_-73.9499037","40.7694885_-73.9351327","40.7694961_-73.9797942","40.7694968_-73.9740978","40.7694983_-73.9723987","40.7695037_-73.9148517","40.7695046_-73.9498843","40.7695113_-73.972297","40.7695157_-73.9725515","40.76951_-73.908788","40.7695221_-73.9722344","40.7695256_-73.9483892","40.7695264_-73.9482453","40.769526_-73.935227","40.769527_-73.9134975","40.7695341_-73.9721643","40.7695409_-73.9170331","40.7695424_-73.9727062","40.7695512_-73.9148088","40.7695679_-73.9060698","40.7695702_-73.9580974","40.7695708_-73.9130355","40.7695879_-73.9728541","40.7695897_-73.9155054","40.7695916_-73.911379","40.7695933_-73.9067868","40.769593_-73.9262129","40.7695943_-73.9950457","40.7696121_-73.9413705","40.7696171_-73.9115881","40.7696238_-73.9919069","40.7696285_-73.9141563","40.7696344_-73.915834","40.7696436_-73.9099869","40.7696458_-73.9483958","40.7696458_-73.9730033","40.7696508_-73.9136131","40.7696531_-73.960673","40.7696675_-73.9746803","40.7696743_-73.9819968","40.7696752_-73.9744096","40.769675_-73.907256","40.7696767_-73.9413599","40.769682_-73.9796478","40.7696837_-73.916919","40.7696847_-73.9161122","40.7696868_-73.9604617","40.7696915_-73.973105","40.7696934_-73.9480866","40.769699_-73.932726","40.769701_-73.935019","40.7697134_-73.9731536","40.7697191_-73.9717499","40.7697292_-73.9745971","40.769737_-73.9627055","40.769742_-73.914198","40.7697437_-73.9124484","40.7697458_-73.9411078","40.769747_-73.9606044","40.7697508_-73.9165258","40.7697521_-73.9444863","40.7697532_-73.9646539","40.7697674_-73.9545659","40.7697676_-73.9880799","40.7697783_-73.9412473","40.7697857_-73.9230017","40.7697905_-73.9410059","40.7697921_-73.9822548","40.769796_-73.994291","40.7698023_-73.9744617","40.7698054_-73.9733425","40.7698079_-73.9607487","40.7698123_-73.917007","40.7698209_-73.9278616","40.769834_-73.9943825","40.7698357_-73.92769","40.7698366_-73.9176431","40.7698413_-73.9843207","40.7698428_-73.9605345","40.7698433_-73.916771","40.7698455_-73.9668481","40.7698489_-73.9172091","40.7698503_-73.9648861","40.769851_-73.922948","40.7698521_-73.9444618","40.7698562_-73.9734552","40.7698678_-73.974254","40.769869_-73.908341","40.7698703_-73.9479191","40.7698734_-73.9241068","40.7698759_-73.9183827","40.7698812_-73.9480638","40.769888_-73.9409254","40.769889_-73.927807","40.7698909_-73.9949975","40.769891_-73.934832","40.7698966_-73.9735759","40.7698969_-73.9747578","40.769897_-73.913426","40.76989_-73.9158166","40.769901_-73.968904")
done
134.50user 816.88system 1:15:27elapsed 21%CPU (0avgtext+0avgdata 68848maxresident)k
1309928inputs+53832outputs (31major+35870minor)pagefaults 0swaps
