40.7647489_-73.9120914
40.7647492_-73.9880307
40.764759_-73.94714
40.7647778_-73.9032123
40.7647854_-73.9121691
40.7647863_-73.9346219
40.7647888_-73.9309038
40.7647924_-73.9823474
40.7647981_-73.9842688
40.7647982_-73.9120514
40.7648018_-73.9704007
40.7648051_-73.9881792
40.764805_-73.9879849
40.7648064_-73.9470969
40.7648093_-73.9356863
40.7648139_-73.9821909
40.7648181_-73.947239
40.7648306_-73.9270751
40.7648371_-73.9685426
40.7648393_-73.9805314
40.7648423_-73.9704968
40.7648611_-73.9844134
40.764868_-73.9980471
40.7648769_-73.9686436
40.7648941_-73.9706197
40.764898_-73.972553
40.7649039_-73.992356
40.7649044_-73.953189
40.7649045_-73.9704515
40.764918_-73.95516
40.764921_-73.938603
40.7649417_-73.9345264
40.764959_-73.9174561
40.7649713_-73.9053158
40.764977_-73.9726753
40.764983_-73.9299634
40.7649844_-73.9847117
40.7649877_-73.9611475
40.7649888_-73.9173154
40.7649896_-73.934497
40.7649914_-73.9355729
40.7650267_-73.9724588
40.7650275_-73.9766802
40.7650277_-73.992652
40.765029_-73.9173999
40.7650309_-73.973278
40.7650422_-73.9129547
40.765042_-73.947614
40.7650495_-73.9728291
40.765056_-73.9732432
40.765066_-73.9174772
40.7650674_-73.9732273
40.7650732_-73.9952174
40.765078_-73.9052269
40.7650915_-73.9729497
40.765092_-73.9128231
40.7650956_-73.9731196
40.765097_-73.925061
40.7651003_-73.9731035
40.7651029_-73.9173394
40.7651035_-73.9730313
40.7651209_-73.9790849
40.7651211_-73.952006
40.7651229_-73.912889
40.7651469_-73.9595904
40.7651621_-73.9129727
40.7651661_-73.952117
40.7651774_-73.9128448
40.7651899_-73.9813679
40.765215_-73.939419
40.7652267_-73.9316965
40.765226_-73.922741
40.7652375_-73.9950957
40.7652383_-73.9266714
40.765245_-73.9578668
40.7652671_-73.9364016
40.7652688_-73.9853887
40.7652786_-74.0198144
40.7652791_-73.9521298
40.7652801_-73.97307
40.7652877_-73.9977548
40.7652922_-73.9521619
40.7653059_-73.9876199
40.7653085_-73.9638433
40.7653085_-73.9913292
40.7653086_-73.9730623
40.7653222_-73.9874777
40.7653353_-73.9182479
40.7653365_-73.9466149
40.7653442_-73.9061282
40.7653567_-73.9978191
40.7653573_-73.9658998
40.7653667_-73.9875746
40.7653693_-73.9181111
40.7653742_-73.9296452
40.7653743_-73.9678596
40.765407_-73.9181898
40.7654092_-73.9700841
40.7654145_-73.9838267
40.7654159_-73.9137637
40.7654174_-73.9819106
40.7654231_-73.9699396
40.7654258_-73.9877162
40.7654313_-73.9875294
40.7654411_-73.9955789
40.7654421_-73.9182671
40.7654522_-73.9819937
40.7654525_-73.9403435
40.7654528_-73.997506
40.7654532_-73.9135934
40.7654583_-73.9063626
40.7654664_-73.9700424
40.7654693_-73.968085
40.7654774_-73.9181319
40.7647489_-73.9120914
40.7647492_-73.9880307
40.764759_-73.94714
40.7647778_-73.9032123
40.7647854_-73.9121691
40.7647863_-73.9346219
40.7647888_-73.9309038
40.7647924_-73.9823474
40.7647981_-73.9842688
40.7647982_-73.9120514
40.7648018_-73.9704007
40.7648051_-73.9881792
40.764805_-73.9879849
40.7648064_-73.9470969
40.7648093_-73.9356863
40.7648139_-73.9821909
40.7648181_-73.947239
40.7648306_-73.9270751
40.7648371_-73.9685426
40.7648393_-73.9805314
40.7648423_-73.9704968
40.7648611_-73.9844134
40.764868_-73.9980471
40.7648769_-73.9686436
40.7648941_-73.9706197
40.764898_-73.972553
40.7649039_-73.992356
40.7649044_-73.953189
40.7649045_-73.9704515
40.764918_-73.95516
40.764921_-73.938603
40.7649417_-73.9345264
40.764959_-73.9174561
40.7649713_-73.9053158
40.764977_-73.9726753
40.764983_-73.9299634
40.7649844_-73.9847117
40.7649877_-73.9611475
40.7649888_-73.9173154
40.7649896_-73.934497
40.7649914_-73.9355729
40.7650267_-73.9724588
40.7650275_-73.9766802
40.7650277_-73.992652
40.765029_-73.9173999
40.7650309_-73.973278
40.7650422_-73.9129547
40.765042_-73.947614
40.7650495_-73.9728291
40.765056_-73.9732432
40.765066_-73.9174772
40.7650674_-73.9732273
40.7650732_-73.9952174
40.765078_-73.9052269
40.7650915_-73.9729497
40.765092_-73.9128231
40.7650956_-73.9731196
40.765097_-73.925061
40.7651003_-73.9731035
40.7651029_-73.9173394
40.7651035_-73.9730313
40.7651209_-73.9790849
40.7651211_-73.952006
40.7651229_-73.912889
40.7651469_-73.9595904
40.7651621_-73.9129727
40.7651661_-73.952117
40.7651774_-73.9128448
40.7651899_-73.9813679
40.765215_-73.939419
40.7652267_-73.9316965
40.765226_-73.922741
40.7652375_-73.9950957
40.7652383_-73.9266714
40.765245_-73.9578668
40.7652671_-73.9364016
40.7652688_-73.9853887
40.7652786_-74.0198144
40.7652791_-73.9521298
40.7652801_-73.97307
40.7652877_-73.9977548
40.7652922_-73.9521619
40.7653059_-73.9876199
40.7653085_-73.9638433
40.7653085_-73.9913292
40.7653086_-73.9730623
40.7653222_-73.9874777
40.7653353_-73.9182479
40.7653365_-73.9466149
40.7653442_-73.9061282
40.7653567_-73.9978191
40.7653573_-73.9658998
40.7653667_-73.9875746
40.7653693_-73.9181111
40.7653742_-73.9296452
40.7653743_-73.9678596
40.765407_-73.9181898
40.7654092_-73.9700841
40.7654145_-73.9838267
40.7654159_-73.9137637
40.7654174_-73.9819106
40.7654231_-73.9699396
40.7654258_-73.9877162
40.7654313_-73.9875294
40.7654411_-73.9955789
40.7654421_-73.9182671
40.7654522_-73.9819937
40.7654525_-73.9403435
40.7654528_-73.997506
40.7654532_-73.9135934
40.7654583_-73.9063626
40.7654664_-73.9700424
40.7654693_-73.968085
40.7654774_-73.9181319
("40.7647489_-73.9120914","40.7647492_-73.9880307","40.764759_-73.94714","40.7647778_-73.9032123","40.7647854_-73.9121691","40.7647863_-73.9346219","40.7647888_-73.9309038","40.7647924_-73.9823474","40.7647981_-73.9842688","40.7647982_-73.9120514","40.7648018_-73.9704007","40.7648051_-73.9881792","40.764805_-73.9879849","40.7648064_-73.9470969","40.7648093_-73.9356863","40.7648139_-73.9821909","40.7648181_-73.947239","40.7648306_-73.9270751","40.7648371_-73.9685426","40.7648393_-73.9805314","40.7648423_-73.9704968","40.7648611_-73.9844134","40.764868_-73.9980471","40.7648769_-73.9686436","40.7648941_-73.9706197","40.764898_-73.972553","40.7649039_-73.992356","40.7649044_-73.953189","40.7649045_-73.9704515","40.764918_-73.95516","40.764921_-73.938603","40.7649417_-73.9345264","40.764959_-73.9174561","40.7649713_-73.9053158","40.764977_-73.9726753","40.764983_-73.9299634","40.7649844_-73.9847117","40.7649877_-73.9611475","40.7649888_-73.9173154","40.7649896_-73.934497","40.7649914_-73.9355729","40.7650267_-73.9724588","40.7650275_-73.9766802","40.7650277_-73.992652","40.765029_-73.9173999","40.7650309_-73.973278","40.7650422_-73.9129547","40.765042_-73.947614","40.7650495_-73.9728291","40.765056_-73.9732432","40.765066_-73.9174772","40.7650674_-73.9732273","40.7650732_-73.9952174","40.765078_-73.9052269","40.7650915_-73.9729497","40.765092_-73.9128231","40.7650956_-73.9731196","40.765097_-73.925061","40.7651003_-73.9731035","40.7651029_-73.9173394","40.7651035_-73.9730313","40.7651209_-73.9790849","40.7651211_-73.952006","40.7651229_-73.912889","40.7651469_-73.9595904","40.7651621_-73.9129727","40.7651661_-73.952117","40.7651774_-73.9128448","40.7651899_-73.9813679","40.765215_-73.939419","40.7652267_-73.9316965","40.765226_-73.922741","40.7652375_-73.9950957","40.7652383_-73.9266714","40.765245_-73.9578668","40.7652671_-73.9364016","40.7652688_-73.9853887","40.7652786_-74.0198144","40.7652791_-73.9521298","40.7652801_-73.97307","40.7652877_-73.9977548","40.7652922_-73.9521619","40.7653059_-73.9876199","40.7653085_-73.9638433","40.7653085_-73.9913292","40.7653086_-73.9730623","40.7653222_-73.9874777","40.7653353_-73.9182479","40.7653365_-73.9466149","40.7653442_-73.9061282","40.7653567_-73.9978191","40.7653573_-73.9658998","40.7653667_-73.9875746","40.7653693_-73.9181111","40.7653742_-73.9296452","40.7653743_-73.9678596","40.765407_-73.9181898","40.7654092_-73.9700841","40.7654145_-73.9838267","40.7654159_-73.9137637","40.7654174_-73.9819106","40.7654231_-73.9699396","40.7654258_-73.9877162","40.7654313_-73.9875294","40.7654411_-73.9955789","40.7654421_-73.9182671","40.7654522_-73.9819937","40.7654525_-73.9403435","40.7654528_-73.997506","40.7654532_-73.9135934","40.7654583_-73.9063626","40.7654664_-73.9700424","40.7654693_-73.968085","40.7654774_-73.9181319")
done
142.46user 820.15system 1:14:17elapsed 21%CPU (0avgtext+0avgdata 93648maxresident)k
704064inputs+152568outputs (71major+48373minor)pagefaults 0swaps
