40.834926_-73.987175
40.8349302_-73.93785
40.8349396_-73.9470851
40.8349432_-73.9190298
40.8349476_-73.9469169
40.8349586_-73.9189087
40.8349643_-73.9187443
40.835004_-74.013644
40.835013_-73.912057
40.8350152_-73.9191738
40.83501_-73.903521
40.8350239_-73.945562
40.8350294_-73.9194803
40.835052_-73.926136
40.835056_-73.991903
40.8350754_-73.9397872
40.8350801_-73.9195906
40.835082_-73.923967
40.8351053_-73.94546
40.8351058_-73.9397842
40.8351063_-73.9194349
40.835117_-73.978375
40.8351303_-73.945824
40.83513_-73.9385366
40.8351586_-73.9397362
40.8351645_-73.9456209
40.8351662_-73.9239865
40.8351699_-73.9453852
40.835169_-73.939808
40.835178_-73.976707
40.835181_-74.010121
40.8351852_-73.9193882
40.8351873_-73.9398276
40.835196_-73.938489
40.8352061_-73.9398597
40.8352079_-73.919501
40.83522_-73.974019
40.8352479_-73.9397416
40.8352623_-73.919911
40.8352805_-73.945664
40.8352826_-73.9150116
40.8352891_-73.9439155
40.8352903_-73.9458864
40.835297_-73.9129
40.8353062_-73.9439545
40.835332_-73.926994
40.835336_-73.904634
40.8353476_-73.9454217
40.8353515_-73.9456944
40.8353595_-73.9401964
40.8353715_-73.9441039
40.835397_-73.920304
40.835412_-73.915385
40.8354235_-73.9442383
40.8354297_-73.923427
40.835475_-73.944337
40.835507_-73.9454743
40.8355124_-73.9235303
40.83552_-74.004286
40.835542_-73.944422
40.8355489_-73.9457818
40.8355556_-73.9235685
40.835558_-73.9397882
40.8355796_-73.9397861
40.8356016_-73.9397775
40.835621_-73.927859
40.835623_-73.929721
40.8356323_-73.9397183
40.835632_-73.944508
40.835634_-73.9310238
40.8356614_-73.9458496
40.8356703_-73.9395793
40.8356999_-73.9235657
40.83569_-73.937383
40.8356_-73.913793
40.835703_-73.984255
40.835715_-73.944569
40.8357173_-73.9162839
40.835724_-73.905784
40.835724_-73.921285
40.835725_-73.982075
40.8357325_-73.9374843
40.8357457_-73.905849
40.8357503_-73.9459435
40.8357638_-73.9225021
40.835773_-73.923533
40.835781_-73.987103
40.8358115_-73.9224301
40.8358221_-73.9398835
40.8358228_-73.934833
40.83582_-73.944623
40.8358329_-73.9061136
40.8358494_-73.9166637
40.8358642_-73.9457104
40.8358662_-73.9225798
40.8358785_-73.9399834
40.835895_-73.928684
40.8359164_-73.9434608
40.8359292_-73.9226512
40.83592_-73.944654
40.8359314_-73.9434968
40.835984_-73.9223208
40.8359959_-73.9436514
40.835998_-73.9035
40.83599_-73.914817
40.83602_-73.924298
40.83603_-73.944669
40.8360444_-73.9464053
40.836056_-74.006697
40.836094_-73.92926
40.8361021_-73.9347128
40.836106_-73.917433
40.836109_-73.922372
40.836114_-73.9233873
40.834926_-73.987175
40.8349302_-73.93785
40.8349396_-73.9470851
40.8349432_-73.9190298
40.8349476_-73.9469169
40.8349586_-73.9189087
40.8349643_-73.9187443
40.835004_-74.013644
40.835013_-73.912057
40.8350152_-73.9191738
40.83501_-73.903521
40.8350239_-73.945562
40.8350294_-73.9194803
40.835052_-73.926136
40.835056_-73.991903
40.8350754_-73.9397872
40.8350801_-73.9195906
40.835082_-73.923967
40.8351053_-73.94546
40.8351058_-73.9397842
40.8351063_-73.9194349
40.835117_-73.978375
40.8351303_-73.945824
40.83513_-73.9385366
40.8351586_-73.9397362
40.8351645_-73.9456209
40.8351662_-73.9239865
40.8351699_-73.9453852
40.835169_-73.939808
40.835178_-73.976707
40.835181_-74.010121
40.8351852_-73.9193882
40.8351873_-73.9398276
40.835196_-73.938489
40.8352061_-73.9398597
40.8352079_-73.919501
40.83522_-73.974019
40.8352479_-73.9397416
40.8352623_-73.919911
40.8352805_-73.945664
40.8352826_-73.9150116
40.8352891_-73.9439155
40.8352903_-73.9458864
40.835297_-73.9129
40.8353062_-73.9439545
40.835332_-73.926994
40.835336_-73.904634
40.8353476_-73.9454217
40.8353515_-73.9456944
40.8353595_-73.9401964
40.8353715_-73.9441039
40.835397_-73.920304
40.835412_-73.915385
40.8354235_-73.9442383
40.8354297_-73.923427
40.835475_-73.944337
40.835507_-73.9454743
40.8355124_-73.9235303
40.83552_-74.004286
40.835542_-73.944422
40.8355489_-73.9457818
40.8355556_-73.9235685
40.835558_-73.9397882
40.8355796_-73.9397861
40.8356016_-73.9397775
40.835621_-73.927859
40.835623_-73.929721
40.8356323_-73.9397183
40.835632_-73.944508
40.835634_-73.9310238
40.8356614_-73.9458496
40.8356703_-73.9395793
40.8356999_-73.9235657
40.83569_-73.937383
40.8356_-73.913793
40.835703_-73.984255
40.835715_-73.944569
40.8357173_-73.9162839
40.835724_-73.905784
40.835724_-73.921285
40.835725_-73.982075
40.8357325_-73.9374843
40.8357457_-73.905849
40.8357503_-73.9459435
40.8357638_-73.9225021
40.835773_-73.923533
40.835781_-73.987103
40.8358115_-73.9224301
40.8358221_-73.9398835
40.8358228_-73.934833
40.83582_-73.944623
40.8358329_-73.9061136
40.8358494_-73.9166637
40.8358642_-73.9457104
40.8358662_-73.9225798
40.8358785_-73.9399834
40.835895_-73.928684
40.8359164_-73.9434608
40.8359292_-73.9226512
40.83592_-73.944654
40.8359314_-73.9434968
40.835984_-73.9223208
40.8359959_-73.9436514
40.835998_-73.9035
40.83599_-73.914817
40.83602_-73.924298
40.83603_-73.944669
40.8360444_-73.9464053
40.836056_-74.006697
40.836094_-73.92926
40.8361021_-73.9347128
40.836106_-73.917433
40.836109_-73.922372
40.836114_-73.9233873
("40.834926_-73.987175","40.8349302_-73.93785","40.8349396_-73.9470851","40.8349432_-73.9190298","40.8349476_-73.9469169","40.8349586_-73.9189087","40.8349643_-73.9187443","40.835004_-74.013644","40.835013_-73.912057","40.8350152_-73.9191738","40.83501_-73.903521","40.8350239_-73.945562","40.8350294_-73.9194803","40.835052_-73.926136","40.835056_-73.991903","40.8350754_-73.9397872","40.8350801_-73.9195906","40.835082_-73.923967","40.8351053_-73.94546","40.8351058_-73.9397842","40.8351063_-73.9194349","40.835117_-73.978375","40.8351303_-73.945824","40.83513_-73.9385366","40.8351586_-73.9397362","40.8351645_-73.9456209","40.8351662_-73.9239865","40.8351699_-73.9453852","40.835169_-73.939808","40.835178_-73.976707","40.835181_-74.010121","40.8351852_-73.9193882","40.8351873_-73.9398276","40.835196_-73.938489","40.8352061_-73.9398597","40.8352079_-73.919501","40.83522_-73.974019","40.8352479_-73.9397416","40.8352623_-73.919911","40.8352805_-73.945664","40.8352826_-73.9150116","40.8352891_-73.9439155","40.8352903_-73.9458864","40.835297_-73.9129","40.8353062_-73.9439545","40.835332_-73.926994","40.835336_-73.904634","40.8353476_-73.9454217","40.8353515_-73.9456944","40.8353595_-73.9401964","40.8353715_-73.9441039","40.835397_-73.920304","40.835412_-73.915385","40.8354235_-73.9442383","40.8354297_-73.923427","40.835475_-73.944337","40.835507_-73.9454743","40.8355124_-73.9235303","40.83552_-74.004286","40.835542_-73.944422","40.8355489_-73.9457818","40.8355556_-73.9235685","40.835558_-73.9397882","40.8355796_-73.9397861","40.8356016_-73.9397775","40.835621_-73.927859","40.835623_-73.929721","40.8356323_-73.9397183","40.835632_-73.944508","40.835634_-73.9310238","40.8356614_-73.9458496","40.8356703_-73.9395793","40.8356999_-73.9235657","40.83569_-73.937383","40.8356_-73.913793","40.835703_-73.984255","40.835715_-73.944569","40.8357173_-73.9162839","40.835724_-73.905784","40.835724_-73.921285","40.835725_-73.982075","40.8357325_-73.9374843","40.8357457_-73.905849","40.8357503_-73.9459435","40.8357638_-73.9225021","40.835773_-73.923533","40.835781_-73.987103","40.8358115_-73.9224301","40.8358221_-73.9398835","40.8358228_-73.934833","40.83582_-73.944623","40.8358329_-73.9061136","40.8358494_-73.9166637","40.8358642_-73.9457104","40.8358662_-73.9225798","40.8358785_-73.9399834","40.835895_-73.928684","40.8359164_-73.9434608","40.8359292_-73.9226512","40.83592_-73.944654","40.8359314_-73.9434968","40.835984_-73.9223208","40.8359959_-73.9436514","40.835998_-73.9035","40.83599_-73.914817","40.83602_-73.924298","40.83603_-73.944669","40.8360444_-73.9464053","40.836056_-74.006697","40.836094_-73.92926","40.8361021_-73.9347128","40.836106_-73.917433","40.836109_-73.922372","40.836114_-73.9233873")
done
130.63user 814.42system 1:11:33elapsed 22%CPU (0avgtext+0avgdata 51972maxresident)k
760624inputs+48outputs (3major+27232minor)pagefaults 0swaps
