40.821807_-73.913215
40.8218122_-73.9271827
40.8218559_-73.920653
40.8219246_-73.9344124
40.821945_-73.907427
40.821946_-73.928094
40.8220008_-73.9536232
40.8220318_-73.9536971
40.822052_-73.944049
40.8220613_-73.9499097
40.822064_-74.0131
40.8220806_-73.9538135
40.822095_-73.92034
40.8221053_-73.948085
40.8221089_-73.975132
40.822117_-73.9118019
40.8221367_-73.927048
40.8221495_-73.9114652
40.822164_-73.942411
40.8221718_-73.9520987
40.8221759_-73.9113635
40.822181_-73.908418
40.8221951_-73.9309374
40.822208_-73.916922
40.822212_-73.9111549
40.8222135_-73.9279803
40.8222216_-73.9578629
40.822232_-73.981886
40.8222445_-73.9110004
40.822248_-74.008715
40.822258_-73.956154
40.8222816_-73.9385175
40.8223056_-73.9107145
40.822305_-73.914843
40.8223143_-73.9343952
40.8223236_-73.920236
40.8223425_-73.9386611
40.8223654_-73.9749645
40.8223677_-73.9310271
40.822369_-73.987768
40.822387_-74.008714
40.822404_-73.992517
40.8224088_-73.9278974
40.8224172_-73.957871
40.822441_-73.912876
40.8224477_-73.9094834
40.822457_-73.926915
40.822478_-74.008705
40.8224994_-73.9094311
40.8225184_-73.920134
40.822538_-73.9098683
40.8225464_-73.911558
40.822559_-73.977581
40.8225961_-73.9434308
40.8226181_-73.9531692
40.822628_-73.943506
40.8226364_-73.9105241
40.8226401_-73.9277947
40.8226455_-73.9344124
40.822646_-73.9513029
40.8226498_-73.9532446
40.8226585_-73.9342751
40.8226594_-73.920063
40.8226821_-73.9494564
40.8226922_-73.9104999
40.822698_-73.9533594
40.8227022_-73.9202093
40.8227092_-73.9200339
40.822715_-73.90314
40.8227196_-73.9267653
40.8227216_-73.9574473
40.822737_-73.947622
40.822758_-73.911468
40.8227592_-73.9093466
40.822785_-73.98134
40.8227906_-73.9557843
40.822828_-73.916569
40.8228413_-73.9419205
40.82284_-73.928755
40.8228607_-73.9094324
40.8228709_-73.9104637
40.8228799_-73.9557306
40.8229045_-73.9380641
40.8229098_-73.9190748
40.822929_-73.920876
40.822942_-73.914506
40.822949_-73.9556877
40.8229651_-73.938212
40.822978_-73.985367
40.8229_-73.919931
40.8230745_-73.9561834
40.823075_-73.912541
40.8231195_-73.9504964
40.823122_-74.004315
40.8231276_-73.95631
40.823127_-73.99074
40.823172_-73.927489
40.823179_-73.957081
40.82318_-73.988331
40.8231928_-73.910494
40.8231_-73.923371
40.8232381_-73.9527141
40.8232549_-74.0051538
40.8232579_-73.9429237
40.8232705_-73.9527913
40.8233126_-73.9285538
40.8233158_-73.9489935
40.823318_-73.9529044
40.823337_-73.905732
40.82333_-73.9808
40.82336_-73.947165
40.8233752_-73.9091186
40.823385_-73.918337
40.8234586_-73.9244028
40.821807_-73.913215
40.8218122_-73.9271827
40.8218559_-73.920653
40.8219246_-73.9344124
40.821945_-73.907427
40.821946_-73.928094
40.8220008_-73.9536232
40.8220318_-73.9536971
40.822052_-73.944049
40.8220613_-73.9499097
40.822064_-74.0131
40.8220806_-73.9538135
40.822095_-73.92034
40.8221053_-73.948085
40.8221089_-73.975132
40.822117_-73.9118019
40.8221367_-73.927048
40.8221495_-73.9114652
40.822164_-73.942411
40.8221718_-73.9520987
40.8221759_-73.9113635
40.822181_-73.908418
40.8221951_-73.9309374
40.822208_-73.916922
40.822212_-73.9111549
40.8222135_-73.9279803
40.8222216_-73.9578629
40.822232_-73.981886
40.8222445_-73.9110004
40.822248_-74.008715
40.822258_-73.956154
40.8222816_-73.9385175
40.8223056_-73.9107145
40.822305_-73.914843
40.8223143_-73.9343952
40.8223236_-73.920236
40.8223425_-73.9386611
40.8223654_-73.9749645
40.8223677_-73.9310271
40.822369_-73.987768
40.822387_-74.008714
40.822404_-73.992517
40.8224088_-73.9278974
40.8224172_-73.957871
40.822441_-73.912876
40.8224477_-73.9094834
40.822457_-73.926915
40.822478_-74.008705
40.8224994_-73.9094311
40.8225184_-73.920134
40.822538_-73.9098683
40.8225464_-73.911558
40.822559_-73.977581
40.8225961_-73.9434308
40.8226181_-73.9531692
40.822628_-73.943506
40.8226364_-73.9105241
40.8226401_-73.9277947
40.8226455_-73.9344124
40.822646_-73.9513029
40.8226498_-73.9532446
40.8226585_-73.9342751
40.8226594_-73.920063
40.8226821_-73.9494564
40.8226922_-73.9104999
40.822698_-73.9533594
40.8227022_-73.9202093
40.8227092_-73.9200339
40.822715_-73.90314
40.8227196_-73.9267653
40.8227216_-73.9574473
40.822737_-73.947622
40.822758_-73.911468
40.8227592_-73.9093466
40.822785_-73.98134
40.8227906_-73.9557843
40.822828_-73.916569
40.8228413_-73.9419205
40.82284_-73.928755
40.8228607_-73.9094324
40.8228709_-73.9104637
40.8228799_-73.9557306
40.8229045_-73.9380641
40.8229098_-73.9190748
40.822929_-73.920876
40.822942_-73.914506
40.822949_-73.9556877
40.8229651_-73.938212
40.822978_-73.985367
40.8229_-73.919931
40.8230745_-73.9561834
40.823075_-73.912541
40.8231195_-73.9504964
40.823122_-74.004315
40.8231276_-73.95631
40.823127_-73.99074
40.823172_-73.927489
40.823179_-73.957081
40.82318_-73.988331
40.8231928_-73.910494
40.8231_-73.923371
40.8232381_-73.9527141
40.8232549_-74.0051538
40.8232579_-73.9429237
40.8232705_-73.9527913
40.8233126_-73.9285538
40.8233158_-73.9489935
40.823318_-73.9529044
40.823337_-73.905732
40.82333_-73.9808
40.82336_-73.947165
40.8233752_-73.9091186
40.823385_-73.918337
40.8234586_-73.9244028
("40.821807_-73.913215","40.8218122_-73.9271827","40.8218559_-73.920653","40.8219246_-73.9344124","40.821945_-73.907427","40.821946_-73.928094","40.8220008_-73.9536232","40.8220318_-73.9536971","40.822052_-73.944049","40.8220613_-73.9499097","40.822064_-74.0131","40.8220806_-73.9538135","40.822095_-73.92034","40.8221053_-73.948085","40.8221089_-73.975132","40.822117_-73.9118019","40.8221367_-73.927048","40.8221495_-73.9114652","40.822164_-73.942411","40.8221718_-73.9520987","40.8221759_-73.9113635","40.822181_-73.908418","40.8221951_-73.9309374","40.822208_-73.916922","40.822212_-73.9111549","40.8222135_-73.9279803","40.8222216_-73.9578629","40.822232_-73.981886","40.8222445_-73.9110004","40.822248_-74.008715","40.822258_-73.956154","40.8222816_-73.9385175","40.8223056_-73.9107145","40.822305_-73.914843","40.8223143_-73.9343952","40.8223236_-73.920236","40.8223425_-73.9386611","40.8223654_-73.9749645","40.8223677_-73.9310271","40.822369_-73.987768","40.822387_-74.008714","40.822404_-73.992517","40.8224088_-73.9278974","40.8224172_-73.957871","40.822441_-73.912876","40.8224477_-73.9094834","40.822457_-73.926915","40.822478_-74.008705","40.8224994_-73.9094311","40.8225184_-73.920134","40.822538_-73.9098683","40.8225464_-73.911558","40.822559_-73.977581","40.8225961_-73.9434308","40.8226181_-73.9531692","40.822628_-73.943506","40.8226364_-73.9105241","40.8226401_-73.9277947","40.8226455_-73.9344124","40.822646_-73.9513029","40.8226498_-73.9532446","40.8226585_-73.9342751","40.8226594_-73.920063","40.8226821_-73.9494564","40.8226922_-73.9104999","40.822698_-73.9533594","40.8227022_-73.9202093","40.8227092_-73.9200339","40.822715_-73.90314","40.8227196_-73.9267653","40.8227216_-73.9574473","40.822737_-73.947622","40.822758_-73.911468","40.8227592_-73.9093466","40.822785_-73.98134","40.8227906_-73.9557843","40.822828_-73.916569","40.8228413_-73.9419205","40.82284_-73.928755","40.8228607_-73.9094324","40.8228709_-73.9104637","40.8228799_-73.9557306","40.8229045_-73.9380641","40.8229098_-73.9190748","40.822929_-73.920876","40.822942_-73.914506","40.822949_-73.9556877","40.8229651_-73.938212","40.822978_-73.985367","40.8229_-73.919931","40.8230745_-73.9561834","40.823075_-73.912541","40.8231195_-73.9504964","40.823122_-74.004315","40.8231276_-73.95631","40.823127_-73.99074","40.823172_-73.927489","40.823179_-73.957081","40.82318_-73.988331","40.8231928_-73.910494","40.8231_-73.923371","40.8232381_-73.9527141","40.8232549_-74.0051538","40.8232579_-73.9429237","40.8232705_-73.9527913","40.8233126_-73.9285538","40.8233158_-73.9489935","40.823318_-73.9529044","40.823337_-73.905732","40.82333_-73.9808","40.82336_-73.947165","40.8233752_-73.9091186","40.823385_-73.918337","40.8234586_-73.9244028")
done
125.87user 814.93system 1:15:34elapsed 20%CPU (0avgtext+0avgdata 52688maxresident)k
570728inputs+48outputs (4major+28454minor)pagefaults 0swaps
