40.7152207_-74.0132131
40.7152245_-73.9771211
40.715228_-73.944499
40.7152343_-73.9842396
40.715236_-74.00542
40.7152408_-73.9370134
40.715241_-73.987074
40.7152427_-73.9130921
40.715245_-73.994855
40.7152491_-74.013371
40.7152625_-73.9075055
40.7152642_-73.9521044
40.7152665_-73.912631
40.7152682_-73.9129428
40.715282_-73.904224
40.7152833_-74.01355
40.7152848_-73.9514451
40.71528_-73.935654
40.715291_-74.000789
40.7152974_-73.9124982
40.7153025_-73.9764958
40.7153065_-74.0136854
40.715306_-73.960436
40.715311_-73.9761415
40.715323_-73.938696
40.7153273_-73.9128254
40.7153281_-73.9129768
40.7153282_-73.9955126
40.715335_-73.938906
40.7153546_-73.9762897
40.715355_-73.9934
40.7153733_-73.9785566
40.715374_-73.958223
40.7153752_-73.9977246
40.7153769_-73.9847936
40.715378_-73.98117
40.71537_-73.9127155
40.715387_-73.942818
40.715398_-73.90333
40.715401_-73.908572
40.715401_-73.926926
40.7154057_-74.0146496
40.7154214_-74.0144914
40.7154237_-73.9127756
40.7154264_-74.0166662
40.7154299_-73.9948689
40.715433_-73.953865
40.715433_-74.007544
40.7154372_-73.9792045
40.7154402_-73.9850353
40.7154482_-73.9772504
40.7154494_-73.9785341
40.715452_-73.942162
40.7154534_-73.9850789
40.715456_-73.986996
40.7154583_-73.9956468
40.7154632_-73.9851111
40.715464_-73.949598
40.7154735_-74.0166868
40.7154811_-73.9518355
40.7154817_-73.934904
40.7154827_-73.9771253
40.7154935_-74.0030433
40.7155139_-73.9952148
40.7155184_-74.0146614
40.715519_-73.941228
40.7155228_-73.9964459
40.7155284_-73.9782822
40.7155287_-74.016677
40.71552_-74.009239
40.7155371_-73.9123524
40.71553_-73.966416
40.715546_-74.015598
40.715553_-73.989754
40.7155599_-73.9965635
40.7155794_-73.9512354
40.71557_-74.0005872
40.715583_-73.960139
40.715589_-73.933977
40.71558_-73.962289
40.7155913_-73.9964081
40.7155919_-74.0030273
40.715592_-74.011108
40.7155931_-73.978277
40.715603_-73.986929
40.7156085_-73.9942713
40.7156114_-73.9071542
40.7156127_-73.9388213
40.7156169_-73.9957809
40.715617_-73.947954
40.7156295_-73.996525
40.7156325_-73.9793982
40.715632_-73.9856678
40.715633_-73.998491
40.715649_-73.977917
40.7156507_-73.9944022
40.7156563_-73.9513362
40.7156574_-73.9125652
40.7156743_-73.9942391
40.7156753_-73.9121779
40.715682_-74.015495
40.7156856_-73.9800262
40.7156867_-73.9793614
40.7156923_-73.9340188
40.715692_-73.978083
40.715702_-73.95578
40.7157099_-73.9859253
40.7157145_-73.99648
40.7157185_-73.9358356
40.715719_-73.930395
40.7157229_-73.9119923
40.7157235_-74.0165901
40.715733_-73.964472
40.715737_-73.910507
40.7152207_-74.0132131
40.7152245_-73.9771211
40.715228_-73.944499
40.7152343_-73.9842396
40.715236_-74.00542
40.7152408_-73.9370134
40.715241_-73.987074
40.7152427_-73.9130921
40.715245_-73.994855
40.7152491_-74.013371
40.7152625_-73.9075055
40.7152642_-73.9521044
40.7152665_-73.912631
40.7152682_-73.9129428
40.715282_-73.904224
40.7152833_-74.01355
40.7152848_-73.9514451
40.71528_-73.935654
40.715291_-74.000789
40.7152974_-73.9124982
40.7153025_-73.9764958
40.7153065_-74.0136854
40.715306_-73.960436
40.715311_-73.9761415
40.715323_-73.938696
40.7153273_-73.9128254
40.7153281_-73.9129768
40.7153282_-73.9955126
40.715335_-73.938906
40.7153546_-73.9762897
40.715355_-73.9934
40.7153733_-73.9785566
40.715374_-73.958223
40.7153752_-73.9977246
40.7153769_-73.9847936
40.715378_-73.98117
40.71537_-73.9127155
40.715387_-73.942818
40.715398_-73.90333
40.715401_-73.908572
40.715401_-73.926926
40.7154057_-74.0146496
40.7154214_-74.0144914
40.7154237_-73.9127756
40.7154264_-74.0166662
40.7154299_-73.9948689
40.715433_-73.953865
40.715433_-74.007544
40.7154372_-73.9792045
40.7154402_-73.9850353
40.7154482_-73.9772504
40.7154494_-73.9785341
40.715452_-73.942162
40.7154534_-73.9850789
40.715456_-73.986996
40.7154583_-73.9956468
40.7154632_-73.9851111
40.715464_-73.949598
40.7154735_-74.0166868
40.7154811_-73.9518355
40.7154817_-73.934904
40.7154827_-73.9771253
40.7154935_-74.0030433
40.7155139_-73.9952148
40.7155184_-74.0146614
40.715519_-73.941228
40.7155228_-73.9964459
40.7155284_-73.9782822
40.7155287_-74.016677
40.71552_-74.009239
40.7155371_-73.9123524
40.71553_-73.966416
40.715546_-74.015598
40.715553_-73.989754
40.7155599_-73.9965635
40.7155794_-73.9512354
40.71557_-74.0005872
40.715583_-73.960139
40.715589_-73.933977
40.71558_-73.962289
40.7155913_-73.9964081
40.7155919_-74.0030273
40.715592_-74.011108
40.7155931_-73.978277
40.715603_-73.986929
40.7156085_-73.9942713
40.7156114_-73.9071542
40.7156127_-73.9388213
40.7156169_-73.9957809
40.715617_-73.947954
40.7156295_-73.996525
40.7156325_-73.9793982
40.715632_-73.9856678
40.715633_-73.998491
40.715649_-73.977917
40.7156507_-73.9944022
40.7156563_-73.9513362
40.7156574_-73.9125652
40.7156743_-73.9942391
40.7156753_-73.9121779
40.715682_-74.015495
40.7156856_-73.9800262
40.7156867_-73.9793614
40.7156923_-73.9340188
40.715692_-73.978083
40.715702_-73.95578
40.7157099_-73.9859253
40.7157145_-73.99648
40.7157185_-73.9358356
40.715719_-73.930395
40.7157229_-73.9119923
40.7157235_-74.0165901
40.715733_-73.964472
40.715737_-73.910507
("40.7152207_-74.0132131","40.7152245_-73.9771211","40.715228_-73.944499","40.7152343_-73.9842396","40.715236_-74.00542","40.7152408_-73.9370134","40.715241_-73.987074","40.7152427_-73.9130921","40.715245_-73.994855","40.7152491_-74.013371","40.7152625_-73.9075055","40.7152642_-73.9521044","40.7152665_-73.912631","40.7152682_-73.9129428","40.715282_-73.904224","40.7152833_-74.01355","40.7152848_-73.9514451","40.71528_-73.935654","40.715291_-74.000789","40.7152974_-73.9124982","40.7153025_-73.9764958","40.7153065_-74.0136854","40.715306_-73.960436","40.715311_-73.9761415","40.715323_-73.938696","40.7153273_-73.9128254","40.7153281_-73.9129768","40.7153282_-73.9955126","40.715335_-73.938906","40.7153546_-73.9762897","40.715355_-73.9934","40.7153733_-73.9785566","40.715374_-73.958223","40.7153752_-73.9977246","40.7153769_-73.9847936","40.715378_-73.98117","40.71537_-73.9127155","40.715387_-73.942818","40.715398_-73.90333","40.715401_-73.908572","40.715401_-73.926926","40.7154057_-74.0146496","40.7154214_-74.0144914","40.7154237_-73.9127756","40.7154264_-74.0166662","40.7154299_-73.9948689","40.715433_-73.953865","40.715433_-74.007544","40.7154372_-73.9792045","40.7154402_-73.9850353","40.7154482_-73.9772504","40.7154494_-73.9785341","40.715452_-73.942162","40.7154534_-73.9850789","40.715456_-73.986996","40.7154583_-73.9956468","40.7154632_-73.9851111","40.715464_-73.949598","40.7154735_-74.0166868","40.7154811_-73.9518355","40.7154817_-73.934904","40.7154827_-73.9771253","40.7154935_-74.0030433","40.7155139_-73.9952148","40.7155184_-74.0146614","40.715519_-73.941228","40.7155228_-73.9964459","40.7155284_-73.9782822","40.7155287_-74.016677","40.71552_-74.009239","40.7155371_-73.9123524","40.71553_-73.966416","40.715546_-74.015598","40.715553_-73.989754","40.7155599_-73.9965635","40.7155794_-73.9512354","40.71557_-74.0005872","40.715583_-73.960139","40.715589_-73.933977","40.71558_-73.962289","40.7155913_-73.9964081","40.7155919_-74.0030273","40.715592_-74.011108","40.7155931_-73.978277","40.715603_-73.986929","40.7156085_-73.9942713","40.7156114_-73.9071542","40.7156127_-73.9388213","40.7156169_-73.9957809","40.715617_-73.947954","40.7156295_-73.996525","40.7156325_-73.9793982","40.715632_-73.9856678","40.715633_-73.998491","40.715649_-73.977917","40.7156507_-73.9944022","40.7156563_-73.9513362","40.7156574_-73.9125652","40.7156743_-73.9942391","40.7156753_-73.9121779","40.715682_-74.015495","40.7156856_-73.9800262","40.7156867_-73.9793614","40.7156923_-73.9340188","40.715692_-73.978083","40.715702_-73.95578","40.7157099_-73.9859253","40.7157145_-73.99648","40.7157185_-73.9358356","40.715719_-73.930395","40.7157229_-73.9119923","40.7157235_-74.0165901","40.715733_-73.964472","40.715737_-73.910507")
done
141.31user 810.37system 1:14:40elapsed 21%CPU (0avgtext+0avgdata 59804maxresident)k
1260776inputs+18040outputs (12major+30541minor)pagefaults 0swaps
