40.843979_-73.913858
40.844049_-73.941142
40.8440532_-73.9230105
40.844065_-73.920987
40.844105_-73.986651
40.844137_-73.937518
40.8441441_-73.923844
40.8441441_-73.9263674
40.8441506_-73.924462
40.8441579_-73.9252618
40.844176_-73.917452
40.844201_-73.935653
40.8442147_-73.9235666
40.8442155_-73.9234749
40.8442155_-73.9450871
40.8442417_-73.9227073
40.8442431_-73.9337066
40.8442708_-73.9304213
40.8442913_-73.9229259
40.844304_-73.9247897
40.844343_-73.914745
40.8443524_-73.9389303
40.844366_-73.921744
40.844384_-73.990938
40.8444095_-73.9250579
40.8444103_-73.917544
40.8444301_-73.9226382
40.8444554_-73.9041493
40.8444622_-73.9438597
40.8444665_-73.9040675
40.844474_-73.994271
40.844488_-73.972338
40.8445688_-73.9423821
40.8445912_-73.9048449
40.8445_-73.913485
40.844601_-73.942459
40.8446216_-73.9386543
40.844642_-73.905767
40.8446487_-73.9387288
40.8446598_-73.9206352
40.8446726_-73.9145136
40.844683_-73.917544
40.844683_-73.9449412
40.844686_-73.940795
40.8446886_-73.9388653
40.844689_-73.906665
40.8447008_-73.9121519
40.8447025_-73.9122081
40.8447143_-73.9122675
40.844734_-73.9389963
40.844735_-73.90756
40.8447476_-73.9117036
40.8447574_-73.9066579
40.844783_-73.908462
40.844788_-73.937043
40.8447934_-73.9245349
40.844794_-73.907556
40.844794_-73.915867
40.8448022_-73.9248724
40.8448318_-73.9108996
40.8448443_-73.9093781
40.844846_-73.935181
40.844855_-73.91612
40.8448587_-73.914383
40.8448605_-73.9261423
40.844882_-73.976735
40.8448846_-73.9103664
40.8448888_-73.9102744
40.844895_-73.9093743
40.8449038_-73.9220458
40.844904_-73.9172389
40.8449056_-73.9332225
40.8449167_-73.919634
40.844924_-73.99505
40.8449445_-73.9174267
40.8449566_-73.9131638
40.844963_-73.973749
40.8449748_-73.9128846
40.8449875_-73.9048322
40.844989_-73.9142845
40.8450154_-73.9120507
40.8450175_-73.9300522
40.8450206_-73.9245821
40.8450392_-73.9048282
40.8450394_-73.9142471
40.8450469_-73.9030972
40.8450598_-73.922375
40.8450624_-73.906626
40.845076_-73.905731
40.8450826_-73.9423109
40.84508_-73.986053
40.845095_-73.9031576
40.845099_-73.9670156
40.8451063_-73.9845415
40.8451147_-73.9243179
40.845116_-73.9225995
40.845126_-73.982125
40.84512_-73.90662
40.845168_-73.907531
40.8451747_-73.9437525
40.8452094_-73.9202761
40.8452094_-73.9423114
40.8452124_-73.9211227
40.845213_-73.908441
40.8452196_-73.9093461
40.8452212_-73.9211509
40.8452219_-73.9449068
40.84522_-73.971743
40.8452572_-73.9093421
40.8452609_-73.9437395
40.845266_-73.9222759
40.8452685_-73.9202279
40.8452771_-73.9278595
40.8452869_-73.9225237
40.843979_-73.913858
40.844049_-73.941142
40.8440532_-73.9230105
40.844065_-73.920987
40.844105_-73.986651
40.844137_-73.937518
40.8441441_-73.923844
40.8441441_-73.9263674
40.8441506_-73.924462
40.8441579_-73.9252618
40.844176_-73.917452
40.844201_-73.935653
40.8442147_-73.9235666
40.8442155_-73.9234749
40.8442155_-73.9450871
40.8442417_-73.9227073
40.8442431_-73.9337066
40.8442708_-73.9304213
40.8442913_-73.9229259
40.844304_-73.9247897
40.844343_-73.914745
40.8443524_-73.9389303
40.844366_-73.921744
40.844384_-73.990938
40.8444095_-73.9250579
40.8444103_-73.917544
40.8444301_-73.9226382
40.8444554_-73.9041493
40.8444622_-73.9438597
40.8444665_-73.9040675
40.844474_-73.994271
40.844488_-73.972338
40.8445688_-73.9423821
40.8445912_-73.9048449
40.8445_-73.913485
40.844601_-73.942459
40.8446216_-73.9386543
40.844642_-73.905767
40.8446487_-73.9387288
40.8446598_-73.9206352
40.8446726_-73.9145136
40.844683_-73.917544
40.844683_-73.9449412
40.844686_-73.940795
40.8446886_-73.9388653
40.844689_-73.906665
40.8447008_-73.9121519
40.8447025_-73.9122081
40.8447143_-73.9122675
40.844734_-73.9389963
40.844735_-73.90756
40.8447476_-73.9117036
40.8447574_-73.9066579
40.844783_-73.908462
40.844788_-73.937043
40.8447934_-73.9245349
40.844794_-73.907556
40.844794_-73.915867
40.8448022_-73.9248724
40.8448318_-73.9108996
40.8448443_-73.9093781
40.844846_-73.935181
40.844855_-73.91612
40.8448587_-73.914383
40.8448605_-73.9261423
40.844882_-73.976735
40.8448846_-73.9103664
40.8448888_-73.9102744
40.844895_-73.9093743
40.8449038_-73.9220458
40.844904_-73.9172389
40.8449056_-73.9332225
40.8449167_-73.919634
40.844924_-73.99505
40.8449445_-73.9174267
40.8449566_-73.9131638
40.844963_-73.973749
40.8449748_-73.9128846
40.8449875_-73.9048322
40.844989_-73.9142845
40.8450154_-73.9120507
40.8450175_-73.9300522
40.8450206_-73.9245821
40.8450392_-73.9048282
40.8450394_-73.9142471
40.8450469_-73.9030972
40.8450598_-73.922375
40.8450624_-73.906626
40.845076_-73.905731
40.8450826_-73.9423109
40.84508_-73.986053
40.845095_-73.9031576
40.845099_-73.9670156
40.8451063_-73.9845415
40.8451147_-73.9243179
40.845116_-73.9225995
40.845126_-73.982125
40.84512_-73.90662
40.845168_-73.907531
40.8451747_-73.9437525
40.8452094_-73.9202761
40.8452094_-73.9423114
40.8452124_-73.9211227
40.845213_-73.908441
40.8452196_-73.9093461
40.8452212_-73.9211509
40.8452219_-73.9449068
40.84522_-73.971743
40.8452572_-73.9093421
40.8452609_-73.9437395
40.845266_-73.9222759
40.8452685_-73.9202279
40.8452771_-73.9278595
40.8452869_-73.9225237
("40.843979_-73.913858","40.844049_-73.941142","40.8440532_-73.9230105","40.844065_-73.920987","40.844105_-73.986651","40.844137_-73.937518","40.8441441_-73.923844","40.8441441_-73.9263674","40.8441506_-73.924462","40.8441579_-73.9252618","40.844176_-73.917452","40.844201_-73.935653","40.8442147_-73.9235666","40.8442155_-73.9234749","40.8442155_-73.9450871","40.8442417_-73.9227073","40.8442431_-73.9337066","40.8442708_-73.9304213","40.8442913_-73.9229259","40.844304_-73.9247897","40.844343_-73.914745","40.8443524_-73.9389303","40.844366_-73.921744","40.844384_-73.990938","40.8444095_-73.9250579","40.8444103_-73.917544","40.8444301_-73.9226382","40.8444554_-73.9041493","40.8444622_-73.9438597","40.8444665_-73.9040675","40.844474_-73.994271","40.844488_-73.972338","40.8445688_-73.9423821","40.8445912_-73.9048449","40.8445_-73.913485","40.844601_-73.942459","40.8446216_-73.9386543","40.844642_-73.905767","40.8446487_-73.9387288","40.8446598_-73.9206352","40.8446726_-73.9145136","40.844683_-73.917544","40.844683_-73.9449412","40.844686_-73.940795","40.8446886_-73.9388653","40.844689_-73.906665","40.8447008_-73.9121519","40.8447025_-73.9122081","40.8447143_-73.9122675","40.844734_-73.9389963","40.844735_-73.90756","40.8447476_-73.9117036","40.8447574_-73.9066579","40.844783_-73.908462","40.844788_-73.937043","40.8447934_-73.9245349","40.844794_-73.907556","40.844794_-73.915867","40.8448022_-73.9248724","40.8448318_-73.9108996","40.8448443_-73.9093781","40.844846_-73.935181","40.844855_-73.91612","40.8448587_-73.914383","40.8448605_-73.9261423","40.844882_-73.976735","40.8448846_-73.9103664","40.8448888_-73.9102744","40.844895_-73.9093743","40.8449038_-73.9220458","40.844904_-73.9172389","40.8449056_-73.9332225","40.8449167_-73.919634","40.844924_-73.99505","40.8449445_-73.9174267","40.8449566_-73.9131638","40.844963_-73.973749","40.8449748_-73.9128846","40.8449875_-73.9048322","40.844989_-73.9142845","40.8450154_-73.9120507","40.8450175_-73.9300522","40.8450206_-73.9245821","40.8450392_-73.9048282","40.8450394_-73.9142471","40.8450469_-73.9030972","40.8450598_-73.922375","40.8450624_-73.906626","40.845076_-73.905731","40.8450826_-73.9423109","40.84508_-73.986053","40.845095_-73.9031576","40.845099_-73.9670156","40.8451063_-73.9845415","40.8451147_-73.9243179","40.845116_-73.9225995","40.845126_-73.982125","40.84512_-73.90662","40.845168_-73.907531","40.8451747_-73.9437525","40.8452094_-73.9202761","40.8452094_-73.9423114","40.8452124_-73.9211227","40.845213_-73.908441","40.8452196_-73.9093461","40.8452212_-73.9211509","40.8452219_-73.9449068","40.84522_-73.971743","40.8452572_-73.9093421","40.8452609_-73.9437395","40.845266_-73.9222759","40.8452685_-73.9202279","40.8452771_-73.9278595","40.8452869_-73.9225237")
done
125.67user 809.00system 1:15:11elapsed 20%CPU (0avgtext+0avgdata 51820maxresident)k
2038680inputs+48outputs (1major+27211minor)pagefaults 0swaps
