40.8168292_-73.9343373
40.816844_-73.905144
40.816873_-73.989017
40.816878_-73.960735
40.8168846_-73.9611683
40.816884_-73.980807
40.8169085_-73.934525
40.8169182_-73.9163315
40.8169185_-73.9340262
40.8169268_-73.934407
40.8169419_-73.9310554
40.816954_-73.950083
40.8169881_-73.9346172
40.8169955_-73.9575149
40.81699_-73.960772
40.816_-73.9312271
40.817003_-73.930008
40.817007_-73.959493
40.817015_-73.991409
40.817038_-74.00572
40.8170496_-73.9557923
40.817084_-73.947934
40.817098_-73.96079
40.8171052_-73.9343963
40.817116_-73.948009
40.817128_-73.950082
40.8171298_-73.9363221
40.817129_-73.914853
40.8171532_-73.9479605
40.8171663_-73.936373
40.817175_-73.946055
40.817179_-73.90665
40.8171962_-73.9478558
40.8171973_-73.9422256
40.817205_-73.96079
40.817211_-73.915991
40.817221_-73.952273
40.8172232_-73.9363596
40.8172277_-73.9339934
40.81722_-73.919238
40.81722_-73.9478249
40.8172344_-73.9310039
40.81723_-73.9345635
40.8172542_-73.934419
40.8172567_-73.9384793
40.8172707_-73.9423994
40.817277_-73.922327
40.817286_-73.950059
40.8173165_-73.9386193
40.817328_-73.960767
40.817335_-73.996323
40.81735_-73.988914
40.8173685_-73.9113895
40.817388_-73.922758
40.817403_-73.960741
40.8174128_-73.9309588
40.817415_-73.928724
40.817427_-74.003357
40.8174353_-73.9555992
40.817441_-73.950017
40.8175106_-73.9123323
40.817512_-73.917119
40.8175185_-73.9568845
40.81751_-73.960687
40.8175466_-73.9569501
40.817546_-74.004308
40.817562_-74.003233
40.817579_-73.903593
40.817581_-73.915528
40.8175891_-73.9531759
40.81758_-73.980148
40.817591_-73.949955
40.8175997_-73.9570737
40.817621_-74.003344
40.8176383_-73.9609797
40.8176387_-74.0004167
40.817651_-74.00565
40.8176661_-73.9297518
40.8176896_-73.9339833
40.817697_-73.9307657
40.8177196_-73.9360117
40.817749_-73.949866
40.81776_-73.947441
40.8177973_-73.961712
40.817797_-74.001533
40.817799_-73.935956
40.8178222_-73.9417656
40.817825_-73.915263
40.817855_-73.947666
40.817866_-73.905007
40.8178749_-73.9380263
40.8178785_-73.9618085
40.8178826_-73.9132625
40.817889_-73.949762
40.8178901_-73.9306682
40.8178917_-73.9419319
40.8178_-73.945598
40.8179052_-73.9342568
40.81791_-73.951768
40.8179231_-73.9497399
40.817925_-73.905313
40.8179369_-73.9381673
40.817955_-73.9603735
40.817967_-73.918899
40.8179951_-73.9617273
40.818003_-73.913192
40.818013_-73.925185
40.818025_-73.96179
40.8180341_-73.9252588
40.8180399_-73.9604588
40.818045_-73.922456
40.81806_-73.904999
40.818073_-73.949633
40.818077_-73.914953
40.8168292_-73.9343373
40.816844_-73.905144
40.816873_-73.989017
40.816878_-73.960735
40.8168846_-73.9611683
40.816884_-73.980807
40.8169085_-73.934525
40.8169182_-73.9163315
40.8169185_-73.9340262
40.8169268_-73.934407
40.8169419_-73.9310554
40.816954_-73.950083
40.8169881_-73.9346172
40.8169955_-73.9575149
40.81699_-73.960772
40.816_-73.9312271
40.817003_-73.930008
40.817007_-73.959493
40.817015_-73.991409
40.817038_-74.00572
40.8170496_-73.9557923
40.817084_-73.947934
40.817098_-73.96079
40.8171052_-73.9343963
40.817116_-73.948009
40.817128_-73.950082
40.8171298_-73.9363221
40.817129_-73.914853
40.8171532_-73.9479605
40.8171663_-73.936373
40.817175_-73.946055
40.817179_-73.90665
40.8171962_-73.9478558
40.8171973_-73.9422256
40.817205_-73.96079
40.817211_-73.915991
40.817221_-73.952273
40.8172232_-73.9363596
40.8172277_-73.9339934
40.81722_-73.919238
40.81722_-73.9478249
40.8172344_-73.9310039
40.81723_-73.9345635
40.8172542_-73.934419
40.8172567_-73.9384793
40.8172707_-73.9423994
40.817277_-73.922327
40.817286_-73.950059
40.8173165_-73.9386193
40.817328_-73.960767
40.817335_-73.996323
40.81735_-73.988914
40.8173685_-73.9113895
40.817388_-73.922758
40.817403_-73.960741
40.8174128_-73.9309588
40.817415_-73.928724
40.817427_-74.003357
40.8174353_-73.9555992
40.817441_-73.950017
40.8175106_-73.9123323
40.817512_-73.917119
40.8175185_-73.9568845
40.81751_-73.960687
40.8175466_-73.9569501
40.817546_-74.004308
40.817562_-74.003233
40.817579_-73.903593
40.817581_-73.915528
40.8175891_-73.9531759
40.81758_-73.980148
40.817591_-73.949955
40.8175997_-73.9570737
40.817621_-74.003344
40.8176383_-73.9609797
40.8176387_-74.0004167
40.817651_-74.00565
40.8176661_-73.9297518
40.8176896_-73.9339833
40.817697_-73.9307657
40.8177196_-73.9360117
40.817749_-73.949866
40.81776_-73.947441
40.8177973_-73.961712
40.817797_-74.001533
40.817799_-73.935956
40.8178222_-73.9417656
40.817825_-73.915263
40.817855_-73.947666
40.817866_-73.905007
40.8178749_-73.9380263
40.8178785_-73.9618085
40.8178826_-73.9132625
40.817889_-73.949762
40.8178901_-73.9306682
40.8178917_-73.9419319
40.8178_-73.945598
40.8179052_-73.9342568
40.81791_-73.951768
40.8179231_-73.9497399
40.817925_-73.905313
40.8179369_-73.9381673
40.817955_-73.9603735
40.817967_-73.918899
40.8179951_-73.9617273
40.818003_-73.913192
40.818013_-73.925185
40.818025_-73.96179
40.8180341_-73.9252588
40.8180399_-73.9604588
40.818045_-73.922456
40.81806_-73.904999
40.818073_-73.949633
40.818077_-73.914953
("40.8168292_-73.9343373","40.816844_-73.905144","40.816873_-73.989017","40.816878_-73.960735","40.8168846_-73.9611683","40.816884_-73.980807","40.8169085_-73.934525","40.8169182_-73.9163315","40.8169185_-73.9340262","40.8169268_-73.934407","40.8169419_-73.9310554","40.816954_-73.950083","40.8169881_-73.9346172","40.8169955_-73.9575149","40.81699_-73.960772","40.816_-73.9312271","40.817003_-73.930008","40.817007_-73.959493","40.817015_-73.991409","40.817038_-74.00572","40.8170496_-73.9557923","40.817084_-73.947934","40.817098_-73.96079","40.8171052_-73.9343963","40.817116_-73.948009","40.817128_-73.950082","40.8171298_-73.9363221","40.817129_-73.914853","40.8171532_-73.9479605","40.8171663_-73.936373","40.817175_-73.946055","40.817179_-73.90665","40.8171962_-73.9478558","40.8171973_-73.9422256","40.817205_-73.96079","40.817211_-73.915991","40.817221_-73.952273","40.8172232_-73.9363596","40.8172277_-73.9339934","40.81722_-73.919238","40.81722_-73.9478249","40.8172344_-73.9310039","40.81723_-73.9345635","40.8172542_-73.934419","40.8172567_-73.9384793","40.8172707_-73.9423994","40.817277_-73.922327","40.817286_-73.950059","40.8173165_-73.9386193","40.817328_-73.960767","40.817335_-73.996323","40.81735_-73.988914","40.8173685_-73.9113895","40.817388_-73.922758","40.817403_-73.960741","40.8174128_-73.9309588","40.817415_-73.928724","40.817427_-74.003357","40.8174353_-73.9555992","40.817441_-73.950017","40.8175106_-73.9123323","40.817512_-73.917119","40.8175185_-73.9568845","40.81751_-73.960687","40.8175466_-73.9569501","40.817546_-74.004308","40.817562_-74.003233","40.817579_-73.903593","40.817581_-73.915528","40.8175891_-73.9531759","40.81758_-73.980148","40.817591_-73.949955","40.8175997_-73.9570737","40.817621_-74.003344","40.8176383_-73.9609797","40.8176387_-74.0004167","40.817651_-74.00565","40.8176661_-73.9297518","40.8176896_-73.9339833","40.817697_-73.9307657","40.8177196_-73.9360117","40.817749_-73.949866","40.81776_-73.947441","40.8177973_-73.961712","40.817797_-74.001533","40.817799_-73.935956","40.8178222_-73.9417656","40.817825_-73.915263","40.817855_-73.947666","40.817866_-73.905007","40.8178749_-73.9380263","40.8178785_-73.9618085","40.8178826_-73.9132625","40.817889_-73.949762","40.8178901_-73.9306682","40.8178917_-73.9419319","40.8178_-73.945598","40.8179052_-73.9342568","40.81791_-73.951768","40.8179231_-73.9497399","40.817925_-73.905313","40.8179369_-73.9381673","40.817955_-73.9603735","40.817967_-73.918899","40.8179951_-73.9617273","40.818003_-73.913192","40.818013_-73.925185","40.818025_-73.96179","40.8180341_-73.9252588","40.8180399_-73.9604588","40.818045_-73.922456","40.81806_-73.904999","40.818073_-73.949633","40.818077_-73.914953")
done
127.21user 813.01system 1:15:35elapsed 20%CPU (0avgtext+0avgdata 52796maxresident)k
328696inputs+48outputs (2major+28480minor)pagefaults 0swaps
