40.837526_-73.9133543
40.8375459_-73.9106959
40.8375525_-73.9471534
40.8375532_-73.9478771
40.8375607_-73.9468583
40.8375674_-73.9301091
40.8375869_-73.9149669
40.837609_-73.984241
40.8376408_-73.9223489
40.837642_-73.903338
40.837669_-73.919202
40.8376805_-73.9200279
40.8376843_-73.9109277
40.837714_-73.939994
40.837721_-73.927619
40.8377244_-73.9110989
40.8377268_-73.9303782
40.837745_-73.917383
40.8377575_-73.9074629
40.8377677_-73.947148
40.8377679_-73.9223325
40.837767_-73.9420965
40.837775_-73.921381
40.8377844_-73.911438
40.8377861_-73.9421491
40.8377866_-73.9440172
40.837789_-73.980603
40.8377926_-73.9475767
40.8377961_-73.9468154
40.8378234_-73.9115678
40.8378316_-73.9131024
40.8378398_-73.9422972
40.83785_-73.936383
40.8378726_-73.9423733
40.8378763_-73.9223087
40.8378815_-73.9197079
40.8378835_-73.9383539
40.8378912_-73.9364822
40.8379219_-73.9471963
40.8379259_-73.9467511
40.8379351_-73.9385046
40.8379473_-73.948061
40.8379539_-73.9383757
40.837954_-73.9221583
40.8379712_-73.9470993
40.8379834_-73.9071635
40.8379879_-73.9384018
40.8379927_-73.9192
40.8379956_-73.9472602
40.837999_-73.921029
40.8380022_-73.911761
40.8380166_-73.9384376
40.838018_-73.904509
40.8380238_-73.9221306
40.838024_-73.9465588
40.8380423_-73.9362625
40.838058_-73.94664
40.8380666_-73.929908
40.838077_-73.919384
40.8381008_-73.9362325
40.8381029_-73.9222075
40.8381097_-74.018722
40.8381133_-73.948081
40.8381137_-73.9123244
40.8381341_-73.9193042
40.8381561_-73.9362876
40.838156_-73.921193
40.8381639_-73.906899
40.8381688_-73.9361768
40.83816_-73.923231
40.8381707_-73.9144222
40.838173_-73.972205
40.8381911_-73.9128346
40.838202_-73.923707
40.8382045_-73.9212707
40.8382045_-73.922147
40.8382107_-73.9469759
40.838217_-73.994143
40.8382331_-73.9334951
40.838243_-73.978025
40.8382556_-73.9219851
40.838265_-73.905229
40.8383033_-73.9129382
40.8383233_-73.9067287
40.838336_-73.916917
40.8383533_-73.9220517
40.83835_-73.924924
40.8383608_-73.947684
40.838373_-73.9468096
40.838376_-73.90891
40.838381_-73.919017
40.838395_-73.935933
40.838404_-73.997064
40.8384061_-73.9416375
40.8384164_-73.9126729
40.8384189_-73.93986
40.8384257_-73.9416823
40.8384426_-73.9396892
40.8384458_-73.9218566
40.8384634_-73.9437512
40.8384724_-73.9128263
40.8384866_-73.937912
40.8384885_-73.9418259
40.838505_-73.905979
40.8385075_-73.9134859
40.838512_-73.926191
40.8385135_-73.9398455
40.8385206_-73.9459162
40.8385379_-73.9217944
40.8385596_-73.9219195
40.838559_-73.945856
40.838561_-73.994048
40.8385769_-73.9136645
40.8385964_-73.9400097
40.837526_-73.9133543
40.8375459_-73.9106959
40.8375525_-73.9471534
40.8375532_-73.9478771
40.8375607_-73.9468583
40.8375674_-73.9301091
40.8375869_-73.9149669
40.837609_-73.984241
40.8376408_-73.9223489
40.837642_-73.903338
40.837669_-73.919202
40.8376805_-73.9200279
40.8376843_-73.9109277
40.837714_-73.939994
40.837721_-73.927619
40.8377244_-73.9110989
40.8377268_-73.9303782
40.837745_-73.917383
40.8377575_-73.9074629
40.8377677_-73.947148
40.8377679_-73.9223325
40.837767_-73.9420965
40.837775_-73.921381
40.8377844_-73.911438
40.8377861_-73.9421491
40.8377866_-73.9440172
40.837789_-73.980603
40.8377926_-73.9475767
40.8377961_-73.9468154
40.8378234_-73.9115678
40.8378316_-73.9131024
40.8378398_-73.9422972
40.83785_-73.936383
40.8378726_-73.9423733
40.8378763_-73.9223087
40.8378815_-73.9197079
40.8378835_-73.9383539
40.8378912_-73.9364822
40.8379219_-73.9471963
40.8379259_-73.9467511
40.8379351_-73.9385046
40.8379473_-73.948061
40.8379539_-73.9383757
40.837954_-73.9221583
40.8379712_-73.9470993
40.8379834_-73.9071635
40.8379879_-73.9384018
40.8379927_-73.9192
40.8379956_-73.9472602
40.837999_-73.921029
40.8380022_-73.911761
40.8380166_-73.9384376
40.838018_-73.904509
40.8380238_-73.9221306
40.838024_-73.9465588
40.8380423_-73.9362625
40.838058_-73.94664
40.8380666_-73.929908
40.838077_-73.919384
40.8381008_-73.9362325
40.8381029_-73.9222075
40.8381097_-74.018722
40.8381133_-73.948081
40.8381137_-73.9123244
40.8381341_-73.9193042
40.8381561_-73.9362876
40.838156_-73.921193
40.8381639_-73.906899
40.8381688_-73.9361768
40.83816_-73.923231
40.8381707_-73.9144222
40.838173_-73.972205
40.8381911_-73.9128346
40.838202_-73.923707
40.8382045_-73.9212707
40.8382045_-73.922147
40.8382107_-73.9469759
40.838217_-73.994143
40.8382331_-73.9334951
40.838243_-73.978025
40.8382556_-73.9219851
40.838265_-73.905229
40.8383033_-73.9129382
40.8383233_-73.9067287
40.838336_-73.916917
40.8383533_-73.9220517
40.83835_-73.924924
40.8383608_-73.947684
40.838373_-73.9468096
40.838376_-73.90891
40.838381_-73.919017
40.838395_-73.935933
40.838404_-73.997064
40.8384061_-73.9416375
40.8384164_-73.9126729
40.8384189_-73.93986
40.8384257_-73.9416823
40.8384426_-73.9396892
40.8384458_-73.9218566
40.8384634_-73.9437512
40.8384724_-73.9128263
40.8384866_-73.937912
40.8384885_-73.9418259
40.838505_-73.905979
40.8385075_-73.9134859
40.838512_-73.926191
40.8385135_-73.9398455
40.8385206_-73.9459162
40.8385379_-73.9217944
40.8385596_-73.9219195
40.838559_-73.945856
40.838561_-73.994048
40.8385769_-73.9136645
40.8385964_-73.9400097
("40.837526_-73.9133543","40.8375459_-73.9106959","40.8375525_-73.9471534","40.8375532_-73.9478771","40.8375607_-73.9468583","40.8375674_-73.9301091","40.8375869_-73.9149669","40.837609_-73.984241","40.8376408_-73.9223489","40.837642_-73.903338","40.837669_-73.919202","40.8376805_-73.9200279","40.8376843_-73.9109277","40.837714_-73.939994","40.837721_-73.927619","40.8377244_-73.9110989","40.8377268_-73.9303782","40.837745_-73.917383","40.8377575_-73.9074629","40.8377677_-73.947148","40.8377679_-73.9223325","40.837767_-73.9420965","40.837775_-73.921381","40.8377844_-73.911438","40.8377861_-73.9421491","40.8377866_-73.9440172","40.837789_-73.980603","40.8377926_-73.9475767","40.8377961_-73.9468154","40.8378234_-73.9115678","40.8378316_-73.9131024","40.8378398_-73.9422972","40.83785_-73.936383","40.8378726_-73.9423733","40.8378763_-73.9223087","40.8378815_-73.9197079","40.8378835_-73.9383539","40.8378912_-73.9364822","40.8379219_-73.9471963","40.8379259_-73.9467511","40.8379351_-73.9385046","40.8379473_-73.948061","40.8379539_-73.9383757","40.837954_-73.9221583","40.8379712_-73.9470993","40.8379834_-73.9071635","40.8379879_-73.9384018","40.8379927_-73.9192","40.8379956_-73.9472602","40.837999_-73.921029","40.8380022_-73.911761","40.8380166_-73.9384376","40.838018_-73.904509","40.8380238_-73.9221306","40.838024_-73.9465588","40.8380423_-73.9362625","40.838058_-73.94664","40.8380666_-73.929908","40.838077_-73.919384","40.8381008_-73.9362325","40.8381029_-73.9222075","40.8381097_-74.018722","40.8381133_-73.948081","40.8381137_-73.9123244","40.8381341_-73.9193042","40.8381561_-73.9362876","40.838156_-73.921193","40.8381639_-73.906899","40.8381688_-73.9361768","40.83816_-73.923231","40.8381707_-73.9144222","40.838173_-73.972205","40.8381911_-73.9128346","40.838202_-73.923707","40.8382045_-73.9212707","40.8382045_-73.922147","40.8382107_-73.9469759","40.838217_-73.994143","40.8382331_-73.9334951","40.838243_-73.978025","40.8382556_-73.9219851","40.838265_-73.905229","40.8383033_-73.9129382","40.8383233_-73.9067287","40.838336_-73.916917","40.8383533_-73.9220517","40.83835_-73.924924","40.8383608_-73.947684","40.838373_-73.9468096","40.838376_-73.90891","40.838381_-73.919017","40.838395_-73.935933","40.838404_-73.997064","40.8384061_-73.9416375","40.8384164_-73.9126729","40.8384189_-73.93986","40.8384257_-73.9416823","40.8384426_-73.9396892","40.8384458_-73.9218566","40.8384634_-73.9437512","40.8384724_-73.9128263","40.8384866_-73.937912","40.8384885_-73.9418259","40.838505_-73.905979","40.8385075_-73.9134859","40.838512_-73.926191","40.8385135_-73.9398455","40.8385206_-73.9459162","40.8385379_-73.9217944","40.8385596_-73.9219195","40.838559_-73.945856","40.838561_-73.994048","40.8385769_-73.9136645","40.8385964_-73.9400097")
done
125.33user 815.81system 1:13:14elapsed 21%CPU (0avgtext+0avgdata 51888maxresident)k
1477328inputs+48outputs (3major+27231minor)pagefaults 0swaps
