40.7877536_-73.9474623
40.7877568_-73.9828491
40.7877592_-73.9445419
40.7877647_-73.9558745
40.787765_-73.9711548
40.787767_-73.9570494
40.7877743_-73.9514153
40.7877782_-73.966866
40.787781_-74.003608
40.7877919_-73.9258523
40.787792_-73.9495277
40.7877937_-73.9712227
40.7877943_-73.9514628
40.7878182_-73.9379824
40.7878276_-73.9570394
40.787828_-73.9672415
40.787832_-73.9671979
40.787832_-74.008136
40.7878388_-73.966883
40.7878399_-73.9673095
40.7878493_-73.9381085
40.7878592_-73.9671095
40.7878689_-73.9279076
40.7878713_-73.9674764
40.7878814_-73.966929
40.7878966_-73.9670139
40.787901_-73.953672
40.7879028_-73.9517206
40.7879101_-73.9557686
40.7879147_-73.9666918
40.7879199_-73.9413112
40.7879232_-73.9666673
40.7879252_-73.9669692
40.7879322_-73.9667664
40.7879345_-73.9381691
40.7879398_-73.9668922
40.787941_-74.011855
40.7879602_-73.9559172
40.7879857_-73.9379027
40.7879876_-73.966569
40.7879967_-73.9569911
40.788008_-73.9441789
40.7880208_-73.9560531
40.7880559_-73.9561056
40.7880638_-73.9443183
40.788072_-74.00335
40.788084_-73.966431
40.7880922_-73.9569541
40.7880929_-73.9561458
40.788115_-74.00327
40.7881208_-73.9444699
40.7881311_-73.9442725
40.788132_-74.007944
40.7881331_-73.9561849
40.788142_-73.9445199
40.788145_-74.014898
40.7881571_-73.9378255
40.7881718_-73.9562108
40.7881739_-73.9442406
40.7881821_-74.0007168
40.7881832_-73.9276214
40.7881993_-73.978373
40.7882131_-73.9562344
40.788213_-73.966235
40.788218_-73.9568997
40.7882254_-73.9991693
40.788236_-74.002934
40.7882477_-73.9562473
40.7882671_-73.9568873
40.7882751_-74.0014171
40.7882867_-73.9764349
40.788305_-74.0006887
40.788319_-73.941019
40.7883218_-73.9470476
40.788332_-73.966025
40.7883354_-73.956267
40.7883358_-73.9568817
40.788338_-74.006625
40.788345_-74.016729
40.7883484_-73.9391532
40.7883489_-73.9745254
40.7883502_-73.9450111
40.7883609_-73.9766072
40.7883615_-73.9284117
40.7883833_-73.9470027
40.7883898_-73.9706892
40.788391_-74.0007336
40.7883952_-73.9659111
40.7884012_-73.9509512
40.7884217_-73.9707647
40.7884236_-73.9510036
40.7884298_-73.9490632
40.7884352_-73.9452116
40.788442_-74.011463
40.7884462_-73.9657989
40.788451_-73.956875
40.788461_-74.015589
40.7884651_-73.9562825
40.7884783_-73.9670288
40.7884865_-73.982754
40.7884922_-73.9453455
40.7885135_-73.9810702
40.7885301_-73.9532121
40.7885339_-73.9512613
40.788537_-73.965555
40.7885579_-73.9996381
40.7885682_-73.9989682
40.788576_-73.956892
40.7885847_-73.9552767
40.788589_-73.9563028
40.788606_-73.965347
40.7886164_-73.9256546
40.7886381_-73.9438947
40.788671_-73.965105
40.7877536_-73.9474623
40.7877568_-73.9828491
40.7877592_-73.9445419
40.7877647_-73.9558745
40.787765_-73.9711548
40.787767_-73.9570494
40.7877743_-73.9514153
40.7877782_-73.966866
40.787781_-74.003608
40.7877919_-73.9258523
40.787792_-73.9495277
40.7877937_-73.9712227
40.7877943_-73.9514628
40.7878182_-73.9379824
40.7878276_-73.9570394
40.787828_-73.9672415
40.787832_-73.9671979
40.787832_-74.008136
40.7878388_-73.966883
40.7878399_-73.9673095
40.7878493_-73.9381085
40.7878592_-73.9671095
40.7878689_-73.9279076
40.7878713_-73.9674764
40.7878814_-73.966929
40.7878966_-73.9670139
40.787901_-73.953672
40.7879028_-73.9517206
40.7879101_-73.9557686
40.7879147_-73.9666918
40.7879199_-73.9413112
40.7879232_-73.9666673
40.7879252_-73.9669692
40.7879322_-73.9667664
40.7879345_-73.9381691
40.7879398_-73.9668922
40.787941_-74.011855
40.7879602_-73.9559172
40.7879857_-73.9379027
40.7879876_-73.966569
40.7879967_-73.9569911
40.788008_-73.9441789
40.7880208_-73.9560531
40.7880559_-73.9561056
40.7880638_-73.9443183
40.788072_-74.00335
40.788084_-73.966431
40.7880922_-73.9569541
40.7880929_-73.9561458
40.788115_-74.00327
40.7881208_-73.9444699
40.7881311_-73.9442725
40.788132_-74.007944
40.7881331_-73.9561849
40.788142_-73.9445199
40.788145_-74.014898
40.7881571_-73.9378255
40.7881718_-73.9562108
40.7881739_-73.9442406
40.7881821_-74.0007168
40.7881832_-73.9276214
40.7881993_-73.978373
40.7882131_-73.9562344
40.788213_-73.966235
40.788218_-73.9568997
40.7882254_-73.9991693
40.788236_-74.002934
40.7882477_-73.9562473
40.7882671_-73.9568873
40.7882751_-74.0014171
40.7882867_-73.9764349
40.788305_-74.0006887
40.788319_-73.941019
40.7883218_-73.9470476
40.788332_-73.966025
40.7883354_-73.956267
40.7883358_-73.9568817
40.788338_-74.006625
40.788345_-74.016729
40.7883484_-73.9391532
40.7883489_-73.9745254
40.7883502_-73.9450111
40.7883609_-73.9766072
40.7883615_-73.9284117
40.7883833_-73.9470027
40.7883898_-73.9706892
40.788391_-74.0007336
40.7883952_-73.9659111
40.7884012_-73.9509512
40.7884217_-73.9707647
40.7884236_-73.9510036
40.7884298_-73.9490632
40.7884352_-73.9452116
40.788442_-74.011463
40.7884462_-73.9657989
40.788451_-73.956875
40.788461_-74.015589
40.7884651_-73.9562825
40.7884783_-73.9670288
40.7884865_-73.982754
40.7884922_-73.9453455
40.7885135_-73.9810702
40.7885301_-73.9532121
40.7885339_-73.9512613
40.788537_-73.965555
40.7885579_-73.9996381
40.7885682_-73.9989682
40.788576_-73.956892
40.7885847_-73.9552767
40.788589_-73.9563028
40.788606_-73.965347
40.7886164_-73.9256546
40.7886381_-73.9438947
40.788671_-73.965105
("40.7877536_-73.9474623","40.7877568_-73.9828491","40.7877592_-73.9445419","40.7877647_-73.9558745","40.787765_-73.9711548","40.787767_-73.9570494","40.7877743_-73.9514153","40.7877782_-73.966866","40.787781_-74.003608","40.7877919_-73.9258523","40.787792_-73.9495277","40.7877937_-73.9712227","40.7877943_-73.9514628","40.7878182_-73.9379824","40.7878276_-73.9570394","40.787828_-73.9672415","40.787832_-73.9671979","40.787832_-74.008136","40.7878388_-73.966883","40.7878399_-73.9673095","40.7878493_-73.9381085","40.7878592_-73.9671095","40.7878689_-73.9279076","40.7878713_-73.9674764","40.7878814_-73.966929","40.7878966_-73.9670139","40.787901_-73.953672","40.7879028_-73.9517206","40.7879101_-73.9557686","40.7879147_-73.9666918","40.7879199_-73.9413112","40.7879232_-73.9666673","40.7879252_-73.9669692","40.7879322_-73.9667664","40.7879345_-73.9381691","40.7879398_-73.9668922","40.787941_-74.011855","40.7879602_-73.9559172","40.7879857_-73.9379027","40.7879876_-73.966569","40.7879967_-73.9569911","40.788008_-73.9441789","40.7880208_-73.9560531","40.7880559_-73.9561056","40.7880638_-73.9443183","40.788072_-74.00335","40.788084_-73.966431","40.7880922_-73.9569541","40.7880929_-73.9561458","40.788115_-74.00327","40.7881208_-73.9444699","40.7881311_-73.9442725","40.788132_-74.007944","40.7881331_-73.9561849","40.788142_-73.9445199","40.788145_-74.014898","40.7881571_-73.9378255","40.7881718_-73.9562108","40.7881739_-73.9442406","40.7881821_-74.0007168","40.7881832_-73.9276214","40.7881993_-73.978373","40.7882131_-73.9562344","40.788213_-73.966235","40.788218_-73.9568997","40.7882254_-73.9991693","40.788236_-74.002934","40.7882477_-73.9562473","40.7882671_-73.9568873","40.7882751_-74.0014171","40.7882867_-73.9764349","40.788305_-74.0006887","40.788319_-73.941019","40.7883218_-73.9470476","40.788332_-73.966025","40.7883354_-73.956267","40.7883358_-73.9568817","40.788338_-74.006625","40.788345_-74.016729","40.7883484_-73.9391532","40.7883489_-73.9745254","40.7883502_-73.9450111","40.7883609_-73.9766072","40.7883615_-73.9284117","40.7883833_-73.9470027","40.7883898_-73.9706892","40.788391_-74.0007336","40.7883952_-73.9659111","40.7884012_-73.9509512","40.7884217_-73.9707647","40.7884236_-73.9510036","40.7884298_-73.9490632","40.7884352_-73.9452116","40.788442_-74.011463","40.7884462_-73.9657989","40.788451_-73.956875","40.788461_-74.015589","40.7884651_-73.9562825","40.7884783_-73.9670288","40.7884865_-73.982754","40.7884922_-73.9453455","40.7885135_-73.9810702","40.7885301_-73.9532121","40.7885339_-73.9512613","40.788537_-73.965555","40.7885579_-73.9996381","40.7885682_-73.9989682","40.788576_-73.956892","40.7885847_-73.9552767","40.788589_-73.9563028","40.788606_-73.965347","40.7886164_-73.9256546","40.7886381_-73.9438947","40.788671_-73.965105")
done
129.63user 811.97system 1:14:17elapsed 21%CPU (0avgtext+0avgdata 65824maxresident)k
477392inputs+41144outputs (20major+34409minor)pagefaults 0swaps
