40.754091_-73.992079
40.7540929_-73.9490091
40.754093_-73.9196547
40.7540961_-73.9486499
40.7540988_-73.9760111
40.7540995_-73.9494444
40.7541021_-73.9573169
40.7541137_-73.9760204
40.7541219_-73.9824089
40.7541242_-73.9487596
40.7541276_-73.9628975
40.7541286_-73.9295551
40.754128_-73.976918
40.7541312_-73.9760261
40.754135_-73.9980748
40.75413_-73.988335
40.754144_-73.9764892
40.7541461_-73.9760192
40.7541512_-73.9488751
40.7541555_-73.9493954
40.754155_-73.980395
40.7541563_-73.957944
40.7541743_-73.9296364
40.754177_-73.984596
40.7541804_-73.9490177
40.7541_-73.978332
40.7542004_-73.9294967
40.7542044_-73.9826046
40.754207_-73.9328166
40.7542085_-73.9763124
40.7542143_-73.9762829
40.7542149_-73.9491802
40.7542168_-73.9090756
40.754216_-73.976354
40.7542233_-73.9574038
40.7542262_-73.9762544
40.7542268_-73.9492229
40.7542283_-73.9486944
40.7542299_-73.9089088
40.7542343_-73.9492429
40.754237_-73.925053
40.754251_-73.968978
40.7542592_-73.9493084
40.7542669_-73.9631956
40.7542744_-73.9250226
40.7542835_-73.9090231
40.7542839_-73.9117835
40.7542954_-73.9984594
40.754296_-73.939456
40.754299_-73.947005
40.7543154_-73.9625625
40.7543165_-73.9767725
40.7543175_-73.9205769
40.754318_-73.986865
40.7543314_-73.9091248
40.75433_-73.9766214
40.754341_-73.936009
40.7543424_-73.9767128
40.7543468_-73.9766735
40.754347_-73.9492378
40.754348_-73.9249627
40.754349_-73.976974
40.7543607_-73.9089748
40.7543638_-73.9204407
40.7543724_-73.9626823
40.7543777_-73.9161137
40.7543817_-73.9489786
40.7543939_-73.948971
40.754393_-74.0065647
40.7543973_-73.9205124
40.7544037_-73.9972688
40.7544091_-73.9159895
40.7544158_-73.9249075
40.7544286_-74.0066497
40.7544358_-73.9205949
40.7544425_-73.916061
40.7544668_-73.998131
40.7544694_-73.9204538
40.7544757_-73.948902
40.7544774_-73.9161357
40.7544899_-73.9094617
40.7544925_-73.9303579
40.7544926_-73.9568325
40.7545033_-73.9160115
40.7545037_-73.9488758
40.7545043_-73.9656965
40.754527_-74.0068806
40.75453_-73.933422
40.7545458_-73.9757317
40.7545526_-73.930309
40.7545539_-73.9625193
40.7545591_-73.9623502
40.7545664_-73.9226055
40.7545713_-73.9755482
40.7545797_-73.9115433
40.75457_-73.971677
40.7545834_-73.9991497
40.7545848_-73.9970673
40.7546052_-73.9971155
40.7546055_-73.9335642
40.7546084_-73.9097138
40.7546125_-73.9737345
40.7546205_-73.9302537
40.754627_-73.957638
40.7546287_-73.9952703
40.7546344_-73.9756983
40.7546357_-73.9088025
40.7546448_-73.9759621
40.7546513_-73.9258155
40.7546525_-73.9972277
40.7546578_-73.9302234
40.7546795_-73.995396
40.7546822_-73.9256787
40.7546842_-73.9837435
40.754091_-73.992079
40.7540929_-73.9490091
40.754093_-73.9196547
40.7540961_-73.9486499
40.7540988_-73.9760111
40.7540995_-73.9494444
40.7541021_-73.9573169
40.7541137_-73.9760204
40.7541219_-73.9824089
40.7541242_-73.9487596
40.7541276_-73.9628975
40.7541286_-73.9295551
40.754128_-73.976918
40.7541312_-73.9760261
40.754135_-73.9980748
40.75413_-73.988335
40.754144_-73.9764892
40.7541461_-73.9760192
40.7541512_-73.9488751
40.7541555_-73.9493954
40.754155_-73.980395
40.7541563_-73.957944
40.7541743_-73.9296364
40.754177_-73.984596
40.7541804_-73.9490177
40.7541_-73.978332
40.7542004_-73.9294967
40.7542044_-73.9826046
40.754207_-73.9328166
40.7542085_-73.9763124
40.7542143_-73.9762829
40.7542149_-73.9491802
40.7542168_-73.9090756
40.754216_-73.976354
40.7542233_-73.9574038
40.7542262_-73.9762544
40.7542268_-73.9492229
40.7542283_-73.9486944
40.7542299_-73.9089088
40.7542343_-73.9492429
40.754237_-73.925053
40.754251_-73.968978
40.7542592_-73.9493084
40.7542669_-73.9631956
40.7542744_-73.9250226
40.7542835_-73.9090231
40.7542839_-73.9117835
40.7542954_-73.9984594
40.754296_-73.939456
40.754299_-73.947005
40.7543154_-73.9625625
40.7543165_-73.9767725
40.7543175_-73.9205769
40.754318_-73.986865
40.7543314_-73.9091248
40.75433_-73.9766214
40.754341_-73.936009
40.7543424_-73.9767128
40.7543468_-73.9766735
40.754347_-73.9492378
40.754348_-73.9249627
40.754349_-73.976974
40.7543607_-73.9089748
40.7543638_-73.9204407
40.7543724_-73.9626823
40.7543777_-73.9161137
40.7543817_-73.9489786
40.7543939_-73.948971
40.754393_-74.0065647
40.7543973_-73.9205124
40.7544037_-73.9972688
40.7544091_-73.9159895
40.7544158_-73.9249075
40.7544286_-74.0066497
40.7544358_-73.9205949
40.7544425_-73.916061
40.7544668_-73.998131
40.7544694_-73.9204538
40.7544757_-73.948902
40.7544774_-73.9161357
40.7544899_-73.9094617
40.7544925_-73.9303579
40.7544926_-73.9568325
40.7545033_-73.9160115
40.7545037_-73.9488758
40.7545043_-73.9656965
40.754527_-74.0068806
40.75453_-73.933422
40.7545458_-73.9757317
40.7545526_-73.930309
40.7545539_-73.9625193
40.7545591_-73.9623502
40.7545664_-73.9226055
40.7545713_-73.9755482
40.7545797_-73.9115433
40.75457_-73.971677
40.7545834_-73.9991497
40.7545848_-73.9970673
40.7546052_-73.9971155
40.7546055_-73.9335642
40.7546084_-73.9097138
40.7546125_-73.9737345
40.7546205_-73.9302537
40.754627_-73.957638
40.7546287_-73.9952703
40.7546344_-73.9756983
40.7546357_-73.9088025
40.7546448_-73.9759621
40.7546513_-73.9258155
40.7546525_-73.9972277
40.7546578_-73.9302234
40.7546795_-73.995396
40.7546822_-73.9256787
40.7546842_-73.9837435
("40.754091_-73.992079","40.7540929_-73.9490091","40.754093_-73.9196547","40.7540961_-73.9486499","40.7540988_-73.9760111","40.7540995_-73.9494444","40.7541021_-73.9573169","40.7541137_-73.9760204","40.7541219_-73.9824089","40.7541242_-73.9487596","40.7541276_-73.9628975","40.7541286_-73.9295551","40.754128_-73.976918","40.7541312_-73.9760261","40.754135_-73.9980748","40.75413_-73.988335","40.754144_-73.9764892","40.7541461_-73.9760192","40.7541512_-73.9488751","40.7541555_-73.9493954","40.754155_-73.980395","40.7541563_-73.957944","40.7541743_-73.9296364","40.754177_-73.984596","40.7541804_-73.9490177","40.7541_-73.978332","40.7542004_-73.9294967","40.7542044_-73.9826046","40.754207_-73.9328166","40.7542085_-73.9763124","40.7542143_-73.9762829","40.7542149_-73.9491802","40.7542168_-73.9090756","40.754216_-73.976354","40.7542233_-73.9574038","40.7542262_-73.9762544","40.7542268_-73.9492229","40.7542283_-73.9486944","40.7542299_-73.9089088","40.7542343_-73.9492429","40.754237_-73.925053","40.754251_-73.968978","40.7542592_-73.9493084","40.7542669_-73.9631956","40.7542744_-73.9250226","40.7542835_-73.9090231","40.7542839_-73.9117835","40.7542954_-73.9984594","40.754296_-73.939456","40.754299_-73.947005","40.7543154_-73.9625625","40.7543165_-73.9767725","40.7543175_-73.9205769","40.754318_-73.986865","40.7543314_-73.9091248","40.75433_-73.9766214","40.754341_-73.936009","40.7543424_-73.9767128","40.7543468_-73.9766735","40.754347_-73.9492378","40.754348_-73.9249627","40.754349_-73.976974","40.7543607_-73.9089748","40.7543638_-73.9204407","40.7543724_-73.9626823","40.7543777_-73.9161137","40.7543817_-73.9489786","40.7543939_-73.948971","40.754393_-74.0065647","40.7543973_-73.9205124","40.7544037_-73.9972688","40.7544091_-73.9159895","40.7544158_-73.9249075","40.7544286_-74.0066497","40.7544358_-73.9205949","40.7544425_-73.916061","40.7544668_-73.998131","40.7544694_-73.9204538","40.7544757_-73.948902","40.7544774_-73.9161357","40.7544899_-73.9094617","40.7544925_-73.9303579","40.7544926_-73.9568325","40.7545033_-73.9160115","40.7545037_-73.9488758","40.7545043_-73.9656965","40.754527_-74.0068806","40.75453_-73.933422","40.7545458_-73.9757317","40.7545526_-73.930309","40.7545539_-73.9625193","40.7545591_-73.9623502","40.7545664_-73.9226055","40.7545713_-73.9755482","40.7545797_-73.9115433","40.75457_-73.971677","40.7545834_-73.9991497","40.7545848_-73.9970673","40.7546052_-73.9971155","40.7546055_-73.9335642","40.7546084_-73.9097138","40.7546125_-73.9737345","40.7546205_-73.9302537","40.754627_-73.957638","40.7546287_-73.9952703","40.7546344_-73.9756983","40.7546357_-73.9088025","40.7546448_-73.9759621","40.7546513_-73.9258155","40.7546525_-73.9972277","40.7546578_-73.9302234","40.7546795_-73.995396","40.7546822_-73.9256787","40.7546842_-73.9837435")
done
141.99user 822.29system 1:15:29elapsed 21%CPU (0avgtext+0avgdata 75936maxresident)k
1183496inputs+80408outputs (39major+38204minor)pagefaults 0swaps
