40.7633986_-73.9500706
40.7634207_-73.9535266
40.763423_-73.940535
40.7634284_-73.9927002
40.763429_-73.9284422
40.7634317_-73.9652142
40.7634339_-73.9889839
40.763433_-73.9534377
40.7634433_-73.9888707
40.7634551_-73.9142458
40.763461_-73.9484072
40.7634712_-73.953636
40.7634796_-73.9889506
40.7634817_-73.9672707
40.7634881_-73.9692158
40.7634894_-73.9792454
40.7634896_-73.9141163
40.763497_-73.935414
40.7635036_-73.9219288
40.7635239_-73.9141899
40.7635282_-73.9852016
40.763533_-73.9217925
40.7635362_-73.9814765
40.7635408_-73.909775
40.7635462_-73.981315
40.7635505_-73.988899
40.7635522_-73.9891242
40.7635602_-73.9142677
40.7635691_-73.9096205
40.7635692_-73.9473566
40.7635697_-73.9474045
40.7635711_-73.9218739
40.7635718_-73.9473185
40.7635778_-73.9474554
40.7635798_-73.9472811
40.7635824_-73.9694382
40.7635861_-73.9310998
40.7635889_-73.9472527
40.763592_-73.9475064
40.7635954_-73.9814328
40.7635965_-73.9141308
40.7635979_-73.9714037
40.7636017_-73.9163274
40.7636059_-73.9472216
40.7636084_-73.9042156
40.7636085_-73.9475418
40.7636126_-73.909717
40.7636169_-73.9219653
40.7636177_-73.9989689
40.7636207_-73.9498017
40.7636269_-73.947566
40.7636308_-73.9471887
40.7636452_-73.9218143
40.7636462_-73.9776851
40.7636521_-73.9097958
40.7636531_-73.9471696
40.7636531_-73.9475937
40.7636543_-73.9815692
40.763659_-73.973465
40.7636609_-73.9813857
40.7636637_-73.9539857
40.763667_-73.956083
40.7636754_-73.9476058
40.7636778_-73.9096651
40.7636818_-73.9052338
40.7636836_-73.954028
40.7636998_-73.9162476
40.7637024_-73.9540644
40.7637134_-73.9476214
40.7637213_-73.9480852
40.7637233_-73.9540965
40.763734_-73.94139
40.7637382_-73.9620616
40.7637435_-73.9476231
40.7637498_-73.9541271
40.7637645_-73.9470762
40.7637693_-73.979909
40.763769_-73.9818463
40.7637752_-73.9935339
40.76377_-73.9476217
40.7637829_-73.9541591
40.763799_-73.9147791
40.7638025_-73.9476144
40.7638183_-73.9464964
40.7638183_-73.9541839
40.7638247_-73.9150606
40.7638282_-73.954385
40.7638293_-73.95442
40.7638304_-73.9543399
40.7638304_-73.9544477
40.7638323_-73.9476026
40.7638358_-73.9470504
40.7638359_-73.954471
40.7638361_-73.9820084
40.7638381_-73.9542961
40.7638458_-73.9475937
40.7638458_-73.9479589
40.7638481_-73.9542481
40.7638493_-73.9148869
40.763858_-73.9542116
40.7638624_-73.9161153
40.7638735_-73.930866
40.7638799_-73.9466123
40.7638881_-73.9227337
40.763894_-73.936256
40.7638967_-73.9470531
40.7639012_-73.9149982
40.7639122_-73.9105677
40.7639334_-73.9225973
40.7639334_-73.974111
40.7639458_-73.9150939
40.7639577_-73.9470853
40.7639692_-73.9104285
40.7639694_-73.9226683
40.7633986_-73.9500706
40.7634207_-73.9535266
40.763423_-73.940535
40.7634284_-73.9927002
40.763429_-73.9284422
40.7634317_-73.9652142
40.7634339_-73.9889839
40.763433_-73.9534377
40.7634433_-73.9888707
40.7634551_-73.9142458
40.763461_-73.9484072
40.7634712_-73.953636
40.7634796_-73.9889506
40.7634817_-73.9672707
40.7634881_-73.9692158
40.7634894_-73.9792454
40.7634896_-73.9141163
40.763497_-73.935414
40.7635036_-73.9219288
40.7635239_-73.9141899
40.7635282_-73.9852016
40.763533_-73.9217925
40.7635362_-73.9814765
40.7635408_-73.909775
40.7635462_-73.981315
40.7635505_-73.988899
40.7635522_-73.9891242
40.7635602_-73.9142677
40.7635691_-73.9096205
40.7635692_-73.9473566
40.7635697_-73.9474045
40.7635711_-73.9218739
40.7635718_-73.9473185
40.7635778_-73.9474554
40.7635798_-73.9472811
40.7635824_-73.9694382
40.7635861_-73.9310998
40.7635889_-73.9472527
40.763592_-73.9475064
40.7635954_-73.9814328
40.7635965_-73.9141308
40.7635979_-73.9714037
40.7636017_-73.9163274
40.7636059_-73.9472216
40.7636084_-73.9042156
40.7636085_-73.9475418
40.7636126_-73.909717
40.7636169_-73.9219653
40.7636177_-73.9989689
40.7636207_-73.9498017
40.7636269_-73.947566
40.7636308_-73.9471887
40.7636452_-73.9218143
40.7636462_-73.9776851
40.7636521_-73.9097958
40.7636531_-73.9471696
40.7636531_-73.9475937
40.7636543_-73.9815692
40.763659_-73.973465
40.7636609_-73.9813857
40.7636637_-73.9539857
40.763667_-73.956083
40.7636754_-73.9476058
40.7636778_-73.9096651
40.7636818_-73.9052338
40.7636836_-73.954028
40.7636998_-73.9162476
40.7637024_-73.9540644
40.7637134_-73.9476214
40.7637213_-73.9480852
40.7637233_-73.9540965
40.763734_-73.94139
40.7637382_-73.9620616
40.7637435_-73.9476231
40.7637498_-73.9541271
40.7637645_-73.9470762
40.7637693_-73.979909
40.763769_-73.9818463
40.7637752_-73.9935339
40.76377_-73.9476217
40.7637829_-73.9541591
40.763799_-73.9147791
40.7638025_-73.9476144
40.7638183_-73.9464964
40.7638183_-73.9541839
40.7638247_-73.9150606
40.7638282_-73.954385
40.7638293_-73.95442
40.7638304_-73.9543399
40.7638304_-73.9544477
40.7638323_-73.9476026
40.7638358_-73.9470504
40.7638359_-73.954471
40.7638361_-73.9820084
40.7638381_-73.9542961
40.7638458_-73.9475937
40.7638458_-73.9479589
40.7638481_-73.9542481
40.7638493_-73.9148869
40.763858_-73.9542116
40.7638624_-73.9161153
40.7638735_-73.930866
40.7638799_-73.9466123
40.7638881_-73.9227337
40.763894_-73.936256
40.7638967_-73.9470531
40.7639012_-73.9149982
40.7639122_-73.9105677
40.7639334_-73.9225973
40.7639334_-73.974111
40.7639458_-73.9150939
40.7639577_-73.9470853
40.7639692_-73.9104285
40.7639694_-73.9226683
("40.7633986_-73.9500706","40.7634207_-73.9535266","40.763423_-73.940535","40.7634284_-73.9927002","40.763429_-73.9284422","40.7634317_-73.9652142","40.7634339_-73.9889839","40.763433_-73.9534377","40.7634433_-73.9888707","40.7634551_-73.9142458","40.763461_-73.9484072","40.7634712_-73.953636","40.7634796_-73.9889506","40.7634817_-73.9672707","40.7634881_-73.9692158","40.7634894_-73.9792454","40.7634896_-73.9141163","40.763497_-73.935414","40.7635036_-73.9219288","40.7635239_-73.9141899","40.7635282_-73.9852016","40.763533_-73.9217925","40.7635362_-73.9814765","40.7635408_-73.909775","40.7635462_-73.981315","40.7635505_-73.988899","40.7635522_-73.9891242","40.7635602_-73.9142677","40.7635691_-73.9096205","40.7635692_-73.9473566","40.7635697_-73.9474045","40.7635711_-73.9218739","40.7635718_-73.9473185","40.7635778_-73.9474554","40.7635798_-73.9472811","40.7635824_-73.9694382","40.7635861_-73.9310998","40.7635889_-73.9472527","40.763592_-73.9475064","40.7635954_-73.9814328","40.7635965_-73.9141308","40.7635979_-73.9714037","40.7636017_-73.9163274","40.7636059_-73.9472216","40.7636084_-73.9042156","40.7636085_-73.9475418","40.7636126_-73.909717","40.7636169_-73.9219653","40.7636177_-73.9989689","40.7636207_-73.9498017","40.7636269_-73.947566","40.7636308_-73.9471887","40.7636452_-73.9218143","40.7636462_-73.9776851","40.7636521_-73.9097958","40.7636531_-73.9471696","40.7636531_-73.9475937","40.7636543_-73.9815692","40.763659_-73.973465","40.7636609_-73.9813857","40.7636637_-73.9539857","40.763667_-73.956083","40.7636754_-73.9476058","40.7636778_-73.9096651","40.7636818_-73.9052338","40.7636836_-73.954028","40.7636998_-73.9162476","40.7637024_-73.9540644","40.7637134_-73.9476214","40.7637213_-73.9480852","40.7637233_-73.9540965","40.763734_-73.94139","40.7637382_-73.9620616","40.7637435_-73.9476231","40.7637498_-73.9541271","40.7637645_-73.9470762","40.7637693_-73.979909","40.763769_-73.9818463","40.7637752_-73.9935339","40.76377_-73.9476217","40.7637829_-73.9541591","40.763799_-73.9147791","40.7638025_-73.9476144","40.7638183_-73.9464964","40.7638183_-73.9541839","40.7638247_-73.9150606","40.7638282_-73.954385","40.7638293_-73.95442","40.7638304_-73.9543399","40.7638304_-73.9544477","40.7638323_-73.9476026","40.7638358_-73.9470504","40.7638359_-73.954471","40.7638361_-73.9820084","40.7638381_-73.9542961","40.7638458_-73.9475937","40.7638458_-73.9479589","40.7638481_-73.9542481","40.7638493_-73.9148869","40.763858_-73.9542116","40.7638624_-73.9161153","40.7638735_-73.930866","40.7638799_-73.9466123","40.7638881_-73.9227337","40.763894_-73.936256","40.7638967_-73.9470531","40.7639012_-73.9149982","40.7639122_-73.9105677","40.7639334_-73.9225973","40.7639334_-73.974111","40.7639458_-73.9150939","40.7639577_-73.9470853","40.7639692_-73.9104285","40.7639694_-73.9226683")
done
138.90user 815.47system 1:13:20elapsed 21%CPU (0avgtext+0avgdata 91672maxresident)k
2266656inputs+144328outputs (66major+47306minor)pagefaults 0swaps
