40.7745782_-74.0146416
40.7745864_-73.9752393
40.7746141_-73.9480817
40.7746159_-73.9751582
40.7746206_-73.9754119
40.7746223_-73.9239852
40.7746308_-73.9742226
40.774637_-73.928339
40.7746412_-73.9194971
40.7746427_-73.98209
40.7746458_-73.9540995
40.7746466_-73.9754029
40.7746574_-73.9743209
40.7746582_-73.9332407
40.7746622_-73.9431549
40.7746631_-73.9923108
40.7746784_-73.9754004
40.7746833_-73.9744315
40.7746849_-73.9225159
40.7746866_-73.9748874
40.7746902_-73.9038243
40.7746918_-73.9744998
40.7746947_-73.9238931
40.7746969_-73.9240781
40.7747016_-73.9745524
40.7747038_-73.9333842
40.7747085_-73.9754051
40.774711_-74.019167
40.7747145_-73.9747635
40.7747204_-73.9228096
40.7747215_-73.9750726
40.7747221_-73.9429831
40.7747314_-73.97512
40.7747352_-73.982312
40.7747395_-73.9334937
40.7747491_-73.9881847
40.7747506_-73.9751791
40.7747525_-73.9686423
40.7747585_-73.9745854
40.774769_-73.9752236
40.77476_-73.9754273
40.774776_-74.018421
40.774782_-73.968617
40.7747855_-73.9745163
40.7747967_-73.98442
40.7748119_-73.9752886
40.7748124_-74.014
40.7748155_-73.9844524
40.7748186_-73.9430375
40.7748219_-73.9744353
40.7748277_-73.9805966
40.7748398_-73.9338012
40.77483_-74.0128326
40.7748497_-73.9243607
40.7748542_-73.9806593
40.7748565_-73.9743736
40.7748606_-73.9753455
40.7748678_-73.9428796
40.7748683_-74.0144477
40.7748712_-73.9089097
40.7748714_-73.984523
40.774875_-73.921772
40.7748761_-73.9339126
40.7748832_-73.9608832
40.7748904_-73.9102055
40.7748908_-73.9845598
40.774909_-73.976912
40.77491_-73.928196
40.7749252_-73.9507993
40.7749254_-73.9217107
40.7749274_-73.9754874
40.774933_-73.919141
40.7749348_-73.974271
40.774936_-73.944765
40.7749394_-73.9754051
40.7749465_-73.924633
40.7749576_-73.9589252
40.7749613_-73.9567991
40.7749702_-73.9742365
40.7749849_-73.9611216
40.7749858_-73.9245713
40.7749878_-73.9754338
40.7749932_-73.9683371
40.774994_-73.934274
40.7749957_-73.9230335
40.7750013_-73.9427955
40.7750035_-73.9630866
40.7750076_-73.9918902
40.7750116_-73.9741971
40.775014_-73.9754533
40.7750162_-73.9907676
40.775021_-73.926415
40.7750272_-73.9100362
40.7750385_-73.9364358
40.7750419_-73.9344221
40.775045_-73.965148
40.7750574_-73.9741657
40.7750581_-73.9227948
40.7750621_-73.9234489
40.775062_-73.913857
40.7750638_-73.9428784
40.7750668_-73.9681681
40.7750698_-73.9364199
40.7750812_-73.9755223
40.7750962_-74.0126339
40.7750975_-74.0143815
40.7751066_-73.9741371
40.7751137_-73.9755386
40.775123_-74.018135
40.7751297_-73.9201797
40.775148_-73.945275
40.7751541_-73.9755522
40.7751595_-73.9347862
40.7751748_-73.9290481
40.7745782_-74.0146416
40.7745864_-73.9752393
40.7746141_-73.9480817
40.7746159_-73.9751582
40.7746206_-73.9754119
40.7746223_-73.9239852
40.7746308_-73.9742226
40.774637_-73.928339
40.7746412_-73.9194971
40.7746427_-73.98209
40.7746458_-73.9540995
40.7746466_-73.9754029
40.7746574_-73.9743209
40.7746582_-73.9332407
40.7746622_-73.9431549
40.7746631_-73.9923108
40.7746784_-73.9754004
40.7746833_-73.9744315
40.7746849_-73.9225159
40.7746866_-73.9748874
40.7746902_-73.9038243
40.7746918_-73.9744998
40.7746947_-73.9238931
40.7746969_-73.9240781
40.7747016_-73.9745524
40.7747038_-73.9333842
40.7747085_-73.9754051
40.774711_-74.019167
40.7747145_-73.9747635
40.7747204_-73.9228096
40.7747215_-73.9750726
40.7747221_-73.9429831
40.7747314_-73.97512
40.7747352_-73.982312
40.7747395_-73.9334937
40.7747491_-73.9881847
40.7747506_-73.9751791
40.7747525_-73.9686423
40.7747585_-73.9745854
40.774769_-73.9752236
40.77476_-73.9754273
40.774776_-74.018421
40.774782_-73.968617
40.7747855_-73.9745163
40.7747967_-73.98442
40.7748119_-73.9752886
40.7748124_-74.014
40.7748155_-73.9844524
40.7748186_-73.9430375
40.7748219_-73.9744353
40.7748277_-73.9805966
40.7748398_-73.9338012
40.77483_-74.0128326
40.7748497_-73.9243607
40.7748542_-73.9806593
40.7748565_-73.9743736
40.7748606_-73.9753455
40.7748678_-73.9428796
40.7748683_-74.0144477
40.7748712_-73.9089097
40.7748714_-73.984523
40.774875_-73.921772
40.7748761_-73.9339126
40.7748832_-73.9608832
40.7748904_-73.9102055
40.7748908_-73.9845598
40.774909_-73.976912
40.77491_-73.928196
40.7749252_-73.9507993
40.7749254_-73.9217107
40.7749274_-73.9754874
40.774933_-73.919141
40.7749348_-73.974271
40.774936_-73.944765
40.7749394_-73.9754051
40.7749465_-73.924633
40.7749576_-73.9589252
40.7749613_-73.9567991
40.7749702_-73.9742365
40.7749849_-73.9611216
40.7749858_-73.9245713
40.7749878_-73.9754338
40.7749932_-73.9683371
40.774994_-73.934274
40.7749957_-73.9230335
40.7750013_-73.9427955
40.7750035_-73.9630866
40.7750076_-73.9918902
40.7750116_-73.9741971
40.775014_-73.9754533
40.7750162_-73.9907676
40.775021_-73.926415
40.7750272_-73.9100362
40.7750385_-73.9364358
40.7750419_-73.9344221
40.775045_-73.965148
40.7750574_-73.9741657
40.7750581_-73.9227948
40.7750621_-73.9234489
40.775062_-73.913857
40.7750638_-73.9428784
40.7750668_-73.9681681
40.7750698_-73.9364199
40.7750812_-73.9755223
40.7750962_-74.0126339
40.7750975_-74.0143815
40.7751066_-73.9741371
40.7751137_-73.9755386
40.775123_-74.018135
40.7751297_-73.9201797
40.775148_-73.945275
40.7751541_-73.9755522
40.7751595_-73.9347862
40.7751748_-73.9290481
("40.7745782_-74.0146416","40.7745864_-73.9752393","40.7746141_-73.9480817","40.7746159_-73.9751582","40.7746206_-73.9754119","40.7746223_-73.9239852","40.7746308_-73.9742226","40.774637_-73.928339","40.7746412_-73.9194971","40.7746427_-73.98209","40.7746458_-73.9540995","40.7746466_-73.9754029","40.7746574_-73.9743209","40.7746582_-73.9332407","40.7746622_-73.9431549","40.7746631_-73.9923108","40.7746784_-73.9754004","40.7746833_-73.9744315","40.7746849_-73.9225159","40.7746866_-73.9748874","40.7746902_-73.9038243","40.7746918_-73.9744998","40.7746947_-73.9238931","40.7746969_-73.9240781","40.7747016_-73.9745524","40.7747038_-73.9333842","40.7747085_-73.9754051","40.774711_-74.019167","40.7747145_-73.9747635","40.7747204_-73.9228096","40.7747215_-73.9750726","40.7747221_-73.9429831","40.7747314_-73.97512","40.7747352_-73.982312","40.7747395_-73.9334937","40.7747491_-73.9881847","40.7747506_-73.9751791","40.7747525_-73.9686423","40.7747585_-73.9745854","40.774769_-73.9752236","40.77476_-73.9754273","40.774776_-74.018421","40.774782_-73.968617","40.7747855_-73.9745163","40.7747967_-73.98442","40.7748119_-73.9752886","40.7748124_-74.014","40.7748155_-73.9844524","40.7748186_-73.9430375","40.7748219_-73.9744353","40.7748277_-73.9805966","40.7748398_-73.9338012","40.77483_-74.0128326","40.7748497_-73.9243607","40.7748542_-73.9806593","40.7748565_-73.9743736","40.7748606_-73.9753455","40.7748678_-73.9428796","40.7748683_-74.0144477","40.7748712_-73.9089097","40.7748714_-73.984523","40.774875_-73.921772","40.7748761_-73.9339126","40.7748832_-73.9608832","40.7748904_-73.9102055","40.7748908_-73.9845598","40.774909_-73.976912","40.77491_-73.928196","40.7749252_-73.9507993","40.7749254_-73.9217107","40.7749274_-73.9754874","40.774933_-73.919141","40.7749348_-73.974271","40.774936_-73.944765","40.7749394_-73.9754051","40.7749465_-73.924633","40.7749576_-73.9589252","40.7749613_-73.9567991","40.7749702_-73.9742365","40.7749849_-73.9611216","40.7749858_-73.9245713","40.7749878_-73.9754338","40.7749932_-73.9683371","40.774994_-73.934274","40.7749957_-73.9230335","40.7750013_-73.9427955","40.7750035_-73.9630866","40.7750076_-73.9918902","40.7750116_-73.9741971","40.775014_-73.9754533","40.7750162_-73.9907676","40.775021_-73.926415","40.7750272_-73.9100362","40.7750385_-73.9364358","40.7750419_-73.9344221","40.775045_-73.965148","40.7750574_-73.9741657","40.7750581_-73.9227948","40.7750621_-73.9234489","40.775062_-73.913857","40.7750638_-73.9428784","40.7750668_-73.9681681","40.7750698_-73.9364199","40.7750812_-73.9755223","40.7750962_-74.0126339","40.7750975_-74.0143815","40.7751066_-73.9741371","40.7751137_-73.9755386","40.775123_-74.018135","40.7751297_-73.9201797","40.775148_-73.945275","40.7751541_-73.9755522","40.7751595_-73.9347862","40.7751748_-73.9290481")
done
136.74user 828.42system 1:11:37elapsed 22%CPU (0avgtext+0avgdata 71960maxresident)k
3406256inputs+70384outputs (35major+37001minor)pagefaults 0swaps
