40.715743_-73.906021
40.7157441_-73.9839365
40.7157471_-74.0016907
40.7157537_-74.011089
40.715767_-74.006586
40.71576_-74.004976
40.715777_-73.986835
40.715779_-73.946303
40.7157857_-73.979784
40.7157905_-73.976058
40.7157938_-73.9905541
40.7157968_-74.0034818
40.7158042_-73.9948782
40.7158043_-73.9954718
40.715804_-73.978438
40.715813_-73.940022
40.715829_-74.015383
40.7158436_-73.9340969
40.7158457_-73.9941554
40.7158669_-73.9950437
40.7158697_-73.9955369
40.7158726_-74.0165308
40.715882_-73.98285
40.715886_-74.002808
40.715892_-74.011761
40.7159091_-73.9948606
40.7159139_-73.9963523
40.715918_-73.999321
40.715922_-74.011826
40.715927_-73.957626
40.715939_-73.944615
40.71593_-73.961912
40.7159409_-73.9808692
40.7159416_-73.9950102
40.715946_-73.911892
40.715951_-73.978909
40.7159542_-73.9867433
40.7159573_-73.9960021
40.7159635_-73.9867741
40.7159639_-73.9519202
40.715986_-73.9956905
40.715987_-73.953272
40.715998_-74.007097
40.7160068_-73.9961499
40.716008_-74.01516
40.716014_-74.008823
40.716015_-74.015108
40.7160187_-74.0164932
40.7160211_-73.995476
40.7160237_-73.9913112
40.7160242_-74.0152255
40.716036_-73.95118
40.716037_-74.01505
40.7160407_-74.0158439
40.716056_-74.015263
40.7160586_-73.9961232
40.7160635_-73.9958137
40.716065_-73.939017
40.716072_-74.015009
40.7160951_-73.996105
40.716096_-73.942935
40.716099_-74.014991
40.7161002_-73.9962315
40.716102_-74.015282
40.7161041_-73.9120418
40.7161052_-73.9503393
40.7161249_-73.9959326
40.716144_-73.910125
40.7161451_-74.0160712
40.716151_-74.015281
40.7161539_-74.0164763
40.7161559_-73.9836917
40.7161612_-73.9960096
40.7161642_-73.9961944
40.716172_-73.959511
40.7161743_-73.9757318
40.716178_-73.942077
40.716178_-73.94971
40.71617_-73.991796
40.716181_-74.002558
40.7161849_-73.9960621
40.716188_-74.009205
40.7161898_-73.9505895
40.716192_-74.015262
40.7161992_-73.9875573
40.7162008_-73.9817109
40.7162034_-73.9139028
40.716206_-73.966099
40.716207_-74.015249
40.7162135_-73.9971948
40.7162147_-73.9958981
40.7162199_-73.9661462
40.7162303_-73.9961602
40.7162353_-73.9959712
40.716235_-73.992014
40.7162508_-73.9960229
40.716252_-73.955186
40.71626_-73.907435
40.7162726_-73.9114569
40.7162865_-73.9961245
40.7162869_-74.0045303
40.7162908_-73.9841701
40.7162912_-74.0109454
40.7162981_-73.99625
40.7162_-74.000138
40.716301_-74.006166
40.7163119_-73.9129116
40.7163119_-73.9962869
40.716328_-74.0164693
40.716331_-73.948067
40.7163391_-73.996016
40.716339_-73.963852
40.716357_-73.9960038
40.716359_-73.94012
40.715743_-73.906021
40.7157441_-73.9839365
40.7157471_-74.0016907
40.7157537_-74.011089
40.715767_-74.006586
40.71576_-74.004976
40.715777_-73.986835
40.715779_-73.946303
40.7157857_-73.979784
40.7157905_-73.976058
40.7157938_-73.9905541
40.7157968_-74.0034818
40.7158042_-73.9948782
40.7158043_-73.9954718
40.715804_-73.978438
40.715813_-73.940022
40.715829_-74.015383
40.7158436_-73.9340969
40.7158457_-73.9941554
40.7158669_-73.9950437
40.7158697_-73.9955369
40.7158726_-74.0165308
40.715882_-73.98285
40.715886_-74.002808
40.715892_-74.011761
40.7159091_-73.9948606
40.7159139_-73.9963523
40.715918_-73.999321
40.715922_-74.011826
40.715927_-73.957626
40.715939_-73.944615
40.71593_-73.961912
40.7159409_-73.9808692
40.7159416_-73.9950102
40.715946_-73.911892
40.715951_-73.978909
40.7159542_-73.9867433
40.7159573_-73.9960021
40.7159635_-73.9867741
40.7159639_-73.9519202
40.715986_-73.9956905
40.715987_-73.953272
40.715998_-74.007097
40.7160068_-73.9961499
40.716008_-74.01516
40.716014_-74.008823
40.716015_-74.015108
40.7160187_-74.0164932
40.7160211_-73.995476
40.7160237_-73.9913112
40.7160242_-74.0152255
40.716036_-73.95118
40.716037_-74.01505
40.7160407_-74.0158439
40.716056_-74.015263
40.7160586_-73.9961232
40.7160635_-73.9958137
40.716065_-73.939017
40.716072_-74.015009
40.7160951_-73.996105
40.716096_-73.942935
40.716099_-74.014991
40.7161002_-73.9962315
40.716102_-74.015282
40.7161041_-73.9120418
40.7161052_-73.9503393
40.7161249_-73.9959326
40.716144_-73.910125
40.7161451_-74.0160712
40.716151_-74.015281
40.7161539_-74.0164763
40.7161559_-73.9836917
40.7161612_-73.9960096
40.7161642_-73.9961944
40.716172_-73.959511
40.7161743_-73.9757318
40.716178_-73.942077
40.716178_-73.94971
40.71617_-73.991796
40.716181_-74.002558
40.7161849_-73.9960621
40.716188_-74.009205
40.7161898_-73.9505895
40.716192_-74.015262
40.7161992_-73.9875573
40.7162008_-73.9817109
40.7162034_-73.9139028
40.716206_-73.966099
40.716207_-74.015249
40.7162135_-73.9971948
40.7162147_-73.9958981
40.7162199_-73.9661462
40.7162303_-73.9961602
40.7162353_-73.9959712
40.716235_-73.992014
40.7162508_-73.9960229
40.716252_-73.955186
40.71626_-73.907435
40.7162726_-73.9114569
40.7162865_-73.9961245
40.7162869_-74.0045303
40.7162908_-73.9841701
40.7162912_-74.0109454
40.7162981_-73.99625
40.7162_-74.000138
40.716301_-74.006166
40.7163119_-73.9129116
40.7163119_-73.9962869
40.716328_-74.0164693
40.716331_-73.948067
40.7163391_-73.996016
40.716339_-73.963852
40.716357_-73.9960038
40.716359_-73.94012
("40.715743_-73.906021","40.7157441_-73.9839365","40.7157471_-74.0016907","40.7157537_-74.011089","40.715767_-74.006586","40.71576_-74.004976","40.715777_-73.986835","40.715779_-73.946303","40.7157857_-73.979784","40.7157905_-73.976058","40.7157938_-73.9905541","40.7157968_-74.0034818","40.7158042_-73.9948782","40.7158043_-73.9954718","40.715804_-73.978438","40.715813_-73.940022","40.715829_-74.015383","40.7158436_-73.9340969","40.7158457_-73.9941554","40.7158669_-73.9950437","40.7158697_-73.9955369","40.7158726_-74.0165308","40.715882_-73.98285","40.715886_-74.002808","40.715892_-74.011761","40.7159091_-73.9948606","40.7159139_-73.9963523","40.715918_-73.999321","40.715922_-74.011826","40.715927_-73.957626","40.715939_-73.944615","40.71593_-73.961912","40.7159409_-73.9808692","40.7159416_-73.9950102","40.715946_-73.911892","40.715951_-73.978909","40.7159542_-73.9867433","40.7159573_-73.9960021","40.7159635_-73.9867741","40.7159639_-73.9519202","40.715986_-73.9956905","40.715987_-73.953272","40.715998_-74.007097","40.7160068_-73.9961499","40.716008_-74.01516","40.716014_-74.008823","40.716015_-74.015108","40.7160187_-74.0164932","40.7160211_-73.995476","40.7160237_-73.9913112","40.7160242_-74.0152255","40.716036_-73.95118","40.716037_-74.01505","40.7160407_-74.0158439","40.716056_-74.015263","40.7160586_-73.9961232","40.7160635_-73.9958137","40.716065_-73.939017","40.716072_-74.015009","40.7160951_-73.996105","40.716096_-73.942935","40.716099_-74.014991","40.7161002_-73.9962315","40.716102_-74.015282","40.7161041_-73.9120418","40.7161052_-73.9503393","40.7161249_-73.9959326","40.716144_-73.910125","40.7161451_-74.0160712","40.716151_-74.015281","40.7161539_-74.0164763","40.7161559_-73.9836917","40.7161612_-73.9960096","40.7161642_-73.9961944","40.716172_-73.959511","40.7161743_-73.9757318","40.716178_-73.942077","40.716178_-73.94971","40.71617_-73.991796","40.716181_-74.002558","40.7161849_-73.9960621","40.716188_-74.009205","40.7161898_-73.9505895","40.716192_-74.015262","40.7161992_-73.9875573","40.7162008_-73.9817109","40.7162034_-73.9139028","40.716206_-73.966099","40.716207_-74.015249","40.7162135_-73.9971948","40.7162147_-73.9958981","40.7162199_-73.9661462","40.7162303_-73.9961602","40.7162353_-73.9959712","40.716235_-73.992014","40.7162508_-73.9960229","40.716252_-73.955186","40.71626_-73.907435","40.7162726_-73.9114569","40.7162865_-73.9961245","40.7162869_-74.0045303","40.7162908_-73.9841701","40.7162912_-74.0109454","40.7162981_-73.99625","40.7162_-74.000138","40.716301_-74.006166","40.7163119_-73.9129116","40.7163119_-73.9962869","40.716328_-74.0164693","40.716331_-73.948067","40.7163391_-73.996016","40.716339_-73.963852","40.716357_-73.9960038","40.716359_-73.94012")
done
142.84user 819.94system 1:11:37elapsed 22%CPU (0avgtext+0avgdata 58288maxresident)k
2951712inputs+15088outputs (12major+30214minor)pagefaults 0swaps
