40.7616113_-73.9416614
40.7616119_-73.9101219
40.7616152_-73.9728511
40.7616228_-73.9179374
40.7616334_-73.9190362
40.761642_-73.9246779
40.7616439_-73.9101898
40.7616474_-73.9498636
40.7616489_-73.9665087
40.7616583_-73.9865645
40.761663_-73.9415511
40.7616646_-73.9708574
40.761664_-73.951567
40.7616667_-73.9178276
40.761667_-73.974915
40.7616733_-73.9245172
40.7616807_-73.9057676
40.7616811_-73.9102686
40.761686_-73.941615
40.7616918_-73.9178812
40.7616998_-73.9498383
40.7617027_-73.9056071
40.7617038_-73.9101422
40.761706_-73.93158
40.7617121_-73.9416877
40.7617173_-73.9054451
40.7617189_-73.9828071
40.7617293_-73.9179607
40.7617611_-73.9054209
40.7617678_-73.9178193
40.761771_-73.979057
40.7617751_-73.9415596
40.7617881_-73.9946308
40.761789_-73.957441
40.7618672_-73.9812306
40.7618673_-73.9634382
40.7618737_-73.9673246
40.7618781_-73.9425461
40.7618975_-73.9948916
40.7619058_-74.0009377
40.761909_-73.9252494
40.7619209_-73.9426678
40.7619454_-73.9110532
40.7619556_-73.9423478
40.7619572_-74.0010621
40.76197_-73.92538
40.7619845_-73.9109117
40.7619859_-73.9424775
40.7620045_-73.9187343
40.7620219_-73.9109909
40.7620235_-73.9426272
40.7620248_-73.9121031
40.7620261_-73.9065808
40.7620328_-73.9657401
40.7620358_-73.9186092
40.7620509_-73.9255515
40.7620648_-73.9836282
40.7620687_-74.0013215
40.7620698_-73.9186812
40.76206_-73.9110707
40.7620721_-73.9430791
40.7620764_-73.9063918
40.7620792_-73.9619892
40.7620805_-73.9512077
40.7620887_-73.9109375
40.7620897_-73.9424154
40.762098_-73.927492
40.7621074_-73.9187609
40.7621165_-73.9601308
40.7621211_-73.9065035
40.7621219_-73.9973838
40.762126_-73.9425202
40.7621401_-73.9547614
40.7621489_-73.9186168
40.7621607_-73.9877621
40.7621773_-73.906607
40.762185_-73.9936069
40.7621889_-73.9430842
40.7621957_-73.9661119
40.762197_-73.9897753
40.7622034_-73.943396
40.7622326_-73.9898591
40.7622356_-73.9681807
40.7622514_-73.9701425
40.7622658_-73.9547847
40.7622849_-73.9373717
40.7622893_-73.9861046
40.7622894_-73.9723599
40.762293_-73.974457
40.7623056_-73.9545702
40.7623062_-73.9881091
40.7623092_-73.9051179
40.7623308_-73.9434413
40.7623312_-73.9118538
40.7623343_-73.9823574
40.7623376_-73.915155
40.7623449_-73.9703631
40.7623523_-73.9261907
40.7623654_-73.9117096
40.7623732_-73.9034333
40.7623778_-73.9195302
40.7623835_-73.9062901
40.7623902_-73.929425
40.762396_-73.978601
40.7623982_-73.949464
40.7624006_-73.9509316
40.7624055_-73.9117934
40.7624072_-73.943647
40.7624093_-73.9883549
40.7624147_-73.9194113
40.762417_-73.956983
40.7624224_-73.9941692
40.7624293_-73.9666671
40.7624373_-73.9479808
40.7616113_-73.9416614
40.7616119_-73.9101219
40.7616152_-73.9728511
40.7616228_-73.9179374
40.7616334_-73.9190362
40.761642_-73.9246779
40.7616439_-73.9101898
40.7616474_-73.9498636
40.7616489_-73.9665087
40.7616583_-73.9865645
40.761663_-73.9415511
40.7616646_-73.9708574
40.761664_-73.951567
40.7616667_-73.9178276
40.761667_-73.974915
40.7616733_-73.9245172
40.7616807_-73.9057676
40.7616811_-73.9102686
40.761686_-73.941615
40.7616918_-73.9178812
40.7616998_-73.9498383
40.7617027_-73.9056071
40.7617038_-73.9101422
40.761706_-73.93158
40.7617121_-73.9416877
40.7617173_-73.9054451
40.7617189_-73.9828071
40.7617293_-73.9179607
40.7617611_-73.9054209
40.7617678_-73.9178193
40.761771_-73.979057
40.7617751_-73.9415596
40.7617881_-73.9946308
40.761789_-73.957441
40.7618672_-73.9812306
40.7618673_-73.9634382
40.7618737_-73.9673246
40.7618781_-73.9425461
40.7618975_-73.9948916
40.7619058_-74.0009377
40.761909_-73.9252494
40.7619209_-73.9426678
40.7619454_-73.9110532
40.7619556_-73.9423478
40.7619572_-74.0010621
40.76197_-73.92538
40.7619845_-73.9109117
40.7619859_-73.9424775
40.7620045_-73.9187343
40.7620219_-73.9109909
40.7620235_-73.9426272
40.7620248_-73.9121031
40.7620261_-73.9065808
40.7620328_-73.9657401
40.7620358_-73.9186092
40.7620509_-73.9255515
40.7620648_-73.9836282
40.7620687_-74.0013215
40.7620698_-73.9186812
40.76206_-73.9110707
40.7620721_-73.9430791
40.7620764_-73.9063918
40.7620792_-73.9619892
40.7620805_-73.9512077
40.7620887_-73.9109375
40.7620897_-73.9424154
40.762098_-73.927492
40.7621074_-73.9187609
40.7621165_-73.9601308
40.7621211_-73.9065035
40.7621219_-73.9973838
40.762126_-73.9425202
40.7621401_-73.9547614
40.7621489_-73.9186168
40.7621607_-73.9877621
40.7621773_-73.906607
40.762185_-73.9936069
40.7621889_-73.9430842
40.7621957_-73.9661119
40.762197_-73.9897753
40.7622034_-73.943396
40.7622326_-73.9898591
40.7622356_-73.9681807
40.7622514_-73.9701425
40.7622658_-73.9547847
40.7622849_-73.9373717
40.7622893_-73.9861046
40.7622894_-73.9723599
40.762293_-73.974457
40.7623056_-73.9545702
40.7623062_-73.9881091
40.7623092_-73.9051179
40.7623308_-73.9434413
40.7623312_-73.9118538
40.7623343_-73.9823574
40.7623376_-73.915155
40.7623449_-73.9703631
40.7623523_-73.9261907
40.7623654_-73.9117096
40.7623732_-73.9034333
40.7623778_-73.9195302
40.7623835_-73.9062901
40.7623902_-73.929425
40.762396_-73.978601
40.7623982_-73.949464
40.7624006_-73.9509316
40.7624055_-73.9117934
40.7624072_-73.943647
40.7624093_-73.9883549
40.7624147_-73.9194113
40.762417_-73.956983
40.7624224_-73.9941692
40.7624293_-73.9666671
40.7624373_-73.9479808
("40.7616113_-73.9416614","40.7616119_-73.9101219","40.7616152_-73.9728511","40.7616228_-73.9179374","40.7616334_-73.9190362","40.761642_-73.9246779","40.7616439_-73.9101898","40.7616474_-73.9498636","40.7616489_-73.9665087","40.7616583_-73.9865645","40.761663_-73.9415511","40.7616646_-73.9708574","40.761664_-73.951567","40.7616667_-73.9178276","40.761667_-73.974915","40.7616733_-73.9245172","40.7616807_-73.9057676","40.7616811_-73.9102686","40.761686_-73.941615","40.7616918_-73.9178812","40.7616998_-73.9498383","40.7617027_-73.9056071","40.7617038_-73.9101422","40.761706_-73.93158","40.7617121_-73.9416877","40.7617173_-73.9054451","40.7617189_-73.9828071","40.7617293_-73.9179607","40.7617611_-73.9054209","40.7617678_-73.9178193","40.761771_-73.979057","40.7617751_-73.9415596","40.7617881_-73.9946308","40.761789_-73.957441","40.7618672_-73.9812306","40.7618673_-73.9634382","40.7618737_-73.9673246","40.7618781_-73.9425461","40.7618975_-73.9948916","40.7619058_-74.0009377","40.761909_-73.9252494","40.7619209_-73.9426678","40.7619454_-73.9110532","40.7619556_-73.9423478","40.7619572_-74.0010621","40.76197_-73.92538","40.7619845_-73.9109117","40.7619859_-73.9424775","40.7620045_-73.9187343","40.7620219_-73.9109909","40.7620235_-73.9426272","40.7620248_-73.9121031","40.7620261_-73.9065808","40.7620328_-73.9657401","40.7620358_-73.9186092","40.7620509_-73.9255515","40.7620648_-73.9836282","40.7620687_-74.0013215","40.7620698_-73.9186812","40.76206_-73.9110707","40.7620721_-73.9430791","40.7620764_-73.9063918","40.7620792_-73.9619892","40.7620805_-73.9512077","40.7620887_-73.9109375","40.7620897_-73.9424154","40.762098_-73.927492","40.7621074_-73.9187609","40.7621165_-73.9601308","40.7621211_-73.9065035","40.7621219_-73.9973838","40.762126_-73.9425202","40.7621401_-73.9547614","40.7621489_-73.9186168","40.7621607_-73.9877621","40.7621773_-73.906607","40.762185_-73.9936069","40.7621889_-73.9430842","40.7621957_-73.9661119","40.762197_-73.9897753","40.7622034_-73.943396","40.7622326_-73.9898591","40.7622356_-73.9681807","40.7622514_-73.9701425","40.7622658_-73.9547847","40.7622849_-73.9373717","40.7622893_-73.9861046","40.7622894_-73.9723599","40.762293_-73.974457","40.7623056_-73.9545702","40.7623062_-73.9881091","40.7623092_-73.9051179","40.7623308_-73.9434413","40.7623312_-73.9118538","40.7623343_-73.9823574","40.7623376_-73.915155","40.7623449_-73.9703631","40.7623523_-73.9261907","40.7623654_-73.9117096","40.7623732_-73.9034333","40.7623778_-73.9195302","40.7623835_-73.9062901","40.7623902_-73.929425","40.762396_-73.978601","40.7623982_-73.949464","40.7624006_-73.9509316","40.7624055_-73.9117934","40.7624072_-73.943647","40.7624093_-73.9883549","40.7624147_-73.9194113","40.762417_-73.956983","40.7624224_-73.9941692","40.7624293_-73.9666671","40.7624373_-73.9479808")
done
145.80user 815.00system 1:15:30elapsed 21%CPU (0avgtext+0avgdata 102036maxresident)k
869096inputs+180104outputs (123major+50706minor)pagefaults 0swaps
