40.8138746_-73.9346793
40.8138747_-73.9347895
40.8138829_-73.9621169
40.813883_-73.911812
40.8138877_-73.9313611
40.8138947_-73.9346311
40.8138_-73.949861
40.8139062_-73.9621457
40.8139213_-73.9322785
40.813938_-73.948419
40.8139437_-73.9347752
40.813943_-73.9633701
40.8139459_-73.9839778
40.813948_-73.961922
40.813949_-73.916754
40.8139555_-73.962161
40.8139721_-73.928173
40.8139879_-73.9445752
40.8140139_-73.9621394
40.8140218_-73.9344815
40.8140239_-73.9321242
40.814026_-73.994866
40.814027_-73.9348556
40.814044_-73.936688
40.814044_-73.961845
40.814051_-73.993709
40.8140545_-73.9322986
40.8140578_-73.9447402
40.8140594_-73.9308515
40.8140599_-73.9386407
40.8140653_-73.9324505
40.8140745_-73.9407852
40.8140779_-73.9348183
40.8140797_-73.9345806
40.8140842_-73.9123772
40.8140914_-73.9621073
40.814104_-73.949623
40.8141069_-73.9320505
40.8141069_-73.9338048
40.8141185_-73.9341129
40.814125_-73.961799
40.814132_-73.903804
40.814132_-73.917251
40.8141391_-73.9556954
40.8141401_-73.9409365
40.8141448_-73.9322371
40.814144_-73.919201
40.8141544_-73.9323971
40.8141565_-73.9344128
40.8141687_-73.9212195
40.8141698_-73.9319744
40.8141879_-73.9900507
40.814187_-73.95086
40.814192_-73.960687
40.8141959_-74.0116115
40.8141962_-73.933896
40.81421_-73.9341897
40.8142297_-73.934596
40.8142321_-73.9620259
40.8142502_-73.9322411
40.8142582_-73.9346667
40.8142668_-73.9349108
40.814269_-73.912954
40.814278_-73.9648368
40.81427_-73.915341
40.8143036_-73.9530716
40.8143118_-73.934421
40.814328_-73.904749
40.8143308_-73.9494606
40.814331_-73.917749
40.8143598_-73.9307121
40.8143611_-73.9619318
40.81438_-73.924751
40.8144167_-73.9311734
40.814421_-73.949396
40.814426_-74.0001
40.8144282_-73.9395371
40.814439_-73.9259548
40.8144622_-73.9353726
40.8144827_-73.9554444
40.814489_-74.001675
40.8144963_-73.9345839
40.814502_-73.983963
40.814519_-73.918182
40.8145217_-73.9618099
40.814523_-73.905674
40.8145318_-74.0027854
40.8145342_-73.989421
40.8145637_-73.9505857
40.814564_-73.920482
40.814586_-73.9646647
40.81458_-73.947947
40.814609_-73.944122
40.8146288_-73.9264456
40.814629_-73.920349
40.8146445_-73.90858
40.8146602_-73.9202884
40.8146749_-73.944278
40.81467_-73.936224
40.8146846_-73.9265341
40.8146978_-73.9185857
40.8147191_-73.9065802
40.8147262_-73.9345448
40.8147364_-73.926616
40.814737_-73.949189
40.8147415_-73.930637
40.8147543_-73.9402901
40.8147559_-73.9184656
40.814767_-73.918742
40.8147789_-73.9361558
40.814802_-73.961616
40.8148155_-73.9363329
40.8148176_-73.9404415
40.8148241_-73.909521
40.8138746_-73.9346793
40.8138747_-73.9347895
40.8138829_-73.9621169
40.813883_-73.911812
40.8138877_-73.9313611
40.8138947_-73.9346311
40.8138_-73.949861
40.8139062_-73.9621457
40.8139213_-73.9322785
40.813938_-73.948419
40.8139437_-73.9347752
40.813943_-73.9633701
40.8139459_-73.9839778
40.813948_-73.961922
40.813949_-73.916754
40.8139555_-73.962161
40.8139721_-73.928173
40.8139879_-73.9445752
40.8140139_-73.9621394
40.8140218_-73.9344815
40.8140239_-73.9321242
40.814026_-73.994866
40.814027_-73.9348556
40.814044_-73.936688
40.814044_-73.961845
40.814051_-73.993709
40.8140545_-73.9322986
40.8140578_-73.9447402
40.8140594_-73.9308515
40.8140599_-73.9386407
40.8140653_-73.9324505
40.8140745_-73.9407852
40.8140779_-73.9348183
40.8140797_-73.9345806
40.8140842_-73.9123772
40.8140914_-73.9621073
40.814104_-73.949623
40.8141069_-73.9320505
40.8141069_-73.9338048
40.8141185_-73.9341129
40.814125_-73.961799
40.814132_-73.903804
40.814132_-73.917251
40.8141391_-73.9556954
40.8141401_-73.9409365
40.8141448_-73.9322371
40.814144_-73.919201
40.8141544_-73.9323971
40.8141565_-73.9344128
40.8141687_-73.9212195
40.8141698_-73.9319744
40.8141879_-73.9900507
40.814187_-73.95086
40.814192_-73.960687
40.8141959_-74.0116115
40.8141962_-73.933896
40.81421_-73.9341897
40.8142297_-73.934596
40.8142321_-73.9620259
40.8142502_-73.9322411
40.8142582_-73.9346667
40.8142668_-73.9349108
40.814269_-73.912954
40.814278_-73.9648368
40.81427_-73.915341
40.8143036_-73.9530716
40.8143118_-73.934421
40.814328_-73.904749
40.8143308_-73.9494606
40.814331_-73.917749
40.8143598_-73.9307121
40.8143611_-73.9619318
40.81438_-73.924751
40.8144167_-73.9311734
40.814421_-73.949396
40.814426_-74.0001
40.8144282_-73.9395371
40.814439_-73.9259548
40.8144622_-73.9353726
40.8144827_-73.9554444
40.814489_-74.001675
40.8144963_-73.9345839
40.814502_-73.983963
40.814519_-73.918182
40.8145217_-73.9618099
40.814523_-73.905674
40.8145318_-74.0027854
40.8145342_-73.989421
40.8145637_-73.9505857
40.814564_-73.920482
40.814586_-73.9646647
40.81458_-73.947947
40.814609_-73.944122
40.8146288_-73.9264456
40.814629_-73.920349
40.8146445_-73.90858
40.8146602_-73.9202884
40.8146749_-73.944278
40.81467_-73.936224
40.8146846_-73.9265341
40.8146978_-73.9185857
40.8147191_-73.9065802
40.8147262_-73.9345448
40.8147364_-73.926616
40.814737_-73.949189
40.8147415_-73.930637
40.8147543_-73.9402901
40.8147559_-73.9184656
40.814767_-73.918742
40.8147789_-73.9361558
40.814802_-73.961616
40.8148155_-73.9363329
40.8148176_-73.9404415
40.8148241_-73.909521
("40.8138746_-73.9346793","40.8138747_-73.9347895","40.8138829_-73.9621169","40.813883_-73.911812","40.8138877_-73.9313611","40.8138947_-73.9346311","40.8138_-73.949861","40.8139062_-73.9621457","40.8139213_-73.9322785","40.813938_-73.948419","40.8139437_-73.9347752","40.813943_-73.9633701","40.8139459_-73.9839778","40.813948_-73.961922","40.813949_-73.916754","40.8139555_-73.962161","40.8139721_-73.928173","40.8139879_-73.9445752","40.8140139_-73.9621394","40.8140218_-73.9344815","40.8140239_-73.9321242","40.814026_-73.994866","40.814027_-73.9348556","40.814044_-73.936688","40.814044_-73.961845","40.814051_-73.993709","40.8140545_-73.9322986","40.8140578_-73.9447402","40.8140594_-73.9308515","40.8140599_-73.9386407","40.8140653_-73.9324505","40.8140745_-73.9407852","40.8140779_-73.9348183","40.8140797_-73.9345806","40.8140842_-73.9123772","40.8140914_-73.9621073","40.814104_-73.949623","40.8141069_-73.9320505","40.8141069_-73.9338048","40.8141185_-73.9341129","40.814125_-73.961799","40.814132_-73.903804","40.814132_-73.917251","40.8141391_-73.9556954","40.8141401_-73.9409365","40.8141448_-73.9322371","40.814144_-73.919201","40.8141544_-73.9323971","40.8141565_-73.9344128","40.8141687_-73.9212195","40.8141698_-73.9319744","40.8141879_-73.9900507","40.814187_-73.95086","40.814192_-73.960687","40.8141959_-74.0116115","40.8141962_-73.933896","40.81421_-73.9341897","40.8142297_-73.934596","40.8142321_-73.9620259","40.8142502_-73.9322411","40.8142582_-73.9346667","40.8142668_-73.9349108","40.814269_-73.912954","40.814278_-73.9648368","40.81427_-73.915341","40.8143036_-73.9530716","40.8143118_-73.934421","40.814328_-73.904749","40.8143308_-73.9494606","40.814331_-73.917749","40.8143598_-73.9307121","40.8143611_-73.9619318","40.81438_-73.924751","40.8144167_-73.9311734","40.814421_-73.949396","40.814426_-74.0001","40.8144282_-73.9395371","40.814439_-73.9259548","40.8144622_-73.9353726","40.8144827_-73.9554444","40.814489_-74.001675","40.8144963_-73.9345839","40.814502_-73.983963","40.814519_-73.918182","40.8145217_-73.9618099","40.814523_-73.905674","40.8145318_-74.0027854","40.8145342_-73.989421","40.8145637_-73.9505857","40.814564_-73.920482","40.814586_-73.9646647","40.81458_-73.947947","40.814609_-73.944122","40.8146288_-73.9264456","40.814629_-73.920349","40.8146445_-73.90858","40.8146602_-73.9202884","40.8146749_-73.944278","40.81467_-73.936224","40.8146846_-73.9265341","40.8146978_-73.9185857","40.8147191_-73.9065802","40.8147262_-73.9345448","40.8147364_-73.926616","40.814737_-73.949189","40.8147415_-73.930637","40.8147543_-73.9402901","40.8147559_-73.9184656","40.814767_-73.918742","40.8147789_-73.9361558","40.814802_-73.961616","40.8148155_-73.9363329","40.8148176_-73.9404415","40.8148241_-73.909521")
done
128.72user 797.56system 1:15:40elapsed 20%CPU (0avgtext+0avgdata 53844maxresident)k
488688inputs+48outputs (1major+28691minor)pagefaults 0swaps
