40.8361153_-73.9400362
40.836137_-73.944663
40.8361568_-73.9401352
40.836181_-73.904159
40.836197_-73.983001
40.8362051_-73.9224122
40.8362051_-73.9462093
40.836225_-73.944644
40.8362325_-73.9233574
40.836232_-73.907402
40.8362782_-73.9222949
40.8362782_-73.9466813
40.836306_-73.925167
40.8363236_-73.9156896
40.836334_-73.9446
40.8363354_-73.9092255
40.836342_-74.007175
40.8363458_-73.9233438
40.8363811_-73.9445746
40.836381_-73.9308092
40.836393_-73.915871
40.836412_-73.976138
40.8364411_-73.905387
40.83644_-73.918412
40.8364576_-73.9218408
40.8364592_-73.9345154
40.8364613_-73.9714089
40.8364635_-73.9486588
40.8364671_-73.9160629
40.836469_-73.937023
40.8364715_-73.9392459
40.8364851_-73.9465365
40.836508_-73.90535
40.8365139_-73.9371305
40.8365302_-73.9101267
40.8365329_-73.9219481
40.836532_-73.9488318
40.8365346_-73.9430023
40.8365445_-73.9220009
40.8365484_-73.9369866
40.8365528_-73.9430459
40.8365582_-73.9468959
40.8365644_-73.9491013
40.8365699_-73.9393412
40.8366055_-73.92228
40.8366143_-73.9431927
40.836614_-73.926113
40.8366197_-73.9492021
40.8366222_-73.9219649
40.8366479_-73.9394161
40.8366491_-73.9222782
40.8367255_-73.934524
40.8367385_-73.9195139
40.8367415_-73.9484028
40.8367727_-73.91941
40.8367964_-73.9097405
40.836822_-73.9467403
40.836827_-73.9195772
40.8368382_-73.9470354
40.83684_-73.970631
40.836864_-73.9080675
40.8368663_-73.919442
40.836929_-73.927123
40.8369525_-73.9489071
40.8369643_-73.9401714
40.8369653_-73.9092255
40.8369708_-73.9272553
40.8370056_-73.9304704
40.8370172_-73.9087277
40.8370265_-73.9155133
40.8370323_-73.9306198
40.8370418_-73.9482741
40.8370682_-73.9489936
40.8370768_-73.9203619
40.8370771_-73.9442977
40.8370828_-73.9209064
40.8370899_-73.9206339
40.837093_-73.9205161
40.8371016_-73.9096203
40.8371104_-73.9222597
40.8371134_-73.913732
40.8371548_-73.9471051
40.837156_-73.917848
40.8371653_-73.9080669
40.837168_-73.9425447
40.8371842_-73.9425832
40.837191_-73.9079522
40.837193_-73.936691
40.8371997_-73.9192621
40.837199_-73.9093027
40.837226_-73.9388329
40.837233_-73.9367872
40.8372479_-73.9427349
40.8372566_-73.9280874
40.837294_-74.007553
40.8372_-74.017663
40.8373178_-73.9468195
40.837317_-73.923302
40.83731_-73.988039
40.8373503_-73.9480595
40.8373728_-73.9204814
40.8373856_-73.9716015
40.8374111_-73.9487301
40.837418_-74.009864
40.8374275_-73.9222454
40.8374369_-73.9203874
40.8374385_-73.9365759
40.8374461_-73.9145961
40.8374562_-73.9077306
40.8374776_-73.9202471
40.8374966_-73.9202993
40.837503_-73.910595
40.837508_-73.970381
40.837511_-73.9204719
40.8361153_-73.9400362
40.836137_-73.944663
40.8361568_-73.9401352
40.836181_-73.904159
40.836197_-73.983001
40.8362051_-73.9224122
40.8362051_-73.9462093
40.836225_-73.944644
40.8362325_-73.9233574
40.836232_-73.907402
40.8362782_-73.9222949
40.8362782_-73.9466813
40.836306_-73.925167
40.8363236_-73.9156896
40.836334_-73.9446
40.8363354_-73.9092255
40.836342_-74.007175
40.8363458_-73.9233438
40.8363811_-73.9445746
40.836381_-73.9308092
40.836393_-73.915871
40.836412_-73.976138
40.8364411_-73.905387
40.83644_-73.918412
40.8364576_-73.9218408
40.8364592_-73.9345154
40.8364613_-73.9714089
40.8364635_-73.9486588
40.8364671_-73.9160629
40.836469_-73.937023
40.8364715_-73.9392459
40.8364851_-73.9465365
40.836508_-73.90535
40.8365139_-73.9371305
40.8365302_-73.9101267
40.8365329_-73.9219481
40.836532_-73.9488318
40.8365346_-73.9430023
40.8365445_-73.9220009
40.8365484_-73.9369866
40.8365528_-73.9430459
40.8365582_-73.9468959
40.8365644_-73.9491013
40.8365699_-73.9393412
40.8366055_-73.92228
40.8366143_-73.9431927
40.836614_-73.926113
40.8366197_-73.9492021
40.8366222_-73.9219649
40.8366479_-73.9394161
40.8366491_-73.9222782
40.8367255_-73.934524
40.8367385_-73.9195139
40.8367415_-73.9484028
40.8367727_-73.91941
40.8367964_-73.9097405
40.836822_-73.9467403
40.836827_-73.9195772
40.8368382_-73.9470354
40.83684_-73.970631
40.836864_-73.9080675
40.8368663_-73.919442
40.836929_-73.927123
40.8369525_-73.9489071
40.8369643_-73.9401714
40.8369653_-73.9092255
40.8369708_-73.9272553
40.8370056_-73.9304704
40.8370172_-73.9087277
40.8370265_-73.9155133
40.8370323_-73.9306198
40.8370418_-73.9482741
40.8370682_-73.9489936
40.8370768_-73.9203619
40.8370771_-73.9442977
40.8370828_-73.9209064
40.8370899_-73.9206339
40.837093_-73.9205161
40.8371016_-73.9096203
40.8371104_-73.9222597
40.8371134_-73.913732
40.8371548_-73.9471051
40.837156_-73.917848
40.8371653_-73.9080669
40.837168_-73.9425447
40.8371842_-73.9425832
40.837191_-73.9079522
40.837193_-73.936691
40.8371997_-73.9192621
40.837199_-73.9093027
40.837226_-73.9388329
40.837233_-73.9367872
40.8372479_-73.9427349
40.8372566_-73.9280874
40.837294_-74.007553
40.8372_-74.017663
40.8373178_-73.9468195
40.837317_-73.923302
40.83731_-73.988039
40.8373503_-73.9480595
40.8373728_-73.9204814
40.8373856_-73.9716015
40.8374111_-73.9487301
40.837418_-74.009864
40.8374275_-73.9222454
40.8374369_-73.9203874
40.8374385_-73.9365759
40.8374461_-73.9145961
40.8374562_-73.9077306
40.8374776_-73.9202471
40.8374966_-73.9202993
40.837503_-73.910595
40.837508_-73.970381
40.837511_-73.9204719
("40.8361153_-73.9400362","40.836137_-73.944663","40.8361568_-73.9401352","40.836181_-73.904159","40.836197_-73.983001","40.8362051_-73.9224122","40.8362051_-73.9462093","40.836225_-73.944644","40.8362325_-73.9233574","40.836232_-73.907402","40.8362782_-73.9222949","40.8362782_-73.9466813","40.836306_-73.925167","40.8363236_-73.9156896","40.836334_-73.9446","40.8363354_-73.9092255","40.836342_-74.007175","40.8363458_-73.9233438","40.8363811_-73.9445746","40.836381_-73.9308092","40.836393_-73.915871","40.836412_-73.976138","40.8364411_-73.905387","40.83644_-73.918412","40.8364576_-73.9218408","40.8364592_-73.9345154","40.8364613_-73.9714089","40.8364635_-73.9486588","40.8364671_-73.9160629","40.836469_-73.937023","40.8364715_-73.9392459","40.8364851_-73.9465365","40.836508_-73.90535","40.8365139_-73.9371305","40.8365302_-73.9101267","40.8365329_-73.9219481","40.836532_-73.9488318","40.8365346_-73.9430023","40.8365445_-73.9220009","40.8365484_-73.9369866","40.8365528_-73.9430459","40.8365582_-73.9468959","40.8365644_-73.9491013","40.8365699_-73.9393412","40.8366055_-73.92228","40.8366143_-73.9431927","40.836614_-73.926113","40.8366197_-73.9492021","40.8366222_-73.9219649","40.8366479_-73.9394161","40.8366491_-73.9222782","40.8367255_-73.934524","40.8367385_-73.9195139","40.8367415_-73.9484028","40.8367727_-73.91941","40.8367964_-73.9097405","40.836822_-73.9467403","40.836827_-73.9195772","40.8368382_-73.9470354","40.83684_-73.970631","40.836864_-73.9080675","40.8368663_-73.919442","40.836929_-73.927123","40.8369525_-73.9489071","40.8369643_-73.9401714","40.8369653_-73.9092255","40.8369708_-73.9272553","40.8370056_-73.9304704","40.8370172_-73.9087277","40.8370265_-73.9155133","40.8370323_-73.9306198","40.8370418_-73.9482741","40.8370682_-73.9489936","40.8370768_-73.9203619","40.8370771_-73.9442977","40.8370828_-73.9209064","40.8370899_-73.9206339","40.837093_-73.9205161","40.8371016_-73.9096203","40.8371104_-73.9222597","40.8371134_-73.913732","40.8371548_-73.9471051","40.837156_-73.917848","40.8371653_-73.9080669","40.837168_-73.9425447","40.8371842_-73.9425832","40.837191_-73.9079522","40.837193_-73.936691","40.8371997_-73.9192621","40.837199_-73.9093027","40.837226_-73.9388329","40.837233_-73.9367872","40.8372479_-73.9427349","40.8372566_-73.9280874","40.837294_-74.007553","40.8372_-74.017663","40.8373178_-73.9468195","40.837317_-73.923302","40.83731_-73.988039","40.8373503_-73.9480595","40.8373728_-73.9204814","40.8373856_-73.9716015","40.8374111_-73.9487301","40.837418_-74.009864","40.8374275_-73.9222454","40.8374369_-73.9203874","40.8374385_-73.9365759","40.8374461_-73.9145961","40.8374562_-73.9077306","40.8374776_-73.9202471","40.8374966_-73.9202993","40.837503_-73.910595","40.837508_-73.970381","40.837511_-73.9204719")
done
124.93user 821.89system 1:14:19elapsed 21%CPU (0avgtext+0avgdata 52004maxresident)k
1638328inputs+48outputs (3major+27241minor)pagefaults 0swaps
