40.7021923_-74.0139817
40.7021928_-74.0090642
40.702192_-73.928339
40.7022002_-73.9885646
40.702203_-74.0097669
40.702212_-73.976449
40.7022174_-74.015835
40.7022192_-73.9914343
40.7022273_-74.0139451
40.7022286_-73.9664682
40.7022289_-74.0091581
40.70222_-73.946276
40.702232_-73.981175
40.7022565_-73.967441
40.7022671_-74.0139035
40.7022685_-73.9200656
40.7022747_-73.992859
40.702287_-73.982808
40.7022884_-74.0092385
40.702288_-73.994457
40.702293_-73.979743
40.7023033_-73.9877276
40.702313_-73.944639
40.702315_-73.935336
40.7023192_-73.9915585
40.702322_-74.008842
40.7023262_-73.9664664
40.702345_-74.0128013
40.702346_-73.942381
40.702354_-73.984705
40.7023672_-73.9128975
40.7023708_-74.0093914
40.7023713_-74.0089247
40.702371_-73.90695
40.7023739_-74.0135659
40.7023744_-74.0135132
40.7023768_-74.0136444
40.7023777_-73.9682083
40.7023852_-74.0137026
40.7023859_-73.9676921
40.702388_-73.924636
40.70239_-73.9856822
40.70239_-73.9916095
40.7024037_-74.0137608
40.7024103_-74.0129296
40.702411_-73.941698
40.7024132_-73.9932927
40.7024195_-74.0128876
40.7024233_-73.9866753
40.702431_-73.932792
40.7024429_-73.9932446
40.702445_-73.9872588
40.702446_-74.0128199
40.7024569_-73.987631
40.7024623_-74.0138633
40.7024799_-73.988299
40.7024822_-73.9931645
40.7024824_-74.0127226
40.7024831_-74.0091634
40.7024869_-73.9175079
40.702487_-73.995024
40.702488_-73.988535
40.7024963_-73.9888675
40.702499_-73.916325
40.7024_-73.904542
40.7025092_-73.9623869
40.702514_-73.9895711
40.7025179_-73.9930517
40.70251_-73.956353
40.7025228_-74.008517
40.7025269_-73.9900903
40.702528_-73.959333
40.7025422_-73.9907052
40.7025422_-73.9929527
40.7025478_-74.0139774
40.7025579_-73.9916036
40.702559_-73.910326
40.7025616_-73.9928618
40.7025617_-73.9936924
40.7025706_-74.0128447
40.7025717_-73.9679567
40.7025776_-73.9625189
40.7025782_-73.9927389
40.7025787_-73.9925835
40.70257_-73.950251
40.7025949_-74.0140403
40.7026013_-74.0162299
40.7026078_-73.9652296
40.7026151_-73.9938376
40.7026162_-73.9876214
40.702617_-73.953181
40.70262_-73.929091
40.7026315_-74.0083387
40.7026378_-73.9627342
40.7026498_-74.0088738
40.7026534_-74.0161269
40.7026538_-73.9651646
40.7026635_-73.9881912
40.702674_-73.933951
40.7026838_-73.9938013
40.7026854_-74.0141521
40.7026971_-73.920816
40.702714_-73.937318
40.7027214_-73.9880853
40.7027242_-73.9630939
40.702726_-73.950013
40.7027291_-74.0083293
40.7027392_-74.0122143
40.7027486_-74.0142134
40.7027544_-73.9942288
40.7027647_-74.008116
40.70276_-73.94545
40.7027712_-74.012323
40.7027788_-73.9885119
40.7021923_-74.0139817
40.7021928_-74.0090642
40.702192_-73.928339
40.7022002_-73.9885646
40.702203_-74.0097669
40.702212_-73.976449
40.7022174_-74.015835
40.7022192_-73.9914343
40.7022273_-74.0139451
40.7022286_-73.9664682
40.7022289_-74.0091581
40.70222_-73.946276
40.702232_-73.981175
40.7022565_-73.967441
40.7022671_-74.0139035
40.7022685_-73.9200656
40.7022747_-73.992859
40.702287_-73.982808
40.7022884_-74.0092385
40.702288_-73.994457
40.702293_-73.979743
40.7023033_-73.9877276
40.702313_-73.944639
40.702315_-73.935336
40.7023192_-73.9915585
40.702322_-74.008842
40.7023262_-73.9664664
40.702345_-74.0128013
40.702346_-73.942381
40.702354_-73.984705
40.7023672_-73.9128975
40.7023708_-74.0093914
40.7023713_-74.0089247
40.702371_-73.90695
40.7023739_-74.0135659
40.7023744_-74.0135132
40.7023768_-74.0136444
40.7023777_-73.9682083
40.7023852_-74.0137026
40.7023859_-73.9676921
40.702388_-73.924636
40.70239_-73.9856822
40.70239_-73.9916095
40.7024037_-74.0137608
40.7024103_-74.0129296
40.702411_-73.941698
40.7024132_-73.9932927
40.7024195_-74.0128876
40.7024233_-73.9866753
40.702431_-73.932792
40.7024429_-73.9932446
40.702445_-73.9872588
40.702446_-74.0128199
40.7024569_-73.987631
40.7024623_-74.0138633
40.7024799_-73.988299
40.7024822_-73.9931645
40.7024824_-74.0127226
40.7024831_-74.0091634
40.7024869_-73.9175079
40.702487_-73.995024
40.702488_-73.988535
40.7024963_-73.9888675
40.702499_-73.916325
40.7024_-73.904542
40.7025092_-73.9623869
40.702514_-73.9895711
40.7025179_-73.9930517
40.70251_-73.956353
40.7025228_-74.008517
40.7025269_-73.9900903
40.702528_-73.959333
40.7025422_-73.9907052
40.7025422_-73.9929527
40.7025478_-74.0139774
40.7025579_-73.9916036
40.702559_-73.910326
40.7025616_-73.9928618
40.7025617_-73.9936924
40.7025706_-74.0128447
40.7025717_-73.9679567
40.7025776_-73.9625189
40.7025782_-73.9927389
40.7025787_-73.9925835
40.70257_-73.950251
40.7025949_-74.0140403
40.7026013_-74.0162299
40.7026078_-73.9652296
40.7026151_-73.9938376
40.7026162_-73.9876214
40.702617_-73.953181
40.70262_-73.929091
40.7026315_-74.0083387
40.7026378_-73.9627342
40.7026498_-74.0088738
40.7026534_-74.0161269
40.7026538_-73.9651646
40.7026635_-73.9881912
40.702674_-73.933951
40.7026838_-73.9938013
40.7026854_-74.0141521
40.7026971_-73.920816
40.702714_-73.937318
40.7027214_-73.9880853
40.7027242_-73.9630939
40.702726_-73.950013
40.7027291_-74.0083293
40.7027392_-74.0122143
40.7027486_-74.0142134
40.7027544_-73.9942288
40.7027647_-74.008116
40.70276_-73.94545
40.7027712_-74.012323
40.7027788_-73.9885119
("40.7021923_-74.0139817","40.7021928_-74.0090642","40.702192_-73.928339","40.7022002_-73.9885646","40.702203_-74.0097669","40.702212_-73.976449","40.7022174_-74.015835","40.7022192_-73.9914343","40.7022273_-74.0139451","40.7022286_-73.9664682","40.7022289_-74.0091581","40.70222_-73.946276","40.702232_-73.981175","40.7022565_-73.967441","40.7022671_-74.0139035","40.7022685_-73.9200656","40.7022747_-73.992859","40.702287_-73.982808","40.7022884_-74.0092385","40.702288_-73.994457","40.702293_-73.979743","40.7023033_-73.9877276","40.702313_-73.944639","40.702315_-73.935336","40.7023192_-73.9915585","40.702322_-74.008842","40.7023262_-73.9664664","40.702345_-74.0128013","40.702346_-73.942381","40.702354_-73.984705","40.7023672_-73.9128975","40.7023708_-74.0093914","40.7023713_-74.0089247","40.702371_-73.90695","40.7023739_-74.0135659","40.7023744_-74.0135132","40.7023768_-74.0136444","40.7023777_-73.9682083","40.7023852_-74.0137026","40.7023859_-73.9676921","40.702388_-73.924636","40.70239_-73.9856822","40.70239_-73.9916095","40.7024037_-74.0137608","40.7024103_-74.0129296","40.702411_-73.941698","40.7024132_-73.9932927","40.7024195_-74.0128876","40.7024233_-73.9866753","40.702431_-73.932792","40.7024429_-73.9932446","40.702445_-73.9872588","40.702446_-74.0128199","40.7024569_-73.987631","40.7024623_-74.0138633","40.7024799_-73.988299","40.7024822_-73.9931645","40.7024824_-74.0127226","40.7024831_-74.0091634","40.7024869_-73.9175079","40.702487_-73.995024","40.702488_-73.988535","40.7024963_-73.9888675","40.702499_-73.916325","40.7024_-73.904542","40.7025092_-73.9623869","40.702514_-73.9895711","40.7025179_-73.9930517","40.70251_-73.956353","40.7025228_-74.008517","40.7025269_-73.9900903","40.702528_-73.959333","40.7025422_-73.9907052","40.7025422_-73.9929527","40.7025478_-74.0139774","40.7025579_-73.9916036","40.702559_-73.910326","40.7025616_-73.9928618","40.7025617_-73.9936924","40.7025706_-74.0128447","40.7025717_-73.9679567","40.7025776_-73.9625189","40.7025782_-73.9927389","40.7025787_-73.9925835","40.70257_-73.950251","40.7025949_-74.0140403","40.7026013_-74.0162299","40.7026078_-73.9652296","40.7026151_-73.9938376","40.7026162_-73.9876214","40.702617_-73.953181","40.70262_-73.929091","40.7026315_-74.0083387","40.7026378_-73.9627342","40.7026498_-74.0088738","40.7026534_-74.0161269","40.7026538_-73.9651646","40.7026635_-73.9881912","40.702674_-73.933951","40.7026838_-73.9938013","40.7026854_-74.0141521","40.7026971_-73.920816","40.702714_-73.937318","40.7027214_-73.9880853","40.7027242_-73.9630939","40.702726_-73.950013","40.7027291_-74.0083293","40.7027392_-74.0122143","40.7027486_-74.0142134","40.7027544_-73.9942288","40.7027647_-74.008116","40.70276_-73.94545","40.7027712_-74.012323","40.7027788_-73.9885119")
done
144.71user 814.03system 1:11:38elapsed 22%CPU (0avgtext+0avgdata 55228maxresident)k
1235904inputs+2504outputs (3major+29406minor)pagefaults 0swaps
