40.8656338_-73.9273291
40.8656391_-73.9284202
40.8656645_-73.9704543
40.8656756_-73.9282418
40.8656828_-73.928961
40.8656855_-73.9315993
40.8657141_-73.9291682
40.8657156_-73.9182081
40.8657209_-73.9081481
40.865745_-73.904105
40.8657475_-73.9283844
40.8657506_-73.9293567
40.865797_-73.919996
40.8658272_-73.9179632
40.8658411_-73.9296337
40.865888_-73.904401
40.8658926_-73.927707
40.8658934_-73.929749
40.8659387_-73.9282467
40.8659478_-73.9298529
40.8660121_-73.9178311
40.866025_-73.925872
40.8660591_-73.9300109
40.866064_-73.922498
40.8661069_-73.9754019
40.8662_-73.928057
40.866315_-73.918596
40.866336_-73.925005
40.866438_-73.9304693
40.8665037_-73.907744
40.8665076_-73.932666
40.8665267_-73.93053
40.866581_-73.9084685
40.8667247_-73.9307902
40.866743_-73.928722
40.866759_-73.920612
40.8668062_-73.9309132
40.866813_-73.917205
40.8668641_-73.9309781
40.8669047_-73.9324056
40.8669882_-73.9733539
40.8669936_-73.9267725
40.8669944_-73.9084146
40.8669945_-73.9318677
40.867016_-73.92311
40.867026_-73.917044
40.867064_-73.926838
40.867125_-73.9075743
40.867133_-73.925514
40.8672014_-73.9191675
40.867223_-73.961604
40.8672346_-73.9193245
40.8672563_-73.9293463
40.867275_-73.919215
40.867307_-73.983955
40.867313_-74.019577
40.8673172_-73.9191055
40.8673543_-73.9278469
40.8673636_-73.9192719
40.867384_-73.926406
40.8674423_-73.9304944
40.867456_-73.9264789
40.8674829_-73.9762345
40.8675064_-73.9074023
40.8675408_-74.0044311
40.867546_-73.9185124
40.867584_-73.918414
40.8675959_-73.9677955
40.867633_-73.916588
40.8676827_-73.9167035
40.867693_-73.921214
40.8677098_-73.9030764
40.867754_-73.984724
40.867769_-73.925919
40.8677766_-73.9237372
40.86779_-73.970852
40.8678058_-73.9300052
40.867818_-73.923623
40.8678379_-73.9257975
40.8679123_-73.9269406
40.867922_-73.907134
40.86802_-73.9317047
40.8681044_-73.9267994
40.868114_-73.919754
40.8681238_-73.9311725
40.8682369_-73.9311277
40.8682378_-73.906731
40.868251_-73.916139
40.8682644_-73.9265748
40.8682982_-73.9190468
40.868451_-73.90793
40.868473_-73.924038
40.868482_-73.918561
40.8684931_-73.9217076
40.868524_-73.966883
40.8685873_-73.9258919
40.8686284_-73.9257121
40.868686_-73.923433
40.8687086_-73.9059633
40.8687478_-73.9312484
40.8687506_-73.9234754
40.8687545_-73.9251354
40.868777_-73.913352
40.8687911_-73.9235074
40.8687924_-73.9311553
40.8688104_-73.9248688
40.8688397_-73.9316097
40.8688398_-73.9235533
40.8688503_-73.9114398
40.868871_-73.9245514
40.868873_-73.9132793
40.868885_-73.917594
40.8688872_-73.9236086
40.868889_-73.915681
40.8656338_-73.9273291
40.8656391_-73.9284202
40.8656645_-73.9704543
40.8656756_-73.9282418
40.8656828_-73.928961
40.8656855_-73.9315993
40.8657141_-73.9291682
40.8657156_-73.9182081
40.8657209_-73.9081481
40.865745_-73.904105
40.8657475_-73.9283844
40.8657506_-73.9293567
40.865797_-73.919996
40.8658272_-73.9179632
40.8658411_-73.9296337
40.865888_-73.904401
40.8658926_-73.927707
40.8658934_-73.929749
40.8659387_-73.9282467
40.8659478_-73.9298529
40.8660121_-73.9178311
40.866025_-73.925872
40.8660591_-73.9300109
40.866064_-73.922498
40.8661069_-73.9754019
40.8662_-73.928057
40.866315_-73.918596
40.866336_-73.925005
40.866438_-73.9304693
40.8665037_-73.907744
40.8665076_-73.932666
40.8665267_-73.93053
40.866581_-73.9084685
40.8667247_-73.9307902
40.866743_-73.928722
40.866759_-73.920612
40.8668062_-73.9309132
40.866813_-73.917205
40.8668641_-73.9309781
40.8669047_-73.9324056
40.8669882_-73.9733539
40.8669936_-73.9267725
40.8669944_-73.9084146
40.8669945_-73.9318677
40.867016_-73.92311
40.867026_-73.917044
40.867064_-73.926838
40.867125_-73.9075743
40.867133_-73.925514
40.8672014_-73.9191675
40.867223_-73.961604
40.8672346_-73.9193245
40.8672563_-73.9293463
40.867275_-73.919215
40.867307_-73.983955
40.867313_-74.019577
40.8673172_-73.9191055
40.8673543_-73.9278469
40.8673636_-73.9192719
40.867384_-73.926406
40.8674423_-73.9304944
40.867456_-73.9264789
40.8674829_-73.9762345
40.8675064_-73.9074023
40.8675408_-74.0044311
40.867546_-73.9185124
40.867584_-73.918414
40.8675959_-73.9677955
40.867633_-73.916588
40.8676827_-73.9167035
40.867693_-73.921214
40.8677098_-73.9030764
40.867754_-73.984724
40.867769_-73.925919
40.8677766_-73.9237372
40.86779_-73.970852
40.8678058_-73.9300052
40.867818_-73.923623
40.8678379_-73.9257975
40.8679123_-73.9269406
40.867922_-73.907134
40.86802_-73.9317047
40.8681044_-73.9267994
40.868114_-73.919754
40.8681238_-73.9311725
40.8682369_-73.9311277
40.8682378_-73.906731
40.868251_-73.916139
40.8682644_-73.9265748
40.8682982_-73.9190468
40.868451_-73.90793
40.868473_-73.924038
40.868482_-73.918561
40.8684931_-73.9217076
40.868524_-73.966883
40.8685873_-73.9258919
40.8686284_-73.9257121
40.868686_-73.923433
40.8687086_-73.9059633
40.8687478_-73.9312484
40.8687506_-73.9234754
40.8687545_-73.9251354
40.868777_-73.913352
40.8687911_-73.9235074
40.8687924_-73.9311553
40.8688104_-73.9248688
40.8688397_-73.9316097
40.8688398_-73.9235533
40.8688503_-73.9114398
40.868871_-73.9245514
40.868873_-73.9132793
40.868885_-73.917594
40.8688872_-73.9236086
40.868889_-73.915681
("40.8656338_-73.9273291","40.8656391_-73.9284202","40.8656645_-73.9704543","40.8656756_-73.9282418","40.8656828_-73.928961","40.8656855_-73.9315993","40.8657141_-73.9291682","40.8657156_-73.9182081","40.8657209_-73.9081481","40.865745_-73.904105","40.8657475_-73.9283844","40.8657506_-73.9293567","40.865797_-73.919996","40.8658272_-73.9179632","40.8658411_-73.9296337","40.865888_-73.904401","40.8658926_-73.927707","40.8658934_-73.929749","40.8659387_-73.9282467","40.8659478_-73.9298529","40.8660121_-73.9178311","40.866025_-73.925872","40.8660591_-73.9300109","40.866064_-73.922498","40.8661069_-73.9754019","40.8662_-73.928057","40.866315_-73.918596","40.866336_-73.925005","40.866438_-73.9304693","40.8665037_-73.907744","40.8665076_-73.932666","40.8665267_-73.93053","40.866581_-73.9084685","40.8667247_-73.9307902","40.866743_-73.928722","40.866759_-73.920612","40.8668062_-73.9309132","40.866813_-73.917205","40.8668641_-73.9309781","40.8669047_-73.9324056","40.8669882_-73.9733539","40.8669936_-73.9267725","40.8669944_-73.9084146","40.8669945_-73.9318677","40.867016_-73.92311","40.867026_-73.917044","40.867064_-73.926838","40.867125_-73.9075743","40.867133_-73.925514","40.8672014_-73.9191675","40.867223_-73.961604","40.8672346_-73.9193245","40.8672563_-73.9293463","40.867275_-73.919215","40.867307_-73.983955","40.867313_-74.019577","40.8673172_-73.9191055","40.8673543_-73.9278469","40.8673636_-73.9192719","40.867384_-73.926406","40.8674423_-73.9304944","40.867456_-73.9264789","40.8674829_-73.9762345","40.8675064_-73.9074023","40.8675408_-74.0044311","40.867546_-73.9185124","40.867584_-73.918414","40.8675959_-73.9677955","40.867633_-73.916588","40.8676827_-73.9167035","40.867693_-73.921214","40.8677098_-73.9030764","40.867754_-73.984724","40.867769_-73.925919","40.8677766_-73.9237372","40.86779_-73.970852","40.8678058_-73.9300052","40.867818_-73.923623","40.8678379_-73.9257975","40.8679123_-73.9269406","40.867922_-73.907134","40.86802_-73.9317047","40.8681044_-73.9267994","40.868114_-73.919754","40.8681238_-73.9311725","40.8682369_-73.9311277","40.8682378_-73.906731","40.868251_-73.916139","40.8682644_-73.9265748","40.8682982_-73.9190468","40.868451_-73.90793","40.868473_-73.924038","40.868482_-73.918561","40.8684931_-73.9217076","40.868524_-73.966883","40.8685873_-73.9258919","40.8686284_-73.9257121","40.868686_-73.923433","40.8687086_-73.9059633","40.8687478_-73.9312484","40.8687506_-73.9234754","40.8687545_-73.9251354","40.868777_-73.913352","40.8687911_-73.9235074","40.8687924_-73.9311553","40.8688104_-73.9248688","40.8688397_-73.9316097","40.8688398_-73.9235533","40.8688503_-73.9114398","40.868871_-73.9245514","40.868873_-73.9132793","40.868885_-73.917594","40.8688872_-73.9236086","40.868889_-73.915681")
done
122.35user 812.31system 1:15:26elapsed 20%CPU (0avgtext+0avgdata 51836maxresident)k
790384inputs+48outputs (3major+28228minor)pagefaults 0swaps
