40.7202209_-73.988829
40.720233_-73.984472
40.7202366_-73.9888808
40.7202512_-73.9795063
40.720262_-73.994002
40.720263_-73.9053363
40.720263_-73.911889
40.720272_-73.94441
40.720277_-73.942678
40.7202893_-74.0118645
40.720293_-73.957225
40.7203011_-73.9440492
40.7203049_-73.9939686
40.7203062_-73.9891101
40.720308_-74.0120371
40.720313_-73.910514
40.7203157_-73.9795741
40.7203278_-73.9617144
40.7203336_-73.9937906
40.7203342_-73.9749488
40.7203351_-74.0122779
40.7203356_-74.0055772
40.7203366_-74.0055495
40.7203381_-73.9445415
40.7203409_-74.0055259
40.7203419_-73.9939521
40.720341_-74.002221
40.7203454_-73.9617427
40.7203456_-73.9941173
40.7203472_-74.005501
40.720347_-73.947794
40.7203574_-73.9444382
40.7203577_-74.0054843
40.720366_-73.941747
40.72036_-73.9632805
40.7203745_-74.0059668
40.720377_-74.003259
40.720381_-73.922322
40.7203924_-73.9616424
40.7204142_-73.9896444
40.7204194_-73.9446059
40.7204217_-73.9799248
40.720422_-73.9397
40.7204276_-73.9895105
40.7204281_-74.0064188
40.7204322_-73.999868
40.7204367_-73.9445012
40.7204418_-73.9747962
40.7204501_-74.006671
40.720451_-73.95271
40.720456_-73.9800017
40.720457_-73.940796
40.7204583_-74.0052035
40.720461_-73.9896205
40.7204659_-74.0068445
40.72046_-73.908304
40.7204743_-73.9169541
40.7204794_-73.9896811
40.7204796_-74.0071231
40.7204803_-73.952669
40.7204838_-74.0069471
40.7204854_-73.9898814
40.7204864_-73.9968212
40.7204887_-73.985319
40.7204926_-73.9897247
40.7204943_-73.9049515
40.7204964_-73.9800246
40.7205066_-74.0053254
40.7205086_-73.9897775
40.7205251_-73.9895878
40.7205327_-73.9898571
40.7205435_-73.9447279
40.7205489_-73.9800059
40.720557_-74.003512
40.7205597_-73.989946
40.7205599_-73.9546883
40.7205638_-73.9813615
40.7205651_-74.0050699
40.720576_-73.936209
40.7205864_-73.9800272
40.7205938_-73.9898236
40.7205945_-74.0083054
40.720601_-73.954754
40.7206047_-74.0083534
40.7206078_-73.9047772
40.7206206_-74.0083954
40.720627_-73.959244
40.720627_-73.994969
40.7206286_-74.00858
40.720628_-74.005208
40.7206309_-74.0086265
40.7206329_-73.9446863
40.7206329_-73.9812464
40.7206331_-74.0085215
40.7206456_-74.008466
40.7206467_-73.9436797
40.720654_-73.9813158
40.7206578_-73.9546927
40.720674_-73.978231
40.7206915_-73.9814521
40.7206968_-74.0092987
40.720705_-73.997349
40.7207426_-73.98616
40.720755_-74.01007
40.7207571_-73.9628707
40.7207592_-73.9811666
40.7207606_-73.974925
40.7207667_-73.9906286
40.7207725_-73.9449918
40.7207813_-73.9817501
40.720782_-73.9812411
40.7207873_-73.9127688
40.720789_-73.946503
40.720798_-73.9427406
40.7202209_-73.988829
40.720233_-73.984472
40.7202366_-73.9888808
40.7202512_-73.9795063
40.720262_-73.994002
40.720263_-73.9053363
40.720263_-73.911889
40.720272_-73.94441
40.720277_-73.942678
40.7202893_-74.0118645
40.720293_-73.957225
40.7203011_-73.9440492
40.7203049_-73.9939686
40.7203062_-73.9891101
40.720308_-74.0120371
40.720313_-73.910514
40.7203157_-73.9795741
40.7203278_-73.9617144
40.7203336_-73.9937906
40.7203342_-73.9749488
40.7203351_-74.0122779
40.7203356_-74.0055772
40.7203366_-74.0055495
40.7203381_-73.9445415
40.7203409_-74.0055259
40.7203419_-73.9939521
40.720341_-74.002221
40.7203454_-73.9617427
40.7203456_-73.9941173
40.7203472_-74.005501
40.720347_-73.947794
40.7203574_-73.9444382
40.7203577_-74.0054843
40.720366_-73.941747
40.72036_-73.9632805
40.7203745_-74.0059668
40.720377_-74.003259
40.720381_-73.922322
40.7203924_-73.9616424
40.7204142_-73.9896444
40.7204194_-73.9446059
40.7204217_-73.9799248
40.720422_-73.9397
40.7204276_-73.9895105
40.7204281_-74.0064188
40.7204322_-73.999868
40.7204367_-73.9445012
40.7204418_-73.9747962
40.7204501_-74.006671
40.720451_-73.95271
40.720456_-73.9800017
40.720457_-73.940796
40.7204583_-74.0052035
40.720461_-73.9896205
40.7204659_-74.0068445
40.72046_-73.908304
40.7204743_-73.9169541
40.7204794_-73.9896811
40.7204796_-74.0071231
40.7204803_-73.952669
40.7204838_-74.0069471
40.7204854_-73.9898814
40.7204864_-73.9968212
40.7204887_-73.985319
40.7204926_-73.9897247
40.7204943_-73.9049515
40.7204964_-73.9800246
40.7205066_-74.0053254
40.7205086_-73.9897775
40.7205251_-73.9895878
40.7205327_-73.9898571
40.7205435_-73.9447279
40.7205489_-73.9800059
40.720557_-74.003512
40.7205597_-73.989946
40.7205599_-73.9546883
40.7205638_-73.9813615
40.7205651_-74.0050699
40.720576_-73.936209
40.7205864_-73.9800272
40.7205938_-73.9898236
40.7205945_-74.0083054
40.720601_-73.954754
40.7206047_-74.0083534
40.7206078_-73.9047772
40.7206206_-74.0083954
40.720627_-73.959244
40.720627_-73.994969
40.7206286_-74.00858
40.720628_-74.005208
40.7206309_-74.0086265
40.7206329_-73.9446863
40.7206329_-73.9812464
40.7206331_-74.0085215
40.7206456_-74.008466
40.7206467_-73.9436797
40.720654_-73.9813158
40.7206578_-73.9546927
40.720674_-73.978231
40.7206915_-73.9814521
40.7206968_-74.0092987
40.720705_-73.997349
40.7207426_-73.98616
40.720755_-74.01007
40.7207571_-73.9628707
40.7207592_-73.9811666
40.7207606_-73.974925
40.7207667_-73.9906286
40.7207725_-73.9449918
40.7207813_-73.9817501
40.720782_-73.9812411
40.7207873_-73.9127688
40.720789_-73.946503
40.720798_-73.9427406
("40.7202209_-73.988829","40.720233_-73.984472","40.7202366_-73.9888808","40.7202512_-73.9795063","40.720262_-73.994002","40.720263_-73.9053363","40.720263_-73.911889","40.720272_-73.94441","40.720277_-73.942678","40.7202893_-74.0118645","40.720293_-73.957225","40.7203011_-73.9440492","40.7203049_-73.9939686","40.7203062_-73.9891101","40.720308_-74.0120371","40.720313_-73.910514","40.7203157_-73.9795741","40.7203278_-73.9617144","40.7203336_-73.9937906","40.7203342_-73.9749488","40.7203351_-74.0122779","40.7203356_-74.0055772","40.7203366_-74.0055495","40.7203381_-73.9445415","40.7203409_-74.0055259","40.7203419_-73.9939521","40.720341_-74.002221","40.7203454_-73.9617427","40.7203456_-73.9941173","40.7203472_-74.005501","40.720347_-73.947794","40.7203574_-73.9444382","40.7203577_-74.0054843","40.720366_-73.941747","40.72036_-73.9632805","40.7203745_-74.0059668","40.720377_-74.003259","40.720381_-73.922322","40.7203924_-73.9616424","40.7204142_-73.9896444","40.7204194_-73.9446059","40.7204217_-73.9799248","40.720422_-73.9397","40.7204276_-73.9895105","40.7204281_-74.0064188","40.7204322_-73.999868","40.7204367_-73.9445012","40.7204418_-73.9747962","40.7204501_-74.006671","40.720451_-73.95271","40.720456_-73.9800017","40.720457_-73.940796","40.7204583_-74.0052035","40.720461_-73.9896205","40.7204659_-74.0068445","40.72046_-73.908304","40.7204743_-73.9169541","40.7204794_-73.9896811","40.7204796_-74.0071231","40.7204803_-73.952669","40.7204838_-74.0069471","40.7204854_-73.9898814","40.7204864_-73.9968212","40.7204887_-73.985319","40.7204926_-73.9897247","40.7204943_-73.9049515","40.7204964_-73.9800246","40.7205066_-74.0053254","40.7205086_-73.9897775","40.7205251_-73.9895878","40.7205327_-73.9898571","40.7205435_-73.9447279","40.7205489_-73.9800059","40.720557_-74.003512","40.7205597_-73.989946","40.7205599_-73.9546883","40.7205638_-73.9813615","40.7205651_-74.0050699","40.720576_-73.936209","40.7205864_-73.9800272","40.7205938_-73.9898236","40.7205945_-74.0083054","40.720601_-73.954754","40.7206047_-74.0083534","40.7206078_-73.9047772","40.7206206_-74.0083954","40.720627_-73.959244","40.720627_-73.994969","40.7206286_-74.00858","40.720628_-74.005208","40.7206309_-74.0086265","40.7206329_-73.9446863","40.7206329_-73.9812464","40.7206331_-74.0085215","40.7206456_-74.008466","40.7206467_-73.9436797","40.720654_-73.9813158","40.7206578_-73.9546927","40.720674_-73.978231","40.7206915_-73.9814521","40.7206968_-74.0092987","40.720705_-73.997349","40.7207426_-73.98616","40.720755_-74.01007","40.7207571_-73.9628707","40.7207592_-73.9811666","40.7207606_-73.974925","40.7207667_-73.9906286","40.7207725_-73.9449918","40.7207813_-73.9817501","40.720782_-73.9812411","40.7207873_-73.9127688","40.720789_-73.946503","40.720798_-73.9427406")
done
146.89user 816.56system 1:15:13elapsed 21%CPU (0avgtext+0avgdata 61748maxresident)k
734672inputs+27888outputs (24major+31803minor)pagefaults 0swaps
