40.754707_-73.991633
40.7547155_-73.9975651
40.754719_-73.94025
40.7547208_-73.975907
40.754728_-73.977875
40.75472_-73.9257596
40.7547515_-73.9258271
40.7547542_-73.9087282
40.7547552_-73.9169238
40.75475_-73.987892
40.754762_-73.9367868
40.7547638_-73.9968591
40.7547717_-73.9974085
40.7547747_-73.9760424
40.7547774_-73.9623223
40.75477_-73.921311
40.7547823_-73.9799375
40.7547897_-73.9168047
40.7547917_-73.9257013
40.7548021_-73.9569202
40.7548199_-73.9168694
40.75481_-73.944019
40.7548384_-73.9974716
40.754842_-73.984118
40.7548437_-73.9971023
40.7548541_-73.9169427
40.754858_-73.905154
40.754875_-73.957446
40.754877_-73.96852
40.754879_-73.95726
40.75487_-73.957364
40.7548854_-73.9487948
40.7548865_-73.9168159
40.754886_-73.9977809
40.7548875_-73.9626019
40.7548939_-73.9625429
40.7548957_-73.9620471
40.754901_-73.957156
40.754904_-73.9626948
40.7549164_-73.9624974
40.7549213_-74.0020558
40.7549243_-73.9966928
40.7549249_-73.9725203
40.7549301_-73.9103974
40.7549314_-73.962864
40.754933_-73.957067
40.7549455_-73.9086346
40.7549596_-73.9823039
40.7549599_-73.9840313
40.7549743_-73.9765158
40.754974_-73.931057
40.7549913_-73.9079145
40.7550005_-73.9970114
40.7550008_-73.9624325
40.755015_-73.934335
40.755028_-73.9963602
40.7550331_-73.955133
40.7550344_-73.9266213
40.755035_-73.986639
40.7550366_-73.995101
40.7550435_-73.9106385
40.755052_-73.956891
40.7550601_-73.9264884
40.7550947_-73.9070338
40.755097_-73.956852
40.755098_-73.9265696
40.755102_-73.9963996
40.7551052_-73.996151
40.7551238_-73.9177168
40.7551256_-73.9266288
40.7551291_-74.0025415
40.7551374_-73.9966382
40.75513_-73.96524
40.7551504_-74.0005091
40.7551516_-73.9221287
40.7551547_-73.9617625
40.7551583_-73.9175944
40.7551658_-73.9265144
40.75516_-73.937549
40.7551704_-73.9567861
40.7551764_-73.9619239
40.7551864_-73.9959632
40.7551902_-73.9176628
40.755193_-73.971217
40.7551973_-73.9061384
40.7552114_-73.9966605
40.7552224_-73.9110222
40.7552263_-73.9177401
40.755234_-73.941239
40.755243_-73.956726
40.755243_-73.973276
40.7552466_-73.994822
40.7552565_-73.9986589
40.755256_-73.9176093
40.755272_-73.975259
40.7552758_-73.9963423
40.7552844_-73.9949213
40.755292_-73.908465
40.7553009_-73.9052345
40.7553078_-73.9615511
40.755331_-73.956691
40.75533_-73.991177
40.7553409_-73.9957567
40.755345_-73.90798
40.755352_-73.9318852
40.7553537_-73.9754547
40.7553543_-73.9774168
40.7553562_-73.9616701
40.755373_-73.987447
40.7553819_-73.9961547
40.7553883_-73.9911346
40.755391_-73.93504
40.7553939_-73.9119854
40.7554009_-73.9274132
40.754707_-73.991633
40.7547155_-73.9975651
40.754719_-73.94025
40.7547208_-73.975907
40.754728_-73.977875
40.75472_-73.9257596
40.7547515_-73.9258271
40.7547542_-73.9087282
40.7547552_-73.9169238
40.75475_-73.987892
40.754762_-73.9367868
40.7547638_-73.9968591
40.7547717_-73.9974085
40.7547747_-73.9760424
40.7547774_-73.9623223
40.75477_-73.921311
40.7547823_-73.9799375
40.7547897_-73.9168047
40.7547917_-73.9257013
40.7548021_-73.9569202
40.7548199_-73.9168694
40.75481_-73.944019
40.7548384_-73.9974716
40.754842_-73.984118
40.7548437_-73.9971023
40.7548541_-73.9169427
40.754858_-73.905154
40.754875_-73.957446
40.754877_-73.96852
40.754879_-73.95726
40.75487_-73.957364
40.7548854_-73.9487948
40.7548865_-73.9168159
40.754886_-73.9977809
40.7548875_-73.9626019
40.7548939_-73.9625429
40.7548957_-73.9620471
40.754901_-73.957156
40.754904_-73.9626948
40.7549164_-73.9624974
40.7549213_-74.0020558
40.7549243_-73.9966928
40.7549249_-73.9725203
40.7549301_-73.9103974
40.7549314_-73.962864
40.754933_-73.957067
40.7549455_-73.9086346
40.7549596_-73.9823039
40.7549599_-73.9840313
40.7549743_-73.9765158
40.754974_-73.931057
40.7549913_-73.9079145
40.7550005_-73.9970114
40.7550008_-73.9624325
40.755015_-73.934335
40.755028_-73.9963602
40.7550331_-73.955133
40.7550344_-73.9266213
40.755035_-73.986639
40.7550366_-73.995101
40.7550435_-73.9106385
40.755052_-73.956891
40.7550601_-73.9264884
40.7550947_-73.9070338
40.755097_-73.956852
40.755098_-73.9265696
40.755102_-73.9963996
40.7551052_-73.996151
40.7551238_-73.9177168
40.7551256_-73.9266288
40.7551291_-74.0025415
40.7551374_-73.9966382
40.75513_-73.96524
40.7551504_-74.0005091
40.7551516_-73.9221287
40.7551547_-73.9617625
40.7551583_-73.9175944
40.7551658_-73.9265144
40.75516_-73.937549
40.7551704_-73.9567861
40.7551764_-73.9619239
40.7551864_-73.9959632
40.7551902_-73.9176628
40.755193_-73.971217
40.7551973_-73.9061384
40.7552114_-73.9966605
40.7552224_-73.9110222
40.7552263_-73.9177401
40.755234_-73.941239
40.755243_-73.956726
40.755243_-73.973276
40.7552466_-73.994822
40.7552565_-73.9986589
40.755256_-73.9176093
40.755272_-73.975259
40.7552758_-73.9963423
40.7552844_-73.9949213
40.755292_-73.908465
40.7553009_-73.9052345
40.7553078_-73.9615511
40.755331_-73.956691
40.75533_-73.991177
40.7553409_-73.9957567
40.755345_-73.90798
40.755352_-73.9318852
40.7553537_-73.9754547
40.7553543_-73.9774168
40.7553562_-73.9616701
40.755373_-73.987447
40.7553819_-73.9961547
40.7553883_-73.9911346
40.755391_-73.93504
40.7553939_-73.9119854
40.7554009_-73.9274132
("40.754707_-73.991633","40.7547155_-73.9975651","40.754719_-73.94025","40.7547208_-73.975907","40.754728_-73.977875","40.75472_-73.9257596","40.7547515_-73.9258271","40.7547542_-73.9087282","40.7547552_-73.9169238","40.75475_-73.987892","40.754762_-73.9367868","40.7547638_-73.9968591","40.7547717_-73.9974085","40.7547747_-73.9760424","40.7547774_-73.9623223","40.75477_-73.921311","40.7547823_-73.9799375","40.7547897_-73.9168047","40.7547917_-73.9257013","40.7548021_-73.9569202","40.7548199_-73.9168694","40.75481_-73.944019","40.7548384_-73.9974716","40.754842_-73.984118","40.7548437_-73.9971023","40.7548541_-73.9169427","40.754858_-73.905154","40.754875_-73.957446","40.754877_-73.96852","40.754879_-73.95726","40.75487_-73.957364","40.7548854_-73.9487948","40.7548865_-73.9168159","40.754886_-73.9977809","40.7548875_-73.9626019","40.7548939_-73.9625429","40.7548957_-73.9620471","40.754901_-73.957156","40.754904_-73.9626948","40.7549164_-73.9624974","40.7549213_-74.0020558","40.7549243_-73.9966928","40.7549249_-73.9725203","40.7549301_-73.9103974","40.7549314_-73.962864","40.754933_-73.957067","40.7549455_-73.9086346","40.7549596_-73.9823039","40.7549599_-73.9840313","40.7549743_-73.9765158","40.754974_-73.931057","40.7549913_-73.9079145","40.7550005_-73.9970114","40.7550008_-73.9624325","40.755015_-73.934335","40.755028_-73.9963602","40.7550331_-73.955133","40.7550344_-73.9266213","40.755035_-73.986639","40.7550366_-73.995101","40.7550435_-73.9106385","40.755052_-73.956891","40.7550601_-73.9264884","40.7550947_-73.9070338","40.755097_-73.956852","40.755098_-73.9265696","40.755102_-73.9963996","40.7551052_-73.996151","40.7551238_-73.9177168","40.7551256_-73.9266288","40.7551291_-74.0025415","40.7551374_-73.9966382","40.75513_-73.96524","40.7551504_-74.0005091","40.7551516_-73.9221287","40.7551547_-73.9617625","40.7551583_-73.9175944","40.7551658_-73.9265144","40.75516_-73.937549","40.7551704_-73.9567861","40.7551764_-73.9619239","40.7551864_-73.9959632","40.7551902_-73.9176628","40.755193_-73.971217","40.7551973_-73.9061384","40.7552114_-73.9966605","40.7552224_-73.9110222","40.7552263_-73.9177401","40.755234_-73.941239","40.755243_-73.956726","40.755243_-73.973276","40.7552466_-73.994822","40.7552565_-73.9986589","40.755256_-73.9176093","40.755272_-73.975259","40.7552758_-73.9963423","40.7552844_-73.9949213","40.755292_-73.908465","40.7553009_-73.9052345","40.7553078_-73.9615511","40.755331_-73.956691","40.75533_-73.991177","40.7553409_-73.9957567","40.755345_-73.90798","40.755352_-73.9318852","40.7553537_-73.9754547","40.7553543_-73.9774168","40.7553562_-73.9616701","40.755373_-73.987447","40.7553819_-73.9961547","40.7553883_-73.9911346","40.755391_-73.93504","40.7553939_-73.9119854","40.7554009_-73.9274132")
done
144.24user 813.99system 1:14:04elapsed 21%CPU (0avgtext+0avgdata 91136maxresident)k
689832inputs+147872outputs (64major+46729minor)pagefaults 0swaps
