40.7245178_-73.9745202
40.72452_-73.906252
40.724545_-73.974123
40.724552_-74.001933
40.7245603_-73.9745186
40.7245747_-74.007771
40.72457_-74.009341
40.724584_-73.987502
40.7245937_-73.9292895
40.7245958_-73.9741395
40.7245958_-73.9745044
40.724601_-73.954269
40.724602_-73.9942148
40.724614_-73.9916085
40.7246165_-73.9482355
40.7246237_-73.9744832
40.7246263_-73.9741632
40.7246273_-73.9876048
40.724632_-73.998585
40.724637_-73.948172
40.724639_-73.907959
40.7246433_-73.9744608
40.7246553_-73.9742016
40.7246588_-73.9481093
40.724662_-73.996301
40.7246684_-73.9744153
40.7246728_-73.9742408
40.7246786_-73.9743834
40.7246842_-73.9742923
40.7246858_-73.97433
40.724692_-73.908767
40.7246974_-73.9784259
40.7247239_-73.9482966
40.7247255_-74.0093122
40.7247483_-73.9481611
40.72475_-73.934619
40.7247628_-73.994143
40.7248231_-74.009461
40.724839_-73.936764
40.7248636_-73.9616019
40.724863_-73.984403
40.7248726_-74.0042978
40.724873_-73.953442
40.724877_-73.975164
40.7248794_-73.9922645
40.7248812_-73.9348624
40.724885_-73.947425
40.72488_-74.002619
40.7248914_-73.9863136
40.724893_-73.93117
40.7248984_-74.0046476
40.7249002_-73.9949303
40.7249054_-74.0095268
40.7249145_-73.9923921
40.7249216_-74.00963
40.724929_-73.9903443
40.7249343_-73.9482657
40.7249391_-73.9843475
40.7249568_-73.91582
40.7249712_-74.0069541
40.7249775_-74.0096247
40.7249778_-73.9345079
40.7249821_-73.9282234
40.7249892_-74.0097514
40.7249953_-73.9728822
40.7249965_-73.9349155
40.725008_-73.999345
40.7250176_-73.9948706
40.7250218_-74.0098479
40.725026_-74.005894
40.7250317_-73.99538
40.7250421_-74.0099284
40.725066_-73.9197571
40.7250698_-74.0100779
40.725072_-73.904288
40.725073_-73.981211
40.7250781_-74.0101595
40.7250892_-73.9340724
40.725097_-73.957572
40.7251034_-73.934535
40.7251104_-74.0098024
40.725136_-74.0069488
40.7251507_-73.995285
40.725152_-73.952597
40.7251581_-74.0109425
40.725158_-73.946593
40.7251608_-73.9959027
40.725165_-73.933046
40.7251684_-74.0110435
40.7251823_-74.0110997
40.725192_-74.007669
40.725203_-73.906172
40.725203_-73.987053
40.7252052_-74.0069533
40.7252096_-73.9341236
40.7252102_-73.9901407
40.7252114_-74.01114
40.7252143_-73.9921428
40.7252462_-73.9871571
40.7252475_-74.0111709
40.7252502_-73.9922886
40.725252_-74.003376
40.7252605_-73.9484535
40.725264_-74.0069663
40.7252743_-73.9958121
40.7252761_-74.0100645
40.72527_-73.907137
40.7252891_-73.9964523
40.7252892_-74.0111822
40.7252951_-73.977994
40.725326_-73.976212
40.7253298_-74.01119
40.7253362_-73.9968133
40.725336_-73.90808
40.7245178_-73.9745202
40.72452_-73.906252
40.724545_-73.974123
40.724552_-74.001933
40.7245603_-73.9745186
40.7245747_-74.007771
40.72457_-74.009341
40.724584_-73.987502
40.7245937_-73.9292895
40.7245958_-73.9741395
40.7245958_-73.9745044
40.724601_-73.954269
40.724602_-73.9942148
40.724614_-73.9916085
40.7246165_-73.9482355
40.7246237_-73.9744832
40.7246263_-73.9741632
40.7246273_-73.9876048
40.724632_-73.998585
40.724637_-73.948172
40.724639_-73.907959
40.7246433_-73.9744608
40.7246553_-73.9742016
40.7246588_-73.9481093
40.724662_-73.996301
40.7246684_-73.9744153
40.7246728_-73.9742408
40.7246786_-73.9743834
40.7246842_-73.9742923
40.7246858_-73.97433
40.724692_-73.908767
40.7246974_-73.9784259
40.7247239_-73.9482966
40.7247255_-74.0093122
40.7247483_-73.9481611
40.72475_-73.934619
40.7247628_-73.994143
40.7248231_-74.009461
40.724839_-73.936764
40.7248636_-73.9616019
40.724863_-73.984403
40.7248726_-74.0042978
40.724873_-73.953442
40.724877_-73.975164
40.7248794_-73.9922645
40.7248812_-73.9348624
40.724885_-73.947425
40.72488_-74.002619
40.7248914_-73.9863136
40.724893_-73.93117
40.7248984_-74.0046476
40.7249002_-73.9949303
40.7249054_-74.0095268
40.7249145_-73.9923921
40.7249216_-74.00963
40.724929_-73.9903443
40.7249343_-73.9482657
40.7249391_-73.9843475
40.7249568_-73.91582
40.7249712_-74.0069541
40.7249775_-74.0096247
40.7249778_-73.9345079
40.7249821_-73.9282234
40.7249892_-74.0097514
40.7249953_-73.9728822
40.7249965_-73.9349155
40.725008_-73.999345
40.7250176_-73.9948706
40.7250218_-74.0098479
40.725026_-74.005894
40.7250317_-73.99538
40.7250421_-74.0099284
40.725066_-73.9197571
40.7250698_-74.0100779
40.725072_-73.904288
40.725073_-73.981211
40.7250781_-74.0101595
40.7250892_-73.9340724
40.725097_-73.957572
40.7251034_-73.934535
40.7251104_-74.0098024
40.725136_-74.0069488
40.7251507_-73.995285
40.725152_-73.952597
40.7251581_-74.0109425
40.725158_-73.946593
40.7251608_-73.9959027
40.725165_-73.933046
40.7251684_-74.0110435
40.7251823_-74.0110997
40.725192_-74.007669
40.725203_-73.906172
40.725203_-73.987053
40.7252052_-74.0069533
40.7252096_-73.9341236
40.7252102_-73.9901407
40.7252114_-74.01114
40.7252143_-73.9921428
40.7252462_-73.9871571
40.7252475_-74.0111709
40.7252502_-73.9922886
40.725252_-74.003376
40.7252605_-73.9484535
40.725264_-74.0069663
40.7252743_-73.9958121
40.7252761_-74.0100645
40.72527_-73.907137
40.7252891_-73.9964523
40.7252892_-74.0111822
40.7252951_-73.977994
40.725326_-73.976212
40.7253298_-74.01119
40.7253362_-73.9968133
40.725336_-73.90808
("40.7245178_-73.9745202","40.72452_-73.906252","40.724545_-73.974123","40.724552_-74.001933","40.7245603_-73.9745186","40.7245747_-74.007771","40.72457_-74.009341","40.724584_-73.987502","40.7245937_-73.9292895","40.7245958_-73.9741395","40.7245958_-73.9745044","40.724601_-73.954269","40.724602_-73.9942148","40.724614_-73.9916085","40.7246165_-73.9482355","40.7246237_-73.9744832","40.7246263_-73.9741632","40.7246273_-73.9876048","40.724632_-73.998585","40.724637_-73.948172","40.724639_-73.907959","40.7246433_-73.9744608","40.7246553_-73.9742016","40.7246588_-73.9481093","40.724662_-73.996301","40.7246684_-73.9744153","40.7246728_-73.9742408","40.7246786_-73.9743834","40.7246842_-73.9742923","40.7246858_-73.97433","40.724692_-73.908767","40.7246974_-73.9784259","40.7247239_-73.9482966","40.7247255_-74.0093122","40.7247483_-73.9481611","40.72475_-73.934619","40.7247628_-73.994143","40.7248231_-74.009461","40.724839_-73.936764","40.7248636_-73.9616019","40.724863_-73.984403","40.7248726_-74.0042978","40.724873_-73.953442","40.724877_-73.975164","40.7248794_-73.9922645","40.7248812_-73.9348624","40.724885_-73.947425","40.72488_-74.002619","40.7248914_-73.9863136","40.724893_-73.93117","40.7248984_-74.0046476","40.7249002_-73.9949303","40.7249054_-74.0095268","40.7249145_-73.9923921","40.7249216_-74.00963","40.724929_-73.9903443","40.7249343_-73.9482657","40.7249391_-73.9843475","40.7249568_-73.91582","40.7249712_-74.0069541","40.7249775_-74.0096247","40.7249778_-73.9345079","40.7249821_-73.9282234","40.7249892_-74.0097514","40.7249953_-73.9728822","40.7249965_-73.9349155","40.725008_-73.999345","40.7250176_-73.9948706","40.7250218_-74.0098479","40.725026_-74.005894","40.7250317_-73.99538","40.7250421_-74.0099284","40.725066_-73.9197571","40.7250698_-74.0100779","40.725072_-73.904288","40.725073_-73.981211","40.7250781_-74.0101595","40.7250892_-73.9340724","40.725097_-73.957572","40.7251034_-73.934535","40.7251104_-74.0098024","40.725136_-74.0069488","40.7251507_-73.995285","40.725152_-73.952597","40.7251581_-74.0109425","40.725158_-73.946593","40.7251608_-73.9959027","40.725165_-73.933046","40.7251684_-74.0110435","40.7251823_-74.0110997","40.725192_-74.007669","40.725203_-73.906172","40.725203_-73.987053","40.7252052_-74.0069533","40.7252096_-73.9341236","40.7252102_-73.9901407","40.7252114_-74.01114","40.7252143_-73.9921428","40.7252462_-73.9871571","40.7252475_-74.0111709","40.7252502_-73.9922886","40.725252_-74.003376","40.7252605_-73.9484535","40.725264_-74.0069663","40.7252743_-73.9958121","40.7252761_-74.0100645","40.72527_-73.907137","40.7252891_-73.9964523","40.7252892_-74.0111822","40.7252951_-73.977994","40.725326_-73.976212","40.7253298_-74.01119","40.7253362_-73.9968133","40.725336_-73.90808")
done
143.27user 786.90system 1:15:46elapsed 20%CPU (0avgtext+0avgdata 70816maxresident)k
551032inputs+65216outputs (31major+36420minor)pagefaults 0swaps
