40.738504_-73.991798
40.7385146_-73.9748914
40.7385169_-74.0101186
40.7385313_-73.940269
40.7385354_-73.9864219
40.738552_-73.999684
40.7385548_-73.9045903
40.7385593_-73.9804373
40.7385698_-73.90554
40.7385719_-73.934806
40.7385836_-73.9394615
40.7385843_-73.9064695
40.7386091_-73.9224563
40.738609_-73.90741
40.7386125_-73.9402107
40.738613_-73.907131
40.7386256_-73.9866359
40.7386318_-73.9733188
40.738631_-73.908323
40.7386375_-73.955403
40.738643_-73.9406801
40.7386448_-73.9731472
40.7386486_-74.0100624
40.7386552_-73.9395156
40.7386606_-73.975225
40.7386692_-73.9551583
40.7386731_-74.0021545
40.738675_-73.934137
40.7386857_-73.9409121
40.738686_-73.995874
40.7386932_-74.0096319
40.7386_-73.927242
40.7386_-73.9600392
40.7387121_-74.0022609
40.7387253_-73.9553635
40.7387256_-74.009609
40.7387332_-74.0100126
40.7387341_-74.0023362
40.7387385_-73.9551918
40.7387482_-74.0095808
40.738749_-74.0024005
40.7387528_-73.9553366
40.7387532_-74.0024784
40.738753_-74.00386
40.738754_-74.005495
40.738754_-74.00646
40.7387564_-73.9398799
40.738756_-74.003446
40.738759_-74.008103
40.7387619_-73.955232
40.7387619_-73.973233
40.7387628_-74.0095413
40.738766_-73.9552843
40.7387734_-73.9734882
40.738773_-73.9733564
40.7387858_-74.0099658
40.738796_-73.977148
40.7388125_-74.0099059
40.7388137_-73.9036155
40.7388264_-73.983148
40.7388333_-73.9772375
40.7388417_-74.0097885
40.73884_-73.985232
40.7388529_-73.9730099
40.738864_-73.9736523
40.738871_-73.93284
40.7388887_-74.0097245
40.7389006_-73.9873016
40.7389235_-73.9420869
40.7389255_-73.9736083
40.738945_-73.916512
40.7389561_-74.0096913
40.7389765_-73.9730957
40.7389826_-73.9733709
40.738989_-73.916685
40.7389921_-73.9554713
40.739009_-73.972924
40.7390266_-73.9732105
40.7390267_-74.0096742
40.739037_-73.9735603
40.739063_-73.926157
40.739073_-74.0030758
40.739088_-73.991375
40.739096_-73.917612
40.7391033_-73.942964
40.7391199_-73.9405505
40.739128_-73.9798721
40.7391651_-73.9728811
40.7391764_-73.9799917
40.739177_-73.989765
40.7391846_-73.9734851
40.7391879_-74.0029568
40.739203_-73.91854
40.7392124_-73.9525301
40.739232_-73.978193
40.7392366_-73.9732487
40.739243_-73.999185
40.739252_-73.9526535
40.7392582_-73.9437564
40.739272_-73.995446
40.739273_-73.933709
40.7393016_-73.9781422
40.739312_-73.919466
40.7393286_-74.0100471
40.7393333_-73.9781192
40.7393342_-73.972821
40.7393508_-74.0095204
40.7393515_-74.0092351
40.7393531_-74.0081578
40.7393541_-74.0096237
40.7393593_-73.974314
40.7393736_-74.0113751
40.7393742_-74.002792
40.7393804_-74.008051
40.738504_-73.991798
40.7385146_-73.9748914
40.7385169_-74.0101186
40.7385313_-73.940269
40.7385354_-73.9864219
40.738552_-73.999684
40.7385548_-73.9045903
40.7385593_-73.9804373
40.7385698_-73.90554
40.7385719_-73.934806
40.7385836_-73.9394615
40.7385843_-73.9064695
40.7386091_-73.9224563
40.738609_-73.90741
40.7386125_-73.9402107
40.738613_-73.907131
40.7386256_-73.9866359
40.7386318_-73.9733188
40.738631_-73.908323
40.7386375_-73.955403
40.738643_-73.9406801
40.7386448_-73.9731472
40.7386486_-74.0100624
40.7386552_-73.9395156
40.7386606_-73.975225
40.7386692_-73.9551583
40.7386731_-74.0021545
40.738675_-73.934137
40.7386857_-73.9409121
40.738686_-73.995874
40.7386932_-74.0096319
40.7386_-73.927242
40.7386_-73.9600392
40.7387121_-74.0022609
40.7387253_-73.9553635
40.7387256_-74.009609
40.7387332_-74.0100126
40.7387341_-74.0023362
40.7387385_-73.9551918
40.7387482_-74.0095808
40.738749_-74.0024005
40.7387528_-73.9553366
40.7387532_-74.0024784
40.738753_-74.00386
40.738754_-74.005495
40.738754_-74.00646
40.7387564_-73.9398799
40.738756_-74.003446
40.738759_-74.008103
40.7387619_-73.955232
40.7387619_-73.973233
40.7387628_-74.0095413
40.738766_-73.9552843
40.7387734_-73.9734882
40.738773_-73.9733564
40.7387858_-74.0099658
40.738796_-73.977148
40.7388125_-74.0099059
40.7388137_-73.9036155
40.7388264_-73.983148
40.7388333_-73.9772375
40.7388417_-74.0097885
40.73884_-73.985232
40.7388529_-73.9730099
40.738864_-73.9736523
40.738871_-73.93284
40.7388887_-74.0097245
40.7389006_-73.9873016
40.7389235_-73.9420869
40.7389255_-73.9736083
40.738945_-73.916512
40.7389561_-74.0096913
40.7389765_-73.9730957
40.7389826_-73.9733709
40.738989_-73.916685
40.7389921_-73.9554713
40.739009_-73.972924
40.7390266_-73.9732105
40.7390267_-74.0096742
40.739037_-73.9735603
40.739063_-73.926157
40.739073_-74.0030758
40.739088_-73.991375
40.739096_-73.917612
40.7391033_-73.942964
40.7391199_-73.9405505
40.739128_-73.9798721
40.7391651_-73.9728811
40.7391764_-73.9799917
40.739177_-73.989765
40.7391846_-73.9734851
40.7391879_-74.0029568
40.739203_-73.91854
40.7392124_-73.9525301
40.739232_-73.978193
40.7392366_-73.9732487
40.739243_-73.999185
40.739252_-73.9526535
40.7392582_-73.9437564
40.739272_-73.995446
40.739273_-73.933709
40.7393016_-73.9781422
40.739312_-73.919466
40.7393286_-74.0100471
40.7393333_-73.9781192
40.7393342_-73.972821
40.7393508_-74.0095204
40.7393515_-74.0092351
40.7393531_-74.0081578
40.7393541_-74.0096237
40.7393593_-73.974314
40.7393736_-74.0113751
40.7393742_-74.002792
40.7393804_-74.008051
("40.738504_-73.991798","40.7385146_-73.9748914","40.7385169_-74.0101186","40.7385313_-73.940269","40.7385354_-73.9864219","40.738552_-73.999684","40.7385548_-73.9045903","40.7385593_-73.9804373","40.7385698_-73.90554","40.7385719_-73.934806","40.7385836_-73.9394615","40.7385843_-73.9064695","40.7386091_-73.9224563","40.738609_-73.90741","40.7386125_-73.9402107","40.738613_-73.907131","40.7386256_-73.9866359","40.7386318_-73.9733188","40.738631_-73.908323","40.7386375_-73.955403","40.738643_-73.9406801","40.7386448_-73.9731472","40.7386486_-74.0100624","40.7386552_-73.9395156","40.7386606_-73.975225","40.7386692_-73.9551583","40.7386731_-74.0021545","40.738675_-73.934137","40.7386857_-73.9409121","40.738686_-73.995874","40.7386932_-74.0096319","40.7386_-73.927242","40.7386_-73.9600392","40.7387121_-74.0022609","40.7387253_-73.9553635","40.7387256_-74.009609","40.7387332_-74.0100126","40.7387341_-74.0023362","40.7387385_-73.9551918","40.7387482_-74.0095808","40.738749_-74.0024005","40.7387528_-73.9553366","40.7387532_-74.0024784","40.738753_-74.00386","40.738754_-74.005495","40.738754_-74.00646","40.7387564_-73.9398799","40.738756_-74.003446","40.738759_-74.008103","40.7387619_-73.955232","40.7387619_-73.973233","40.7387628_-74.0095413","40.738766_-73.9552843","40.7387734_-73.9734882","40.738773_-73.9733564","40.7387858_-74.0099658","40.738796_-73.977148","40.7388125_-74.0099059","40.7388137_-73.9036155","40.7388264_-73.983148","40.7388333_-73.9772375","40.7388417_-74.0097885","40.73884_-73.985232","40.7388529_-73.9730099","40.738864_-73.9736523","40.738871_-73.93284","40.7388887_-74.0097245","40.7389006_-73.9873016","40.7389235_-73.9420869","40.7389255_-73.9736083","40.738945_-73.916512","40.7389561_-74.0096913","40.7389765_-73.9730957","40.7389826_-73.9733709","40.738989_-73.916685","40.7389921_-73.9554713","40.739009_-73.972924","40.7390266_-73.9732105","40.7390267_-74.0096742","40.739037_-73.9735603","40.739063_-73.926157","40.739073_-74.0030758","40.739088_-73.991375","40.739096_-73.917612","40.7391033_-73.942964","40.7391199_-73.9405505","40.739128_-73.9798721","40.7391651_-73.9728811","40.7391764_-73.9799917","40.739177_-73.989765","40.7391846_-73.9734851","40.7391879_-74.0029568","40.739203_-73.91854","40.7392124_-73.9525301","40.739232_-73.978193","40.7392366_-73.9732487","40.739243_-73.999185","40.739252_-73.9526535","40.7392582_-73.9437564","40.739272_-73.995446","40.739273_-73.933709","40.7393016_-73.9781422","40.739312_-73.919466","40.7393286_-74.0100471","40.7393333_-73.9781192","40.7393342_-73.972821","40.7393508_-74.0095204","40.7393515_-74.0092351","40.7393531_-74.0081578","40.7393541_-74.0096237","40.7393593_-73.974314","40.7393736_-74.0113751","40.7393742_-74.002792","40.7393804_-74.008051")
done
150.62user 822.46system 1:14:05elapsed 21%CPU (0avgtext+0avgdata 85788maxresident)k
2696768inputs+123056outputs (54major+44655minor)pagefaults 0swaps
