40.7078001_-73.9517057
40.707803_-73.9237314
40.7078084_-73.9192382
40.7078224_-73.9562891
40.707831_-73.9037669
40.7078336_-74.0043255
40.7078345_-73.9035176
40.707836_-74.00685
40.7078382_-74.0159961
40.7078419_-73.9036479
40.707842_-73.927212
40.7078484_-73.9037269
40.7078568_-73.923817
40.707857_-74.0014236
40.707858_-74.006838
40.707879_-73.956808
40.7078909_-73.9238607
40.707903_-74.000123
40.707905_-74.006021
40.707908_-73.910805
40.707911_-73.945006
40.70791_-74.002626
40.7079203_-73.9571504
40.7079316_-73.9238784
40.7079385_-74.016218
40.70794_-73.959846
40.7079533_-73.9995912
40.7079654_-74.0177716
40.707977_-73.956745
40.7079791_-74.0135858
40.7079812_-73.9576555
40.7079842_-73.9997733
40.7079881_-74.0080159
40.70799_-73.904777
40.7080029_-74.0033613
40.708015_-73.964329
40.708041_-73.958152
40.708059_-73.922539
40.7080664_-73.957024
40.708071_-73.943322
40.7080775_-74.0034469
40.7080864_-74.0098559
40.708099_-73.914177
40.708103_-73.925578
40.7081055_-74.0055245
40.708106_-73.950549
40.7081076_-73.9342084
40.708115_-73.908217
40.708117_-74.009829
40.708134_-74.016626
40.7081549_-74.0097941
40.7081638_-74.002104
40.70817_-73.95066
40.7081818_-74.0053321
40.708197_-73.965938
40.708214_-73.959679
40.708227_-74.006531
40.7082336_-74.014377
40.708238_-73.932523
40.70823_-73.94164
40.7082413_-73.9575282
40.7082548_-73.919951
40.7082631_-74.0018853
40.708266_-73.955119
40.708277_-73.929026
40.7082842_-74.0031964
40.7082965_-73.999224
40.708304_-74.011248
40.708305_-73.948421
40.7083105_-73.957965
40.7083245_-73.9229874
40.7083307_-73.9989045
40.708346_-73.911548
40.7083473_-73.9578391
40.708348_-74.000486
40.708349_-73.967236
40.708353_-73.953221
40.7083545_-73.9609905
40.7083571_-74.0076525
40.708361_-73.924003
40.7083755_-73.9579199
40.7083811_-73.9993871
40.70839_-73.939958
40.7084044_-73.9230402
40.7084049_-74.0172735
40.7084063_-74.0047736
40.7084072_-73.958011
40.7084156_-73.9513043
40.7084167_-73.9989927
40.708428_-73.905517
40.708457_-74.017398
40.708461_-73.904011
40.708466_-73.946756
40.7084743_-73.923076
40.7084758_-73.9578584
40.7084767_-74.0151319
40.7084787_-73.999533
40.708484_-73.922104
40.708484_-74.0094898
40.708495_-73.938864
40.7084965_-74.0151946
40.7085005_-73.9231149
40.7085083_-73.9231549
40.7085092_-74.0175178
40.708521_-74.0074949
40.7085242_-73.9985116
40.708535_-73.962573
40.708536_-73.914916
40.708536_-73.916109
40.708542_-73.927407
40.708546_-73.922862
40.708555_-73.90896
40.708556_-73.9986868
40.7085583_-73.9041908
40.7078001_-73.9517057
40.707803_-73.9237314
40.7078084_-73.9192382
40.7078224_-73.9562891
40.707831_-73.9037669
40.7078336_-74.0043255
40.7078345_-73.9035176
40.707836_-74.00685
40.7078382_-74.0159961
40.7078419_-73.9036479
40.707842_-73.927212
40.7078484_-73.9037269
40.7078568_-73.923817
40.707857_-74.0014236
40.707858_-74.006838
40.707879_-73.956808
40.7078909_-73.9238607
40.707903_-74.000123
40.707905_-74.006021
40.707908_-73.910805
40.707911_-73.945006
40.70791_-74.002626
40.7079203_-73.9571504
40.7079316_-73.9238784
40.7079385_-74.016218
40.70794_-73.959846
40.7079533_-73.9995912
40.7079654_-74.0177716
40.707977_-73.956745
40.7079791_-74.0135858
40.7079812_-73.9576555
40.7079842_-73.9997733
40.7079881_-74.0080159
40.70799_-73.904777
40.7080029_-74.0033613
40.708015_-73.964329
40.708041_-73.958152
40.708059_-73.922539
40.7080664_-73.957024
40.708071_-73.943322
40.7080775_-74.0034469
40.7080864_-74.0098559
40.708099_-73.914177
40.708103_-73.925578
40.7081055_-74.0055245
40.708106_-73.950549
40.7081076_-73.9342084
40.708115_-73.908217
40.708117_-74.009829
40.708134_-74.016626
40.7081549_-74.0097941
40.7081638_-74.002104
40.70817_-73.95066
40.7081818_-74.0053321
40.708197_-73.965938
40.708214_-73.959679
40.708227_-74.006531
40.7082336_-74.014377
40.708238_-73.932523
40.70823_-73.94164
40.7082413_-73.9575282
40.7082548_-73.919951
40.7082631_-74.0018853
40.708266_-73.955119
40.708277_-73.929026
40.7082842_-74.0031964
40.7082965_-73.999224
40.708304_-74.011248
40.708305_-73.948421
40.7083105_-73.957965
40.7083245_-73.9229874
40.7083307_-73.9989045
40.708346_-73.911548
40.7083473_-73.9578391
40.708348_-74.000486
40.708349_-73.967236
40.708353_-73.953221
40.7083545_-73.9609905
40.7083571_-74.0076525
40.708361_-73.924003
40.7083755_-73.9579199
40.7083811_-73.9993871
40.70839_-73.939958
40.7084044_-73.9230402
40.7084049_-74.0172735
40.7084063_-74.0047736
40.7084072_-73.958011
40.7084156_-73.9513043
40.7084167_-73.9989927
40.708428_-73.905517
40.708457_-74.017398
40.708461_-73.904011
40.708466_-73.946756
40.7084743_-73.923076
40.7084758_-73.9578584
40.7084767_-74.0151319
40.7084787_-73.999533
40.708484_-73.922104
40.708484_-74.0094898
40.708495_-73.938864
40.7084965_-74.0151946
40.7085005_-73.9231149
40.7085083_-73.9231549
40.7085092_-74.0175178
40.708521_-74.0074949
40.7085242_-73.9985116
40.708535_-73.962573
40.708536_-73.914916
40.708536_-73.916109
40.708542_-73.927407
40.708546_-73.922862
40.708555_-73.90896
40.708556_-73.9986868
40.7085583_-73.9041908
("40.7078001_-73.9517057","40.707803_-73.9237314","40.7078084_-73.9192382","40.7078224_-73.9562891","40.707831_-73.9037669","40.7078336_-74.0043255","40.7078345_-73.9035176","40.707836_-74.00685","40.7078382_-74.0159961","40.7078419_-73.9036479","40.707842_-73.927212","40.7078484_-73.9037269","40.7078568_-73.923817","40.707857_-74.0014236","40.707858_-74.006838","40.707879_-73.956808","40.7078909_-73.9238607","40.707903_-74.000123","40.707905_-74.006021","40.707908_-73.910805","40.707911_-73.945006","40.70791_-74.002626","40.7079203_-73.9571504","40.7079316_-73.9238784","40.7079385_-74.016218","40.70794_-73.959846","40.7079533_-73.9995912","40.7079654_-74.0177716","40.707977_-73.956745","40.7079791_-74.0135858","40.7079812_-73.9576555","40.7079842_-73.9997733","40.7079881_-74.0080159","40.70799_-73.904777","40.7080029_-74.0033613","40.708015_-73.964329","40.708041_-73.958152","40.708059_-73.922539","40.7080664_-73.957024","40.708071_-73.943322","40.7080775_-74.0034469","40.7080864_-74.0098559","40.708099_-73.914177","40.708103_-73.925578","40.7081055_-74.0055245","40.708106_-73.950549","40.7081076_-73.9342084","40.708115_-73.908217","40.708117_-74.009829","40.708134_-74.016626","40.7081549_-74.0097941","40.7081638_-74.002104","40.70817_-73.95066","40.7081818_-74.0053321","40.708197_-73.965938","40.708214_-73.959679","40.708227_-74.006531","40.7082336_-74.014377","40.708238_-73.932523","40.70823_-73.94164","40.7082413_-73.9575282","40.7082548_-73.919951","40.7082631_-74.0018853","40.708266_-73.955119","40.708277_-73.929026","40.7082842_-74.0031964","40.7082965_-73.999224","40.708304_-74.011248","40.708305_-73.948421","40.7083105_-73.957965","40.7083245_-73.9229874","40.7083307_-73.9989045","40.708346_-73.911548","40.7083473_-73.9578391","40.708348_-74.000486","40.708349_-73.967236","40.708353_-73.953221","40.7083545_-73.9609905","40.7083571_-74.0076525","40.708361_-73.924003","40.7083755_-73.9579199","40.7083811_-73.9993871","40.70839_-73.939958","40.7084044_-73.9230402","40.7084049_-74.0172735","40.7084063_-74.0047736","40.7084072_-73.958011","40.7084156_-73.9513043","40.7084167_-73.9989927","40.708428_-73.905517","40.708457_-74.017398","40.708461_-73.904011","40.708466_-73.946756","40.7084743_-73.923076","40.7084758_-73.9578584","40.7084767_-74.0151319","40.7084787_-73.999533","40.708484_-73.922104","40.708484_-74.0094898","40.708495_-73.938864","40.7084965_-74.0151946","40.7085005_-73.9231149","40.7085083_-73.9231549","40.7085092_-74.0175178","40.708521_-74.0074949","40.7085242_-73.9985116","40.708535_-73.962573","40.708536_-73.914916","40.708536_-73.916109","40.708542_-73.927407","40.708546_-73.922862","40.708555_-73.90896","40.708556_-73.9986868","40.7085583_-73.9041908")
done
142.70user 805.33system 1:14:09elapsed 21%CPU (0avgtext+0avgdata 56280maxresident)k
1111424inputs+7688outputs (7major+29245minor)pagefaults 0swaps
