40.7725925_-73.9103523
40.7725949_-73.9889032
40.7726129_-73.9768315
40.7726129_-73.9769046
40.7726129_-73.9770289
40.7726201_-73.9555782
40.772627_-73.9327234
40.7726333_-73.982295
40.772646_-73.9453985
40.7726475_-73.9448557
40.7726506_-73.9686969
40.7726524_-73.9204602
40.7726649_-73.9767371
40.7726682_-73.9771832
40.7726701_-73.9325688
40.7726763_-73.9688484
40.772685_-73.912895
40.7726941_-73.9494862
40.7726951_-73.9686103
40.7727014_-73.9676174
40.7727042_-73.932684
40.7727049_-73.9209711
40.7727298_-74.012739
40.7727303_-73.968522
40.7727369_-73.9203661
40.7727381_-73.9688339
40.7727398_-73.9328092
40.7727416_-73.9684885
40.772748_-73.9677769
40.7727651_-73.9684186
40.7727684_-73.9290161
40.7727696_-73.9106012
40.7727754_-73.9766084
40.7727806_-73.9326391
40.7727839_-73.9932054
40.7727878_-73.9683312
40.7728036_-73.9682418
40.772803_-73.9688226
40.7728065_-73.9680288
40.7728086_-73.9681492
40.7728158_-73.9448163
40.7728214_-73.9446714
40.7728236_-74.0156299
40.7728323_-73.9681851
40.7728432_-73.9933408
40.772845_-73.927443
40.7728532_-73.9107946
40.7728571_-73.9683384
40.7728579_-73.9822998
40.7728594_-73.9060591
40.7728658_-73.9895487
40.7728669_-73.976558
40.7728801_-73.9684526
40.7728989_-73.9333199
40.7729016_-73.985792
40.7729035_-73.9685215
40.7729082_-73.9935467
40.772908_-73.9688181
40.772913_-73.9107366
40.7729333_-73.9447098
40.7729345_-73.9936615
40.7729346_-73.968583
40.772934_-73.927447
40.7729389_-73.9334504
40.7729401_-73.993582
40.7729424_-73.9936509
40.7729469_-73.993639
40.7729492_-73.9936138
40.7729527_-73.9819546
40.7729598_-73.9202731
40.77295_-73.9936245
40.7729665_-73.978328
40.7729692_-73.9582529
40.7729743_-73.9686393
40.7729828_-73.9461966
40.7729838_-73.9215994
40.7729854_-73.9781616
40.772988_-73.916388
40.7729975_-73.933642
40.7729988_-73.9622579
40.7730026_-73.9688225
40.7730083_-73.9820858
40.7730101_-73.9932223
40.7730129_-73.9603164
40.7730148_-73.9521898
40.7730257_-73.9899118
40.7730297_-73.968698
40.7730306_-73.9111589
40.773031_-73.927435
40.773031_-73.978281
40.773032_-73.913382
40.7730429_-73.9337904
40.7730454_-74.0155104
40.7730491_-73.9214828
40.7730502_-73.9201627
40.7730553_-73.9444579
40.7730631_-73.9210942
40.7730637_-73.9290201
40.7730645_-73.9446016
40.7730744_-73.9111054
40.7730813_-73.9688307
40.7730832_-73.9784047
40.7730862_-73.9234374
40.7730957_-74.0154833
40.7730963_-73.964476
40.7730976_-73.9213848
40.7730979_-73.9782288
40.7730982_-73.9624945
40.7730986_-73.9823049
40.7731029_-73.9281804
40.7731062_-73.9341037
40.7731102_-73.9687641
40.773111_-73.927412
40.7731266_-73.9688388
40.7725925_-73.9103523
40.7725949_-73.9889032
40.7726129_-73.9768315
40.7726129_-73.9769046
40.7726129_-73.9770289
40.7726201_-73.9555782
40.772627_-73.9327234
40.7726333_-73.982295
40.772646_-73.9453985
40.7726475_-73.9448557
40.7726506_-73.9686969
40.7726524_-73.9204602
40.7726649_-73.9767371
40.7726682_-73.9771832
40.7726701_-73.9325688
40.7726763_-73.9688484
40.772685_-73.912895
40.7726941_-73.9494862
40.7726951_-73.9686103
40.7727014_-73.9676174
40.7727042_-73.932684
40.7727049_-73.9209711
40.7727298_-74.012739
40.7727303_-73.968522
40.7727369_-73.9203661
40.7727381_-73.9688339
40.7727398_-73.9328092
40.7727416_-73.9684885
40.772748_-73.9677769
40.7727651_-73.9684186
40.7727684_-73.9290161
40.7727696_-73.9106012
40.7727754_-73.9766084
40.7727806_-73.9326391
40.7727839_-73.9932054
40.7727878_-73.9683312
40.7728036_-73.9682418
40.772803_-73.9688226
40.7728065_-73.9680288
40.7728086_-73.9681492
40.7728158_-73.9448163
40.7728214_-73.9446714
40.7728236_-74.0156299
40.7728323_-73.9681851
40.7728432_-73.9933408
40.772845_-73.927443
40.7728532_-73.9107946
40.7728571_-73.9683384
40.7728579_-73.9822998
40.7728594_-73.9060591
40.7728658_-73.9895487
40.7728669_-73.976558
40.7728801_-73.9684526
40.7728989_-73.9333199
40.7729016_-73.985792
40.7729035_-73.9685215
40.7729082_-73.9935467
40.772908_-73.9688181
40.772913_-73.9107366
40.7729333_-73.9447098
40.7729345_-73.9936615
40.7729346_-73.968583
40.772934_-73.927447
40.7729389_-73.9334504
40.7729401_-73.993582
40.7729424_-73.9936509
40.7729469_-73.993639
40.7729492_-73.9936138
40.7729527_-73.9819546
40.7729598_-73.9202731
40.77295_-73.9936245
40.7729665_-73.978328
40.7729692_-73.9582529
40.7729743_-73.9686393
40.7729828_-73.9461966
40.7729838_-73.9215994
40.7729854_-73.9781616
40.772988_-73.916388
40.7729975_-73.933642
40.7729988_-73.9622579
40.7730026_-73.9688225
40.7730083_-73.9820858
40.7730101_-73.9932223
40.7730129_-73.9603164
40.7730148_-73.9521898
40.7730257_-73.9899118
40.7730297_-73.968698
40.7730306_-73.9111589
40.773031_-73.927435
40.773031_-73.978281
40.773032_-73.913382
40.7730429_-73.9337904
40.7730454_-74.0155104
40.7730491_-73.9214828
40.7730502_-73.9201627
40.7730553_-73.9444579
40.7730631_-73.9210942
40.7730637_-73.9290201
40.7730645_-73.9446016
40.7730744_-73.9111054
40.7730813_-73.9688307
40.7730832_-73.9784047
40.7730862_-73.9234374
40.7730957_-74.0154833
40.7730963_-73.964476
40.7730976_-73.9213848
40.7730979_-73.9782288
40.7730982_-73.9624945
40.7730986_-73.9823049
40.7731029_-73.9281804
40.7731062_-73.9341037
40.7731102_-73.9687641
40.773111_-73.927412
40.7731266_-73.9688388
("40.7725925_-73.9103523","40.7725949_-73.9889032","40.7726129_-73.9768315","40.7726129_-73.9769046","40.7726129_-73.9770289","40.7726201_-73.9555782","40.772627_-73.9327234","40.7726333_-73.982295","40.772646_-73.9453985","40.7726475_-73.9448557","40.7726506_-73.9686969","40.7726524_-73.9204602","40.7726649_-73.9767371","40.7726682_-73.9771832","40.7726701_-73.9325688","40.7726763_-73.9688484","40.772685_-73.912895","40.7726941_-73.9494862","40.7726951_-73.9686103","40.7727014_-73.9676174","40.7727042_-73.932684","40.7727049_-73.9209711","40.7727298_-74.012739","40.7727303_-73.968522","40.7727369_-73.9203661","40.7727381_-73.9688339","40.7727398_-73.9328092","40.7727416_-73.9684885","40.772748_-73.9677769","40.7727651_-73.9684186","40.7727684_-73.9290161","40.7727696_-73.9106012","40.7727754_-73.9766084","40.7727806_-73.9326391","40.7727839_-73.9932054","40.7727878_-73.9683312","40.7728036_-73.9682418","40.772803_-73.9688226","40.7728065_-73.9680288","40.7728086_-73.9681492","40.7728158_-73.9448163","40.7728214_-73.9446714","40.7728236_-74.0156299","40.7728323_-73.9681851","40.7728432_-73.9933408","40.772845_-73.927443","40.7728532_-73.9107946","40.7728571_-73.9683384","40.7728579_-73.9822998","40.7728594_-73.9060591","40.7728658_-73.9895487","40.7728669_-73.976558","40.7728801_-73.9684526","40.7728989_-73.9333199","40.7729016_-73.985792","40.7729035_-73.9685215","40.7729082_-73.9935467","40.772908_-73.9688181","40.772913_-73.9107366","40.7729333_-73.9447098","40.7729345_-73.9936615","40.7729346_-73.968583","40.772934_-73.927447","40.7729389_-73.9334504","40.7729401_-73.993582","40.7729424_-73.9936509","40.7729469_-73.993639","40.7729492_-73.9936138","40.7729527_-73.9819546","40.7729598_-73.9202731","40.77295_-73.9936245","40.7729665_-73.978328","40.7729692_-73.9582529","40.7729743_-73.9686393","40.7729828_-73.9461966","40.7729838_-73.9215994","40.7729854_-73.9781616","40.772988_-73.916388","40.7729975_-73.933642","40.7729988_-73.9622579","40.7730026_-73.9688225","40.7730083_-73.9820858","40.7730101_-73.9932223","40.7730129_-73.9603164","40.7730148_-73.9521898","40.7730257_-73.9899118","40.7730297_-73.968698","40.7730306_-73.9111589","40.773031_-73.927435","40.773031_-73.978281","40.773032_-73.913382","40.7730429_-73.9337904","40.7730454_-74.0155104","40.7730491_-73.9214828","40.7730502_-73.9201627","40.7730553_-73.9444579","40.7730631_-73.9210942","40.7730637_-73.9290201","40.7730645_-73.9446016","40.7730744_-73.9111054","40.7730813_-73.9688307","40.7730832_-73.9784047","40.7730862_-73.9234374","40.7730957_-74.0154833","40.7730963_-73.964476","40.7730976_-73.9213848","40.7730979_-73.9782288","40.7730982_-73.9624945","40.7730986_-73.9823049","40.7731029_-73.9281804","40.7731062_-73.9341037","40.7731102_-73.9687641","40.773111_-73.927412","40.7731266_-73.9688388")
done
136.54user 813.29system 1:11:53elapsed 22%CPU (0avgtext+0avgdata 71148maxresident)k
650520inputs+64128outputs (30major+36214minor)pagefaults 0swaps
