40.8426835_-73.9948671
40.8426855_-73.9228537
40.8426896_-73.9451729
40.8426929_-73.9310221
40.8427242_-73.9087399
40.8427549_-73.9096926
40.8427586_-73.9095981
40.842759_-73.924788
40.842759_-73.99837
40.8427611_-73.943997
40.8427699_-73.9430647
40.8427748_-73.9182875
40.8427933_-73.9104623
40.8428063_-73.9857128
40.842814_-73.973269
40.8428162_-73.9229074
40.84281_-73.942013
40.8428234_-73.9109933
40.8428254_-73.9227665
40.842832_-73.943066
40.8428347_-74.0015095
40.8428578_-73.9116858
40.8428792_-74.0014755
40.8428808_-73.9117664
40.842883_-73.913568
40.842886_-73.923815
40.8428_-73.9452587
40.8429055_-73.9384302
40.842915_-73.93659
40.8429204_-73.9270917
40.8429291_-73.9118389
40.8429382_-73.9346816
40.8429767_-73.9229648
40.843004_-73.903576
40.8430183_-73.9086302
40.8430208_-74.0013675
40.8430569_-73.9119941
40.8430611_-73.909558
40.8430697_-73.9226215
40.843074_-73.978371
40.843077_-74.0013245
40.8430818_-73.922821
40.8430825_-73.9308504
40.8431036_-73.9104336
40.8431152_-73.9180337
40.843121_-73.995607
40.8431315_-73.9109662
40.843141_-73.9229915
40.8431686_-73.9428846
40.8431701_-73.911664
40.8431746_-73.9121386
40.8431758_-73.9659999
40.843178_-73.904227
40.8431896_-73.9278952
40.8431905_-73.9117445
40.843193_-73.942944
40.8432091_-73.9451729
40.843223_-73.939177
40.8432601_-73.9119239
40.8432621_-73.9439892
40.843285_-73.979363
40.843287_-73.9268051
40.8432937_-73.9046227
40.8432_-73.972185
40.843307_-73.919182
40.843314_-73.99783
40.8433269_-73.9120908
40.843368_-73.915447
40.843375_-73.904937
40.8433767_-73.9228552
40.8433852_-73.9415488
40.8434302_-73.9230177
40.843443_-73.9416398
40.843453_-73.924694
40.8434912_-73.9417198
40.8434921_-74.0073968
40.843501_-73.937982
40.8435078_-73.9176556
40.8435079_-73.9658192
40.8435318_-73.9228644
40.84355_-73.936126
40.8435645_-73.9342023
40.843572_-73.996387
40.843573_-73.971915
40.8435761_-73.9130722
40.8435873_-74.0026884
40.843599_-73.90586
40.8436039_-73.9230366
40.843627_-73.972821
40.843643_-73.906758
40.8436478_-73.9131714
40.8436571_-73.9451214
40.843661_-73.920035
40.8436669_-73.9306359
40.8436794_-73.9228633
40.843687_-73.907662
40.8436924_-73.9129913
40.843701_-73.985952
40.8437225_-73.9131199
40.843726_-73.99751
40.843741_-73.9132731
40.843761_-73.9439713
40.8437753_-73.9230483
40.843779_-73.909463
40.843822_-73.916556
40.843824_-73.910367
40.8438389_-73.9174839
40.8438905_-73.9115356
40.843902_-73.942696
40.843909_-73.924128
40.8439132_-73.9230411
40.843942_-73.939025
40.8439451_-73.9228137
40.8439521_-73.9673098
40.8426835_-73.9948671
40.8426855_-73.9228537
40.8426896_-73.9451729
40.8426929_-73.9310221
40.8427242_-73.9087399
40.8427549_-73.9096926
40.8427586_-73.9095981
40.842759_-73.924788
40.842759_-73.99837
40.8427611_-73.943997
40.8427699_-73.9430647
40.8427748_-73.9182875
40.8427933_-73.9104623
40.8428063_-73.9857128
40.842814_-73.973269
40.8428162_-73.9229074
40.84281_-73.942013
40.8428234_-73.9109933
40.8428254_-73.9227665
40.842832_-73.943066
40.8428347_-74.0015095
40.8428578_-73.9116858
40.8428792_-74.0014755
40.8428808_-73.9117664
40.842883_-73.913568
40.842886_-73.923815
40.8428_-73.9452587
40.8429055_-73.9384302
40.842915_-73.93659
40.8429204_-73.9270917
40.8429291_-73.9118389
40.8429382_-73.9346816
40.8429767_-73.9229648
40.843004_-73.903576
40.8430183_-73.9086302
40.8430208_-74.0013675
40.8430569_-73.9119941
40.8430611_-73.909558
40.8430697_-73.9226215
40.843074_-73.978371
40.843077_-74.0013245
40.8430818_-73.922821
40.8430825_-73.9308504
40.8431036_-73.9104336
40.8431152_-73.9180337
40.843121_-73.995607
40.8431315_-73.9109662
40.843141_-73.9229915
40.8431686_-73.9428846
40.8431701_-73.911664
40.8431746_-73.9121386
40.8431758_-73.9659999
40.843178_-73.904227
40.8431896_-73.9278952
40.8431905_-73.9117445
40.843193_-73.942944
40.8432091_-73.9451729
40.843223_-73.939177
40.8432601_-73.9119239
40.8432621_-73.9439892
40.843285_-73.979363
40.843287_-73.9268051
40.8432937_-73.9046227
40.8432_-73.972185
40.843307_-73.919182
40.843314_-73.99783
40.8433269_-73.9120908
40.843368_-73.915447
40.843375_-73.904937
40.8433767_-73.9228552
40.8433852_-73.9415488
40.8434302_-73.9230177
40.843443_-73.9416398
40.843453_-73.924694
40.8434912_-73.9417198
40.8434921_-74.0073968
40.843501_-73.937982
40.8435078_-73.9176556
40.8435079_-73.9658192
40.8435318_-73.9228644
40.84355_-73.936126
40.8435645_-73.9342023
40.843572_-73.996387
40.843573_-73.971915
40.8435761_-73.9130722
40.8435873_-74.0026884
40.843599_-73.90586
40.8436039_-73.9230366
40.843627_-73.972821
40.843643_-73.906758
40.8436478_-73.9131714
40.8436571_-73.9451214
40.843661_-73.920035
40.8436669_-73.9306359
40.8436794_-73.9228633
40.843687_-73.907662
40.8436924_-73.9129913
40.843701_-73.985952
40.8437225_-73.9131199
40.843726_-73.99751
40.843741_-73.9132731
40.843761_-73.9439713
40.8437753_-73.9230483
40.843779_-73.909463
40.843822_-73.916556
40.843824_-73.910367
40.8438389_-73.9174839
40.8438905_-73.9115356
40.843902_-73.942696
40.843909_-73.924128
40.8439132_-73.9230411
40.843942_-73.939025
40.8439451_-73.9228137
40.8439521_-73.9673098
("40.8426835_-73.9948671","40.8426855_-73.9228537","40.8426896_-73.9451729","40.8426929_-73.9310221","40.8427242_-73.9087399","40.8427549_-73.9096926","40.8427586_-73.9095981","40.842759_-73.924788","40.842759_-73.99837","40.8427611_-73.943997","40.8427699_-73.9430647","40.8427748_-73.9182875","40.8427933_-73.9104623","40.8428063_-73.9857128","40.842814_-73.973269","40.8428162_-73.9229074","40.84281_-73.942013","40.8428234_-73.9109933","40.8428254_-73.9227665","40.842832_-73.943066","40.8428347_-74.0015095","40.8428578_-73.9116858","40.8428792_-74.0014755","40.8428808_-73.9117664","40.842883_-73.913568","40.842886_-73.923815","40.8428_-73.9452587","40.8429055_-73.9384302","40.842915_-73.93659","40.8429204_-73.9270917","40.8429291_-73.9118389","40.8429382_-73.9346816","40.8429767_-73.9229648","40.843004_-73.903576","40.8430183_-73.9086302","40.8430208_-74.0013675","40.8430569_-73.9119941","40.8430611_-73.909558","40.8430697_-73.9226215","40.843074_-73.978371","40.843077_-74.0013245","40.8430818_-73.922821","40.8430825_-73.9308504","40.8431036_-73.9104336","40.8431152_-73.9180337","40.843121_-73.995607","40.8431315_-73.9109662","40.843141_-73.9229915","40.8431686_-73.9428846","40.8431701_-73.911664","40.8431746_-73.9121386","40.8431758_-73.9659999","40.843178_-73.904227","40.8431896_-73.9278952","40.8431905_-73.9117445","40.843193_-73.942944","40.8432091_-73.9451729","40.843223_-73.939177","40.8432601_-73.9119239","40.8432621_-73.9439892","40.843285_-73.979363","40.843287_-73.9268051","40.8432937_-73.9046227","40.8432_-73.972185","40.843307_-73.919182","40.843314_-73.99783","40.8433269_-73.9120908","40.843368_-73.915447","40.843375_-73.904937","40.8433767_-73.9228552","40.8433852_-73.9415488","40.8434302_-73.9230177","40.843443_-73.9416398","40.843453_-73.924694","40.8434912_-73.9417198","40.8434921_-74.0073968","40.843501_-73.937982","40.8435078_-73.9176556","40.8435079_-73.9658192","40.8435318_-73.9228644","40.84355_-73.936126","40.8435645_-73.9342023","40.843572_-73.996387","40.843573_-73.971915","40.8435761_-73.9130722","40.8435873_-74.0026884","40.843599_-73.90586","40.8436039_-73.9230366","40.843627_-73.972821","40.843643_-73.906758","40.8436478_-73.9131714","40.8436571_-73.9451214","40.843661_-73.920035","40.8436669_-73.9306359","40.8436794_-73.9228633","40.843687_-73.907662","40.8436924_-73.9129913","40.843701_-73.985952","40.8437225_-73.9131199","40.843726_-73.99751","40.843741_-73.9132731","40.843761_-73.9439713","40.8437753_-73.9230483","40.843779_-73.909463","40.843822_-73.916556","40.843824_-73.910367","40.8438389_-73.9174839","40.8438905_-73.9115356","40.843902_-73.942696","40.843909_-73.924128","40.8439132_-73.9230411","40.843942_-73.939025","40.8439451_-73.9228137","40.8439521_-73.9673098")
done
126.12user 820.94system 1:13:51elapsed 21%CPU (0avgtext+0avgdata 51816maxresident)k
554744inputs+48outputs (1major+27214minor)pagefaults 0swaps
