40.7949952_-73.9302285
40.795024_-74.006758
40.7950342_-73.9331724
40.7950396_-73.9539643
40.7950488_-73.9589472
40.7950616_-73.9764341
40.795069_-73.9410505
40.795072_-73.939189
40.7950904_-73.9761172
40.7951138_-73.9537585
40.7951362_-73.9201541
40.7951408_-73.930105
40.7951468_-73.9649843
40.7951566_-73.9588113
40.795169_-73.931364
40.7951732_-73.9536098
40.7951993_-73.9587449
40.795218_-74.01687
40.7952319_-73.9775875
40.7952451_-73.9763017
40.7952463_-73.9534979
40.795246_-73.9651722
40.7952521_-73.929871
40.7952534_-73.9732066
40.7952565_-73.9772611
40.7952746_-73.9942806
40.7952792_-73.9217592
40.7952811_-74.0090142
40.795283_-73.9585643
40.795291_-73.9712265
40.7952925_-73.9534502
40.7952939_-73.9214121
40.7952955_-73.9299909
40.795305_-74.006531
40.7953174_-73.9584626
40.7953221_-73.9359046
40.7953306_-73.971329
40.795335_-73.997032
40.7953414_-73.9199195
40.7953486_-73.9583548
40.7953524_-73.9398342
40.795353_-74.004053
40.7953582_-73.9694084
40.7953622_-73.9714107
40.7953639_-73.9955804
40.7953757_-73.9533896
40.7953827_-73.9758895
40.7953933_-73.9654511
40.7953988_-73.9761745
40.7954144_-73.94187
40.7954368_-73.9655442
40.7954383_-73.9458846
40.7954413_-73.9579839
40.7954435_-73.9187453
40.7954473_-73.9439398
40.7954501_-73.9298793
40.7954512_-73.9761118
40.7954638_-73.9638068
40.7954668_-73.9757929
40.7954694_-73.9533526
40.7954714_-73.9656182
40.7954757_-73.9578662
40.7954832_-73.9619051
40.7954868_-73.921793
40.7954902_-74.0112157
40.7954939_-73.9198449
40.7955204_-73.9759847
40.7955217_-73.9757299
40.7955219_-73.9577526
40.7955326_-73.9552617
40.7955419_-73.9480943
40.7955455_-73.9550042
40.7955481_-73.9213403
40.7955522_-73.9461529
40.7955544_-73.9553797
40.7955629_-73.976892
40.7955632_-73.9533414
40.795575_-74.001062
40.7955762_-73.9554421
40.7955766_-73.9296455
40.7955853_-73.9576134
40.795588_-73.950158
40.795606_-74.006289
40.7956084_-73.9297724
40.7956116_-73.9771628
40.7956123_-73.9969483
40.7956217_-73.9533485
40.795636_-73.940487
40.7956411_-73.9547846
40.7956415_-73.9211526
40.7956415_-73.9575048
40.7956498_-73.995206
40.7956518_-73.9555801
40.7956723_-73.998496
40.795677_-74.015498
40.7956857_-73.919735
40.7956921_-73.9574175
40.7957297_-73.9533955
40.7957324_-73.9755363
40.795732_-73.93266
40.7957346_-73.9295598
40.7957689_-73.9545936
40.79576_-73.9208579
40.7957756_-73.9296774
40.7957783_-73.9753658
40.795782_-74.016355
40.7957927_-73.9766243
40.7958025_-73.9198302
40.7958075_-73.9557107
40.7958147_-73.919334
40.7958184_-73.9309646
40.795822_-73.996885
40.795839_-73.9769182
40.7958406_-73.9203966
40.7949952_-73.9302285
40.795024_-74.006758
40.7950342_-73.9331724
40.7950396_-73.9539643
40.7950488_-73.9589472
40.7950616_-73.9764341
40.795069_-73.9410505
40.795072_-73.939189
40.7950904_-73.9761172
40.7951138_-73.9537585
40.7951362_-73.9201541
40.7951408_-73.930105
40.7951468_-73.9649843
40.7951566_-73.9588113
40.795169_-73.931364
40.7951732_-73.9536098
40.7951993_-73.9587449
40.795218_-74.01687
40.7952319_-73.9775875
40.7952451_-73.9763017
40.7952463_-73.9534979
40.795246_-73.9651722
40.7952521_-73.929871
40.7952534_-73.9732066
40.7952565_-73.9772611
40.7952746_-73.9942806
40.7952792_-73.9217592
40.7952811_-74.0090142
40.795283_-73.9585643
40.795291_-73.9712265
40.7952925_-73.9534502
40.7952939_-73.9214121
40.7952955_-73.9299909
40.795305_-74.006531
40.7953174_-73.9584626
40.7953221_-73.9359046
40.7953306_-73.971329
40.795335_-73.997032
40.7953414_-73.9199195
40.7953486_-73.9583548
40.7953524_-73.9398342
40.795353_-74.004053
40.7953582_-73.9694084
40.7953622_-73.9714107
40.7953639_-73.9955804
40.7953757_-73.9533896
40.7953827_-73.9758895
40.7953933_-73.9654511
40.7953988_-73.9761745
40.7954144_-73.94187
40.7954368_-73.9655442
40.7954383_-73.9458846
40.7954413_-73.9579839
40.7954435_-73.9187453
40.7954473_-73.9439398
40.7954501_-73.9298793
40.7954512_-73.9761118
40.7954638_-73.9638068
40.7954668_-73.9757929
40.7954694_-73.9533526
40.7954714_-73.9656182
40.7954757_-73.9578662
40.7954832_-73.9619051
40.7954868_-73.921793
40.7954902_-74.0112157
40.7954939_-73.9198449
40.7955204_-73.9759847
40.7955217_-73.9757299
40.7955219_-73.9577526
40.7955326_-73.9552617
40.7955419_-73.9480943
40.7955455_-73.9550042
40.7955481_-73.9213403
40.7955522_-73.9461529
40.7955544_-73.9553797
40.7955629_-73.976892
40.7955632_-73.9533414
40.795575_-74.001062
40.7955762_-73.9554421
40.7955766_-73.9296455
40.7955853_-73.9576134
40.795588_-73.950158
40.795606_-74.006289
40.7956084_-73.9297724
40.7956116_-73.9771628
40.7956123_-73.9969483
40.7956217_-73.9533485
40.795636_-73.940487
40.7956411_-73.9547846
40.7956415_-73.9211526
40.7956415_-73.9575048
40.7956498_-73.995206
40.7956518_-73.9555801
40.7956723_-73.998496
40.795677_-74.015498
40.7956857_-73.919735
40.7956921_-73.9574175
40.7957297_-73.9533955
40.7957324_-73.9755363
40.795732_-73.93266
40.7957346_-73.9295598
40.7957689_-73.9545936
40.79576_-73.9208579
40.7957756_-73.9296774
40.7957783_-73.9753658
40.795782_-74.016355
40.7957927_-73.9766243
40.7958025_-73.9198302
40.7958075_-73.9557107
40.7958147_-73.919334
40.7958184_-73.9309646
40.795822_-73.996885
40.795839_-73.9769182
40.7958406_-73.9203966
("40.7949952_-73.9302285","40.795024_-74.006758","40.7950342_-73.9331724","40.7950396_-73.9539643","40.7950488_-73.9589472","40.7950616_-73.9764341","40.795069_-73.9410505","40.795072_-73.939189","40.7950904_-73.9761172","40.7951138_-73.9537585","40.7951362_-73.9201541","40.7951408_-73.930105","40.7951468_-73.9649843","40.7951566_-73.9588113","40.795169_-73.931364","40.7951732_-73.9536098","40.7951993_-73.9587449","40.795218_-74.01687","40.7952319_-73.9775875","40.7952451_-73.9763017","40.7952463_-73.9534979","40.795246_-73.9651722","40.7952521_-73.929871","40.7952534_-73.9732066","40.7952565_-73.9772611","40.7952746_-73.9942806","40.7952792_-73.9217592","40.7952811_-74.0090142","40.795283_-73.9585643","40.795291_-73.9712265","40.7952925_-73.9534502","40.7952939_-73.9214121","40.7952955_-73.9299909","40.795305_-74.006531","40.7953174_-73.9584626","40.7953221_-73.9359046","40.7953306_-73.971329","40.795335_-73.997032","40.7953414_-73.9199195","40.7953486_-73.9583548","40.7953524_-73.9398342","40.795353_-74.004053","40.7953582_-73.9694084","40.7953622_-73.9714107","40.7953639_-73.9955804","40.7953757_-73.9533896","40.7953827_-73.9758895","40.7953933_-73.9654511","40.7953988_-73.9761745","40.7954144_-73.94187","40.7954368_-73.9655442","40.7954383_-73.9458846","40.7954413_-73.9579839","40.7954435_-73.9187453","40.7954473_-73.9439398","40.7954501_-73.9298793","40.7954512_-73.9761118","40.7954638_-73.9638068","40.7954668_-73.9757929","40.7954694_-73.9533526","40.7954714_-73.9656182","40.7954757_-73.9578662","40.7954832_-73.9619051","40.7954868_-73.921793","40.7954902_-74.0112157","40.7954939_-73.9198449","40.7955204_-73.9759847","40.7955217_-73.9757299","40.7955219_-73.9577526","40.7955326_-73.9552617","40.7955419_-73.9480943","40.7955455_-73.9550042","40.7955481_-73.9213403","40.7955522_-73.9461529","40.7955544_-73.9553797","40.7955629_-73.976892","40.7955632_-73.9533414","40.795575_-74.001062","40.7955762_-73.9554421","40.7955766_-73.9296455","40.7955853_-73.9576134","40.795588_-73.950158","40.795606_-74.006289","40.7956084_-73.9297724","40.7956116_-73.9771628","40.7956123_-73.9969483","40.7956217_-73.9533485","40.795636_-73.940487","40.7956411_-73.9547846","40.7956415_-73.9211526","40.7956415_-73.9575048","40.7956498_-73.995206","40.7956518_-73.9555801","40.7956723_-73.998496","40.795677_-74.015498","40.7956857_-73.919735","40.7956921_-73.9574175","40.7957297_-73.9533955","40.7957324_-73.9755363","40.795732_-73.93266","40.7957346_-73.9295598","40.7957689_-73.9545936","40.79576_-73.9208579","40.7957756_-73.9296774","40.7957783_-73.9753658","40.795782_-74.016355","40.7957927_-73.9766243","40.7958025_-73.9198302","40.7958075_-73.9557107","40.7958147_-73.919334","40.7958184_-73.9309646","40.795822_-73.996885","40.795839_-73.9769182","40.7958406_-73.9203966")
done
127.30user 821.82system 1:15:31elapsed 20%CPU (0avgtext+0avgdata 57564maxresident)k
2810808inputs+13688outputs (11major+29904minor)pagefaults 0swaps
