40.7281572_-74.0025517
40.7281581_-73.991028
40.728194_-73.984875
40.728194_-73.995593
40.728195_-74.008724
40.7281_-73.938189
40.7282121_-74.0028574
40.728213_-73.949321
40.7282177_-74.0027313
40.7282373_-73.9849776
40.7282399_-74.0028423
40.728263_-74.009487
40.7282935_-73.9910268
40.7282996_-73.9716634
40.7282996_-73.9718008
40.728302_-73.9084219
40.728314_-73.959008
40.7283152_-74.0025488
40.7283314_-74.0030871
40.7283487_-74.0026748
40.7283501_-73.9907352
40.7283678_-74.0027729
40.7283791_-74.0029868
40.7283847_-73.9502318
40.7283924_-74.0030987
40.7284021_-73.9755468
40.7284023_-73.9908358
40.7284093_-74.0032783
40.728412_-73.994252
40.728418_-73.952412
40.7284251_-73.9996723
40.7284296_-73.9716634
40.728446_-73.98179
40.728458_-73.95736
40.7284668_-74.0028415
40.7284698_-73.9757347
40.728473_-73.924486
40.7284748_-73.9910338
40.728485_-73.948495
40.728501_-73.917967
40.7285107_-74.0027105
40.7285108_-74.0029254
40.7285145_-73.9057171
40.7285305_-73.99109
40.7285322_-73.9906198
40.7285391_-73.9281263
40.7285462_-73.9877078
40.728551_-73.996345
40.7285714_-73.9056313
40.728595_-73.987672
40.7285988_-73.9717922
40.728601_-74.0053147
40.7286057_-73.9282439
40.7286313_-73.9716634
40.7286617_-73.9876236
40.728681_-73.9911357
40.7286872_-74.0032616
40.728695_-73.9762559
40.728696_-73.989805
40.728697_-73.951567
40.7287058_-73.9504182
40.728713_-74.003297
40.728724_-73.954611
40.7287313_-73.9098556
40.728734_-73.9984
40.728746_-73.978536
40.728758_-73.947666
40.7287682_-74.0070906
40.72876_-73.903033
40.7287784_-73.9261332
40.7287826_-73.9844396
40.7288005_-74.0004308
40.7288199_-73.9718265
40.72881_-73.995061
40.7288206_-73.9312438
40.728823_-73.953658
40.7288271_-73.9845455
40.7288313_-73.9195343
40.7288473_-73.975431
40.728853_-74.005269
40.728882_-73.922832
40.7289056_-74.0025341
40.7289097_-74.0085939
40.7289272_-73.9971089
40.7289293_-73.9194976
40.7289305_-73.9717063
40.72894_-73.9903444
40.7289578_-73.9971711
40.7289656_-73.9279058
40.7289697_-73.9487709
40.7289747_-73.9507214
40.7289809_-74.0093502
40.7289892_-74.0094389
40.728996_-73.950659
40.7290023_-73.9050948
40.7290044_-73.9237506
40.729004_-73.904029
40.7290088_-73.9098183
40.729008_-73.993747
40.729011_-73.959133
40.729017_-73.9505918
40.729031_-73.94684
40.7290534_-73.9749871
40.7290541_-73.9718866
40.729072_-73.973055
40.7290792_-74.0103942
40.7290809_-73.9507816
40.7290851_-73.9503876
40.729086_-73.981325
40.7290927_-74.0105378
40.7291073_-73.9506422
40.7291079_-73.9097156
40.7291105_-73.9310192
40.729122_-74.0107692
40.7281572_-74.0025517
40.7281581_-73.991028
40.728194_-73.984875
40.728194_-73.995593
40.728195_-74.008724
40.7281_-73.938189
40.7282121_-74.0028574
40.728213_-73.949321
40.7282177_-74.0027313
40.7282373_-73.9849776
40.7282399_-74.0028423
40.728263_-74.009487
40.7282935_-73.9910268
40.7282996_-73.9716634
40.7282996_-73.9718008
40.728302_-73.9084219
40.728314_-73.959008
40.7283152_-74.0025488
40.7283314_-74.0030871
40.7283487_-74.0026748
40.7283501_-73.9907352
40.7283678_-74.0027729
40.7283791_-74.0029868
40.7283847_-73.9502318
40.7283924_-74.0030987
40.7284021_-73.9755468
40.7284023_-73.9908358
40.7284093_-74.0032783
40.728412_-73.994252
40.728418_-73.952412
40.7284251_-73.9996723
40.7284296_-73.9716634
40.728446_-73.98179
40.728458_-73.95736
40.7284668_-74.0028415
40.7284698_-73.9757347
40.728473_-73.924486
40.7284748_-73.9910338
40.728485_-73.948495
40.728501_-73.917967
40.7285107_-74.0027105
40.7285108_-74.0029254
40.7285145_-73.9057171
40.7285305_-73.99109
40.7285322_-73.9906198
40.7285391_-73.9281263
40.7285462_-73.9877078
40.728551_-73.996345
40.7285714_-73.9056313
40.728595_-73.987672
40.7285988_-73.9717922
40.728601_-74.0053147
40.7286057_-73.9282439
40.7286313_-73.9716634
40.7286617_-73.9876236
40.728681_-73.9911357
40.7286872_-74.0032616
40.728695_-73.9762559
40.728696_-73.989805
40.728697_-73.951567
40.7287058_-73.9504182
40.728713_-74.003297
40.728724_-73.954611
40.7287313_-73.9098556
40.728734_-73.9984
40.728746_-73.978536
40.728758_-73.947666
40.7287682_-74.0070906
40.72876_-73.903033
40.7287784_-73.9261332
40.7287826_-73.9844396
40.7288005_-74.0004308
40.7288199_-73.9718265
40.72881_-73.995061
40.7288206_-73.9312438
40.728823_-73.953658
40.7288271_-73.9845455
40.7288313_-73.9195343
40.7288473_-73.975431
40.728853_-74.005269
40.728882_-73.922832
40.7289056_-74.0025341
40.7289097_-74.0085939
40.7289272_-73.9971089
40.7289293_-73.9194976
40.7289305_-73.9717063
40.72894_-73.9903444
40.7289578_-73.9971711
40.7289656_-73.9279058
40.7289697_-73.9487709
40.7289747_-73.9507214
40.7289809_-74.0093502
40.7289892_-74.0094389
40.728996_-73.950659
40.7290023_-73.9050948
40.7290044_-73.9237506
40.729004_-73.904029
40.7290088_-73.9098183
40.729008_-73.993747
40.729011_-73.959133
40.729017_-73.9505918
40.729031_-73.94684
40.7290534_-73.9749871
40.7290541_-73.9718866
40.729072_-73.973055
40.7290792_-74.0103942
40.7290809_-73.9507816
40.7290851_-73.9503876
40.729086_-73.981325
40.7290927_-74.0105378
40.7291073_-73.9506422
40.7291079_-73.9097156
40.7291105_-73.9310192
40.729122_-74.0107692
("40.7281572_-74.0025517","40.7281581_-73.991028","40.728194_-73.984875","40.728194_-73.995593","40.728195_-74.008724","40.7281_-73.938189","40.7282121_-74.0028574","40.728213_-73.949321","40.7282177_-74.0027313","40.7282373_-73.9849776","40.7282399_-74.0028423","40.728263_-74.009487","40.7282935_-73.9910268","40.7282996_-73.9716634","40.7282996_-73.9718008","40.728302_-73.9084219","40.728314_-73.959008","40.7283152_-74.0025488","40.7283314_-74.0030871","40.7283487_-74.0026748","40.7283501_-73.9907352","40.7283678_-74.0027729","40.7283791_-74.0029868","40.7283847_-73.9502318","40.7283924_-74.0030987","40.7284021_-73.9755468","40.7284023_-73.9908358","40.7284093_-74.0032783","40.728412_-73.994252","40.728418_-73.952412","40.7284251_-73.9996723","40.7284296_-73.9716634","40.728446_-73.98179","40.728458_-73.95736","40.7284668_-74.0028415","40.7284698_-73.9757347","40.728473_-73.924486","40.7284748_-73.9910338","40.728485_-73.948495","40.728501_-73.917967","40.7285107_-74.0027105","40.7285108_-74.0029254","40.7285145_-73.9057171","40.7285305_-73.99109","40.7285322_-73.9906198","40.7285391_-73.9281263","40.7285462_-73.9877078","40.728551_-73.996345","40.7285714_-73.9056313","40.728595_-73.987672","40.7285988_-73.9717922","40.728601_-74.0053147","40.7286057_-73.9282439","40.7286313_-73.9716634","40.7286617_-73.9876236","40.728681_-73.9911357","40.7286872_-74.0032616","40.728695_-73.9762559","40.728696_-73.989805","40.728697_-73.951567","40.7287058_-73.9504182","40.728713_-74.003297","40.728724_-73.954611","40.7287313_-73.9098556","40.728734_-73.9984","40.728746_-73.978536","40.728758_-73.947666","40.7287682_-74.0070906","40.72876_-73.903033","40.7287784_-73.9261332","40.7287826_-73.9844396","40.7288005_-74.0004308","40.7288199_-73.9718265","40.72881_-73.995061","40.7288206_-73.9312438","40.728823_-73.953658","40.7288271_-73.9845455","40.7288313_-73.9195343","40.7288473_-73.975431","40.728853_-74.005269","40.728882_-73.922832","40.7289056_-74.0025341","40.7289097_-74.0085939","40.7289272_-73.9971089","40.7289293_-73.9194976","40.7289305_-73.9717063","40.72894_-73.9903444","40.7289578_-73.9971711","40.7289656_-73.9279058","40.7289697_-73.9487709","40.7289747_-73.9507214","40.7289809_-74.0093502","40.7289892_-74.0094389","40.728996_-73.950659","40.7290023_-73.9050948","40.7290044_-73.9237506","40.729004_-73.904029","40.7290088_-73.9098183","40.729008_-73.993747","40.729011_-73.959133","40.729017_-73.9505918","40.729031_-73.94684","40.7290534_-73.9749871","40.7290541_-73.9718866","40.729072_-73.973055","40.7290792_-74.0103942","40.7290809_-73.9507816","40.7290851_-73.9503876","40.729086_-73.981325","40.7290927_-74.0105378","40.7291073_-73.9506422","40.7291079_-73.9097156","40.7291105_-73.9310192","40.729122_-74.0107692")
done
148.45user 815.04system 1:12:44elapsed 22%CPU (0avgtext+0avgdata 71776maxresident)k
955080inputs+68928outputs (48major+37906minor)pagefaults 0swaps
