40.7738363_-73.9720025
40.7738396_-73.9306432
40.7738398_-73.9718
40.7738431_-73.9114833
40.7738617_-73.9228434
40.7738621_-74.0151996
40.7738673_-73.9074884
40.77386_-73.9731688
40.7738814_-73.9723524
40.7739019_-73.9691807
40.773905_-74.016663
40.7739064_-73.9366105
40.7739142_-73.9227072
40.7739217_-73.9823238
40.7739224_-73.9733008
40.773931_-73.921656
40.7739443_-73.9759575
40.7739486_-73.9122791
40.7739544_-73.9367461
40.7739655_-73.9227995
40.77396_-73.917762
40.7739762_-73.9485506
40.7739765_-73.9310519
40.7739832_-73.9243158
40.7739919_-73.9902608
40.7740008_-73.9734027
40.7740037_-73.9243621
40.7740077_-73.9368244
40.7740109_-73.9215576
40.7740125_-74.0151286
40.7740155_-73.9545593
40.7740282_-73.9245065
40.7740295_-73.969169
40.7740381_-73.9229271
40.7740442_-73.9368472
40.7740574_-73.9227608
40.774057_-73.9246509
40.7740799_-73.9368696
40.774088_-73.926909
40.7740909_-73.9725969
40.7740993_-73.9901408
40.77411_-73.9222168
40.7741202_-73.9886361
40.7741259_-73.9368814
40.7741302_-73.969149
40.774151_-73.914966
40.7741539_-73.9071398
40.7741602_-73.9848846
40.774161_-73.9188066
40.7741762_-73.9030981
40.7741784_-73.9220264
40.774185_-73.926862
40.7741942_-73.9434294
40.7742011_-73.9810563
40.774208_-73.936865
40.7742091_-73.9318273
40.7742151_-73.969112
40.7742183_-73.9269713
40.7742266_-73.9811168
40.7742397_-73.9899335
40.7742429_-73.9848243
40.7742432_-73.973665
40.77424_-74.0142301
40.774251_-73.9850535
40.774252_-73.945267
40.7742552_-73.959411
40.774256_-74.0149442
40.7742658_-73.9613336
40.774265_-73.936837
40.7742707_-73.9573031
40.7742808_-73.9757228
40.7742817_-73.9223978
40.774281_-73.97737
40.7742922_-73.9512608
40.7742997_-73.9690636
40.774302_-73.9433292
40.7743049_-73.9735123
40.7743057_-73.9056514
40.7743181_-73.9734198
40.7743393_-73.9773274
40.774339_-74.016402
40.7743453_-73.9275791
40.7743479_-73.9731694
40.7743535_-73.9756426
40.7743661_-73.9615719
40.77436_-73.912858
40.7743722_-73.9082023
40.7743723_-73.9635486
40.7743812_-73.92231
40.7743884_-73.9897753
40.7744012_-73.9275687
40.774407_-73.96561
40.7744198_-73.9223308
40.7744215_-73.9912862
40.7744296_-73.9367519
40.7744342_-73.94335
40.7744437_-73.9727191
40.7744457_-74.0147693
40.774447_-73.9325761
40.7744488_-73.9432057
40.774449_-73.918455
40.774454_-73.9726028
40.774467_-73.9275483
40.7744758_-73.9755369
40.7744955_-73.9222426
40.7745119_-73.9688662
40.7745123_-73.9729281
40.7745165_-73.9914226
40.7745251_-73.9367023
40.7745401_-73.9740271
40.7745445_-73.9240935
40.7745486_-73.975316
40.7745584_-73.9896525
40.7745598_-73.9238714
40.7738363_-73.9720025
40.7738396_-73.9306432
40.7738398_-73.9718
40.7738431_-73.9114833
40.7738617_-73.9228434
40.7738621_-74.0151996
40.7738673_-73.9074884
40.77386_-73.9731688
40.7738814_-73.9723524
40.7739019_-73.9691807
40.773905_-74.016663
40.7739064_-73.9366105
40.7739142_-73.9227072
40.7739217_-73.9823238
40.7739224_-73.9733008
40.773931_-73.921656
40.7739443_-73.9759575
40.7739486_-73.9122791
40.7739544_-73.9367461
40.7739655_-73.9227995
40.77396_-73.917762
40.7739762_-73.9485506
40.7739765_-73.9310519
40.7739832_-73.9243158
40.7739919_-73.9902608
40.7740008_-73.9734027
40.7740037_-73.9243621
40.7740077_-73.9368244
40.7740109_-73.9215576
40.7740125_-74.0151286
40.7740155_-73.9545593
40.7740282_-73.9245065
40.7740295_-73.969169
40.7740381_-73.9229271
40.7740442_-73.9368472
40.7740574_-73.9227608
40.774057_-73.9246509
40.7740799_-73.9368696
40.774088_-73.926909
40.7740909_-73.9725969
40.7740993_-73.9901408
40.77411_-73.9222168
40.7741202_-73.9886361
40.7741259_-73.9368814
40.7741302_-73.969149
40.774151_-73.914966
40.7741539_-73.9071398
40.7741602_-73.9848846
40.774161_-73.9188066
40.7741762_-73.9030981
40.7741784_-73.9220264
40.774185_-73.926862
40.7741942_-73.9434294
40.7742011_-73.9810563
40.774208_-73.936865
40.7742091_-73.9318273
40.7742151_-73.969112
40.7742183_-73.9269713
40.7742266_-73.9811168
40.7742397_-73.9899335
40.7742429_-73.9848243
40.7742432_-73.973665
40.77424_-74.0142301
40.774251_-73.9850535
40.774252_-73.945267
40.7742552_-73.959411
40.774256_-74.0149442
40.7742658_-73.9613336
40.774265_-73.936837
40.7742707_-73.9573031
40.7742808_-73.9757228
40.7742817_-73.9223978
40.774281_-73.97737
40.7742922_-73.9512608
40.7742997_-73.9690636
40.774302_-73.9433292
40.7743049_-73.9735123
40.7743057_-73.9056514
40.7743181_-73.9734198
40.7743393_-73.9773274
40.774339_-74.016402
40.7743453_-73.9275791
40.7743479_-73.9731694
40.7743535_-73.9756426
40.7743661_-73.9615719
40.77436_-73.912858
40.7743722_-73.9082023
40.7743723_-73.9635486
40.7743812_-73.92231
40.7743884_-73.9897753
40.7744012_-73.9275687
40.774407_-73.96561
40.7744198_-73.9223308
40.7744215_-73.9912862
40.7744296_-73.9367519
40.7744342_-73.94335
40.7744437_-73.9727191
40.7744457_-74.0147693
40.774447_-73.9325761
40.7744488_-73.9432057
40.774449_-73.918455
40.774454_-73.9726028
40.774467_-73.9275483
40.7744758_-73.9755369
40.7744955_-73.9222426
40.7745119_-73.9688662
40.7745123_-73.9729281
40.7745165_-73.9914226
40.7745251_-73.9367023
40.7745401_-73.9740271
40.7745445_-73.9240935
40.7745486_-73.975316
40.7745584_-73.9896525
40.7745598_-73.9238714
("40.7738363_-73.9720025","40.7738396_-73.9306432","40.7738398_-73.9718","40.7738431_-73.9114833","40.7738617_-73.9228434","40.7738621_-74.0151996","40.7738673_-73.9074884","40.77386_-73.9731688","40.7738814_-73.9723524","40.7739019_-73.9691807","40.773905_-74.016663","40.7739064_-73.9366105","40.7739142_-73.9227072","40.7739217_-73.9823238","40.7739224_-73.9733008","40.773931_-73.921656","40.7739443_-73.9759575","40.7739486_-73.9122791","40.7739544_-73.9367461","40.7739655_-73.9227995","40.77396_-73.917762","40.7739762_-73.9485506","40.7739765_-73.9310519","40.7739832_-73.9243158","40.7739919_-73.9902608","40.7740008_-73.9734027","40.7740037_-73.9243621","40.7740077_-73.9368244","40.7740109_-73.9215576","40.7740125_-74.0151286","40.7740155_-73.9545593","40.7740282_-73.9245065","40.7740295_-73.969169","40.7740381_-73.9229271","40.7740442_-73.9368472","40.7740574_-73.9227608","40.774057_-73.9246509","40.7740799_-73.9368696","40.774088_-73.926909","40.7740909_-73.9725969","40.7740993_-73.9901408","40.77411_-73.9222168","40.7741202_-73.9886361","40.7741259_-73.9368814","40.7741302_-73.969149","40.774151_-73.914966","40.7741539_-73.9071398","40.7741602_-73.9848846","40.774161_-73.9188066","40.7741762_-73.9030981","40.7741784_-73.9220264","40.774185_-73.926862","40.7741942_-73.9434294","40.7742011_-73.9810563","40.774208_-73.936865","40.7742091_-73.9318273","40.7742151_-73.969112","40.7742183_-73.9269713","40.7742266_-73.9811168","40.7742397_-73.9899335","40.7742429_-73.9848243","40.7742432_-73.973665","40.77424_-74.0142301","40.774251_-73.9850535","40.774252_-73.945267","40.7742552_-73.959411","40.774256_-74.0149442","40.7742658_-73.9613336","40.774265_-73.936837","40.7742707_-73.9573031","40.7742808_-73.9757228","40.7742817_-73.9223978","40.774281_-73.97737","40.7742922_-73.9512608","40.7742997_-73.9690636","40.774302_-73.9433292","40.7743049_-73.9735123","40.7743057_-73.9056514","40.7743181_-73.9734198","40.7743393_-73.9773274","40.774339_-74.016402","40.7743453_-73.9275791","40.7743479_-73.9731694","40.7743535_-73.9756426","40.7743661_-73.9615719","40.77436_-73.912858","40.7743722_-73.9082023","40.7743723_-73.9635486","40.7743812_-73.92231","40.7743884_-73.9897753","40.7744012_-73.9275687","40.774407_-73.96561","40.7744198_-73.9223308","40.7744215_-73.9912862","40.7744296_-73.9367519","40.7744342_-73.94335","40.7744437_-73.9727191","40.7744457_-74.0147693","40.774447_-73.9325761","40.7744488_-73.9432057","40.774449_-73.918455","40.774454_-73.9726028","40.774467_-73.9275483","40.7744758_-73.9755369","40.7744955_-73.9222426","40.7745119_-73.9688662","40.7745123_-73.9729281","40.7745165_-73.9914226","40.7745251_-73.9367023","40.7745401_-73.9740271","40.7745445_-73.9240935","40.7745486_-73.975316","40.7745584_-73.9896525","40.7745598_-73.9238714")
done
134.58user 818.23system 1:14:04elapsed 21%CPU (0avgtext+0avgdata 69736maxresident)k
847248inputs+60568outputs (32major+36830minor)pagefaults 0swaps
