40.829649_-73.9387119
40.8296535_-73.9482817
40.829671_-73.939674
40.8296851_-73.9280878
40.8296869_-73.921348
40.829686_-73.993558
40.829702_-73.919313
40.8297032_-73.9745745
40.8297217_-73.9311089
40.8297407_-73.9386779
40.8297653_-73.9498862
40.8297728_-73.9718728
40.8297729_-73.9311363
40.829774_-73.939709
40.8297778_-73.9307228
40.829783_-73.924812
40.8297865_-73.9172051
40.8297944_-73.9279642
40.8297_-73.913124
40.8298107_-73.9193772
40.829823_-73.907722
40.8298242_-73.9297911
40.829833_-73.977194
40.829836_-73.9352749
40.8298372_-73.9311378
40.8298373_-73.929807
40.8298396_-73.9350561
40.8298404_-73.9500185
40.8298528_-73.9305519
40.8298552_-73.9397599
40.8298995_-73.9303473
40.8299125_-73.9278515
40.8299145_-73.9398098
40.8299301_-73.9500061
40.829932_-73.994009
40.8299359_-73.931086
40.829955_-73.9194356
40.829957_-73.929902
40.82998_-73.913988
40.82999_-73.939886
40.8300213_-73.931742
40.830021_-73.975723
40.8300381_-73.9299654
40.8300413_-73.9277312
40.8300459_-73.9719643
40.830047_-73.9365986
40.8300508_-73.934911
40.830053_-73.922413
40.830057_-73.939978
40.8300846_-73.9180616
40.8300992_-73.9499799
40.8301026_-73.9394836
40.8301057_-73.9194737
40.8301148_-73.9353196
40.8301161_-73.9036227
40.8301253_-73.9285932
40.8301428_-73.9395901
40.8301526_-73.9401203
40.8301528_-73.9284865
40.83016_-73.941667
40.8301735_-73.9299018
40.8301823_-73.9283297
40.8301952_-73.9476383
40.8302041_-73.9275906
40.8302135_-73.9476819
40.8302184_-73.935348
40.8302204_-73.9401709
40.830226_-73.90896
40.830244_-73.949688
40.8302517_-73.90904
40.8302554_-73.927696
40.8302582_-73.9283623
40.8302599_-73.9194797
40.830261_-73.914852
40.8302699_-73.9439142
40.8302751_-73.9245101
40.8302751_-73.9478285
40.830292_-73.9402243
40.8302991_-73.9277863
40.8303047_-73.9279256
40.8303114_-73.9278629
40.830312_-73.949951
40.8303217_-73.9318386
40.8303282_-73.9400363
40.8303426_-73.9034525
40.830344_-73.923273
40.830344_-73.97661
40.8303809_-73.9401576
40.8303818_-73.9189156
40.830397_-73.985576
40.8304078_-73.919469
40.8304174_-73.9355011
40.8304255_-73.9244178
40.8304422_-73.9038499
40.8304455_-73.9499248
40.8304587_-73.9362835
40.830458_-73.940346
40.8304676_-73.9232004
40.8304786_-73.9296752
40.83047_-73.909713
40.8304912_-73.9355969
40.8305345_-73.9274764
40.830536_-73.915699
40.8305431_-73.9357084
40.8305674_-73.9194491
40.8305707_-73.9498834
40.830574_-73.930711
40.8306067_-73.9240431
40.830617_-73.987556
40.830625_-73.904506
40.8306276_-73.9349961
40.8306405_-73.9351334
40.8306655_-73.9271602
40.830672_-73.99058
40.829649_-73.9387119
40.8296535_-73.9482817
40.829671_-73.939674
40.8296851_-73.9280878
40.8296869_-73.921348
40.829686_-73.993558
40.829702_-73.919313
40.8297032_-73.9745745
40.8297217_-73.9311089
40.8297407_-73.9386779
40.8297653_-73.9498862
40.8297728_-73.9718728
40.8297729_-73.9311363
40.829774_-73.939709
40.8297778_-73.9307228
40.829783_-73.924812
40.8297865_-73.9172051
40.8297944_-73.9279642
40.8297_-73.913124
40.8298107_-73.9193772
40.829823_-73.907722
40.8298242_-73.9297911
40.829833_-73.977194
40.829836_-73.9352749
40.8298372_-73.9311378
40.8298373_-73.929807
40.8298396_-73.9350561
40.8298404_-73.9500185
40.8298528_-73.9305519
40.8298552_-73.9397599
40.8298995_-73.9303473
40.8299125_-73.9278515
40.8299145_-73.9398098
40.8299301_-73.9500061
40.829932_-73.994009
40.8299359_-73.931086
40.829955_-73.9194356
40.829957_-73.929902
40.82998_-73.913988
40.82999_-73.939886
40.8300213_-73.931742
40.830021_-73.975723
40.8300381_-73.9299654
40.8300413_-73.9277312
40.8300459_-73.9719643
40.830047_-73.9365986
40.8300508_-73.934911
40.830053_-73.922413
40.830057_-73.939978
40.8300846_-73.9180616
40.8300992_-73.9499799
40.8301026_-73.9394836
40.8301057_-73.9194737
40.8301148_-73.9353196
40.8301161_-73.9036227
40.8301253_-73.9285932
40.8301428_-73.9395901
40.8301526_-73.9401203
40.8301528_-73.9284865
40.83016_-73.941667
40.8301735_-73.9299018
40.8301823_-73.9283297
40.8301952_-73.9476383
40.8302041_-73.9275906
40.8302135_-73.9476819
40.8302184_-73.935348
40.8302204_-73.9401709
40.830226_-73.90896
40.830244_-73.949688
40.8302517_-73.90904
40.8302554_-73.927696
40.8302582_-73.9283623
40.8302599_-73.9194797
40.830261_-73.914852
40.8302699_-73.9439142
40.8302751_-73.9245101
40.8302751_-73.9478285
40.830292_-73.9402243
40.8302991_-73.9277863
40.8303047_-73.9279256
40.8303114_-73.9278629
40.830312_-73.949951
40.8303217_-73.9318386
40.8303282_-73.9400363
40.8303426_-73.9034525
40.830344_-73.923273
40.830344_-73.97661
40.8303809_-73.9401576
40.8303818_-73.9189156
40.830397_-73.985576
40.8304078_-73.919469
40.8304174_-73.9355011
40.8304255_-73.9244178
40.8304422_-73.9038499
40.8304455_-73.9499248
40.8304587_-73.9362835
40.830458_-73.940346
40.8304676_-73.9232004
40.8304786_-73.9296752
40.83047_-73.909713
40.8304912_-73.9355969
40.8305345_-73.9274764
40.830536_-73.915699
40.8305431_-73.9357084
40.8305674_-73.9194491
40.8305707_-73.9498834
40.830574_-73.930711
40.8306067_-73.9240431
40.830617_-73.987556
40.830625_-73.904506
40.8306276_-73.9349961
40.8306405_-73.9351334
40.8306655_-73.9271602
40.830672_-73.99058
("40.829649_-73.9387119","40.8296535_-73.9482817","40.829671_-73.939674","40.8296851_-73.9280878","40.8296869_-73.921348","40.829686_-73.993558","40.829702_-73.919313","40.8297032_-73.9745745","40.8297217_-73.9311089","40.8297407_-73.9386779","40.8297653_-73.9498862","40.8297728_-73.9718728","40.8297729_-73.9311363","40.829774_-73.939709","40.8297778_-73.9307228","40.829783_-73.924812","40.8297865_-73.9172051","40.8297944_-73.9279642","40.8297_-73.913124","40.8298107_-73.9193772","40.829823_-73.907722","40.8298242_-73.9297911","40.829833_-73.977194","40.829836_-73.9352749","40.8298372_-73.9311378","40.8298373_-73.929807","40.8298396_-73.9350561","40.8298404_-73.9500185","40.8298528_-73.9305519","40.8298552_-73.9397599","40.8298995_-73.9303473","40.8299125_-73.9278515","40.8299145_-73.9398098","40.8299301_-73.9500061","40.829932_-73.994009","40.8299359_-73.931086","40.829955_-73.9194356","40.829957_-73.929902","40.82998_-73.913988","40.82999_-73.939886","40.8300213_-73.931742","40.830021_-73.975723","40.8300381_-73.9299654","40.8300413_-73.9277312","40.8300459_-73.9719643","40.830047_-73.9365986","40.8300508_-73.934911","40.830053_-73.922413","40.830057_-73.939978","40.8300846_-73.9180616","40.8300992_-73.9499799","40.8301026_-73.9394836","40.8301057_-73.9194737","40.8301148_-73.9353196","40.8301161_-73.9036227","40.8301253_-73.9285932","40.8301428_-73.9395901","40.8301526_-73.9401203","40.8301528_-73.9284865","40.83016_-73.941667","40.8301735_-73.9299018","40.8301823_-73.9283297","40.8301952_-73.9476383","40.8302041_-73.9275906","40.8302135_-73.9476819","40.8302184_-73.935348","40.8302204_-73.9401709","40.830226_-73.90896","40.830244_-73.949688","40.8302517_-73.90904","40.8302554_-73.927696","40.8302582_-73.9283623","40.8302599_-73.9194797","40.830261_-73.914852","40.8302699_-73.9439142","40.8302751_-73.9245101","40.8302751_-73.9478285","40.830292_-73.9402243","40.8302991_-73.9277863","40.8303047_-73.9279256","40.8303114_-73.9278629","40.830312_-73.949951","40.8303217_-73.9318386","40.8303282_-73.9400363","40.8303426_-73.9034525","40.830344_-73.923273","40.830344_-73.97661","40.8303809_-73.9401576","40.8303818_-73.9189156","40.830397_-73.985576","40.8304078_-73.919469","40.8304174_-73.9355011","40.8304255_-73.9244178","40.8304422_-73.9038499","40.8304455_-73.9499248","40.8304587_-73.9362835","40.830458_-73.940346","40.8304676_-73.9232004","40.8304786_-73.9296752","40.83047_-73.909713","40.8304912_-73.9355969","40.8305345_-73.9274764","40.830536_-73.915699","40.8305431_-73.9357084","40.8305674_-73.9194491","40.8305707_-73.9498834","40.830574_-73.930711","40.8306067_-73.9240431","40.830617_-73.987556","40.830625_-73.904506","40.8306276_-73.9349961","40.8306405_-73.9351334","40.8306655_-73.9271602","40.830672_-73.99058")
done
126.43user 806.44system 1:15:13elapsed 20%CPU (0avgtext+0avgdata 52000maxresident)k
615864inputs+48outputs (2major+28283minor)pagefaults 0swaps
