40.7593876_-73.9969538
40.7593877_-73.935945
40.7593949_-73.9850691
40.7594029_-73.9372498
40.759402_-73.9580944
40.7594109_-73.9130199
40.7594128_-73.9533211
40.7594164_-73.98317
40.7594258_-73.9197246
40.7594292_-73.9606528
40.7594446_-73.9031274
40.7594453_-73.9130935
40.7594479_-73.9358894
40.759449_-73.9971115
40.7594554_-73.9065425
40.7594571_-73.9852168
40.759458_-73.9606274
40.759469_-73.939994
40.7594753_-73.9850394
40.7594774_-73.9131625
40.7594828_-73.9606065
40.7595011_-73.9872519
40.7595059_-73.9881333
40.7595106_-73.9130212
40.7595162_-73.9516338
40.7595167_-73.9992636
40.7595235_-73.9579844
40.7595246_-73.9045543
40.7595419_-73.9049733
40.7595483_-73.9273468
40.7595568_-73.9618279
40.7595631_-73.9051262
40.7595738_-73.960551
40.7595777_-73.9680243
40.7595804_-73.9582216
40.7595934_-73.9531314
40.7595956_-73.9638941
40.7595964_-73.9582135
40.7596008_-73.9334468
40.7596052_-73.9370559
40.7596078_-73.9054477
40.7596178_-73.9619593
40.7596196_-73.9582074
40.7596258_-73.9064424
40.7596264_-73.9954726
40.7596271_-73.9700795
40.7596362_-73.9639971
40.7596371_-73.972053
40.7596393_-73.9582105
40.7596474_-73.9578683
40.7596522_-73.9206479
40.7596529_-73.9778965
40.759652_-73.9582166
40.7596622_-73.9640809
40.7596656_-73.9272514
40.759667_-73.9582334
40.7596682_-73.958209
40.7596705_-73.9581937
40.759674_-73.9581815
40.7596798_-73.9581647
40.7596852_-73.9679441
40.7596868_-73.9378088
40.759689_-73.9581509
40.7596924_-73.9916025
40.7596927_-73.9205285
40.7596983_-73.9581402
40.7597011_-73.9621309
40.7597053_-73.9514549
40.7597122_-73.9581249
40.7597222_-73.920591
40.7597281_-73.9916837
40.7597285_-73.9722702
40.7597316_-73.9780866
40.7597332_-73.9879676
40.7597355_-73.9319495
40.7597385_-73.9514263
40.7597393_-73.9742235
40.7597437_-73.9063732
40.7597515_-73.957911
40.7597552_-73.9139495
40.759762_-73.94081
40.7597644_-73.9206804
40.7597665_-73.9577323
40.7597729_-73.9514111
40.7597869_-73.9879285
40.7597871_-73.9138304
40.759787_-73.976289
40.7597983_-73.9205291
40.7598041_-73.9275482
40.759805_-73.933246
40.7598077_-73.9597277
40.7598087_-73.9513972
40.7598126_-73.936857
40.7598127_-73.9366708
40.7598185_-73.913898
40.7598233_-73.9062253
40.7598253_-73.9578443
40.7598276_-73.9644722
40.75983_-73.9596526
40.759841_-73.984174
40.7598422_-73.9598215
40.7598474_-73.9063123
40.759847_-73.9878847
40.7598531_-73.9139717
40.7598582_-73.9576102
40.7598598_-73.9513942
40.7598692_-73.952793
40.7598727_-73.9367994
40.7598743_-73.9677354
40.7598774_-73.9960722
40.7598788_-73.9579874
40.7598849_-73.9596445
40.7598898_-73.91384
40.7598902_-73.906404
40.7593876_-73.9969538
40.7593877_-73.935945
40.7593949_-73.9850691
40.7594029_-73.9372498
40.759402_-73.9580944
40.7594109_-73.9130199
40.7594128_-73.9533211
40.7594164_-73.98317
40.7594258_-73.9197246
40.7594292_-73.9606528
40.7594446_-73.9031274
40.7594453_-73.9130935
40.7594479_-73.9358894
40.759449_-73.9971115
40.7594554_-73.9065425
40.7594571_-73.9852168
40.759458_-73.9606274
40.759469_-73.939994
40.7594753_-73.9850394
40.7594774_-73.9131625
40.7594828_-73.9606065
40.7595011_-73.9872519
40.7595059_-73.9881333
40.7595106_-73.9130212
40.7595162_-73.9516338
40.7595167_-73.9992636
40.7595235_-73.9579844
40.7595246_-73.9045543
40.7595419_-73.9049733
40.7595483_-73.9273468
40.7595568_-73.9618279
40.7595631_-73.9051262
40.7595738_-73.960551
40.7595777_-73.9680243
40.7595804_-73.9582216
40.7595934_-73.9531314
40.7595956_-73.9638941
40.7595964_-73.9582135
40.7596008_-73.9334468
40.7596052_-73.9370559
40.7596078_-73.9054477
40.7596178_-73.9619593
40.7596196_-73.9582074
40.7596258_-73.9064424
40.7596264_-73.9954726
40.7596271_-73.9700795
40.7596362_-73.9639971
40.7596371_-73.972053
40.7596393_-73.9582105
40.7596474_-73.9578683
40.7596522_-73.9206479
40.7596529_-73.9778965
40.759652_-73.9582166
40.7596622_-73.9640809
40.7596656_-73.9272514
40.759667_-73.9582334
40.7596682_-73.958209
40.7596705_-73.9581937
40.759674_-73.9581815
40.7596798_-73.9581647
40.7596852_-73.9679441
40.7596868_-73.9378088
40.759689_-73.9581509
40.7596924_-73.9916025
40.7596927_-73.9205285
40.7596983_-73.9581402
40.7597011_-73.9621309
40.7597053_-73.9514549
40.7597122_-73.9581249
40.7597222_-73.920591
40.7597281_-73.9916837
40.7597285_-73.9722702
40.7597316_-73.9780866
40.7597332_-73.9879676
40.7597355_-73.9319495
40.7597385_-73.9514263
40.7597393_-73.9742235
40.7597437_-73.9063732
40.7597515_-73.957911
40.7597552_-73.9139495
40.759762_-73.94081
40.7597644_-73.9206804
40.7597665_-73.9577323
40.7597729_-73.9514111
40.7597869_-73.9879285
40.7597871_-73.9138304
40.759787_-73.976289
40.7597983_-73.9205291
40.7598041_-73.9275482
40.759805_-73.933246
40.7598077_-73.9597277
40.7598087_-73.9513972
40.7598126_-73.936857
40.7598127_-73.9366708
40.7598185_-73.913898
40.7598233_-73.9062253
40.7598253_-73.9578443
40.7598276_-73.9644722
40.75983_-73.9596526
40.759841_-73.984174
40.7598422_-73.9598215
40.7598474_-73.9063123
40.759847_-73.9878847
40.7598531_-73.9139717
40.7598582_-73.9576102
40.7598598_-73.9513942
40.7598692_-73.952793
40.7598727_-73.9367994
40.7598743_-73.9677354
40.7598774_-73.9960722
40.7598788_-73.9579874
40.7598849_-73.9596445
40.7598898_-73.91384
40.7598902_-73.906404
("40.7593876_-73.9969538","40.7593877_-73.935945","40.7593949_-73.9850691","40.7594029_-73.9372498","40.759402_-73.9580944","40.7594109_-73.9130199","40.7594128_-73.9533211","40.7594164_-73.98317","40.7594258_-73.9197246","40.7594292_-73.9606528","40.7594446_-73.9031274","40.7594453_-73.9130935","40.7594479_-73.9358894","40.759449_-73.9971115","40.7594554_-73.9065425","40.7594571_-73.9852168","40.759458_-73.9606274","40.759469_-73.939994","40.7594753_-73.9850394","40.7594774_-73.9131625","40.7594828_-73.9606065","40.7595011_-73.9872519","40.7595059_-73.9881333","40.7595106_-73.9130212","40.7595162_-73.9516338","40.7595167_-73.9992636","40.7595235_-73.9579844","40.7595246_-73.9045543","40.7595419_-73.9049733","40.7595483_-73.9273468","40.7595568_-73.9618279","40.7595631_-73.9051262","40.7595738_-73.960551","40.7595777_-73.9680243","40.7595804_-73.9582216","40.7595934_-73.9531314","40.7595956_-73.9638941","40.7595964_-73.9582135","40.7596008_-73.9334468","40.7596052_-73.9370559","40.7596078_-73.9054477","40.7596178_-73.9619593","40.7596196_-73.9582074","40.7596258_-73.9064424","40.7596264_-73.9954726","40.7596271_-73.9700795","40.7596362_-73.9639971","40.7596371_-73.972053","40.7596393_-73.9582105","40.7596474_-73.9578683","40.7596522_-73.9206479","40.7596529_-73.9778965","40.759652_-73.9582166","40.7596622_-73.9640809","40.7596656_-73.9272514","40.759667_-73.9582334","40.7596682_-73.958209","40.7596705_-73.9581937","40.759674_-73.9581815","40.7596798_-73.9581647","40.7596852_-73.9679441","40.7596868_-73.9378088","40.759689_-73.9581509","40.7596924_-73.9916025","40.7596927_-73.9205285","40.7596983_-73.9581402","40.7597011_-73.9621309","40.7597053_-73.9514549","40.7597122_-73.9581249","40.7597222_-73.920591","40.7597281_-73.9916837","40.7597285_-73.9722702","40.7597316_-73.9780866","40.7597332_-73.9879676","40.7597355_-73.9319495","40.7597385_-73.9514263","40.7597393_-73.9742235","40.7597437_-73.9063732","40.7597515_-73.957911","40.7597552_-73.9139495","40.759762_-73.94081","40.7597644_-73.9206804","40.7597665_-73.9577323","40.7597729_-73.9514111","40.7597869_-73.9879285","40.7597871_-73.9138304","40.759787_-73.976289","40.7597983_-73.9205291","40.7598041_-73.9275482","40.759805_-73.933246","40.7598077_-73.9597277","40.7598087_-73.9513972","40.7598126_-73.936857","40.7598127_-73.9366708","40.7598185_-73.913898","40.7598233_-73.9062253","40.7598253_-73.9578443","40.7598276_-73.9644722","40.75983_-73.9596526","40.759841_-73.984174","40.7598422_-73.9598215","40.7598474_-73.9063123","40.759847_-73.9878847","40.7598531_-73.9139717","40.7598582_-73.9576102","40.7598598_-73.9513942","40.7598692_-73.952793","40.7598727_-73.9367994","40.7598743_-73.9677354","40.7598774_-73.9960722","40.7598788_-73.9579874","40.7598849_-73.9596445","40.7598898_-73.91384","40.7598902_-73.906404")
done
139.15user 813.57system 1:15:36elapsed 21%CPU (0avgtext+0avgdata 79800maxresident)k
364400inputs+97368outputs (53major+40416minor)pagefaults 0swaps
