40.770517_-73.968441
40.770519_-73.919774
40.770521_-73.912893
40.7705233_-73.927307
40.7705276_-73.9940999
40.770529_-73.980112
40.7705332_-74.0153891
40.7705354_-73.9603791
40.770545_-73.932046
40.7705555_-73.9948803
40.770572_-73.907494
40.7705821_-73.9274331
40.7705836_-73.9683937
40.7705876_-73.9942455
40.770593_-73.9787447
40.7706029_-73.9274776
40.7706087_-73.9822655
40.7706234_-73.9434621
40.7706339_-73.9177186
40.7706413_-73.9170491
40.7706552_-73.9180569
40.7706563_-74.0153267
40.7706569_-73.9786675
40.770659_-73.9239186
40.7706681_-73.9944376
40.770681_-74.017134
40.770704_-73.9174285
40.7707052_-73.9709176
40.7707103_-73.9509381
40.77072_-74.017535
40.770732_-73.9785767
40.770733_-73.916189
40.7707408_-73.9138585
40.770744_-73.94276
40.77074_-73.9240193
40.7707623_-73.9569342
40.7707683_-73.9178987
40.7707696_-73.9946797
40.7707801_-73.9799278
40.7707805_-73.9232779
40.7707847_-73.9183035
40.770791_-73.920787
40.7708076_-73.9241032
40.7708124_-73.9784708
40.7708266_-73.9270623
40.7708282_-73.9172832
40.7708285_-73.9948546
40.7708325_-73.9031867
40.7708366_-73.9708282
40.7708488_-73.94713
40.7708534_-74.0150035
40.7708638_-73.9299088
40.7709006_-73.9098041
40.7709098_-73.9431515
40.7709124_-73.9428417
40.7709159_-73.9242377
40.7709413_-73.9472798
40.7709533_-73.9430665
40.7709571_-73.9429651
40.770957_-74.018066
40.7709587_-73.9707116
40.770963_-73.921422
40.7709763_-73.9909131
40.7709764_-73.9782512
40.7709776_-73.9946368
40.7710087_-73.9341538
40.7710102_-73.9250598
40.771012_-73.9186239
40.771014_-73.9187996
40.7710278_-73.9135995
40.7710298_-73.9871515
40.7710299_-73.9536447
40.771029_-73.934246
40.7710455_-73.9636829
40.7710532_-73.9596512
40.7710578_-73.9266439
40.7710594_-73.9096155
40.7710722_-73.9475897
40.7710779_-73.923063
40.7710846_-73.9342267
40.7710852_-73.9187365
40.7710881_-73.9834027
40.7710883_-73.9169545
40.7710893_-73.9082227
40.7710998_-73.9617136
40.7711024_-73.9467405
40.7711087_-73.9157306
40.771117_-74.018411
40.7711192_-73.9468827
40.7711249_-73.918141
40.7711331_-74.016478
40.771136_-73.9268125
40.771144_-73.9639165
40.771147_-73.967994
40.7711535_-73.9947945
40.771156_-73.979652
40.7711595_-73.9177505
40.7711727_-73.9067576
40.7711833_-73.9907703
40.7711972_-73.9168207
40.7711_-73.9659332
40.7712376_-73.9945767
40.7712531_-73.9859388
40.77125_-74.018701
40.7712655_-73.9146271
40.7712727_-73.9465744
40.7712_-73.9703784
40.7713007_-73.9132728
40.7713036_-73.9467068
40.7713195_-73.983235
40.7713227_-73.9622406
40.7713247_-73.9166327
40.7713292_-73.9770802
40.771332_-74.018894
40.770517_-73.968441
40.770519_-73.919774
40.770521_-73.912893
40.7705233_-73.927307
40.7705276_-73.9940999
40.770529_-73.980112
40.7705332_-74.0153891
40.7705354_-73.9603791
40.770545_-73.932046
40.7705555_-73.9948803
40.770572_-73.907494
40.7705821_-73.9274331
40.7705836_-73.9683937
40.7705876_-73.9942455
40.770593_-73.9787447
40.7706029_-73.9274776
40.7706087_-73.9822655
40.7706234_-73.9434621
40.7706339_-73.9177186
40.7706413_-73.9170491
40.7706552_-73.9180569
40.7706563_-74.0153267
40.7706569_-73.9786675
40.770659_-73.9239186
40.7706681_-73.9944376
40.770681_-74.017134
40.770704_-73.9174285
40.7707052_-73.9709176
40.7707103_-73.9509381
40.77072_-74.017535
40.770732_-73.9785767
40.770733_-73.916189
40.7707408_-73.9138585
40.770744_-73.94276
40.77074_-73.9240193
40.7707623_-73.9569342
40.7707683_-73.9178987
40.7707696_-73.9946797
40.7707801_-73.9799278
40.7707805_-73.9232779
40.7707847_-73.9183035
40.770791_-73.920787
40.7708076_-73.9241032
40.7708124_-73.9784708
40.7708266_-73.9270623
40.7708282_-73.9172832
40.7708285_-73.9948546
40.7708325_-73.9031867
40.7708366_-73.9708282
40.7708488_-73.94713
40.7708534_-74.0150035
40.7708638_-73.9299088
40.7709006_-73.9098041
40.7709098_-73.9431515
40.7709124_-73.9428417
40.7709159_-73.9242377
40.7709413_-73.9472798
40.7709533_-73.9430665
40.7709571_-73.9429651
40.770957_-74.018066
40.7709587_-73.9707116
40.770963_-73.921422
40.7709763_-73.9909131
40.7709764_-73.9782512
40.7709776_-73.9946368
40.7710087_-73.9341538
40.7710102_-73.9250598
40.771012_-73.9186239
40.771014_-73.9187996
40.7710278_-73.9135995
40.7710298_-73.9871515
40.7710299_-73.9536447
40.771029_-73.934246
40.7710455_-73.9636829
40.7710532_-73.9596512
40.7710578_-73.9266439
40.7710594_-73.9096155
40.7710722_-73.9475897
40.7710779_-73.923063
40.7710846_-73.9342267
40.7710852_-73.9187365
40.7710881_-73.9834027
40.7710883_-73.9169545
40.7710893_-73.9082227
40.7710998_-73.9617136
40.7711024_-73.9467405
40.7711087_-73.9157306
40.771117_-74.018411
40.7711192_-73.9468827
40.7711249_-73.918141
40.7711331_-74.016478
40.771136_-73.9268125
40.771144_-73.9639165
40.771147_-73.967994
40.7711535_-73.9947945
40.771156_-73.979652
40.7711595_-73.9177505
40.7711727_-73.9067576
40.7711833_-73.9907703
40.7711972_-73.9168207
40.7711_-73.9659332
40.7712376_-73.9945767
40.7712531_-73.9859388
40.77125_-74.018701
40.7712655_-73.9146271
40.7712727_-73.9465744
40.7712_-73.9703784
40.7713007_-73.9132728
40.7713036_-73.9467068
40.7713195_-73.983235
40.7713227_-73.9622406
40.7713247_-73.9166327
40.7713292_-73.9770802
40.771332_-74.018894
("40.770517_-73.968441","40.770519_-73.919774","40.770521_-73.912893","40.7705233_-73.927307","40.7705276_-73.9940999","40.770529_-73.980112","40.7705332_-74.0153891","40.7705354_-73.9603791","40.770545_-73.932046","40.7705555_-73.9948803","40.770572_-73.907494","40.7705821_-73.9274331","40.7705836_-73.9683937","40.7705876_-73.9942455","40.770593_-73.9787447","40.7706029_-73.9274776","40.7706087_-73.9822655","40.7706234_-73.9434621","40.7706339_-73.9177186","40.7706413_-73.9170491","40.7706552_-73.9180569","40.7706563_-74.0153267","40.7706569_-73.9786675","40.770659_-73.9239186","40.7706681_-73.9944376","40.770681_-74.017134","40.770704_-73.9174285","40.7707052_-73.9709176","40.7707103_-73.9509381","40.77072_-74.017535","40.770732_-73.9785767","40.770733_-73.916189","40.7707408_-73.9138585","40.770744_-73.94276","40.77074_-73.9240193","40.7707623_-73.9569342","40.7707683_-73.9178987","40.7707696_-73.9946797","40.7707801_-73.9799278","40.7707805_-73.9232779","40.7707847_-73.9183035","40.770791_-73.920787","40.7708076_-73.9241032","40.7708124_-73.9784708","40.7708266_-73.9270623","40.7708282_-73.9172832","40.7708285_-73.9948546","40.7708325_-73.9031867","40.7708366_-73.9708282","40.7708488_-73.94713","40.7708534_-74.0150035","40.7708638_-73.9299088","40.7709006_-73.9098041","40.7709098_-73.9431515","40.7709124_-73.9428417","40.7709159_-73.9242377","40.7709413_-73.9472798","40.7709533_-73.9430665","40.7709571_-73.9429651","40.770957_-74.018066","40.7709587_-73.9707116","40.770963_-73.921422","40.7709763_-73.9909131","40.7709764_-73.9782512","40.7709776_-73.9946368","40.7710087_-73.9341538","40.7710102_-73.9250598","40.771012_-73.9186239","40.771014_-73.9187996","40.7710278_-73.9135995","40.7710298_-73.9871515","40.7710299_-73.9536447","40.771029_-73.934246","40.7710455_-73.9636829","40.7710532_-73.9596512","40.7710578_-73.9266439","40.7710594_-73.9096155","40.7710722_-73.9475897","40.7710779_-73.923063","40.7710846_-73.9342267","40.7710852_-73.9187365","40.7710881_-73.9834027","40.7710883_-73.9169545","40.7710893_-73.9082227","40.7710998_-73.9617136","40.7711024_-73.9467405","40.7711087_-73.9157306","40.771117_-74.018411","40.7711192_-73.9468827","40.7711249_-73.918141","40.7711331_-74.016478","40.771136_-73.9268125","40.771144_-73.9639165","40.771147_-73.967994","40.7711535_-73.9947945","40.771156_-73.979652","40.7711595_-73.9177505","40.7711727_-73.9067576","40.7711833_-73.9907703","40.7711972_-73.9168207","40.7711_-73.9659332","40.7712376_-73.9945767","40.7712531_-73.9859388","40.77125_-74.018701","40.7712655_-73.9146271","40.7712727_-73.9465744","40.7712_-73.9703784","40.7713007_-73.9132728","40.7713036_-73.9467068","40.7713195_-73.983235","40.7713227_-73.9622406","40.7713247_-73.9166327","40.7713292_-73.9770802","40.771332_-74.018894")
done
133.88user 815.85system 1:15:33elapsed 20%CPU (0avgtext+0avgdata 71316maxresident)k
1347424inputs+65896outputs (42major+37511minor)pagefaults 0swaps
