40.729901_-73.923984
40.729906_-73.988913
40.7299373_-73.9117789
40.7299386_-73.9512738
40.729941_-73.99736
40.7299432_-73.9777307
40.7299673_-73.9906566
40.729978_-73.994064
40.7299849_-73.9876951
40.7299867_-74.0004975
40.729993_-73.903982
40.7299958_-73.9974723
40.7299985_-73.9122942
40.7300067_-73.977725
40.730013_-73.974578
40.7300151_-73.9876009
40.7300191_-73.983536
40.7300365_-73.9875641
40.730036_-73.923926
40.7300426_-73.9910654
40.730058_-73.999367
40.7300646_-73.9836439
40.730064_-73.947427
40.7300663_-73.9875129
40.7300786_-73.9754914
40.730079_-73.992841
40.7300817_-73.972599
40.7300834_-73.9271609
40.730094_-73.9961152
40.730104_-74.005475
40.7301169_-73.9777307
40.7301176_-73.9122413
40.7301219_-73.986561
40.730127_-73.904218
40.7301318_-73.9960167
40.7301334_-73.9894829
40.730155_-73.996063
40.7301598_-73.9725046
40.7301645_-74.0061488
40.7301707_-73.9190324
40.7301812_-73.9116716
40.7301841_-73.92179
40.730197_-73.954245
40.730204_-73.9757955
40.730228_-74.006857
40.7302298_-73.9959983
40.7302415_-73.9512953
40.7302417_-73.9220473
40.7302449_-73.9758708
40.730246_-74.00102
40.7302553_-73.9777545
40.7302555_-73.9980053
40.7302611_-74.0024433
40.730271_-73.953469
40.7302795_-73.9611172
40.7302846_-73.9980722
40.7302931_-73.9759241
40.730293_-73.922294
40.7303004_-73.951479
40.7303068_-73.9542762
40.730321_-74.004688
40.7303233_-73.9981433
40.730324_-73.918975
40.7303374_-74.0024762
40.730343_-74.008207
40.730357_-73.9759743
40.73035_-73.994822
40.730361_-73.9863908
40.7303626_-73.925395
40.7303636_-73.9777884
40.7303659_-74.0023835
40.730365_-73.904023
40.73036_-73.952507
40.7303709_-73.9132738
40.7303741_-73.990074
40.7304002_-73.926553
40.7304039_-73.9542966
40.730428_-73.9803529
40.7304304_-73.9593871
40.7304314_-73.9760059
40.7304319_-74.000122
40.730431_-73.918933
40.730433_-73.959357
40.730434_-74.00907
40.7304409_-73.9140973
40.7304431_-73.9863307
40.730447_-74.004303
40.7304508_-73.9515684
40.7304672_-73.9267003
40.730467_-73.951426
40.7304703_-74.0017487
40.7304774_-73.9778442
40.7304829_-73.9512577
40.730487_-73.9462447
40.7304938_-73.9760158
40.7305228_-74.0018733
40.730542_-73.950649
40.730549_-73.980276
40.730557_-73.9905029
40.7305667_-73.9516373
40.7305689_-74.0104027
40.730572_-73.917607
40.7305734_-73.9760172
40.7305748_-73.9514884
40.730581_-74.001684
40.730589_-73.957711
40.7306011_-73.9923997
40.730601_-73.945319
40.7306079_-73.9779319
40.730615_-73.990646
40.7306184_-73.9988855
40.73061_-73.923713
40.730624_-73.9147703
40.7306534_-73.9830644
40.729901_-73.923984
40.729906_-73.988913
40.7299373_-73.9117789
40.7299386_-73.9512738
40.729941_-73.99736
40.7299432_-73.9777307
40.7299673_-73.9906566
40.729978_-73.994064
40.7299849_-73.9876951
40.7299867_-74.0004975
40.729993_-73.903982
40.7299958_-73.9974723
40.7299985_-73.9122942
40.7300067_-73.977725
40.730013_-73.974578
40.7300151_-73.9876009
40.7300191_-73.983536
40.7300365_-73.9875641
40.730036_-73.923926
40.7300426_-73.9910654
40.730058_-73.999367
40.7300646_-73.9836439
40.730064_-73.947427
40.7300663_-73.9875129
40.7300786_-73.9754914
40.730079_-73.992841
40.7300817_-73.972599
40.7300834_-73.9271609
40.730094_-73.9961152
40.730104_-74.005475
40.7301169_-73.9777307
40.7301176_-73.9122413
40.7301219_-73.986561
40.730127_-73.904218
40.7301318_-73.9960167
40.7301334_-73.9894829
40.730155_-73.996063
40.7301598_-73.9725046
40.7301645_-74.0061488
40.7301707_-73.9190324
40.7301812_-73.9116716
40.7301841_-73.92179
40.730197_-73.954245
40.730204_-73.9757955
40.730228_-74.006857
40.7302298_-73.9959983
40.7302415_-73.9512953
40.7302417_-73.9220473
40.7302449_-73.9758708
40.730246_-74.00102
40.7302553_-73.9777545
40.7302555_-73.9980053
40.7302611_-74.0024433
40.730271_-73.953469
40.7302795_-73.9611172
40.7302846_-73.9980722
40.7302931_-73.9759241
40.730293_-73.922294
40.7303004_-73.951479
40.7303068_-73.9542762
40.730321_-74.004688
40.7303233_-73.9981433
40.730324_-73.918975
40.7303374_-74.0024762
40.730343_-74.008207
40.730357_-73.9759743
40.73035_-73.994822
40.730361_-73.9863908
40.7303626_-73.925395
40.7303636_-73.9777884
40.7303659_-74.0023835
40.730365_-73.904023
40.73036_-73.952507
40.7303709_-73.9132738
40.7303741_-73.990074
40.7304002_-73.926553
40.7304039_-73.9542966
40.730428_-73.9803529
40.7304304_-73.9593871
40.7304314_-73.9760059
40.7304319_-74.000122
40.730431_-73.918933
40.730433_-73.959357
40.730434_-74.00907
40.7304409_-73.9140973
40.7304431_-73.9863307
40.730447_-74.004303
40.7304508_-73.9515684
40.7304672_-73.9267003
40.730467_-73.951426
40.7304703_-74.0017487
40.7304774_-73.9778442
40.7304829_-73.9512577
40.730487_-73.9462447
40.7304938_-73.9760158
40.7305228_-74.0018733
40.730542_-73.950649
40.730549_-73.980276
40.730557_-73.9905029
40.7305667_-73.9516373
40.7305689_-74.0104027
40.730572_-73.917607
40.7305734_-73.9760172
40.7305748_-73.9514884
40.730581_-74.001684
40.730589_-73.957711
40.7306011_-73.9923997
40.730601_-73.945319
40.7306079_-73.9779319
40.730615_-73.990646
40.7306184_-73.9988855
40.73061_-73.923713
40.730624_-73.9147703
40.7306534_-73.9830644
("40.729901_-73.923984","40.729906_-73.988913","40.7299373_-73.9117789","40.7299386_-73.9512738","40.729941_-73.99736","40.7299432_-73.9777307","40.7299673_-73.9906566","40.729978_-73.994064","40.7299849_-73.9876951","40.7299867_-74.0004975","40.729993_-73.903982","40.7299958_-73.9974723","40.7299985_-73.9122942","40.7300067_-73.977725","40.730013_-73.974578","40.7300151_-73.9876009","40.7300191_-73.983536","40.7300365_-73.9875641","40.730036_-73.923926","40.7300426_-73.9910654","40.730058_-73.999367","40.7300646_-73.9836439","40.730064_-73.947427","40.7300663_-73.9875129","40.7300786_-73.9754914","40.730079_-73.992841","40.7300817_-73.972599","40.7300834_-73.9271609","40.730094_-73.9961152","40.730104_-74.005475","40.7301169_-73.9777307","40.7301176_-73.9122413","40.7301219_-73.986561","40.730127_-73.904218","40.7301318_-73.9960167","40.7301334_-73.9894829","40.730155_-73.996063","40.7301598_-73.9725046","40.7301645_-74.0061488","40.7301707_-73.9190324","40.7301812_-73.9116716","40.7301841_-73.92179","40.730197_-73.954245","40.730204_-73.9757955","40.730228_-74.006857","40.7302298_-73.9959983","40.7302415_-73.9512953","40.7302417_-73.9220473","40.7302449_-73.9758708","40.730246_-74.00102","40.7302553_-73.9777545","40.7302555_-73.9980053","40.7302611_-74.0024433","40.730271_-73.953469","40.7302795_-73.9611172","40.7302846_-73.9980722","40.7302931_-73.9759241","40.730293_-73.922294","40.7303004_-73.951479","40.7303068_-73.9542762","40.730321_-74.004688","40.7303233_-73.9981433","40.730324_-73.918975","40.7303374_-74.0024762","40.730343_-74.008207","40.730357_-73.9759743","40.73035_-73.994822","40.730361_-73.9863908","40.7303626_-73.925395","40.7303636_-73.9777884","40.7303659_-74.0023835","40.730365_-73.904023","40.73036_-73.952507","40.7303709_-73.9132738","40.7303741_-73.990074","40.7304002_-73.926553","40.7304039_-73.9542966","40.730428_-73.9803529","40.7304304_-73.9593871","40.7304314_-73.9760059","40.7304319_-74.000122","40.730431_-73.918933","40.730433_-73.959357","40.730434_-74.00907","40.7304409_-73.9140973","40.7304431_-73.9863307","40.730447_-74.004303","40.7304508_-73.9515684","40.7304672_-73.9267003","40.730467_-73.951426","40.7304703_-74.0017487","40.7304774_-73.9778442","40.7304829_-73.9512577","40.730487_-73.9462447","40.7304938_-73.9760158","40.7305228_-74.0018733","40.730542_-73.950649","40.730549_-73.980276","40.730557_-73.9905029","40.7305667_-73.9516373","40.7305689_-74.0104027","40.730572_-73.917607","40.7305734_-73.9760172","40.7305748_-73.9514884","40.730581_-74.001684","40.730589_-73.957711","40.7306011_-73.9923997","40.730601_-73.945319","40.7306079_-73.9779319","40.730615_-73.990646","40.7306184_-73.9988855","40.73061_-73.923713","40.730624_-73.9147703","40.7306534_-73.9830644")
done
142.09user 830.66system 1:11:56elapsed 22%CPU (0avgtext+0avgdata 71184maxresident)k
6266776inputs+65824outputs (44major+37519minor)pagefaults 0swaps
