40.6958885_-73.9804582
40.695892_-73.995547
40.6958952_-73.9733739
40.6958957_-73.9735119
40.6958997_-73.9832003
40.695899_-73.9446707
40.6959019_-73.9742519
40.695921_-73.9346403
40.6959233_-73.9638169
40.6959233_-73.9654605
40.6959236_-73.9841084
40.6959259_-73.9805121
40.6959263_-73.9641321
40.6959307_-73.9046781
40.6959335_-73.9637036
40.6959338_-73.9843465
40.6959387_-73.9810811
40.6959405_-73.9845649
40.695944_-73.9750881
40.6959492_-73.9643681
40.6959497_-73.9805664
40.6959504_-73.9376361
40.6959533_-73.9664207
40.6959621_-73.9806151
40.6959624_-73.9850808
40.6959643_-73.9809501
40.6959781_-73.9808274
40.6959797_-73.9645532
40.69597_-73.913361
40.6959879_-73.9634669
40.6959889_-73.9674114
40.695993_-73.965102
40.6959963_-73.9982308
40.696004_-73.929894
40.6960112_-73.982297
40.6960137_-73.9821753
40.696015_-73.92152
40.6960202_-73.9824683
40.6960227_-73.9820537
40.6960275_-73.9684038
40.6960309_-73.9826249
40.6960311_-73.9435254
40.6960382_-73.9871077
40.6960418_-73.9648566
40.6960436_-73.9763864
40.6960499_-73.9630384
40.696051_-73.9819015
40.6960641_-73.9694016
40.6960669_-73.9830328
40.6960737_-73.9831975
40.6960885_-73.9817653
40.6960931_-73.9626408
40.696094_-73.9885539
40.696098_-73.9886937
40.6961018_-73.9704276
40.6961025_-73.9888587
40.6961034_-73.9773351
40.6961066_-73.9889604
40.6961067_-73.9806027
40.6961133_-73.9841339
40.696121_-73.949356
40.6961229_-73.9915669
40.696125_-73.994552
40.6961261_-73.9050249
40.6961273_-73.9844509
40.6961311_-73.9783496
40.696131_-73.996413
40.6961333_-73.9645549
40.6961343_-73.978586
40.6961392_-73.9789129
40.69613_-73.9846747
40.6961401_-73.9900682
40.6961414_-73.9714575
40.696142_-73.92725
40.6961555_-73.9803345
40.6961595_-73.9794815
40.6961646_-73.9914998
40.6961701_-73.9800774
40.6961801_-73.972466
40.696184_-73.933828
40.6961879_-73.9913637
40.6961937_-73.9911662
40.696207_-73.961586
40.696208_-73.917818
40.6962116_-73.9643219
40.6962217_-73.9734531
40.696222_-73.998104
40.6962386_-73.9870988
40.6962513_-73.9822861
40.696254_-73.930348
40.6962594_-73.9744442
40.6962655_-73.9095565
40.6962868_-73.9347134
40.6962939_-73.9754379
40.6962943_-73.9885461
40.696296_-73.9798443
40.6962995_-73.9886816
40.696306_-73.9888514
40.696311_-73.997078
40.6963127_-73.9641026
40.69631_-73.9889551
40.6963263_-73.990028
40.69632_-73.960621
40.6963316_-73.9616096
40.696337_-73.9305
40.6963387_-73.9764371
40.6963432_-73.9053964
40.6963449_-73.9341373
40.6963456_-73.9885434
40.6963508_-73.9886783
40.6963537_-73.9407073
40.6963588_-73.9888532
40.6963595_-73.9795344
40.6963609_-73.9889554
40.6958885_-73.9804582
40.695892_-73.995547
40.6958952_-73.9733739
40.6958957_-73.9735119
40.6958997_-73.9832003
40.695899_-73.9446707
40.6959019_-73.9742519
40.695921_-73.9346403
40.6959233_-73.9638169
40.6959233_-73.9654605
40.6959236_-73.9841084
40.6959259_-73.9805121
40.6959263_-73.9641321
40.6959307_-73.9046781
40.6959335_-73.9637036
40.6959338_-73.9843465
40.6959387_-73.9810811
40.6959405_-73.9845649
40.695944_-73.9750881
40.6959492_-73.9643681
40.6959497_-73.9805664
40.6959504_-73.9376361
40.6959533_-73.9664207
40.6959621_-73.9806151
40.6959624_-73.9850808
40.6959643_-73.9809501
40.6959781_-73.9808274
40.6959797_-73.9645532
40.69597_-73.913361
40.6959879_-73.9634669
40.6959889_-73.9674114
40.695993_-73.965102
40.6959963_-73.9982308
40.696004_-73.929894
40.6960112_-73.982297
40.6960137_-73.9821753
40.696015_-73.92152
40.6960202_-73.9824683
40.6960227_-73.9820537
40.6960275_-73.9684038
40.6960309_-73.9826249
40.6960311_-73.9435254
40.6960382_-73.9871077
40.6960418_-73.9648566
40.6960436_-73.9763864
40.6960499_-73.9630384
40.696051_-73.9819015
40.6960641_-73.9694016
40.6960669_-73.9830328
40.6960737_-73.9831975
40.6960885_-73.9817653
40.6960931_-73.9626408
40.696094_-73.9885539
40.696098_-73.9886937
40.6961018_-73.9704276
40.6961025_-73.9888587
40.6961034_-73.9773351
40.6961066_-73.9889604
40.6961067_-73.9806027
40.6961133_-73.9841339
40.696121_-73.949356
40.6961229_-73.9915669
40.696125_-73.994552
40.6961261_-73.9050249
40.6961273_-73.9844509
40.6961311_-73.9783496
40.696131_-73.996413
40.6961333_-73.9645549
40.6961343_-73.978586
40.6961392_-73.9789129
40.69613_-73.9846747
40.6961401_-73.9900682
40.6961414_-73.9714575
40.696142_-73.92725
40.6961555_-73.9803345
40.6961595_-73.9794815
40.6961646_-73.9914998
40.6961701_-73.9800774
40.6961801_-73.972466
40.696184_-73.933828
40.6961879_-73.9913637
40.6961937_-73.9911662
40.696207_-73.961586
40.696208_-73.917818
40.6962116_-73.9643219
40.6962217_-73.9734531
40.696222_-73.998104
40.6962386_-73.9870988
40.6962513_-73.9822861
40.696254_-73.930348
40.6962594_-73.9744442
40.6962655_-73.9095565
40.6962868_-73.9347134
40.6962939_-73.9754379
40.6962943_-73.9885461
40.696296_-73.9798443
40.6962995_-73.9886816
40.696306_-73.9888514
40.696311_-73.997078
40.6963127_-73.9641026
40.69631_-73.9889551
40.6963263_-73.990028
40.69632_-73.960621
40.6963316_-73.9616096
40.696337_-73.9305
40.6963387_-73.9764371
40.6963432_-73.9053964
40.6963449_-73.9341373
40.6963456_-73.9885434
40.6963508_-73.9886783
40.6963537_-73.9407073
40.6963588_-73.9888532
40.6963595_-73.9795344
40.6963609_-73.9889554
("40.6958885_-73.9804582","40.695892_-73.995547","40.6958952_-73.9733739","40.6958957_-73.9735119","40.6958997_-73.9832003","40.695899_-73.9446707","40.6959019_-73.9742519","40.695921_-73.9346403","40.6959233_-73.9638169","40.6959233_-73.9654605","40.6959236_-73.9841084","40.6959259_-73.9805121","40.6959263_-73.9641321","40.6959307_-73.9046781","40.6959335_-73.9637036","40.6959338_-73.9843465","40.6959387_-73.9810811","40.6959405_-73.9845649","40.695944_-73.9750881","40.6959492_-73.9643681","40.6959497_-73.9805664","40.6959504_-73.9376361","40.6959533_-73.9664207","40.6959621_-73.9806151","40.6959624_-73.9850808","40.6959643_-73.9809501","40.6959781_-73.9808274","40.6959797_-73.9645532","40.69597_-73.913361","40.6959879_-73.9634669","40.6959889_-73.9674114","40.695993_-73.965102","40.6959963_-73.9982308","40.696004_-73.929894","40.6960112_-73.982297","40.6960137_-73.9821753","40.696015_-73.92152","40.6960202_-73.9824683","40.6960227_-73.9820537","40.6960275_-73.9684038","40.6960309_-73.9826249","40.6960311_-73.9435254","40.6960382_-73.9871077","40.6960418_-73.9648566","40.6960436_-73.9763864","40.6960499_-73.9630384","40.696051_-73.9819015","40.6960641_-73.9694016","40.6960669_-73.9830328","40.6960737_-73.9831975","40.6960885_-73.9817653","40.6960931_-73.9626408","40.696094_-73.9885539","40.696098_-73.9886937","40.6961018_-73.9704276","40.6961025_-73.9888587","40.6961034_-73.9773351","40.6961066_-73.9889604","40.6961067_-73.9806027","40.6961133_-73.9841339","40.696121_-73.949356","40.6961229_-73.9915669","40.696125_-73.994552","40.6961261_-73.9050249","40.6961273_-73.9844509","40.6961311_-73.9783496","40.696131_-73.996413","40.6961333_-73.9645549","40.6961343_-73.978586","40.6961392_-73.9789129","40.69613_-73.9846747","40.6961401_-73.9900682","40.6961414_-73.9714575","40.696142_-73.92725","40.6961555_-73.9803345","40.6961595_-73.9794815","40.6961646_-73.9914998","40.6961701_-73.9800774","40.6961801_-73.972466","40.696184_-73.933828","40.6961879_-73.9913637","40.6961937_-73.9911662","40.696207_-73.961586","40.696208_-73.917818","40.6962116_-73.9643219","40.6962217_-73.9734531","40.696222_-73.998104","40.6962386_-73.9870988","40.6962513_-73.9822861","40.696254_-73.930348","40.6962594_-73.9744442","40.6962655_-73.9095565","40.6962868_-73.9347134","40.6962939_-73.9754379","40.6962943_-73.9885461","40.696296_-73.9798443","40.6962995_-73.9886816","40.696306_-73.9888514","40.696311_-73.997078","40.6963127_-73.9641026","40.69631_-73.9889551","40.6963263_-73.990028","40.69632_-73.960621","40.6963316_-73.9616096","40.696337_-73.9305","40.6963387_-73.9764371","40.6963432_-73.9053964","40.6963449_-73.9341373","40.6963456_-73.9885434","40.6963508_-73.9886783","40.6963537_-73.9407073","40.6963588_-73.9888532","40.6963595_-73.9795344","40.6963609_-73.9889554")
done
145.08user 801.41system 1:14:08elapsed 21%CPU (0avgtext+0avgdata 52568maxresident)k
503568inputs+48outputs (3major+28421minor)pagefaults 0swaps
