40.854747_-73.979176
40.8547654_-73.9112713
40.854765_-73.907648
40.8547673_-73.9110218
40.8547849_-73.9168603
40.8548129_-73.9313354
40.854822_-73.911196
40.85482_-73.9683997
40.8548653_-73.9360658
40.8548675_-73.9113619
40.854889_-73.9359495
40.8548945_-73.9111271
40.854908_-73.929644
40.8549175_-73.9360462
40.8549316_-73.925897
40.8549578_-73.9167587
40.85496_-73.9663317
40.8549708_-73.9170314
40.854974_-73.903951
40.854976_-73.927781
40.8549881_-73.9360183
40.85498_-73.939311
40.8549928_-73.9690484
40.8550439_-73.9398929
40.8550802_-73.9676226
40.8550968_-73.9681485
40.8551001_-73.9672892
40.8551077_-73.9369012
40.8551328_-73.9320388
40.8551435_-73.9083615
40.8551562_-73.9675777
40.855157_-73.932092
40.8551586_-73.9231428
40.8551888_-73.9359256
40.8551927_-73.9128098
40.8552126_-73.9397642
40.8552283_-73.9126783
40.8552382_-73.9678698
40.8552453_-73.9368581
40.855251_-73.912761
40.855256_-73.9293871
40.8552683_-73.9107715
40.8552_-73.909461
40.8553123_-73.9127103
40.8553164_-73.9358584
40.855321_-73.9293417
40.855326_-73.977338
40.855335_-73.933312
40.8553664_-73.9376583
40.85537_-73.904727
40.8553884_-73.9683017
40.8553921_-73.9377353
40.8554029_-73.9378027
40.8554053_-73.9230227
40.8554227_-73.9308767
40.8554228_-73.9378715
40.8554521_-73.9367787
40.8554548_-73.9167753
40.8554563_-73.9713662
40.8554719_-73.9380214
40.8555068_-73.9704369
40.8555069_-73.9357526
40.8555235_-73.9164775
40.8555496_-73.929178
40.85554_-73.914122
40.8555599_-73.9367345
40.8555682_-73.9342007
40.8555768_-73.9378505
40.855581_-73.934266
40.8555874_-73.9701288
40.855598_-73.927319
40.8556021_-73.9732025
40.8556043_-73.9379223
40.8556192_-73.9356813
40.8556244_-73.9317441
40.8556376_-73.9274138
40.8556593_-73.9366915
40.8556624_-73.9168307
40.855701_-73.914938
40.8557219_-73.9356073
40.855729_-73.910413
40.855753_-73.969964
40.855755_-73.931655
40.8557755_-73.9366171
40.855787_-73.90557
40.8558338_-73.9230398
40.855855_-73.962628
40.8558609_-73.9330639
40.855866_-73.911167
40.85586_-73.915711
40.855888_-73.904305
40.855905_-73.938616
40.8559077_-73.9172134
40.8559112_-73.9076662
40.855928_-73.9354612
40.8559729_-73.9251361
40.856014_-73.91213
40.856077_-73.9304068
40.856106_-73.906451
40.8561453_-73.9096396
40.8561496_-73.9074725
40.856182_-73.928716
40.856196_-73.9727553
40.856204_-73.905222
40.85623_-73.926863
40.85626_-73.988633
40.8562808_-73.9139115
40.8563611_-73.9248524
40.856363_-73.985118
40.856404_-73.907299
40.8564056_-73.9050602
40.8564154_-73.9301136
40.8564277_-73.9327965
40.8564552_-73.9267398
40.854747_-73.979176
40.8547654_-73.9112713
40.854765_-73.907648
40.8547673_-73.9110218
40.8547849_-73.9168603
40.8548129_-73.9313354
40.854822_-73.911196
40.85482_-73.9683997
40.8548653_-73.9360658
40.8548675_-73.9113619
40.854889_-73.9359495
40.8548945_-73.9111271
40.854908_-73.929644
40.8549175_-73.9360462
40.8549316_-73.925897
40.8549578_-73.9167587
40.85496_-73.9663317
40.8549708_-73.9170314
40.854974_-73.903951
40.854976_-73.927781
40.8549881_-73.9360183
40.85498_-73.939311
40.8549928_-73.9690484
40.8550439_-73.9398929
40.8550802_-73.9676226
40.8550968_-73.9681485
40.8551001_-73.9672892
40.8551077_-73.9369012
40.8551328_-73.9320388
40.8551435_-73.9083615
40.8551562_-73.9675777
40.855157_-73.932092
40.8551586_-73.9231428
40.8551888_-73.9359256
40.8551927_-73.9128098
40.8552126_-73.9397642
40.8552283_-73.9126783
40.8552382_-73.9678698
40.8552453_-73.9368581
40.855251_-73.912761
40.855256_-73.9293871
40.8552683_-73.9107715
40.8552_-73.909461
40.8553123_-73.9127103
40.8553164_-73.9358584
40.855321_-73.9293417
40.855326_-73.977338
40.855335_-73.933312
40.8553664_-73.9376583
40.85537_-73.904727
40.8553884_-73.9683017
40.8553921_-73.9377353
40.8554029_-73.9378027
40.8554053_-73.9230227
40.8554227_-73.9308767
40.8554228_-73.9378715
40.8554521_-73.9367787
40.8554548_-73.9167753
40.8554563_-73.9713662
40.8554719_-73.9380214
40.8555068_-73.9704369
40.8555069_-73.9357526
40.8555235_-73.9164775
40.8555496_-73.929178
40.85554_-73.914122
40.8555599_-73.9367345
40.8555682_-73.9342007
40.8555768_-73.9378505
40.855581_-73.934266
40.8555874_-73.9701288
40.855598_-73.927319
40.8556021_-73.9732025
40.8556043_-73.9379223
40.8556192_-73.9356813
40.8556244_-73.9317441
40.8556376_-73.9274138
40.8556593_-73.9366915
40.8556624_-73.9168307
40.855701_-73.914938
40.8557219_-73.9356073
40.855729_-73.910413
40.855753_-73.969964
40.855755_-73.931655
40.8557755_-73.9366171
40.855787_-73.90557
40.8558338_-73.9230398
40.855855_-73.962628
40.8558609_-73.9330639
40.855866_-73.911167
40.85586_-73.915711
40.855888_-73.904305
40.855905_-73.938616
40.8559077_-73.9172134
40.8559112_-73.9076662
40.855928_-73.9354612
40.8559729_-73.9251361
40.856014_-73.91213
40.856077_-73.9304068
40.856106_-73.906451
40.8561453_-73.9096396
40.8561496_-73.9074725
40.856182_-73.928716
40.856196_-73.9727553
40.856204_-73.905222
40.85623_-73.926863
40.85626_-73.988633
40.8562808_-73.9139115
40.8563611_-73.9248524
40.856363_-73.985118
40.856404_-73.907299
40.8564056_-73.9050602
40.8564154_-73.9301136
40.8564277_-73.9327965
40.8564552_-73.9267398
("40.854747_-73.979176","40.8547654_-73.9112713","40.854765_-73.907648","40.8547673_-73.9110218","40.8547849_-73.9168603","40.8548129_-73.9313354","40.854822_-73.911196","40.85482_-73.9683997","40.8548653_-73.9360658","40.8548675_-73.9113619","40.854889_-73.9359495","40.8548945_-73.9111271","40.854908_-73.929644","40.8549175_-73.9360462","40.8549316_-73.925897","40.8549578_-73.9167587","40.85496_-73.9663317","40.8549708_-73.9170314","40.854974_-73.903951","40.854976_-73.927781","40.8549881_-73.9360183","40.85498_-73.939311","40.8549928_-73.9690484","40.8550439_-73.9398929","40.8550802_-73.9676226","40.8550968_-73.9681485","40.8551001_-73.9672892","40.8551077_-73.9369012","40.8551328_-73.9320388","40.8551435_-73.9083615","40.8551562_-73.9675777","40.855157_-73.932092","40.8551586_-73.9231428","40.8551888_-73.9359256","40.8551927_-73.9128098","40.8552126_-73.9397642","40.8552283_-73.9126783","40.8552382_-73.9678698","40.8552453_-73.9368581","40.855251_-73.912761","40.855256_-73.9293871","40.8552683_-73.9107715","40.8552_-73.909461","40.8553123_-73.9127103","40.8553164_-73.9358584","40.855321_-73.9293417","40.855326_-73.977338","40.855335_-73.933312","40.8553664_-73.9376583","40.85537_-73.904727","40.8553884_-73.9683017","40.8553921_-73.9377353","40.8554029_-73.9378027","40.8554053_-73.9230227","40.8554227_-73.9308767","40.8554228_-73.9378715","40.8554521_-73.9367787","40.8554548_-73.9167753","40.8554563_-73.9713662","40.8554719_-73.9380214","40.8555068_-73.9704369","40.8555069_-73.9357526","40.8555235_-73.9164775","40.8555496_-73.929178","40.85554_-73.914122","40.8555599_-73.9367345","40.8555682_-73.9342007","40.8555768_-73.9378505","40.855581_-73.934266","40.8555874_-73.9701288","40.855598_-73.927319","40.8556021_-73.9732025","40.8556043_-73.9379223","40.8556192_-73.9356813","40.8556244_-73.9317441","40.8556376_-73.9274138","40.8556593_-73.9366915","40.8556624_-73.9168307","40.855701_-73.914938","40.8557219_-73.9356073","40.855729_-73.910413","40.855753_-73.969964","40.855755_-73.931655","40.8557755_-73.9366171","40.855787_-73.90557","40.8558338_-73.9230398","40.855855_-73.962628","40.8558609_-73.9330639","40.855866_-73.911167","40.85586_-73.915711","40.855888_-73.904305","40.855905_-73.938616","40.8559077_-73.9172134","40.8559112_-73.9076662","40.855928_-73.9354612","40.8559729_-73.9251361","40.856014_-73.91213","40.856077_-73.9304068","40.856106_-73.906451","40.8561453_-73.9096396","40.8561496_-73.9074725","40.856182_-73.928716","40.856196_-73.9727553","40.856204_-73.905222","40.85623_-73.926863","40.85626_-73.988633","40.8562808_-73.9139115","40.8563611_-73.9248524","40.856363_-73.985118","40.856404_-73.907299","40.8564056_-73.9050602","40.8564154_-73.9301136","40.8564277_-73.9327965","40.8564552_-73.9267398")
done
121.69user 823.86system 1:14:18elapsed 21%CPU (0avgtext+0avgdata 51824maxresident)k
708272inputs+48outputs (2major+28235minor)pagefaults 0swaps
