40.7567529_-73.9556941
40.7567585_-73.9142901
40.7567609_-73.9208172
40.7567669_-73.9946729
40.756766_-73.967152
40.75676_-73.9951005
40.7567712_-73.9827118
40.7568001_-73.9141432
40.756809_-73.9055081
40.7568425_-73.9106951
40.756875_-73.94435
40.7568818_-73.9347173
40.7568924_-73.9530611
40.7568949_-73.9078723
40.7568997_-73.9345527
40.7569031_-73.9306235
40.7569057_-73.9073568
40.7569121_-74.0047033
40.7569264_-73.9304869
40.7569265_-73.9599654
40.7569351_-73.9600592
40.7569387_-73.9261624
40.7569525_-73.9554894
40.756953_-73.9346492
40.7569542_-74.0048039
40.7569544_-73.9951052
40.7569551_-73.9953339
40.7569633_-73.910697
40.7569662_-73.9305722
40.7569681_-73.9076089
40.7569727_-73.9077104
40.7569738_-73.9260325
40.7569769_-73.9812777
40.7569838_-73.9074515
40.7569853_-73.9530376
40.7569906_-73.934719
40.7569917_-73.907372
40.7569966_-73.9078346
40.7569985_-73.9306414
40.7570007_-73.9072822
40.7570052_-73.90724
40.7570079_-73.9638711
40.7570081_-73.9261059
40.7570148_-73.9345899
40.757021_-73.9070806
40.7570259_-73.9990694
40.757031_-73.938119
40.7570352_-73.9150612
40.757039_-73.9079266
40.7570407_-73.9305116
40.7570426_-73.9261798
40.7570497_-74.0050212
40.7570533_-73.9216545
40.7570603_-73.9599492
40.7570695_-73.9149393
40.7570726_-73.9369015
40.7570729_-73.9530673
40.7570731_-73.9698501
40.7570735_-73.9308021
40.7570786_-73.9128262
40.7570804_-73.9260471
40.757082_-73.906468
40.7570856_-74.0010791
40.7570894_-73.9073896
40.7571019_-73.9150068
40.7571025_-73.9077828
40.7571058_-73.9934696
40.7571085_-73.9062219
40.7571105_-73.9973071
40.7571231_-73.9465552
40.7571246_-73.9719073
40.7571253_-73.9553622
40.7571333_-73.9970778
40.7571371_-73.9150856
40.757137_-73.9738864
40.7571432_-73.9955409
40.7571481_-73.9961144
40.7571542_-73.9935803
40.7571768_-73.9149462
40.7571786_-73.9532416
40.757178_-73.905575
40.757197_-73.960279
40.7572021_-73.9994854
40.7572036_-73.9053333
40.7572044_-73.997401
40.7572059_-73.90827
40.7572137_-73.95982
40.7572226_-73.9740875
40.757232_-73.976045
40.7572335_-73.9897914
40.7572547_-73.997557
40.757255_-73.904847
40.7572592_-73.9858201
40.7572651_-73.9314008
40.757284_-73.978116
40.7572936_-73.9084643
40.7572994_-73.9312861
40.7573016_-73.9302976
40.7573118_-73.9977077
40.7573173_-73.9269612
40.7573222_-73.9723677
40.7573288_-73.931349
40.7573308_-73.9536182
40.757338_-73.9355169
40.75733_-73.945067
40.7573404_-73.986013
40.7573431_-73.9268238
40.757364_-73.960671
40.757368_-73.9225061
40.7573696_-73.9314364
40.757377_-73.903678
40.757381_-73.966702
40.7573825_-73.9269082
40.7573902_-73.9822537
40.7567529_-73.9556941
40.7567585_-73.9142901
40.7567609_-73.9208172
40.7567669_-73.9946729
40.756766_-73.967152
40.75676_-73.9951005
40.7567712_-73.9827118
40.7568001_-73.9141432
40.756809_-73.9055081
40.7568425_-73.9106951
40.756875_-73.94435
40.7568818_-73.9347173
40.7568924_-73.9530611
40.7568949_-73.9078723
40.7568997_-73.9345527
40.7569031_-73.9306235
40.7569057_-73.9073568
40.7569121_-74.0047033
40.7569264_-73.9304869
40.7569265_-73.9599654
40.7569351_-73.9600592
40.7569387_-73.9261624
40.7569525_-73.9554894
40.756953_-73.9346492
40.7569542_-74.0048039
40.7569544_-73.9951052
40.7569551_-73.9953339
40.7569633_-73.910697
40.7569662_-73.9305722
40.7569681_-73.9076089
40.7569727_-73.9077104
40.7569738_-73.9260325
40.7569769_-73.9812777
40.7569838_-73.9074515
40.7569853_-73.9530376
40.7569906_-73.934719
40.7569917_-73.907372
40.7569966_-73.9078346
40.7569985_-73.9306414
40.7570007_-73.9072822
40.7570052_-73.90724
40.7570079_-73.9638711
40.7570081_-73.9261059
40.7570148_-73.9345899
40.757021_-73.9070806
40.7570259_-73.9990694
40.757031_-73.938119
40.7570352_-73.9150612
40.757039_-73.9079266
40.7570407_-73.9305116
40.7570426_-73.9261798
40.7570497_-74.0050212
40.7570533_-73.9216545
40.7570603_-73.9599492
40.7570695_-73.9149393
40.7570726_-73.9369015
40.7570729_-73.9530673
40.7570731_-73.9698501
40.7570735_-73.9308021
40.7570786_-73.9128262
40.7570804_-73.9260471
40.757082_-73.906468
40.7570856_-74.0010791
40.7570894_-73.9073896
40.7571019_-73.9150068
40.7571025_-73.9077828
40.7571058_-73.9934696
40.7571085_-73.9062219
40.7571105_-73.9973071
40.7571231_-73.9465552
40.7571246_-73.9719073
40.7571253_-73.9553622
40.7571333_-73.9970778
40.7571371_-73.9150856
40.757137_-73.9738864
40.7571432_-73.9955409
40.7571481_-73.9961144
40.7571542_-73.9935803
40.7571768_-73.9149462
40.7571786_-73.9532416
40.757178_-73.905575
40.757197_-73.960279
40.7572021_-73.9994854
40.7572036_-73.9053333
40.7572044_-73.997401
40.7572059_-73.90827
40.7572137_-73.95982
40.7572226_-73.9740875
40.757232_-73.976045
40.7572335_-73.9897914
40.7572547_-73.997557
40.757255_-73.904847
40.7572592_-73.9858201
40.7572651_-73.9314008
40.757284_-73.978116
40.7572936_-73.9084643
40.7572994_-73.9312861
40.7573016_-73.9302976
40.7573118_-73.9977077
40.7573173_-73.9269612
40.7573222_-73.9723677
40.7573288_-73.931349
40.7573308_-73.9536182
40.757338_-73.9355169
40.75733_-73.945067
40.7573404_-73.986013
40.7573431_-73.9268238
40.757364_-73.960671
40.757368_-73.9225061
40.7573696_-73.9314364
40.757377_-73.903678
40.757381_-73.966702
40.7573825_-73.9269082
40.7573902_-73.9822537
("40.7567529_-73.9556941","40.7567585_-73.9142901","40.7567609_-73.9208172","40.7567669_-73.9946729","40.756766_-73.967152","40.75676_-73.9951005","40.7567712_-73.9827118","40.7568001_-73.9141432","40.756809_-73.9055081","40.7568425_-73.9106951","40.756875_-73.94435","40.7568818_-73.9347173","40.7568924_-73.9530611","40.7568949_-73.9078723","40.7568997_-73.9345527","40.7569031_-73.9306235","40.7569057_-73.9073568","40.7569121_-74.0047033","40.7569264_-73.9304869","40.7569265_-73.9599654","40.7569351_-73.9600592","40.7569387_-73.9261624","40.7569525_-73.9554894","40.756953_-73.9346492","40.7569542_-74.0048039","40.7569544_-73.9951052","40.7569551_-73.9953339","40.7569633_-73.910697","40.7569662_-73.9305722","40.7569681_-73.9076089","40.7569727_-73.9077104","40.7569738_-73.9260325","40.7569769_-73.9812777","40.7569838_-73.9074515","40.7569853_-73.9530376","40.7569906_-73.934719","40.7569917_-73.907372","40.7569966_-73.9078346","40.7569985_-73.9306414","40.7570007_-73.9072822","40.7570052_-73.90724","40.7570079_-73.9638711","40.7570081_-73.9261059","40.7570148_-73.9345899","40.757021_-73.9070806","40.7570259_-73.9990694","40.757031_-73.938119","40.7570352_-73.9150612","40.757039_-73.9079266","40.7570407_-73.9305116","40.7570426_-73.9261798","40.7570497_-74.0050212","40.7570533_-73.9216545","40.7570603_-73.9599492","40.7570695_-73.9149393","40.7570726_-73.9369015","40.7570729_-73.9530673","40.7570731_-73.9698501","40.7570735_-73.9308021","40.7570786_-73.9128262","40.7570804_-73.9260471","40.757082_-73.906468","40.7570856_-74.0010791","40.7570894_-73.9073896","40.7571019_-73.9150068","40.7571025_-73.9077828","40.7571058_-73.9934696","40.7571085_-73.9062219","40.7571105_-73.9973071","40.7571231_-73.9465552","40.7571246_-73.9719073","40.7571253_-73.9553622","40.7571333_-73.9970778","40.7571371_-73.9150856","40.757137_-73.9738864","40.7571432_-73.9955409","40.7571481_-73.9961144","40.7571542_-73.9935803","40.7571768_-73.9149462","40.7571786_-73.9532416","40.757178_-73.905575","40.757197_-73.960279","40.7572021_-73.9994854","40.7572036_-73.9053333","40.7572044_-73.997401","40.7572059_-73.90827","40.7572137_-73.95982","40.7572226_-73.9740875","40.757232_-73.976045","40.7572335_-73.9897914","40.7572547_-73.997557","40.757255_-73.904847","40.7572592_-73.9858201","40.7572651_-73.9314008","40.757284_-73.978116","40.7572936_-73.9084643","40.7572994_-73.9312861","40.7573016_-73.9302976","40.7573118_-73.9977077","40.7573173_-73.9269612","40.7573222_-73.9723677","40.7573288_-73.931349","40.7573308_-73.9536182","40.757338_-73.9355169","40.75733_-73.945067","40.7573404_-73.986013","40.7573431_-73.9268238","40.757364_-73.960671","40.757368_-73.9225061","40.7573696_-73.9314364","40.757377_-73.903678","40.757381_-73.966702","40.7573825_-73.9269082","40.7573902_-73.9822537")
done
142.98user 803.18system 1:15:28elapsed 20%CPU (0avgtext+0avgdata 93416maxresident)k
1023208inputs+148120outputs (105major+46722minor)pagefaults 0swaps
