40.7846259_-73.9420441
40.784626_-73.916474
40.7846468_-73.9418357
40.7846518_-73.9420815
40.7846521_-73.9675076
40.7846666_-73.9560335
40.784669_-73.9421157
40.784671_-73.9540727
40.784698_-74.014503
40.784708_-73.9415162
40.7847113_-73.9676154
40.7847179_-73.9580958
40.7847187_-73.9164158
40.7847294_-73.9266266
40.784734_-73.9461128
40.7847591_-73.96712
40.7847631_-73.9677217
40.784806_-73.9281151
40.7848184_-73.9678479
40.7848338_-73.9140432
40.7848429_-73.9679093
40.7848529_-73.9412275
40.7848635_-73.9679674
40.7848835_-73.9680289
40.7848976_-73.9507864
40.7849061_-73.9845174
40.7849091_-73.9670917
40.7849168_-73.9681689
40.7849312_-73.9412701
40.7849375_-73.946598
40.784945_-73.9408028
40.78495_-74.009823
40.7849666_-73.9138875
40.7849758_-73.9826602
40.784975_-73.9285376
40.784994_-74.008124
40.7850023_-73.968533
40.7850142_-73.9351267
40.7850276_-73.9686376
40.7850311_-73.9806779
40.7850325_-73.9827898
40.7850346_-73.9138078
40.7850431_-73.928678
40.7850526_-73.9687338
40.785061_-73.9348479
40.7850704_-73.9410494
40.7850725_-73.9410844
40.7850739_-73.9410236
40.7850802_-73.9410014
40.7850816_-73.9411204
40.7850839_-73.9688366
40.7850871_-73.9161733
40.7850879_-73.941137
40.7850879_-73.9769058
40.7850883_-73.9409807
40.7850896_-73.9842284
40.7850959_-73.9411601
40.785098_-74.019137
40.7850995_-73.934827
40.785101_-74.017084
40.7851112_-73.9470151
40.785114_-73.9689251
40.785115_-73.9671292
40.7851213_-73.9288108
40.785123_-73.9789382
40.7851382_-73.9730765
40.7851447_-73.9404038
40.785155_-73.9690321
40.785155_-74.018031
40.7851578_-73.9406153
40.7851655_-73.9731396
40.7851721_-73.9433191
40.7851747_-73.9514388
40.78517_-74.012036
40.7851868_-73.9305736
40.7851883_-73.9533644
40.785194_-73.9493307
40.7852008_-73.9791229
40.7852017_-73.9403028
40.7852046_-73.9289234
40.7852049_-73.9350665
40.7852073_-73.9348669
40.785212_-74.008547
40.7852205_-73.9691887
40.7852274_-73.9350228
40.7852549_-73.9402185
40.7852683_-74.0060789
40.785269_-74.0061379
40.785275_-74.014031
40.7852769_-74.0012607
40.7852799_-73.9406236
40.7852817_-74.0062141
40.7852898_-74.0033108
40.7852953_-73.9536184
40.7853033_-73.9693488
40.7853035_-73.9555649
40.7853087_-74.0063107
40.7853096_-73.9474907
40.7853215_-73.94012
40.7853451_-73.9576385
40.7853457_-73.9290508
40.7853637_-73.9404744
40.7853853_-73.9400375
40.7853877_-73.9438419
40.785389_-74.010775
40.7854081_-73.983689
40.7854173_-73.9839995
40.7854278_-73.940172
40.7854492_-73.9399584
40.7854538_-73.940342
40.7854672_-73.9841277
40.7854705_-73.9692273
40.7854762_-73.9146111
40.7854762_-73.9478897
40.7846259_-73.9420441
40.784626_-73.916474
40.7846468_-73.9418357
40.7846518_-73.9420815
40.7846521_-73.9675076
40.7846666_-73.9560335
40.784669_-73.9421157
40.784671_-73.9540727
40.784698_-74.014503
40.784708_-73.9415162
40.7847113_-73.9676154
40.7847179_-73.9580958
40.7847187_-73.9164158
40.7847294_-73.9266266
40.784734_-73.9461128
40.7847591_-73.96712
40.7847631_-73.9677217
40.784806_-73.9281151
40.7848184_-73.9678479
40.7848338_-73.9140432
40.7848429_-73.9679093
40.7848529_-73.9412275
40.7848635_-73.9679674
40.7848835_-73.9680289
40.7848976_-73.9507864
40.7849061_-73.9845174
40.7849091_-73.9670917
40.7849168_-73.9681689
40.7849312_-73.9412701
40.7849375_-73.946598
40.784945_-73.9408028
40.78495_-74.009823
40.7849666_-73.9138875
40.7849758_-73.9826602
40.784975_-73.9285376
40.784994_-74.008124
40.7850023_-73.968533
40.7850142_-73.9351267
40.7850276_-73.9686376
40.7850311_-73.9806779
40.7850325_-73.9827898
40.7850346_-73.9138078
40.7850431_-73.928678
40.7850526_-73.9687338
40.785061_-73.9348479
40.7850704_-73.9410494
40.7850725_-73.9410844
40.7850739_-73.9410236
40.7850802_-73.9410014
40.7850816_-73.9411204
40.7850839_-73.9688366
40.7850871_-73.9161733
40.7850879_-73.941137
40.7850879_-73.9769058
40.7850883_-73.9409807
40.7850896_-73.9842284
40.7850959_-73.9411601
40.785098_-74.019137
40.7850995_-73.934827
40.785101_-74.017084
40.7851112_-73.9470151
40.785114_-73.9689251
40.785115_-73.9671292
40.7851213_-73.9288108
40.785123_-73.9789382
40.7851382_-73.9730765
40.7851447_-73.9404038
40.785155_-73.9690321
40.785155_-74.018031
40.7851578_-73.9406153
40.7851655_-73.9731396
40.7851721_-73.9433191
40.7851747_-73.9514388
40.78517_-74.012036
40.7851868_-73.9305736
40.7851883_-73.9533644
40.785194_-73.9493307
40.7852008_-73.9791229
40.7852017_-73.9403028
40.7852046_-73.9289234
40.7852049_-73.9350665
40.7852073_-73.9348669
40.785212_-74.008547
40.7852205_-73.9691887
40.7852274_-73.9350228
40.7852549_-73.9402185
40.7852683_-74.0060789
40.785269_-74.0061379
40.785275_-74.014031
40.7852769_-74.0012607
40.7852799_-73.9406236
40.7852817_-74.0062141
40.7852898_-74.0033108
40.7852953_-73.9536184
40.7853033_-73.9693488
40.7853035_-73.9555649
40.7853087_-74.0063107
40.7853096_-73.9474907
40.7853215_-73.94012
40.7853451_-73.9576385
40.7853457_-73.9290508
40.7853637_-73.9404744
40.7853853_-73.9400375
40.7853877_-73.9438419
40.785389_-74.010775
40.7854081_-73.983689
40.7854173_-73.9839995
40.7854278_-73.940172
40.7854492_-73.9399584
40.7854538_-73.940342
40.7854672_-73.9841277
40.7854705_-73.9692273
40.7854762_-73.9146111
40.7854762_-73.9478897
("40.7846259_-73.9420441","40.784626_-73.916474","40.7846468_-73.9418357","40.7846518_-73.9420815","40.7846521_-73.9675076","40.7846666_-73.9560335","40.784669_-73.9421157","40.784671_-73.9540727","40.784698_-74.014503","40.784708_-73.9415162","40.7847113_-73.9676154","40.7847179_-73.9580958","40.7847187_-73.9164158","40.7847294_-73.9266266","40.784734_-73.9461128","40.7847591_-73.96712","40.7847631_-73.9677217","40.784806_-73.9281151","40.7848184_-73.9678479","40.7848338_-73.9140432","40.7848429_-73.9679093","40.7848529_-73.9412275","40.7848635_-73.9679674","40.7848835_-73.9680289","40.7848976_-73.9507864","40.7849061_-73.9845174","40.7849091_-73.9670917","40.7849168_-73.9681689","40.7849312_-73.9412701","40.7849375_-73.946598","40.784945_-73.9408028","40.78495_-74.009823","40.7849666_-73.9138875","40.7849758_-73.9826602","40.784975_-73.9285376","40.784994_-74.008124","40.7850023_-73.968533","40.7850142_-73.9351267","40.7850276_-73.9686376","40.7850311_-73.9806779","40.7850325_-73.9827898","40.7850346_-73.9138078","40.7850431_-73.928678","40.7850526_-73.9687338","40.785061_-73.9348479","40.7850704_-73.9410494","40.7850725_-73.9410844","40.7850739_-73.9410236","40.7850802_-73.9410014","40.7850816_-73.9411204","40.7850839_-73.9688366","40.7850871_-73.9161733","40.7850879_-73.941137","40.7850879_-73.9769058","40.7850883_-73.9409807","40.7850896_-73.9842284","40.7850959_-73.9411601","40.785098_-74.019137","40.7850995_-73.934827","40.785101_-74.017084","40.7851112_-73.9470151","40.785114_-73.9689251","40.785115_-73.9671292","40.7851213_-73.9288108","40.785123_-73.9789382","40.7851382_-73.9730765","40.7851447_-73.9404038","40.785155_-73.9690321","40.785155_-74.018031","40.7851578_-73.9406153","40.7851655_-73.9731396","40.7851721_-73.9433191","40.7851747_-73.9514388","40.78517_-74.012036","40.7851868_-73.9305736","40.7851883_-73.9533644","40.785194_-73.9493307","40.7852008_-73.9791229","40.7852017_-73.9403028","40.7852046_-73.9289234","40.7852049_-73.9350665","40.7852073_-73.9348669","40.785212_-74.008547","40.7852205_-73.9691887","40.7852274_-73.9350228","40.7852549_-73.9402185","40.7852683_-74.0060789","40.785269_-74.0061379","40.785275_-74.014031","40.7852769_-74.0012607","40.7852799_-73.9406236","40.7852817_-74.0062141","40.7852898_-74.0033108","40.7852953_-73.9536184","40.7853033_-73.9693488","40.7853035_-73.9555649","40.7853087_-74.0063107","40.7853096_-73.9474907","40.7853215_-73.94012","40.7853451_-73.9576385","40.7853457_-73.9290508","40.7853637_-73.9404744","40.7853853_-73.9400375","40.7853877_-73.9438419","40.785389_-74.010775","40.7854081_-73.983689","40.7854173_-73.9839995","40.7854278_-73.940172","40.7854492_-73.9399584","40.7854538_-73.940342","40.7854672_-73.9841277","40.7854705_-73.9692273","40.7854762_-73.9146111","40.7854762_-73.9478897")
done
129.76user 798.83system 1:15:44elapsed 20%CPU (0avgtext+0avgdata 66300maxresident)k
2293072inputs+48848outputs (24major+31744minor)pagefaults 0swaps
