40.71106_-73.942105
40.7110715_-73.9553341
40.7110813_-73.9793167
40.7111101_-74.0003818
40.711113_-73.956199
40.7111302_-74.0146457
40.7111479_-73.923285
40.7111631_-73.9561675
40.711164_-74.000693
40.711168_-73.948892
40.7111711_-73.9791184
40.7111771_-73.910141
40.711182_-73.937681
40.711184_-73.979387
40.7111943_-73.9559039
40.711211_-73.989938
40.711213_-73.963379
40.7112154_-74.0084686
40.711218_-73.940423
40.711225_-73.928582
40.7112289_-73.9847868
40.711231_-74.006478
40.711243_-73.989734
40.7112559_-73.9920888
40.711264_-73.979187
40.7112661_-73.9895581
40.711266_-74.000763
40.711272_-73.903036
40.7112809_-73.9102143
40.7112985_-73.9546349
40.711304_-73.983914
40.7113148_-73.9923867
40.71131_-73.989062
40.711324_-73.947245
40.7113265_-73.9836093
40.711336_-73.933893
40.711342_-73.983319
40.7113437_-73.9652463
40.711349_-73.961421
40.71134_-73.925126
40.7113607_-74.0055146
40.7113611_-74.0083928
40.711364_-73.996782
40.711378_-73.966446
40.7113796_-73.9787096
40.711382_-74.000819
40.711384_-73.988311
40.7113879_-74.0086582
40.7113896_-73.9531329
40.7113966_-73.9651993
40.711397_-73.907242
40.711402_-73.916748
40.711403_-73.917933
40.7114142_-73.9646127
40.711424_-73.959533
40.711436_-73.981937
40.7114475_-74.0080186
40.7114514_-73.9968024
40.7114515_-73.9876145
40.711456_-73.91986
40.711472_-73.978786
40.711481_-73.945596
40.7114948_-74.0078309
40.711495_-74.000855
40.7114974_-73.992423
40.711502_-73.918421
40.711502_-73.9785206
40.7115032_-73.9810338
40.7115111_-74.0067598
40.711534_-73.98062
40.7115351_-73.9867531
40.711535_-74.010465
40.711563_-73.940477
40.7115654_-74.0158085
40.7115668_-74.0024892
40.711593_-73.994263
40.71159_-73.978609
40.711609_-73.957535
40.7116234_-74.0073206
40.7116395_-73.9998431
40.711641_-73.943911
40.711649_-73.967233
40.711651_-73.95162
40.7116638_-73.910283
40.7116673_-74.0058514
40.7116699_-74.0075469
40.7116745_-74.0076739
40.711678_-73.964958
40.7116806_-73.9998058
40.7116847_-73.9933836
40.7116868_-74.0009998
40.7116926_-73.9512284
40.711693_-73.935808
40.7116988_-74.0077635
40.7117071_-74.0007511
40.7117087_-74.0069585
40.7117116_-74.0073319
40.7117128_-73.9848575
40.7117171_-73.9928469
40.7117257_-74.007823
40.7117274_-74.0068783
40.711747_-73.923561
40.711749_-73.9782196
40.711752_-73.955797
40.711754_-73.992457
40.7117578_-74.0048303
40.7117607_-73.992369
40.7117611_-73.9195626
40.7117656_-73.9923058
40.7117668_-73.955612
40.7117675_-74.0078875
40.7117692_-73.9922585
40.7117734_-73.9998835
40.711773_-73.9659416
40.71106_-73.942105
40.7110715_-73.9553341
40.7110813_-73.9793167
40.7111101_-74.0003818
40.711113_-73.956199
40.7111302_-74.0146457
40.7111479_-73.923285
40.7111631_-73.9561675
40.711164_-74.000693
40.711168_-73.948892
40.7111711_-73.9791184
40.7111771_-73.910141
40.711182_-73.937681
40.711184_-73.979387
40.7111943_-73.9559039
40.711211_-73.989938
40.711213_-73.963379
40.7112154_-74.0084686
40.711218_-73.940423
40.711225_-73.928582
40.7112289_-73.9847868
40.711231_-74.006478
40.711243_-73.989734
40.7112559_-73.9920888
40.711264_-73.979187
40.7112661_-73.9895581
40.711266_-74.000763
40.711272_-73.903036
40.7112809_-73.9102143
40.7112985_-73.9546349
40.711304_-73.983914
40.7113148_-73.9923867
40.71131_-73.989062
40.711324_-73.947245
40.7113265_-73.9836093
40.711336_-73.933893
40.711342_-73.983319
40.7113437_-73.9652463
40.711349_-73.961421
40.71134_-73.925126
40.7113607_-74.0055146
40.7113611_-74.0083928
40.711364_-73.996782
40.711378_-73.966446
40.7113796_-73.9787096
40.711382_-74.000819
40.711384_-73.988311
40.7113879_-74.0086582
40.7113896_-73.9531329
40.7113966_-73.9651993
40.711397_-73.907242
40.711402_-73.916748
40.711403_-73.917933
40.7114142_-73.9646127
40.711424_-73.959533
40.711436_-73.981937
40.7114475_-74.0080186
40.7114514_-73.9968024
40.7114515_-73.9876145
40.711456_-73.91986
40.711472_-73.978786
40.711481_-73.945596
40.7114948_-74.0078309
40.711495_-74.000855
40.7114974_-73.992423
40.711502_-73.918421
40.711502_-73.9785206
40.7115032_-73.9810338
40.7115111_-74.0067598
40.711534_-73.98062
40.7115351_-73.9867531
40.711535_-74.010465
40.711563_-73.940477
40.7115654_-74.0158085
40.7115668_-74.0024892
40.711593_-73.994263
40.71159_-73.978609
40.711609_-73.957535
40.7116234_-74.0073206
40.7116395_-73.9998431
40.711641_-73.943911
40.711649_-73.967233
40.711651_-73.95162
40.7116638_-73.910283
40.7116673_-74.0058514
40.7116699_-74.0075469
40.7116745_-74.0076739
40.711678_-73.964958
40.7116806_-73.9998058
40.7116847_-73.9933836
40.7116868_-74.0009998
40.7116926_-73.9512284
40.711693_-73.935808
40.7116988_-74.0077635
40.7117071_-74.0007511
40.7117087_-74.0069585
40.7117116_-74.0073319
40.7117128_-73.9848575
40.7117171_-73.9928469
40.7117257_-74.007823
40.7117274_-74.0068783
40.711747_-73.923561
40.711749_-73.9782196
40.711752_-73.955797
40.711754_-73.992457
40.7117578_-74.0048303
40.7117607_-73.992369
40.7117611_-73.9195626
40.7117656_-73.9923058
40.7117668_-73.955612
40.7117675_-74.0078875
40.7117692_-73.9922585
40.7117734_-73.9998835
40.711773_-73.9659416
("40.71106_-73.942105","40.7110715_-73.9553341","40.7110813_-73.9793167","40.7111101_-74.0003818","40.711113_-73.956199","40.7111302_-74.0146457","40.7111479_-73.923285","40.7111631_-73.9561675","40.711164_-74.000693","40.711168_-73.948892","40.7111711_-73.9791184","40.7111771_-73.910141","40.711182_-73.937681","40.711184_-73.979387","40.7111943_-73.9559039","40.711211_-73.989938","40.711213_-73.963379","40.7112154_-74.0084686","40.711218_-73.940423","40.711225_-73.928582","40.7112289_-73.9847868","40.711231_-74.006478","40.711243_-73.989734","40.7112559_-73.9920888","40.711264_-73.979187","40.7112661_-73.9895581","40.711266_-74.000763","40.711272_-73.903036","40.7112809_-73.9102143","40.7112985_-73.9546349","40.711304_-73.983914","40.7113148_-73.9923867","40.71131_-73.989062","40.711324_-73.947245","40.7113265_-73.9836093","40.711336_-73.933893","40.711342_-73.983319","40.7113437_-73.9652463","40.711349_-73.961421","40.71134_-73.925126","40.7113607_-74.0055146","40.7113611_-74.0083928","40.711364_-73.996782","40.711378_-73.966446","40.7113796_-73.9787096","40.711382_-74.000819","40.711384_-73.988311","40.7113879_-74.0086582","40.7113896_-73.9531329","40.7113966_-73.9651993","40.711397_-73.907242","40.711402_-73.916748","40.711403_-73.917933","40.7114142_-73.9646127","40.711424_-73.959533","40.711436_-73.981937","40.7114475_-74.0080186","40.7114514_-73.9968024","40.7114515_-73.9876145","40.711456_-73.91986","40.711472_-73.978786","40.711481_-73.945596","40.7114948_-74.0078309","40.711495_-74.000855","40.7114974_-73.992423","40.711502_-73.918421","40.711502_-73.9785206","40.7115032_-73.9810338","40.7115111_-74.0067598","40.711534_-73.98062","40.7115351_-73.9867531","40.711535_-74.010465","40.711563_-73.940477","40.7115654_-74.0158085","40.7115668_-74.0024892","40.711593_-73.994263","40.71159_-73.978609","40.711609_-73.957535","40.7116234_-74.0073206","40.7116395_-73.9998431","40.711641_-73.943911","40.711649_-73.967233","40.711651_-73.95162","40.7116638_-73.910283","40.7116673_-74.0058514","40.7116699_-74.0075469","40.7116745_-74.0076739","40.711678_-73.964958","40.7116806_-73.9998058","40.7116847_-73.9933836","40.7116868_-74.0009998","40.7116926_-73.9512284","40.711693_-73.935808","40.7116988_-74.0077635","40.7117071_-74.0007511","40.7117087_-74.0069585","40.7117116_-74.0073319","40.7117128_-73.9848575","40.7117171_-73.9928469","40.7117257_-74.007823","40.7117274_-74.0068783","40.711747_-73.923561","40.711749_-73.9782196","40.711752_-73.955797","40.711754_-73.992457","40.7117578_-74.0048303","40.7117607_-73.992369","40.7117611_-73.9195626","40.7117656_-73.9923058","40.7117668_-73.955612","40.7117675_-74.0078875","40.7117692_-73.9922585","40.7117734_-73.9998835","40.711773_-73.9659416")
done
142.26user 781.55system 1:15:46elapsed 20%CPU (0avgtext+0avgdata 58368maxresident)k
1589320inputs+12792outputs (9major+29885minor)pagefaults 0swaps
