40.812882_-73.9300302
40.812886_-73.990679
40.8128908_-73.9298097
40.812894_-73.920119
40.8128956_-73.9347042
40.8128979_-73.9317107
40.8128979_-73.9400767
40.8129044_-73.9300532
40.8129318_-73.9300626
40.8129385_-73.9297455
40.81294_-73.95177
40.812953_-73.913716
40.8129633_-73.9300599
40.812965_-73.916089
40.8129723_-73.9258032
40.8129726_-73.9638588
40.8129743_-73.9381738
40.8129882_-73.9298125
40.8129917_-73.9300492
40.8130099_-73.9224146
40.813018_-73.9082105
40.8130191_-73.9300318
40.813031_-73.96568
40.8130337_-73.9229555
40.8130421_-73.929893
40.8130465_-73.9300076
40.813053_-73.963829
40.8130627_-73.961513
40.8130747_-73.963821
40.81307_-74.000859
40.8130851_-73.9299645
40.813087_-73.904183
40.813107_-73.963809
40.8131162_-73.9300226
40.8131171_-73.9228516
40.8131437_-73.9315968
40.8131521_-73.922721
40.813159_-73.95035
40.813168_-73.992038
40.8132163_-73.9637516
40.8132297_-73.9354412
40.8132432_-73.9090766
40.813271_-73.90513
40.8132991_-73.9303993
40.813315_-73.922875
40.813331_-73.903237
40.8133438_-73.9267219
40.8133469_-73.9315247
40.8133546_-73.985262
40.81335_-73.996991
40.8133636_-73.9450358
40.8133764_-73.9305695
40.81337_-73.948832
40.81337_-73.956257
40.813388_-73.998215
40.813389_-73.990287
40.8134039_-73.9412735
40.8134246_-73.9451819
40.813428_-73.9371407
40.813432_-73.910019
40.8134528_-73.9653672
40.813458_-73.939325
40.813461_-73.906046
40.8134711_-73.9414254
40.813492_-73.994276
40.813493_-73.9650343
40.813495_-73.95311
40.813496_-73.9176763
40.81352_-73.919658
40.8135387_-73.9272101
40.813554_-73.955203
40.8135574_-73.9348884
40.813567_-73.951322
40.813569_-74.003116
40.8135775_-73.9846892
40.8135841_-73.931023
40.8135894_-73.9349979
40.8135925_-73.9272946
40.8135953_-73.9314455
40.813611_-73.913337
40.8136124_-73.9310883
40.813616_-73.915718
40.8136301_-73.9109444
40.813634_-73.990722
40.8136396_-73.9314243
40.8136483_-73.927379
40.8136502_-73.9110414
40.813652_-73.906966
40.813654_-73.91585
40.8136722_-73.9535288
40.8136975_-73.9622615
40.8137124_-73.962251
40.8137262_-73.9313392
40.813731_-73.922088
40.8137548_-73.9314196
40.8137561_-73.9596275
40.8137664_-73.9842723
40.8137723_-73.9379502
40.8137791_-73.9315981
40.8137802_-73.9345894
40.813781_-73.9596845
40.813792_-73.916289
40.8137985_-73.9132279
40.813804_-73.962107
40.8138051_-73.9343352
40.813809_-73.9079195
40.8138116_-73.9344811
40.8138238_-73.9648086
40.8138385_-73.9598159
40.8138416_-73.9313786
40.8138456_-73.9315244
40.8138578_-73.9841082
40.8138667_-73.9620794
40.813868_-73.962012
40.812882_-73.9300302
40.812886_-73.990679
40.8128908_-73.9298097
40.812894_-73.920119
40.8128956_-73.9347042
40.8128979_-73.9317107
40.8128979_-73.9400767
40.8129044_-73.9300532
40.8129318_-73.9300626
40.8129385_-73.9297455
40.81294_-73.95177
40.812953_-73.913716
40.8129633_-73.9300599
40.812965_-73.916089
40.8129723_-73.9258032
40.8129726_-73.9638588
40.8129743_-73.9381738
40.8129882_-73.9298125
40.8129917_-73.9300492
40.8130099_-73.9224146
40.813018_-73.9082105
40.8130191_-73.9300318
40.813031_-73.96568
40.8130337_-73.9229555
40.8130421_-73.929893
40.8130465_-73.9300076
40.813053_-73.963829
40.8130627_-73.961513
40.8130747_-73.963821
40.81307_-74.000859
40.8130851_-73.9299645
40.813087_-73.904183
40.813107_-73.963809
40.8131162_-73.9300226
40.8131171_-73.9228516
40.8131437_-73.9315968
40.8131521_-73.922721
40.813159_-73.95035
40.813168_-73.992038
40.8132163_-73.9637516
40.8132297_-73.9354412
40.8132432_-73.9090766
40.813271_-73.90513
40.8132991_-73.9303993
40.813315_-73.922875
40.813331_-73.903237
40.8133438_-73.9267219
40.8133469_-73.9315247
40.8133546_-73.985262
40.81335_-73.996991
40.8133636_-73.9450358
40.8133764_-73.9305695
40.81337_-73.948832
40.81337_-73.956257
40.813388_-73.998215
40.813389_-73.990287
40.8134039_-73.9412735
40.8134246_-73.9451819
40.813428_-73.9371407
40.813432_-73.910019
40.8134528_-73.9653672
40.813458_-73.939325
40.813461_-73.906046
40.8134711_-73.9414254
40.813492_-73.994276
40.813493_-73.9650343
40.813495_-73.95311
40.813496_-73.9176763
40.81352_-73.919658
40.8135387_-73.9272101
40.813554_-73.955203
40.8135574_-73.9348884
40.813567_-73.951322
40.813569_-74.003116
40.8135775_-73.9846892
40.8135841_-73.931023
40.8135894_-73.9349979
40.8135925_-73.9272946
40.8135953_-73.9314455
40.813611_-73.913337
40.8136124_-73.9310883
40.813616_-73.915718
40.8136301_-73.9109444
40.813634_-73.990722
40.8136396_-73.9314243
40.8136483_-73.927379
40.8136502_-73.9110414
40.813652_-73.906966
40.813654_-73.91585
40.8136722_-73.9535288
40.8136975_-73.9622615
40.8137124_-73.962251
40.8137262_-73.9313392
40.813731_-73.922088
40.8137548_-73.9314196
40.8137561_-73.9596275
40.8137664_-73.9842723
40.8137723_-73.9379502
40.8137791_-73.9315981
40.8137802_-73.9345894
40.813781_-73.9596845
40.813792_-73.916289
40.8137985_-73.9132279
40.813804_-73.962107
40.8138051_-73.9343352
40.813809_-73.9079195
40.8138116_-73.9344811
40.8138238_-73.9648086
40.8138385_-73.9598159
40.8138416_-73.9313786
40.8138456_-73.9315244
40.8138578_-73.9841082
40.8138667_-73.9620794
40.813868_-73.962012
("40.812882_-73.9300302","40.812886_-73.990679","40.8128908_-73.9298097","40.812894_-73.920119","40.8128956_-73.9347042","40.8128979_-73.9317107","40.8128979_-73.9400767","40.8129044_-73.9300532","40.8129318_-73.9300626","40.8129385_-73.9297455","40.81294_-73.95177","40.812953_-73.913716","40.8129633_-73.9300599","40.812965_-73.916089","40.8129723_-73.9258032","40.8129726_-73.9638588","40.8129743_-73.9381738","40.8129882_-73.9298125","40.8129917_-73.9300492","40.8130099_-73.9224146","40.813018_-73.9082105","40.8130191_-73.9300318","40.813031_-73.96568","40.8130337_-73.9229555","40.8130421_-73.929893","40.8130465_-73.9300076","40.813053_-73.963829","40.8130627_-73.961513","40.8130747_-73.963821","40.81307_-74.000859","40.8130851_-73.9299645","40.813087_-73.904183","40.813107_-73.963809","40.8131162_-73.9300226","40.8131171_-73.9228516","40.8131437_-73.9315968","40.8131521_-73.922721","40.813159_-73.95035","40.813168_-73.992038","40.8132163_-73.9637516","40.8132297_-73.9354412","40.8132432_-73.9090766","40.813271_-73.90513","40.8132991_-73.9303993","40.813315_-73.922875","40.813331_-73.903237","40.8133438_-73.9267219","40.8133469_-73.9315247","40.8133546_-73.985262","40.81335_-73.996991","40.8133636_-73.9450358","40.8133764_-73.9305695","40.81337_-73.948832","40.81337_-73.956257","40.813388_-73.998215","40.813389_-73.990287","40.8134039_-73.9412735","40.8134246_-73.9451819","40.813428_-73.9371407","40.813432_-73.910019","40.8134528_-73.9653672","40.813458_-73.939325","40.813461_-73.906046","40.8134711_-73.9414254","40.813492_-73.994276","40.813493_-73.9650343","40.813495_-73.95311","40.813496_-73.9176763","40.81352_-73.919658","40.8135387_-73.9272101","40.813554_-73.955203","40.8135574_-73.9348884","40.813567_-73.951322","40.813569_-74.003116","40.8135775_-73.9846892","40.8135841_-73.931023","40.8135894_-73.9349979","40.8135925_-73.9272946","40.8135953_-73.9314455","40.813611_-73.913337","40.8136124_-73.9310883","40.813616_-73.915718","40.8136301_-73.9109444","40.813634_-73.990722","40.8136396_-73.9314243","40.8136483_-73.927379","40.8136502_-73.9110414","40.813652_-73.906966","40.813654_-73.91585","40.8136722_-73.9535288","40.8136975_-73.9622615","40.8137124_-73.962251","40.8137262_-73.9313392","40.813731_-73.922088","40.8137548_-73.9314196","40.8137561_-73.9596275","40.8137664_-73.9842723","40.8137723_-73.9379502","40.8137791_-73.9315981","40.8137802_-73.9345894","40.813781_-73.9596845","40.813792_-73.916289","40.8137985_-73.9132279","40.813804_-73.962107","40.8138051_-73.9343352","40.813809_-73.9079195","40.8138116_-73.9344811","40.8138238_-73.9648086","40.8138385_-73.9598159","40.8138416_-73.9313786","40.8138456_-73.9315244","40.8138578_-73.9841082","40.8138667_-73.9620794","40.813868_-73.962012")
done
127.24user 816.11system 1:15:02elapsed 20%CPU (0avgtext+0avgdata 53592maxresident)k
353368inputs+48outputs (2major+28845minor)pagefaults 0swaps
