40.7306555_-73.9760016
40.730668_-73.926775
40.7306699_-73.99562
40.730669_-73.998842
40.7306724_-73.9516976
40.730678_-73.94922
40.7306805_-73.9954858
40.7306871_-73.9733353
40.7306889_-73.974109
40.7306953_-73.9490429
40.7306999_-73.9801552
40.7307023_-73.9831802
40.7307114_-73.978027
40.7307138_-73.9740936
40.730713_-73.9515675
40.730719_-74.00446
40.730722_-73.94877
40.7307232_-73.9955715
40.7307238_-73.9890529
40.7307307_-73.9150231
40.7307325_-73.9759714
40.730734_-73.944392
40.7307389_-73.9956469
40.730742_-73.9147132
40.7307438_-73.9956702
40.7307479_-73.9740719
40.730757_-73.9800975
40.7307678_-73.9956501
40.7307722_-73.9482894
40.7307777_-73.9732427
40.7307812_-73.9740569
40.7307838_-73.9955151
40.730787_-73.9153469
40.730798_-74.005295
40.7308009_-73.9759382
40.7308117_-73.9781591
40.730812_-73.943465
40.7308152_-73.974037
40.7308268_-73.9516225
40.7308309_-73.9517741
40.730833_-73.918777
40.7308359_-73.9799853
40.7308592_-73.9759078
40.73085_-73.9740226
40.7308824_-73.9262405
40.7308837_-73.9783032
40.730884_-73.947895
40.7308852_-73.9735249
40.730902_-73.942509
40.7309072_-73.9798608
40.730907_-73.954379
40.730913_-74.002819
40.7309356_-73.9518089
40.7309371_-73.9784296
40.7309447_-73.9516654
40.730947_-74.006737
40.7309515_-73.9904436
40.7309534_-73.9758575
40.7309542_-73.9932433
40.7309598_-73.9734144
40.7309632_-73.9251151
40.7309689_-73.9612974
40.730971_-73.92204
40.7309752_-73.9797172
40.7309913_-73.9996479
40.7309957_-73.9739875
40.7310036_-73.9786212
40.731003_-74.004626
40.731019_-73.985909
40.7310205_-73.9795887
40.7310209_-73.9518304
40.7310258_-73.9343216
40.7310322_-73.9115382
40.7310332_-73.9795345
40.7310378_-73.9736547
40.7310395_-73.9787396
40.73103_-73.918726
40.7310413_-73.9879658
40.7310432_-73.9996039
40.7310463_-73.9516909
40.731046_-73.917657
40.7310538_-73.9794462
40.7310615_-74.0080099
40.7310636_-73.9757698
40.731065_-74.001413
40.7310697_-73.9788632
40.7310754_-73.9793061
40.7310849_-73.9790098
40.7310855_-73.9791478
40.731089_-73.918474
40.731092_-73.917873
40.731113_-73.918109
40.7311159_-73.9735431
40.731128_-74.004223
40.731136_-74.002943
40.731139_-73.919334
40.731141_-73.959477
40.7311432_-73.9995187
40.7311444_-73.9518523
40.731152_-73.95178
40.7311535_-74.0089252
40.7311601_-73.9517102
40.731166_-73.991921
40.7311678_-73.9756755
40.731196_-73.9168118
40.7312022_-73.974532
40.731209_-73.995119
40.731231_-73.926411
40.7312426_-73.9755971
40.7312547_-73.951872
40.7312658_-73.9884779
40.7312679_-73.9886567
40.7312837_-73.9940304
40.731283_-73.923459
40.7306555_-73.9760016
40.730668_-73.926775
40.7306699_-73.99562
40.730669_-73.998842
40.7306724_-73.9516976
40.730678_-73.94922
40.7306805_-73.9954858
40.7306871_-73.9733353
40.7306889_-73.974109
40.7306953_-73.9490429
40.7306999_-73.9801552
40.7307023_-73.9831802
40.7307114_-73.978027
40.7307138_-73.9740936
40.730713_-73.9515675
40.730719_-74.00446
40.730722_-73.94877
40.7307232_-73.9955715
40.7307238_-73.9890529
40.7307307_-73.9150231
40.7307325_-73.9759714
40.730734_-73.944392
40.7307389_-73.9956469
40.730742_-73.9147132
40.7307438_-73.9956702
40.7307479_-73.9740719
40.730757_-73.9800975
40.7307678_-73.9956501
40.7307722_-73.9482894
40.7307777_-73.9732427
40.7307812_-73.9740569
40.7307838_-73.9955151
40.730787_-73.9153469
40.730798_-74.005295
40.7308009_-73.9759382
40.7308117_-73.9781591
40.730812_-73.943465
40.7308152_-73.974037
40.7308268_-73.9516225
40.7308309_-73.9517741
40.730833_-73.918777
40.7308359_-73.9799853
40.7308592_-73.9759078
40.73085_-73.9740226
40.7308824_-73.9262405
40.7308837_-73.9783032
40.730884_-73.947895
40.7308852_-73.9735249
40.730902_-73.942509
40.7309072_-73.9798608
40.730907_-73.954379
40.730913_-74.002819
40.7309356_-73.9518089
40.7309371_-73.9784296
40.7309447_-73.9516654
40.730947_-74.006737
40.7309515_-73.9904436
40.7309534_-73.9758575
40.7309542_-73.9932433
40.7309598_-73.9734144
40.7309632_-73.9251151
40.7309689_-73.9612974
40.730971_-73.92204
40.7309752_-73.9797172
40.7309913_-73.9996479
40.7309957_-73.9739875
40.7310036_-73.9786212
40.731003_-74.004626
40.731019_-73.985909
40.7310205_-73.9795887
40.7310209_-73.9518304
40.7310258_-73.9343216
40.7310322_-73.9115382
40.7310332_-73.9795345
40.7310378_-73.9736547
40.7310395_-73.9787396
40.73103_-73.918726
40.7310413_-73.9879658
40.7310432_-73.9996039
40.7310463_-73.9516909
40.731046_-73.917657
40.7310538_-73.9794462
40.7310615_-74.0080099
40.7310636_-73.9757698
40.731065_-74.001413
40.7310697_-73.9788632
40.7310754_-73.9793061
40.7310849_-73.9790098
40.7310855_-73.9791478
40.731089_-73.918474
40.731092_-73.917873
40.731113_-73.918109
40.7311159_-73.9735431
40.731128_-74.004223
40.731136_-74.002943
40.731139_-73.919334
40.731141_-73.959477
40.7311432_-73.9995187
40.7311444_-73.9518523
40.731152_-73.95178
40.7311535_-74.0089252
40.7311601_-73.9517102
40.731166_-73.991921
40.7311678_-73.9756755
40.731196_-73.9168118
40.7312022_-73.974532
40.731209_-73.995119
40.731231_-73.926411
40.7312426_-73.9755971
40.7312547_-73.951872
40.7312658_-73.9884779
40.7312679_-73.9886567
40.7312837_-73.9940304
40.731283_-73.923459
("40.7306555_-73.9760016","40.730668_-73.926775","40.7306699_-73.99562","40.730669_-73.998842","40.7306724_-73.9516976","40.730678_-73.94922","40.7306805_-73.9954858","40.7306871_-73.9733353","40.7306889_-73.974109","40.7306953_-73.9490429","40.7306999_-73.9801552","40.7307023_-73.9831802","40.7307114_-73.978027","40.7307138_-73.9740936","40.730713_-73.9515675","40.730719_-74.00446","40.730722_-73.94877","40.7307232_-73.9955715","40.7307238_-73.9890529","40.7307307_-73.9150231","40.7307325_-73.9759714","40.730734_-73.944392","40.7307389_-73.9956469","40.730742_-73.9147132","40.7307438_-73.9956702","40.7307479_-73.9740719","40.730757_-73.9800975","40.7307678_-73.9956501","40.7307722_-73.9482894","40.7307777_-73.9732427","40.7307812_-73.9740569","40.7307838_-73.9955151","40.730787_-73.9153469","40.730798_-74.005295","40.7308009_-73.9759382","40.7308117_-73.9781591","40.730812_-73.943465","40.7308152_-73.974037","40.7308268_-73.9516225","40.7308309_-73.9517741","40.730833_-73.918777","40.7308359_-73.9799853","40.7308592_-73.9759078","40.73085_-73.9740226","40.7308824_-73.9262405","40.7308837_-73.9783032","40.730884_-73.947895","40.7308852_-73.9735249","40.730902_-73.942509","40.7309072_-73.9798608","40.730907_-73.954379","40.730913_-74.002819","40.7309356_-73.9518089","40.7309371_-73.9784296","40.7309447_-73.9516654","40.730947_-74.006737","40.7309515_-73.9904436","40.7309534_-73.9758575","40.7309542_-73.9932433","40.7309598_-73.9734144","40.7309632_-73.9251151","40.7309689_-73.9612974","40.730971_-73.92204","40.7309752_-73.9797172","40.7309913_-73.9996479","40.7309957_-73.9739875","40.7310036_-73.9786212","40.731003_-74.004626","40.731019_-73.985909","40.7310205_-73.9795887","40.7310209_-73.9518304","40.7310258_-73.9343216","40.7310322_-73.9115382","40.7310332_-73.9795345","40.7310378_-73.9736547","40.7310395_-73.9787396","40.73103_-73.918726","40.7310413_-73.9879658","40.7310432_-73.9996039","40.7310463_-73.9516909","40.731046_-73.917657","40.7310538_-73.9794462","40.7310615_-74.0080099","40.7310636_-73.9757698","40.731065_-74.001413","40.7310697_-73.9788632","40.7310754_-73.9793061","40.7310849_-73.9790098","40.7310855_-73.9791478","40.731089_-73.918474","40.731092_-73.917873","40.731113_-73.918109","40.7311159_-73.9735431","40.731128_-74.004223","40.731136_-74.002943","40.731139_-73.919334","40.731141_-73.959477","40.7311432_-73.9995187","40.7311444_-73.9518523","40.731152_-73.95178","40.7311535_-74.0089252","40.7311601_-73.9517102","40.731166_-73.991921","40.7311678_-73.9756755","40.731196_-73.9168118","40.7312022_-73.974532","40.731209_-73.995119","40.731231_-73.926411","40.7312426_-73.9755971","40.7312547_-73.951872","40.7312658_-73.9884779","40.7312679_-73.9886567","40.7312837_-73.9940304","40.731283_-73.923459")
done
140.65user 790.27system 1:15:46elapsed 20%CPU (0avgtext+0avgdata 66636maxresident)k
2102584inputs+48368outputs (23major+34293minor)pagefaults 0swaps
