40.8249462_-73.9543413
40.8249614_-73.9081057
40.82497_-73.922274
40.8249902_-73.9343781
40.824992_-73.916614
40.824992_-73.9254701
40.8250063_-73.9313049
40.8250228_-73.931436
40.8250486_-73.9080118
40.8250495_-73.931054
40.825053_-73.9511904
40.8250607_-73.9513874
40.825063_-74.000644
40.8250801_-73.907926
40.8250992_-73.9852954
40.825115_-73.9254
40.8251167_-73.9540945
40.8251183_-73.9513456
40.825123_-73.989976
40.8251423_-73.9515765
40.8251478_-73.9514157
40.8251645_-73.931472
40.825171_-73.941503
40.8251743_-73.9114005
40.8251823_-73.9512983
40.8251983_-73.9515358
40.825201_-73.914751
40.825214_-73.907781
40.8252173_-73.9414692
40.8252292_-73.9516092
40.8252298_-73.947602
40.8252544_-73.9314862
40.8252607_-73.9514897
40.8252737_-73.9457664
40.825287_-73.904922
40.8252906_-73.9082195
40.8253218_-73.9457312
40.8253237_-73.9537512
40.825325_-73.978178
40.825332_-73.943813
40.825352_-73.994824
40.825366_-73.945831
40.825379_-73.940054
40.8253812_-73.945688
40.825386_-73.926181
40.8253955_-73.9362289
40.8253967_-73.9234195
40.825429_-74.009399
40.8254412_-73.9235389
40.8254449_-73.9159347
40.82544_-73.9131805
40.825465_-73.999443
40.8254698_-73.9364062
40.8255033_-73.9344038
40.825518_-73.9823
40.8255271_-73.9363649
40.825531_-73.905937
40.825574_-73.918459
40.8256007_-73.907359
40.8256035_-73.9315316
40.8256119_-73.9315324
40.8256176_-73.9314282
40.825648_-73.93986
40.82564_-73.921739
40.825686_-73.9310712
40.8256894_-73.9360675
40.8256998_-73.9139702
40.825724_-73.927153
40.8257317_-73.9508925
40.8257377_-73.9549609
40.8257402_-73.9154653
40.825759_-73.99659
40.825761_-73.9409721
40.825761_-73.9509619
40.8257788_-73.9069215
40.8257799_-73.9361928
40.825779_-73.973416
40.8257818_-73.9154009
40.8257818_-73.9344326
40.8257927_-73.9314459
40.825793_-73.941049
40.8258119_-73.9510825
40.8258203_-73.9157268
40.8258232_-73.9099189
40.82582_-73.953014
40.8258402_-73.9069953
40.82584_-74.009592
40.825878_-73.919386
40.825887_-74.002114
40.8258937_-73.9453155
40.8258956_-73.9393527
40.825901_-73.9471053
40.825911_-73.924893
40.825915_-73.9451958
40.8259212_-73.9129434
40.8259476_-73.9452763
40.82594_-73.991431
40.8259541_-73.935773
40.825956_-73.943357
40.8259939_-73.9156285
40.825996_-73.907931
40.825999_-73.924817
40.8260002_-73.9396033
40.8260002_-73.9740122
40.8260058_-73.935896
40.8260082_-73.9452318
40.8260375_-73.9134466
40.8260545_-73.9360139
40.8260807_-73.9230026
40.8260841_-73.9408362
40.8260973_-73.9315783
40.8261234_-73.9231288
40.8261538_-73.9202597
40.826182_-73.9203471
40.8249462_-73.9543413
40.8249614_-73.9081057
40.82497_-73.922274
40.8249902_-73.9343781
40.824992_-73.916614
40.824992_-73.9254701
40.8250063_-73.9313049
40.8250228_-73.931436
40.8250486_-73.9080118
40.8250495_-73.931054
40.825053_-73.9511904
40.8250607_-73.9513874
40.825063_-74.000644
40.8250801_-73.907926
40.8250992_-73.9852954
40.825115_-73.9254
40.8251167_-73.9540945
40.8251183_-73.9513456
40.825123_-73.989976
40.8251423_-73.9515765
40.8251478_-73.9514157
40.8251645_-73.931472
40.825171_-73.941503
40.8251743_-73.9114005
40.8251823_-73.9512983
40.8251983_-73.9515358
40.825201_-73.914751
40.825214_-73.907781
40.8252173_-73.9414692
40.8252292_-73.9516092
40.8252298_-73.947602
40.8252544_-73.9314862
40.8252607_-73.9514897
40.8252737_-73.9457664
40.825287_-73.904922
40.8252906_-73.9082195
40.8253218_-73.9457312
40.8253237_-73.9537512
40.825325_-73.978178
40.825332_-73.943813
40.825352_-73.994824
40.825366_-73.945831
40.825379_-73.940054
40.8253812_-73.945688
40.825386_-73.926181
40.8253955_-73.9362289
40.8253967_-73.9234195
40.825429_-74.009399
40.8254412_-73.9235389
40.8254449_-73.9159347
40.82544_-73.9131805
40.825465_-73.999443
40.8254698_-73.9364062
40.8255033_-73.9344038
40.825518_-73.9823
40.8255271_-73.9363649
40.825531_-73.905937
40.825574_-73.918459
40.8256007_-73.907359
40.8256035_-73.9315316
40.8256119_-73.9315324
40.8256176_-73.9314282
40.825648_-73.93986
40.82564_-73.921739
40.825686_-73.9310712
40.8256894_-73.9360675
40.8256998_-73.9139702
40.825724_-73.927153
40.8257317_-73.9508925
40.8257377_-73.9549609
40.8257402_-73.9154653
40.825759_-73.99659
40.825761_-73.9409721
40.825761_-73.9509619
40.8257788_-73.9069215
40.8257799_-73.9361928
40.825779_-73.973416
40.8257818_-73.9154009
40.8257818_-73.9344326
40.8257927_-73.9314459
40.825793_-73.941049
40.8258119_-73.9510825
40.8258203_-73.9157268
40.8258232_-73.9099189
40.82582_-73.953014
40.8258402_-73.9069953
40.82584_-74.009592
40.825878_-73.919386
40.825887_-74.002114
40.8258937_-73.9453155
40.8258956_-73.9393527
40.825901_-73.9471053
40.825911_-73.924893
40.825915_-73.9451958
40.8259212_-73.9129434
40.8259476_-73.9452763
40.82594_-73.991431
40.8259541_-73.935773
40.825956_-73.943357
40.8259939_-73.9156285
40.825996_-73.907931
40.825999_-73.924817
40.8260002_-73.9396033
40.8260002_-73.9740122
40.8260058_-73.935896
40.8260082_-73.9452318
40.8260375_-73.9134466
40.8260545_-73.9360139
40.8260807_-73.9230026
40.8260841_-73.9408362
40.8260973_-73.9315783
40.8261234_-73.9231288
40.8261538_-73.9202597
40.826182_-73.9203471
("40.8249462_-73.9543413","40.8249614_-73.9081057","40.82497_-73.922274","40.8249902_-73.9343781","40.824992_-73.916614","40.824992_-73.9254701","40.8250063_-73.9313049","40.8250228_-73.931436","40.8250486_-73.9080118","40.8250495_-73.931054","40.825053_-73.9511904","40.8250607_-73.9513874","40.825063_-74.000644","40.8250801_-73.907926","40.8250992_-73.9852954","40.825115_-73.9254","40.8251167_-73.9540945","40.8251183_-73.9513456","40.825123_-73.989976","40.8251423_-73.9515765","40.8251478_-73.9514157","40.8251645_-73.931472","40.825171_-73.941503","40.8251743_-73.9114005","40.8251823_-73.9512983","40.8251983_-73.9515358","40.825201_-73.914751","40.825214_-73.907781","40.8252173_-73.9414692","40.8252292_-73.9516092","40.8252298_-73.947602","40.8252544_-73.9314862","40.8252607_-73.9514897","40.8252737_-73.9457664","40.825287_-73.904922","40.8252906_-73.9082195","40.8253218_-73.9457312","40.8253237_-73.9537512","40.825325_-73.978178","40.825332_-73.943813","40.825352_-73.994824","40.825366_-73.945831","40.825379_-73.940054","40.8253812_-73.945688","40.825386_-73.926181","40.8253955_-73.9362289","40.8253967_-73.9234195","40.825429_-74.009399","40.8254412_-73.9235389","40.8254449_-73.9159347","40.82544_-73.9131805","40.825465_-73.999443","40.8254698_-73.9364062","40.8255033_-73.9344038","40.825518_-73.9823","40.8255271_-73.9363649","40.825531_-73.905937","40.825574_-73.918459","40.8256007_-73.907359","40.8256035_-73.9315316","40.8256119_-73.9315324","40.8256176_-73.9314282","40.825648_-73.93986","40.82564_-73.921739","40.825686_-73.9310712","40.8256894_-73.9360675","40.8256998_-73.9139702","40.825724_-73.927153","40.8257317_-73.9508925","40.8257377_-73.9549609","40.8257402_-73.9154653","40.825759_-73.99659","40.825761_-73.9409721","40.825761_-73.9509619","40.8257788_-73.9069215","40.8257799_-73.9361928","40.825779_-73.973416","40.8257818_-73.9154009","40.8257818_-73.9344326","40.8257927_-73.9314459","40.825793_-73.941049","40.8258119_-73.9510825","40.8258203_-73.9157268","40.8258232_-73.9099189","40.82582_-73.953014","40.8258402_-73.9069953","40.82584_-74.009592","40.825878_-73.919386","40.825887_-74.002114","40.8258937_-73.9453155","40.8258956_-73.9393527","40.825901_-73.9471053","40.825911_-73.924893","40.825915_-73.9451958","40.8259212_-73.9129434","40.8259476_-73.9452763","40.82594_-73.991431","40.8259541_-73.935773","40.825956_-73.943357","40.8259939_-73.9156285","40.825996_-73.907931","40.825999_-73.924817","40.8260002_-73.9396033","40.8260002_-73.9740122","40.8260058_-73.935896","40.8260082_-73.9452318","40.8260375_-73.9134466","40.8260545_-73.9360139","40.8260807_-73.9230026","40.8260841_-73.9408362","40.8260973_-73.9315783","40.8261234_-73.9231288","40.8261538_-73.9202597","40.826182_-73.9203471")
done
124.01user 821.24system 1:13:08elapsed 21%CPU (0avgtext+0avgdata 52384maxresident)k
736168inputs+48outputs (5major+27560minor)pagefaults 0swaps
