40.79677_-74.005352
40.796781_-74.00023
40.7967858_-73.9292336
40.7967971_-73.9741499
40.7967988_-73.9496372
40.7968006_-73.9471734
40.7968036_-73.9204264
40.7968097_-73.9293638
40.7968167_-73.9738258
40.7968227_-73.9488784
40.796828_-73.9452242
40.7968341_-73.9496464
40.796837_-74.018528
40.796845_-73.9741269
40.7968544_-73.9206517
40.7968819_-73.948876
40.7968912_-73.949646
40.796895_-73.9741119
40.7969137_-73.9568682
40.7969184_-73.9548696
40.7969223_-73.9737574
40.7969357_-73.9488877
40.7969408_-73.9760545
40.796942_-73.992912
40.7969435_-73.9496325
40.7969532_-73.9741038
40.7969579_-73.9292057
40.796966_-73.992827
40.7969806_-73.9737246
40.7969859_-73.9496366
40.7969881_-73.9489132
40.7969883_-73.9377842
40.796988_-73.931743
40.7969_-74.012417
40.7970239_-73.974099
40.7970366_-73.9489522
40.797038_-73.92982
40.7970401_-73.9190604
40.7970407_-73.9547587
40.7970411_-73.9736953
40.797046_-73.92976
40.797062_-73.99436
40.7970748_-73.9740997
40.79707_-73.929693
40.7970831_-73.9495923
40.7970843_-73.9490114
40.797086_-73.949699
40.7970951_-73.9495174
40.797101_-73.92964
40.7971051_-73.9569697
40.7971076_-73.9494701
40.7971081_-73.949054
40.7971196_-73.9741038
40.797119_-74.002619
40.7971216_-73.9490851
40.7971264_-73.9186353
40.7971274_-73.9191395
40.7971337_-73.9494024
40.7971465_-73.9491754
40.797147_-73.929593
40.7971496_-73.9493271
40.797149_-73.973651
40.7971524_-73.9546729
40.7971538_-73.9492566
40.7971568_-73.9291721
40.797165_-73.998288
40.797166_-73.99272
40.7971827_-73.9698323
40.7971871_-73.9718112
40.7971967_-73.9756445
40.7972202_-73.9759085
40.797222_-73.992792
40.797224_-73.969935
40.7972357_-73.9570015
40.7972466_-73.9680298
40.7972533_-73.9700079
40.797253_-73.929551
40.7972574_-73.9545991
40.797258_-73.940524
40.7972795_-73.9741236
40.7972829_-73.9643013
40.7972965_-73.9445285
40.797299_-73.994091
40.7972_-73.929562
40.7973103_-73.9344558
40.797314_-73.993993
40.797343_-73.929545
40.7973475_-73.9624256
40.7973649_-73.9193216
40.7973696_-73.954528
40.797375_-73.9605346
40.7973782_-73.9188659
40.7973783_-73.9200375
40.79737_-74.004872
40.7973825_-73.9662642
40.7973865_-73.9663286
40.7973869_-73.957022
40.7973947_-73.9664064
40.797403_-73.998073
40.7974083_-73.9448018
40.7974115_-73.9664621
40.7974178_-73.9291404
40.797418_-73.999791
40.7974207_-73.9293305
40.797447_-73.995334
40.79745_-73.9467
40.7974767_-73.9194171
40.797478_-73.948792
40.7974808_-73.974147
40.7975215_-73.9544448
40.7975281_-73.9604219
40.797555_-73.929544
40.797565_-73.9191583
40.7975772_-73.9195486
40.79677_-74.005352
40.796781_-74.00023
40.7967858_-73.9292336
40.7967971_-73.9741499
40.7967988_-73.9496372
40.7968006_-73.9471734
40.7968036_-73.9204264
40.7968097_-73.9293638
40.7968167_-73.9738258
40.7968227_-73.9488784
40.796828_-73.9452242
40.7968341_-73.9496464
40.796837_-74.018528
40.796845_-73.9741269
40.7968544_-73.9206517
40.7968819_-73.948876
40.7968912_-73.949646
40.796895_-73.9741119
40.7969137_-73.9568682
40.7969184_-73.9548696
40.7969223_-73.9737574
40.7969357_-73.9488877
40.7969408_-73.9760545
40.796942_-73.992912
40.7969435_-73.9496325
40.7969532_-73.9741038
40.7969579_-73.9292057
40.796966_-73.992827
40.7969806_-73.9737246
40.7969859_-73.9496366
40.7969881_-73.9489132
40.7969883_-73.9377842
40.796988_-73.931743
40.7969_-74.012417
40.7970239_-73.974099
40.7970366_-73.9489522
40.797038_-73.92982
40.7970401_-73.9190604
40.7970407_-73.9547587
40.7970411_-73.9736953
40.797046_-73.92976
40.797062_-73.99436
40.7970748_-73.9740997
40.79707_-73.929693
40.7970831_-73.9495923
40.7970843_-73.9490114
40.797086_-73.949699
40.7970951_-73.9495174
40.797101_-73.92964
40.7971051_-73.9569697
40.7971076_-73.9494701
40.7971081_-73.949054
40.7971196_-73.9741038
40.797119_-74.002619
40.7971216_-73.9490851
40.7971264_-73.9186353
40.7971274_-73.9191395
40.7971337_-73.9494024
40.7971465_-73.9491754
40.797147_-73.929593
40.7971496_-73.9493271
40.797149_-73.973651
40.7971524_-73.9546729
40.7971538_-73.9492566
40.7971568_-73.9291721
40.797165_-73.998288
40.797166_-73.99272
40.7971827_-73.9698323
40.7971871_-73.9718112
40.7971967_-73.9756445
40.7972202_-73.9759085
40.797222_-73.992792
40.797224_-73.969935
40.7972357_-73.9570015
40.7972466_-73.9680298
40.7972533_-73.9700079
40.797253_-73.929551
40.7972574_-73.9545991
40.797258_-73.940524
40.7972795_-73.9741236
40.7972829_-73.9643013
40.7972965_-73.9445285
40.797299_-73.994091
40.7972_-73.929562
40.7973103_-73.9344558
40.797314_-73.993993
40.797343_-73.929545
40.7973475_-73.9624256
40.7973649_-73.9193216
40.7973696_-73.954528
40.797375_-73.9605346
40.7973782_-73.9188659
40.7973783_-73.9200375
40.79737_-74.004872
40.7973825_-73.9662642
40.7973865_-73.9663286
40.7973869_-73.957022
40.7973947_-73.9664064
40.797403_-73.998073
40.7974083_-73.9448018
40.7974115_-73.9664621
40.7974178_-73.9291404
40.797418_-73.999791
40.7974207_-73.9293305
40.797447_-73.995334
40.79745_-73.9467
40.7974767_-73.9194171
40.797478_-73.948792
40.7974808_-73.974147
40.7975215_-73.9544448
40.7975281_-73.9604219
40.797555_-73.929544
40.797565_-73.9191583
40.7975772_-73.9195486
("40.79677_-74.005352","40.796781_-74.00023","40.7967858_-73.9292336","40.7967971_-73.9741499","40.7967988_-73.9496372","40.7968006_-73.9471734","40.7968036_-73.9204264","40.7968097_-73.9293638","40.7968167_-73.9738258","40.7968227_-73.9488784","40.796828_-73.9452242","40.7968341_-73.9496464","40.796837_-74.018528","40.796845_-73.9741269","40.7968544_-73.9206517","40.7968819_-73.948876","40.7968912_-73.949646","40.796895_-73.9741119","40.7969137_-73.9568682","40.7969184_-73.9548696","40.7969223_-73.9737574","40.7969357_-73.9488877","40.7969408_-73.9760545","40.796942_-73.992912","40.7969435_-73.9496325","40.7969532_-73.9741038","40.7969579_-73.9292057","40.796966_-73.992827","40.7969806_-73.9737246","40.7969859_-73.9496366","40.7969881_-73.9489132","40.7969883_-73.9377842","40.796988_-73.931743","40.7969_-74.012417","40.7970239_-73.974099","40.7970366_-73.9489522","40.797038_-73.92982","40.7970401_-73.9190604","40.7970407_-73.9547587","40.7970411_-73.9736953","40.797046_-73.92976","40.797062_-73.99436","40.7970748_-73.9740997","40.79707_-73.929693","40.7970831_-73.9495923","40.7970843_-73.9490114","40.797086_-73.949699","40.7970951_-73.9495174","40.797101_-73.92964","40.7971051_-73.9569697","40.7971076_-73.9494701","40.7971081_-73.949054","40.7971196_-73.9741038","40.797119_-74.002619","40.7971216_-73.9490851","40.7971264_-73.9186353","40.7971274_-73.9191395","40.7971337_-73.9494024","40.7971465_-73.9491754","40.797147_-73.929593","40.7971496_-73.9493271","40.797149_-73.973651","40.7971524_-73.9546729","40.7971538_-73.9492566","40.7971568_-73.9291721","40.797165_-73.998288","40.797166_-73.99272","40.7971827_-73.9698323","40.7971871_-73.9718112","40.7971967_-73.9756445","40.7972202_-73.9759085","40.797222_-73.992792","40.797224_-73.969935","40.7972357_-73.9570015","40.7972466_-73.9680298","40.7972533_-73.9700079","40.797253_-73.929551","40.7972574_-73.9545991","40.797258_-73.940524","40.7972795_-73.9741236","40.7972829_-73.9643013","40.7972965_-73.9445285","40.797299_-73.994091","40.7972_-73.929562","40.7973103_-73.9344558","40.797314_-73.993993","40.797343_-73.929545","40.7973475_-73.9624256","40.7973649_-73.9193216","40.7973696_-73.954528","40.797375_-73.9605346","40.7973782_-73.9188659","40.7973783_-73.9200375","40.79737_-74.004872","40.7973825_-73.9662642","40.7973865_-73.9663286","40.7973869_-73.957022","40.7973947_-73.9664064","40.797403_-73.998073","40.7974083_-73.9448018","40.7974115_-73.9664621","40.7974178_-73.9291404","40.797418_-73.999791","40.7974207_-73.9293305","40.797447_-73.995334","40.79745_-73.9467","40.7974767_-73.9194171","40.797478_-73.948792","40.7974808_-73.974147","40.7975215_-73.9544448","40.7975281_-73.9604219","40.797555_-73.929544","40.797565_-73.9191583","40.7975772_-73.9195486")
done
127.68user 803.36system 1:15:26elapsed 20%CPU (0avgtext+0avgdata 57440maxresident)k
587776inputs+10296outputs (8major+29520minor)pagefaults 0swaps
