40.8489812_-73.9452544
40.8490094_-73.9410558
40.849079_-73.909451
40.8490814_-73.9172851
40.8490817_-73.9057408
40.8490897_-73.9160682
40.8490991_-73.9058045
40.8491073_-73.9850587
40.8491109_-73.9430192
40.8491427_-73.9056871
40.849145_-73.935471
40.8491598_-73.9272713
40.8492002_-73.9174402
40.8492019_-73.9434091
40.849202_-73.970363
40.8492269_-73.9059714
40.849252_-73.9389728
40.849266_-73.905649
40.8492748_-73.9289747
40.849276_-73.9175392
40.849282_-73.972964
40.8492849_-73.9057023
40.8492991_-73.9058349
40.849304_-74.002025
40.849309_-73.931917
40.8493104_-73.9300043
40.8493123_-73.9389502
40.8493189_-73.9057499
40.849321_-73.933731
40.8493355_-73.9063371
40.8493534_-73.9061008
40.8493982_-73.9058313
40.8494107_-73.9161635
40.8494122_-73.9030301
40.849418_-73.911122
40.8494292_-73.9231316
40.8494357_-73.9451343
40.8494457_-73.9167706
40.84944_-73.918409
40.8494736_-73.9062233
40.8494835_-73.916176
40.8494939_-73.9703371
40.8495004_-73.943282
40.8495104_-73.9399265
40.8495271_-73.9059612
40.849541_-73.9287269
40.849541_-73.936397
40.849564_-73.9165119
40.8495738_-73.9162766
40.8496072_-73.9734765
40.849621_-73.919371
40.8496262_-73.9062624
40.8496424_-73.9060768
40.8496627_-73.9406608
40.849669_-73.908013
40.849669_-73.977855
40.8496818_-73.9062201
40.8496854_-73.9159983
40.8496954_-73.9408385
40.8497583_-73.9181436
40.8497672_-73.9166234
40.849804_-73.920319
40.8498238_-73.9142359
40.8498422_-73.9282715
40.84984_-73.934966
40.849852_-74.000329
40.8498904_-73.9054383
40.8498909_-73.9295801
40.849895_-73.93331
40.8498966_-73.9449455
40.849899_-73.909175
40.8499103_-73.9431426
40.849921_-73.931472
40.8499478_-73.9297147
40.8499483_-73.9158603
40.8499486_-73.9160469
40.849964_-73.9058086
40.849968_-73.914156
40.8499781_-73.9386594
40.8499973_-73.9212404
40.8500077_-73.9135088
40.850019_-73.910695
40.8500512_-73.9280193
40.8500531_-73.9144735
40.8500558_-73.9190559
40.8500717_-73.9357843
40.8500863_-73.9300426
40.8501114_-73.9704477
40.850111_-73.9065401
40.850125_-73.912875
40.8501298_-73.9396608
40.8501358_-73.942897
40.8501449_-73.9116931
40.8501487_-73.91575
40.8501764_-73.9357231
40.8501784_-73.9396399
40.8501823_-73.9447652
40.850182_-73.910582
40.8501837_-73.9148413
40.850184_-73.967767
40.85018_-73.9842544
40.850192_-73.911988
40.8502252_-73.9431008
40.850246_-73.912093
40.8502604_-74.0130825
40.850296_-73.970494
40.8503134_-73.9070768
40.850326_-73.9222792
40.8503404_-73.9068798
40.8503664_-73.9152601
40.8503669_-73.9307067
40.8503746_-73.940603
40.8504169_-73.9124335
40.850417_-73.934544
40.8489812_-73.9452544
40.8490094_-73.9410558
40.849079_-73.909451
40.8490814_-73.9172851
40.8490817_-73.9057408
40.8490897_-73.9160682
40.8490991_-73.9058045
40.8491073_-73.9850587
40.8491109_-73.9430192
40.8491427_-73.9056871
40.849145_-73.935471
40.8491598_-73.9272713
40.8492002_-73.9174402
40.8492019_-73.9434091
40.849202_-73.970363
40.8492269_-73.9059714
40.849252_-73.9389728
40.849266_-73.905649
40.8492748_-73.9289747
40.849276_-73.9175392
40.849282_-73.972964
40.8492849_-73.9057023
40.8492991_-73.9058349
40.849304_-74.002025
40.849309_-73.931917
40.8493104_-73.9300043
40.8493123_-73.9389502
40.8493189_-73.9057499
40.849321_-73.933731
40.8493355_-73.9063371
40.8493534_-73.9061008
40.8493982_-73.9058313
40.8494107_-73.9161635
40.8494122_-73.9030301
40.849418_-73.911122
40.8494292_-73.9231316
40.8494357_-73.9451343
40.8494457_-73.9167706
40.84944_-73.918409
40.8494736_-73.9062233
40.8494835_-73.916176
40.8494939_-73.9703371
40.8495004_-73.943282
40.8495104_-73.9399265
40.8495271_-73.9059612
40.849541_-73.9287269
40.849541_-73.936397
40.849564_-73.9165119
40.8495738_-73.9162766
40.8496072_-73.9734765
40.849621_-73.919371
40.8496262_-73.9062624
40.8496424_-73.9060768
40.8496627_-73.9406608
40.849669_-73.908013
40.849669_-73.977855
40.8496818_-73.9062201
40.8496854_-73.9159983
40.8496954_-73.9408385
40.8497583_-73.9181436
40.8497672_-73.9166234
40.849804_-73.920319
40.8498238_-73.9142359
40.8498422_-73.9282715
40.84984_-73.934966
40.849852_-74.000329
40.8498904_-73.9054383
40.8498909_-73.9295801
40.849895_-73.93331
40.8498966_-73.9449455
40.849899_-73.909175
40.8499103_-73.9431426
40.849921_-73.931472
40.8499478_-73.9297147
40.8499483_-73.9158603
40.8499486_-73.9160469
40.849964_-73.9058086
40.849968_-73.914156
40.8499781_-73.9386594
40.8499973_-73.9212404
40.8500077_-73.9135088
40.850019_-73.910695
40.8500512_-73.9280193
40.8500531_-73.9144735
40.8500558_-73.9190559
40.8500717_-73.9357843
40.8500863_-73.9300426
40.8501114_-73.9704477
40.850111_-73.9065401
40.850125_-73.912875
40.8501298_-73.9396608
40.8501358_-73.942897
40.8501449_-73.9116931
40.8501487_-73.91575
40.8501764_-73.9357231
40.8501784_-73.9396399
40.8501823_-73.9447652
40.850182_-73.910582
40.8501837_-73.9148413
40.850184_-73.967767
40.85018_-73.9842544
40.850192_-73.911988
40.8502252_-73.9431008
40.850246_-73.912093
40.8502604_-74.0130825
40.850296_-73.970494
40.8503134_-73.9070768
40.850326_-73.9222792
40.8503404_-73.9068798
40.8503664_-73.9152601
40.8503669_-73.9307067
40.8503746_-73.940603
40.8504169_-73.9124335
40.850417_-73.934544
("40.8489812_-73.9452544","40.8490094_-73.9410558","40.849079_-73.909451","40.8490814_-73.9172851","40.8490817_-73.9057408","40.8490897_-73.9160682","40.8490991_-73.9058045","40.8491073_-73.9850587","40.8491109_-73.9430192","40.8491427_-73.9056871","40.849145_-73.935471","40.8491598_-73.9272713","40.8492002_-73.9174402","40.8492019_-73.9434091","40.849202_-73.970363","40.8492269_-73.9059714","40.849252_-73.9389728","40.849266_-73.905649","40.8492748_-73.9289747","40.849276_-73.9175392","40.849282_-73.972964","40.8492849_-73.9057023","40.8492991_-73.9058349","40.849304_-74.002025","40.849309_-73.931917","40.8493104_-73.9300043","40.8493123_-73.9389502","40.8493189_-73.9057499","40.849321_-73.933731","40.8493355_-73.9063371","40.8493534_-73.9061008","40.8493982_-73.9058313","40.8494107_-73.9161635","40.8494122_-73.9030301","40.849418_-73.911122","40.8494292_-73.9231316","40.8494357_-73.9451343","40.8494457_-73.9167706","40.84944_-73.918409","40.8494736_-73.9062233","40.8494835_-73.916176","40.8494939_-73.9703371","40.8495004_-73.943282","40.8495104_-73.9399265","40.8495271_-73.9059612","40.849541_-73.9287269","40.849541_-73.936397","40.849564_-73.9165119","40.8495738_-73.9162766","40.8496072_-73.9734765","40.849621_-73.919371","40.8496262_-73.9062624","40.8496424_-73.9060768","40.8496627_-73.9406608","40.849669_-73.908013","40.849669_-73.977855","40.8496818_-73.9062201","40.8496854_-73.9159983","40.8496954_-73.9408385","40.8497583_-73.9181436","40.8497672_-73.9166234","40.849804_-73.920319","40.8498238_-73.9142359","40.8498422_-73.9282715","40.84984_-73.934966","40.849852_-74.000329","40.8498904_-73.9054383","40.8498909_-73.9295801","40.849895_-73.93331","40.8498966_-73.9449455","40.849899_-73.909175","40.8499103_-73.9431426","40.849921_-73.931472","40.8499478_-73.9297147","40.8499483_-73.9158603","40.8499486_-73.9160469","40.849964_-73.9058086","40.849968_-73.914156","40.8499781_-73.9386594","40.8499973_-73.9212404","40.8500077_-73.9135088","40.850019_-73.910695","40.8500512_-73.9280193","40.8500531_-73.9144735","40.8500558_-73.9190559","40.8500717_-73.9357843","40.8500863_-73.9300426","40.8501114_-73.9704477","40.850111_-73.9065401","40.850125_-73.912875","40.8501298_-73.9396608","40.8501358_-73.942897","40.8501449_-73.9116931","40.8501487_-73.91575","40.8501764_-73.9357231","40.8501784_-73.9396399","40.8501823_-73.9447652","40.850182_-73.910582","40.8501837_-73.9148413","40.850184_-73.967767","40.85018_-73.9842544","40.850192_-73.911988","40.8502252_-73.9431008","40.850246_-73.912093","40.8502604_-74.0130825","40.850296_-73.970494","40.8503134_-73.9070768","40.850326_-73.9222792","40.8503404_-73.9068798","40.8503664_-73.9152601","40.8503669_-73.9307067","40.8503746_-73.940603","40.8504169_-73.9124335","40.850417_-73.934544")
done
123.62user 814.96system 1:14:16elapsed 21%CPU (0avgtext+0avgdata 51824maxresident)k
1231328inputs+48outputs (6major+27211minor)pagefaults 0swaps
