40.723682_-74.003635
40.723686_-73.996476
40.7236873_-73.9814332
40.723689_-73.97603
40.723707_-73.904448
40.723709_-74.0081443
40.7237253_-73.9909945
40.7237329_-74.0058495
40.7237345_-73.9759969
40.723748_-74.0059244
40.723772_-73.950788
40.72377_-74.006004
40.7237828_-73.9324465
40.7237959_-73.9955011
40.723795_-74.000367
40.7237_-74.007912
40.7238002_-74.0061111
40.723809_-73.938488
40.7238117_-73.9912532
40.7238123_-73.9945675
40.723812_-73.961401
40.723837_-73.906336
40.723865_-74.007894
40.72386_-73.9476488
40.723881_-73.914335
40.723882_-73.982083
40.72388_-73.996952
40.723898_-73.914587
40.723908_-73.937619
40.723921_-73.907566
40.723931_-73.912533
40.723942_-73.987968
40.723943_-73.955679
40.7239529_-73.9377624
40.723977_-74.008302
40.7239866_-73.9577852
40.723986_-73.9909867
40.7239896_-73.9880826
40.723994_-74.008462
40.7240035_-73.992581
40.7240128_-73.9200859
40.7240528_-73.9925624
40.724055_-74.00438
40.724056_-73.949924
40.724057_-73.909551
40.724058_-73.934302
40.7240668_-73.9377946
40.724072_-73.995351
40.724075_-73.937265
40.724086_-73.9788677
40.724088_-74.009425
40.7240911_-73.9733114
40.7240979_-73.9926927
40.724097_-73.950978
40.724118_-74.007857
40.7241309_-73.9370422
40.7241366_-73.9734144
40.724137_-73.910759
40.724166_-74.001127
40.724169_-74.010223
40.724173_-74.004575
40.7241822_-73.9735174
40.724182_-73.911345
40.724184_-74.004272
40.724189_-73.9909221
40.7241926_-73.9308672
40.724192_-73.99251
40.7242208_-73.9478607
40.724222_-74.008644
40.724223_-73.917126
40.7242263_-73.9736244
40.7242313_-73.9926444
40.7242323_-73.955375
40.724235_-73.997785
40.724239_-73.956155
40.724257_-73.912505
40.7242627_-74.0111079
40.724266_-73.937654
40.724267_-74.004739
40.724269_-73.984837
40.724271_-73.957722
40.7242749_-74.0112227
40.7242811_-73.9370288
40.724283_-73.975598
40.724283_-73.9908109
40.7242913_-74.0048191
40.724298_-73.957717
40.7243133_-74.004957
40.724313_-73.9551243
40.724336_-73.949083
40.724345_-73.936188
40.7243769_-73.9934975
40.7243842_-73.9743046
40.7243868_-73.9743627
40.7243955_-73.9366432
40.724397_-73.9742399
40.7243995_-73.974411
40.72439_-73.904368
40.724403_-73.995882
40.7244159_-74.0060055
40.7244194_-73.9741931
40.724429_-73.914871
40.7244332_-73.9479787
40.7244332_-73.9744697
40.724443_-73.915106
40.7244489_-73.9373226
40.72445_-73.9741568
40.7244727_-73.9745039
40.724473_-73.932714
40.724494_-73.981637
40.7244968_-73.9366935
40.7244993_-73.9741281
40.724504_-74.007029
40.7245054_-73.9934371
40.723682_-74.003635
40.723686_-73.996476
40.7236873_-73.9814332
40.723689_-73.97603
40.723707_-73.904448
40.723709_-74.0081443
40.7237253_-73.9909945
40.7237329_-74.0058495
40.7237345_-73.9759969
40.723748_-74.0059244
40.723772_-73.950788
40.72377_-74.006004
40.7237828_-73.9324465
40.7237959_-73.9955011
40.723795_-74.000367
40.7237_-74.007912
40.7238002_-74.0061111
40.723809_-73.938488
40.7238117_-73.9912532
40.7238123_-73.9945675
40.723812_-73.961401
40.723837_-73.906336
40.723865_-74.007894
40.72386_-73.9476488
40.723881_-73.914335
40.723882_-73.982083
40.72388_-73.996952
40.723898_-73.914587
40.723908_-73.937619
40.723921_-73.907566
40.723931_-73.912533
40.723942_-73.987968
40.723943_-73.955679
40.7239529_-73.9377624
40.723977_-74.008302
40.7239866_-73.9577852
40.723986_-73.9909867
40.7239896_-73.9880826
40.723994_-74.008462
40.7240035_-73.992581
40.7240128_-73.9200859
40.7240528_-73.9925624
40.724055_-74.00438
40.724056_-73.949924
40.724057_-73.909551
40.724058_-73.934302
40.7240668_-73.9377946
40.724072_-73.995351
40.724075_-73.937265
40.724086_-73.9788677
40.724088_-74.009425
40.7240911_-73.9733114
40.7240979_-73.9926927
40.724097_-73.950978
40.724118_-74.007857
40.7241309_-73.9370422
40.7241366_-73.9734144
40.724137_-73.910759
40.724166_-74.001127
40.724169_-74.010223
40.724173_-74.004575
40.7241822_-73.9735174
40.724182_-73.911345
40.724184_-74.004272
40.724189_-73.9909221
40.7241926_-73.9308672
40.724192_-73.99251
40.7242208_-73.9478607
40.724222_-74.008644
40.724223_-73.917126
40.7242263_-73.9736244
40.7242313_-73.9926444
40.7242323_-73.955375
40.724235_-73.997785
40.724239_-73.956155
40.724257_-73.912505
40.7242627_-74.0111079
40.724266_-73.937654
40.724267_-74.004739
40.724269_-73.984837
40.724271_-73.957722
40.7242749_-74.0112227
40.7242811_-73.9370288
40.724283_-73.975598
40.724283_-73.9908109
40.7242913_-74.0048191
40.724298_-73.957717
40.7243133_-74.004957
40.724313_-73.9551243
40.724336_-73.949083
40.724345_-73.936188
40.7243769_-73.9934975
40.7243842_-73.9743046
40.7243868_-73.9743627
40.7243955_-73.9366432
40.724397_-73.9742399
40.7243995_-73.974411
40.72439_-73.904368
40.724403_-73.995882
40.7244159_-74.0060055
40.7244194_-73.9741931
40.724429_-73.914871
40.7244332_-73.9479787
40.7244332_-73.9744697
40.724443_-73.915106
40.7244489_-73.9373226
40.72445_-73.9741568
40.7244727_-73.9745039
40.724473_-73.932714
40.724494_-73.981637
40.7244968_-73.9366935
40.7244993_-73.9741281
40.724504_-74.007029
40.7245054_-73.9934371
("40.723682_-74.003635","40.723686_-73.996476","40.7236873_-73.9814332","40.723689_-73.97603","40.723707_-73.904448","40.723709_-74.0081443","40.7237253_-73.9909945","40.7237329_-74.0058495","40.7237345_-73.9759969","40.723748_-74.0059244","40.723772_-73.950788","40.72377_-74.006004","40.7237828_-73.9324465","40.7237959_-73.9955011","40.723795_-74.000367","40.7237_-74.007912","40.7238002_-74.0061111","40.723809_-73.938488","40.7238117_-73.9912532","40.7238123_-73.9945675","40.723812_-73.961401","40.723837_-73.906336","40.723865_-74.007894","40.72386_-73.9476488","40.723881_-73.914335","40.723882_-73.982083","40.72388_-73.996952","40.723898_-73.914587","40.723908_-73.937619","40.723921_-73.907566","40.723931_-73.912533","40.723942_-73.987968","40.723943_-73.955679","40.7239529_-73.9377624","40.723977_-74.008302","40.7239866_-73.9577852","40.723986_-73.9909867","40.7239896_-73.9880826","40.723994_-74.008462","40.7240035_-73.992581","40.7240128_-73.9200859","40.7240528_-73.9925624","40.724055_-74.00438","40.724056_-73.949924","40.724057_-73.909551","40.724058_-73.934302","40.7240668_-73.9377946","40.724072_-73.995351","40.724075_-73.937265","40.724086_-73.9788677","40.724088_-74.009425","40.7240911_-73.9733114","40.7240979_-73.9926927","40.724097_-73.950978","40.724118_-74.007857","40.7241309_-73.9370422","40.7241366_-73.9734144","40.724137_-73.910759","40.724166_-74.001127","40.724169_-74.010223","40.724173_-74.004575","40.7241822_-73.9735174","40.724182_-73.911345","40.724184_-74.004272","40.724189_-73.9909221","40.7241926_-73.9308672","40.724192_-73.99251","40.7242208_-73.9478607","40.724222_-74.008644","40.724223_-73.917126","40.7242263_-73.9736244","40.7242313_-73.9926444","40.7242323_-73.955375","40.724235_-73.997785","40.724239_-73.956155","40.724257_-73.912505","40.7242627_-74.0111079","40.724266_-73.937654","40.724267_-74.004739","40.724269_-73.984837","40.724271_-73.957722","40.7242749_-74.0112227","40.7242811_-73.9370288","40.724283_-73.975598","40.724283_-73.9908109","40.7242913_-74.0048191","40.724298_-73.957717","40.7243133_-74.004957","40.724313_-73.9551243","40.724336_-73.949083","40.724345_-73.936188","40.7243769_-73.9934975","40.7243842_-73.9743046","40.7243868_-73.9743627","40.7243955_-73.9366432","40.724397_-73.9742399","40.7243995_-73.974411","40.72439_-73.904368","40.724403_-73.995882","40.7244159_-74.0060055","40.7244194_-73.9741931","40.724429_-73.914871","40.7244332_-73.9479787","40.7244332_-73.9744697","40.724443_-73.915106","40.7244489_-73.9373226","40.72445_-73.9741568","40.7244727_-73.9745039","40.724473_-73.932714","40.724494_-73.981637","40.7244968_-73.9366935","40.7244993_-73.9741281","40.724504_-74.007029","40.7245054_-73.9934371")
done
147.29user 808.28system 1:13:05elapsed 21%CPU (0avgtext+0avgdata 66168maxresident)k
1137024inputs+47536outputs (23major+35243minor)pagefaults 0swaps
