40.7422885_-74.0044325
40.7422913_-73.9518159
40.7422968_-73.9893277
40.742302_-73.9493078
40.7423064_-73.9587089
40.7423065_-73.9129675
40.7423071_-73.948063
40.7423119_-73.9138114
40.7423149_-73.9890142
40.7423235_-73.9914334
40.7423276_-73.9514961
40.7423388_-73.9293061
40.74233_-73.941158
40.7423458_-73.9110377
40.742356_-73.9516275
40.7423578_-73.9776648
40.7423624_-73.9598196
40.7423632_-73.9723858
40.7423643_-73.910129
40.7423665_-73.9522115
40.7423725_-73.989068
40.7423748_-73.9129294
40.7423857_-73.959939
40.7424048_-73.9889481
40.7424069_-73.9110257
40.7424143_-73.9522812
40.7424155_-73.9819169
40.7424361_-73.912894
40.742438_-73.972639
40.7424477_-73.9302418
40.7424493_-73.9539821
40.7424614_-73.9565341
40.7424712_-73.9110129
40.7424745_-73.9523472
40.7424876_-73.9566696
40.7424879_-73.9527805
40.7424965_-73.9722633
40.7425023_-73.9599416
40.742511_-73.917873
40.7425143_-73.9523637
40.742515_-73.907329
40.7425235_-73.9492327
40.742532_-73.943433
40.7425348_-73.9515591
40.7425366_-73.9892212
40.7425404_-73.9150275
40.742541_-74.0079278
40.7425534_-73.9311586
40.7425566_-73.9128414
40.7425589_-73.9599413
40.7425814_-73.9523742
40.7425836_-73.9118978
40.7425849_-74.0051318
40.742587_-73.98041
40.742595_-73.903393
40.7426157_-73.9150111
40.742623_-73.9128213
40.7426263_-73.9892286
40.7426264_-73.951704
40.7426344_-73.9540378
40.742645_-73.982462
40.7426582_-73.9514004
40.7426591_-73.9320825
40.742666_-73.9407635
40.7426714_-73.9516953
40.7426771_-73.9150006
40.7426815_-73.9159564
40.7426838_-73.9806384
40.7426896_-73.9127889
40.742695_-73.903794
40.7427015_-73.9538964
40.7427028_-73.9523685
40.742708_-73.984529
40.7427165_-73.9517101
40.7427193_-73.959909
40.7427277_-73.974281
40.7427278_-73.9491605
40.7427404_-73.9723542
40.7427418_-73.9541059
40.7427585_-73.9504627
40.7427587_-74.0077623
40.7427646_-73.9517437
40.7427657_-73.9722491
40.7427672_-73.9886818
40.742767_-73.9330121
40.742772_-73.986597
40.7427876_-73.9512055
40.7427908_-73.972473
40.7427929_-73.9168911
40.742792_-73.943378
40.7427999_-73.9514838
40.7428021_-73.9169622
40.7428034_-73.9809203
40.742805_-73.904277
40.7428112_-73.9149736
40.742811_-73.99658
40.742814_-73.988644
40.7428156_-73.9511912
40.7428292_-74.0056997
40.7428299_-74.003883
40.7428321_-73.9140152
40.7428329_-73.9773309
40.7428337_-73.951165
40.742834_-74.007705
40.7428355_-73.9511257
40.7428381_-73.9584897
40.742839_-74.000275
40.7428411_-73.9518109
40.7428529_-73.9585668
40.7428583_-73.9348926
40.74285_-73.9721334
40.7428607_-73.9586024
40.7428685_-73.9509976
40.7428691_-73.9518255
40.7422885_-74.0044325
40.7422913_-73.9518159
40.7422968_-73.9893277
40.742302_-73.9493078
40.7423064_-73.9587089
40.7423065_-73.9129675
40.7423071_-73.948063
40.7423119_-73.9138114
40.7423149_-73.9890142
40.7423235_-73.9914334
40.7423276_-73.9514961
40.7423388_-73.9293061
40.74233_-73.941158
40.7423458_-73.9110377
40.742356_-73.9516275
40.7423578_-73.9776648
40.7423624_-73.9598196
40.7423632_-73.9723858
40.7423643_-73.910129
40.7423665_-73.9522115
40.7423725_-73.989068
40.7423748_-73.9129294
40.7423857_-73.959939
40.7424048_-73.9889481
40.7424069_-73.9110257
40.7424143_-73.9522812
40.7424155_-73.9819169
40.7424361_-73.912894
40.742438_-73.972639
40.7424477_-73.9302418
40.7424493_-73.9539821
40.7424614_-73.9565341
40.7424712_-73.9110129
40.7424745_-73.9523472
40.7424876_-73.9566696
40.7424879_-73.9527805
40.7424965_-73.9722633
40.7425023_-73.9599416
40.742511_-73.917873
40.7425143_-73.9523637
40.742515_-73.907329
40.7425235_-73.9492327
40.742532_-73.943433
40.7425348_-73.9515591
40.7425366_-73.9892212
40.7425404_-73.9150275
40.742541_-74.0079278
40.7425534_-73.9311586
40.7425566_-73.9128414
40.7425589_-73.9599413
40.7425814_-73.9523742
40.7425836_-73.9118978
40.7425849_-74.0051318
40.742587_-73.98041
40.742595_-73.903393
40.7426157_-73.9150111
40.742623_-73.9128213
40.7426263_-73.9892286
40.7426264_-73.951704
40.7426344_-73.9540378
40.742645_-73.982462
40.7426582_-73.9514004
40.7426591_-73.9320825
40.742666_-73.9407635
40.7426714_-73.9516953
40.7426771_-73.9150006
40.7426815_-73.9159564
40.7426838_-73.9806384
40.7426896_-73.9127889
40.742695_-73.903794
40.7427015_-73.9538964
40.7427028_-73.9523685
40.742708_-73.984529
40.7427165_-73.9517101
40.7427193_-73.959909
40.7427277_-73.974281
40.7427278_-73.9491605
40.7427404_-73.9723542
40.7427418_-73.9541059
40.7427585_-73.9504627
40.7427587_-74.0077623
40.7427646_-73.9517437
40.7427657_-73.9722491
40.7427672_-73.9886818
40.742767_-73.9330121
40.742772_-73.986597
40.7427876_-73.9512055
40.7427908_-73.972473
40.7427929_-73.9168911
40.742792_-73.943378
40.7427999_-73.9514838
40.7428021_-73.9169622
40.7428034_-73.9809203
40.742805_-73.904277
40.7428112_-73.9149736
40.742811_-73.99658
40.742814_-73.988644
40.7428156_-73.9511912
40.7428292_-74.0056997
40.7428299_-74.003883
40.7428321_-73.9140152
40.7428329_-73.9773309
40.7428337_-73.951165
40.742834_-74.007705
40.7428355_-73.9511257
40.7428381_-73.9584897
40.742839_-74.000275
40.7428411_-73.9518109
40.7428529_-73.9585668
40.7428583_-73.9348926
40.74285_-73.9721334
40.7428607_-73.9586024
40.7428685_-73.9509976
40.7428691_-73.9518255
("40.7422885_-74.0044325","40.7422913_-73.9518159","40.7422968_-73.9893277","40.742302_-73.9493078","40.7423064_-73.9587089","40.7423065_-73.9129675","40.7423071_-73.948063","40.7423119_-73.9138114","40.7423149_-73.9890142","40.7423235_-73.9914334","40.7423276_-73.9514961","40.7423388_-73.9293061","40.74233_-73.941158","40.7423458_-73.9110377","40.742356_-73.9516275","40.7423578_-73.9776648","40.7423624_-73.9598196","40.7423632_-73.9723858","40.7423643_-73.910129","40.7423665_-73.9522115","40.7423725_-73.989068","40.7423748_-73.9129294","40.7423857_-73.959939","40.7424048_-73.9889481","40.7424069_-73.9110257","40.7424143_-73.9522812","40.7424155_-73.9819169","40.7424361_-73.912894","40.742438_-73.972639","40.7424477_-73.9302418","40.7424493_-73.9539821","40.7424614_-73.9565341","40.7424712_-73.9110129","40.7424745_-73.9523472","40.7424876_-73.9566696","40.7424879_-73.9527805","40.7424965_-73.9722633","40.7425023_-73.9599416","40.742511_-73.917873","40.7425143_-73.9523637","40.742515_-73.907329","40.7425235_-73.9492327","40.742532_-73.943433","40.7425348_-73.9515591","40.7425366_-73.9892212","40.7425404_-73.9150275","40.742541_-74.0079278","40.7425534_-73.9311586","40.7425566_-73.9128414","40.7425589_-73.9599413","40.7425814_-73.9523742","40.7425836_-73.9118978","40.7425849_-74.0051318","40.742587_-73.98041","40.742595_-73.903393","40.7426157_-73.9150111","40.742623_-73.9128213","40.7426263_-73.9892286","40.7426264_-73.951704","40.7426344_-73.9540378","40.742645_-73.982462","40.7426582_-73.9514004","40.7426591_-73.9320825","40.742666_-73.9407635","40.7426714_-73.9516953","40.7426771_-73.9150006","40.7426815_-73.9159564","40.7426838_-73.9806384","40.7426896_-73.9127889","40.742695_-73.903794","40.7427015_-73.9538964","40.7427028_-73.9523685","40.742708_-73.984529","40.7427165_-73.9517101","40.7427193_-73.959909","40.7427277_-73.974281","40.7427278_-73.9491605","40.7427404_-73.9723542","40.7427418_-73.9541059","40.7427585_-73.9504627","40.7427587_-74.0077623","40.7427646_-73.9517437","40.7427657_-73.9722491","40.7427672_-73.9886818","40.742767_-73.9330121","40.742772_-73.986597","40.7427876_-73.9512055","40.7427908_-73.972473","40.7427929_-73.9168911","40.742792_-73.943378","40.7427999_-73.9514838","40.7428021_-73.9169622","40.7428034_-73.9809203","40.742805_-73.904277","40.7428112_-73.9149736","40.742811_-73.99658","40.742814_-73.988644","40.7428156_-73.9511912","40.7428292_-74.0056997","40.7428299_-74.003883","40.7428321_-73.9140152","40.7428329_-73.9773309","40.7428337_-73.951165","40.742834_-74.007705","40.7428355_-73.9511257","40.7428381_-73.9584897","40.742839_-74.000275","40.7428411_-73.9518109","40.7428529_-73.9585668","40.7428583_-73.9348926","40.74285_-73.9721334","40.7428607_-73.9586024","40.7428685_-73.9509976","40.7428691_-73.9518255")
done
145.12user 814.54system 1:15:32elapsed 21%CPU (0avgtext+0avgdata 75752maxresident)k
196096inputs+80704outputs (37major+39316minor)pagefaults 0swaps
