40.7172261_-73.998855
40.7172355_-74.0130256
40.717252_-73.965734
40.717265_-74.009064
40.7172701_-73.998918
40.7172723_-73.9628475
40.717279_-73.995429
40.7172809_-73.9853222
40.71728_-73.958319
40.7172994_-74.0131642
40.717299_-74.001566
40.717304_-73.906964
40.7173165_-73.9841696
40.7173191_-73.979296
40.7173234_-73.9076714
40.717323_-73.9875926
40.7173258_-73.9753456
40.717333_-74.009635
40.71733_-73.999449
40.717343_-73.991176
40.7173449_-73.9855288
40.717347_-74.015076
40.7173566_-73.9524647
40.7173573_-74.01607
40.717357_-73.94485
40.717357_-73.953992
40.7173648_-73.9752082
40.717364_-73.90639
40.7173688_-73.9841411
40.7173728_-73.9995817
40.7173749_-74.0151357
40.7173763_-73.9912745
40.717377_-74.009991
40.7173816_-73.9521687
40.717389_-73.9913194
40.717398_-73.9913511
40.7174084_-73.9193154
40.717409_-73.987879
40.7174162_-73.9840024
40.717418_-73.991422
40.7174197_-73.985721
40.7174345_-73.9490648
40.717438_-73.936659
40.7174432_-73.9482647
40.717449_-74.003533
40.7174635_-74.0106317
40.7174657_-73.9857922
40.717481_-73.908623
40.7174965_-74.0153958
40.7175054_-73.9858177
40.717517_-73.94317
40.7175205_-74.0159298
40.717528_-73.960196
40.71752_-73.964727
40.7175401_-73.9647626
40.7175431_-73.9664043
40.717543_-73.9800019
40.71755_-73.999313
40.717589_-73.955844
40.7175903_-73.949948
40.7175906_-73.9858177
40.7175925_-73.9754056
40.717596_-73.996327
40.717598_-74.009
40.7176124_-74.0138439
40.717619_-74.000274
40.717623_-73.9858325
40.7176381_-73.975234
40.717643_-73.938461
40.7176576_-73.975131
40.717658_-73.99222
40.71765_-73.988671
40.7176679_-73.9491224
40.7176679_-74.0075333
40.717671_-74.015769
40.7176725_-73.9848376
40.717677_-74.005777
40.7176835_-74.0023556
40.717697_-73.94127
40.7177122_-74.014069
40.717716_-73.94861
40.7177292_-74.0024424
40.71774_-74.004154
40.7177579_-73.9180697
40.7177656_-73.9861846
40.717781_-73.9867181
40.717787_-73.94033
40.717789_-73.965203
40.7177913_-73.947731
40.7178211_-73.9857349
40.7178283_-73.9094742
40.717835_-73.957725
40.717838_-73.934983
40.7178471_-73.9854365
40.717858_-73.9181021
40.7178593_-73.9751825
40.717865_-73.948322
40.71786_-73.962218
40.71787_-73.976027
40.71787_-73.997108
40.7178944_-73.9894779
40.7178995_-73.9855779
40.717907_-73.946653
40.717911_-73.953398
40.717922_-73.993095
40.717925_-74.008943
40.71792_-73.9856124
40.717932_-74.000988
40.7179347_-73.986636
40.7179404_-73.9856334
40.7179414_-73.918078
40.717971_-73.98565
40.717995_-74.009494
40.7179998_-73.9316053
40.7172261_-73.998855
40.7172355_-74.0130256
40.717252_-73.965734
40.717265_-74.009064
40.7172701_-73.998918
40.7172723_-73.9628475
40.717279_-73.995429
40.7172809_-73.9853222
40.71728_-73.958319
40.7172994_-74.0131642
40.717299_-74.001566
40.717304_-73.906964
40.7173165_-73.9841696
40.7173191_-73.979296
40.7173234_-73.9076714
40.717323_-73.9875926
40.7173258_-73.9753456
40.717333_-74.009635
40.71733_-73.999449
40.717343_-73.991176
40.7173449_-73.9855288
40.717347_-74.015076
40.7173566_-73.9524647
40.7173573_-74.01607
40.717357_-73.94485
40.717357_-73.953992
40.7173648_-73.9752082
40.717364_-73.90639
40.7173688_-73.9841411
40.7173728_-73.9995817
40.7173749_-74.0151357
40.7173763_-73.9912745
40.717377_-74.009991
40.7173816_-73.9521687
40.717389_-73.9913194
40.717398_-73.9913511
40.7174084_-73.9193154
40.717409_-73.987879
40.7174162_-73.9840024
40.717418_-73.991422
40.7174197_-73.985721
40.7174345_-73.9490648
40.717438_-73.936659
40.7174432_-73.9482647
40.717449_-74.003533
40.7174635_-74.0106317
40.7174657_-73.9857922
40.717481_-73.908623
40.7174965_-74.0153958
40.7175054_-73.9858177
40.717517_-73.94317
40.7175205_-74.0159298
40.717528_-73.960196
40.71752_-73.964727
40.7175401_-73.9647626
40.7175431_-73.9664043
40.717543_-73.9800019
40.71755_-73.999313
40.717589_-73.955844
40.7175903_-73.949948
40.7175906_-73.9858177
40.7175925_-73.9754056
40.717596_-73.996327
40.717598_-74.009
40.7176124_-74.0138439
40.717619_-74.000274
40.717623_-73.9858325
40.7176381_-73.975234
40.717643_-73.938461
40.7176576_-73.975131
40.717658_-73.99222
40.71765_-73.988671
40.7176679_-73.9491224
40.7176679_-74.0075333
40.717671_-74.015769
40.7176725_-73.9848376
40.717677_-74.005777
40.7176835_-74.0023556
40.717697_-73.94127
40.7177122_-74.014069
40.717716_-73.94861
40.7177292_-74.0024424
40.71774_-74.004154
40.7177579_-73.9180697
40.7177656_-73.9861846
40.717781_-73.9867181
40.717787_-73.94033
40.717789_-73.965203
40.7177913_-73.947731
40.7178211_-73.9857349
40.7178283_-73.9094742
40.717835_-73.957725
40.717838_-73.934983
40.7178471_-73.9854365
40.717858_-73.9181021
40.7178593_-73.9751825
40.717865_-73.948322
40.71786_-73.962218
40.71787_-73.976027
40.71787_-73.997108
40.7178944_-73.9894779
40.7178995_-73.9855779
40.717907_-73.946653
40.717911_-73.953398
40.717922_-73.993095
40.717925_-74.008943
40.71792_-73.9856124
40.717932_-74.000988
40.7179347_-73.986636
40.7179404_-73.9856334
40.7179414_-73.918078
40.717971_-73.98565
40.717995_-74.009494
40.7179998_-73.9316053
("40.7172261_-73.998855","40.7172355_-74.0130256","40.717252_-73.965734","40.717265_-74.009064","40.7172701_-73.998918","40.7172723_-73.9628475","40.717279_-73.995429","40.7172809_-73.9853222","40.71728_-73.958319","40.7172994_-74.0131642","40.717299_-74.001566","40.717304_-73.906964","40.7173165_-73.9841696","40.7173191_-73.979296","40.7173234_-73.9076714","40.717323_-73.9875926","40.7173258_-73.9753456","40.717333_-74.009635","40.71733_-73.999449","40.717343_-73.991176","40.7173449_-73.9855288","40.717347_-74.015076","40.7173566_-73.9524647","40.7173573_-74.01607","40.717357_-73.94485","40.717357_-73.953992","40.7173648_-73.9752082","40.717364_-73.90639","40.7173688_-73.9841411","40.7173728_-73.9995817","40.7173749_-74.0151357","40.7173763_-73.9912745","40.717377_-74.009991","40.7173816_-73.9521687","40.717389_-73.9913194","40.717398_-73.9913511","40.7174084_-73.9193154","40.717409_-73.987879","40.7174162_-73.9840024","40.717418_-73.991422","40.7174197_-73.985721","40.7174345_-73.9490648","40.717438_-73.936659","40.7174432_-73.9482647","40.717449_-74.003533","40.7174635_-74.0106317","40.7174657_-73.9857922","40.717481_-73.908623","40.7174965_-74.0153958","40.7175054_-73.9858177","40.717517_-73.94317","40.7175205_-74.0159298","40.717528_-73.960196","40.71752_-73.964727","40.7175401_-73.9647626","40.7175431_-73.9664043","40.717543_-73.9800019","40.71755_-73.999313","40.717589_-73.955844","40.7175903_-73.949948","40.7175906_-73.9858177","40.7175925_-73.9754056","40.717596_-73.996327","40.717598_-74.009","40.7176124_-74.0138439","40.717619_-74.000274","40.717623_-73.9858325","40.7176381_-73.975234","40.717643_-73.938461","40.7176576_-73.975131","40.717658_-73.99222","40.71765_-73.988671","40.7176679_-73.9491224","40.7176679_-74.0075333","40.717671_-74.015769","40.7176725_-73.9848376","40.717677_-74.005777","40.7176835_-74.0023556","40.717697_-73.94127","40.7177122_-74.014069","40.717716_-73.94861","40.7177292_-74.0024424","40.71774_-74.004154","40.7177579_-73.9180697","40.7177656_-73.9861846","40.717781_-73.9867181","40.717787_-73.94033","40.717789_-73.965203","40.7177913_-73.947731","40.7178211_-73.9857349","40.7178283_-73.9094742","40.717835_-73.957725","40.717838_-73.934983","40.7178471_-73.9854365","40.717858_-73.9181021","40.7178593_-73.9751825","40.717865_-73.948322","40.71786_-73.962218","40.71787_-73.976027","40.71787_-73.997108","40.7178944_-73.9894779","40.7178995_-73.9855779","40.717907_-73.946653","40.717911_-73.953398","40.717922_-73.993095","40.717925_-74.008943","40.71792_-73.9856124","40.717932_-74.000988","40.7179347_-73.986636","40.7179404_-73.9856334","40.7179414_-73.918078","40.717971_-73.98565","40.717995_-74.009494","40.7179998_-73.9316053")
done
144.99user 807.42system 1:14:52elapsed 21%CPU (0avgtext+0avgdata 60076maxresident)k
344248inputs+22152outputs (12major+32097minor)pagefaults 0swaps
