40.8452882_-73.932943
40.845288_-74.0042336
40.8452992_-73.9171735
40.84531_-73.919306
40.8453266_-73.9183309
40.845333_-73.942339
40.845351_-73.988813
40.8453656_-73.9138146
40.845369_-73.940518
40.8453728_-73.9140146
40.845379_-73.995833
40.845399_-73.9171102
40.8453_-73.938262
40.845406_-73.9222045
40.845409_-73.9385409
40.8454133_-73.9211426
40.8454154_-73.9168714
40.84541_-73.999667
40.8454318_-73.9386774
40.845434_-73.93657
40.84543_-73.913975
40.845452_-73.97623
40.8454541_-73.938816
40.8454556_-73.9224144
40.8454871_-73.9287527
40.8454984_-73.9164083
40.84552_-73.934686
40.845538_-73.9327605
40.8455412_-73.9221203
40.8455725_-73.9276205
40.8455969_-73.9253278
40.8456161_-73.9222704
40.8456218_-73.9162136
40.845641_-73.9931
40.8456504_-73.9451429
40.8456836_-73.9241669
40.8456861_-73.9252682
40.845697_-73.971327
40.845704_-73.9209558
40.8457573_-73.9221364
40.84578_-73.914818
40.8457933_-73.9436108
40.8458068_-73.9171442
40.8458124_-73.9218799
40.84581_-73.996576
40.8458305_-73.9136789
40.845834_-73.903873
40.8458647_-73.9240671
40.8458709_-73.9114416
40.845881_-73.904753
40.845889_-73.915081
40.845896_-73.979177
40.8458995_-73.9219935
40.8459037_-73.931131
40.8459193_-73.9136147
40.8459407_-73.9216711
40.845948_-73.937809
40.8459515_-73.9151953
40.845963_-73.9435744
40.8459736_-73.9156831
40.8459764_-73.9135734
40.8459932_-73.9216991
40.8460027_-73.9155554
40.8460074_-73.9836872
40.8460318_-73.9218288
40.846048_-73.940241
40.8460528_-73.9812754
40.846068_-73.975786
40.8460741_-73.921502
40.8460823_-73.9197092
40.8460973_-73.9171189
40.846098_-73.919184
40.846098_-73.993886
40.846105_-73.936078
40.8461249_-73.9214227
40.8461309_-73.9272772
40.8461309_-73.9318949
40.846141_-73.934232
40.8461493_-73.9323138
40.8461504_-73.9292942
40.8461532_-73.9134557
40.846154_-73.9092938
40.8461619_-73.9216554
40.8461652_-73.9214936
40.8461903_-73.9425111
40.8461919_-73.9172656
40.8461934_-73.9196268
40.846193_-73.938451
40.8461942_-73.917054
40.8462143_-73.9227544
40.8462151_-73.9228368
40.8462169_-73.9122721
40.8462243_-73.9212349
40.8462256_-73.932258
40.8462265_-73.9228774
40.846231_-73.94261
40.846241_-73.9226421
40.84624_-73.918178
40.8462702_-73.9229566
40.846273_-73.9173675
40.8462799_-73.9225352
40.846286_-73.920599
40.846303_-73.9290566
40.8463062_-73.9435078
40.846326_-73.9229844
40.8463328_-73.9174741
40.8463484_-73.9194222
40.8463493_-73.9212546
40.8463517_-73.926067
40.8463632_-73.9223994
40.8463644_-73.9206478
40.8463716_-73.909489
40.8463934_-73.9270344
40.8463972_-73.9229951
40.8452882_-73.932943
40.845288_-74.0042336
40.8452992_-73.9171735
40.84531_-73.919306
40.8453266_-73.9183309
40.845333_-73.942339
40.845351_-73.988813
40.8453656_-73.9138146
40.845369_-73.940518
40.8453728_-73.9140146
40.845379_-73.995833
40.845399_-73.9171102
40.8453_-73.938262
40.845406_-73.9222045
40.845409_-73.9385409
40.8454133_-73.9211426
40.8454154_-73.9168714
40.84541_-73.999667
40.8454318_-73.9386774
40.845434_-73.93657
40.84543_-73.913975
40.845452_-73.97623
40.8454541_-73.938816
40.8454556_-73.9224144
40.8454871_-73.9287527
40.8454984_-73.9164083
40.84552_-73.934686
40.845538_-73.9327605
40.8455412_-73.9221203
40.8455725_-73.9276205
40.8455969_-73.9253278
40.8456161_-73.9222704
40.8456218_-73.9162136
40.845641_-73.9931
40.8456504_-73.9451429
40.8456836_-73.9241669
40.8456861_-73.9252682
40.845697_-73.971327
40.845704_-73.9209558
40.8457573_-73.9221364
40.84578_-73.914818
40.8457933_-73.9436108
40.8458068_-73.9171442
40.8458124_-73.9218799
40.84581_-73.996576
40.8458305_-73.9136789
40.845834_-73.903873
40.8458647_-73.9240671
40.8458709_-73.9114416
40.845881_-73.904753
40.845889_-73.915081
40.845896_-73.979177
40.8458995_-73.9219935
40.8459037_-73.931131
40.8459193_-73.9136147
40.8459407_-73.9216711
40.845948_-73.937809
40.8459515_-73.9151953
40.845963_-73.9435744
40.8459736_-73.9156831
40.8459764_-73.9135734
40.8459932_-73.9216991
40.8460027_-73.9155554
40.8460074_-73.9836872
40.8460318_-73.9218288
40.846048_-73.940241
40.8460528_-73.9812754
40.846068_-73.975786
40.8460741_-73.921502
40.8460823_-73.9197092
40.8460973_-73.9171189
40.846098_-73.919184
40.846098_-73.993886
40.846105_-73.936078
40.8461249_-73.9214227
40.8461309_-73.9272772
40.8461309_-73.9318949
40.846141_-73.934232
40.8461493_-73.9323138
40.8461504_-73.9292942
40.8461532_-73.9134557
40.846154_-73.9092938
40.8461619_-73.9216554
40.8461652_-73.9214936
40.8461903_-73.9425111
40.8461919_-73.9172656
40.8461934_-73.9196268
40.846193_-73.938451
40.8461942_-73.917054
40.8462143_-73.9227544
40.8462151_-73.9228368
40.8462169_-73.9122721
40.8462243_-73.9212349
40.8462256_-73.932258
40.8462265_-73.9228774
40.846231_-73.94261
40.846241_-73.9226421
40.84624_-73.918178
40.8462702_-73.9229566
40.846273_-73.9173675
40.8462799_-73.9225352
40.846286_-73.920599
40.846303_-73.9290566
40.8463062_-73.9435078
40.846326_-73.9229844
40.8463328_-73.9174741
40.8463484_-73.9194222
40.8463493_-73.9212546
40.8463517_-73.926067
40.8463632_-73.9223994
40.8463644_-73.9206478
40.8463716_-73.909489
40.8463934_-73.9270344
40.8463972_-73.9229951
("40.8452882_-73.932943","40.845288_-74.0042336","40.8452992_-73.9171735","40.84531_-73.919306","40.8453266_-73.9183309","40.845333_-73.942339","40.845351_-73.988813","40.8453656_-73.9138146","40.845369_-73.940518","40.8453728_-73.9140146","40.845379_-73.995833","40.845399_-73.9171102","40.8453_-73.938262","40.845406_-73.9222045","40.845409_-73.9385409","40.8454133_-73.9211426","40.8454154_-73.9168714","40.84541_-73.999667","40.8454318_-73.9386774","40.845434_-73.93657","40.84543_-73.913975","40.845452_-73.97623","40.8454541_-73.938816","40.8454556_-73.9224144","40.8454871_-73.9287527","40.8454984_-73.9164083","40.84552_-73.934686","40.845538_-73.9327605","40.8455412_-73.9221203","40.8455725_-73.9276205","40.8455969_-73.9253278","40.8456161_-73.9222704","40.8456218_-73.9162136","40.845641_-73.9931","40.8456504_-73.9451429","40.8456836_-73.9241669","40.8456861_-73.9252682","40.845697_-73.971327","40.845704_-73.9209558","40.8457573_-73.9221364","40.84578_-73.914818","40.8457933_-73.9436108","40.8458068_-73.9171442","40.8458124_-73.9218799","40.84581_-73.996576","40.8458305_-73.9136789","40.845834_-73.903873","40.8458647_-73.9240671","40.8458709_-73.9114416","40.845881_-73.904753","40.845889_-73.915081","40.845896_-73.979177","40.8458995_-73.9219935","40.8459037_-73.931131","40.8459193_-73.9136147","40.8459407_-73.9216711","40.845948_-73.937809","40.8459515_-73.9151953","40.845963_-73.9435744","40.8459736_-73.9156831","40.8459764_-73.9135734","40.8459932_-73.9216991","40.8460027_-73.9155554","40.8460074_-73.9836872","40.8460318_-73.9218288","40.846048_-73.940241","40.8460528_-73.9812754","40.846068_-73.975786","40.8460741_-73.921502","40.8460823_-73.9197092","40.8460973_-73.9171189","40.846098_-73.919184","40.846098_-73.993886","40.846105_-73.936078","40.8461249_-73.9214227","40.8461309_-73.9272772","40.8461309_-73.9318949","40.846141_-73.934232","40.8461493_-73.9323138","40.8461504_-73.9292942","40.8461532_-73.9134557","40.846154_-73.9092938","40.8461619_-73.9216554","40.8461652_-73.9214936","40.8461903_-73.9425111","40.8461919_-73.9172656","40.8461934_-73.9196268","40.846193_-73.938451","40.8461942_-73.917054","40.8462143_-73.9227544","40.8462151_-73.9228368","40.8462169_-73.9122721","40.8462243_-73.9212349","40.8462256_-73.932258","40.8462265_-73.9228774","40.846231_-73.94261","40.846241_-73.9226421","40.84624_-73.918178","40.8462702_-73.9229566","40.846273_-73.9173675","40.8462799_-73.9225352","40.846286_-73.920599","40.846303_-73.9290566","40.8463062_-73.9435078","40.846326_-73.9229844","40.8463328_-73.9174741","40.8463484_-73.9194222","40.8463493_-73.9212546","40.8463517_-73.926067","40.8463632_-73.9223994","40.8463644_-73.9206478","40.8463716_-73.909489","40.8463934_-73.9270344","40.8463972_-73.9229951")
done
126.24user 808.47system 1:13:37elapsed 21%CPU (0avgtext+0avgdata 51768maxresident)k
1279808inputs+48outputs (6major+28220minor)pagefaults 0swaps
