40.716361_-73.9947949
40.716362_-73.937879
40.716365_-73.966639
40.7163677_-74.0012284
40.716379_-74.014777
40.716384_-73.961423
40.716394_-73.984536
40.7163952_-74.0129153
40.7164064_-73.9231042
40.7164185_-73.911742
40.716421_-73.906176
40.716422_-73.9307
40.7164345_-73.9668202
40.7164472_-74.0130612
40.7164482_-73.9883893
40.7164489_-73.9825709
40.716454_-73.9805736
40.7164602_-73.9928476
40.716483_-73.957031
40.716487_-73.946417
40.716489_-74.011377
40.7164903_-73.9373962
40.7164931_-73.992945
40.716493_-74.015024
40.7164959_-73.9864318
40.7164964_-73.9947223
40.7164968_-73.9497849
40.7164993_-74.01319
40.7165061_-73.9756975
40.716518_-74.003304
40.716532_-74.006674
40.716544_-73.999932
40.7165454_-73.952678
40.7165531_-73.9969765
40.7165773_-74.0133531
40.7165842_-73.9755344
40.716587_-74.008378
40.7166025_-73.949766
40.716602_-74.011627
40.7166035_-73.9223024
40.716613_-73.9525975
40.716626_-73.904614
40.716631_-73.9853087
40.7166456_-73.9958077
40.7166456_-74.0042175
40.7166499_-74.0164215
40.716649_-73.944734
40.7166508_-73.9520405
40.7166754_-73.9833412
40.7166842_-73.9498599
40.716708_-73.989155
40.716716_-73.9111385
40.716718_-73.981438
40.716728_-73.958913
40.716731_-74.002078
40.716744_-73.903698
40.716748_-73.9937
40.716765_-73.963391
40.71677_-73.90846
40.7167958_-73.9363376
40.716795_-73.921538
40.716805_-73.943055
40.716805_-73.954587
40.716814_-73.9380583
40.7168226_-73.9977526
40.716871_-74.004026
40.716878_-73.9498318
40.7168824_-74.0163427
40.716899_-73.9862
40.7169031_-74.0107846
40.716923_-73.941836
40.71692_-74.009115
40.71693_-74.000818
40.716947_-73.911187
40.716953_-73.9842427
40.716955_-73.9753713
40.7169685_-73.9489846
40.7169719_-73.9899505
40.716972_-73.938121
40.716973_-73.960791
40.7169745_-73.9944558
40.716976_-73.982289
40.716992_-74.014296
40.7170038_-74.0162847
40.717023_-73.965263
40.717032_-73.956439
40.7170339_-73.9481847
40.7170392_-74.0125892
40.7170425_-73.9866672
40.71704_-73.9653014
40.7170591_-73.9754486
40.7170829_-74.0062463
40.7170871_-74.0162448
40.717091_-73.940231
40.7170954_-74.0028129
40.7170957_-73.9498708
40.717104_-74.014543
40.7171076_-73.9985833
40.7171192_-74.012755
40.7171193_-73.9494766
40.717122_-74.007957
40.7171406_-73.9842506
40.7171437_-74.0029113
40.7171495_-74.016215
40.7171575_-73.9521294
40.717157_-73.98704
40.7171635_-73.9987308
40.7171743_-73.9830811
40.7171853_-73.9989713
40.7171951_-73.9988055
40.717198_-73.946533
40.7172018_-73.9907057
40.717209_-73.934704
40.7172108_-73.9365453
40.716361_-73.9947949
40.716362_-73.937879
40.716365_-73.966639
40.7163677_-74.0012284
40.716379_-74.014777
40.716384_-73.961423
40.716394_-73.984536
40.7163952_-74.0129153
40.7164064_-73.9231042
40.7164185_-73.911742
40.716421_-73.906176
40.716422_-73.9307
40.7164345_-73.9668202
40.7164472_-74.0130612
40.7164482_-73.9883893
40.7164489_-73.9825709
40.716454_-73.9805736
40.7164602_-73.9928476
40.716483_-73.957031
40.716487_-73.946417
40.716489_-74.011377
40.7164903_-73.9373962
40.7164931_-73.992945
40.716493_-74.015024
40.7164959_-73.9864318
40.7164964_-73.9947223
40.7164968_-73.9497849
40.7164993_-74.01319
40.7165061_-73.9756975
40.716518_-74.003304
40.716532_-74.006674
40.716544_-73.999932
40.7165454_-73.952678
40.7165531_-73.9969765
40.7165773_-74.0133531
40.7165842_-73.9755344
40.716587_-74.008378
40.7166025_-73.949766
40.716602_-74.011627
40.7166035_-73.9223024
40.716613_-73.9525975
40.716626_-73.904614
40.716631_-73.9853087
40.7166456_-73.9958077
40.7166456_-74.0042175
40.7166499_-74.0164215
40.716649_-73.944734
40.7166508_-73.9520405
40.7166754_-73.9833412
40.7166842_-73.9498599
40.716708_-73.989155
40.716716_-73.9111385
40.716718_-73.981438
40.716728_-73.958913
40.716731_-74.002078
40.716744_-73.903698
40.716748_-73.9937
40.716765_-73.963391
40.71677_-73.90846
40.7167958_-73.9363376
40.716795_-73.921538
40.716805_-73.943055
40.716805_-73.954587
40.716814_-73.9380583
40.7168226_-73.9977526
40.716871_-74.004026
40.716878_-73.9498318
40.7168824_-74.0163427
40.716899_-73.9862
40.7169031_-74.0107846
40.716923_-73.941836
40.71692_-74.009115
40.71693_-74.000818
40.716947_-73.911187
40.716953_-73.9842427
40.716955_-73.9753713
40.7169685_-73.9489846
40.7169719_-73.9899505
40.716972_-73.938121
40.716973_-73.960791
40.7169745_-73.9944558
40.716976_-73.982289
40.716992_-74.014296
40.7170038_-74.0162847
40.717023_-73.965263
40.717032_-73.956439
40.7170339_-73.9481847
40.7170392_-74.0125892
40.7170425_-73.9866672
40.71704_-73.9653014
40.7170591_-73.9754486
40.7170829_-74.0062463
40.7170871_-74.0162448
40.717091_-73.940231
40.7170954_-74.0028129
40.7170957_-73.9498708
40.717104_-74.014543
40.7171076_-73.9985833
40.7171192_-74.012755
40.7171193_-73.9494766
40.717122_-74.007957
40.7171406_-73.9842506
40.7171437_-74.0029113
40.7171495_-74.016215
40.7171575_-73.9521294
40.717157_-73.98704
40.7171635_-73.9987308
40.7171743_-73.9830811
40.7171853_-73.9989713
40.7171951_-73.9988055
40.717198_-73.946533
40.7172018_-73.9907057
40.717209_-73.934704
40.7172108_-73.9365453
("40.716361_-73.9947949","40.716362_-73.937879","40.716365_-73.966639","40.7163677_-74.0012284","40.716379_-74.014777","40.716384_-73.961423","40.716394_-73.984536","40.7163952_-74.0129153","40.7164064_-73.9231042","40.7164185_-73.911742","40.716421_-73.906176","40.716422_-73.9307","40.7164345_-73.9668202","40.7164472_-74.0130612","40.7164482_-73.9883893","40.7164489_-73.9825709","40.716454_-73.9805736","40.7164602_-73.9928476","40.716483_-73.957031","40.716487_-73.946417","40.716489_-74.011377","40.7164903_-73.9373962","40.7164931_-73.992945","40.716493_-74.015024","40.7164959_-73.9864318","40.7164964_-73.9947223","40.7164968_-73.9497849","40.7164993_-74.01319","40.7165061_-73.9756975","40.716518_-74.003304","40.716532_-74.006674","40.716544_-73.999932","40.7165454_-73.952678","40.7165531_-73.9969765","40.7165773_-74.0133531","40.7165842_-73.9755344","40.716587_-74.008378","40.7166025_-73.949766","40.716602_-74.011627","40.7166035_-73.9223024","40.716613_-73.9525975","40.716626_-73.904614","40.716631_-73.9853087","40.7166456_-73.9958077","40.7166456_-74.0042175","40.7166499_-74.0164215","40.716649_-73.944734","40.7166508_-73.9520405","40.7166754_-73.9833412","40.7166842_-73.9498599","40.716708_-73.989155","40.716716_-73.9111385","40.716718_-73.981438","40.716728_-73.958913","40.716731_-74.002078","40.716744_-73.903698","40.716748_-73.9937","40.716765_-73.963391","40.71677_-73.90846","40.7167958_-73.9363376","40.716795_-73.921538","40.716805_-73.943055","40.716805_-73.954587","40.716814_-73.9380583","40.7168226_-73.9977526","40.716871_-74.004026","40.716878_-73.9498318","40.7168824_-74.0163427","40.716899_-73.9862","40.7169031_-74.0107846","40.716923_-73.941836","40.71692_-74.009115","40.71693_-74.000818","40.716947_-73.911187","40.716953_-73.9842427","40.716955_-73.9753713","40.7169685_-73.9489846","40.7169719_-73.9899505","40.716972_-73.938121","40.716973_-73.960791","40.7169745_-73.9944558","40.716976_-73.982289","40.716992_-74.014296","40.7170038_-74.0162847","40.717023_-73.965263","40.717032_-73.956439","40.7170339_-73.9481847","40.7170392_-74.0125892","40.7170425_-73.9866672","40.71704_-73.9653014","40.7170591_-73.9754486","40.7170829_-74.0062463","40.7170871_-74.0162448","40.717091_-73.940231","40.7170954_-74.0028129","40.7170957_-73.9498708","40.717104_-74.014543","40.7171076_-73.9985833","40.7171192_-74.012755","40.7171193_-73.9494766","40.717122_-74.007957","40.7171406_-73.9842506","40.7171437_-74.0029113","40.7171495_-74.016215","40.7171575_-73.9521294","40.717157_-73.98704","40.7171635_-73.9987308","40.7171743_-73.9830811","40.7171853_-73.9989713","40.7171951_-73.9988055","40.717198_-73.946533","40.7172018_-73.9907057","40.717209_-73.934704","40.7172108_-73.9365453")
done
146.52user 808.88system 1:15:42elapsed 21%CPU (0avgtext+0avgdata 62016maxresident)k
793864inputs+28288outputs (17major+32866minor)pagefaults 0swaps
