40.7370224_-74.0058237
40.737022_-73.9748642
40.7370312_-74.0056895
40.7370443_-74.0058152
40.737045_-73.9744604
40.7370531_-73.9903837
40.7370565_-73.9320797
40.7370568_-73.9069666
40.7370578_-73.9570758
40.73705_-73.986535
40.73705_-74.0057052
40.737066_-74.002136
40.7370728_-73.990244
40.7370734_-74.0057185
40.7370788_-73.9513579
40.7370898_-73.903258
40.7370904_-73.9330448
40.7370957_-73.9063682
40.7370966_-73.9309435
40.7370992_-73.9037214
40.7370996_-74.0057304
40.7371091_-73.9041657
40.7371144_-73.9903426
40.73712_-73.904653
40.7371342_-73.9745494
40.7371445_-73.9742208
40.737145_-73.917091
40.737147_-73.988578
40.7371484_-73.9056191
40.7371508_-74.0057467
40.737152_-73.930814
40.737152_-73.956902
40.737168_-74.001463
40.7371825_-73.9752568
40.7371856_-73.9813073
40.7371862_-73.974661
40.7372007_-73.9563608
40.7372212_-73.9065274
40.7372222_-74.0006278
40.737222_-73.981392
40.7372241_-73.9518095
40.7372242_-73.9564554
40.7372364_-73.9564956
40.7372385_-73.9518545
40.737251_-73.917982
40.7372589_-73.9565246
40.7372735_-73.9434786
40.7372821_-73.9754906
40.7372851_-73.9565385
40.737285_-73.955423
40.7373086_-73.9184863
40.7373136_-73.9565412
40.7373246_-73.9740999
40.73732_-73.9521079
40.737332_-73.985387
40.7373342_-73.9342787
40.73733_-73.992654
40.737342_-73.9565224
40.737357_-73.91891
40.7373588_-73.9338865
40.737361_-73.99684
40.7373661_-73.9522512
40.7373679_-73.9564914
40.7373813_-73.9745237
40.7373994_-73.9319659
40.7374109_-73.9743654
40.7374127_-73.9193919
40.737464_-73.919836
40.7374789_-73.935054
40.7374819_-73.9530156
40.737486_-73.936033
40.7374895_-73.9532004
40.737499_-73.987599
40.7375035_-73.9325839
40.7375073_-73.952957
40.7375237_-73.9527411
40.7375334_-73.9332178
40.737536_-73.929946
40.7375427_-73.9840861
40.737544_-74.003866
40.737548_-74.00483
40.737552_-74.005687
40.7375543_-74.0096718
40.7375543_-74.0098083
40.737554_-73.978052
40.737554_-74.008206
40.73755_-74.006487
40.737563_-73.9335799
40.7375685_-73.9328071
40.737571_-73.920764
40.737582_-73.9046317
40.7376036_-73.9781677
40.7376112_-74.0015555
40.7376195_-73.955482
40.7376276_-73.9851813
40.737639_-73.9358878
40.7376412_-74.0016365
40.73764_-73.98612
40.7376529_-73.9353641
40.7376544_-73.9055797
40.7376553_-74.0016953
40.7376586_-74.0017606
40.7376649_-73.9334591
40.7376651_-73.9529085
40.7376719_-73.9361548
40.737674_-73.930237
40.73768_-73.921693
40.7376932_-73.9764664
40.7377009_-73.9527668
40.7377122_-73.9333894
40.737722_-73.922069
40.737729_-73.9881523
40.7377513_-73.936771
40.7377585_-73.9740945
40.7370224_-74.0058237
40.737022_-73.9748642
40.7370312_-74.0056895
40.7370443_-74.0058152
40.737045_-73.9744604
40.7370531_-73.9903837
40.7370565_-73.9320797
40.7370568_-73.9069666
40.7370578_-73.9570758
40.73705_-73.986535
40.73705_-74.0057052
40.737066_-74.002136
40.7370728_-73.990244
40.7370734_-74.0057185
40.7370788_-73.9513579
40.7370898_-73.903258
40.7370904_-73.9330448
40.7370957_-73.9063682
40.7370966_-73.9309435
40.7370992_-73.9037214
40.7370996_-74.0057304
40.7371091_-73.9041657
40.7371144_-73.9903426
40.73712_-73.904653
40.7371342_-73.9745494
40.7371445_-73.9742208
40.737145_-73.917091
40.737147_-73.988578
40.7371484_-73.9056191
40.7371508_-74.0057467
40.737152_-73.930814
40.737152_-73.956902
40.737168_-74.001463
40.7371825_-73.9752568
40.7371856_-73.9813073
40.7371862_-73.974661
40.7372007_-73.9563608
40.7372212_-73.9065274
40.7372222_-74.0006278
40.737222_-73.981392
40.7372241_-73.9518095
40.7372242_-73.9564554
40.7372364_-73.9564956
40.7372385_-73.9518545
40.737251_-73.917982
40.7372589_-73.9565246
40.7372735_-73.9434786
40.7372821_-73.9754906
40.7372851_-73.9565385
40.737285_-73.955423
40.7373086_-73.9184863
40.7373136_-73.9565412
40.7373246_-73.9740999
40.73732_-73.9521079
40.737332_-73.985387
40.7373342_-73.9342787
40.73733_-73.992654
40.737342_-73.9565224
40.737357_-73.91891
40.7373588_-73.9338865
40.737361_-73.99684
40.7373661_-73.9522512
40.7373679_-73.9564914
40.7373813_-73.9745237
40.7373994_-73.9319659
40.7374109_-73.9743654
40.7374127_-73.9193919
40.737464_-73.919836
40.7374789_-73.935054
40.7374819_-73.9530156
40.737486_-73.936033
40.7374895_-73.9532004
40.737499_-73.987599
40.7375035_-73.9325839
40.7375073_-73.952957
40.7375237_-73.9527411
40.7375334_-73.9332178
40.737536_-73.929946
40.7375427_-73.9840861
40.737544_-74.003866
40.737548_-74.00483
40.737552_-74.005687
40.7375543_-74.0096718
40.7375543_-74.0098083
40.737554_-73.978052
40.737554_-74.008206
40.73755_-74.006487
40.737563_-73.9335799
40.7375685_-73.9328071
40.737571_-73.920764
40.737582_-73.9046317
40.7376036_-73.9781677
40.7376112_-74.0015555
40.7376195_-73.955482
40.7376276_-73.9851813
40.737639_-73.9358878
40.7376412_-74.0016365
40.73764_-73.98612
40.7376529_-73.9353641
40.7376544_-73.9055797
40.7376553_-74.0016953
40.7376586_-74.0017606
40.7376649_-73.9334591
40.7376651_-73.9529085
40.7376719_-73.9361548
40.737674_-73.930237
40.73768_-73.921693
40.7376932_-73.9764664
40.7377009_-73.9527668
40.7377122_-73.9333894
40.737722_-73.922069
40.737729_-73.9881523
40.7377513_-73.936771
40.7377585_-73.9740945
("40.7370224_-74.0058237","40.737022_-73.9748642","40.7370312_-74.0056895","40.7370443_-74.0058152","40.737045_-73.9744604","40.7370531_-73.9903837","40.7370565_-73.9320797","40.7370568_-73.9069666","40.7370578_-73.9570758","40.73705_-73.986535","40.73705_-74.0057052","40.737066_-74.002136","40.7370728_-73.990244","40.7370734_-74.0057185","40.7370788_-73.9513579","40.7370898_-73.903258","40.7370904_-73.9330448","40.7370957_-73.9063682","40.7370966_-73.9309435","40.7370992_-73.9037214","40.7370996_-74.0057304","40.7371091_-73.9041657","40.7371144_-73.9903426","40.73712_-73.904653","40.7371342_-73.9745494","40.7371445_-73.9742208","40.737145_-73.917091","40.737147_-73.988578","40.7371484_-73.9056191","40.7371508_-74.0057467","40.737152_-73.930814","40.737152_-73.956902","40.737168_-74.001463","40.7371825_-73.9752568","40.7371856_-73.9813073","40.7371862_-73.974661","40.7372007_-73.9563608","40.7372212_-73.9065274","40.7372222_-74.0006278","40.737222_-73.981392","40.7372241_-73.9518095","40.7372242_-73.9564554","40.7372364_-73.9564956","40.7372385_-73.9518545","40.737251_-73.917982","40.7372589_-73.9565246","40.7372735_-73.9434786","40.7372821_-73.9754906","40.7372851_-73.9565385","40.737285_-73.955423","40.7373086_-73.9184863","40.7373136_-73.9565412","40.7373246_-73.9740999","40.73732_-73.9521079","40.737332_-73.985387","40.7373342_-73.9342787","40.73733_-73.992654","40.737342_-73.9565224","40.737357_-73.91891","40.7373588_-73.9338865","40.737361_-73.99684","40.7373661_-73.9522512","40.7373679_-73.9564914","40.7373813_-73.9745237","40.7373994_-73.9319659","40.7374109_-73.9743654","40.7374127_-73.9193919","40.737464_-73.919836","40.7374789_-73.935054","40.7374819_-73.9530156","40.737486_-73.936033","40.7374895_-73.9532004","40.737499_-73.987599","40.7375035_-73.9325839","40.7375073_-73.952957","40.7375237_-73.9527411","40.7375334_-73.9332178","40.737536_-73.929946","40.7375427_-73.9840861","40.737544_-74.003866","40.737548_-74.00483","40.737552_-74.005687","40.7375543_-74.0096718","40.7375543_-74.0098083","40.737554_-73.978052","40.737554_-74.008206","40.73755_-74.006487","40.737563_-73.9335799","40.7375685_-73.9328071","40.737571_-73.920764","40.737582_-73.9046317","40.7376036_-73.9781677","40.7376112_-74.0015555","40.7376195_-73.955482","40.7376276_-73.9851813","40.737639_-73.9358878","40.7376412_-74.0016365","40.73764_-73.98612","40.7376529_-73.9353641","40.7376544_-73.9055797","40.7376553_-74.0016953","40.7376586_-74.0017606","40.7376649_-73.9334591","40.7376651_-73.9529085","40.7376719_-73.9361548","40.737674_-73.930237","40.73768_-73.921693","40.7376932_-73.9764664","40.7377009_-73.9527668","40.7377122_-73.9333894","40.737722_-73.922069","40.737729_-73.9881523","40.7377513_-73.936771","40.7377585_-73.9740945")
done
146.39user 819.37system 1:14:35elapsed 21%CPU (0avgtext+0avgdata 78084maxresident)k
582360inputs+89744outputs (41major+40479minor)pagefaults 0swaps
