40.7683399_-73.9821899
40.768339_-73.9822153
40.7683414_-73.9731584
40.7683454_-73.9815225
40.7683589_-73.9816312
40.7683595_-73.9043769
40.7683601_-73.9821515
40.7683654_-73.9822072
40.7683686_-73.9757923
40.768373_-73.9455695
40.7683775_-73.9821108
40.768377_-73.9816732
40.768378_-73.921242
40.768384_-73.9080289
40.7683908_-73.9815403
40.7683919_-73.9817173
40.7683919_-73.982068
40.7683928_-73.9821992
40.7683937_-73.9927954
40.7684007_-73.9493811
40.7684033_-73.9817632
40.768403_-73.9820236
40.7684063_-73.9796447
40.7684096_-73.981987
40.7684099_-73.9817998
40.7684141_-73.9819498
40.7684142_-73.9818371
40.7684163_-73.9819123
40.7684164_-73.9818746
40.7684282_-73.9815516
40.7684284_-73.9821938
40.7684306_-73.9890597
40.7684306_-73.9910236
40.7684325_-73.9757509
40.7684375_-73.9818156
40.7684376_-73.9199879
40.7684402_-73.9045225
40.7684418_-73.9271495
40.7684519_-73.9615495
40.7684548_-73.9929414
40.7684633_-73.9494781
40.7684635_-73.9815565
40.7684639_-73.9821911
40.7684672_-73.9070235
40.7684754_-73.9555091
40.7684802_-73.9491741
40.7684821_-73.9815597
40.7684845_-73.9636198
40.7684857_-73.9712322
40.7684885_-73.9045161
40.7684906_-73.9240675
40.7684917_-73.9046363
40.7684975_-73.9821885
40.7684994_-73.9655756
40.7685099_-73.981558
40.7685237_-73.9819433
40.7685264_-73.9797512
40.7685356_-73.9819569
40.7685372_-73.9815489
40.768543_-73.9912988
40.7685452_-73.909003
40.7685471_-73.9677946
40.7685488_-73.9676533
40.7685508_-73.9851586
40.7685533_-73.9047953
40.7685554_-73.9327799
40.7685564_-73.9730974
40.7685617_-73.9819753
40.7685672_-73.9815338
40.7685754_-73.9046106
40.7685767_-73.9048742
40.7685835_-73.9852319
40.768583_-73.9698713
40.7685904_-73.935723
40.768594_-73.9677605
40.7685964_-73.9658054
40.768597_-73.9819909
40.7685995_-73.9100608
40.7686016_-73.9697198
40.7686046_-73.9358222
40.7686108_-73.9049945
40.7686258_-73.9063517
40.7686292_-73.9426754
40.7686361_-73.9051076
40.7686393_-73.9250914
40.7686447_-73.9678807
40.7686452_-73.9677235
40.7686456_-73.9819932
40.768646_-73.969825
40.7686483_-73.9756077
40.7686487_-73.9798396
40.7686627_-73.9490257
40.7686673_-73.9452922
40.7686832_-73.9425932
40.7686857_-73.9716878
40.7686884_-73.9055153
40.7686974_-73.9099809
40.7687005_-73.9055977
40.7687012_-73.9491484
40.7687063_-73.9452143
40.7687085_-73.958431
40.7687122_-73.9068008
40.7687138_-73.9449808
40.76871_-73.9697779
40.7687226_-73.9700676
40.7687319_-73.9316433
40.7687345_-73.9450714
40.7687361_-73.9582081
40.7687365_-73.9058592
40.7687407_-73.9085612
40.7687577_-73.9428
40.7687616_-73.9799041
40.7687717_-73.906081
40.7687737_-73.9090916
40.7683399_-73.9821899
40.768339_-73.9822153
40.7683414_-73.9731584
40.7683454_-73.9815225
40.7683589_-73.9816312
40.7683595_-73.9043769
40.7683601_-73.9821515
40.7683654_-73.9822072
40.7683686_-73.9757923
40.768373_-73.9455695
40.7683775_-73.9821108
40.768377_-73.9816732
40.768378_-73.921242
40.768384_-73.9080289
40.7683908_-73.9815403
40.7683919_-73.9817173
40.7683919_-73.982068
40.7683928_-73.9821992
40.7683937_-73.9927954
40.7684007_-73.9493811
40.7684033_-73.9817632
40.768403_-73.9820236
40.7684063_-73.9796447
40.7684096_-73.981987
40.7684099_-73.9817998
40.7684141_-73.9819498
40.7684142_-73.9818371
40.7684163_-73.9819123
40.7684164_-73.9818746
40.7684282_-73.9815516
40.7684284_-73.9821938
40.7684306_-73.9890597
40.7684306_-73.9910236
40.7684325_-73.9757509
40.7684375_-73.9818156
40.7684376_-73.9199879
40.7684402_-73.9045225
40.7684418_-73.9271495
40.7684519_-73.9615495
40.7684548_-73.9929414
40.7684633_-73.9494781
40.7684635_-73.9815565
40.7684639_-73.9821911
40.7684672_-73.9070235
40.7684754_-73.9555091
40.7684802_-73.9491741
40.7684821_-73.9815597
40.7684845_-73.9636198
40.7684857_-73.9712322
40.7684885_-73.9045161
40.7684906_-73.9240675
40.7684917_-73.9046363
40.7684975_-73.9821885
40.7684994_-73.9655756
40.7685099_-73.981558
40.7685237_-73.9819433
40.7685264_-73.9797512
40.7685356_-73.9819569
40.7685372_-73.9815489
40.768543_-73.9912988
40.7685452_-73.909003
40.7685471_-73.9677946
40.7685488_-73.9676533
40.7685508_-73.9851586
40.7685533_-73.9047953
40.7685554_-73.9327799
40.7685564_-73.9730974
40.7685617_-73.9819753
40.7685672_-73.9815338
40.7685754_-73.9046106
40.7685767_-73.9048742
40.7685835_-73.9852319
40.768583_-73.9698713
40.7685904_-73.935723
40.768594_-73.9677605
40.7685964_-73.9658054
40.768597_-73.9819909
40.7685995_-73.9100608
40.7686016_-73.9697198
40.7686046_-73.9358222
40.7686108_-73.9049945
40.7686258_-73.9063517
40.7686292_-73.9426754
40.7686361_-73.9051076
40.7686393_-73.9250914
40.7686447_-73.9678807
40.7686452_-73.9677235
40.7686456_-73.9819932
40.768646_-73.969825
40.7686483_-73.9756077
40.7686487_-73.9798396
40.7686627_-73.9490257
40.7686673_-73.9452922
40.7686832_-73.9425932
40.7686857_-73.9716878
40.7686884_-73.9055153
40.7686974_-73.9099809
40.7687005_-73.9055977
40.7687012_-73.9491484
40.7687063_-73.9452143
40.7687085_-73.958431
40.7687122_-73.9068008
40.7687138_-73.9449808
40.76871_-73.9697779
40.7687226_-73.9700676
40.7687319_-73.9316433
40.7687345_-73.9450714
40.7687361_-73.9582081
40.7687365_-73.9058592
40.7687407_-73.9085612
40.7687577_-73.9428
40.7687616_-73.9799041
40.7687717_-73.906081
40.7687737_-73.9090916
("40.7683399_-73.9821899","40.768339_-73.9822153","40.7683414_-73.9731584","40.7683454_-73.9815225","40.7683589_-73.9816312","40.7683595_-73.9043769","40.7683601_-73.9821515","40.7683654_-73.9822072","40.7683686_-73.9757923","40.768373_-73.9455695","40.7683775_-73.9821108","40.768377_-73.9816732","40.768378_-73.921242","40.768384_-73.9080289","40.7683908_-73.9815403","40.7683919_-73.9817173","40.7683919_-73.982068","40.7683928_-73.9821992","40.7683937_-73.9927954","40.7684007_-73.9493811","40.7684033_-73.9817632","40.768403_-73.9820236","40.7684063_-73.9796447","40.7684096_-73.981987","40.7684099_-73.9817998","40.7684141_-73.9819498","40.7684142_-73.9818371","40.7684163_-73.9819123","40.7684164_-73.9818746","40.7684282_-73.9815516","40.7684284_-73.9821938","40.7684306_-73.9890597","40.7684306_-73.9910236","40.7684325_-73.9757509","40.7684375_-73.9818156","40.7684376_-73.9199879","40.7684402_-73.9045225","40.7684418_-73.9271495","40.7684519_-73.9615495","40.7684548_-73.9929414","40.7684633_-73.9494781","40.7684635_-73.9815565","40.7684639_-73.9821911","40.7684672_-73.9070235","40.7684754_-73.9555091","40.7684802_-73.9491741","40.7684821_-73.9815597","40.7684845_-73.9636198","40.7684857_-73.9712322","40.7684885_-73.9045161","40.7684906_-73.9240675","40.7684917_-73.9046363","40.7684975_-73.9821885","40.7684994_-73.9655756","40.7685099_-73.981558","40.7685237_-73.9819433","40.7685264_-73.9797512","40.7685356_-73.9819569","40.7685372_-73.9815489","40.768543_-73.9912988","40.7685452_-73.909003","40.7685471_-73.9677946","40.7685488_-73.9676533","40.7685508_-73.9851586","40.7685533_-73.9047953","40.7685554_-73.9327799","40.7685564_-73.9730974","40.7685617_-73.9819753","40.7685672_-73.9815338","40.7685754_-73.9046106","40.7685767_-73.9048742","40.7685835_-73.9852319","40.768583_-73.9698713","40.7685904_-73.935723","40.768594_-73.9677605","40.7685964_-73.9658054","40.768597_-73.9819909","40.7685995_-73.9100608","40.7686016_-73.9697198","40.7686046_-73.9358222","40.7686108_-73.9049945","40.7686258_-73.9063517","40.7686292_-73.9426754","40.7686361_-73.9051076","40.7686393_-73.9250914","40.7686447_-73.9678807","40.7686452_-73.9677235","40.7686456_-73.9819932","40.768646_-73.969825","40.7686483_-73.9756077","40.7686487_-73.9798396","40.7686627_-73.9490257","40.7686673_-73.9452922","40.7686832_-73.9425932","40.7686857_-73.9716878","40.7686884_-73.9055153","40.7686974_-73.9099809","40.7687005_-73.9055977","40.7687012_-73.9491484","40.7687063_-73.9452143","40.7687085_-73.958431","40.7687122_-73.9068008","40.7687138_-73.9449808","40.76871_-73.9697779","40.7687226_-73.9700676","40.7687319_-73.9316433","40.7687345_-73.9450714","40.7687361_-73.9582081","40.7687365_-73.9058592","40.7687407_-73.9085612","40.7687577_-73.9428","40.7687616_-73.9799041","40.7687717_-73.906081","40.7687737_-73.9090916")
done
137.85user 814.18system 1:15:00elapsed 21%CPU (0avgtext+0avgdata 76024maxresident)k
1180368inputs+75600outputs (35major+38653minor)pagefaults 0swaps
