40.8045153_-73.9456787
40.8045439_-73.9081027
40.8045555_-73.947737
40.8045638_-73.9187385
40.8045666_-73.9516525
40.8045686_-73.9715054
40.8045704_-73.9120953
40.804585_-73.968206
40.8045949_-73.9637336
40.8046071_-73.932283
40.804615_-73.906657
40.8046219_-73.965748
40.8046223_-73.9478956
40.8046237_-73.9638023
40.8046423_-73.9322689
40.8046613_-73.9716498
40.8046639_-73.968681
40.8046743_-73.9322633
40.8046781_-73.9315939
40.8046794_-73.9314519
40.804683_-73.9265528
40.804696_-73.922387
40.8046978_-73.9322689
40.8047003_-73.9600673
40.8047078_-73.9124592
40.8047141_-73.9582435
40.8047191_-73.9322802
40.804723_-73.9680127
40.804735_-73.967984
40.8047479_-73.9323056
40.8047544_-73.9983153
40.8047668_-73.9192253
40.8047713_-73.9323323
40.8047848_-73.966136
40.8047948_-73.9323743
40.804799_-73.967937
40.8048332_-73.9317285
40.804843_-73.9662677
40.804845_-73.912782
40.8048549_-73.968568
40.804862_-73.967914
40.8048633_-73.9663136
40.804863_-73.968181
40.804866_-73.9951049
40.804872_-73.914997
40.804877_-73.910768
40.8048852_-73.9624527
40.804893_-74.003242
40.8048_-73.968154
40.804905_-73.918819
40.8049148_-73.9261998
40.8049157_-73.9113444
40.804925_-73.96791
40.8049437_-73.9681808
40.8049838_-73.9318651
40.8050006_-73.9317388
40.8050028_-73.938904
40.8050044_-73.9348733
40.8050084_-73.9659711
40.805015_-73.921083
40.8050221_-73.9567983
40.805025_-74.008395
40.805028_-73.95276
40.8050391_-73.9681739
40.8050469_-73.9369273
40.805063_-73.941167
40.805073_-73.923301
40.8050878_-73.9259534
40.805096_-73.954874
40.8051079_-73.9319802
40.8051168_-73.9510228
40.8051211_-73.9391872
40.8051367_-73.9681253
40.805136_-73.945239
40.8051785_-73.9114861
40.8051841_-73.9472816
40.8051865_-73.9511881
40.805186_-73.967858
40.805198_-73.9319179
40.8052102_-73.9256363
40.8052245_-73.932105
40.805226_-74.004166
40.8052502_-73.9474392
40.8052655_-73.9992849
40.805279_-73.967829
40.8053055_-73.9205197
40.8053131_-73.9098624
40.8053327_-73.9346234
40.8053358_-73.9582794
40.805343_-73.992299
40.805346_-74.009201
40.805359_-73.999639
40.8053671_-73.9255858
40.805368_-73.921895
40.805384_-73.967774
40.805388_-73.9582824
40.8054098_-73.9656751
40.8054111_-73.9210776
40.8054125_-73.9321214
40.805435_-73.959826
40.8054414_-73.9582694
40.805453_-73.967723
40.8054666_-73.965805
40.8054742_-73.910265
40.8054906_-73.96586
40.8055033_-73.9582474
40.805505_-73.967909
40.8055105_-73.9619961
40.8055319_-73.9344708
40.8055572_-73.9344464
40.805557_-73.910466
40.80555_-73.967897
40.805561_-73.914495
40.805564_-73.9342163
40.8045153_-73.9456787
40.8045439_-73.9081027
40.8045555_-73.947737
40.8045638_-73.9187385
40.8045666_-73.9516525
40.8045686_-73.9715054
40.8045704_-73.9120953
40.804585_-73.968206
40.8045949_-73.9637336
40.8046071_-73.932283
40.804615_-73.906657
40.8046219_-73.965748
40.8046223_-73.9478956
40.8046237_-73.9638023
40.8046423_-73.9322689
40.8046613_-73.9716498
40.8046639_-73.968681
40.8046743_-73.9322633
40.8046781_-73.9315939
40.8046794_-73.9314519
40.804683_-73.9265528
40.804696_-73.922387
40.8046978_-73.9322689
40.8047003_-73.9600673
40.8047078_-73.9124592
40.8047141_-73.9582435
40.8047191_-73.9322802
40.804723_-73.9680127
40.804735_-73.967984
40.8047479_-73.9323056
40.8047544_-73.9983153
40.8047668_-73.9192253
40.8047713_-73.9323323
40.8047848_-73.966136
40.8047948_-73.9323743
40.804799_-73.967937
40.8048332_-73.9317285
40.804843_-73.9662677
40.804845_-73.912782
40.8048549_-73.968568
40.804862_-73.967914
40.8048633_-73.9663136
40.804863_-73.968181
40.804866_-73.9951049
40.804872_-73.914997
40.804877_-73.910768
40.8048852_-73.9624527
40.804893_-74.003242
40.8048_-73.968154
40.804905_-73.918819
40.8049148_-73.9261998
40.8049157_-73.9113444
40.804925_-73.96791
40.8049437_-73.9681808
40.8049838_-73.9318651
40.8050006_-73.9317388
40.8050028_-73.938904
40.8050044_-73.9348733
40.8050084_-73.9659711
40.805015_-73.921083
40.8050221_-73.9567983
40.805025_-74.008395
40.805028_-73.95276
40.8050391_-73.9681739
40.8050469_-73.9369273
40.805063_-73.941167
40.805073_-73.923301
40.8050878_-73.9259534
40.805096_-73.954874
40.8051079_-73.9319802
40.8051168_-73.9510228
40.8051211_-73.9391872
40.8051367_-73.9681253
40.805136_-73.945239
40.8051785_-73.9114861
40.8051841_-73.9472816
40.8051865_-73.9511881
40.805186_-73.967858
40.805198_-73.9319179
40.8052102_-73.9256363
40.8052245_-73.932105
40.805226_-74.004166
40.8052502_-73.9474392
40.8052655_-73.9992849
40.805279_-73.967829
40.8053055_-73.9205197
40.8053131_-73.9098624
40.8053327_-73.9346234
40.8053358_-73.9582794
40.805343_-73.992299
40.805346_-74.009201
40.805359_-73.999639
40.8053671_-73.9255858
40.805368_-73.921895
40.805384_-73.967774
40.805388_-73.9582824
40.8054098_-73.9656751
40.8054111_-73.9210776
40.8054125_-73.9321214
40.805435_-73.959826
40.8054414_-73.9582694
40.805453_-73.967723
40.8054666_-73.965805
40.8054742_-73.910265
40.8054906_-73.96586
40.8055033_-73.9582474
40.805505_-73.967909
40.8055105_-73.9619961
40.8055319_-73.9344708
40.8055572_-73.9344464
40.805557_-73.910466
40.80555_-73.967897
40.805561_-73.914495
40.805564_-73.9342163
("40.8045153_-73.9456787","40.8045439_-73.9081027","40.8045555_-73.947737","40.8045638_-73.9187385","40.8045666_-73.9516525","40.8045686_-73.9715054","40.8045704_-73.9120953","40.804585_-73.968206","40.8045949_-73.9637336","40.8046071_-73.932283","40.804615_-73.906657","40.8046219_-73.965748","40.8046223_-73.9478956","40.8046237_-73.9638023","40.8046423_-73.9322689","40.8046613_-73.9716498","40.8046639_-73.968681","40.8046743_-73.9322633","40.8046781_-73.9315939","40.8046794_-73.9314519","40.804683_-73.9265528","40.804696_-73.922387","40.8046978_-73.9322689","40.8047003_-73.9600673","40.8047078_-73.9124592","40.8047141_-73.9582435","40.8047191_-73.9322802","40.804723_-73.9680127","40.804735_-73.967984","40.8047479_-73.9323056","40.8047544_-73.9983153","40.8047668_-73.9192253","40.8047713_-73.9323323","40.8047848_-73.966136","40.8047948_-73.9323743","40.804799_-73.967937","40.8048332_-73.9317285","40.804843_-73.9662677","40.804845_-73.912782","40.8048549_-73.968568","40.804862_-73.967914","40.8048633_-73.9663136","40.804863_-73.968181","40.804866_-73.9951049","40.804872_-73.914997","40.804877_-73.910768","40.8048852_-73.9624527","40.804893_-74.003242","40.8048_-73.968154","40.804905_-73.918819","40.8049148_-73.9261998","40.8049157_-73.9113444","40.804925_-73.96791","40.8049437_-73.9681808","40.8049838_-73.9318651","40.8050006_-73.9317388","40.8050028_-73.938904","40.8050044_-73.9348733","40.8050084_-73.9659711","40.805015_-73.921083","40.8050221_-73.9567983","40.805025_-74.008395","40.805028_-73.95276","40.8050391_-73.9681739","40.8050469_-73.9369273","40.805063_-73.941167","40.805073_-73.923301","40.8050878_-73.9259534","40.805096_-73.954874","40.8051079_-73.9319802","40.8051168_-73.9510228","40.8051211_-73.9391872","40.8051367_-73.9681253","40.805136_-73.945239","40.8051785_-73.9114861","40.8051841_-73.9472816","40.8051865_-73.9511881","40.805186_-73.967858","40.805198_-73.9319179","40.8052102_-73.9256363","40.8052245_-73.932105","40.805226_-74.004166","40.8052502_-73.9474392","40.8052655_-73.9992849","40.805279_-73.967829","40.8053055_-73.9205197","40.8053131_-73.9098624","40.8053327_-73.9346234","40.8053358_-73.9582794","40.805343_-73.992299","40.805346_-74.009201","40.805359_-73.999639","40.8053671_-73.9255858","40.805368_-73.921895","40.805384_-73.967774","40.805388_-73.9582824","40.8054098_-73.9656751","40.8054111_-73.9210776","40.8054125_-73.9321214","40.805435_-73.959826","40.8054414_-73.9582694","40.805453_-73.967723","40.8054666_-73.965805","40.8054742_-73.910265","40.8054906_-73.96586","40.8055033_-73.9582474","40.805505_-73.967909","40.8055105_-73.9619961","40.8055319_-73.9344708","40.8055572_-73.9344464","40.805557_-73.910466","40.80555_-73.967897","40.805561_-73.914495","40.805564_-73.9342163")
done
125.34user 818.23system 1:15:31elapsed 20%CPU (0avgtext+0avgdata 58504maxresident)k
505824inputs+14856outputs (12major+31120minor)pagefaults 0swaps
