40.8034868_-73.931271
40.803496_-74.011677
40.8035006_-73.933251
40.8035083_-73.9909675
40.803519_-73.913672
40.8035293_-73.9527091
40.8035338_-73.9670551
40.8035396_-74.0105529
40.803548_-73.9724801
40.803558_-73.911834
40.8035615_-73.9691211
40.8035745_-73.972235
40.803588_-73.9671866
40.803592_-73.91978
40.8035932_-73.9604484
40.8036109_-73.9526996
40.8036112_-73.9672429
40.8036145_-73.932945
40.80361_-73.9139008
40.8036303_-73.9633861
40.803652_-73.969337
40.8036621_-73.930835
40.803662_-73.9456243
40.803678_-73.922078
40.8036859_-73.9669452
40.8036999_-73.939855
40.803699_-73.937914
40.8037022_-73.9421954
40.8037025_-73.9153544
40.8037025_-73.9655819
40.8037106_-73.9158479
40.8037168_-73.9577554
40.8037216_-73.9358199
40.8037277_-73.9307442
40.803728_-74.00515
40.803744_-73.955861
40.8037475_-73.9526916
40.803764_-73.9935153
40.8038075_-73.9326047
40.8038174_-73.9401362
40.8038355_-73.9163281
40.80383_-73.942102
40.8038445_-73.9325742
40.803845_-73.914429
40.8038567_-73.9917271
40.8038638_-73.9519406
40.8038715_-73.9328126
40.8038745_-73.9325361
40.8038762_-73.9461314
40.8038881_-73.9309969
40.803894_-73.958204
40.8039012_-73.966056
40.803909_-74.011372
40.8039154_-73.9322852
40.8039195_-73.9324431
40.8039224_-73.9934349
40.8039233_-73.9943516
40.8039301_-73.9482084
40.803931_-73.90547
40.8039386_-73.9521145
40.803945_-73.912742
40.8039669_-73.9420024
40.803969_-73.996642
40.8039909_-73.96031
40.8039919_-73.9483547
40.8040163_-73.9643054
40.8040279_-73.9933705
40.8040325_-73.9278686
40.8040344_-73.9168339
40.804042_-73.922868
40.804046_-73.907225
40.8040698_-73.964433
40.8040762_-73.932669
40.804078_-74.006017
40.8040886_-73.9582134
40.8041347_-73.9311764
40.8041373_-73.9666191
40.8041558_-73.9129308
40.8041618_-73.9646521
40.8041722_-73.9924573
40.8041901_-73.9667471
40.80419_-73.952723
40.804206_-73.968647
40.8042094_-73.966794
40.804222_-73.911339
40.8042336_-73.9154557
40.8042569_-73.9629285
40.804257_-73.91929
40.804263_-73.913478
40.8042853_-73.9312856
40.8043115_-73.9124172
40.80431_-74.011125
40.804321_-74.014462
40.8043271_-73.9393972
40.8043463_-73.9572939
40.8043488_-73.9215697
40.804349_-73.968505
40.8043853_-73.9353347
40.8043853_-73.9374246
40.804414_-73.911777
40.804428_-73.932407
40.80442_-73.955368
40.8044383_-73.9653106
40.804442_-73.996473
40.8044431_-73.9688123
40.8044448_-73.9396795
40.80445_-73.941651
40.804466_-73.968369
40.8044846_-73.9312971
40.8044878_-73.9663576
40.8044964_-73.9514862
40.80449_-74.018624
40.8045033_-73.9129655
40.8045046_-73.9937584
40.8034868_-73.931271
40.803496_-74.011677
40.8035006_-73.933251
40.8035083_-73.9909675
40.803519_-73.913672
40.8035293_-73.9527091
40.8035338_-73.9670551
40.8035396_-74.0105529
40.803548_-73.9724801
40.803558_-73.911834
40.8035615_-73.9691211
40.8035745_-73.972235
40.803588_-73.9671866
40.803592_-73.91978
40.8035932_-73.9604484
40.8036109_-73.9526996
40.8036112_-73.9672429
40.8036145_-73.932945
40.80361_-73.9139008
40.8036303_-73.9633861
40.803652_-73.969337
40.8036621_-73.930835
40.803662_-73.9456243
40.803678_-73.922078
40.8036859_-73.9669452
40.8036999_-73.939855
40.803699_-73.937914
40.8037022_-73.9421954
40.8037025_-73.9153544
40.8037025_-73.9655819
40.8037106_-73.9158479
40.8037168_-73.9577554
40.8037216_-73.9358199
40.8037277_-73.9307442
40.803728_-74.00515
40.803744_-73.955861
40.8037475_-73.9526916
40.803764_-73.9935153
40.8038075_-73.9326047
40.8038174_-73.9401362
40.8038355_-73.9163281
40.80383_-73.942102
40.8038445_-73.9325742
40.803845_-73.914429
40.8038567_-73.9917271
40.8038638_-73.9519406
40.8038715_-73.9328126
40.8038745_-73.9325361
40.8038762_-73.9461314
40.8038881_-73.9309969
40.803894_-73.958204
40.8039012_-73.966056
40.803909_-74.011372
40.8039154_-73.9322852
40.8039195_-73.9324431
40.8039224_-73.9934349
40.8039233_-73.9943516
40.8039301_-73.9482084
40.803931_-73.90547
40.8039386_-73.9521145
40.803945_-73.912742
40.8039669_-73.9420024
40.803969_-73.996642
40.8039909_-73.96031
40.8039919_-73.9483547
40.8040163_-73.9643054
40.8040279_-73.9933705
40.8040325_-73.9278686
40.8040344_-73.9168339
40.804042_-73.922868
40.804046_-73.907225
40.8040698_-73.964433
40.8040762_-73.932669
40.804078_-74.006017
40.8040886_-73.9582134
40.8041347_-73.9311764
40.8041373_-73.9666191
40.8041558_-73.9129308
40.8041618_-73.9646521
40.8041722_-73.9924573
40.8041901_-73.9667471
40.80419_-73.952723
40.804206_-73.968647
40.8042094_-73.966794
40.804222_-73.911339
40.8042336_-73.9154557
40.8042569_-73.9629285
40.804257_-73.91929
40.804263_-73.913478
40.8042853_-73.9312856
40.8043115_-73.9124172
40.80431_-74.011125
40.804321_-74.014462
40.8043271_-73.9393972
40.8043463_-73.9572939
40.8043488_-73.9215697
40.804349_-73.968505
40.8043853_-73.9353347
40.8043853_-73.9374246
40.804414_-73.911777
40.804428_-73.932407
40.80442_-73.955368
40.8044383_-73.9653106
40.804442_-73.996473
40.8044431_-73.9688123
40.8044448_-73.9396795
40.80445_-73.941651
40.804466_-73.968369
40.8044846_-73.9312971
40.8044878_-73.9663576
40.8044964_-73.9514862
40.80449_-74.018624
40.8045033_-73.9129655
40.8045046_-73.9937584
("40.8034868_-73.931271","40.803496_-74.011677","40.8035006_-73.933251","40.8035083_-73.9909675","40.803519_-73.913672","40.8035293_-73.9527091","40.8035338_-73.9670551","40.8035396_-74.0105529","40.803548_-73.9724801","40.803558_-73.911834","40.8035615_-73.9691211","40.8035745_-73.972235","40.803588_-73.9671866","40.803592_-73.91978","40.8035932_-73.9604484","40.8036109_-73.9526996","40.8036112_-73.9672429","40.8036145_-73.932945","40.80361_-73.9139008","40.8036303_-73.9633861","40.803652_-73.969337","40.8036621_-73.930835","40.803662_-73.9456243","40.803678_-73.922078","40.8036859_-73.9669452","40.8036999_-73.939855","40.803699_-73.937914","40.8037022_-73.9421954","40.8037025_-73.9153544","40.8037025_-73.9655819","40.8037106_-73.9158479","40.8037168_-73.9577554","40.8037216_-73.9358199","40.8037277_-73.9307442","40.803728_-74.00515","40.803744_-73.955861","40.8037475_-73.9526916","40.803764_-73.9935153","40.8038075_-73.9326047","40.8038174_-73.9401362","40.8038355_-73.9163281","40.80383_-73.942102","40.8038445_-73.9325742","40.803845_-73.914429","40.8038567_-73.9917271","40.8038638_-73.9519406","40.8038715_-73.9328126","40.8038745_-73.9325361","40.8038762_-73.9461314","40.8038881_-73.9309969","40.803894_-73.958204","40.8039012_-73.966056","40.803909_-74.011372","40.8039154_-73.9322852","40.8039195_-73.9324431","40.8039224_-73.9934349","40.8039233_-73.9943516","40.8039301_-73.9482084","40.803931_-73.90547","40.8039386_-73.9521145","40.803945_-73.912742","40.8039669_-73.9420024","40.803969_-73.996642","40.8039909_-73.96031","40.8039919_-73.9483547","40.8040163_-73.9643054","40.8040279_-73.9933705","40.8040325_-73.9278686","40.8040344_-73.9168339","40.804042_-73.922868","40.804046_-73.907225","40.8040698_-73.964433","40.8040762_-73.932669","40.804078_-74.006017","40.8040886_-73.9582134","40.8041347_-73.9311764","40.8041373_-73.9666191","40.8041558_-73.9129308","40.8041618_-73.9646521","40.8041722_-73.9924573","40.8041901_-73.9667471","40.80419_-73.952723","40.804206_-73.968647","40.8042094_-73.966794","40.804222_-73.911339","40.8042336_-73.9154557","40.8042569_-73.9629285","40.804257_-73.91929","40.804263_-73.913478","40.8042853_-73.9312856","40.8043115_-73.9124172","40.80431_-74.011125","40.804321_-74.014462","40.8043271_-73.9393972","40.8043463_-73.9572939","40.8043488_-73.9215697","40.804349_-73.968505","40.8043853_-73.9353347","40.8043853_-73.9374246","40.804414_-73.911777","40.804428_-73.932407","40.80442_-73.955368","40.8044383_-73.9653106","40.804442_-73.996473","40.8044431_-73.9688123","40.8044448_-73.9396795","40.80445_-73.941651","40.804466_-73.968369","40.8044846_-73.9312971","40.8044878_-73.9663576","40.8044964_-73.9514862","40.80449_-74.018624","40.8045033_-73.9129655","40.8045046_-73.9937584")
done
127.37user 818.62system 1:14:12elapsed 21%CPU (0avgtext+0avgdata 58228maxresident)k
567776inputs+15992outputs (10major+31269minor)pagefaults 0swaps
