40.8724021_-73.9771938
40.872437_-73.9172603
40.872499_-73.917176
40.8725165_-73.9122492
40.8725272_-73.9045688
40.87262_-73.904677
40.8726931_-73.9120485
40.8727559_-73.9116303
40.8727567_-73.9725276
40.8728468_-73.9119097
40.8729372_-73.9118281
40.872982_-74.002699
40.873022_-73.918459
40.8730609_-73.9289595
40.873138_-73.905714
40.8731688_-73.9058269
40.8732009_-73.9115677
40.8732654_-73.978214
40.8732874_-73.9784114
40.8732959_-73.9116731
40.87334_-74.00696
40.8733996_-73.906703
40.8734583_-73.9070009
40.8734801_-73.9819508
40.8735347_-73.9285904
40.873548_-73.953184
40.8736612_-73.9080757
40.8737053_-73.9083093
40.8737243_-73.9084158
40.8737359_-73.9084764
40.873746_-73.9085201
40.8737582_-73.9085515
40.8738008_-73.9086174
40.873847_-73.979215
40.873889_-73.9950485
40.8740269_-73.9766312
40.8740667_-73.9103745
40.874084_-73.957769
40.8740996_-73.9090163
40.8741614_-73.9773798
40.8741707_-73.9102312
40.8741803_-73.9105351
40.8742603_-73.9100496
40.8742787_-73.9037117
40.8743076_-73.9103723
40.874373_-74.013345
40.8743883_-73.9098381
40.874398_-73.954974
40.8744822_-73.9276291
40.8744_-73.9755144
40.874533_-74.005831
40.8745523_-73.9096352
40.8745704_-73.994628
40.874575_-74.0114248
40.8745834_-73.9838991
40.87458_-73.99947
40.874617_-73.904708
40.8746713_-73.9110993
40.8746867_-73.9098192
40.8747262_-73.9941988
40.8748093_-73.9114812
40.874836_-73.958197
40.8748537_-73.9061677
40.874915_-73.958358
40.8749533_-73.9061621
40.8749596_-73.9119686
40.8749663_-73.9920788
40.874994_-73.9092626
40.8750497_-73.9122655
40.8750815_-73.9123833
40.8751197_-73.909304
40.875204_-74.001443
40.8752668_-73.9126384
40.875313_-73.9126782
40.8753427_-73.985384
40.8753557_-73.9862337
40.8753584_-73.9264618
40.8753645_-73.9127025
40.875393_-73.9256793
40.875444_-74.016174
40.8754657_-73.9127382
40.875584_-73.998813
40.875602_-73.952301
40.8756106_-73.911206
40.8756161_-73.9111065
40.8756326_-73.9113208
40.875638_-73.9082537
40.8756526_-73.9260055
40.8756706_-73.9128004
40.8756987_-73.911459
40.8757178_-73.9081521
40.8757254_-73.9083352
40.875779_-73.911531
40.8758065_-73.9084003
40.8758148_-73.9256965
40.875842_-73.903131
40.8758455_-73.9062237
40.8758702_-73.9079581
40.875872_-74.017304
40.8759096_-73.9135661
40.8759336_-73.9128801
40.8759356_-73.9135137
40.8759607_-73.9080489
40.875972_-73.909421
40.8759748_-73.911543
40.8759901_-73.9253274
40.87601_-73.9084354
40.8760427_-73.911515
40.8760615_-73.9247953
40.8760974_-73.9076636
40.8761009_-73.9080146
40.8761042_-73.9114565
40.8761088_-73.9129101
40.876117_-73.904048
40.8724021_-73.9771938
40.872437_-73.9172603
40.872499_-73.917176
40.8725165_-73.9122492
40.8725272_-73.9045688
40.87262_-73.904677
40.8726931_-73.9120485
40.8727559_-73.9116303
40.8727567_-73.9725276
40.8728468_-73.9119097
40.8729372_-73.9118281
40.872982_-74.002699
40.873022_-73.918459
40.8730609_-73.9289595
40.873138_-73.905714
40.8731688_-73.9058269
40.8732009_-73.9115677
40.8732654_-73.978214
40.8732874_-73.9784114
40.8732959_-73.9116731
40.87334_-74.00696
40.8733996_-73.906703
40.8734583_-73.9070009
40.8734801_-73.9819508
40.8735347_-73.9285904
40.873548_-73.953184
40.8736612_-73.9080757
40.8737053_-73.9083093
40.8737243_-73.9084158
40.8737359_-73.9084764
40.873746_-73.9085201
40.8737582_-73.9085515
40.8738008_-73.9086174
40.873847_-73.979215
40.873889_-73.9950485
40.8740269_-73.9766312
40.8740667_-73.9103745
40.874084_-73.957769
40.8740996_-73.9090163
40.8741614_-73.9773798
40.8741707_-73.9102312
40.8741803_-73.9105351
40.8742603_-73.9100496
40.8742787_-73.9037117
40.8743076_-73.9103723
40.874373_-74.013345
40.8743883_-73.9098381
40.874398_-73.954974
40.8744822_-73.9276291
40.8744_-73.9755144
40.874533_-74.005831
40.8745523_-73.9096352
40.8745704_-73.994628
40.874575_-74.0114248
40.8745834_-73.9838991
40.87458_-73.99947
40.874617_-73.904708
40.8746713_-73.9110993
40.8746867_-73.9098192
40.8747262_-73.9941988
40.8748093_-73.9114812
40.874836_-73.958197
40.8748537_-73.9061677
40.874915_-73.958358
40.8749533_-73.9061621
40.8749596_-73.9119686
40.8749663_-73.9920788
40.874994_-73.9092626
40.8750497_-73.9122655
40.8750815_-73.9123833
40.8751197_-73.909304
40.875204_-74.001443
40.8752668_-73.9126384
40.875313_-73.9126782
40.8753427_-73.985384
40.8753557_-73.9862337
40.8753584_-73.9264618
40.8753645_-73.9127025
40.875393_-73.9256793
40.875444_-74.016174
40.8754657_-73.9127382
40.875584_-73.998813
40.875602_-73.952301
40.8756106_-73.911206
40.8756161_-73.9111065
40.8756326_-73.9113208
40.875638_-73.9082537
40.8756526_-73.9260055
40.8756706_-73.9128004
40.8756987_-73.911459
40.8757178_-73.9081521
40.8757254_-73.9083352
40.875779_-73.911531
40.8758065_-73.9084003
40.8758148_-73.9256965
40.875842_-73.903131
40.8758455_-73.9062237
40.8758702_-73.9079581
40.875872_-74.017304
40.8759096_-73.9135661
40.8759336_-73.9128801
40.8759356_-73.9135137
40.8759607_-73.9080489
40.875972_-73.909421
40.8759748_-73.911543
40.8759901_-73.9253274
40.87601_-73.9084354
40.8760427_-73.911515
40.8760615_-73.9247953
40.8760974_-73.9076636
40.8761009_-73.9080146
40.8761042_-73.9114565
40.8761088_-73.9129101
40.876117_-73.904048
("40.8724021_-73.9771938","40.872437_-73.9172603","40.872499_-73.917176","40.8725165_-73.9122492","40.8725272_-73.9045688","40.87262_-73.904677","40.8726931_-73.9120485","40.8727559_-73.9116303","40.8727567_-73.9725276","40.8728468_-73.9119097","40.8729372_-73.9118281","40.872982_-74.002699","40.873022_-73.918459","40.8730609_-73.9289595","40.873138_-73.905714","40.8731688_-73.9058269","40.8732009_-73.9115677","40.8732654_-73.978214","40.8732874_-73.9784114","40.8732959_-73.9116731","40.87334_-74.00696","40.8733996_-73.906703","40.8734583_-73.9070009","40.8734801_-73.9819508","40.8735347_-73.9285904","40.873548_-73.953184","40.8736612_-73.9080757","40.8737053_-73.9083093","40.8737243_-73.9084158","40.8737359_-73.9084764","40.873746_-73.9085201","40.8737582_-73.9085515","40.8738008_-73.9086174","40.873847_-73.979215","40.873889_-73.9950485","40.8740269_-73.9766312","40.8740667_-73.9103745","40.874084_-73.957769","40.8740996_-73.9090163","40.8741614_-73.9773798","40.8741707_-73.9102312","40.8741803_-73.9105351","40.8742603_-73.9100496","40.8742787_-73.9037117","40.8743076_-73.9103723","40.874373_-74.013345","40.8743883_-73.9098381","40.874398_-73.954974","40.8744822_-73.9276291","40.8744_-73.9755144","40.874533_-74.005831","40.8745523_-73.9096352","40.8745704_-73.994628","40.874575_-74.0114248","40.8745834_-73.9838991","40.87458_-73.99947","40.874617_-73.904708","40.8746713_-73.9110993","40.8746867_-73.9098192","40.8747262_-73.9941988","40.8748093_-73.9114812","40.874836_-73.958197","40.8748537_-73.9061677","40.874915_-73.958358","40.8749533_-73.9061621","40.8749596_-73.9119686","40.8749663_-73.9920788","40.874994_-73.9092626","40.8750497_-73.9122655","40.8750815_-73.9123833","40.8751197_-73.909304","40.875204_-74.001443","40.8752668_-73.9126384","40.875313_-73.9126782","40.8753427_-73.985384","40.8753557_-73.9862337","40.8753584_-73.9264618","40.8753645_-73.9127025","40.875393_-73.9256793","40.875444_-74.016174","40.8754657_-73.9127382","40.875584_-73.998813","40.875602_-73.952301","40.8756106_-73.911206","40.8756161_-73.9111065","40.8756326_-73.9113208","40.875638_-73.9082537","40.8756526_-73.9260055","40.8756706_-73.9128004","40.8756987_-73.911459","40.8757178_-73.9081521","40.8757254_-73.9083352","40.875779_-73.911531","40.8758065_-73.9084003","40.8758148_-73.9256965","40.875842_-73.903131","40.8758455_-73.9062237","40.8758702_-73.9079581","40.875872_-74.017304","40.8759096_-73.9135661","40.8759336_-73.9128801","40.8759356_-73.9135137","40.8759607_-73.9080489","40.875972_-73.909421","40.8759748_-73.911543","40.8759901_-73.9253274","40.87601_-73.9084354","40.8760427_-73.911515","40.8760615_-73.9247953","40.8760974_-73.9076636","40.8761009_-73.9080146","40.8761042_-73.9114565","40.8761088_-73.9129101","40.876117_-73.904048")
done
128.18user 834.51system 1:13:46elapsed 21%CPU (0avgtext+0avgdata 51712maxresident)k
5834104inputs+48outputs (3major+27166minor)pagefaults 0swaps
