40.8339671_-73.9719868
40.8339674_-73.916808
40.8339697_-73.9165288
40.833982_-73.949342
40.833998_-73.9355454
40.8340019_-73.9165934
40.834014_-74.002994
40.8340186_-73.9482681
40.8340197_-73.9450903
40.8340202_-73.9167678
40.834037_-73.9161626
40.834037_-73.916655
40.8340452_-73.9165147
40.8340611_-73.9448113
40.8340653_-73.9489054
40.8340709_-73.9167222
40.8340769_-73.9448488
40.8340866_-73.9483688
40.8340892_-73.916456
40.8340964_-73.9453599
40.8340971_-73.9166398
40.834105_-73.9163102
40.8341102_-73.941109
40.8341233_-73.9168522
40.8341333_-73.9480765
40.8341411_-73.9450015
40.8341556_-73.9486076
40.834156_-73.9392421
40.8341592_-73.9381315
40.8341628_-73.9164243
40.8341669_-73.9370217
40.8341687_-73.9222057
40.83417_-73.927783
40.834188_-73.909574
40.8341983_-73.916493
40.8342107_-73.9491945
40.8342121_-73.9483692
40.834212_-73.9453821
40.8342251_-73.9165639
40.8342262_-73.9482291
40.8342286_-73.9391908
40.8342289_-73.9485315
40.8342323_-73.9488218
40.8342643_-73.9353394
40.8342792_-73.9480972
40.8342798_-73.9493166
40.8342912_-73.9453526
40.8342916_-73.9167526
40.8343098_-73.9487765
40.8343229_-73.9174338
40.834323_-73.919907
40.834324_-73.9477493
40.834328_-73.980496
40.8343493_-73.9379896
40.8343523_-73.9490935
40.8343786_-73.917599
40.8344109_-73.947965
40.834418_-73.928537
40.834431_-73.910342
40.8344377_-73.9490635
40.8344441_-73.9476638
40.8344447_-73.9177881
40.8344544_-74.0091964
40.8344607_-73.9399206
40.83446_-74.01523
40.8344753_-73.9172985
40.834484_-73.924394
40.8344923_-73.940048
40.8344986_-73.9497081
40.8345029_-73.9173802
40.834505_-73.930355
40.834509_-73.9179743
40.8345177_-73.9232142
40.8345276_-73.9174527
40.8345302_-73.9401799
40.834536_-73.938965
40.834552_-74.003928
40.8345536_-73.9351982
40.8345595_-73.918118
40.8345927_-73.9176438
40.834603_-73.975256
40.8346048_-73.9182524
40.8346242_-73.9183073
40.8346454_-73.9183688
40.8346545_-73.9498111
40.8346559_-73.9178312
40.8346611_-73.9443745
40.8346688_-73.9906202
40.8346755_-73.94441
40.83467_-73.92938
40.8346999_-73.9309648
40.834703_-73.9179754
40.8347197_-73.9474676
40.834722_-73.9112
40.8347248_-73.9406514
40.8347254_-73.9355196
40.834739_-73.9445661
40.8347502_-73.9182298
40.8347644_-73.9181601
40.834774_-73.925265
40.8347814_-73.9182114
40.8348027_-73.9182734
40.834803_-73.9476795
40.8348078_-73.9188393
40.8348341_-73.9396925
40.8348411_-73.9476405
40.8348452_-73.9472945
40.8348573_-73.9476083
40.8348587_-73.9351564
40.8348716_-73.9467357
40.834889_-73.937751
40.8348977_-73.9470451
40.83489_-73.982544
40.834918_-73.93986
40.8339671_-73.9719868
40.8339674_-73.916808
40.8339697_-73.9165288
40.833982_-73.949342
40.833998_-73.9355454
40.8340019_-73.9165934
40.834014_-74.002994
40.8340186_-73.9482681
40.8340197_-73.9450903
40.8340202_-73.9167678
40.834037_-73.9161626
40.834037_-73.916655
40.8340452_-73.9165147
40.8340611_-73.9448113
40.8340653_-73.9489054
40.8340709_-73.9167222
40.8340769_-73.9448488
40.8340866_-73.9483688
40.8340892_-73.916456
40.8340964_-73.9453599
40.8340971_-73.9166398
40.834105_-73.9163102
40.8341102_-73.941109
40.8341233_-73.9168522
40.8341333_-73.9480765
40.8341411_-73.9450015
40.8341556_-73.9486076
40.834156_-73.9392421
40.8341592_-73.9381315
40.8341628_-73.9164243
40.8341669_-73.9370217
40.8341687_-73.9222057
40.83417_-73.927783
40.834188_-73.909574
40.8341983_-73.916493
40.8342107_-73.9491945
40.8342121_-73.9483692
40.834212_-73.9453821
40.8342251_-73.9165639
40.8342262_-73.9482291
40.8342286_-73.9391908
40.8342289_-73.9485315
40.8342323_-73.9488218
40.8342643_-73.9353394
40.8342792_-73.9480972
40.8342798_-73.9493166
40.8342912_-73.9453526
40.8342916_-73.9167526
40.8343098_-73.9487765
40.8343229_-73.9174338
40.834323_-73.919907
40.834324_-73.9477493
40.834328_-73.980496
40.8343493_-73.9379896
40.8343523_-73.9490935
40.8343786_-73.917599
40.8344109_-73.947965
40.834418_-73.928537
40.834431_-73.910342
40.8344377_-73.9490635
40.8344441_-73.9476638
40.8344447_-73.9177881
40.8344544_-74.0091964
40.8344607_-73.9399206
40.83446_-74.01523
40.8344753_-73.9172985
40.834484_-73.924394
40.8344923_-73.940048
40.8344986_-73.9497081
40.8345029_-73.9173802
40.834505_-73.930355
40.834509_-73.9179743
40.8345177_-73.9232142
40.8345276_-73.9174527
40.8345302_-73.9401799
40.834536_-73.938965
40.834552_-74.003928
40.8345536_-73.9351982
40.8345595_-73.918118
40.8345927_-73.9176438
40.834603_-73.975256
40.8346048_-73.9182524
40.8346242_-73.9183073
40.8346454_-73.9183688
40.8346545_-73.9498111
40.8346559_-73.9178312
40.8346611_-73.9443745
40.8346688_-73.9906202
40.8346755_-73.94441
40.83467_-73.92938
40.8346999_-73.9309648
40.834703_-73.9179754
40.8347197_-73.9474676
40.834722_-73.9112
40.8347248_-73.9406514
40.8347254_-73.9355196
40.834739_-73.9445661
40.8347502_-73.9182298
40.8347644_-73.9181601
40.834774_-73.925265
40.8347814_-73.9182114
40.8348027_-73.9182734
40.834803_-73.9476795
40.8348078_-73.9188393
40.8348341_-73.9396925
40.8348411_-73.9476405
40.8348452_-73.9472945
40.8348573_-73.9476083
40.8348587_-73.9351564
40.8348716_-73.9467357
40.834889_-73.937751
40.8348977_-73.9470451
40.83489_-73.982544
40.834918_-73.93986
("40.8339671_-73.9719868","40.8339674_-73.916808","40.8339697_-73.9165288","40.833982_-73.949342","40.833998_-73.9355454","40.8340019_-73.9165934","40.834014_-74.002994","40.8340186_-73.9482681","40.8340197_-73.9450903","40.8340202_-73.9167678","40.834037_-73.9161626","40.834037_-73.916655","40.8340452_-73.9165147","40.8340611_-73.9448113","40.8340653_-73.9489054","40.8340709_-73.9167222","40.8340769_-73.9448488","40.8340866_-73.9483688","40.8340892_-73.916456","40.8340964_-73.9453599","40.8340971_-73.9166398","40.834105_-73.9163102","40.8341102_-73.941109","40.8341233_-73.9168522","40.8341333_-73.9480765","40.8341411_-73.9450015","40.8341556_-73.9486076","40.834156_-73.9392421","40.8341592_-73.9381315","40.8341628_-73.9164243","40.8341669_-73.9370217","40.8341687_-73.9222057","40.83417_-73.927783","40.834188_-73.909574","40.8341983_-73.916493","40.8342107_-73.9491945","40.8342121_-73.9483692","40.834212_-73.9453821","40.8342251_-73.9165639","40.8342262_-73.9482291","40.8342286_-73.9391908","40.8342289_-73.9485315","40.8342323_-73.9488218","40.8342643_-73.9353394","40.8342792_-73.9480972","40.8342798_-73.9493166","40.8342912_-73.9453526","40.8342916_-73.9167526","40.8343098_-73.9487765","40.8343229_-73.9174338","40.834323_-73.919907","40.834324_-73.9477493","40.834328_-73.980496","40.8343493_-73.9379896","40.8343523_-73.9490935","40.8343786_-73.917599","40.8344109_-73.947965","40.834418_-73.928537","40.834431_-73.910342","40.8344377_-73.9490635","40.8344441_-73.9476638","40.8344447_-73.9177881","40.8344544_-74.0091964","40.8344607_-73.9399206","40.83446_-74.01523","40.8344753_-73.9172985","40.834484_-73.924394","40.8344923_-73.940048","40.8344986_-73.9497081","40.8345029_-73.9173802","40.834505_-73.930355","40.834509_-73.9179743","40.8345177_-73.9232142","40.8345276_-73.9174527","40.8345302_-73.9401799","40.834536_-73.938965","40.834552_-74.003928","40.8345536_-73.9351982","40.8345595_-73.918118","40.8345927_-73.9176438","40.834603_-73.975256","40.8346048_-73.9182524","40.8346242_-73.9183073","40.8346454_-73.9183688","40.8346545_-73.9498111","40.8346559_-73.9178312","40.8346611_-73.9443745","40.8346688_-73.9906202","40.8346755_-73.94441","40.83467_-73.92938","40.8346999_-73.9309648","40.834703_-73.9179754","40.8347197_-73.9474676","40.834722_-73.9112","40.8347248_-73.9406514","40.8347254_-73.9355196","40.834739_-73.9445661","40.8347502_-73.9182298","40.8347644_-73.9181601","40.834774_-73.925265","40.8347814_-73.9182114","40.8348027_-73.9182734","40.834803_-73.9476795","40.8348078_-73.9188393","40.8348341_-73.9396925","40.8348411_-73.9476405","40.8348452_-73.9472945","40.8348573_-73.9476083","40.8348587_-73.9351564","40.8348716_-73.9467357","40.834889_-73.937751","40.8348977_-73.9470451","40.83489_-73.982544","40.834918_-73.93986")
done
124.57user 811.80system 1:12:38elapsed 21%CPU (0avgtext+0avgdata 52012maxresident)k
2052160inputs+48outputs (2major+28262minor)pagefaults 0swaps
