40.7312869_-74.0103381
40.731289_-73.99039
40.7312915_-73.9738435
40.731299_-73.957828
40.7313175_-73.973689
40.7313257_-73.9886146
40.7313283_-73.9754793
40.7313305_-73.9748502
40.7313473_-73.9969034
40.731355_-74.005532
40.7313565_-73.982557
40.731376_-73.9754004
40.7313783_-73.9968777
40.7313792_-73.9741256
40.7313827_-73.9749965
40.7313855_-73.9887572
40.731387_-73.949338
40.7313938_-73.988565
40.7313983_-73.9175609
40.7313991_-73.9969545
40.7314023_-73.9826672
40.7314051_-73.9753057
40.7314085_-73.975109
40.7314152_-73.9752062
40.7314164_-73.9969716
40.731425_-73.9464
40.7314391_-73.9969544
40.731465_-73.9970715
40.731465_-74.003139
40.7314685_-73.9969322
40.7314745_-73.9191943
40.7315191_-73.973792
40.7315256_-73.9739465
40.7315306_-73.9258
40.7315437_-73.9180493
40.731544_-74.004939
40.7315632_-73.9259181
40.7315767_-73.9248292
40.7315851_-73.9193917
40.731592_-74.005783
40.731613_-73.954495
40.7316274_-73.9991063
40.731627_-74.005706
40.731656_-73.921783
40.731658_-73.985444
40.731669_-74.006624
40.731686_-73.987489
40.7316955_-73.9615224
40.7316_-73.9947861
40.731706_-74.000954
40.7317078_-73.9738779
40.7317208_-73.9740238
40.7317301_-73.9185678
40.731738_-73.99146
40.731743_-74.003299
40.7317587_-73.9518116
40.73175_-73.945512
40.731768_-73.935394
40.7317737_-73.9196492
40.731774_-74.001167
40.731784_-74.007807
40.731816_-73.926034
40.7318235_-73.9190959
40.7318338_-73.9600812
40.731836_-74.005107
40.731843_-73.9597084
40.731852_-73.959592
40.7318547_-73.9519692
40.7318551_-74.0008455
40.731856_-73.996639
40.731862_-73.951895
40.7318686_-73.9518298
40.731873_-74.008784
40.731893_-74.003791
40.7319051_-73.9880103
40.7319135_-73.9881864
40.7319199_-73.925568
40.7319354_-73.9739465
40.7319443_-73.9190448
40.7319637_-73.9881498
40.7319661_-73.9519873
40.731968_-73.92322
40.731996_-73.990212
40.7320004_-73.974101
40.7320066_-74.0102717
40.732009_-73.957943
40.7320224_-73.9882889
40.7320271_-73.9881036
40.7320287_-73.982061
40.7320493_-73.9189533
40.7320791_-73.9821801
40.7320795_-73.94461
40.732094_-73.949451
40.732124_-73.973998
40.7321444_-73.9112292
40.7321651_-73.998654
40.732165_-73.994297
40.7321895_-73.9985601
40.7321899_-73.9986331
40.7321942_-73.9804644
40.7321973_-73.9804087
40.7322003_-73.9803559
40.7322108_-73.9805834
40.732215_-73.998612
40.7322167_-73.9195357
40.7322219_-73.9802445
40.7322322_-73.9427145
40.732251_-73.924515
40.7322528_-73.9801483
40.732255_-73.9189797
40.732255_-73.996351
40.7322684_-73.9807415
40.7322733_-73.998563
40.7323105_-74.0035828
40.7312869_-74.0103381
40.731289_-73.99039
40.7312915_-73.9738435
40.731299_-73.957828
40.7313175_-73.973689
40.7313257_-73.9886146
40.7313283_-73.9754793
40.7313305_-73.9748502
40.7313473_-73.9969034
40.731355_-74.005532
40.7313565_-73.982557
40.731376_-73.9754004
40.7313783_-73.9968777
40.7313792_-73.9741256
40.7313827_-73.9749965
40.7313855_-73.9887572
40.731387_-73.949338
40.7313938_-73.988565
40.7313983_-73.9175609
40.7313991_-73.9969545
40.7314023_-73.9826672
40.7314051_-73.9753057
40.7314085_-73.975109
40.7314152_-73.9752062
40.7314164_-73.9969716
40.731425_-73.9464
40.7314391_-73.9969544
40.731465_-73.9970715
40.731465_-74.003139
40.7314685_-73.9969322
40.7314745_-73.9191943
40.7315191_-73.973792
40.7315256_-73.9739465
40.7315306_-73.9258
40.7315437_-73.9180493
40.731544_-74.004939
40.7315632_-73.9259181
40.7315767_-73.9248292
40.7315851_-73.9193917
40.731592_-74.005783
40.731613_-73.954495
40.7316274_-73.9991063
40.731627_-74.005706
40.731656_-73.921783
40.731658_-73.985444
40.731669_-74.006624
40.731686_-73.987489
40.7316955_-73.9615224
40.7316_-73.9947861
40.731706_-74.000954
40.7317078_-73.9738779
40.7317208_-73.9740238
40.7317301_-73.9185678
40.731738_-73.99146
40.731743_-74.003299
40.7317587_-73.9518116
40.73175_-73.945512
40.731768_-73.935394
40.7317737_-73.9196492
40.731774_-74.001167
40.731784_-74.007807
40.731816_-73.926034
40.7318235_-73.9190959
40.7318338_-73.9600812
40.731836_-74.005107
40.731843_-73.9597084
40.731852_-73.959592
40.7318547_-73.9519692
40.7318551_-74.0008455
40.731856_-73.996639
40.731862_-73.951895
40.7318686_-73.9518298
40.731873_-74.008784
40.731893_-74.003791
40.7319051_-73.9880103
40.7319135_-73.9881864
40.7319199_-73.925568
40.7319354_-73.9739465
40.7319443_-73.9190448
40.7319637_-73.9881498
40.7319661_-73.9519873
40.731968_-73.92322
40.731996_-73.990212
40.7320004_-73.974101
40.7320066_-74.0102717
40.732009_-73.957943
40.7320224_-73.9882889
40.7320271_-73.9881036
40.7320287_-73.982061
40.7320493_-73.9189533
40.7320791_-73.9821801
40.7320795_-73.94461
40.732094_-73.949451
40.732124_-73.973998
40.7321444_-73.9112292
40.7321651_-73.998654
40.732165_-73.994297
40.7321895_-73.9985601
40.7321899_-73.9986331
40.7321942_-73.9804644
40.7321973_-73.9804087
40.7322003_-73.9803559
40.7322108_-73.9805834
40.732215_-73.998612
40.7322167_-73.9195357
40.7322219_-73.9802445
40.7322322_-73.9427145
40.732251_-73.924515
40.7322528_-73.9801483
40.732255_-73.9189797
40.732255_-73.996351
40.7322684_-73.9807415
40.7322733_-73.998563
40.7323105_-74.0035828
("40.7312869_-74.0103381","40.731289_-73.99039","40.7312915_-73.9738435","40.731299_-73.957828","40.7313175_-73.973689","40.7313257_-73.9886146","40.7313283_-73.9754793","40.7313305_-73.9748502","40.7313473_-73.9969034","40.731355_-74.005532","40.7313565_-73.982557","40.731376_-73.9754004","40.7313783_-73.9968777","40.7313792_-73.9741256","40.7313827_-73.9749965","40.7313855_-73.9887572","40.731387_-73.949338","40.7313938_-73.988565","40.7313983_-73.9175609","40.7313991_-73.9969545","40.7314023_-73.9826672","40.7314051_-73.9753057","40.7314085_-73.975109","40.7314152_-73.9752062","40.7314164_-73.9969716","40.731425_-73.9464","40.7314391_-73.9969544","40.731465_-73.9970715","40.731465_-74.003139","40.7314685_-73.9969322","40.7314745_-73.9191943","40.7315191_-73.973792","40.7315256_-73.9739465","40.7315306_-73.9258","40.7315437_-73.9180493","40.731544_-74.004939","40.7315632_-73.9259181","40.7315767_-73.9248292","40.7315851_-73.9193917","40.731592_-74.005783","40.731613_-73.954495","40.7316274_-73.9991063","40.731627_-74.005706","40.731656_-73.921783","40.731658_-73.985444","40.731669_-74.006624","40.731686_-73.987489","40.7316955_-73.9615224","40.7316_-73.9947861","40.731706_-74.000954","40.7317078_-73.9738779","40.7317208_-73.9740238","40.7317301_-73.9185678","40.731738_-73.99146","40.731743_-74.003299","40.7317587_-73.9518116","40.73175_-73.945512","40.731768_-73.935394","40.7317737_-73.9196492","40.731774_-74.001167","40.731784_-74.007807","40.731816_-73.926034","40.7318235_-73.9190959","40.7318338_-73.9600812","40.731836_-74.005107","40.731843_-73.9597084","40.731852_-73.959592","40.7318547_-73.9519692","40.7318551_-74.0008455","40.731856_-73.996639","40.731862_-73.951895","40.7318686_-73.9518298","40.731873_-74.008784","40.731893_-74.003791","40.7319051_-73.9880103","40.7319135_-73.9881864","40.7319199_-73.925568","40.7319354_-73.9739465","40.7319443_-73.9190448","40.7319637_-73.9881498","40.7319661_-73.9519873","40.731968_-73.92322","40.731996_-73.990212","40.7320004_-73.974101","40.7320066_-74.0102717","40.732009_-73.957943","40.7320224_-73.9882889","40.7320271_-73.9881036","40.7320287_-73.982061","40.7320493_-73.9189533","40.7320791_-73.9821801","40.7320795_-73.94461","40.732094_-73.949451","40.732124_-73.973998","40.7321444_-73.9112292","40.7321651_-73.998654","40.732165_-73.994297","40.7321895_-73.9985601","40.7321899_-73.9986331","40.7321942_-73.9804644","40.7321973_-73.9804087","40.7322003_-73.9803559","40.7322108_-73.9805834","40.732215_-73.998612","40.7322167_-73.9195357","40.7322219_-73.9802445","40.7322322_-73.9427145","40.732251_-73.924515","40.7322528_-73.9801483","40.732255_-73.9189797","40.732255_-73.996351","40.7322684_-73.9807415","40.7322733_-73.998563","40.7323105_-74.0035828")
done
144.33user 811.03system 1:13:29elapsed 21%CPU (0avgtext+0avgdata 77624maxresident)k
849520inputs+86696outputs (39major+40135minor)pagefaults 0swaps
