40.758677_-73.9070292
40.7586783_-73.9985422
40.758683_-73.942456
40.7586846_-73.9717262
40.7586863_-73.9853225
40.758696_-73.9114964
40.7587025_-73.9342599
40.7587027_-73.997268
40.7587203_-73.9973104
40.7587243_-73.9986967
40.758727_-73.9541544
40.7587295_-73.9998799
40.7587298_-73.9115685
40.7587317_-73.9379013
40.7587509_-73.9854755
40.7587543_-73.9081115
40.758756_-73.9329192
40.7587587_-73.9995053
40.7587611_-73.9424482
40.7587687_-73.9114135
40.7587735_-73.9342053
40.7587775_-73.9380447
40.7587854_-73.9378491
40.7587951_-73.9383594
40.7588205_-73.9341692
40.7588354_-73.9382262
40.758836_-73.9720833
40.7588387_-73.9975963
40.7588659_-73.9999739
40.758865_-73.938319
40.7588669_-73.953982
40.7588701_-73.9300953
40.7588726_-73.9779902
40.7588738_-73.9992083
40.758899_-73.9433457
40.7589098_-73.9539185
40.7589129_-73.9190636
40.7589161_-73.9997231
40.7589212_-73.9256566
40.7589243_-73.9994257
40.7589348_-73.9978247
40.7589389_-73.952203
40.7589394_-74.0001769
40.75893_-73.9189044
40.7589475_-73.9382747
40.7589518_-73.9684787
40.7589757_-73.964501
40.7589791_-73.9939359
40.7589793_-73.9190094
40.758981_-73.962432
40.758981_-73.9959432
40.758984_-73.943296
40.7589864_-73.9584687
40.7589891_-73.9996343
40.7589945_-73.9351299
40.7590024_-73.970533
40.759006_-73.9123487
40.759012_-73.9326742
40.7590176_-73.9067954
40.7590213_-73.9583831
40.759022_-73.9191004
40.7590256_-73.9725276
40.7590348_-73.9122195
40.7590367_-73.9350058
40.7590397_-73.9536435
40.7590428_-73.9980915
40.7590493_-73.958589
40.7590608_-73.918943
40.7590637_-73.935066
40.7590667_-73.9920533
40.7590672_-73.9122897
40.7590705_-73.9998381
40.7590756_-73.9535645
40.7590918_-73.9862828
40.7591031_-73.992139
40.7591033_-73.9123626
40.7591042_-73.9727178
40.7591049_-73.9351543
40.7591101_-73.9746829
40.7591146_-73.9785667
40.7591336_-73.9583653
40.7591374_-73.912222
40.759151_-74.0000328
40.7591551_-73.9845002
40.7591595_-73.9883858
40.7591596_-73.9032685
40.7591603_-73.9287874
40.759165_-73.976744
40.7591738_-73.9670701
40.759175_-73.939178
40.759183_-73.9589067
40.7592117_-73.9846345
40.7592382_-73.9519052
40.7592477_-73.9309043
40.7592498_-73.9590988
40.7592625_-73.935492
40.7592666_-73.9847647
40.7592744_-73.9808828
40.7592764_-73.9198461
40.7592929_-73.926453
40.759294_-73.9642511
40.7592985_-73.9967364
40.7593048_-73.9592537
40.759308_-73.944167
40.7593108_-73.965291
40.7593197_-73.9197362
40.7593408_-73.903277
40.759345_-73.9197903
40.7593476_-73.9582084
40.7593575_-73.9849803
40.7593664_-73.9142657
40.7593731_-73.9594184
40.7593846_-73.9198744
40.7593869_-73.913156
40.758677_-73.9070292
40.7586783_-73.9985422
40.758683_-73.942456
40.7586846_-73.9717262
40.7586863_-73.9853225
40.758696_-73.9114964
40.7587025_-73.9342599
40.7587027_-73.997268
40.7587203_-73.9973104
40.7587243_-73.9986967
40.758727_-73.9541544
40.7587295_-73.9998799
40.7587298_-73.9115685
40.7587317_-73.9379013
40.7587509_-73.9854755
40.7587543_-73.9081115
40.758756_-73.9329192
40.7587587_-73.9995053
40.7587611_-73.9424482
40.7587687_-73.9114135
40.7587735_-73.9342053
40.7587775_-73.9380447
40.7587854_-73.9378491
40.7587951_-73.9383594
40.7588205_-73.9341692
40.7588354_-73.9382262
40.758836_-73.9720833
40.7588387_-73.9975963
40.7588659_-73.9999739
40.758865_-73.938319
40.7588669_-73.953982
40.7588701_-73.9300953
40.7588726_-73.9779902
40.7588738_-73.9992083
40.758899_-73.9433457
40.7589098_-73.9539185
40.7589129_-73.9190636
40.7589161_-73.9997231
40.7589212_-73.9256566
40.7589243_-73.9994257
40.7589348_-73.9978247
40.7589389_-73.952203
40.7589394_-74.0001769
40.75893_-73.9189044
40.7589475_-73.9382747
40.7589518_-73.9684787
40.7589757_-73.964501
40.7589791_-73.9939359
40.7589793_-73.9190094
40.758981_-73.962432
40.758981_-73.9959432
40.758984_-73.943296
40.7589864_-73.9584687
40.7589891_-73.9996343
40.7589945_-73.9351299
40.7590024_-73.970533
40.759006_-73.9123487
40.759012_-73.9326742
40.7590176_-73.9067954
40.7590213_-73.9583831
40.759022_-73.9191004
40.7590256_-73.9725276
40.7590348_-73.9122195
40.7590367_-73.9350058
40.7590397_-73.9536435
40.7590428_-73.9980915
40.7590493_-73.958589
40.7590608_-73.918943
40.7590637_-73.935066
40.7590667_-73.9920533
40.7590672_-73.9122897
40.7590705_-73.9998381
40.7590756_-73.9535645
40.7590918_-73.9862828
40.7591031_-73.992139
40.7591033_-73.9123626
40.7591042_-73.9727178
40.7591049_-73.9351543
40.7591101_-73.9746829
40.7591146_-73.9785667
40.7591336_-73.9583653
40.7591374_-73.912222
40.759151_-74.0000328
40.7591551_-73.9845002
40.7591595_-73.9883858
40.7591596_-73.9032685
40.7591603_-73.9287874
40.759165_-73.976744
40.7591738_-73.9670701
40.759175_-73.939178
40.759183_-73.9589067
40.7592117_-73.9846345
40.7592382_-73.9519052
40.7592477_-73.9309043
40.7592498_-73.9590988
40.7592625_-73.935492
40.7592666_-73.9847647
40.7592744_-73.9808828
40.7592764_-73.9198461
40.7592929_-73.926453
40.759294_-73.9642511
40.7592985_-73.9967364
40.7593048_-73.9592537
40.759308_-73.944167
40.7593108_-73.965291
40.7593197_-73.9197362
40.7593408_-73.903277
40.759345_-73.9197903
40.7593476_-73.9582084
40.7593575_-73.9849803
40.7593664_-73.9142657
40.7593731_-73.9594184
40.7593846_-73.9198744
40.7593869_-73.913156
("40.758677_-73.9070292","40.7586783_-73.9985422","40.758683_-73.942456","40.7586846_-73.9717262","40.7586863_-73.9853225","40.758696_-73.9114964","40.7587025_-73.9342599","40.7587027_-73.997268","40.7587203_-73.9973104","40.7587243_-73.9986967","40.758727_-73.9541544","40.7587295_-73.9998799","40.7587298_-73.9115685","40.7587317_-73.9379013","40.7587509_-73.9854755","40.7587543_-73.9081115","40.758756_-73.9329192","40.7587587_-73.9995053","40.7587611_-73.9424482","40.7587687_-73.9114135","40.7587735_-73.9342053","40.7587775_-73.9380447","40.7587854_-73.9378491","40.7587951_-73.9383594","40.7588205_-73.9341692","40.7588354_-73.9382262","40.758836_-73.9720833","40.7588387_-73.9975963","40.7588659_-73.9999739","40.758865_-73.938319","40.7588669_-73.953982","40.7588701_-73.9300953","40.7588726_-73.9779902","40.7588738_-73.9992083","40.758899_-73.9433457","40.7589098_-73.9539185","40.7589129_-73.9190636","40.7589161_-73.9997231","40.7589212_-73.9256566","40.7589243_-73.9994257","40.7589348_-73.9978247","40.7589389_-73.952203","40.7589394_-74.0001769","40.75893_-73.9189044","40.7589475_-73.9382747","40.7589518_-73.9684787","40.7589757_-73.964501","40.7589791_-73.9939359","40.7589793_-73.9190094","40.758981_-73.962432","40.758981_-73.9959432","40.758984_-73.943296","40.7589864_-73.9584687","40.7589891_-73.9996343","40.7589945_-73.9351299","40.7590024_-73.970533","40.759006_-73.9123487","40.759012_-73.9326742","40.7590176_-73.9067954","40.7590213_-73.9583831","40.759022_-73.9191004","40.7590256_-73.9725276","40.7590348_-73.9122195","40.7590367_-73.9350058","40.7590397_-73.9536435","40.7590428_-73.9980915","40.7590493_-73.958589","40.7590608_-73.918943","40.7590637_-73.935066","40.7590667_-73.9920533","40.7590672_-73.9122897","40.7590705_-73.9998381","40.7590756_-73.9535645","40.7590918_-73.9862828","40.7591031_-73.992139","40.7591033_-73.9123626","40.7591042_-73.9727178","40.7591049_-73.9351543","40.7591101_-73.9746829","40.7591146_-73.9785667","40.7591336_-73.9583653","40.7591374_-73.912222","40.759151_-74.0000328","40.7591551_-73.9845002","40.7591595_-73.9883858","40.7591596_-73.9032685","40.7591603_-73.9287874","40.759165_-73.976744","40.7591738_-73.9670701","40.759175_-73.939178","40.759183_-73.9589067","40.7592117_-73.9846345","40.7592382_-73.9519052","40.7592477_-73.9309043","40.7592498_-73.9590988","40.7592625_-73.935492","40.7592666_-73.9847647","40.7592744_-73.9808828","40.7592764_-73.9198461","40.7592929_-73.926453","40.759294_-73.9642511","40.7592985_-73.9967364","40.7593048_-73.9592537","40.759308_-73.944167","40.7593108_-73.965291","40.7593197_-73.9197362","40.7593408_-73.903277","40.759345_-73.9197903","40.7593476_-73.9582084","40.7593575_-73.9849803","40.7593664_-73.9142657","40.7593731_-73.9594184","40.7593846_-73.9198744","40.7593869_-73.913156")
done
143.10user 807.76system 1:14:16elapsed 21%CPU (0avgtext+0avgdata 89764maxresident)k
1079024inputs+131880outputs (62major+44741minor)pagefaults 0swaps
