40.8689044_-73.9773245
40.8689386_-73.9158024
40.86894_-73.9236945
40.8689663_-73.9204147
40.868991_-73.9240171
40.8689939_-73.9239522
40.869001_-73.92032
40.869044_-73.9202003
40.8690766_-73.9030981
40.8690916_-73.9315102
40.869096_-73.917168
40.8691138_-73.9315513
40.8691472_-73.9080769
40.86915_-73.922145
40.8692069_-73.9067507
40.8692662_-73.9318334
40.869268_-73.9033976
40.8693203_-73.919911
40.8693238_-73.9167458
40.8693328_-73.9776936
40.8693566_-73.9046517
40.8693599_-73.9034895
40.8693884_-73.9065214
40.8694288_-73.9215356
40.8694442_-73.9039098
40.869444_-73.912847
40.869459_-73.922343
40.869485_-73.904144
40.8694904_-73.9129566
40.869551_-73.915183
40.8695712_-73.9308893
40.8695871_-73.9162859
40.8696179_-73.9037259
40.8696449_-73.9043067
40.8697336_-73.9035195
40.8697414_-73.9160317
40.8697675_-73.9199139
40.869772_-73.9157096
40.8697753_-73.9042172
40.8698643_-73.9158491
40.8698722_-73.9041507
40.869877_-73.920897
40.8698799_-73.9033326
40.8698978_-73.9174284
40.869922_-73.9198224
40.8699951_-73.9197151
40.8700126_-73.9196784
40.8700359_-73.9041043
40.8701354_-73.9170165
40.870144_-73.90421
40.8701566_-73.91909
40.8701817_-73.9145915
40.8701933_-73.9054376
40.8702152_-73.9189646
40.870225_-73.914694
40.8702811_-73.9148236
40.8702939_-73.9188255
40.870348_-73.904397
40.8703494_-73.9166405
40.8703989_-73.9121747
40.8704145_-73.9151316
40.8704222_-73.9186334
40.8704316_-73.9122597
40.870542_-73.905892
40.8705432_-73.9044656
40.8706516_-73.9040021
40.870673_-73.958355
40.870759_-73.9044725
40.870783_-73.906853
40.8708669_-73.9145779
40.8708854_-73.9179712
40.870923_-73.917916
40.8709698_-73.9192622
40.8710133_-74.0000795
40.87101_-73.958956
40.871044_-73.915746
40.8710506_-73.9116992
40.8710732_-73.9158143
40.8710962_-74.003764
40.8711345_-73.9192988
40.871153_-73.903697
40.87116_-73.914009
40.871204_-74.003866
40.8712112_-73.914136
40.871408_-74.00399
40.8714153_-73.9136427
40.871479_-73.918564
40.8714941_-74.0069497
40.8715372_-73.9054343
40.871565_-74.004009
40.871584_-73.917009
40.871603_-73.915056
40.8716708_-73.913175
40.871678_-74.004034
40.8716959_-73.9053475
40.871701_-74.0068655
40.871714_-73.9132764
40.8717992_-73.9134592
40.8718133_-73.9052713
40.8718195_-74.0068129
40.871844_-73.960446
40.871912_-74.01811
40.8719493_-74.0066499
40.8720563_-73.91636
40.872076_-73.919671
40.8721062_-74.0066363
40.872116_-73.916278
40.8721947_-73.9193949
40.8722414_-73.9126036
40.872249_-73.919458
40.8722639_-73.9044613
40.872276_-73.954037
40.8723563_-73.9128142
40.8723988_-73.9044897
40.8689044_-73.9773245
40.8689386_-73.9158024
40.86894_-73.9236945
40.8689663_-73.9204147
40.868991_-73.9240171
40.8689939_-73.9239522
40.869001_-73.92032
40.869044_-73.9202003
40.8690766_-73.9030981
40.8690916_-73.9315102
40.869096_-73.917168
40.8691138_-73.9315513
40.8691472_-73.9080769
40.86915_-73.922145
40.8692069_-73.9067507
40.8692662_-73.9318334
40.869268_-73.9033976
40.8693203_-73.919911
40.8693238_-73.9167458
40.8693328_-73.9776936
40.8693566_-73.9046517
40.8693599_-73.9034895
40.8693884_-73.9065214
40.8694288_-73.9215356
40.8694442_-73.9039098
40.869444_-73.912847
40.869459_-73.922343
40.869485_-73.904144
40.8694904_-73.9129566
40.869551_-73.915183
40.8695712_-73.9308893
40.8695871_-73.9162859
40.8696179_-73.9037259
40.8696449_-73.9043067
40.8697336_-73.9035195
40.8697414_-73.9160317
40.8697675_-73.9199139
40.869772_-73.9157096
40.8697753_-73.9042172
40.8698643_-73.9158491
40.8698722_-73.9041507
40.869877_-73.920897
40.8698799_-73.9033326
40.8698978_-73.9174284
40.869922_-73.9198224
40.8699951_-73.9197151
40.8700126_-73.9196784
40.8700359_-73.9041043
40.8701354_-73.9170165
40.870144_-73.90421
40.8701566_-73.91909
40.8701817_-73.9145915
40.8701933_-73.9054376
40.8702152_-73.9189646
40.870225_-73.914694
40.8702811_-73.9148236
40.8702939_-73.9188255
40.870348_-73.904397
40.8703494_-73.9166405
40.8703989_-73.9121747
40.8704145_-73.9151316
40.8704222_-73.9186334
40.8704316_-73.9122597
40.870542_-73.905892
40.8705432_-73.9044656
40.8706516_-73.9040021
40.870673_-73.958355
40.870759_-73.9044725
40.870783_-73.906853
40.8708669_-73.9145779
40.8708854_-73.9179712
40.870923_-73.917916
40.8709698_-73.9192622
40.8710133_-74.0000795
40.87101_-73.958956
40.871044_-73.915746
40.8710506_-73.9116992
40.8710732_-73.9158143
40.8710962_-74.003764
40.8711345_-73.9192988
40.871153_-73.903697
40.87116_-73.914009
40.871204_-74.003866
40.8712112_-73.914136
40.871408_-74.00399
40.8714153_-73.9136427
40.871479_-73.918564
40.8714941_-74.0069497
40.8715372_-73.9054343
40.871565_-74.004009
40.871584_-73.917009
40.871603_-73.915056
40.8716708_-73.913175
40.871678_-74.004034
40.8716959_-73.9053475
40.871701_-74.0068655
40.871714_-73.9132764
40.8717992_-73.9134592
40.8718133_-73.9052713
40.8718195_-74.0068129
40.871844_-73.960446
40.871912_-74.01811
40.8719493_-74.0066499
40.8720563_-73.91636
40.872076_-73.919671
40.8721062_-74.0066363
40.872116_-73.916278
40.8721947_-73.9193949
40.8722414_-73.9126036
40.872249_-73.919458
40.8722639_-73.9044613
40.872276_-73.954037
40.8723563_-73.9128142
40.8723988_-73.9044897
("40.8689044_-73.9773245","40.8689386_-73.9158024","40.86894_-73.9236945","40.8689663_-73.9204147","40.868991_-73.9240171","40.8689939_-73.9239522","40.869001_-73.92032","40.869044_-73.9202003","40.8690766_-73.9030981","40.8690916_-73.9315102","40.869096_-73.917168","40.8691138_-73.9315513","40.8691472_-73.9080769","40.86915_-73.922145","40.8692069_-73.9067507","40.8692662_-73.9318334","40.869268_-73.9033976","40.8693203_-73.919911","40.8693238_-73.9167458","40.8693328_-73.9776936","40.8693566_-73.9046517","40.8693599_-73.9034895","40.8693884_-73.9065214","40.8694288_-73.9215356","40.8694442_-73.9039098","40.869444_-73.912847","40.869459_-73.922343","40.869485_-73.904144","40.8694904_-73.9129566","40.869551_-73.915183","40.8695712_-73.9308893","40.8695871_-73.9162859","40.8696179_-73.9037259","40.8696449_-73.9043067","40.8697336_-73.9035195","40.8697414_-73.9160317","40.8697675_-73.9199139","40.869772_-73.9157096","40.8697753_-73.9042172","40.8698643_-73.9158491","40.8698722_-73.9041507","40.869877_-73.920897","40.8698799_-73.9033326","40.8698978_-73.9174284","40.869922_-73.9198224","40.8699951_-73.9197151","40.8700126_-73.9196784","40.8700359_-73.9041043","40.8701354_-73.9170165","40.870144_-73.90421","40.8701566_-73.91909","40.8701817_-73.9145915","40.8701933_-73.9054376","40.8702152_-73.9189646","40.870225_-73.914694","40.8702811_-73.9148236","40.8702939_-73.9188255","40.870348_-73.904397","40.8703494_-73.9166405","40.8703989_-73.9121747","40.8704145_-73.9151316","40.8704222_-73.9186334","40.8704316_-73.9122597","40.870542_-73.905892","40.8705432_-73.9044656","40.8706516_-73.9040021","40.870673_-73.958355","40.870759_-73.9044725","40.870783_-73.906853","40.8708669_-73.9145779","40.8708854_-73.9179712","40.870923_-73.917916","40.8709698_-73.9192622","40.8710133_-74.0000795","40.87101_-73.958956","40.871044_-73.915746","40.8710506_-73.9116992","40.8710732_-73.9158143","40.8710962_-74.003764","40.8711345_-73.9192988","40.871153_-73.903697","40.87116_-73.914009","40.871204_-74.003866","40.8712112_-73.914136","40.871408_-74.00399","40.8714153_-73.9136427","40.871479_-73.918564","40.8714941_-74.0069497","40.8715372_-73.9054343","40.871565_-74.004009","40.871584_-73.917009","40.871603_-73.915056","40.8716708_-73.913175","40.871678_-74.004034","40.8716959_-73.9053475","40.871701_-74.0068655","40.871714_-73.9132764","40.8717992_-73.9134592","40.8718133_-73.9052713","40.8718195_-74.0068129","40.871844_-73.960446","40.871912_-74.01811","40.8719493_-74.0066499","40.8720563_-73.91636","40.872076_-73.919671","40.8721062_-74.0066363","40.872116_-73.916278","40.8721947_-73.9193949","40.8722414_-73.9126036","40.872249_-73.919458","40.8722639_-73.9044613","40.872276_-73.954037","40.8723563_-73.9128142","40.8723988_-73.9044897")
done
124.64user 815.34system 1:14:31elapsed 21%CPU (0avgtext+0avgdata 51728maxresident)k
401768inputs+48outputs (3major+27183minor)pagefaults 0swaps
