40.8159675_-73.930755
40.815977_-73.911025
40.8159903_-73.9612059
40.815997_-73.9393897
40.816007_-73.960518
40.8160085_-73.9432851
40.816027_-73.949687
40.816041_-73.997479
40.816047_-73.911942
40.8160525_-73.9080371
40.8160584_-73.9395348
40.8160611_-73.9176277
40.816075_-73.916166
40.8160778_-73.9086478
40.816077_-73.962165
40.8161012_-73.9177497
40.816102_-73.912542
40.816109_-73.930353
40.8161272_-73.9266635
40.81612_-73.960497
40.8161306_-73.9341292
40.816135_-73.949706
40.81613_-73.912842
40.816146_-74.008314
40.8161474_-73.9267418
40.8161666_-73.9620647
40.8161869_-73.9574628
40.8161924_-73.9612374
40.8162242_-73.9619948
40.816227_-73.96049
40.81622_-73.921245
40.816238_-73.949747
40.81623_-73.930855
40.8162517_-73.9312056
40.8162622_-73.9082103
40.816263_-73.914201
40.8162648_-73.96125
40.816266_-73.915902
40.8162685_-74.0019804
40.816278_-74.002186
40.8162859_-73.9619063
40.8162931_-73.9272989
40.816296_-73.9577702
40.8163186_-73.9618588
40.816318_-73.90301
40.8163218_-73.9578435
40.816321_-73.949796
40.8163325_-73.9612603
40.816347_-73.9618093
40.816351_-73.960498
40.8163558_-73.9540766
40.8163677_-73.9579743
40.816374_-73.948356
40.816377_-73.963159
40.8163795_-73.9617605
40.8163826_-73.9612678
40.8164024_-73.9272251
40.816407_-73.915724
40.816416_-73.983324
40.81641_-73.949869
40.8164201_-73.9616955
40.8164267_-73.9498877
40.8164311_-73.9612714
40.8164523_-73.9616451
40.816465_-73.960522
40.8164791_-73.9612722
40.8164889_-73.9615877
40.816494_-73.949963
40.816502_-73.946546
40.8165065_-73.9252185
40.8165078_-73.9167045
40.8165097_-73.9632395
40.8165145_-73.9281415
40.816514_-73.904
40.81652_-73.9615394
40.8165371_-73.9349059
40.816543_-73.952763
40.8165498_-73.9167848
40.8165525_-73.9614946
40.8165532_-73.928292
40.816555_-73.919545
40.8165703_-73.9426963
40.8165876_-73.9350279
40.816588_-73.91402
40.816591_-73.960567
40.8165926_-73.9614446
40.8166051_-73.916878
40.8166228_-73.9612587
40.8166319_-73.9428436
40.8166335_-73.9166788
40.816639_-73.950021
40.8166423_-73.96139
40.8166431_-73.938929
40.816643_-74.008134
40.8166658_-73.9310768
40.8166704_-73.961248
40.816689_-73.960618
40.816691_-73.9613333
40.8166934_-73.9348013
40.816698_-73.923093
40.8166_-73.983119
40.8167012_-73.9390651
40.8167151_-73.9390575
40.8167152_-73.9341978
40.8167155_-73.9612312
40.8167451_-73.9612706
40.816747_-73.929031
40.816761_-73.91746
40.8167643_-73.9262096
40.816772_-73.960679
40.816776_-73.9629648
40.81677_-74.004994
40.816798_-73.950063
40.8168177_-73.9612132
40.8159675_-73.930755
40.815977_-73.911025
40.8159903_-73.9612059
40.815997_-73.9393897
40.816007_-73.960518
40.8160085_-73.9432851
40.816027_-73.949687
40.816041_-73.997479
40.816047_-73.911942
40.8160525_-73.9080371
40.8160584_-73.9395348
40.8160611_-73.9176277
40.816075_-73.916166
40.8160778_-73.9086478
40.816077_-73.962165
40.8161012_-73.9177497
40.816102_-73.912542
40.816109_-73.930353
40.8161272_-73.9266635
40.81612_-73.960497
40.8161306_-73.9341292
40.816135_-73.949706
40.81613_-73.912842
40.816146_-74.008314
40.8161474_-73.9267418
40.8161666_-73.9620647
40.8161869_-73.9574628
40.8161924_-73.9612374
40.8162242_-73.9619948
40.816227_-73.96049
40.81622_-73.921245
40.816238_-73.949747
40.81623_-73.930855
40.8162517_-73.9312056
40.8162622_-73.9082103
40.816263_-73.914201
40.8162648_-73.96125
40.816266_-73.915902
40.8162685_-74.0019804
40.816278_-74.002186
40.8162859_-73.9619063
40.8162931_-73.9272989
40.816296_-73.9577702
40.8163186_-73.9618588
40.816318_-73.90301
40.8163218_-73.9578435
40.816321_-73.949796
40.8163325_-73.9612603
40.816347_-73.9618093
40.816351_-73.960498
40.8163558_-73.9540766
40.8163677_-73.9579743
40.816374_-73.948356
40.816377_-73.963159
40.8163795_-73.9617605
40.8163826_-73.9612678
40.8164024_-73.9272251
40.816407_-73.915724
40.816416_-73.983324
40.81641_-73.949869
40.8164201_-73.9616955
40.8164267_-73.9498877
40.8164311_-73.9612714
40.8164523_-73.9616451
40.816465_-73.960522
40.8164791_-73.9612722
40.8164889_-73.9615877
40.816494_-73.949963
40.816502_-73.946546
40.8165065_-73.9252185
40.8165078_-73.9167045
40.8165097_-73.9632395
40.8165145_-73.9281415
40.816514_-73.904
40.81652_-73.9615394
40.8165371_-73.9349059
40.816543_-73.952763
40.8165498_-73.9167848
40.8165525_-73.9614946
40.8165532_-73.928292
40.816555_-73.919545
40.8165703_-73.9426963
40.8165876_-73.9350279
40.816588_-73.91402
40.816591_-73.960567
40.8165926_-73.9614446
40.8166051_-73.916878
40.8166228_-73.9612587
40.8166319_-73.9428436
40.8166335_-73.9166788
40.816639_-73.950021
40.8166423_-73.96139
40.8166431_-73.938929
40.816643_-74.008134
40.8166658_-73.9310768
40.8166704_-73.961248
40.816689_-73.960618
40.816691_-73.9613333
40.8166934_-73.9348013
40.816698_-73.923093
40.8166_-73.983119
40.8167012_-73.9390651
40.8167151_-73.9390575
40.8167152_-73.9341978
40.8167155_-73.9612312
40.8167451_-73.9612706
40.816747_-73.929031
40.816761_-73.91746
40.8167643_-73.9262096
40.816772_-73.960679
40.816776_-73.9629648
40.81677_-74.004994
40.816798_-73.950063
40.8168177_-73.9612132
("40.8159675_-73.930755","40.815977_-73.911025","40.8159903_-73.9612059","40.815997_-73.9393897","40.816007_-73.960518","40.8160085_-73.9432851","40.816027_-73.949687","40.816041_-73.997479","40.816047_-73.911942","40.8160525_-73.9080371","40.8160584_-73.9395348","40.8160611_-73.9176277","40.816075_-73.916166","40.8160778_-73.9086478","40.816077_-73.962165","40.8161012_-73.9177497","40.816102_-73.912542","40.816109_-73.930353","40.8161272_-73.9266635","40.81612_-73.960497","40.8161306_-73.9341292","40.816135_-73.949706","40.81613_-73.912842","40.816146_-74.008314","40.8161474_-73.9267418","40.8161666_-73.9620647","40.8161869_-73.9574628","40.8161924_-73.9612374","40.8162242_-73.9619948","40.816227_-73.96049","40.81622_-73.921245","40.816238_-73.949747","40.81623_-73.930855","40.8162517_-73.9312056","40.8162622_-73.9082103","40.816263_-73.914201","40.8162648_-73.96125","40.816266_-73.915902","40.8162685_-74.0019804","40.816278_-74.002186","40.8162859_-73.9619063","40.8162931_-73.9272989","40.816296_-73.9577702","40.8163186_-73.9618588","40.816318_-73.90301","40.8163218_-73.9578435","40.816321_-73.949796","40.8163325_-73.9612603","40.816347_-73.9618093","40.816351_-73.960498","40.8163558_-73.9540766","40.8163677_-73.9579743","40.816374_-73.948356","40.816377_-73.963159","40.8163795_-73.9617605","40.8163826_-73.9612678","40.8164024_-73.9272251","40.816407_-73.915724","40.816416_-73.983324","40.81641_-73.949869","40.8164201_-73.9616955","40.8164267_-73.9498877","40.8164311_-73.9612714","40.8164523_-73.9616451","40.816465_-73.960522","40.8164791_-73.9612722","40.8164889_-73.9615877","40.816494_-73.949963","40.816502_-73.946546","40.8165065_-73.9252185","40.8165078_-73.9167045","40.8165097_-73.9632395","40.8165145_-73.9281415","40.816514_-73.904","40.81652_-73.9615394","40.8165371_-73.9349059","40.816543_-73.952763","40.8165498_-73.9167848","40.8165525_-73.9614946","40.8165532_-73.928292","40.816555_-73.919545","40.8165703_-73.9426963","40.8165876_-73.9350279","40.816588_-73.91402","40.816591_-73.960567","40.8165926_-73.9614446","40.8166051_-73.916878","40.8166228_-73.9612587","40.8166319_-73.9428436","40.8166335_-73.9166788","40.816639_-73.950021","40.8166423_-73.96139","40.8166431_-73.938929","40.816643_-74.008134","40.8166658_-73.9310768","40.8166704_-73.961248","40.816689_-73.960618","40.816691_-73.9613333","40.8166934_-73.9348013","40.816698_-73.923093","40.8166_-73.983119","40.8167012_-73.9390651","40.8167151_-73.9390575","40.8167152_-73.9341978","40.8167155_-73.9612312","40.8167451_-73.9612706","40.816747_-73.929031","40.816761_-73.91746","40.8167643_-73.9262096","40.816772_-73.960679","40.816776_-73.9629648","40.81677_-74.004994","40.816798_-73.950063","40.8168177_-73.9612132")
done
127.41user 806.29system 1:14:09elapsed 20%CPU (0avgtext+0avgdata 52460maxresident)k
636088inputs+48outputs (4major+27368minor)pagefaults 0swaps
