40.7713355_-73.9939104
40.7713361_-73.9039032
40.7713537_-73.9247803
40.7713558_-73.9820472
40.7713654_-74.016337
40.771365_-74.019028
40.77136_-73.9228592
40.7713763_-73.9330803
40.7713776_-74.0193473
40.7713798_-73.9504717
40.77137_-73.9860032
40.771394_-73.9947172
40.7713957_-73.9466076
40.7713962_-73.977186
40.7713964_-73.9564729
40.7714047_-73.9313492
40.7714129_-73.9191746
40.7714207_-73.9464083
40.7714272_-73.9698768
40.7714419_-73.9341029
40.7714459_-73.9822732
40.7714541_-73.9775183
40.7714763_-73.977487
40.7714781_-73.9942334
40.7714853_-73.918204
40.771488_-73.920785
40.7714952_-73.9152733
40.7714958_-73.9464919
40.771497_-73.9293936
40.7715045_-73.9312952
40.7715189_-73.9234632
40.771523_-73.91431
40.7715266_-73.9314909
40.7715336_-73.994151
40.7715375_-73.9276729
40.7715433_-73.9467415
40.7715452_-73.9696372
40.7715612_-73.9162971
40.7715635_-73.9311846
40.7715819_-73.9845719
40.7715886_-73.9944394
40.7715899_-73.9461967
40.771589_-73.9946314
40.7715905_-73.9263033
40.7715907_-73.9865199
40.7716021_-74.0136299
40.7716023_-73.9089522
40.7716041_-74.0146327
40.7716044_-73.9940516
40.7716096_-73.910244
40.7716106_-73.9867303
40.7716113_-73.9331699
40.7716121_-74.0138212
40.7716124_-73.9695318
40.7716141_-73.9532199
40.7716209_-73.9773011
40.7716213_-73.9904588
40.7716256_-74.0135842
40.7716289_-73.9846833
40.7716398_-73.926409
40.7716633_-73.9866921
40.7716724_-74.0145686
40.7716767_-73.9776292
40.7716821_-73.9161475
40.7716875_-73.9694321
40.7716972_-73.9471299
40.7716978_-73.9787842
40.7717007_-73.9788688
40.7717021_-73.9787017
40.7717042_-73.9591761
40.7717187_-73.9789909
40.7717209_-73.9785347
40.7717236_-73.9631882
40.7717239_-73.9829418
40.7717304_-73.9612503
40.7717363_-73.9196265
40.7717385_-73.9340002
40.7717401_-73.9460071
40.7717412_-73.9784071
40.7717434_-73.9178976
40.7717524_-73.9693604
40.7717656_-73.9100545
40.771776_-73.924441
40.771776_-73.967534
40.771782_-73.979193
40.7717839_-73.9654336
40.7717854_-73.9782292
40.7717877_-73.9778045
40.7717888_-73.9253473
40.771793_-73.9139812
40.771795_-73.9903315
40.7717962_-73.9940962
40.7718017_-74.0161256
40.771804_-73.9780352
40.7718179_-73.9771193
40.771818_-74.019071
40.7718227_-73.9634226
40.7718266_-73.9460576
40.7718453_-73.9046259
40.771848_-73.9339197
40.7718526_-74.0143742
40.7718615_-73.919151
40.7718654_-73.9692667
40.7718676_-73.9148014
40.7718717_-73.9301966
40.7718858_-73.945826
40.7718937_-73.9302691
40.7719044_-73.9213756
40.7719066_-73.9253859
40.771916_-73.916706
40.7719198_-73.9338201
40.7719205_-73.9943997
40.7719223_-73.9636581
40.7719304_-73.9459115
40.7713355_-73.9939104
40.7713361_-73.9039032
40.7713537_-73.9247803
40.7713558_-73.9820472
40.7713654_-74.016337
40.771365_-74.019028
40.77136_-73.9228592
40.7713763_-73.9330803
40.7713776_-74.0193473
40.7713798_-73.9504717
40.77137_-73.9860032
40.771394_-73.9947172
40.7713957_-73.9466076
40.7713962_-73.977186
40.7713964_-73.9564729
40.7714047_-73.9313492
40.7714129_-73.9191746
40.7714207_-73.9464083
40.7714272_-73.9698768
40.7714419_-73.9341029
40.7714459_-73.9822732
40.7714541_-73.9775183
40.7714763_-73.977487
40.7714781_-73.9942334
40.7714853_-73.918204
40.771488_-73.920785
40.7714952_-73.9152733
40.7714958_-73.9464919
40.771497_-73.9293936
40.7715045_-73.9312952
40.7715189_-73.9234632
40.771523_-73.91431
40.7715266_-73.9314909
40.7715336_-73.994151
40.7715375_-73.9276729
40.7715433_-73.9467415
40.7715452_-73.9696372
40.7715612_-73.9162971
40.7715635_-73.9311846
40.7715819_-73.9845719
40.7715886_-73.9944394
40.7715899_-73.9461967
40.771589_-73.9946314
40.7715905_-73.9263033
40.7715907_-73.9865199
40.7716021_-74.0136299
40.7716023_-73.9089522
40.7716041_-74.0146327
40.7716044_-73.9940516
40.7716096_-73.910244
40.7716106_-73.9867303
40.7716113_-73.9331699
40.7716121_-74.0138212
40.7716124_-73.9695318
40.7716141_-73.9532199
40.7716209_-73.9773011
40.7716213_-73.9904588
40.7716256_-74.0135842
40.7716289_-73.9846833
40.7716398_-73.926409
40.7716633_-73.9866921
40.7716724_-74.0145686
40.7716767_-73.9776292
40.7716821_-73.9161475
40.7716875_-73.9694321
40.7716972_-73.9471299
40.7716978_-73.9787842
40.7717007_-73.9788688
40.7717021_-73.9787017
40.7717042_-73.9591761
40.7717187_-73.9789909
40.7717209_-73.9785347
40.7717236_-73.9631882
40.7717239_-73.9829418
40.7717304_-73.9612503
40.7717363_-73.9196265
40.7717385_-73.9340002
40.7717401_-73.9460071
40.7717412_-73.9784071
40.7717434_-73.9178976
40.7717524_-73.9693604
40.7717656_-73.9100545
40.771776_-73.924441
40.771776_-73.967534
40.771782_-73.979193
40.7717839_-73.9654336
40.7717854_-73.9782292
40.7717877_-73.9778045
40.7717888_-73.9253473
40.771793_-73.9139812
40.771795_-73.9903315
40.7717962_-73.9940962
40.7718017_-74.0161256
40.771804_-73.9780352
40.7718179_-73.9771193
40.771818_-74.019071
40.7718227_-73.9634226
40.7718266_-73.9460576
40.7718453_-73.9046259
40.771848_-73.9339197
40.7718526_-74.0143742
40.7718615_-73.919151
40.7718654_-73.9692667
40.7718676_-73.9148014
40.7718717_-73.9301966
40.7718858_-73.945826
40.7718937_-73.9302691
40.7719044_-73.9213756
40.7719066_-73.9253859
40.771916_-73.916706
40.7719198_-73.9338201
40.7719205_-73.9943997
40.7719223_-73.9636581
40.7719304_-73.9459115
("40.7713355_-73.9939104","40.7713361_-73.9039032","40.7713537_-73.9247803","40.7713558_-73.9820472","40.7713654_-74.016337","40.771365_-74.019028","40.77136_-73.9228592","40.7713763_-73.9330803","40.7713776_-74.0193473","40.7713798_-73.9504717","40.77137_-73.9860032","40.771394_-73.9947172","40.7713957_-73.9466076","40.7713962_-73.977186","40.7713964_-73.9564729","40.7714047_-73.9313492","40.7714129_-73.9191746","40.7714207_-73.9464083","40.7714272_-73.9698768","40.7714419_-73.9341029","40.7714459_-73.9822732","40.7714541_-73.9775183","40.7714763_-73.977487","40.7714781_-73.9942334","40.7714853_-73.918204","40.771488_-73.920785","40.7714952_-73.9152733","40.7714958_-73.9464919","40.771497_-73.9293936","40.7715045_-73.9312952","40.7715189_-73.9234632","40.771523_-73.91431","40.7715266_-73.9314909","40.7715336_-73.994151","40.7715375_-73.9276729","40.7715433_-73.9467415","40.7715452_-73.9696372","40.7715612_-73.9162971","40.7715635_-73.9311846","40.7715819_-73.9845719","40.7715886_-73.9944394","40.7715899_-73.9461967","40.771589_-73.9946314","40.7715905_-73.9263033","40.7715907_-73.9865199","40.7716021_-74.0136299","40.7716023_-73.9089522","40.7716041_-74.0146327","40.7716044_-73.9940516","40.7716096_-73.910244","40.7716106_-73.9867303","40.7716113_-73.9331699","40.7716121_-74.0138212","40.7716124_-73.9695318","40.7716141_-73.9532199","40.7716209_-73.9773011","40.7716213_-73.9904588","40.7716256_-74.0135842","40.7716289_-73.9846833","40.7716398_-73.926409","40.7716633_-73.9866921","40.7716724_-74.0145686","40.7716767_-73.9776292","40.7716821_-73.9161475","40.7716875_-73.9694321","40.7716972_-73.9471299","40.7716978_-73.9787842","40.7717007_-73.9788688","40.7717021_-73.9787017","40.7717042_-73.9591761","40.7717187_-73.9789909","40.7717209_-73.9785347","40.7717236_-73.9631882","40.7717239_-73.9829418","40.7717304_-73.9612503","40.7717363_-73.9196265","40.7717385_-73.9340002","40.7717401_-73.9460071","40.7717412_-73.9784071","40.7717434_-73.9178976","40.7717524_-73.9693604","40.7717656_-73.9100545","40.771776_-73.924441","40.771776_-73.967534","40.771782_-73.979193","40.7717839_-73.9654336","40.7717854_-73.9782292","40.7717877_-73.9778045","40.7717888_-73.9253473","40.771793_-73.9139812","40.771795_-73.9903315","40.7717962_-73.9940962","40.7718017_-74.0161256","40.771804_-73.9780352","40.7718179_-73.9771193","40.771818_-74.019071","40.7718227_-73.9634226","40.7718266_-73.9460576","40.7718453_-73.9046259","40.771848_-73.9339197","40.7718526_-74.0143742","40.7718615_-73.919151","40.7718654_-73.9692667","40.7718676_-73.9148014","40.7718717_-73.9301966","40.7718858_-73.945826","40.7718937_-73.9302691","40.7719044_-73.9213756","40.7719066_-73.9253859","40.771916_-73.916706","40.7719198_-73.9338201","40.7719205_-73.9943997","40.7719223_-73.9636581","40.7719304_-73.9459115")
done
135.79user 823.62system 1:15:13elapsed 21%CPU (0avgtext+0avgdata 76416maxresident)k
4735688inputs+82872outputs (42major+38617minor)pagefaults 0swaps
