40.7608954_-73.971126
40.7608961_-73.9564068
40.7608999_-73.9085969
40.7609093_-73.9669797
40.7609102_-73.9634467
40.7609129_-73.9572119
40.760913_-73.9162261
40.7609231_-73.9229219
40.7609247_-73.9945259
40.7609292_-73.9691318
40.76093_-73.932255
40.7609429_-73.9162896
40.7609501_-73.9906714
40.7609505_-73.934553
40.7609506_-73.9670772
40.7609686_-73.9573589
40.7609824_-73.9163733
40.7609842_-73.984958
40.7609858_-73.9907674
40.7609878_-73.9713449
40.7609894_-73.9733087
40.7609959_-73.9640603
40.7609996_-73.9562598
40.761007_-73.9518486
40.7610131_-73.956016
40.7610196_-73.9162272
40.7610246_-73.9400268
40.7610365_-73.9870177
40.76103_-73.9637297
40.76104_-73.975373
40.7610508_-73.9831437
40.7610573_-73.9637798
40.7610673_-73.9398883
40.7610827_-73.9638159
40.7610948_-73.9832504
40.7610973_-73.9638313
40.7611236_-73.9638558
40.7611365_-73.9400824
40.7611408_-73.9560701
40.7611421_-73.9795173
40.7611509_-73.995063
40.7611562_-73.9238385
40.7611565_-73.9833963
40.7611577_-73.9638776
40.7611609_-73.9044394
40.761175_-73.957888
40.761183_-73.9558377
40.761185_-73.9638943
40.7611867_-73.9399261
40.761194_-73.932025
40.76119_-73.9237123
40.7611_-73.93998
40.7612123_-73.9639111
40.7612187_-73.9305792
40.7612239_-73.9237834
40.7612346_-73.9559612
40.761241_-73.9677607
40.7612425_-73.9639419
40.7612436_-73.9149432
40.7612593_-73.9816951
40.7612614_-73.9171496
40.7612639_-73.9639677
40.7612689_-73.9093943
40.7612702_-73.995351
40.7612715_-73.9238852
40.761274_-73.9169914
40.7612885_-73.9557176
40.7612893_-73.9047133
40.7612953_-74.0019615
40.7612966_-73.9640196
40.761299_-73.9237223
40.7613119_-73.9640529
40.7613172_-73.940842
40.7613201_-74.0016372
40.7613244_-73.9170983
40.7613302_-74.0017674
40.761344_-73.935396
40.7613567_-73.983875
40.7613677_-73.9171905
40.7613719_-73.9840827
40.761391_-73.940796
40.7613921_-73.9839597
40.7613994_-73.9170371
40.7614006_-73.9555936
40.7614166_-73.9114836
40.7614189_-73.9408734
40.7614232_-73.9782277
40.7614285_-73.9840467
40.7614376_-73.9998036
40.7614413_-73.9624232
40.7614506_-73.9557127
40.7614598_-73.9665825
40.7614713_-73.9191681
40.7614728_-73.9407453
40.7614844_-73.9841803
40.7614885_-73.9605889
40.7614894_-73.9840066
40.7614911_-73.9666721
40.7615006_-73.9500085
40.7615047_-73.9978445
40.761526_-73.9246365
40.7615278_-73.9665046
40.7615427_-73.9499596
40.7615516_-73.9940688
40.7615656_-73.966592
40.7615675_-73.9902312
40.7615676_-73.9245187
40.7615719_-73.9706375
40.7615757_-73.9102463
40.7615912_-73.9499108
40.761596_-73.9245795
40.7616057_-73.9903158
40.7616096_-73.9055723
40.7616111_-73.9686338
40.7608954_-73.971126
40.7608961_-73.9564068
40.7608999_-73.9085969
40.7609093_-73.9669797
40.7609102_-73.9634467
40.7609129_-73.9572119
40.760913_-73.9162261
40.7609231_-73.9229219
40.7609247_-73.9945259
40.7609292_-73.9691318
40.76093_-73.932255
40.7609429_-73.9162896
40.7609501_-73.9906714
40.7609505_-73.934553
40.7609506_-73.9670772
40.7609686_-73.9573589
40.7609824_-73.9163733
40.7609842_-73.984958
40.7609858_-73.9907674
40.7609878_-73.9713449
40.7609894_-73.9733087
40.7609959_-73.9640603
40.7609996_-73.9562598
40.761007_-73.9518486
40.7610131_-73.956016
40.7610196_-73.9162272
40.7610246_-73.9400268
40.7610365_-73.9870177
40.76103_-73.9637297
40.76104_-73.975373
40.7610508_-73.9831437
40.7610573_-73.9637798
40.7610673_-73.9398883
40.7610827_-73.9638159
40.7610948_-73.9832504
40.7610973_-73.9638313
40.7611236_-73.9638558
40.7611365_-73.9400824
40.7611408_-73.9560701
40.7611421_-73.9795173
40.7611509_-73.995063
40.7611562_-73.9238385
40.7611565_-73.9833963
40.7611577_-73.9638776
40.7611609_-73.9044394
40.761175_-73.957888
40.761183_-73.9558377
40.761185_-73.9638943
40.7611867_-73.9399261
40.761194_-73.932025
40.76119_-73.9237123
40.7611_-73.93998
40.7612123_-73.9639111
40.7612187_-73.9305792
40.7612239_-73.9237834
40.7612346_-73.9559612
40.761241_-73.9677607
40.7612425_-73.9639419
40.7612436_-73.9149432
40.7612593_-73.9816951
40.7612614_-73.9171496
40.7612639_-73.9639677
40.7612689_-73.9093943
40.7612702_-73.995351
40.7612715_-73.9238852
40.761274_-73.9169914
40.7612885_-73.9557176
40.7612893_-73.9047133
40.7612953_-74.0019615
40.7612966_-73.9640196
40.761299_-73.9237223
40.7613119_-73.9640529
40.7613172_-73.940842
40.7613201_-74.0016372
40.7613244_-73.9170983
40.7613302_-74.0017674
40.761344_-73.935396
40.7613567_-73.983875
40.7613677_-73.9171905
40.7613719_-73.9840827
40.761391_-73.940796
40.7613921_-73.9839597
40.7613994_-73.9170371
40.7614006_-73.9555936
40.7614166_-73.9114836
40.7614189_-73.9408734
40.7614232_-73.9782277
40.7614285_-73.9840467
40.7614376_-73.9998036
40.7614413_-73.9624232
40.7614506_-73.9557127
40.7614598_-73.9665825
40.7614713_-73.9191681
40.7614728_-73.9407453
40.7614844_-73.9841803
40.7614885_-73.9605889
40.7614894_-73.9840066
40.7614911_-73.9666721
40.7615006_-73.9500085
40.7615047_-73.9978445
40.761526_-73.9246365
40.7615278_-73.9665046
40.7615427_-73.9499596
40.7615516_-73.9940688
40.7615656_-73.966592
40.7615675_-73.9902312
40.7615676_-73.9245187
40.7615719_-73.9706375
40.7615757_-73.9102463
40.7615912_-73.9499108
40.761596_-73.9245795
40.7616057_-73.9903158
40.7616096_-73.9055723
40.7616111_-73.9686338
("40.7608954_-73.971126","40.7608961_-73.9564068","40.7608999_-73.9085969","40.7609093_-73.9669797","40.7609102_-73.9634467","40.7609129_-73.9572119","40.760913_-73.9162261","40.7609231_-73.9229219","40.7609247_-73.9945259","40.7609292_-73.9691318","40.76093_-73.932255","40.7609429_-73.9162896","40.7609501_-73.9906714","40.7609505_-73.934553","40.7609506_-73.9670772","40.7609686_-73.9573589","40.7609824_-73.9163733","40.7609842_-73.984958","40.7609858_-73.9907674","40.7609878_-73.9713449","40.7609894_-73.9733087","40.7609959_-73.9640603","40.7609996_-73.9562598","40.761007_-73.9518486","40.7610131_-73.956016","40.7610196_-73.9162272","40.7610246_-73.9400268","40.7610365_-73.9870177","40.76103_-73.9637297","40.76104_-73.975373","40.7610508_-73.9831437","40.7610573_-73.9637798","40.7610673_-73.9398883","40.7610827_-73.9638159","40.7610948_-73.9832504","40.7610973_-73.9638313","40.7611236_-73.9638558","40.7611365_-73.9400824","40.7611408_-73.9560701","40.7611421_-73.9795173","40.7611509_-73.995063","40.7611562_-73.9238385","40.7611565_-73.9833963","40.7611577_-73.9638776","40.7611609_-73.9044394","40.761175_-73.957888","40.761183_-73.9558377","40.761185_-73.9638943","40.7611867_-73.9399261","40.761194_-73.932025","40.76119_-73.9237123","40.7611_-73.93998","40.7612123_-73.9639111","40.7612187_-73.9305792","40.7612239_-73.9237834","40.7612346_-73.9559612","40.761241_-73.9677607","40.7612425_-73.9639419","40.7612436_-73.9149432","40.7612593_-73.9816951","40.7612614_-73.9171496","40.7612639_-73.9639677","40.7612689_-73.9093943","40.7612702_-73.995351","40.7612715_-73.9238852","40.761274_-73.9169914","40.7612885_-73.9557176","40.7612893_-73.9047133","40.7612953_-74.0019615","40.7612966_-73.9640196","40.761299_-73.9237223","40.7613119_-73.9640529","40.7613172_-73.940842","40.7613201_-74.0016372","40.7613244_-73.9170983","40.7613302_-74.0017674","40.761344_-73.935396","40.7613567_-73.983875","40.7613677_-73.9171905","40.7613719_-73.9840827","40.761391_-73.940796","40.7613921_-73.9839597","40.7613994_-73.9170371","40.7614006_-73.9555936","40.7614166_-73.9114836","40.7614189_-73.9408734","40.7614232_-73.9782277","40.7614285_-73.9840467","40.7614376_-73.9998036","40.7614413_-73.9624232","40.7614506_-73.9557127","40.7614598_-73.9665825","40.7614713_-73.9191681","40.7614728_-73.9407453","40.7614844_-73.9841803","40.7614885_-73.9605889","40.7614894_-73.9840066","40.7614911_-73.9666721","40.7615006_-73.9500085","40.7615047_-73.9978445","40.761526_-73.9246365","40.7615278_-73.9665046","40.7615427_-73.9499596","40.7615516_-73.9940688","40.7615656_-73.966592","40.7615675_-73.9902312","40.7615676_-73.9245187","40.7615719_-73.9706375","40.7615757_-73.9102463","40.7615912_-73.9499108","40.761596_-73.9245795","40.7616057_-73.9903158","40.7616096_-73.9055723","40.7616111_-73.9686338")
done
145.63user 818.72system 1:14:46elapsed 21%CPU (0avgtext+0avgdata 98648maxresident)k
1777976inputs+174632outputs (76major+51136minor)pagefaults 0swaps
