40.6975813_-73.9840472
40.697583_-73.949647
40.6976127_-73.9296059
40.6976132_-73.9618945
40.697617_-73.984955
40.6976218_-73.9653665
40.6976292_-73.9657767
40.6976299_-73.9853129
40.6976301_-73.9851704
40.6976305_-73.9363959
40.6976331_-73.9854145
40.6976452_-73.9629781
40.6976457_-73.9293019
40.697649_-73.985995
40.6976721_-73.9667369
40.697682_-73.987022
40.69768_-73.916368
40.6976976_-73.9697296
40.6977141_-73.9854617
40.697714_-73.964875
40.697717_-73.967727
40.6977309_-73.9245353
40.6977373_-73.9285037
40.697737_-73.9294056
40.697737_-73.960925
40.6977672_-73.9619105
40.6977695_-73.9092512
40.6977702_-73.9687538
40.6977744_-73.9914813
40.6977746_-73.9092463
40.6977789_-73.9629331
40.6977907_-73.9852133
40.6977965_-73.991318
40.6978104_-73.9278298
40.6978132_-73.9697267
40.6978252_-73.9080259
40.69784_-73.960065
40.6978524_-73.9367835
40.6978553_-73.9707794
40.697855_-73.933246
40.69786_-73.963949
40.697888_-73.994605
40.6978952_-73.9718068
40.697903_-73.946797
40.6979088_-73.9628657
40.697918_-73.920824
40.6979213_-73.9619092
40.697921_-73.967125
40.697933_-73.959291
40.6979393_-73.9728124
40.69793_-73.910272
40.6979416_-73.9625188
40.6979427_-73.967574
40.6979544_-73.9265776
40.69795_-73.967726
40.6979763_-73.9738018
40.697989_-73.95872
40.697989_-73.970262
40.69798_-73.912558
40.6979953_-73.9853186
40.698002_-73.9705885
40.6980072_-73.9619481
40.698008_-73.931829
40.6980098_-73.9260331
40.698019_-73.9856418
40.6980211_-73.9748037
40.6980256_-73.9854735
40.6980357_-73.9456051
40.698039_-73.962839
40.698047_-73.971721
40.6980632_-73.9757987
40.698083_-73.97013
40.69808_-73.925352
40.698091_-73.9380626
40.698094_-73.9888452
40.698097_-73.99271
40.6981006_-73.9251631
40.6981006_-73.9767937
40.698104_-73.933696
40.698108_-73.944956
40.698116_-73.973311
40.69811_-73.917118
40.698121_-73.995456
40.6981322_-73.9775344
40.6981324_-73.9698822
40.698157_-73.924598
40.6981587_-73.9854065
40.6981599_-73.9747994
40.6981611_-73.9697196
40.698161_-73.925273
40.6981863_-73.9913272
40.698186_-73.937391
40.698188_-73.961899
40.6981932_-73.9750661
40.6982185_-73.924043
40.6982209_-73.9439584
40.6982339_-73.9803742
40.6982386_-73.9754191
40.6982453_-73.9697258
40.698245_-73.961889
40.6982532_-73.9805619
40.6982541_-73.9087823
40.6982548_-73.9622506
40.6982586_-73.9856064
40.6982586_-73.9857467
40.69825_-73.929964
40.698264_-73.933987
40.6982702_-73.9807307
40.6982796_-73.9747482
40.6982857_-73.9749065
40.6982875_-73.9913314
40.698291_-73.9914959
40.69831_-73.925564
40.69831_-73.9431767
40.6975813_-73.9840472
40.697583_-73.949647
40.6976127_-73.9296059
40.6976132_-73.9618945
40.697617_-73.984955
40.6976218_-73.9653665
40.6976292_-73.9657767
40.6976299_-73.9853129
40.6976301_-73.9851704
40.6976305_-73.9363959
40.6976331_-73.9854145
40.6976452_-73.9629781
40.6976457_-73.9293019
40.697649_-73.985995
40.6976721_-73.9667369
40.697682_-73.987022
40.69768_-73.916368
40.6976976_-73.9697296
40.6977141_-73.9854617
40.697714_-73.964875
40.697717_-73.967727
40.6977309_-73.9245353
40.6977373_-73.9285037
40.697737_-73.9294056
40.697737_-73.960925
40.6977672_-73.9619105
40.6977695_-73.9092512
40.6977702_-73.9687538
40.6977744_-73.9914813
40.6977746_-73.9092463
40.6977789_-73.9629331
40.6977907_-73.9852133
40.6977965_-73.991318
40.6978104_-73.9278298
40.6978132_-73.9697267
40.6978252_-73.9080259
40.69784_-73.960065
40.6978524_-73.9367835
40.6978553_-73.9707794
40.697855_-73.933246
40.69786_-73.963949
40.697888_-73.994605
40.6978952_-73.9718068
40.697903_-73.946797
40.6979088_-73.9628657
40.697918_-73.920824
40.6979213_-73.9619092
40.697921_-73.967125
40.697933_-73.959291
40.6979393_-73.9728124
40.69793_-73.910272
40.6979416_-73.9625188
40.6979427_-73.967574
40.6979544_-73.9265776
40.69795_-73.967726
40.6979763_-73.9738018
40.697989_-73.95872
40.697989_-73.970262
40.69798_-73.912558
40.6979953_-73.9853186
40.698002_-73.9705885
40.6980072_-73.9619481
40.698008_-73.931829
40.6980098_-73.9260331
40.698019_-73.9856418
40.6980211_-73.9748037
40.6980256_-73.9854735
40.6980357_-73.9456051
40.698039_-73.962839
40.698047_-73.971721
40.6980632_-73.9757987
40.698083_-73.97013
40.69808_-73.925352
40.698091_-73.9380626
40.698094_-73.9888452
40.698097_-73.99271
40.6981006_-73.9251631
40.6981006_-73.9767937
40.698104_-73.933696
40.698108_-73.944956
40.698116_-73.973311
40.69811_-73.917118
40.698121_-73.995456
40.6981322_-73.9775344
40.6981324_-73.9698822
40.698157_-73.924598
40.6981587_-73.9854065
40.6981599_-73.9747994
40.6981611_-73.9697196
40.698161_-73.925273
40.6981863_-73.9913272
40.698186_-73.937391
40.698188_-73.961899
40.6981932_-73.9750661
40.6982185_-73.924043
40.6982209_-73.9439584
40.6982339_-73.9803742
40.6982386_-73.9754191
40.6982453_-73.9697258
40.698245_-73.961889
40.6982532_-73.9805619
40.6982541_-73.9087823
40.6982548_-73.9622506
40.6982586_-73.9856064
40.6982586_-73.9857467
40.69825_-73.929964
40.698264_-73.933987
40.6982702_-73.9807307
40.6982796_-73.9747482
40.6982857_-73.9749065
40.6982875_-73.9913314
40.698291_-73.9914959
40.69831_-73.925564
40.69831_-73.9431767
("40.6975813_-73.9840472","40.697583_-73.949647","40.6976127_-73.9296059","40.6976132_-73.9618945","40.697617_-73.984955","40.6976218_-73.9653665","40.6976292_-73.9657767","40.6976299_-73.9853129","40.6976301_-73.9851704","40.6976305_-73.9363959","40.6976331_-73.9854145","40.6976452_-73.9629781","40.6976457_-73.9293019","40.697649_-73.985995","40.6976721_-73.9667369","40.697682_-73.987022","40.69768_-73.916368","40.6976976_-73.9697296","40.6977141_-73.9854617","40.697714_-73.964875","40.697717_-73.967727","40.6977309_-73.9245353","40.6977373_-73.9285037","40.697737_-73.9294056","40.697737_-73.960925","40.6977672_-73.9619105","40.6977695_-73.9092512","40.6977702_-73.9687538","40.6977744_-73.9914813","40.6977746_-73.9092463","40.6977789_-73.9629331","40.6977907_-73.9852133","40.6977965_-73.991318","40.6978104_-73.9278298","40.6978132_-73.9697267","40.6978252_-73.9080259","40.69784_-73.960065","40.6978524_-73.9367835","40.6978553_-73.9707794","40.697855_-73.933246","40.69786_-73.963949","40.697888_-73.994605","40.6978952_-73.9718068","40.697903_-73.946797","40.6979088_-73.9628657","40.697918_-73.920824","40.6979213_-73.9619092","40.697921_-73.967125","40.697933_-73.959291","40.6979393_-73.9728124","40.69793_-73.910272","40.6979416_-73.9625188","40.6979427_-73.967574","40.6979544_-73.9265776","40.69795_-73.967726","40.6979763_-73.9738018","40.697989_-73.95872","40.697989_-73.970262","40.69798_-73.912558","40.6979953_-73.9853186","40.698002_-73.9705885","40.6980072_-73.9619481","40.698008_-73.931829","40.6980098_-73.9260331","40.698019_-73.9856418","40.6980211_-73.9748037","40.6980256_-73.9854735","40.6980357_-73.9456051","40.698039_-73.962839","40.698047_-73.971721","40.6980632_-73.9757987","40.698083_-73.97013","40.69808_-73.925352","40.698091_-73.9380626","40.698094_-73.9888452","40.698097_-73.99271","40.6981006_-73.9251631","40.6981006_-73.9767937","40.698104_-73.933696","40.698108_-73.944956","40.698116_-73.973311","40.69811_-73.917118","40.698121_-73.995456","40.6981322_-73.9775344","40.6981324_-73.9698822","40.698157_-73.924598","40.6981587_-73.9854065","40.6981599_-73.9747994","40.6981611_-73.9697196","40.698161_-73.925273","40.6981863_-73.9913272","40.698186_-73.937391","40.698188_-73.961899","40.6981932_-73.9750661","40.6982185_-73.924043","40.6982209_-73.9439584","40.6982339_-73.9803742","40.6982386_-73.9754191","40.6982453_-73.9697258","40.698245_-73.961889","40.6982532_-73.9805619","40.6982541_-73.9087823","40.6982548_-73.9622506","40.6982586_-73.9856064","40.6982586_-73.9857467","40.69825_-73.929964","40.698264_-73.933987","40.6982702_-73.9807307","40.6982796_-73.9747482","40.6982857_-73.9749065","40.6982875_-73.9913314","40.698291_-73.9914959","40.69831_-73.925564","40.69831_-73.9431767")
done
142.16user 813.19system 1:11:44elapsed 22%CPU (0avgtext+0avgdata 52544maxresident)k
913336inputs+48outputs (3major+27389minor)pagefaults 0swaps
