40.8464231_-73.9251572
40.8464231_-73.9258352
40.8464276_-73.942611
40.846454_-73.914388
40.8464621_-73.9168628
40.8464737_-73.9320768
40.8464878_-73.922978
40.8464886_-73.9222422
40.846491_-73.978132
40.8465164_-73.9210203
40.846519_-73.940061
40.8465205_-73.9435078
40.8465222_-73.9679073
40.846533_-73.978648
40.8465392_-73.9207048
40.8465403_-73.9096388
40.846553_-73.979674
40.8465625_-73.9211153
40.846568_-73.994692
40.846577_-73.91315
40.8465785_-73.942559
40.8465789_-73.9237238
40.846602_-73.903805
40.8466156_-73.9097485
40.8466188_-73.9221395
40.846623_-73.937313
40.8466279_-73.9206951
40.846644_-73.904687
40.8466803_-73.9708228
40.846685_-73.975386
40.8466907_-73.905591
40.846709_-73.913057
40.8467148_-73.9206601
40.846727_-73.935622
40.8467328_-73.9318876
40.846733_-73.906482
40.846763_-73.933776
40.846781_-73.97101
40.846783_-73.907389
40.8467983_-73.9318397
40.846812_-73.915267
40.8468192_-73.9082785
40.8468237_-73.9424281
40.846829_-73.9085394
40.8468318_-73.9337263
40.846853_-73.974906
40.8468624_-73.9220122
40.8468757_-73.9205223
40.8468904_-73.98046
40.8469165_-73.9287535
40.8469203_-73.9206392
40.846934_-73.938227
40.846948_-73.998559
40.846949_-73.9452115
40.846954_-73.918623
40.8469626_-73.9207495
40.8469684_-73.9423525
40.8469724_-73.9227716
40.846975_-73.9338218
40.846976_-73.995389
40.8469863_-73.9205513
40.84698_-73.910647
40.8470009_-73.9435593
40.8470166_-73.9284109
40.847025_-73.991687
40.847078_-73.913947
40.847096_-73.985203
40.8470971_-73.9284774
40.8471358_-73.9422929
40.8471374_-73.9226956
40.847157_-73.978601
40.84715_-73.940787
40.8471868_-73.9226379
40.84718_-73.921345
40.8472019_-73.9085635
40.84721_-73.939779
40.847223_-73.979631
40.847249_-73.936857
40.847256_-73.91633
40.8472632_-73.9088421
40.8472766_-73.922502
40.8472943_-73.9218263
40.847311_-73.914892
40.8473122_-73.9037946
40.8473237_-73.9114808
40.8473496_-73.9333521
40.8473568_-73.9422475
40.847358_-73.935172
40.8473759_-73.9218911
40.847387_-73.940691
40.8473929_-73.9094596
40.847392_-73.904621
40.8473947_-73.9223181
40.847408_-73.922305
40.847412_-73.933307
40.847419_-73.9351264
40.8474237_-73.9313827
40.847423_-73.9436022
40.847433_-73.9037275
40.847468_-73.970825
40.847488_-73.905522
40.8475139_-73.9232517
40.8475414_-73.9296586
40.8475528_-73.9341394
40.8475558_-73.9196837
40.847556_-73.910235
40.847558_-73.938036
40.8475593_-73.9245478
40.847559_-73.916224
40.847562_-73.985084
40.847579_-73.906323
40.8475989_-73.9196629
40.8476102_-73.9073183
40.8476264_-73.9192689
40.8464231_-73.9251572
40.8464231_-73.9258352
40.8464276_-73.942611
40.846454_-73.914388
40.8464621_-73.9168628
40.8464737_-73.9320768
40.8464878_-73.922978
40.8464886_-73.9222422
40.846491_-73.978132
40.8465164_-73.9210203
40.846519_-73.940061
40.8465205_-73.9435078
40.8465222_-73.9679073
40.846533_-73.978648
40.8465392_-73.9207048
40.8465403_-73.9096388
40.846553_-73.979674
40.8465625_-73.9211153
40.846568_-73.994692
40.846577_-73.91315
40.8465785_-73.942559
40.8465789_-73.9237238
40.846602_-73.903805
40.8466156_-73.9097485
40.8466188_-73.9221395
40.846623_-73.937313
40.8466279_-73.9206951
40.846644_-73.904687
40.8466803_-73.9708228
40.846685_-73.975386
40.8466907_-73.905591
40.846709_-73.913057
40.8467148_-73.9206601
40.846727_-73.935622
40.8467328_-73.9318876
40.846733_-73.906482
40.846763_-73.933776
40.846781_-73.97101
40.846783_-73.907389
40.8467983_-73.9318397
40.846812_-73.915267
40.8468192_-73.9082785
40.8468237_-73.9424281
40.846829_-73.9085394
40.8468318_-73.9337263
40.846853_-73.974906
40.8468624_-73.9220122
40.8468757_-73.9205223
40.8468904_-73.98046
40.8469165_-73.9287535
40.8469203_-73.9206392
40.846934_-73.938227
40.846948_-73.998559
40.846949_-73.9452115
40.846954_-73.918623
40.8469626_-73.9207495
40.8469684_-73.9423525
40.8469724_-73.9227716
40.846975_-73.9338218
40.846976_-73.995389
40.8469863_-73.9205513
40.84698_-73.910647
40.8470009_-73.9435593
40.8470166_-73.9284109
40.847025_-73.991687
40.847078_-73.913947
40.847096_-73.985203
40.8470971_-73.9284774
40.8471358_-73.9422929
40.8471374_-73.9226956
40.847157_-73.978601
40.84715_-73.940787
40.8471868_-73.9226379
40.84718_-73.921345
40.8472019_-73.9085635
40.84721_-73.939779
40.847223_-73.979631
40.847249_-73.936857
40.847256_-73.91633
40.8472632_-73.9088421
40.8472766_-73.922502
40.8472943_-73.9218263
40.847311_-73.914892
40.8473122_-73.9037946
40.8473237_-73.9114808
40.8473496_-73.9333521
40.8473568_-73.9422475
40.847358_-73.935172
40.8473759_-73.9218911
40.847387_-73.940691
40.8473929_-73.9094596
40.847392_-73.904621
40.8473947_-73.9223181
40.847408_-73.922305
40.847412_-73.933307
40.847419_-73.9351264
40.8474237_-73.9313827
40.847423_-73.9436022
40.847433_-73.9037275
40.847468_-73.970825
40.847488_-73.905522
40.8475139_-73.9232517
40.8475414_-73.9296586
40.8475528_-73.9341394
40.8475558_-73.9196837
40.847556_-73.910235
40.847558_-73.938036
40.8475593_-73.9245478
40.847559_-73.916224
40.847562_-73.985084
40.847579_-73.906323
40.8475989_-73.9196629
40.8476102_-73.9073183
40.8476264_-73.9192689
("40.8464231_-73.9251572","40.8464231_-73.9258352","40.8464276_-73.942611","40.846454_-73.914388","40.8464621_-73.9168628","40.8464737_-73.9320768","40.8464878_-73.922978","40.8464886_-73.9222422","40.846491_-73.978132","40.8465164_-73.9210203","40.846519_-73.940061","40.8465205_-73.9435078","40.8465222_-73.9679073","40.846533_-73.978648","40.8465392_-73.9207048","40.8465403_-73.9096388","40.846553_-73.979674","40.8465625_-73.9211153","40.846568_-73.994692","40.846577_-73.91315","40.8465785_-73.942559","40.8465789_-73.9237238","40.846602_-73.903805","40.8466156_-73.9097485","40.8466188_-73.9221395","40.846623_-73.937313","40.8466279_-73.9206951","40.846644_-73.904687","40.8466803_-73.9708228","40.846685_-73.975386","40.8466907_-73.905591","40.846709_-73.913057","40.8467148_-73.9206601","40.846727_-73.935622","40.8467328_-73.9318876","40.846733_-73.906482","40.846763_-73.933776","40.846781_-73.97101","40.846783_-73.907389","40.8467983_-73.9318397","40.846812_-73.915267","40.8468192_-73.9082785","40.8468237_-73.9424281","40.846829_-73.9085394","40.8468318_-73.9337263","40.846853_-73.974906","40.8468624_-73.9220122","40.8468757_-73.9205223","40.8468904_-73.98046","40.8469165_-73.9287535","40.8469203_-73.9206392","40.846934_-73.938227","40.846948_-73.998559","40.846949_-73.9452115","40.846954_-73.918623","40.8469626_-73.9207495","40.8469684_-73.9423525","40.8469724_-73.9227716","40.846975_-73.9338218","40.846976_-73.995389","40.8469863_-73.9205513","40.84698_-73.910647","40.8470009_-73.9435593","40.8470166_-73.9284109","40.847025_-73.991687","40.847078_-73.913947","40.847096_-73.985203","40.8470971_-73.9284774","40.8471358_-73.9422929","40.8471374_-73.9226956","40.847157_-73.978601","40.84715_-73.940787","40.8471868_-73.9226379","40.84718_-73.921345","40.8472019_-73.9085635","40.84721_-73.939779","40.847223_-73.979631","40.847249_-73.936857","40.847256_-73.91633","40.8472632_-73.9088421","40.8472766_-73.922502","40.8472943_-73.9218263","40.847311_-73.914892","40.8473122_-73.9037946","40.8473237_-73.9114808","40.8473496_-73.9333521","40.8473568_-73.9422475","40.847358_-73.935172","40.8473759_-73.9218911","40.847387_-73.940691","40.8473929_-73.9094596","40.847392_-73.904621","40.8473947_-73.9223181","40.847408_-73.922305","40.847412_-73.933307","40.847419_-73.9351264","40.8474237_-73.9313827","40.847423_-73.9436022","40.847433_-73.9037275","40.847468_-73.970825","40.847488_-73.905522","40.8475139_-73.9232517","40.8475414_-73.9296586","40.8475528_-73.9341394","40.8475558_-73.9196837","40.847556_-73.910235","40.847558_-73.938036","40.8475593_-73.9245478","40.847559_-73.916224","40.847562_-73.985084","40.847579_-73.906323","40.8475989_-73.9196629","40.8476102_-73.9073183","40.8476264_-73.9192689")
done
127.08user 817.38system 1:14:12elapsed 21%CPU (0avgtext+0avgdata 51816maxresident)k
409128inputs+48outputs (2major+27192minor)pagefaults 0swaps
