40.7811058_-73.9607353
40.7811178_-73.9278125
40.7811231_-73.9872352
40.7811281_-73.9835374
40.7811333_-73.9442032
40.7811505_-73.9617501
40.7811782_-73.9639374
40.7811846_-73.9797549
40.7811998_-73.9623533
40.7812075_-74.0056979
40.7812097_-73.9180364
40.7812166_-74.0054757
40.7812221_-73.9284949
40.7812225_-73.9443642
40.7812366_-73.9620577
40.7812388_-73.9759116
40.7812557_-73.9638226
40.7812558_-73.9694244
40.7812624_-73.9624149
40.7812661_-73.9179676
40.7812676_-73.9759823
40.7812726_-74.0055477
40.7812762_-73.9440831
40.7812895_-73.9637574
40.7813064_-73.9139181
40.7813086_-73.918028
40.7813105_-73.9622692
40.7813191_-74.019336
40.7813206_-73.96248
40.7813273_-73.9461283
40.7813287_-73.9636751
40.7813409_-73.9871871
40.7813485_-73.9443929
40.7813542_-73.9442376
40.7813594_-73.9635954
40.7813638_-73.9125644
40.7813783_-73.9521157
40.7813851_-73.9211016
40.7813886_-73.962453
40.781389_-73.9635372
40.7814089_-73.908674
40.7814189_-73.9561147
40.7814292_-73.9541758
40.781434_-74.0076139
40.781452_-73.915614
40.7814666_-73.9626122
40.7814668_-73.9714065
40.7814735_-73.9693909
40.7814913_-73.9442615
40.7814918_-73.9444219
40.7815017_-73.9603115
40.7815028_-73.9441251
40.7815237_-73.9563633
40.7815244_-74.0091955
40.7815298_-73.9627815
40.7815366_-73.9583191
40.7815383_-73.9631191
40.7815385_-73.9615288
40.7815396_-73.9867833
40.7815447_-73.9604135
40.781565_-74.011195
40.7815826_-73.9135851
40.781584_-73.961194
40.78158_-73.915458
40.7815938_-73.971385
40.7816046_-73.9868949
40.7816109_-73.9170322
40.7816154_-73.9621912
40.7816197_-74.007452
40.7816339_-73.9623506
40.7816368_-73.962741
40.7816394_-73.9867086
40.7816436_-73.9629236
40.7816454_-73.9444375
40.7816543_-73.9625716
40.781662_-73.9609623
40.78168_-73.9489676
40.7817124_-73.9713941
40.7817194_-73.9809824
40.7817235_-73.9441398
40.7817319_-73.9269446
40.7817356_-74.0090239
40.7817467_-73.9630523
40.7817472_-73.9442722
40.7817582_-73.9694099
40.7817622_-73.9206688
40.781763_-74.016874
40.7817679_-73.9830719
40.7817811_-73.9444437
40.7817867_-73.9850803
40.7817905_-73.9714265
40.7817931_-73.9865859
40.7817985_-73.9133175
40.7818019_-73.9811764
40.781803_-73.917304
40.7818145_-73.9157886
40.7818158_-73.926669
40.781818_-73.9607048
40.7818365_-73.9792791
40.7818518_-73.9866926
40.7818797_-73.9714902
40.7818938_-73.9093598
40.7819062_-74.0088737
40.7819165_-73.9718205
40.781922_-74.011148
40.7819341_-73.9150375
40.7819343_-73.9441349
40.7819361_-73.9444387
40.7819382_-73.9263792
40.7819434_-73.92041
40.781947_-73.94567
40.7819523_-73.975483
40.7819528_-73.9694228
40.7819665_-73.9442668
40.7811058_-73.9607353
40.7811178_-73.9278125
40.7811231_-73.9872352
40.7811281_-73.9835374
40.7811333_-73.9442032
40.7811505_-73.9617501
40.7811782_-73.9639374
40.7811846_-73.9797549
40.7811998_-73.9623533
40.7812075_-74.0056979
40.7812097_-73.9180364
40.7812166_-74.0054757
40.7812221_-73.9284949
40.7812225_-73.9443642
40.7812366_-73.9620577
40.7812388_-73.9759116
40.7812557_-73.9638226
40.7812558_-73.9694244
40.7812624_-73.9624149
40.7812661_-73.9179676
40.7812676_-73.9759823
40.7812726_-74.0055477
40.7812762_-73.9440831
40.7812895_-73.9637574
40.7813064_-73.9139181
40.7813086_-73.918028
40.7813105_-73.9622692
40.7813191_-74.019336
40.7813206_-73.96248
40.7813273_-73.9461283
40.7813287_-73.9636751
40.7813409_-73.9871871
40.7813485_-73.9443929
40.7813542_-73.9442376
40.7813594_-73.9635954
40.7813638_-73.9125644
40.7813783_-73.9521157
40.7813851_-73.9211016
40.7813886_-73.962453
40.781389_-73.9635372
40.7814089_-73.908674
40.7814189_-73.9561147
40.7814292_-73.9541758
40.781434_-74.0076139
40.781452_-73.915614
40.7814666_-73.9626122
40.7814668_-73.9714065
40.7814735_-73.9693909
40.7814913_-73.9442615
40.7814918_-73.9444219
40.7815017_-73.9603115
40.7815028_-73.9441251
40.7815237_-73.9563633
40.7815244_-74.0091955
40.7815298_-73.9627815
40.7815366_-73.9583191
40.7815383_-73.9631191
40.7815385_-73.9615288
40.7815396_-73.9867833
40.7815447_-73.9604135
40.781565_-74.011195
40.7815826_-73.9135851
40.781584_-73.961194
40.78158_-73.915458
40.7815938_-73.971385
40.7816046_-73.9868949
40.7816109_-73.9170322
40.7816154_-73.9621912
40.7816197_-74.007452
40.7816339_-73.9623506
40.7816368_-73.962741
40.7816394_-73.9867086
40.7816436_-73.9629236
40.7816454_-73.9444375
40.7816543_-73.9625716
40.781662_-73.9609623
40.78168_-73.9489676
40.7817124_-73.9713941
40.7817194_-73.9809824
40.7817235_-73.9441398
40.7817319_-73.9269446
40.7817356_-74.0090239
40.7817467_-73.9630523
40.7817472_-73.9442722
40.7817582_-73.9694099
40.7817622_-73.9206688
40.781763_-74.016874
40.7817679_-73.9830719
40.7817811_-73.9444437
40.7817867_-73.9850803
40.7817905_-73.9714265
40.7817931_-73.9865859
40.7817985_-73.9133175
40.7818019_-73.9811764
40.781803_-73.917304
40.7818145_-73.9157886
40.7818158_-73.926669
40.781818_-73.9607048
40.7818365_-73.9792791
40.7818518_-73.9866926
40.7818797_-73.9714902
40.7818938_-73.9093598
40.7819062_-74.0088737
40.7819165_-73.9718205
40.781922_-74.011148
40.7819341_-73.9150375
40.7819343_-73.9441349
40.7819361_-73.9444387
40.7819382_-73.9263792
40.7819434_-73.92041
40.781947_-73.94567
40.7819523_-73.975483
40.7819528_-73.9694228
40.7819665_-73.9442668
("40.7811058_-73.9607353","40.7811178_-73.9278125","40.7811231_-73.9872352","40.7811281_-73.9835374","40.7811333_-73.9442032","40.7811505_-73.9617501","40.7811782_-73.9639374","40.7811846_-73.9797549","40.7811998_-73.9623533","40.7812075_-74.0056979","40.7812097_-73.9180364","40.7812166_-74.0054757","40.7812221_-73.9284949","40.7812225_-73.9443642","40.7812366_-73.9620577","40.7812388_-73.9759116","40.7812557_-73.9638226","40.7812558_-73.9694244","40.7812624_-73.9624149","40.7812661_-73.9179676","40.7812676_-73.9759823","40.7812726_-74.0055477","40.7812762_-73.9440831","40.7812895_-73.9637574","40.7813064_-73.9139181","40.7813086_-73.918028","40.7813105_-73.9622692","40.7813191_-74.019336","40.7813206_-73.96248","40.7813273_-73.9461283","40.7813287_-73.9636751","40.7813409_-73.9871871","40.7813485_-73.9443929","40.7813542_-73.9442376","40.7813594_-73.9635954","40.7813638_-73.9125644","40.7813783_-73.9521157","40.7813851_-73.9211016","40.7813886_-73.962453","40.781389_-73.9635372","40.7814089_-73.908674","40.7814189_-73.9561147","40.7814292_-73.9541758","40.781434_-74.0076139","40.781452_-73.915614","40.7814666_-73.9626122","40.7814668_-73.9714065","40.7814735_-73.9693909","40.7814913_-73.9442615","40.7814918_-73.9444219","40.7815017_-73.9603115","40.7815028_-73.9441251","40.7815237_-73.9563633","40.7815244_-74.0091955","40.7815298_-73.9627815","40.7815366_-73.9583191","40.7815383_-73.9631191","40.7815385_-73.9615288","40.7815396_-73.9867833","40.7815447_-73.9604135","40.781565_-74.011195","40.7815826_-73.9135851","40.781584_-73.961194","40.78158_-73.915458","40.7815938_-73.971385","40.7816046_-73.9868949","40.7816109_-73.9170322","40.7816154_-73.9621912","40.7816197_-74.007452","40.7816339_-73.9623506","40.7816368_-73.962741","40.7816394_-73.9867086","40.7816436_-73.9629236","40.7816454_-73.9444375","40.7816543_-73.9625716","40.781662_-73.9609623","40.78168_-73.9489676","40.7817124_-73.9713941","40.7817194_-73.9809824","40.7817235_-73.9441398","40.7817319_-73.9269446","40.7817356_-74.0090239","40.7817467_-73.9630523","40.7817472_-73.9442722","40.7817582_-73.9694099","40.7817622_-73.9206688","40.781763_-74.016874","40.7817679_-73.9830719","40.7817811_-73.9444437","40.7817867_-73.9850803","40.7817905_-73.9714265","40.7817931_-73.9865859","40.7817985_-73.9133175","40.7818019_-73.9811764","40.781803_-73.917304","40.7818145_-73.9157886","40.7818158_-73.926669","40.781818_-73.9607048","40.7818365_-73.9792791","40.7818518_-73.9866926","40.7818797_-73.9714902","40.7818938_-73.9093598","40.7819062_-74.0088737","40.7819165_-73.9718205","40.781922_-74.011148","40.7819341_-73.9150375","40.7819343_-73.9441349","40.7819361_-73.9444387","40.7819382_-73.9263792","40.7819434_-73.92041","40.781947_-73.94567","40.7819523_-73.975483","40.7819528_-73.9694228","40.7819665_-73.9442668")
done
130.73user 820.89system 1:15:10elapsed 21%CPU (0avgtext+0avgdata 68344maxresident)k
1371856inputs+54936outputs (30major+36119minor)pagefaults 0swaps
