40.7783543_-73.9254553
40.7783568_-73.9730082
40.778364_-73.9671837
40.7783658_-73.9627292
40.77839_-73.9097983
40.7784025_-73.9255929
40.7784061_-74.0130575
40.7784226_-73.920037
40.7784451_-73.9729382
40.778454_-73.921395
40.778457_-73.9727933
40.7784628_-73.9674414
40.7784678_-73.9045028
40.7784779_-73.9729311
40.7784812_-73.9854503
40.7784828_-73.9452574
40.7784883_-73.9662733
40.7785046_-73.9248925
40.7785062_-73.9817055
40.7785113_-73.9147678
40.7785216_-73.9874341
40.778534_-73.981513
40.7785458_-74.0128116
40.7785484_-73.967642
40.778551_-73.951248
40.7785736_-73.9246897
40.778574_-73.917255
40.778582_-73.9212387
40.7785905_-73.9816483
40.7785944_-73.9884515
40.7786168_-73.9661489
40.7786168_-73.9729011
40.7786424_-74.0084295
40.7786445_-73.9817753
40.7786682_-73.9094555
40.7786714_-73.9778756
40.7786753_-73.9820873
40.7786913_-73.9189934
40.7786918_-73.972352
40.778692_-74.017275
40.7786936_-73.9119845
40.7786962_-73.9777603
40.7786969_-73.9679891
40.7787096_-73.9204436
40.7787147_-74.0097642
40.7787152_-73.9048661
40.7787269_-73.9815477
40.7787275_-73.9778347
40.778729_-74.017244
40.7787303_-73.9819772
40.7787316_-73.9728936
40.7787321_-73.9431799
40.7787678_-74.0125184
40.778768_-73.906412
40.7787704_-73.9820716
40.7787772_-73.9144422
40.7787848_-73.9777929
40.7788039_-73.9580227
40.778805_-73.974067
40.7788085_-73.9479669
40.7788122_-73.9560833
40.778814_-73.9242598
40.77882_-73.9821871
40.7788316_-73.953979
40.7788505_-73.9602777
40.7788652_-73.9601326
40.7788677_-73.9729489
40.778877_-74.01588
40.778878_-73.972128
40.7788802_-73.9104773
40.778895_-73.9623411
40.7788962_-73.917708
40.7789023_-73.9883332
40.7789071_-73.9582675
40.7789076_-73.9602361
40.778913_-73.9622223
40.7789286_-73.9434049
40.7789303_-73.9820317
40.7789381_-73.9052552
40.778947_-73.962303
40.778952_-73.920787
40.7789585_-73.9193721
40.7789589_-73.9603557
40.7789597_-73.9601981
40.778966_-73.905221
40.7789749_-73.9730023
40.778981_-74.01572
40.7789868_-73.918634
40.7789878_-73.9656672
40.7789969_-74.0122914
40.7789988_-73.9622653
40.7790043_-73.9687073
40.7790221_-73.9882801
40.7790319_-73.9141326
40.779069_-73.9140874
40.7791055_-73.9448126
40.7791102_-73.9689585
40.779121_-73.9849977
40.7791351_-73.962166
40.7791581_-73.9654511
40.77915_-73.910147
40.7791617_-73.9889851
40.7791658_-73.9447685
40.7791688_-73.9731948
40.7791759_-73.9507943
40.7791769_-73.9871122
40.779201_-73.9881949
40.7792212_-73.9164677
40.7792359_-73.923736
40.7792397_-73.9692655
40.7792621_-73.9151352
40.7792635_-73.9811523
40.779291_-73.9182618
40.7792986_-73.9435726
40.7783543_-73.9254553
40.7783568_-73.9730082
40.778364_-73.9671837
40.7783658_-73.9627292
40.77839_-73.9097983
40.7784025_-73.9255929
40.7784061_-74.0130575
40.7784226_-73.920037
40.7784451_-73.9729382
40.778454_-73.921395
40.778457_-73.9727933
40.7784628_-73.9674414
40.7784678_-73.9045028
40.7784779_-73.9729311
40.7784812_-73.9854503
40.7784828_-73.9452574
40.7784883_-73.9662733
40.7785046_-73.9248925
40.7785062_-73.9817055
40.7785113_-73.9147678
40.7785216_-73.9874341
40.778534_-73.981513
40.7785458_-74.0128116
40.7785484_-73.967642
40.778551_-73.951248
40.7785736_-73.9246897
40.778574_-73.917255
40.778582_-73.9212387
40.7785905_-73.9816483
40.7785944_-73.9884515
40.7786168_-73.9661489
40.7786168_-73.9729011
40.7786424_-74.0084295
40.7786445_-73.9817753
40.7786682_-73.9094555
40.7786714_-73.9778756
40.7786753_-73.9820873
40.7786913_-73.9189934
40.7786918_-73.972352
40.778692_-74.017275
40.7786936_-73.9119845
40.7786962_-73.9777603
40.7786969_-73.9679891
40.7787096_-73.9204436
40.7787147_-74.0097642
40.7787152_-73.9048661
40.7787269_-73.9815477
40.7787275_-73.9778347
40.778729_-74.017244
40.7787303_-73.9819772
40.7787316_-73.9728936
40.7787321_-73.9431799
40.7787678_-74.0125184
40.778768_-73.906412
40.7787704_-73.9820716
40.7787772_-73.9144422
40.7787848_-73.9777929
40.7788039_-73.9580227
40.778805_-73.974067
40.7788085_-73.9479669
40.7788122_-73.9560833
40.778814_-73.9242598
40.77882_-73.9821871
40.7788316_-73.953979
40.7788505_-73.9602777
40.7788652_-73.9601326
40.7788677_-73.9729489
40.778877_-74.01588
40.778878_-73.972128
40.7788802_-73.9104773
40.778895_-73.9623411
40.7788962_-73.917708
40.7789023_-73.9883332
40.7789071_-73.9582675
40.7789076_-73.9602361
40.778913_-73.9622223
40.7789286_-73.9434049
40.7789303_-73.9820317
40.7789381_-73.9052552
40.778947_-73.962303
40.778952_-73.920787
40.7789585_-73.9193721
40.7789589_-73.9603557
40.7789597_-73.9601981
40.778966_-73.905221
40.7789749_-73.9730023
40.778981_-74.01572
40.7789868_-73.918634
40.7789878_-73.9656672
40.7789969_-74.0122914
40.7789988_-73.9622653
40.7790043_-73.9687073
40.7790221_-73.9882801
40.7790319_-73.9141326
40.779069_-73.9140874
40.7791055_-73.9448126
40.7791102_-73.9689585
40.779121_-73.9849977
40.7791351_-73.962166
40.7791581_-73.9654511
40.77915_-73.910147
40.7791617_-73.9889851
40.7791658_-73.9447685
40.7791688_-73.9731948
40.7791759_-73.9507943
40.7791769_-73.9871122
40.779201_-73.9881949
40.7792212_-73.9164677
40.7792359_-73.923736
40.7792397_-73.9692655
40.7792621_-73.9151352
40.7792635_-73.9811523
40.779291_-73.9182618
40.7792986_-73.9435726
("40.7783543_-73.9254553","40.7783568_-73.9730082","40.778364_-73.9671837","40.7783658_-73.9627292","40.77839_-73.9097983","40.7784025_-73.9255929","40.7784061_-74.0130575","40.7784226_-73.920037","40.7784451_-73.9729382","40.778454_-73.921395","40.778457_-73.9727933","40.7784628_-73.9674414","40.7784678_-73.9045028","40.7784779_-73.9729311","40.7784812_-73.9854503","40.7784828_-73.9452574","40.7784883_-73.9662733","40.7785046_-73.9248925","40.7785062_-73.9817055","40.7785113_-73.9147678","40.7785216_-73.9874341","40.778534_-73.981513","40.7785458_-74.0128116","40.7785484_-73.967642","40.778551_-73.951248","40.7785736_-73.9246897","40.778574_-73.917255","40.778582_-73.9212387","40.7785905_-73.9816483","40.7785944_-73.9884515","40.7786168_-73.9661489","40.7786168_-73.9729011","40.7786424_-74.0084295","40.7786445_-73.9817753","40.7786682_-73.9094555","40.7786714_-73.9778756","40.7786753_-73.9820873","40.7786913_-73.9189934","40.7786918_-73.972352","40.778692_-74.017275","40.7786936_-73.9119845","40.7786962_-73.9777603","40.7786969_-73.9679891","40.7787096_-73.9204436","40.7787147_-74.0097642","40.7787152_-73.9048661","40.7787269_-73.9815477","40.7787275_-73.9778347","40.778729_-74.017244","40.7787303_-73.9819772","40.7787316_-73.9728936","40.7787321_-73.9431799","40.7787678_-74.0125184","40.778768_-73.906412","40.7787704_-73.9820716","40.7787772_-73.9144422","40.7787848_-73.9777929","40.7788039_-73.9580227","40.778805_-73.974067","40.7788085_-73.9479669","40.7788122_-73.9560833","40.778814_-73.9242598","40.77882_-73.9821871","40.7788316_-73.953979","40.7788505_-73.9602777","40.7788652_-73.9601326","40.7788677_-73.9729489","40.778877_-74.01588","40.778878_-73.972128","40.7788802_-73.9104773","40.778895_-73.9623411","40.7788962_-73.917708","40.7789023_-73.9883332","40.7789071_-73.9582675","40.7789076_-73.9602361","40.778913_-73.9622223","40.7789286_-73.9434049","40.7789303_-73.9820317","40.7789381_-73.9052552","40.778947_-73.962303","40.778952_-73.920787","40.7789585_-73.9193721","40.7789589_-73.9603557","40.7789597_-73.9601981","40.778966_-73.905221","40.7789749_-73.9730023","40.778981_-74.01572","40.7789868_-73.918634","40.7789878_-73.9656672","40.7789969_-74.0122914","40.7789988_-73.9622653","40.7790043_-73.9687073","40.7790221_-73.9882801","40.7790319_-73.9141326","40.779069_-73.9140874","40.7791055_-73.9448126","40.7791102_-73.9689585","40.779121_-73.9849977","40.7791351_-73.962166","40.7791581_-73.9654511","40.77915_-73.910147","40.7791617_-73.9889851","40.7791658_-73.9447685","40.7791688_-73.9731948","40.7791759_-73.9507943","40.7791769_-73.9871122","40.779201_-73.9881949","40.7792212_-73.9164677","40.7792359_-73.923736","40.7792397_-73.9692655","40.7792621_-73.9151352","40.7792635_-73.9811523","40.779291_-73.9182618","40.7792986_-73.9435726")
done
133.98user 812.81system 1:15:26elapsed 20%CPU (0avgtext+0avgdata 80100maxresident)k
1339248inputs+90232outputs (41major+37593minor)pagefaults 0swaps
