40.7751774_-73.9891917
40.7751846_-73.9650398
40.7752028_-73.9755651
40.7752064_-73.9045553
40.7752287_-73.9229276
40.7752361_-73.9853723
40.7752368_-73.9905054
40.7752458_-73.9476241
40.775248_-73.9677461
40.7752646_-73.9755748
40.7752808_-73.9351615
40.7752903_-73.9536285
40.7752981_-73.9231384
40.7752981_-73.9676575
40.7753134_-73.9427553
40.7753212_-73.9030496
40.775321_-73.935286
40.7753588_-73.9426144
40.7753679_-73.9096203
40.7753686_-74.016801
40.7753732_-74.0143531
40.7753753_-73.9755797
40.7753789_-74.0109985
40.77537_-73.92117
40.7753835_-73.9740257
40.7753835_-73.9877347
40.7753908_-73.9230165
40.7754016_-73.9857665
40.775416_-73.919827
40.7754209_-74.0109918
40.7754228_-73.9839662
40.775423_-73.9755772
40.7754274_-73.9674286
40.7754424_-73.98206
40.7754497_-73.9801322
40.775468_-73.930264
40.7754797_-73.9802031
40.7754835_-74.0123153
40.7754904_-73.9755666
40.7755011_-73.9673599
40.7755113_-73.9230807
40.7755121_-73.9305804
40.7755278_-73.942553
40.775533_-73.976458
40.7755397_-73.9132814
40.7755451_-73.9822819
40.775548_-73.914548
40.7755548_-73.9755523
40.775556_-73.930711
40.7755651_-73.9503382
40.7755735_-73.9603796
40.7755821_-73.9901567
40.7755839_-73.9673193
40.775584_-73.944954
40.7755873_-73.9227807
40.7755929_-73.9563381
40.775598_-73.936152
40.775608_-73.944278
40.7756129_-73.9351329
40.7756266_-73.975534
40.7756284_-73.9626301
40.7756363_-74.0122069
40.775636_-73.92923
40.7756382_-73.9584018
40.7756445_-73.9259196
40.7756515_-73.9425109
40.7756603_-73.9260884
40.775675_-73.9606194
40.775677_-73.964687
40.7756825_-73.9739828
40.7756862_-73.9131049
40.7756862_-73.9269107
40.7756892_-73.9426094
40.775699_-73.9052527
40.7757015_-73.9672837
40.7757018_-73.928762
40.7757113_-73.9112233
40.7757151_-73.9291076
40.7757195_-74.0157489
40.7757456_-74.0143295
40.7757561_-73.9261435
40.7757605_-73.9424802
40.7757619_-73.9232263
40.7757639_-73.9287284
40.7757747_-74.0121192
40.7757866_-73.9866839
40.775787_-73.9288336
40.7757895_-73.9260623
40.775804_-74.019641
40.7758089_-73.9260998
40.7758122_-73.9447616
40.7758154_-73.942581
40.7758218_-73.9287479
40.7758232_-73.9672688
40.7758327_-73.9102713
40.7758331_-73.9037724
40.7758448_-73.9754569
40.7758569_-73.9236933
40.7758604_-73.9317038
40.7758615_-73.9899024
40.7758674_-73.9286555
40.775873_-73.9754508
40.7758809_-73.9869084
40.7758926_-73.9754488
40.775904_-73.920518
40.7759086_-73.928611
40.7759139_-73.9754495
40.7759234_-73.9424511
40.7759238_-73.9531654
40.775929_-73.947122
40.775937_-73.926693
40.7759529_-73.97546
40.7759575_-73.9425644
40.775963_-74.016332
40.7751774_-73.9891917
40.7751846_-73.9650398
40.7752028_-73.9755651
40.7752064_-73.9045553
40.7752287_-73.9229276
40.7752361_-73.9853723
40.7752368_-73.9905054
40.7752458_-73.9476241
40.775248_-73.9677461
40.7752646_-73.9755748
40.7752808_-73.9351615
40.7752903_-73.9536285
40.7752981_-73.9231384
40.7752981_-73.9676575
40.7753134_-73.9427553
40.7753212_-73.9030496
40.775321_-73.935286
40.7753588_-73.9426144
40.7753679_-73.9096203
40.7753686_-74.016801
40.7753732_-74.0143531
40.7753753_-73.9755797
40.7753789_-74.0109985
40.77537_-73.92117
40.7753835_-73.9740257
40.7753835_-73.9877347
40.7753908_-73.9230165
40.7754016_-73.9857665
40.775416_-73.919827
40.7754209_-74.0109918
40.7754228_-73.9839662
40.775423_-73.9755772
40.7754274_-73.9674286
40.7754424_-73.98206
40.7754497_-73.9801322
40.775468_-73.930264
40.7754797_-73.9802031
40.7754835_-74.0123153
40.7754904_-73.9755666
40.7755011_-73.9673599
40.7755113_-73.9230807
40.7755121_-73.9305804
40.7755278_-73.942553
40.775533_-73.976458
40.7755397_-73.9132814
40.7755451_-73.9822819
40.775548_-73.914548
40.7755548_-73.9755523
40.775556_-73.930711
40.7755651_-73.9503382
40.7755735_-73.9603796
40.7755821_-73.9901567
40.7755839_-73.9673193
40.775584_-73.944954
40.7755873_-73.9227807
40.7755929_-73.9563381
40.775598_-73.936152
40.775608_-73.944278
40.7756129_-73.9351329
40.7756266_-73.975534
40.7756284_-73.9626301
40.7756363_-74.0122069
40.775636_-73.92923
40.7756382_-73.9584018
40.7756445_-73.9259196
40.7756515_-73.9425109
40.7756603_-73.9260884
40.775675_-73.9606194
40.775677_-73.964687
40.7756825_-73.9739828
40.7756862_-73.9131049
40.7756862_-73.9269107
40.7756892_-73.9426094
40.775699_-73.9052527
40.7757015_-73.9672837
40.7757018_-73.928762
40.7757113_-73.9112233
40.7757151_-73.9291076
40.7757195_-74.0157489
40.7757456_-74.0143295
40.7757561_-73.9261435
40.7757605_-73.9424802
40.7757619_-73.9232263
40.7757639_-73.9287284
40.7757747_-74.0121192
40.7757866_-73.9866839
40.775787_-73.9288336
40.7757895_-73.9260623
40.775804_-74.019641
40.7758089_-73.9260998
40.7758122_-73.9447616
40.7758154_-73.942581
40.7758218_-73.9287479
40.7758232_-73.9672688
40.7758327_-73.9102713
40.7758331_-73.9037724
40.7758448_-73.9754569
40.7758569_-73.9236933
40.7758604_-73.9317038
40.7758615_-73.9899024
40.7758674_-73.9286555
40.775873_-73.9754508
40.7758809_-73.9869084
40.7758926_-73.9754488
40.775904_-73.920518
40.7759086_-73.928611
40.7759139_-73.9754495
40.7759234_-73.9424511
40.7759238_-73.9531654
40.775929_-73.947122
40.775937_-73.926693
40.7759529_-73.97546
40.7759575_-73.9425644
40.775963_-74.016332
("40.7751774_-73.9891917","40.7751846_-73.9650398","40.7752028_-73.9755651","40.7752064_-73.9045553","40.7752287_-73.9229276","40.7752361_-73.9853723","40.7752368_-73.9905054","40.7752458_-73.9476241","40.775248_-73.9677461","40.7752646_-73.9755748","40.7752808_-73.9351615","40.7752903_-73.9536285","40.7752981_-73.9231384","40.7752981_-73.9676575","40.7753134_-73.9427553","40.7753212_-73.9030496","40.775321_-73.935286","40.7753588_-73.9426144","40.7753679_-73.9096203","40.7753686_-74.016801","40.7753732_-74.0143531","40.7753753_-73.9755797","40.7753789_-74.0109985","40.77537_-73.92117","40.7753835_-73.9740257","40.7753835_-73.9877347","40.7753908_-73.9230165","40.7754016_-73.9857665","40.775416_-73.919827","40.7754209_-74.0109918","40.7754228_-73.9839662","40.775423_-73.9755772","40.7754274_-73.9674286","40.7754424_-73.98206","40.7754497_-73.9801322","40.775468_-73.930264","40.7754797_-73.9802031","40.7754835_-74.0123153","40.7754904_-73.9755666","40.7755011_-73.9673599","40.7755113_-73.9230807","40.7755121_-73.9305804","40.7755278_-73.942553","40.775533_-73.976458","40.7755397_-73.9132814","40.7755451_-73.9822819","40.775548_-73.914548","40.7755548_-73.9755523","40.775556_-73.930711","40.7755651_-73.9503382","40.7755735_-73.9603796","40.7755821_-73.9901567","40.7755839_-73.9673193","40.775584_-73.944954","40.7755873_-73.9227807","40.7755929_-73.9563381","40.775598_-73.936152","40.775608_-73.944278","40.7756129_-73.9351329","40.7756266_-73.975534","40.7756284_-73.9626301","40.7756363_-74.0122069","40.775636_-73.92923","40.7756382_-73.9584018","40.7756445_-73.9259196","40.7756515_-73.9425109","40.7756603_-73.9260884","40.775675_-73.9606194","40.775677_-73.964687","40.7756825_-73.9739828","40.7756862_-73.9131049","40.7756862_-73.9269107","40.7756892_-73.9426094","40.775699_-73.9052527","40.7757015_-73.9672837","40.7757018_-73.928762","40.7757113_-73.9112233","40.7757151_-73.9291076","40.7757195_-74.0157489","40.7757456_-74.0143295","40.7757561_-73.9261435","40.7757605_-73.9424802","40.7757619_-73.9232263","40.7757639_-73.9287284","40.7757747_-74.0121192","40.7757866_-73.9866839","40.775787_-73.9288336","40.7757895_-73.9260623","40.775804_-74.019641","40.7758089_-73.9260998","40.7758122_-73.9447616","40.7758154_-73.942581","40.7758218_-73.9287479","40.7758232_-73.9672688","40.7758327_-73.9102713","40.7758331_-73.9037724","40.7758448_-73.9754569","40.7758569_-73.9236933","40.7758604_-73.9317038","40.7758615_-73.9899024","40.7758674_-73.9286555","40.775873_-73.9754508","40.7758809_-73.9869084","40.7758926_-73.9754488","40.775904_-73.920518","40.7759086_-73.928611","40.7759139_-73.9754495","40.7759234_-73.9424511","40.7759238_-73.9531654","40.775929_-73.947122","40.775937_-73.926693","40.7759529_-73.97546","40.7759575_-73.9425644","40.775963_-74.016332")
done
135.18user 820.48system 1:11:54elapsed 22%CPU (0avgtext+0avgdata 75800maxresident)k
1340728inputs+83200outputs (39major+39653minor)pagefaults 0swaps
