40.7004243_-73.9443941
40.7004291_-73.9953203
40.7004348_-73.9908902
40.700436_-73.9907581
40.70043_-73.973593
40.7004442_-73.9346129
40.700445_-73.950756
40.7004479_-73.9897479
40.7004545_-73.9345238
40.700464_-73.947486
40.700469_-73.9344233
40.7004771_-73.9899224
40.70047_-73.950504
40.700481_-73.925329
40.7004834_-73.993351
40.700485_-73.936366
40.7004918_-73.9907556
40.7005002_-73.9624727
40.7005037_-73.9762619
40.700503_-73.9829148
40.7005112_-73.9908944
40.7005231_-73.9838348
40.700545_-73.944403
40.7005533_-73.9170628
40.7005537_-73.9848285
40.7005627_-73.9897429
40.7005674_-73.9907663
40.7005748_-73.9909094
40.7005765_-73.9897835
40.7005872_-73.985918
40.700593_-73.950289
40.7005953_-73.9366538
40.700609_-73.9099328
40.700616_-73.966512
40.7006174_-73.9789328
40.7006185_-73.9866286
40.700619_-73.977016
40.7006247_-73.9907812
40.7006343_-73.9857359
40.7006347_-73.9909294
40.7006415_-73.9364499
40.7006444_-73.9901689
40.7006455_-73.987185
40.700675_-73.921631
40.70067_-73.9877341
40.7006872_-73.9909586
40.70068_-73.938484
40.700691_-73.991454
40.7006992_-73.9908116
40.7007001_-73.9421347
40.7007049_-73.9886829
40.700714_-73.9942335
40.700718_-73.929787
40.7007242_-73.9951562
40.700725_-73.941931
40.7007262_-73.9804098
40.7007343_-73.9909675
40.700738_-73.904191
40.7007396_-73.9604198
40.7007412_-73.9908501
40.7007527_-73.9897366
40.7007646_-73.9903641
40.7007689_-73.9907624
40.7007751_-73.9145142
40.7007753_-73.9332051
40.700777_-73.913328
40.7007803_-73.9828949
40.7007824_-73.9908595
40.700792_-73.9605
40.7007977_-73.9804348
40.7008023_-73.9909636
40.7008029_-73.9945974
40.700804_-73.90736
40.700816_-73.95446
40.700822_-73.957457
40.700835_-73.990101
40.700841_-73.976639
40.7008488_-73.9331463
40.7008504_-73.9867803
40.7008539_-73.9951125
40.7008593_-73.9910332
40.7008641_-73.9421573
40.70087_-73.9804632
40.70091_-73.926083
40.700922_-73.951288
40.7009251_-73.9805007
40.7009268_-73.9950776
40.7009301_-73.9330899
40.7009313_-73.9618636
40.7009681_-73.9632633
40.7009779_-73.9941012
40.7009786_-73.9631982
40.7009819_-73.9178131
40.700997_-73.9632214
40.7010069_-73.9805597
40.7010099_-73.9940753
40.7010267_-73.9541344
40.701029_-73.948116
40.7010338_-73.9950303
40.7010428_-73.9903534
40.7010498_-73.9631474
40.70104_-73.9940339
40.701055_-73.904727
40.7010573_-73.9912887
40.70106_-73.9939888
40.7010739_-73.9106766
40.701077_-73.94042
40.7010818_-73.9806358
40.701083_-73.934793
40.701091_-73.945014
40.7011013_-73.9867505
40.701102_-73.922384
40.701102_-73.939244
40.7011031_-74.013881
40.7004243_-73.9443941
40.7004291_-73.9953203
40.7004348_-73.9908902
40.700436_-73.9907581
40.70043_-73.973593
40.7004442_-73.9346129
40.700445_-73.950756
40.7004479_-73.9897479
40.7004545_-73.9345238
40.700464_-73.947486
40.700469_-73.9344233
40.7004771_-73.9899224
40.70047_-73.950504
40.700481_-73.925329
40.7004834_-73.993351
40.700485_-73.936366
40.7004918_-73.9907556
40.7005002_-73.9624727
40.7005037_-73.9762619
40.700503_-73.9829148
40.7005112_-73.9908944
40.7005231_-73.9838348
40.700545_-73.944403
40.7005533_-73.9170628
40.7005537_-73.9848285
40.7005627_-73.9897429
40.7005674_-73.9907663
40.7005748_-73.9909094
40.7005765_-73.9897835
40.7005872_-73.985918
40.700593_-73.950289
40.7005953_-73.9366538
40.700609_-73.9099328
40.700616_-73.966512
40.7006174_-73.9789328
40.7006185_-73.9866286
40.700619_-73.977016
40.7006247_-73.9907812
40.7006343_-73.9857359
40.7006347_-73.9909294
40.7006415_-73.9364499
40.7006444_-73.9901689
40.7006455_-73.987185
40.700675_-73.921631
40.70067_-73.9877341
40.7006872_-73.9909586
40.70068_-73.938484
40.700691_-73.991454
40.7006992_-73.9908116
40.7007001_-73.9421347
40.7007049_-73.9886829
40.700714_-73.9942335
40.700718_-73.929787
40.7007242_-73.9951562
40.700725_-73.941931
40.7007262_-73.9804098
40.7007343_-73.9909675
40.700738_-73.904191
40.7007396_-73.9604198
40.7007412_-73.9908501
40.7007527_-73.9897366
40.7007646_-73.9903641
40.7007689_-73.9907624
40.7007751_-73.9145142
40.7007753_-73.9332051
40.700777_-73.913328
40.7007803_-73.9828949
40.7007824_-73.9908595
40.700792_-73.9605
40.7007977_-73.9804348
40.7008023_-73.9909636
40.7008029_-73.9945974
40.700804_-73.90736
40.700816_-73.95446
40.700822_-73.957457
40.700835_-73.990101
40.700841_-73.976639
40.7008488_-73.9331463
40.7008504_-73.9867803
40.7008539_-73.9951125
40.7008593_-73.9910332
40.7008641_-73.9421573
40.70087_-73.9804632
40.70091_-73.926083
40.700922_-73.951288
40.7009251_-73.9805007
40.7009268_-73.9950776
40.7009301_-73.9330899
40.7009313_-73.9618636
40.7009681_-73.9632633
40.7009779_-73.9941012
40.7009786_-73.9631982
40.7009819_-73.9178131
40.700997_-73.9632214
40.7010069_-73.9805597
40.7010099_-73.9940753
40.7010267_-73.9541344
40.701029_-73.948116
40.7010338_-73.9950303
40.7010428_-73.9903534
40.7010498_-73.9631474
40.70104_-73.9940339
40.701055_-73.904727
40.7010573_-73.9912887
40.70106_-73.9939888
40.7010739_-73.9106766
40.701077_-73.94042
40.7010818_-73.9806358
40.701083_-73.934793
40.701091_-73.945014
40.7011013_-73.9867505
40.701102_-73.922384
40.701102_-73.939244
40.7011031_-74.013881
("40.7004243_-73.9443941","40.7004291_-73.9953203","40.7004348_-73.9908902","40.700436_-73.9907581","40.70043_-73.973593","40.7004442_-73.9346129","40.700445_-73.950756","40.7004479_-73.9897479","40.7004545_-73.9345238","40.700464_-73.947486","40.700469_-73.9344233","40.7004771_-73.9899224","40.70047_-73.950504","40.700481_-73.925329","40.7004834_-73.993351","40.700485_-73.936366","40.7004918_-73.9907556","40.7005002_-73.9624727","40.7005037_-73.9762619","40.700503_-73.9829148","40.7005112_-73.9908944","40.7005231_-73.9838348","40.700545_-73.944403","40.7005533_-73.9170628","40.7005537_-73.9848285","40.7005627_-73.9897429","40.7005674_-73.9907663","40.7005748_-73.9909094","40.7005765_-73.9897835","40.7005872_-73.985918","40.700593_-73.950289","40.7005953_-73.9366538","40.700609_-73.9099328","40.700616_-73.966512","40.7006174_-73.9789328","40.7006185_-73.9866286","40.700619_-73.977016","40.7006247_-73.9907812","40.7006343_-73.9857359","40.7006347_-73.9909294","40.7006415_-73.9364499","40.7006444_-73.9901689","40.7006455_-73.987185","40.700675_-73.921631","40.70067_-73.9877341","40.7006872_-73.9909586","40.70068_-73.938484","40.700691_-73.991454","40.7006992_-73.9908116","40.7007001_-73.9421347","40.7007049_-73.9886829","40.700714_-73.9942335","40.700718_-73.929787","40.7007242_-73.9951562","40.700725_-73.941931","40.7007262_-73.9804098","40.7007343_-73.9909675","40.700738_-73.904191","40.7007396_-73.9604198","40.7007412_-73.9908501","40.7007527_-73.9897366","40.7007646_-73.9903641","40.7007689_-73.9907624","40.7007751_-73.9145142","40.7007753_-73.9332051","40.700777_-73.913328","40.7007803_-73.9828949","40.7007824_-73.9908595","40.700792_-73.9605","40.7007977_-73.9804348","40.7008023_-73.9909636","40.7008029_-73.9945974","40.700804_-73.90736","40.700816_-73.95446","40.700822_-73.957457","40.700835_-73.990101","40.700841_-73.976639","40.7008488_-73.9331463","40.7008504_-73.9867803","40.7008539_-73.9951125","40.7008593_-73.9910332","40.7008641_-73.9421573","40.70087_-73.9804632","40.70091_-73.926083","40.700922_-73.951288","40.7009251_-73.9805007","40.7009268_-73.9950776","40.7009301_-73.9330899","40.7009313_-73.9618636","40.7009681_-73.9632633","40.7009779_-73.9941012","40.7009786_-73.9631982","40.7009819_-73.9178131","40.700997_-73.9632214","40.7010069_-73.9805597","40.7010099_-73.9940753","40.7010267_-73.9541344","40.701029_-73.948116","40.7010338_-73.9950303","40.7010428_-73.9903534","40.7010498_-73.9631474","40.70104_-73.9940339","40.701055_-73.904727","40.7010573_-73.9912887","40.70106_-73.9939888","40.7010739_-73.9106766","40.701077_-73.94042","40.7010818_-73.9806358","40.701083_-73.934793","40.701091_-73.945014","40.7011013_-73.9867505","40.701102_-73.922384","40.701102_-73.939244","40.7011031_-74.013881")
done
145.74user 812.99system 1:14:51elapsed 21%CPU (0avgtext+0avgdata 52216maxresident)k
1567040inputs+48outputs (1major+27327minor)pagefaults 0swaps
