40.7624374_-73.9118619
40.762445_-73.9194755
40.7624484_-73.954583
40.7624563_-74.009981
40.7624685_-73.9117421
40.762475_-73.928291
40.7624866_-73.9195644
40.7624871_-73.9543747
40.7624896_-73.9807674
40.7624914_-74.0001913
40.7624946_-73.9073039
40.7624978_-73.9629826
40.7624993_-73.9438785
40.7625189_-73.9436094
40.7625234_-73.9194125
40.7625283_-73.9944373
40.7625376_-73.9380691
40.7625412_-74.0003097
40.7625578_-73.9887089
40.7625609_-74.0102305
40.7625767_-73.9443494
40.7625796_-73.9437763
40.7625904_-73.9443714
40.7625912_-73.9072253
40.7625924_-73.9440984
40.7626076_-73.9544154
40.7626394_-73.9439264
40.7626399_-73.9542213
40.7626445_-74.000524
40.7626622_-73.9060633
40.7626843_-73.9443052
40.7626868_-73.9493123
40.7626973_-73.9832221
40.7626996_-73.9126535
40.7627139_-73.9440984
40.76271_-73.915222
40.7627218_-73.9615702
40.762725_-73.926988
40.7627399_-73.9596951
40.7627442_-73.9125191
40.7627452_-73.9443869
40.7627499_-73.9969249
40.762757_-73.9492668
40.7627589_-73.9203377
40.7627617_-73.9081989
40.7627735_-73.9444869
40.7627746_-73.9442343
40.7627774_-73.9125902
40.7627785_-73.9443171
40.7627852_-73.9872902
40.7627895_-73.9202114
40.7627954_-73.954236
40.7627995_-73.989446
40.7628026_-73.9931565
40.7628063_-73.9656691
40.7628132_-73.9126669
40.762814_-73.9893178
40.7628175_-73.9080111
40.7628239_-73.9202848
40.7628243_-73.9289963
40.7628245_-73.9540532
40.762826_-73.933981
40.762836_-73.938901
40.7628407_-73.9816028
40.7628484_-73.9125324
40.7628513_-73.9894083
40.7628528_-73.9491994
40.7628583_-73.9796972
40.7628613_-73.9203642
40.7628656_-73.9081131
40.7628662_-73.9677091
40.7628731_-73.9446808
40.7628767_-73.9696806
40.762884_-73.9047844
40.7628959_-73.9202264
40.7629115_-73.9491538
40.7629119_-73.9082129
40.7629156_-73.9856481
40.7629258_-73.9893541
40.7629287_-73.9876334
40.7629646_-73.9818975
40.762967_-73.973968
40.7629702_-73.9490982
40.7629704_-73.9699023
40.7629781_-73.9718586
40.7630188_-73.9449597
40.7630237_-73.9995141
40.763023_-73.9781397
40.7630251_-73.9490325
40.763043_-73.956526
40.7630476_-73.993738
40.7630545_-73.9995869
40.7630824_-73.9134473
40.763113_-73.962515
40.7631155_-73.9133147
40.7631222_-73.945155
40.7631352_-73.9211441
40.7631352_-73.9803314
40.76313_-73.939717
40.7631512_-73.9133913
40.7631515_-73.9997912
40.7631519_-73.993986
40.7631648_-73.9210083
40.763165_-73.9056543
40.7631885_-73.9134713
40.7632035_-73.9210893
40.7632202_-73.9133351
40.7632378_-73.9211625
40.763239_-73.9089172
40.7632739_-73.9210318
40.763276_-73.9313521
40.7633546_-73.9828256
40.763366_-73.95924
40.7633783_-73.9964573
40.7624374_-73.9118619
40.762445_-73.9194755
40.7624484_-73.954583
40.7624563_-74.009981
40.7624685_-73.9117421
40.762475_-73.928291
40.7624866_-73.9195644
40.7624871_-73.9543747
40.7624896_-73.9807674
40.7624914_-74.0001913
40.7624946_-73.9073039
40.7624978_-73.9629826
40.7624993_-73.9438785
40.7625189_-73.9436094
40.7625234_-73.9194125
40.7625283_-73.9944373
40.7625376_-73.9380691
40.7625412_-74.0003097
40.7625578_-73.9887089
40.7625609_-74.0102305
40.7625767_-73.9443494
40.7625796_-73.9437763
40.7625904_-73.9443714
40.7625912_-73.9072253
40.7625924_-73.9440984
40.7626076_-73.9544154
40.7626394_-73.9439264
40.7626399_-73.9542213
40.7626445_-74.000524
40.7626622_-73.9060633
40.7626843_-73.9443052
40.7626868_-73.9493123
40.7626973_-73.9832221
40.7626996_-73.9126535
40.7627139_-73.9440984
40.76271_-73.915222
40.7627218_-73.9615702
40.762725_-73.926988
40.7627399_-73.9596951
40.7627442_-73.9125191
40.7627452_-73.9443869
40.7627499_-73.9969249
40.762757_-73.9492668
40.7627589_-73.9203377
40.7627617_-73.9081989
40.7627735_-73.9444869
40.7627746_-73.9442343
40.7627774_-73.9125902
40.7627785_-73.9443171
40.7627852_-73.9872902
40.7627895_-73.9202114
40.7627954_-73.954236
40.7627995_-73.989446
40.7628026_-73.9931565
40.7628063_-73.9656691
40.7628132_-73.9126669
40.762814_-73.9893178
40.7628175_-73.9080111
40.7628239_-73.9202848
40.7628243_-73.9289963
40.7628245_-73.9540532
40.762826_-73.933981
40.762836_-73.938901
40.7628407_-73.9816028
40.7628484_-73.9125324
40.7628513_-73.9894083
40.7628528_-73.9491994
40.7628583_-73.9796972
40.7628613_-73.9203642
40.7628656_-73.9081131
40.7628662_-73.9677091
40.7628731_-73.9446808
40.7628767_-73.9696806
40.762884_-73.9047844
40.7628959_-73.9202264
40.7629115_-73.9491538
40.7629119_-73.9082129
40.7629156_-73.9856481
40.7629258_-73.9893541
40.7629287_-73.9876334
40.7629646_-73.9818975
40.762967_-73.973968
40.7629702_-73.9490982
40.7629704_-73.9699023
40.7629781_-73.9718586
40.7630188_-73.9449597
40.7630237_-73.9995141
40.763023_-73.9781397
40.7630251_-73.9490325
40.763043_-73.956526
40.7630476_-73.993738
40.7630545_-73.9995869
40.7630824_-73.9134473
40.763113_-73.962515
40.7631155_-73.9133147
40.7631222_-73.945155
40.7631352_-73.9211441
40.7631352_-73.9803314
40.76313_-73.939717
40.7631512_-73.9133913
40.7631515_-73.9997912
40.7631519_-73.993986
40.7631648_-73.9210083
40.763165_-73.9056543
40.7631885_-73.9134713
40.7632035_-73.9210893
40.7632202_-73.9133351
40.7632378_-73.9211625
40.763239_-73.9089172
40.7632739_-73.9210318
40.763276_-73.9313521
40.7633546_-73.9828256
40.763366_-73.95924
40.7633783_-73.9964573
("40.7624374_-73.9118619","40.762445_-73.9194755","40.7624484_-73.954583","40.7624563_-74.009981","40.7624685_-73.9117421","40.762475_-73.928291","40.7624866_-73.9195644","40.7624871_-73.9543747","40.7624896_-73.9807674","40.7624914_-74.0001913","40.7624946_-73.9073039","40.7624978_-73.9629826","40.7624993_-73.9438785","40.7625189_-73.9436094","40.7625234_-73.9194125","40.7625283_-73.9944373","40.7625376_-73.9380691","40.7625412_-74.0003097","40.7625578_-73.9887089","40.7625609_-74.0102305","40.7625767_-73.9443494","40.7625796_-73.9437763","40.7625904_-73.9443714","40.7625912_-73.9072253","40.7625924_-73.9440984","40.7626076_-73.9544154","40.7626394_-73.9439264","40.7626399_-73.9542213","40.7626445_-74.000524","40.7626622_-73.9060633","40.7626843_-73.9443052","40.7626868_-73.9493123","40.7626973_-73.9832221","40.7626996_-73.9126535","40.7627139_-73.9440984","40.76271_-73.915222","40.7627218_-73.9615702","40.762725_-73.926988","40.7627399_-73.9596951","40.7627442_-73.9125191","40.7627452_-73.9443869","40.7627499_-73.9969249","40.762757_-73.9492668","40.7627589_-73.9203377","40.7627617_-73.9081989","40.7627735_-73.9444869","40.7627746_-73.9442343","40.7627774_-73.9125902","40.7627785_-73.9443171","40.7627852_-73.9872902","40.7627895_-73.9202114","40.7627954_-73.954236","40.7627995_-73.989446","40.7628026_-73.9931565","40.7628063_-73.9656691","40.7628132_-73.9126669","40.762814_-73.9893178","40.7628175_-73.9080111","40.7628239_-73.9202848","40.7628243_-73.9289963","40.7628245_-73.9540532","40.762826_-73.933981","40.762836_-73.938901","40.7628407_-73.9816028","40.7628484_-73.9125324","40.7628513_-73.9894083","40.7628528_-73.9491994","40.7628583_-73.9796972","40.7628613_-73.9203642","40.7628656_-73.9081131","40.7628662_-73.9677091","40.7628731_-73.9446808","40.7628767_-73.9696806","40.762884_-73.9047844","40.7628959_-73.9202264","40.7629115_-73.9491538","40.7629119_-73.9082129","40.7629156_-73.9856481","40.7629258_-73.9893541","40.7629287_-73.9876334","40.7629646_-73.9818975","40.762967_-73.973968","40.7629702_-73.9490982","40.7629704_-73.9699023","40.7629781_-73.9718586","40.7630188_-73.9449597","40.7630237_-73.9995141","40.763023_-73.9781397","40.7630251_-73.9490325","40.763043_-73.956526","40.7630476_-73.993738","40.7630545_-73.9995869","40.7630824_-73.9134473","40.763113_-73.962515","40.7631155_-73.9133147","40.7631222_-73.945155","40.7631352_-73.9211441","40.7631352_-73.9803314","40.76313_-73.939717","40.7631512_-73.9133913","40.7631515_-73.9997912","40.7631519_-73.993986","40.7631648_-73.9210083","40.763165_-73.9056543","40.7631885_-73.9134713","40.7632035_-73.9210893","40.7632202_-73.9133351","40.7632378_-73.9211625","40.763239_-73.9089172","40.7632739_-73.9210318","40.763276_-73.9313521","40.7633546_-73.9828256","40.763366_-73.95924","40.7633783_-73.9964573")
done
141.88user 817.11system 1:14:49elapsed 21%CPU (0avgtext+0avgdata 96136maxresident)k
308184inputs+163152outputs (71major+48471minor)pagefaults 0swaps
