40.7929596_-73.9769779
40.792967_-73.952073
40.7929833_-73.9480228
40.7929845_-73.9655725
40.792985_-73.9550825
40.7929892_-73.9238905
40.792991_-73.997834
40.792995_-73.9336354
40.792998_-74.013223
40.7930189_-73.9637106
40.7930274_-73.9221914
40.7930439_-73.9180975
40.7930616_-73.9796679
40.7930634_-73.9769596
40.7930755_-73.9221181
40.7930814_-73.955092
40.793093_-73.9332575
40.7930941_-73.9798568
40.7930975_-73.9617011
40.7931015_-73.9334496
40.793118_-74.015272
40.7931219_-73.965897
40.793128_-74.00275
40.7931349_-73.9230552
40.7931369_-73.9659336
40.7931826_-73.940567
40.7932026_-73.93307
40.7932082_-73.9769472
40.7932134_-73.9550799
40.7932202_-73.9332548
40.7932647_-73.9959355
40.7932684_-73.9615803
40.7932778_-73.923038
40.7932836_-73.9662908
40.7932931_-73.9663167
40.7933066_-73.9328807
40.7933183_-73.9726638
40.7933192_-73.9663879
40.793329_-73.976574
40.7933315_-73.9746353
40.7933353_-73.9330553
40.7933614_-73.966503
40.7933634_-73.9727731
40.793363_-73.997621
40.7933783_-73.9708539
40.7933933_-73.9614576
40.7933947_-73.9728492
40.7934409_-73.979332
40.7934414_-73.9328629
40.793461_-73.997577
40.79347_-73.937257
40.7934839_-73.9795048
40.7935046_-73.9432642
40.7935134_-73.9669431
40.7935276_-73.9614705
40.79352_-74.003551
40.793539_-73.9472706
40.7935421_-73.9326752
40.7935423_-73.9670269
40.7935455_-73.918481
40.7935499_-73.9453255
40.7935574_-73.9495434
40.7935602_-73.9516371
40.7935795_-73.9764185
40.7935938_-73.9727056
40.7936085_-73.9495061
40.793608_-73.951602
40.7936128_-73.976929
40.7936141_-73.9577597
40.7936157_-73.922729
40.7936157_-73.9233379
40.793619_-73.9576394
40.7936243_-73.9575186
40.7936257_-73.9578864
40.7936346_-73.9615449
40.7936414_-73.9612849
40.7936428_-73.9574023
40.793646_-73.973435
40.7936506_-73.9475371
40.7936638_-73.9763791
40.7936673_-73.9156057
40.7936728_-73.9610417
40.7936997_-74.0009827
40.7937285_-73.9763625
40.7937293_-73.9582857
40.7937419_-73.9618711
40.793768_-73.934108
40.7937772_-73.9608054
40.793779_-73.9619627
40.793785_-73.9769204
40.7938095_-73.9763412
40.7938103_-73.9990136
40.7938301_-73.9226518
40.7938311_-73.9620704
40.793837_-73.9400924
40.793847_-74.007709
40.7938505_-73.9606184
40.793858_-73.997431
40.7938644_-73.9789119
40.7938661_-73.9791386
40.7938796_-73.9621635
40.7938934_-73.9769115
40.7938998_-73.9763246
40.7939126_-73.9319982
40.7939209_-73.9957288
40.7939267_-73.9992621
40.7939303_-73.9721555
40.7939471_-73.9566747
40.7939515_-73.9993108
40.7939532_-73.9602794
40.7939568_-73.9587332
40.7939616_-73.9741855
40.7939666_-73.9213214
40.7939666_-73.9680375
40.7929596_-73.9769779
40.792967_-73.952073
40.7929833_-73.9480228
40.7929845_-73.9655725
40.792985_-73.9550825
40.7929892_-73.9238905
40.792991_-73.997834
40.792995_-73.9336354
40.792998_-74.013223
40.7930189_-73.9637106
40.7930274_-73.9221914
40.7930439_-73.9180975
40.7930616_-73.9796679
40.7930634_-73.9769596
40.7930755_-73.9221181
40.7930814_-73.955092
40.793093_-73.9332575
40.7930941_-73.9798568
40.7930975_-73.9617011
40.7931015_-73.9334496
40.793118_-74.015272
40.7931219_-73.965897
40.793128_-74.00275
40.7931349_-73.9230552
40.7931369_-73.9659336
40.7931826_-73.940567
40.7932026_-73.93307
40.7932082_-73.9769472
40.7932134_-73.9550799
40.7932202_-73.9332548
40.7932647_-73.9959355
40.7932684_-73.9615803
40.7932778_-73.923038
40.7932836_-73.9662908
40.7932931_-73.9663167
40.7933066_-73.9328807
40.7933183_-73.9726638
40.7933192_-73.9663879
40.793329_-73.976574
40.7933315_-73.9746353
40.7933353_-73.9330553
40.7933614_-73.966503
40.7933634_-73.9727731
40.793363_-73.997621
40.7933783_-73.9708539
40.7933933_-73.9614576
40.7933947_-73.9728492
40.7934409_-73.979332
40.7934414_-73.9328629
40.793461_-73.997577
40.79347_-73.937257
40.7934839_-73.9795048
40.7935046_-73.9432642
40.7935134_-73.9669431
40.7935276_-73.9614705
40.79352_-74.003551
40.793539_-73.9472706
40.7935421_-73.9326752
40.7935423_-73.9670269
40.7935455_-73.918481
40.7935499_-73.9453255
40.7935574_-73.9495434
40.7935602_-73.9516371
40.7935795_-73.9764185
40.7935938_-73.9727056
40.7936085_-73.9495061
40.793608_-73.951602
40.7936128_-73.976929
40.7936141_-73.9577597
40.7936157_-73.922729
40.7936157_-73.9233379
40.793619_-73.9576394
40.7936243_-73.9575186
40.7936257_-73.9578864
40.7936346_-73.9615449
40.7936414_-73.9612849
40.7936428_-73.9574023
40.793646_-73.973435
40.7936506_-73.9475371
40.7936638_-73.9763791
40.7936673_-73.9156057
40.7936728_-73.9610417
40.7936997_-74.0009827
40.7937285_-73.9763625
40.7937293_-73.9582857
40.7937419_-73.9618711
40.793768_-73.934108
40.7937772_-73.9608054
40.793779_-73.9619627
40.793785_-73.9769204
40.7938095_-73.9763412
40.7938103_-73.9990136
40.7938301_-73.9226518
40.7938311_-73.9620704
40.793837_-73.9400924
40.793847_-74.007709
40.7938505_-73.9606184
40.793858_-73.997431
40.7938644_-73.9789119
40.7938661_-73.9791386
40.7938796_-73.9621635
40.7938934_-73.9769115
40.7938998_-73.9763246
40.7939126_-73.9319982
40.7939209_-73.9957288
40.7939267_-73.9992621
40.7939303_-73.9721555
40.7939471_-73.9566747
40.7939515_-73.9993108
40.7939532_-73.9602794
40.7939568_-73.9587332
40.7939616_-73.9741855
40.7939666_-73.9213214
40.7939666_-73.9680375
("40.7929596_-73.9769779","40.792967_-73.952073","40.7929833_-73.9480228","40.7929845_-73.9655725","40.792985_-73.9550825","40.7929892_-73.9238905","40.792991_-73.997834","40.792995_-73.9336354","40.792998_-74.013223","40.7930189_-73.9637106","40.7930274_-73.9221914","40.7930439_-73.9180975","40.7930616_-73.9796679","40.7930634_-73.9769596","40.7930755_-73.9221181","40.7930814_-73.955092","40.793093_-73.9332575","40.7930941_-73.9798568","40.7930975_-73.9617011","40.7931015_-73.9334496","40.793118_-74.015272","40.7931219_-73.965897","40.793128_-74.00275","40.7931349_-73.9230552","40.7931369_-73.9659336","40.7931826_-73.940567","40.7932026_-73.93307","40.7932082_-73.9769472","40.7932134_-73.9550799","40.7932202_-73.9332548","40.7932647_-73.9959355","40.7932684_-73.9615803","40.7932778_-73.923038","40.7932836_-73.9662908","40.7932931_-73.9663167","40.7933066_-73.9328807","40.7933183_-73.9726638","40.7933192_-73.9663879","40.793329_-73.976574","40.7933315_-73.9746353","40.7933353_-73.9330553","40.7933614_-73.966503","40.7933634_-73.9727731","40.793363_-73.997621","40.7933783_-73.9708539","40.7933933_-73.9614576","40.7933947_-73.9728492","40.7934409_-73.979332","40.7934414_-73.9328629","40.793461_-73.997577","40.79347_-73.937257","40.7934839_-73.9795048","40.7935046_-73.9432642","40.7935134_-73.9669431","40.7935276_-73.9614705","40.79352_-74.003551","40.793539_-73.9472706","40.7935421_-73.9326752","40.7935423_-73.9670269","40.7935455_-73.918481","40.7935499_-73.9453255","40.7935574_-73.9495434","40.7935602_-73.9516371","40.7935795_-73.9764185","40.7935938_-73.9727056","40.7936085_-73.9495061","40.793608_-73.951602","40.7936128_-73.976929","40.7936141_-73.9577597","40.7936157_-73.922729","40.7936157_-73.9233379","40.793619_-73.9576394","40.7936243_-73.9575186","40.7936257_-73.9578864","40.7936346_-73.9615449","40.7936414_-73.9612849","40.7936428_-73.9574023","40.793646_-73.973435","40.7936506_-73.9475371","40.7936638_-73.9763791","40.7936673_-73.9156057","40.7936728_-73.9610417","40.7936997_-74.0009827","40.7937285_-73.9763625","40.7937293_-73.9582857","40.7937419_-73.9618711","40.793768_-73.934108","40.7937772_-73.9608054","40.793779_-73.9619627","40.793785_-73.9769204","40.7938095_-73.9763412","40.7938103_-73.9990136","40.7938301_-73.9226518","40.7938311_-73.9620704","40.793837_-73.9400924","40.793847_-74.007709","40.7938505_-73.9606184","40.793858_-73.997431","40.7938644_-73.9789119","40.7938661_-73.9791386","40.7938796_-73.9621635","40.7938934_-73.9769115","40.7938998_-73.9763246","40.7939126_-73.9319982","40.7939209_-73.9957288","40.7939267_-73.9992621","40.7939303_-73.9721555","40.7939471_-73.9566747","40.7939515_-73.9993108","40.7939532_-73.9602794","40.7939568_-73.9587332","40.7939616_-73.9741855","40.7939666_-73.9213214","40.7939666_-73.9680375")
done
128.39user 823.95system 1:15:27elapsed 21%CPU (0avgtext+0avgdata 60908maxresident)k
2509568inputs+24864outputs (17major+31319minor)pagefaults 0swaps
