40.8564998_-73.9093996
40.856503_-73.932761
40.8565295_-73.915452
40.8565433_-73.9328935
40.856555_-73.9729575
40.8566002_-73.9322032
40.8566021_-73.9267394
40.8566042_-73.9320262
40.856606_-73.928411
40.8566083_-73.9297266
40.8566258_-73.9227823
40.8566377_-73.9310057
40.856645_-73.909916
40.8566705_-73.928721
40.8566707_-73.9349014
40.8566935_-73.9666702
40.8566949_-73.9293325
40.8566974_-73.9290337
40.8567119_-73.9348758
40.856716_-73.932631
40.8567453_-73.9348568
40.8567564_-73.9267984
40.8567641_-73.9336189
40.8567798_-73.9348441
40.856783_-73.933681
40.856803_-73.924671
40.8568077_-73.9348385
40.856808_-73.928266
40.8568241_-73.9348377
40.856837_-73.91719
40.8568435_-73.9348399
40.856851_-73.931475
40.856865_-73.9098188
40.8568661_-73.9348519
40.8568867_-73.9348715
40.8568942_-73.928298
40.856903_-73.9348917
40.856909_-73.93694
40.8569144_-73.9306817
40.8569258_-73.934928
40.8569428_-73.9349648
40.8569573_-73.9350044
40.8569736_-73.9350562
40.8569813_-73.9279217
40.856999_-73.983267
40.85699_-73.908967
40.857021_-73.903615
40.8570496_-73.9272061
40.857051_-73.906906
40.8570556_-73.9046754
40.8570563_-73.9382106
40.8570672_-73.9228081
40.857109_-73.935602
40.857111_-73.909313
40.8571129_-73.9303655
40.8571245_-73.9097466
40.8571635_-73.9282354
40.8571682_-73.9273818
40.85722_-73.9307249
40.8572494_-73.9272724
40.8572591_-73.9334312
40.857261_-73.983637
40.857296_-73.91703
40.8573048_-73.9304103
40.8573183_-73.9045153
40.8573303_-73.9364927
40.8573519_-73.936584
40.8573705_-73.9297743
40.857399_-73.90566
40.8574204_-73.9289184
40.8574344_-73.9291845
40.8574378_-73.9096616
40.8574401_-73.9365146
40.8574423_-73.929045
40.8574819_-73.9269325
40.857528_-73.916922
40.857554_-73.9364366
40.857604_-73.90844
40.8576138_-73.9095659
40.8576552_-73.9098545
40.8576594_-73.927456
40.8576849_-73.9363611
40.857699_-73.906511
40.8577058_-73.9042795
40.857719_-73.9660649
40.857841_-73.932043
40.85784_-73.969598
40.857887_-73.915886
40.857888_-73.9272387
40.8579495_-73.9265602
40.857978_-73.930904
40.8580173_-73.9733368
40.8580571_-73.9100543
40.8580898_-73.9329028
40.8580918_-73.9361385
40.858113_-73.932983
40.858124_-73.9253114
40.8581764_-73.9270823
40.8581923_-73.9748471
40.858195_-73.9079
40.8582009_-73.9255442
40.8582378_-73.9381248
40.858251_-73.9720322
40.858271_-73.931818
40.858289_-73.910208
40.8583353_-73.9360099
40.8583435_-73.9038659
40.858344_-73.906115
40.8584048_-73.9228682
40.8584081_-73.9289784
40.8584148_-73.9291161
40.8584309_-73.9286974
40.858469_-73.934589
40.858474_-73.9285588
40.8564998_-73.9093996
40.856503_-73.932761
40.8565295_-73.915452
40.8565433_-73.9328935
40.856555_-73.9729575
40.8566002_-73.9322032
40.8566021_-73.9267394
40.8566042_-73.9320262
40.856606_-73.928411
40.8566083_-73.9297266
40.8566258_-73.9227823
40.8566377_-73.9310057
40.856645_-73.909916
40.8566705_-73.928721
40.8566707_-73.9349014
40.8566935_-73.9666702
40.8566949_-73.9293325
40.8566974_-73.9290337
40.8567119_-73.9348758
40.856716_-73.932631
40.8567453_-73.9348568
40.8567564_-73.9267984
40.8567641_-73.9336189
40.8567798_-73.9348441
40.856783_-73.933681
40.856803_-73.924671
40.8568077_-73.9348385
40.856808_-73.928266
40.8568241_-73.9348377
40.856837_-73.91719
40.8568435_-73.9348399
40.856851_-73.931475
40.856865_-73.9098188
40.8568661_-73.9348519
40.8568867_-73.9348715
40.8568942_-73.928298
40.856903_-73.9348917
40.856909_-73.93694
40.8569144_-73.9306817
40.8569258_-73.934928
40.8569428_-73.9349648
40.8569573_-73.9350044
40.8569736_-73.9350562
40.8569813_-73.9279217
40.856999_-73.983267
40.85699_-73.908967
40.857021_-73.903615
40.8570496_-73.9272061
40.857051_-73.906906
40.8570556_-73.9046754
40.8570563_-73.9382106
40.8570672_-73.9228081
40.857109_-73.935602
40.857111_-73.909313
40.8571129_-73.9303655
40.8571245_-73.9097466
40.8571635_-73.9282354
40.8571682_-73.9273818
40.85722_-73.9307249
40.8572494_-73.9272724
40.8572591_-73.9334312
40.857261_-73.983637
40.857296_-73.91703
40.8573048_-73.9304103
40.8573183_-73.9045153
40.8573303_-73.9364927
40.8573519_-73.936584
40.8573705_-73.9297743
40.857399_-73.90566
40.8574204_-73.9289184
40.8574344_-73.9291845
40.8574378_-73.9096616
40.8574401_-73.9365146
40.8574423_-73.929045
40.8574819_-73.9269325
40.857528_-73.916922
40.857554_-73.9364366
40.857604_-73.90844
40.8576138_-73.9095659
40.8576552_-73.9098545
40.8576594_-73.927456
40.8576849_-73.9363611
40.857699_-73.906511
40.8577058_-73.9042795
40.857719_-73.9660649
40.857841_-73.932043
40.85784_-73.969598
40.857887_-73.915886
40.857888_-73.9272387
40.8579495_-73.9265602
40.857978_-73.930904
40.8580173_-73.9733368
40.8580571_-73.9100543
40.8580898_-73.9329028
40.8580918_-73.9361385
40.858113_-73.932983
40.858124_-73.9253114
40.8581764_-73.9270823
40.8581923_-73.9748471
40.858195_-73.9079
40.8582009_-73.9255442
40.8582378_-73.9381248
40.858251_-73.9720322
40.858271_-73.931818
40.858289_-73.910208
40.8583353_-73.9360099
40.8583435_-73.9038659
40.858344_-73.906115
40.8584048_-73.9228682
40.8584081_-73.9289784
40.8584148_-73.9291161
40.8584309_-73.9286974
40.858469_-73.934589
40.858474_-73.9285588
("40.8564998_-73.9093996","40.856503_-73.932761","40.8565295_-73.915452","40.8565433_-73.9328935","40.856555_-73.9729575","40.8566002_-73.9322032","40.8566021_-73.9267394","40.8566042_-73.9320262","40.856606_-73.928411","40.8566083_-73.9297266","40.8566258_-73.9227823","40.8566377_-73.9310057","40.856645_-73.909916","40.8566705_-73.928721","40.8566707_-73.9349014","40.8566935_-73.9666702","40.8566949_-73.9293325","40.8566974_-73.9290337","40.8567119_-73.9348758","40.856716_-73.932631","40.8567453_-73.9348568","40.8567564_-73.9267984","40.8567641_-73.9336189","40.8567798_-73.9348441","40.856783_-73.933681","40.856803_-73.924671","40.8568077_-73.9348385","40.856808_-73.928266","40.8568241_-73.9348377","40.856837_-73.91719","40.8568435_-73.9348399","40.856851_-73.931475","40.856865_-73.9098188","40.8568661_-73.9348519","40.8568867_-73.9348715","40.8568942_-73.928298","40.856903_-73.9348917","40.856909_-73.93694","40.8569144_-73.9306817","40.8569258_-73.934928","40.8569428_-73.9349648","40.8569573_-73.9350044","40.8569736_-73.9350562","40.8569813_-73.9279217","40.856999_-73.983267","40.85699_-73.908967","40.857021_-73.903615","40.8570496_-73.9272061","40.857051_-73.906906","40.8570556_-73.9046754","40.8570563_-73.9382106","40.8570672_-73.9228081","40.857109_-73.935602","40.857111_-73.909313","40.8571129_-73.9303655","40.8571245_-73.9097466","40.8571635_-73.9282354","40.8571682_-73.9273818","40.85722_-73.9307249","40.8572494_-73.9272724","40.8572591_-73.9334312","40.857261_-73.983637","40.857296_-73.91703","40.8573048_-73.9304103","40.8573183_-73.9045153","40.8573303_-73.9364927","40.8573519_-73.936584","40.8573705_-73.9297743","40.857399_-73.90566","40.8574204_-73.9289184","40.8574344_-73.9291845","40.8574378_-73.9096616","40.8574401_-73.9365146","40.8574423_-73.929045","40.8574819_-73.9269325","40.857528_-73.916922","40.857554_-73.9364366","40.857604_-73.90844","40.8576138_-73.9095659","40.8576552_-73.9098545","40.8576594_-73.927456","40.8576849_-73.9363611","40.857699_-73.906511","40.8577058_-73.9042795","40.857719_-73.9660649","40.857841_-73.932043","40.85784_-73.969598","40.857887_-73.915886","40.857888_-73.9272387","40.8579495_-73.9265602","40.857978_-73.930904","40.8580173_-73.9733368","40.8580571_-73.9100543","40.8580898_-73.9329028","40.8580918_-73.9361385","40.858113_-73.932983","40.858124_-73.9253114","40.8581764_-73.9270823","40.8581923_-73.9748471","40.858195_-73.9079","40.8582009_-73.9255442","40.8582378_-73.9381248","40.858251_-73.9720322","40.858271_-73.931818","40.858289_-73.910208","40.8583353_-73.9360099","40.8583435_-73.9038659","40.858344_-73.906115","40.8584048_-73.9228682","40.8584081_-73.9289784","40.8584148_-73.9291161","40.8584309_-73.9286974","40.858469_-73.934589","40.858474_-73.9285588")
done
127.63user 812.53system 1:15:31elapsed 20%CPU (0avgtext+0avgdata 51820maxresident)k
1093104inputs+48outputs (2major+27211minor)pagefaults 0swaps
