40.7886805_-73.9457875
40.7886831_-73.9563248
40.788684_-73.965043
40.7886868_-74.0009082
40.788686_-73.943859
40.7887016_-73.9378507
40.7887049_-73.9271695
40.788707_-73.95693
40.788716_-74.002498
40.788719_-73.964897
40.78871_-74.009185
40.7887367_-73.9810439
40.7887601_-73.956352
40.788773_-73.956961
40.7887744_-73.9460101
40.78877_-73.964753
40.788794_-73.9551201
40.7887973_-73.9437819
40.788833_-73.956989
40.7888346_-73.9558692
40.7888347_-73.9378041
40.788838_-73.964617
40.7888401_-73.9564014
40.7888624_-73.9810246
40.7888872_-73.9778627
40.788903_-73.964515
40.788904_-74.006157
40.7889158_-74.000331
40.7889202_-73.9564652
40.7889211_-73.9758906
40.788925_-74.016299
40.788936_-73.957055
40.7889397_-73.9405592
40.788953_-74.002311
40.7889626_-73.9565001
40.7889693_-73.980995
40.788983_-73.964416
40.788986_-73.944573
40.7889871_-73.9740595
40.788995_-73.9760614
40.7890027_-73.9465505
40.7890116_-73.9565484
40.7890174_-73.956261
40.7890216_-73.9702241
40.7890236_-73.9571335
40.7890262_-73.9823373
40.7890392_-73.9825175
40.7890518_-73.9809659
40.7890547_-73.9703031
40.7890548_-73.950543
40.7890556_-73.9486045
40.7890711_-73.9566163
40.789073_-73.96433
40.7890993_-73.9572063
40.7891097_-73.9665794
40.7891159_-73.9254464
40.7891226_-73.9809336
40.7891586_-73.9567366
40.789168_-73.952743
40.7891735_-73.9572848
40.789176_-73.964256
40.7891781_-74.013053
40.7891863_-73.9566524
40.789205_-73.954817
40.7892309_-73.9567741
40.789232_-73.95734
40.789244_-74.00343
40.7892555_-73.9266925
40.7892562_-73.9373452
40.7892565_-73.9808596
40.7892646_-73.9432679
40.789266_-73.9374811
40.7892723_-73.9569082
40.789284_-73.9642
40.789292_-73.957373
40.7893163_-73.9433907
40.7893197_-73.9275496
40.7893273_-73.9709548
40.789364_-73.957395
40.7893767_-73.9435343
40.7893791_-73.9433443
40.7893919_-73.9265743
40.7893954_-73.9641661
40.7893975_-73.9435837
40.7894183_-73.9983323
40.7894229_-73.9372653
40.7894246_-73.9433108
40.7894291_-73.9267146
40.7894414_-73.9373971
40.789444_-73.957399
40.7894835_-73.9997944
40.789486_-74.005687
40.7895006_-73.9823029
40.7895057_-73.9574
40.7895058_-73.937499
40.789505_-73.964148
40.789529_-74.01381
40.7895455_-73.97542
40.78955_-73.964146
40.7895628_-73.9773744
40.7895762_-73.9754955
40.7895841_-73.9271183
40.7896131_-73.9736025
40.7896161_-74.0042145
40.7896182_-73.9755987
40.789619_-74.001968
40.7896204_-73.9573896
40.7896284_-73.9400642
40.789635_-74.019444
40.7896375_-73.9460871
40.7896395_-73.9697686
40.7896565_-73.9820111
40.7896744_-73.969851
40.7896758_-73.9980921
40.7886805_-73.9457875
40.7886831_-73.9563248
40.788684_-73.965043
40.7886868_-74.0009082
40.788686_-73.943859
40.7887016_-73.9378507
40.7887049_-73.9271695
40.788707_-73.95693
40.788716_-74.002498
40.788719_-73.964897
40.78871_-74.009185
40.7887367_-73.9810439
40.7887601_-73.956352
40.788773_-73.956961
40.7887744_-73.9460101
40.78877_-73.964753
40.788794_-73.9551201
40.7887973_-73.9437819
40.788833_-73.956989
40.7888346_-73.9558692
40.7888347_-73.9378041
40.788838_-73.964617
40.7888401_-73.9564014
40.7888624_-73.9810246
40.7888872_-73.9778627
40.788903_-73.964515
40.788904_-74.006157
40.7889158_-74.000331
40.7889202_-73.9564652
40.7889211_-73.9758906
40.788925_-74.016299
40.788936_-73.957055
40.7889397_-73.9405592
40.788953_-74.002311
40.7889626_-73.9565001
40.7889693_-73.980995
40.788983_-73.964416
40.788986_-73.944573
40.7889871_-73.9740595
40.788995_-73.9760614
40.7890027_-73.9465505
40.7890116_-73.9565484
40.7890174_-73.956261
40.7890216_-73.9702241
40.7890236_-73.9571335
40.7890262_-73.9823373
40.7890392_-73.9825175
40.7890518_-73.9809659
40.7890547_-73.9703031
40.7890548_-73.950543
40.7890556_-73.9486045
40.7890711_-73.9566163
40.789073_-73.96433
40.7890993_-73.9572063
40.7891097_-73.9665794
40.7891159_-73.9254464
40.7891226_-73.9809336
40.7891586_-73.9567366
40.789168_-73.952743
40.7891735_-73.9572848
40.789176_-73.964256
40.7891781_-74.013053
40.7891863_-73.9566524
40.789205_-73.954817
40.7892309_-73.9567741
40.789232_-73.95734
40.789244_-74.00343
40.7892555_-73.9266925
40.7892562_-73.9373452
40.7892565_-73.9808596
40.7892646_-73.9432679
40.789266_-73.9374811
40.7892723_-73.9569082
40.789284_-73.9642
40.789292_-73.957373
40.7893163_-73.9433907
40.7893197_-73.9275496
40.7893273_-73.9709548
40.789364_-73.957395
40.7893767_-73.9435343
40.7893791_-73.9433443
40.7893919_-73.9265743
40.7893954_-73.9641661
40.7893975_-73.9435837
40.7894183_-73.9983323
40.7894229_-73.9372653
40.7894246_-73.9433108
40.7894291_-73.9267146
40.7894414_-73.9373971
40.789444_-73.957399
40.7894835_-73.9997944
40.789486_-74.005687
40.7895006_-73.9823029
40.7895057_-73.9574
40.7895058_-73.937499
40.789505_-73.964148
40.789529_-74.01381
40.7895455_-73.97542
40.78955_-73.964146
40.7895628_-73.9773744
40.7895762_-73.9754955
40.7895841_-73.9271183
40.7896131_-73.9736025
40.7896161_-74.0042145
40.7896182_-73.9755987
40.789619_-74.001968
40.7896204_-73.9573896
40.7896284_-73.9400642
40.789635_-74.019444
40.7896375_-73.9460871
40.7896395_-73.9697686
40.7896565_-73.9820111
40.7896744_-73.969851
40.7896758_-73.9980921
("40.7886805_-73.9457875","40.7886831_-73.9563248","40.788684_-73.965043","40.7886868_-74.0009082","40.788686_-73.943859","40.7887016_-73.9378507","40.7887049_-73.9271695","40.788707_-73.95693","40.788716_-74.002498","40.788719_-73.964897","40.78871_-74.009185","40.7887367_-73.9810439","40.7887601_-73.956352","40.788773_-73.956961","40.7887744_-73.9460101","40.78877_-73.964753","40.788794_-73.9551201","40.7887973_-73.9437819","40.788833_-73.956989","40.7888346_-73.9558692","40.7888347_-73.9378041","40.788838_-73.964617","40.7888401_-73.9564014","40.7888624_-73.9810246","40.7888872_-73.9778627","40.788903_-73.964515","40.788904_-74.006157","40.7889158_-74.000331","40.7889202_-73.9564652","40.7889211_-73.9758906","40.788925_-74.016299","40.788936_-73.957055","40.7889397_-73.9405592","40.788953_-74.002311","40.7889626_-73.9565001","40.7889693_-73.980995","40.788983_-73.964416","40.788986_-73.944573","40.7889871_-73.9740595","40.788995_-73.9760614","40.7890027_-73.9465505","40.7890116_-73.9565484","40.7890174_-73.956261","40.7890216_-73.9702241","40.7890236_-73.9571335","40.7890262_-73.9823373","40.7890392_-73.9825175","40.7890518_-73.9809659","40.7890547_-73.9703031","40.7890548_-73.950543","40.7890556_-73.9486045","40.7890711_-73.9566163","40.789073_-73.96433","40.7890993_-73.9572063","40.7891097_-73.9665794","40.7891159_-73.9254464","40.7891226_-73.9809336","40.7891586_-73.9567366","40.789168_-73.952743","40.7891735_-73.9572848","40.789176_-73.964256","40.7891781_-74.013053","40.7891863_-73.9566524","40.789205_-73.954817","40.7892309_-73.9567741","40.789232_-73.95734","40.789244_-74.00343","40.7892555_-73.9266925","40.7892562_-73.9373452","40.7892565_-73.9808596","40.7892646_-73.9432679","40.789266_-73.9374811","40.7892723_-73.9569082","40.789284_-73.9642","40.789292_-73.957373","40.7893163_-73.9433907","40.7893197_-73.9275496","40.7893273_-73.9709548","40.789364_-73.957395","40.7893767_-73.9435343","40.7893791_-73.9433443","40.7893919_-73.9265743","40.7893954_-73.9641661","40.7893975_-73.9435837","40.7894183_-73.9983323","40.7894229_-73.9372653","40.7894246_-73.9433108","40.7894291_-73.9267146","40.7894414_-73.9373971","40.789444_-73.957399","40.7894835_-73.9997944","40.789486_-74.005687","40.7895006_-73.9823029","40.7895057_-73.9574","40.7895058_-73.937499","40.789505_-73.964148","40.789529_-74.01381","40.7895455_-73.97542","40.78955_-73.964146","40.7895628_-73.9773744","40.7895762_-73.9754955","40.7895841_-73.9271183","40.7896131_-73.9736025","40.7896161_-74.0042145","40.7896182_-73.9755987","40.789619_-74.001968","40.7896204_-73.9573896","40.7896284_-73.9400642","40.789635_-74.019444","40.7896375_-73.9460871","40.7896395_-73.9697686","40.7896565_-73.9820111","40.7896744_-73.969851","40.7896758_-73.9980921")
done
126.61user 819.68system 1:11:43elapsed 21%CPU (0avgtext+0avgdata 64584maxresident)k
678952inputs+37056outputs (19major+33901minor)pagefaults 0swaps
