40.7472806_-73.954777
40.7472865_-73.9758419
40.747295_-73.91212
40.747296_-73.974044
40.7473029_-73.9707308
40.7473139_-73.9413735
40.747321_-73.92451
40.7473287_-73.9525662
40.7473287_-73.9563873
40.7473317_-73.9687509
40.747331_-73.915013
40.7473335_-73.9550472
40.7473424_-73.9476117
40.7473491_-73.9760081
40.74735_-73.938292
40.7473604_-73.9415706
40.7473675_-73.976107
40.7473707_-73.9761106
40.7473763_-73.9120977
40.7473843_-73.9564095
40.747395_-73.909554
40.747399_-73.917848
40.7474104_-73.941432
40.7474144_-73.9762145
40.7474275_-73.9438992
40.7474279_-73.9550146
40.747429_-73.903581
40.747438_-73.915941
40.7474408_-73.9254692
40.7474423_-73.9688174
40.7474459_-73.96864
40.7474668_-73.9564422
40.7474766_-73.9708093
40.7474796_-73.9415736
40.747485_-73.927323
40.7474928_-73.9412039
40.7475038_-74.0077312
40.747506_-73.9688368
40.7475085_-73.9414904
40.747509_-73.9688024
40.7475116_-73.9688631
40.7475166_-73.9687679
40.7475224_-73.9688878
40.7475312_-73.9410977
40.747535_-73.988305
40.7475404_-73.9707624
40.7475469_-73.9687271
40.747551_-73.926353
40.7475605_-73.9727362
40.7475665_-73.9562769
40.747573_-73.9524876
40.7475886_-73.9268503
40.7475902_-73.9412634
40.7475957_-73.970901
40.7476002_-73.9707209
40.7476083_-73.9564973
40.747612_-73.9709417
40.747628_-73.976735
40.7476301_-73.9683115
40.7476364_-73.94329
40.7476421_-73.9707476
40.747642_-73.9450579
40.7476556_-73.9410814
40.747662_-73.904462
40.7476746_-73.9684519
40.747684_-73.978788
40.747688_-73.9254192
40.7476936_-73.9413286
40.747693_-73.91589
40.7476985_-73.9569662
40.74769_-74.004168
40.7477162_-73.9807612
40.7477308_-74.0003135
40.747738_-73.9712377
40.7477566_-74.0076956
40.747757_-73.929676
40.747764_-73.909919
40.7477659_-73.940758
40.747765_-73.982957
40.747773_-73.985046
40.7477804_-74.000438
40.7477927_-73.9548887
40.7477967_-73.9809529
40.7477993_-73.9498458
40.7477999_-73.9685292
40.7478218_-73.9966452
40.7478219_-73.9705724
40.7478323_-73.954886
40.747854_-73.916806
40.747855_-73.99291
40.7478577_-73.969522
40.7478607_-73.9549033
40.74786_-73.9031592
40.74786_-73.914906
40.747882_-73.975422
40.7478848_-73.9549292
40.747893_-73.905349
40.7478947_-73.9712747
40.7478958_-73.9891568
40.7478972_-73.9684852
40.747914_-73.903366
40.7479155_-74.0076331
40.7479204_-73.973591
40.7479284_-74.004724
40.7479362_-73.9550057
40.7479456_-73.9682358
40.747947_-73.915839
40.7479481_-73.9424347
40.7479548_-73.968473
40.747966_-73.9704055
40.747988_-73.91193
40.7479943_-74.0075911
40.7480011_-73.9705037
40.7480164_-73.9684702
40.7472806_-73.954777
40.7472865_-73.9758419
40.747295_-73.91212
40.747296_-73.974044
40.7473029_-73.9707308
40.7473139_-73.9413735
40.747321_-73.92451
40.7473287_-73.9525662
40.7473287_-73.9563873
40.7473317_-73.9687509
40.747331_-73.915013
40.7473335_-73.9550472
40.7473424_-73.9476117
40.7473491_-73.9760081
40.74735_-73.938292
40.7473604_-73.9415706
40.7473675_-73.976107
40.7473707_-73.9761106
40.7473763_-73.9120977
40.7473843_-73.9564095
40.747395_-73.909554
40.747399_-73.917848
40.7474104_-73.941432
40.7474144_-73.9762145
40.7474275_-73.9438992
40.7474279_-73.9550146
40.747429_-73.903581
40.747438_-73.915941
40.7474408_-73.9254692
40.7474423_-73.9688174
40.7474459_-73.96864
40.7474668_-73.9564422
40.7474766_-73.9708093
40.7474796_-73.9415736
40.747485_-73.927323
40.7474928_-73.9412039
40.7475038_-74.0077312
40.747506_-73.9688368
40.7475085_-73.9414904
40.747509_-73.9688024
40.7475116_-73.9688631
40.7475166_-73.9687679
40.7475224_-73.9688878
40.7475312_-73.9410977
40.747535_-73.988305
40.7475404_-73.9707624
40.7475469_-73.9687271
40.747551_-73.926353
40.7475605_-73.9727362
40.7475665_-73.9562769
40.747573_-73.9524876
40.7475886_-73.9268503
40.7475902_-73.9412634
40.7475957_-73.970901
40.7476002_-73.9707209
40.7476083_-73.9564973
40.747612_-73.9709417
40.747628_-73.976735
40.7476301_-73.9683115
40.7476364_-73.94329
40.7476421_-73.9707476
40.747642_-73.9450579
40.7476556_-73.9410814
40.747662_-73.904462
40.7476746_-73.9684519
40.747684_-73.978788
40.747688_-73.9254192
40.7476936_-73.9413286
40.747693_-73.91589
40.7476985_-73.9569662
40.74769_-74.004168
40.7477162_-73.9807612
40.7477308_-74.0003135
40.747738_-73.9712377
40.7477566_-74.0076956
40.747757_-73.929676
40.747764_-73.909919
40.7477659_-73.940758
40.747765_-73.982957
40.747773_-73.985046
40.7477804_-74.000438
40.7477927_-73.9548887
40.7477967_-73.9809529
40.7477993_-73.9498458
40.7477999_-73.9685292
40.7478218_-73.9966452
40.7478219_-73.9705724
40.7478323_-73.954886
40.747854_-73.916806
40.747855_-73.99291
40.7478577_-73.969522
40.7478607_-73.9549033
40.74786_-73.9031592
40.74786_-73.914906
40.747882_-73.975422
40.7478848_-73.9549292
40.747893_-73.905349
40.7478947_-73.9712747
40.7478958_-73.9891568
40.7478972_-73.9684852
40.747914_-73.903366
40.7479155_-74.0076331
40.7479204_-73.973591
40.7479284_-74.004724
40.7479362_-73.9550057
40.7479456_-73.9682358
40.747947_-73.915839
40.7479481_-73.9424347
40.7479548_-73.968473
40.747966_-73.9704055
40.747988_-73.91193
40.7479943_-74.0075911
40.7480011_-73.9705037
40.7480164_-73.9684702
("40.7472806_-73.954777","40.7472865_-73.9758419","40.747295_-73.91212","40.747296_-73.974044","40.7473029_-73.9707308","40.7473139_-73.9413735","40.747321_-73.92451","40.7473287_-73.9525662","40.7473287_-73.9563873","40.7473317_-73.9687509","40.747331_-73.915013","40.7473335_-73.9550472","40.7473424_-73.9476117","40.7473491_-73.9760081","40.74735_-73.938292","40.7473604_-73.9415706","40.7473675_-73.976107","40.7473707_-73.9761106","40.7473763_-73.9120977","40.7473843_-73.9564095","40.747395_-73.909554","40.747399_-73.917848","40.7474104_-73.941432","40.7474144_-73.9762145","40.7474275_-73.9438992","40.7474279_-73.9550146","40.747429_-73.903581","40.747438_-73.915941","40.7474408_-73.9254692","40.7474423_-73.9688174","40.7474459_-73.96864","40.7474668_-73.9564422","40.7474766_-73.9708093","40.7474796_-73.9415736","40.747485_-73.927323","40.7474928_-73.9412039","40.7475038_-74.0077312","40.747506_-73.9688368","40.7475085_-73.9414904","40.747509_-73.9688024","40.7475116_-73.9688631","40.7475166_-73.9687679","40.7475224_-73.9688878","40.7475312_-73.9410977","40.747535_-73.988305","40.7475404_-73.9707624","40.7475469_-73.9687271","40.747551_-73.926353","40.7475605_-73.9727362","40.7475665_-73.9562769","40.747573_-73.9524876","40.7475886_-73.9268503","40.7475902_-73.9412634","40.7475957_-73.970901","40.7476002_-73.9707209","40.7476083_-73.9564973","40.747612_-73.9709417","40.747628_-73.976735","40.7476301_-73.9683115","40.7476364_-73.94329","40.7476421_-73.9707476","40.747642_-73.9450579","40.7476556_-73.9410814","40.747662_-73.904462","40.7476746_-73.9684519","40.747684_-73.978788","40.747688_-73.9254192","40.7476936_-73.9413286","40.747693_-73.91589","40.7476985_-73.9569662","40.74769_-74.004168","40.7477162_-73.9807612","40.7477308_-74.0003135","40.747738_-73.9712377","40.7477566_-74.0076956","40.747757_-73.929676","40.747764_-73.909919","40.7477659_-73.940758","40.747765_-73.982957","40.747773_-73.985046","40.7477804_-74.000438","40.7477927_-73.9548887","40.7477967_-73.9809529","40.7477993_-73.9498458","40.7477999_-73.9685292","40.7478218_-73.9966452","40.7478219_-73.9705724","40.7478323_-73.954886","40.747854_-73.916806","40.747855_-73.99291","40.7478577_-73.969522","40.7478607_-73.9549033","40.74786_-73.9031592","40.74786_-73.914906","40.747882_-73.975422","40.7478848_-73.9549292","40.747893_-73.905349","40.7478947_-73.9712747","40.7478958_-73.9891568","40.7478972_-73.9684852","40.747914_-73.903366","40.7479155_-74.0076331","40.7479204_-73.973591","40.7479284_-74.004724","40.7479362_-73.9550057","40.7479456_-73.9682358","40.747947_-73.915839","40.7479481_-73.9424347","40.7479548_-73.968473","40.747966_-73.9704055","40.747988_-73.91193","40.7479943_-74.0075911","40.7480011_-73.9705037","40.7480164_-73.9684702")
done
142.12user 812.90system 1:14:55elapsed 21%CPU (0avgtext+0avgdata 72532maxresident)k
437248inputs+70280outputs (33major+38081minor)pagefaults 0swaps
