40.7124607_-73.9923595
40.7124631_-73.9538967
40.7124658_-73.9185458
40.7124675_-73.9922712
40.7124717_-73.9837767
40.7124753_-73.9216178
40.7124788_-74.0048506
40.712489_-73.938466
40.7124937_-73.9989959
40.7124987_-73.9988587
40.712515_-73.9543675
40.712524_-73.93832
40.712526_-73.962552
40.7125287_-74.0076723
40.712537_-73.94235
40.7125396_-74.00475
40.712578_-73.929175
40.712595_-73.967731
40.712599_-73.998888
40.7126101_-73.9677746
40.712612_-73.949131
40.7126273_-74.0075884
40.7126305_-73.9678334
40.7126318_-74.0046331
40.712646_-73.905962
40.7126579_-73.9650207
40.7126587_-73.9899729
40.712666_-73.941041
40.7126887_-73.9181402
40.712693_-73.92573
40.712702_-73.952319
40.712703_-73.9778718
40.7127138_-73.9605614
40.712723_-73.99799
40.712725_-74.009668
40.7127416_-73.9180222
40.712754_-73.934534
40.7127556_-73.9551431
40.712756_-73.95681
40.71277_-73.947482
40.7127807_-73.9179071
40.712782_-73.915339
40.712782_-73.937248
40.712783_-73.9884926
40.7127925_-74.0117705
40.712797_-73.958665
40.712799_-73.997117
40.712817_-73.903769
40.7128334_-73.9177514
40.7128357_-74.004436
40.7128398_-73.9222082
40.712861_-73.965781
40.7128626_-73.9047809
40.712864_-73.912253
40.712864_-73.940128
40.712866_-73.955065
40.7128671_-73.9048995
40.712877_-73.905376
40.7128974_-73.9959394
40.7128_-73.968322
40.712903_-73.906078
40.7129121_-73.9869543
40.712927_-73.945834
40.712928_-73.930651
40.7129295_-73.995555
40.712948_-73.906922
40.7129509_-73.9545134
40.7129526_-74.0042514
40.7129549_-73.9952508
40.712965_-73.927605
40.7129722_-74.0117885
40.713013_-73.908011
40.713021_-73.994459
40.7130447_-74.0072254
40.7130528_-73.994075
40.713058_-73.908786
40.71306_-73.908903
40.7130715_-73.985056
40.713079_-73.964071
40.713087_-73.944148
40.713091_-73.993614
40.7130959_-73.9935495
40.7131084_-73.9514517
40.7131095_-73.9926567
40.713117_-73.909715
40.713123_-73.953498
40.713132_-73.9923666
40.713135_-74.004059
40.713136_-73.9269476
40.713142_-73.924185
40.7131518_-74.0125342
40.713153_-73.910223
40.713166_-73.937383
40.7131741_-73.9926692
40.7131752_-73.9773969
40.7131786_-73.9538697
40.7131821_-73.9983013
40.7131824_-73.9925777
40.7131878_-73.9925199
40.7131919_-73.9924604
40.713191_-73.938784
40.7131921_-73.9981346
40.7131973_-73.9923728
40.7131986_-73.9838848
40.713223_-73.938649
40.713237_-73.929478
40.71323_-73.910735
40.7132405_-73.9926779
40.713244_-73.942466
40.7132562_-73.9198905
40.713256_-74.009254
40.71325_-73.977586
40.7132604_-73.9982183
40.713266_-73.9923869
40.7124607_-73.9923595
40.7124631_-73.9538967
40.7124658_-73.9185458
40.7124675_-73.9922712
40.7124717_-73.9837767
40.7124753_-73.9216178
40.7124788_-74.0048506
40.712489_-73.938466
40.7124937_-73.9989959
40.7124987_-73.9988587
40.712515_-73.9543675
40.712524_-73.93832
40.712526_-73.962552
40.7125287_-74.0076723
40.712537_-73.94235
40.7125396_-74.00475
40.712578_-73.929175
40.712595_-73.967731
40.712599_-73.998888
40.7126101_-73.9677746
40.712612_-73.949131
40.7126273_-74.0075884
40.7126305_-73.9678334
40.7126318_-74.0046331
40.712646_-73.905962
40.7126579_-73.9650207
40.7126587_-73.9899729
40.712666_-73.941041
40.7126887_-73.9181402
40.712693_-73.92573
40.712702_-73.952319
40.712703_-73.9778718
40.7127138_-73.9605614
40.712723_-73.99799
40.712725_-74.009668
40.7127416_-73.9180222
40.712754_-73.934534
40.7127556_-73.9551431
40.712756_-73.95681
40.71277_-73.947482
40.7127807_-73.9179071
40.712782_-73.915339
40.712782_-73.937248
40.712783_-73.9884926
40.7127925_-74.0117705
40.712797_-73.958665
40.712799_-73.997117
40.712817_-73.903769
40.7128334_-73.9177514
40.7128357_-74.004436
40.7128398_-73.9222082
40.712861_-73.965781
40.7128626_-73.9047809
40.712864_-73.912253
40.712864_-73.940128
40.712866_-73.955065
40.7128671_-73.9048995
40.712877_-73.905376
40.7128974_-73.9959394
40.7128_-73.968322
40.712903_-73.906078
40.7129121_-73.9869543
40.712927_-73.945834
40.712928_-73.930651
40.7129295_-73.995555
40.712948_-73.906922
40.7129509_-73.9545134
40.7129526_-74.0042514
40.7129549_-73.9952508
40.712965_-73.927605
40.7129722_-74.0117885
40.713013_-73.908011
40.713021_-73.994459
40.7130447_-74.0072254
40.7130528_-73.994075
40.713058_-73.908786
40.71306_-73.908903
40.7130715_-73.985056
40.713079_-73.964071
40.713087_-73.944148
40.713091_-73.993614
40.7130959_-73.9935495
40.7131084_-73.9514517
40.7131095_-73.9926567
40.713117_-73.909715
40.713123_-73.953498
40.713132_-73.9923666
40.713135_-74.004059
40.713136_-73.9269476
40.713142_-73.924185
40.7131518_-74.0125342
40.713153_-73.910223
40.713166_-73.937383
40.7131741_-73.9926692
40.7131752_-73.9773969
40.7131786_-73.9538697
40.7131821_-73.9983013
40.7131824_-73.9925777
40.7131878_-73.9925199
40.7131919_-73.9924604
40.713191_-73.938784
40.7131921_-73.9981346
40.7131973_-73.9923728
40.7131986_-73.9838848
40.713223_-73.938649
40.713237_-73.929478
40.71323_-73.910735
40.7132405_-73.9926779
40.713244_-73.942466
40.7132562_-73.9198905
40.713256_-74.009254
40.71325_-73.977586
40.7132604_-73.9982183
40.713266_-73.9923869
("40.7124607_-73.9923595","40.7124631_-73.9538967","40.7124658_-73.9185458","40.7124675_-73.9922712","40.7124717_-73.9837767","40.7124753_-73.9216178","40.7124788_-74.0048506","40.712489_-73.938466","40.7124937_-73.9989959","40.7124987_-73.9988587","40.712515_-73.9543675","40.712524_-73.93832","40.712526_-73.962552","40.7125287_-74.0076723","40.712537_-73.94235","40.7125396_-74.00475","40.712578_-73.929175","40.712595_-73.967731","40.712599_-73.998888","40.7126101_-73.9677746","40.712612_-73.949131","40.7126273_-74.0075884","40.7126305_-73.9678334","40.7126318_-74.0046331","40.712646_-73.905962","40.7126579_-73.9650207","40.7126587_-73.9899729","40.712666_-73.941041","40.7126887_-73.9181402","40.712693_-73.92573","40.712702_-73.952319","40.712703_-73.9778718","40.7127138_-73.9605614","40.712723_-73.99799","40.712725_-74.009668","40.7127416_-73.9180222","40.712754_-73.934534","40.7127556_-73.9551431","40.712756_-73.95681","40.71277_-73.947482","40.7127807_-73.9179071","40.712782_-73.915339","40.712782_-73.937248","40.712783_-73.9884926","40.7127925_-74.0117705","40.712797_-73.958665","40.712799_-73.997117","40.712817_-73.903769","40.7128334_-73.9177514","40.7128357_-74.004436","40.7128398_-73.9222082","40.712861_-73.965781","40.7128626_-73.9047809","40.712864_-73.912253","40.712864_-73.940128","40.712866_-73.955065","40.7128671_-73.9048995","40.712877_-73.905376","40.7128974_-73.9959394","40.7128_-73.968322","40.712903_-73.906078","40.7129121_-73.9869543","40.712927_-73.945834","40.712928_-73.930651","40.7129295_-73.995555","40.712948_-73.906922","40.7129509_-73.9545134","40.7129526_-74.0042514","40.7129549_-73.9952508","40.712965_-73.927605","40.7129722_-74.0117885","40.713013_-73.908011","40.713021_-73.994459","40.7130447_-74.0072254","40.7130528_-73.994075","40.713058_-73.908786","40.71306_-73.908903","40.7130715_-73.985056","40.713079_-73.964071","40.713087_-73.944148","40.713091_-73.993614","40.7130959_-73.9935495","40.7131084_-73.9514517","40.7131095_-73.9926567","40.713117_-73.909715","40.713123_-73.953498","40.713132_-73.9923666","40.713135_-74.004059","40.713136_-73.9269476","40.713142_-73.924185","40.7131518_-74.0125342","40.713153_-73.910223","40.713166_-73.937383","40.7131741_-73.9926692","40.7131752_-73.9773969","40.7131786_-73.9538697","40.7131821_-73.9983013","40.7131824_-73.9925777","40.7131878_-73.9925199","40.7131919_-73.9924604","40.713191_-73.938784","40.7131921_-73.9981346","40.7131973_-73.9923728","40.7131986_-73.9838848","40.713223_-73.938649","40.713237_-73.929478","40.71323_-73.910735","40.7132405_-73.9926779","40.713244_-73.942466","40.7132562_-73.9198905","40.713256_-74.009254","40.71325_-73.977586","40.7132604_-73.9982183","40.713266_-73.9923869")
done
142.81user 807.09system 1:14:17elapsed 21%CPU (0avgtext+0avgdata 57800maxresident)k
451920inputs+11232outputs (10major+29701minor)pagefaults 0swaps
