40.8148302_-73.9366057
40.8148632_-73.9287942
40.8148964_-73.9289216
40.8149194_-73.9125871
40.814924_-73.9075274
40.814937_-73.914954
40.814981_-73.961491
40.815021_-73.94902
40.8150263_-73.9343437
40.8150351_-73.9564745
40.815051_-73.924259
40.8150602_-73.927422
40.8150666_-73.9130445
40.8150744_-73.9306048
40.815074_-73.919467
40.815075_-73.90347
40.81507_-73.952974
40.8150906_-73.9311627
40.8151098_-73.9549865
40.8151104_-73.9084017
40.815112_-73.992268
40.815115_-73.929772
40.8151249_-73.9643362
40.815127_-73.989564
40.815146_-73.961398
40.8151495_-73.9254639
40.815156_-73.957829
40.815157_-73.910978
40.815157_-73.917737
40.8151825_-73.9588379
40.815207_-73.947489
40.815238_-73.922159
40.815239_-73.911331
40.8152402_-73.964024
40.8152435_-73.9613573
40.8152466_-73.9873092
40.8152715_-73.9436452
40.815277_-73.9357896
40.8152789_-73.9044228
40.815324_-73.948855
40.815326_-73.935756
40.815329_-74.011192
40.81532_-73.930598
40.8153312_-73.943788
40.8153644_-73.9876016
40.8153725_-73.9613186
40.8153746_-73.9398384
40.815375_-73.91826
40.8154373_-73.9399886
40.815439_-73.924
40.815444_-73.914669
40.815445_-74.001323
40.8154723_-73.9053265
40.815477_-73.992768
40.8154846_-73.9612885
40.815486_-73.91226
40.8154904_-73.9213487
40.8154979_-73.9462417
40.8155038_-73.963839
40.8155075_-73.9487652
40.8155153_-73.9559497
40.815518_-73.999018
40.8155192_-73.9640654
40.815523_-73.918618
40.815526_-73.959719
40.8155516_-73.9569141
40.8155795_-73.9215796
40.8155806_-73.9568295
40.8156393_-73.9247752
40.815647_-73.948697
40.8156499_-73.9344467
40.8156528_-73.9562763
40.815655_-74.00366
40.815657_-73.9582483
40.8156612_-73.939825
40.8156629_-73.9341807
40.815667_-73.9062358
40.8156734_-73.9545749
40.8156856_-73.9612366
40.815688_-73.985008
40.815689_-73.949766
40.815692_-73.948677
40.8156982_-73.9396028
40.815699_-73.916771
40.8157011_-73.9582901
40.8157174_-73.9250775
40.815728_-73.962433
40.8157311_-73.9545328
40.8157829_-73.9565853
40.8157931_-73.9612152
40.815799_-73.949715
40.8158075_-73.9583909
40.8158334_-73.9255266
40.81583_-73.947034
40.815846_-73.952868
40.81584_-73.9635871
40.815853_-73.962359
40.815855_-73.993467
40.815865_-73.91986
40.8158702_-73.9071853
40.8158795_-73.9257048
40.815882_-73.960561
40.815883_-73.916457
40.8158927_-73.9612014
40.815902_-73.9179
40.815927_-74.0148201
40.81592_-73.949688
40.8159321_-73.961201
40.815936_-73.90991
40.8159424_-73.9101334
40.8159502_-73.9431458
40.8159552_-73.9342665
40.815965_-73.962272
40.8159664_-73.9091237
40.8148302_-73.9366057
40.8148632_-73.9287942
40.8148964_-73.9289216
40.8149194_-73.9125871
40.814924_-73.9075274
40.814937_-73.914954
40.814981_-73.961491
40.815021_-73.94902
40.8150263_-73.9343437
40.8150351_-73.9564745
40.815051_-73.924259
40.8150602_-73.927422
40.8150666_-73.9130445
40.8150744_-73.9306048
40.815074_-73.919467
40.815075_-73.90347
40.81507_-73.952974
40.8150906_-73.9311627
40.8151098_-73.9549865
40.8151104_-73.9084017
40.815112_-73.992268
40.815115_-73.929772
40.8151249_-73.9643362
40.815127_-73.989564
40.815146_-73.961398
40.8151495_-73.9254639
40.815156_-73.957829
40.815157_-73.910978
40.815157_-73.917737
40.8151825_-73.9588379
40.815207_-73.947489
40.815238_-73.922159
40.815239_-73.911331
40.8152402_-73.964024
40.8152435_-73.9613573
40.8152466_-73.9873092
40.8152715_-73.9436452
40.815277_-73.9357896
40.8152789_-73.9044228
40.815324_-73.948855
40.815326_-73.935756
40.815329_-74.011192
40.81532_-73.930598
40.8153312_-73.943788
40.8153644_-73.9876016
40.8153725_-73.9613186
40.8153746_-73.9398384
40.815375_-73.91826
40.8154373_-73.9399886
40.815439_-73.924
40.815444_-73.914669
40.815445_-74.001323
40.8154723_-73.9053265
40.815477_-73.992768
40.8154846_-73.9612885
40.815486_-73.91226
40.8154904_-73.9213487
40.8154979_-73.9462417
40.8155038_-73.963839
40.8155075_-73.9487652
40.8155153_-73.9559497
40.815518_-73.999018
40.8155192_-73.9640654
40.815523_-73.918618
40.815526_-73.959719
40.8155516_-73.9569141
40.8155795_-73.9215796
40.8155806_-73.9568295
40.8156393_-73.9247752
40.815647_-73.948697
40.8156499_-73.9344467
40.8156528_-73.9562763
40.815655_-74.00366
40.815657_-73.9582483
40.8156612_-73.939825
40.8156629_-73.9341807
40.815667_-73.9062358
40.8156734_-73.9545749
40.8156856_-73.9612366
40.815688_-73.985008
40.815689_-73.949766
40.815692_-73.948677
40.8156982_-73.9396028
40.815699_-73.916771
40.8157011_-73.9582901
40.8157174_-73.9250775
40.815728_-73.962433
40.8157311_-73.9545328
40.8157829_-73.9565853
40.8157931_-73.9612152
40.815799_-73.949715
40.8158075_-73.9583909
40.8158334_-73.9255266
40.81583_-73.947034
40.815846_-73.952868
40.81584_-73.9635871
40.815853_-73.962359
40.815855_-73.993467
40.815865_-73.91986
40.8158702_-73.9071853
40.8158795_-73.9257048
40.815882_-73.960561
40.815883_-73.916457
40.8158927_-73.9612014
40.815902_-73.9179
40.815927_-74.0148201
40.81592_-73.949688
40.8159321_-73.961201
40.815936_-73.90991
40.8159424_-73.9101334
40.8159502_-73.9431458
40.8159552_-73.9342665
40.815965_-73.962272
40.8159664_-73.9091237
("40.8148302_-73.9366057","40.8148632_-73.9287942","40.8148964_-73.9289216","40.8149194_-73.9125871","40.814924_-73.9075274","40.814937_-73.914954","40.814981_-73.961491","40.815021_-73.94902","40.8150263_-73.9343437","40.8150351_-73.9564745","40.815051_-73.924259","40.8150602_-73.927422","40.8150666_-73.9130445","40.8150744_-73.9306048","40.815074_-73.919467","40.815075_-73.90347","40.81507_-73.952974","40.8150906_-73.9311627","40.8151098_-73.9549865","40.8151104_-73.9084017","40.815112_-73.992268","40.815115_-73.929772","40.8151249_-73.9643362","40.815127_-73.989564","40.815146_-73.961398","40.8151495_-73.9254639","40.815156_-73.957829","40.815157_-73.910978","40.815157_-73.917737","40.8151825_-73.9588379","40.815207_-73.947489","40.815238_-73.922159","40.815239_-73.911331","40.8152402_-73.964024","40.8152435_-73.9613573","40.8152466_-73.9873092","40.8152715_-73.9436452","40.815277_-73.9357896","40.8152789_-73.9044228","40.815324_-73.948855","40.815326_-73.935756","40.815329_-74.011192","40.81532_-73.930598","40.8153312_-73.943788","40.8153644_-73.9876016","40.8153725_-73.9613186","40.8153746_-73.9398384","40.815375_-73.91826","40.8154373_-73.9399886","40.815439_-73.924","40.815444_-73.914669","40.815445_-74.001323","40.8154723_-73.9053265","40.815477_-73.992768","40.8154846_-73.9612885","40.815486_-73.91226","40.8154904_-73.9213487","40.8154979_-73.9462417","40.8155038_-73.963839","40.8155075_-73.9487652","40.8155153_-73.9559497","40.815518_-73.999018","40.8155192_-73.9640654","40.815523_-73.918618","40.815526_-73.959719","40.8155516_-73.9569141","40.8155795_-73.9215796","40.8155806_-73.9568295","40.8156393_-73.9247752","40.815647_-73.948697","40.8156499_-73.9344467","40.8156528_-73.9562763","40.815655_-74.00366","40.815657_-73.9582483","40.8156612_-73.939825","40.8156629_-73.9341807","40.815667_-73.9062358","40.8156734_-73.9545749","40.8156856_-73.9612366","40.815688_-73.985008","40.815689_-73.949766","40.815692_-73.948677","40.8156982_-73.9396028","40.815699_-73.916771","40.8157011_-73.9582901","40.8157174_-73.9250775","40.815728_-73.962433","40.8157311_-73.9545328","40.8157829_-73.9565853","40.8157931_-73.9612152","40.815799_-73.949715","40.8158075_-73.9583909","40.8158334_-73.9255266","40.81583_-73.947034","40.815846_-73.952868","40.81584_-73.9635871","40.815853_-73.962359","40.815855_-73.993467","40.815865_-73.91986","40.8158702_-73.9071853","40.8158795_-73.9257048","40.815882_-73.960561","40.815883_-73.916457","40.8158927_-73.9612014","40.815902_-73.9179","40.815927_-74.0148201","40.81592_-73.949688","40.8159321_-73.961201","40.815936_-73.90991","40.8159424_-73.9101334","40.8159502_-73.9431458","40.8159552_-73.9342665","40.815965_-73.962272","40.8159664_-73.9091237")
done
126.45user 809.30system 1:15:22elapsed 20%CPU (0avgtext+0avgdata 55736maxresident)k
1602664inputs+2648outputs (4major+28454minor)pagefaults 0swaps
