40.711775_-73.992183
40.711775_-73.999933
40.711778_-73.910413
40.7117816_-74.0070482
40.7117948_-73.9997023
40.711801_-73.942228
40.711803_-74.0069584
40.7118103_-73.9995134
40.7118107_-74.0042085
40.7118132_-73.978321
40.711815_-73.937981
40.7118206_-74.0043603
40.7118255_-73.9543087
40.7118275_-74.006031
40.7118354_-73.9658906
40.711835_-73.907984
40.711838_-73.917489
40.711843_-73.905589
40.7118468_-74.0044557
40.7118704_-74.0045265
40.7118738_-73.998741
40.711879_-73.998678
40.7118809_-74.0080166
40.7118833_-73.9986353
40.711885_-73.9996199
40.711887_-73.928877
40.7118956_-74.0045924
40.7118959_-73.9194086
40.7119041_-74.0062091
40.711904_-73.949014
40.711905_-73.962942
40.7119123_-74.0059113
40.7119147_-74.005077
40.7119245_-74.0057879
40.711924_-73.968032
40.7119388_-73.9671943
40.7119417_-74.0060642
40.711951_-74.0056162
40.7119524_-74.0051334
40.7119607_-73.9978719
40.711962_-73.940688
40.7119642_-73.9987028
40.711969_-73.961029
40.711971_-73.99777
40.7119799_-73.9976978
40.7119833_-73.9898609
40.711987_-74.0052169
40.7119886_-74.0062516
40.7119912_-74.0054172
40.7119945_-73.9671403
40.7119945_-74.0047746
40.7119986_-74.00811
40.711_-73.980556
40.712001_-74.0053059
40.7120036_-73.9192594
40.712014_-73.925421
40.7120271_-74.0060878
40.7120402_-73.9527294
40.71204_-73.910863
40.712057_-73.966143
40.712061_-73.947366
40.7120635_-73.9977967
40.712064_-74.010153
40.7120651_-74.0048961
40.712072_-73.996947
40.7120777_-74.0119898
40.712087_-73.9779076
40.712108_-73.9670879
40.7121187_-74.005025
40.7121238_-73.978021
40.712123_-73.934257
40.712125_-74.0056907
40.7121293_-73.9669112
40.7121421_-74.0051088
40.7121537_-74.0051878
40.7121608_-74.0055078
40.7121655_-74.0052921
40.712166_-73.959064
40.712168_-74.0054171
40.7121913_-73.9540723
40.7121992_-73.995817
40.7122112_-73.9807172
40.712214_-73.911162
40.712218_-73.945717
40.712239_-73.957136
40.7122656_-73.9800008
40.712266_-73.955476
40.7122771_-74.0052547
40.712281_-73.908745
40.712293_-73.930404
40.7122988_-73.9932852
40.71229_-73.927304
40.712308_-73.994361
40.7123183_-73.9777208
40.7123226_-73.9791258
40.7123349_-73.979
40.7123447_-73.9939056
40.7123471_-73.9778387
40.7123554_-73.9937733
40.7123728_-73.9849539
40.712378_-73.944032
40.7123869_-73.9933836
40.7123882_-73.9515008
40.71238_-73.909809
40.7124006_-73.9513324
40.7124073_-73.9931307
40.7124128_-73.9780234
40.712425_-73.923859
40.7124347_-74.0049167
40.7124485_-73.9777809
40.712453_-73.992566
40.7124565_-73.9924721
40.7124586_-73.9924156
40.712459_-73.964462
40.711775_-73.992183
40.711775_-73.999933
40.711778_-73.910413
40.7117816_-74.0070482
40.7117948_-73.9997023
40.711801_-73.942228
40.711803_-74.0069584
40.7118103_-73.9995134
40.7118107_-74.0042085
40.7118132_-73.978321
40.711815_-73.937981
40.7118206_-74.0043603
40.7118255_-73.9543087
40.7118275_-74.006031
40.7118354_-73.9658906
40.711835_-73.907984
40.711838_-73.917489
40.711843_-73.905589
40.7118468_-74.0044557
40.7118704_-74.0045265
40.7118738_-73.998741
40.711879_-73.998678
40.7118809_-74.0080166
40.7118833_-73.9986353
40.711885_-73.9996199
40.711887_-73.928877
40.7118956_-74.0045924
40.7118959_-73.9194086
40.7119041_-74.0062091
40.711904_-73.949014
40.711905_-73.962942
40.7119123_-74.0059113
40.7119147_-74.005077
40.7119245_-74.0057879
40.711924_-73.968032
40.7119388_-73.9671943
40.7119417_-74.0060642
40.711951_-74.0056162
40.7119524_-74.0051334
40.7119607_-73.9978719
40.711962_-73.940688
40.7119642_-73.9987028
40.711969_-73.961029
40.711971_-73.99777
40.7119799_-73.9976978
40.7119833_-73.9898609
40.711987_-74.0052169
40.7119886_-74.0062516
40.7119912_-74.0054172
40.7119945_-73.9671403
40.7119945_-74.0047746
40.7119986_-74.00811
40.711_-73.980556
40.712001_-74.0053059
40.7120036_-73.9192594
40.712014_-73.925421
40.7120271_-74.0060878
40.7120402_-73.9527294
40.71204_-73.910863
40.712057_-73.966143
40.712061_-73.947366
40.7120635_-73.9977967
40.712064_-74.010153
40.7120651_-74.0048961
40.712072_-73.996947
40.7120777_-74.0119898
40.712087_-73.9779076
40.712108_-73.9670879
40.7121187_-74.005025
40.7121238_-73.978021
40.712123_-73.934257
40.712125_-74.0056907
40.7121293_-73.9669112
40.7121421_-74.0051088
40.7121537_-74.0051878
40.7121608_-74.0055078
40.7121655_-74.0052921
40.712166_-73.959064
40.712168_-74.0054171
40.7121913_-73.9540723
40.7121992_-73.995817
40.7122112_-73.9807172
40.712214_-73.911162
40.712218_-73.945717
40.712239_-73.957136
40.7122656_-73.9800008
40.712266_-73.955476
40.7122771_-74.0052547
40.712281_-73.908745
40.712293_-73.930404
40.7122988_-73.9932852
40.71229_-73.927304
40.712308_-73.994361
40.7123183_-73.9777208
40.7123226_-73.9791258
40.7123349_-73.979
40.7123447_-73.9939056
40.7123471_-73.9778387
40.7123554_-73.9937733
40.7123728_-73.9849539
40.712378_-73.944032
40.7123869_-73.9933836
40.7123882_-73.9515008
40.71238_-73.909809
40.7124006_-73.9513324
40.7124073_-73.9931307
40.7124128_-73.9780234
40.712425_-73.923859
40.7124347_-74.0049167
40.7124485_-73.9777809
40.712453_-73.992566
40.7124565_-73.9924721
40.7124586_-73.9924156
40.712459_-73.964462
("40.711775_-73.992183","40.711775_-73.999933","40.711778_-73.910413","40.7117816_-74.0070482","40.7117948_-73.9997023","40.711801_-73.942228","40.711803_-74.0069584","40.7118103_-73.9995134","40.7118107_-74.0042085","40.7118132_-73.978321","40.711815_-73.937981","40.7118206_-74.0043603","40.7118255_-73.9543087","40.7118275_-74.006031","40.7118354_-73.9658906","40.711835_-73.907984","40.711838_-73.917489","40.711843_-73.905589","40.7118468_-74.0044557","40.7118704_-74.0045265","40.7118738_-73.998741","40.711879_-73.998678","40.7118809_-74.0080166","40.7118833_-73.9986353","40.711885_-73.9996199","40.711887_-73.928877","40.7118956_-74.0045924","40.7118959_-73.9194086","40.7119041_-74.0062091","40.711904_-73.949014","40.711905_-73.962942","40.7119123_-74.0059113","40.7119147_-74.005077","40.7119245_-74.0057879","40.711924_-73.968032","40.7119388_-73.9671943","40.7119417_-74.0060642","40.711951_-74.0056162","40.7119524_-74.0051334","40.7119607_-73.9978719","40.711962_-73.940688","40.7119642_-73.9987028","40.711969_-73.961029","40.711971_-73.99777","40.7119799_-73.9976978","40.7119833_-73.9898609","40.711987_-74.0052169","40.7119886_-74.0062516","40.7119912_-74.0054172","40.7119945_-73.9671403","40.7119945_-74.0047746","40.7119986_-74.00811","40.711_-73.980556","40.712001_-74.0053059","40.7120036_-73.9192594","40.712014_-73.925421","40.7120271_-74.0060878","40.7120402_-73.9527294","40.71204_-73.910863","40.712057_-73.966143","40.712061_-73.947366","40.7120635_-73.9977967","40.712064_-74.010153","40.7120651_-74.0048961","40.712072_-73.996947","40.7120777_-74.0119898","40.712087_-73.9779076","40.712108_-73.9670879","40.7121187_-74.005025","40.7121238_-73.978021","40.712123_-73.934257","40.712125_-74.0056907","40.7121293_-73.9669112","40.7121421_-74.0051088","40.7121537_-74.0051878","40.7121608_-74.0055078","40.7121655_-74.0052921","40.712166_-73.959064","40.712168_-74.0054171","40.7121913_-73.9540723","40.7121992_-73.995817","40.7122112_-73.9807172","40.712214_-73.911162","40.712218_-73.945717","40.712239_-73.957136","40.7122656_-73.9800008","40.712266_-73.955476","40.7122771_-74.0052547","40.712281_-73.908745","40.712293_-73.930404","40.7122988_-73.9932852","40.71229_-73.927304","40.712308_-73.994361","40.7123183_-73.9777208","40.7123226_-73.9791258","40.7123349_-73.979","40.7123447_-73.9939056","40.7123471_-73.9778387","40.7123554_-73.9937733","40.7123728_-73.9849539","40.712378_-73.944032","40.7123869_-73.9933836","40.7123882_-73.9515008","40.71238_-73.909809","40.7124006_-73.9513324","40.7124073_-73.9931307","40.7124128_-73.9780234","40.712425_-73.923859","40.7124347_-74.0049167","40.7124485_-73.9777809","40.712453_-73.992566","40.7124565_-73.9924721","40.7124586_-73.9924156","40.712459_-73.964462")
done
143.05user 806.45system 1:14:27elapsed 21%CPU (0avgtext+0avgdata 56040maxresident)k
417144inputs+5512outputs (7major+28980minor)pagefaults 0swaps
