40.8087475_-73.9596325
40.808755_-73.9287729
40.808762_-73.9260788
40.808765_-73.9299932
40.8087671_-73.9648045
40.8087947_-73.9361363
40.8087984_-74.0006287
40.80879_-73.916184
40.8088028_-73.9107123
40.808802_-73.955884
40.8088366_-73.9540011
40.808841_-73.9346734
40.8088422_-73.9658465
40.8088433_-73.9300641
40.8088458_-73.9685107
40.8088678_-73.9521352
40.8088861_-73.9348156
40.808891_-73.906709
40.808903_-73.938338
40.8089054_-73.9581811
40.8089151_-73.9657909
40.808916_-73.9364244
40.808924_-73.918431
40.8089289_-73.96461
40.8089422_-73.9482544
40.8089489_-73.9302655
40.8089512_-73.9835241
40.8089533_-73.9404148
40.8089639_-73.9844613
40.80899_-73.924739
40.8090045_-73.9484021
40.809036_-73.944454
40.809041_-74.003618
40.809046_-73.928556
40.809054_-73.91485
40.809066_-73.988393
40.80906_-73.907537
40.8091051_-73.9446164
40.809106_-73.922886
40.8091121_-73.9586786
40.809118_-73.915023
40.809132_-73.991299
40.8091608_-73.9270247
40.809177_-73.990591
40.8092273_-73.929436
40.809237_-73.953005
40.8092382_-73.9348244
40.8092397_-73.968055
40.8092497_-73.9863163
40.809266_-73.90853
40.8092853_-73.9852852
40.8093031_-73.9295424
40.809314_-73.930713
40.809323_-73.9630937
40.8093313_-73.9592062
40.809336_-73.997667
40.809346_-73.913513
40.809351_-73.9124822
40.8093764_-73.9256295
40.8093973_-73.9296621
40.809404_-73.957245
40.8094072_-73.9350046
40.8094179_-73.9356814
40.809429_-73.95543
40.8094549_-73.9594918
40.809457_-73.9094473
40.8094589_-73.9912507
40.8094627_-73.953542
40.8094796_-73.9291242
40.8094818_-73.9590963
40.809482_-73.995966
40.8094917_-74.0012304
40.8094996_-73.9516742
40.8095149_-73.9877475
40.8095153_-73.9030132
40.809525_-73.937881
40.8095297_-73.9571761
40.809531_-74.0063232
40.8095418_-73.9359688
40.8095489_-74.0072998
40.809564_-73.929219
40.809571_-74.017052
40.809575_-73.918049
40.8095811_-73.9064598
40.809582_-73.939949
40.8095842_-73.9296654
40.8096008_-73.9571448
40.8096077_-73.9477576
40.8096373_-73.9571338
40.809642_-73.9293495
40.8096432_-73.9281252
40.8096475_-73.9103664
40.8096556_-73.9133146
40.8096586_-73.9440006
40.8096735_-73.9479141
40.809674_-73.9571227
40.809688_-73.914487
40.809697_-73.915633
40.8097194_-73.957115
40.8097255_-73.9350647
40.8097268_-73.9441642
40.8097291_-73.9030489
40.8097341_-73.9290093
40.8097456_-73.9571124
40.8097854_-73.9865668
40.80978_-73.9224
40.8098142_-73.9603274
40.809814_-73.990669
40.8098176_-73.9582593
40.8098226_-73.953278
40.809823_-73.9571131
40.8098407_-73.9286331
40.8098526_-73.9858952
40.8098584_-73.9876911
40.8087475_-73.9596325
40.808755_-73.9287729
40.808762_-73.9260788
40.808765_-73.9299932
40.8087671_-73.9648045
40.8087947_-73.9361363
40.8087984_-74.0006287
40.80879_-73.916184
40.8088028_-73.9107123
40.808802_-73.955884
40.8088366_-73.9540011
40.808841_-73.9346734
40.8088422_-73.9658465
40.8088433_-73.9300641
40.8088458_-73.9685107
40.8088678_-73.9521352
40.8088861_-73.9348156
40.808891_-73.906709
40.808903_-73.938338
40.8089054_-73.9581811
40.8089151_-73.9657909
40.808916_-73.9364244
40.808924_-73.918431
40.8089289_-73.96461
40.8089422_-73.9482544
40.8089489_-73.9302655
40.8089512_-73.9835241
40.8089533_-73.9404148
40.8089639_-73.9844613
40.80899_-73.924739
40.8090045_-73.9484021
40.809036_-73.944454
40.809041_-74.003618
40.809046_-73.928556
40.809054_-73.91485
40.809066_-73.988393
40.80906_-73.907537
40.8091051_-73.9446164
40.809106_-73.922886
40.8091121_-73.9586786
40.809118_-73.915023
40.809132_-73.991299
40.8091608_-73.9270247
40.809177_-73.990591
40.8092273_-73.929436
40.809237_-73.953005
40.8092382_-73.9348244
40.8092397_-73.968055
40.8092497_-73.9863163
40.809266_-73.90853
40.8092853_-73.9852852
40.8093031_-73.9295424
40.809314_-73.930713
40.809323_-73.9630937
40.8093313_-73.9592062
40.809336_-73.997667
40.809346_-73.913513
40.809351_-73.9124822
40.8093764_-73.9256295
40.8093973_-73.9296621
40.809404_-73.957245
40.8094072_-73.9350046
40.8094179_-73.9356814
40.809429_-73.95543
40.8094549_-73.9594918
40.809457_-73.9094473
40.8094589_-73.9912507
40.8094627_-73.953542
40.8094796_-73.9291242
40.8094818_-73.9590963
40.809482_-73.995966
40.8094917_-74.0012304
40.8094996_-73.9516742
40.8095149_-73.9877475
40.8095153_-73.9030132
40.809525_-73.937881
40.8095297_-73.9571761
40.809531_-74.0063232
40.8095418_-73.9359688
40.8095489_-74.0072998
40.809564_-73.929219
40.809571_-74.017052
40.809575_-73.918049
40.8095811_-73.9064598
40.809582_-73.939949
40.8095842_-73.9296654
40.8096008_-73.9571448
40.8096077_-73.9477576
40.8096373_-73.9571338
40.809642_-73.9293495
40.8096432_-73.9281252
40.8096475_-73.9103664
40.8096556_-73.9133146
40.8096586_-73.9440006
40.8096735_-73.9479141
40.809674_-73.9571227
40.809688_-73.914487
40.809697_-73.915633
40.8097194_-73.957115
40.8097255_-73.9350647
40.8097268_-73.9441642
40.8097291_-73.9030489
40.8097341_-73.9290093
40.8097456_-73.9571124
40.8097854_-73.9865668
40.80978_-73.9224
40.8098142_-73.9603274
40.809814_-73.990669
40.8098176_-73.9582593
40.8098226_-73.953278
40.809823_-73.9571131
40.8098407_-73.9286331
40.8098526_-73.9858952
40.8098584_-73.9876911
("40.8087475_-73.9596325","40.808755_-73.9287729","40.808762_-73.9260788","40.808765_-73.9299932","40.8087671_-73.9648045","40.8087947_-73.9361363","40.8087984_-74.0006287","40.80879_-73.916184","40.8088028_-73.9107123","40.808802_-73.955884","40.8088366_-73.9540011","40.808841_-73.9346734","40.8088422_-73.9658465","40.8088433_-73.9300641","40.8088458_-73.9685107","40.8088678_-73.9521352","40.8088861_-73.9348156","40.808891_-73.906709","40.808903_-73.938338","40.8089054_-73.9581811","40.8089151_-73.9657909","40.808916_-73.9364244","40.808924_-73.918431","40.8089289_-73.96461","40.8089422_-73.9482544","40.8089489_-73.9302655","40.8089512_-73.9835241","40.8089533_-73.9404148","40.8089639_-73.9844613","40.80899_-73.924739","40.8090045_-73.9484021","40.809036_-73.944454","40.809041_-74.003618","40.809046_-73.928556","40.809054_-73.91485","40.809066_-73.988393","40.80906_-73.907537","40.8091051_-73.9446164","40.809106_-73.922886","40.8091121_-73.9586786","40.809118_-73.915023","40.809132_-73.991299","40.8091608_-73.9270247","40.809177_-73.990591","40.8092273_-73.929436","40.809237_-73.953005","40.8092382_-73.9348244","40.8092397_-73.968055","40.8092497_-73.9863163","40.809266_-73.90853","40.8092853_-73.9852852","40.8093031_-73.9295424","40.809314_-73.930713","40.809323_-73.9630937","40.8093313_-73.9592062","40.809336_-73.997667","40.809346_-73.913513","40.809351_-73.9124822","40.8093764_-73.9256295","40.8093973_-73.9296621","40.809404_-73.957245","40.8094072_-73.9350046","40.8094179_-73.9356814","40.809429_-73.95543","40.8094549_-73.9594918","40.809457_-73.9094473","40.8094589_-73.9912507","40.8094627_-73.953542","40.8094796_-73.9291242","40.8094818_-73.9590963","40.809482_-73.995966","40.8094917_-74.0012304","40.8094996_-73.9516742","40.8095149_-73.9877475","40.8095153_-73.9030132","40.809525_-73.937881","40.8095297_-73.9571761","40.809531_-74.0063232","40.8095418_-73.9359688","40.8095489_-74.0072998","40.809564_-73.929219","40.809571_-74.017052","40.809575_-73.918049","40.8095811_-73.9064598","40.809582_-73.939949","40.8095842_-73.9296654","40.8096008_-73.9571448","40.8096077_-73.9477576","40.8096373_-73.9571338","40.809642_-73.9293495","40.8096432_-73.9281252","40.8096475_-73.9103664","40.8096556_-73.9133146","40.8096586_-73.9440006","40.8096735_-73.9479141","40.809674_-73.9571227","40.809688_-73.914487","40.809697_-73.915633","40.8097194_-73.957115","40.8097255_-73.9350647","40.8097268_-73.9441642","40.8097291_-73.9030489","40.8097341_-73.9290093","40.8097456_-73.9571124","40.8097854_-73.9865668","40.80978_-73.9224","40.8098142_-73.9603274","40.809814_-73.990669","40.8098176_-73.9582593","40.8098226_-73.953278","40.809823_-73.9571131","40.8098407_-73.9286331","40.8098526_-73.9858952","40.8098584_-73.9876911")
done
126.17user 811.85system 1:14:06elapsed 21%CPU (0avgtext+0avgdata 55980maxresident)k
528256inputs+6968outputs (5major+29113minor)pagefaults 0swaps
