40.8272309_-73.9353136
40.827251_-73.938692
40.8272539_-73.934981
40.82725_-73.917533
40.827266_-74.017186
40.827277_-73.904909
40.8272953_-73.9242225
40.8273073_-73.9351945
40.827325_-73.924326
40.8273287_-73.9240133
40.8273441_-73.9427817
40.8273461_-73.9249529
40.827355_-74.018934
40.8273666_-73.935339
40.8273684_-73.9250291
40.8273857_-73.92398
40.827427_-73.912176
40.8274285_-73.9349167
40.8274346_-73.9352059
40.8274847_-73.9533473
40.8274895_-73.9248678
40.827504_-73.991186
40.8275119_-73.9249417
40.827529_-73.9307443
40.827534_-73.91638
40.827547_-73.918468
40.827547_-73.973145
40.827556_-73.91476
40.8275701_-73.9358977
40.827574_-73.9353252
40.827592_-73.98678
40.8276017_-73.9351625
40.8276159_-73.9357324
40.8276355_-73.9247804
40.8276382_-73.9349342
40.8276566_-73.9260188
40.827657_-73.93969
40.8276581_-73.9248527
40.8276596_-73.9357729
40.8276673_-73.9220706
40.8276691_-73.9838819
40.827678_-73.951321
40.827679_-73.912097
40.8277014_-73.9352622
40.8277058_-73.9494552
40.8277303_-73.9495134
40.827734_-73.940871
40.827744_-73.9350819
40.827763_-73.915288
40.8277683_-73.9457415
40.827778_-73.980919
40.827783_-73.907228
40.8277858_-73.9496453
40.827809_-73.917222
40.827812_-73.925927
40.8278206_-73.9439151
40.827823_-73.941997
40.827825_-73.919336
40.8278482_-73.9116358
40.8278508_-73.9351559
40.827863_-73.9438814
40.827877_-73.938237
40.827879_-74.001268
40.8278804_-73.9349446
40.827898_-73.915656
40.8279154_-73.9268969
40.8279278_-73.9269361
40.8279321_-73.9351667
40.8279497_-73.9269763
40.8279537_-73.9348259
40.82796_-74.003236
40.8279727_-73.9119935
40.827974_-73.9258366
40.8279941_-73.9120549
40.8279957_-73.93472
40.8279984_-73.9349729
40.8280239_-73.927073
40.828023_-73.906069
40.8280367_-73.9348468
40.828036_-73.9266557
40.8280379_-73.942508
40.8280397_-73.9345631
40.8280466_-73.9346587
40.828053_-73.9121097
40.8280563_-73.934982
40.8280647_-73.9346818
40.828067_-73.916088
40.8281009_-73.9271669
40.8281207_-73.9346871
40.828128_-73.911897
40.8281478_-73.935024
40.8281577_-73.9330874
40.8281649_-73.9270244
40.828176_-73.906295
40.8281813_-73.9349406
40.8281856_-73.9327044
40.828194_-73.903852
40.8281965_-73.9272778
40.8281_-73.920201
40.8282163_-73.9350987
40.828225_-73.908604
40.8282462_-73.9266698
40.8282594_-73.9391597
40.8282617_-73.9234654
40.8282617_-73.9351294
40.8282791_-73.9314317
40.8282836_-73.9128869
40.8282853_-73.9351997
40.82828_-73.907031
40.8282938_-73.9273855
40.8282939_-73.9271745
40.828296_-73.939248
40.828296_-73.950858
40.828296_-73.980615
40.8272309_-73.9353136
40.827251_-73.938692
40.8272539_-73.934981
40.82725_-73.917533
40.827266_-74.017186
40.827277_-73.904909
40.8272953_-73.9242225
40.8273073_-73.9351945
40.827325_-73.924326
40.8273287_-73.9240133
40.8273441_-73.9427817
40.8273461_-73.9249529
40.827355_-74.018934
40.8273666_-73.935339
40.8273684_-73.9250291
40.8273857_-73.92398
40.827427_-73.912176
40.8274285_-73.9349167
40.8274346_-73.9352059
40.8274847_-73.9533473
40.8274895_-73.9248678
40.827504_-73.991186
40.8275119_-73.9249417
40.827529_-73.9307443
40.827534_-73.91638
40.827547_-73.918468
40.827547_-73.973145
40.827556_-73.91476
40.8275701_-73.9358977
40.827574_-73.9353252
40.827592_-73.98678
40.8276017_-73.9351625
40.8276159_-73.9357324
40.8276355_-73.9247804
40.8276382_-73.9349342
40.8276566_-73.9260188
40.827657_-73.93969
40.8276581_-73.9248527
40.8276596_-73.9357729
40.8276673_-73.9220706
40.8276691_-73.9838819
40.827678_-73.951321
40.827679_-73.912097
40.8277014_-73.9352622
40.8277058_-73.9494552
40.8277303_-73.9495134
40.827734_-73.940871
40.827744_-73.9350819
40.827763_-73.915288
40.8277683_-73.9457415
40.827778_-73.980919
40.827783_-73.907228
40.8277858_-73.9496453
40.827809_-73.917222
40.827812_-73.925927
40.8278206_-73.9439151
40.827823_-73.941997
40.827825_-73.919336
40.8278482_-73.9116358
40.8278508_-73.9351559
40.827863_-73.9438814
40.827877_-73.938237
40.827879_-74.001268
40.8278804_-73.9349446
40.827898_-73.915656
40.8279154_-73.9268969
40.8279278_-73.9269361
40.8279321_-73.9351667
40.8279497_-73.9269763
40.8279537_-73.9348259
40.82796_-74.003236
40.8279727_-73.9119935
40.827974_-73.9258366
40.8279941_-73.9120549
40.8279957_-73.93472
40.8279984_-73.9349729
40.8280239_-73.927073
40.828023_-73.906069
40.8280367_-73.9348468
40.828036_-73.9266557
40.8280379_-73.942508
40.8280397_-73.9345631
40.8280466_-73.9346587
40.828053_-73.9121097
40.8280563_-73.934982
40.8280647_-73.9346818
40.828067_-73.916088
40.8281009_-73.9271669
40.8281207_-73.9346871
40.828128_-73.911897
40.8281478_-73.935024
40.8281577_-73.9330874
40.8281649_-73.9270244
40.828176_-73.906295
40.8281813_-73.9349406
40.8281856_-73.9327044
40.828194_-73.903852
40.8281965_-73.9272778
40.8281_-73.920201
40.8282163_-73.9350987
40.828225_-73.908604
40.8282462_-73.9266698
40.8282594_-73.9391597
40.8282617_-73.9234654
40.8282617_-73.9351294
40.8282791_-73.9314317
40.8282836_-73.9128869
40.8282853_-73.9351997
40.82828_-73.907031
40.8282938_-73.9273855
40.8282939_-73.9271745
40.828296_-73.939248
40.828296_-73.950858
40.828296_-73.980615
("40.8272309_-73.9353136","40.827251_-73.938692","40.8272539_-73.934981","40.82725_-73.917533","40.827266_-74.017186","40.827277_-73.904909","40.8272953_-73.9242225","40.8273073_-73.9351945","40.827325_-73.924326","40.8273287_-73.9240133","40.8273441_-73.9427817","40.8273461_-73.9249529","40.827355_-74.018934","40.8273666_-73.935339","40.8273684_-73.9250291","40.8273857_-73.92398","40.827427_-73.912176","40.8274285_-73.9349167","40.8274346_-73.9352059","40.8274847_-73.9533473","40.8274895_-73.9248678","40.827504_-73.991186","40.8275119_-73.9249417","40.827529_-73.9307443","40.827534_-73.91638","40.827547_-73.918468","40.827547_-73.973145","40.827556_-73.91476","40.8275701_-73.9358977","40.827574_-73.9353252","40.827592_-73.98678","40.8276017_-73.9351625","40.8276159_-73.9357324","40.8276355_-73.9247804","40.8276382_-73.9349342","40.8276566_-73.9260188","40.827657_-73.93969","40.8276581_-73.9248527","40.8276596_-73.9357729","40.8276673_-73.9220706","40.8276691_-73.9838819","40.827678_-73.951321","40.827679_-73.912097","40.8277014_-73.9352622","40.8277058_-73.9494552","40.8277303_-73.9495134","40.827734_-73.940871","40.827744_-73.9350819","40.827763_-73.915288","40.8277683_-73.9457415","40.827778_-73.980919","40.827783_-73.907228","40.8277858_-73.9496453","40.827809_-73.917222","40.827812_-73.925927","40.8278206_-73.9439151","40.827823_-73.941997","40.827825_-73.919336","40.8278482_-73.9116358","40.8278508_-73.9351559","40.827863_-73.9438814","40.827877_-73.938237","40.827879_-74.001268","40.8278804_-73.9349446","40.827898_-73.915656","40.8279154_-73.9268969","40.8279278_-73.9269361","40.8279321_-73.9351667","40.8279497_-73.9269763","40.8279537_-73.9348259","40.82796_-74.003236","40.8279727_-73.9119935","40.827974_-73.9258366","40.8279941_-73.9120549","40.8279957_-73.93472","40.8279984_-73.9349729","40.8280239_-73.927073","40.828023_-73.906069","40.8280367_-73.9348468","40.828036_-73.9266557","40.8280379_-73.942508","40.8280397_-73.9345631","40.8280466_-73.9346587","40.828053_-73.9121097","40.8280563_-73.934982","40.8280647_-73.9346818","40.828067_-73.916088","40.8281009_-73.9271669","40.8281207_-73.9346871","40.828128_-73.911897","40.8281478_-73.935024","40.8281577_-73.9330874","40.8281649_-73.9270244","40.828176_-73.906295","40.8281813_-73.9349406","40.8281856_-73.9327044","40.828194_-73.903852","40.8281965_-73.9272778","40.8281_-73.920201","40.8282163_-73.9350987","40.828225_-73.908604","40.8282462_-73.9266698","40.8282594_-73.9391597","40.8282617_-73.9234654","40.8282617_-73.9351294","40.8282791_-73.9314317","40.8282836_-73.9128869","40.8282853_-73.9351997","40.82828_-73.907031","40.8282938_-73.9273855","40.8282939_-73.9271745","40.828296_-73.939248","40.828296_-73.950858","40.828296_-73.980615")
done
124.84user 819.21system 1:15:31elapsed 20%CPU (0avgtext+0avgdata 51916maxresident)k
1771112inputs+48outputs (3major+28326minor)pagefaults 0swaps
