40.830681_-73.924261
40.8307192_-73.9361052
40.8307374_-73.9399948
40.830737_-73.91049
40.830745_-73.974852
40.830752_-73.97882
40.83076_-73.9319244
40.8307788_-74.011915
40.8307804_-73.9497952
40.8307838_-73.9411149
40.83078_-73.994051
40.8308093_-74.0119137
40.8308103_-73.9321012
40.8308181_-73.949513
40.8308205_-73.9471786
40.830833_-73.939959
40.830838_-73.931505
40.8308392_-73.947223
40.830839_-73.916591
40.8308586_-73.9202858
40.8308831_-73.9193855
40.8308857_-73.9497503
40.8308881_-73.9434627
40.830891_-73.941368
40.8309006_-73.9473687
40.8309205_-73.9204635
40.830932_-73.939911
40.8309333_-73.9493938
40.830936_-73.912395
40.8309432_-73.982604
40.830962_-73.949462
40.8309758_-73.9206225
40.830988_-73.911384
40.830997_-73.928108
40.8309985_-73.9251887
40.8310085_-73.935893
40.8310438_-73.9267981
40.831059_-73.90584
40.8310864_-73.950962
40.83113_-73.917446
40.8311873_-73.9496338
40.831188_-73.913279
40.8311901_-73.9266557
40.8311984_-73.9318815
40.831274_-73.939587
40.831293_-73.929032
40.831332_-73.94037
40.8313372_-73.9216609
40.8313484_-73.9350733
40.8313554_-73.950678
40.8313601_-73.9226763
40.831373_-74.008168
40.831385_-73.906838
40.8313944_-73.9508067
40.8314105_-73.9495828
40.831422_-73.918307
40.8314264_-73.9264312
40.8314449_-73.946722
40.8314607_-73.9467598
40.831468_-73.940368
40.8315246_-73.9469124
40.8315635_-73.9429693
40.831576_-74.004205
40.831596_-73.973365
40.83159_-73.940347
40.8316081_-73.9411272
40.8316181_-73.949558
40.8316344_-73.9225151
40.831636_-73.9189401
40.831641_-73.930109
40.831653_-73.9318064
40.831695_-73.949256
40.8317067_-73.9354209
40.831711_-73.940309
40.8317283_-73.9150066
40.8317529_-73.9354183
40.831768_-73.908024
40.8317893_-73.9080888
40.8318095_-73.935408
40.831827_-73.940255
40.8318355_-73.9351076
40.831848_-73.94928
40.8318633_-73.9495566
40.831871_-73.992041
40.8318734_-73.9083528
40.8318946_-73.9197029
40.8318986_-73.9232743
40.831899_-73.928564
40.8319078_-73.9319295
40.831914_-73.930934
40.831952_-73.940174
40.831968_-73.949316
40.831973_-73.923488
40.8319979_-73.9353909
40.8319_-73.939225
40.832007_-73.90875
40.8320116_-73.9200419
40.832026_-73.915892
40.8320384_-73.9258747
40.8320556_-73.9400999
40.8320772_-73.9495801
40.832093_-73.949369
40.832145_-73.927285
40.8321773_-73.9425209
40.8321814_-73.9404015
40.8321938_-73.935141
40.832202_-73.980091
40.832213_-73.949436
40.832216_-73.903435
40.8322331_-73.9424802
40.8322576_-73.9353823
40.832264_-73.913681
40.832281_-73.909621
40.832284_-73.929742
40.830681_-73.924261
40.8307192_-73.9361052
40.8307374_-73.9399948
40.830737_-73.91049
40.830745_-73.974852
40.830752_-73.97882
40.83076_-73.9319244
40.8307788_-74.011915
40.8307804_-73.9497952
40.8307838_-73.9411149
40.83078_-73.994051
40.8308093_-74.0119137
40.8308103_-73.9321012
40.8308181_-73.949513
40.8308205_-73.9471786
40.830833_-73.939959
40.830838_-73.931505
40.8308392_-73.947223
40.830839_-73.916591
40.8308586_-73.9202858
40.8308831_-73.9193855
40.8308857_-73.9497503
40.8308881_-73.9434627
40.830891_-73.941368
40.8309006_-73.9473687
40.8309205_-73.9204635
40.830932_-73.939911
40.8309333_-73.9493938
40.830936_-73.912395
40.8309432_-73.982604
40.830962_-73.949462
40.8309758_-73.9206225
40.830988_-73.911384
40.830997_-73.928108
40.8309985_-73.9251887
40.8310085_-73.935893
40.8310438_-73.9267981
40.831059_-73.90584
40.8310864_-73.950962
40.83113_-73.917446
40.8311873_-73.9496338
40.831188_-73.913279
40.8311901_-73.9266557
40.8311984_-73.9318815
40.831274_-73.939587
40.831293_-73.929032
40.831332_-73.94037
40.8313372_-73.9216609
40.8313484_-73.9350733
40.8313554_-73.950678
40.8313601_-73.9226763
40.831373_-74.008168
40.831385_-73.906838
40.8313944_-73.9508067
40.8314105_-73.9495828
40.831422_-73.918307
40.8314264_-73.9264312
40.8314449_-73.946722
40.8314607_-73.9467598
40.831468_-73.940368
40.8315246_-73.9469124
40.8315635_-73.9429693
40.831576_-74.004205
40.831596_-73.973365
40.83159_-73.940347
40.8316081_-73.9411272
40.8316181_-73.949558
40.8316344_-73.9225151
40.831636_-73.9189401
40.831641_-73.930109
40.831653_-73.9318064
40.831695_-73.949256
40.8317067_-73.9354209
40.831711_-73.940309
40.8317283_-73.9150066
40.8317529_-73.9354183
40.831768_-73.908024
40.8317893_-73.9080888
40.8318095_-73.935408
40.831827_-73.940255
40.8318355_-73.9351076
40.831848_-73.94928
40.8318633_-73.9495566
40.831871_-73.992041
40.8318734_-73.9083528
40.8318946_-73.9197029
40.8318986_-73.9232743
40.831899_-73.928564
40.8319078_-73.9319295
40.831914_-73.930934
40.831952_-73.940174
40.831968_-73.949316
40.831973_-73.923488
40.8319979_-73.9353909
40.8319_-73.939225
40.832007_-73.90875
40.8320116_-73.9200419
40.832026_-73.915892
40.8320384_-73.9258747
40.8320556_-73.9400999
40.8320772_-73.9495801
40.832093_-73.949369
40.832145_-73.927285
40.8321773_-73.9425209
40.8321814_-73.9404015
40.8321938_-73.935141
40.832202_-73.980091
40.832213_-73.949436
40.832216_-73.903435
40.8322331_-73.9424802
40.8322576_-73.9353823
40.832264_-73.913681
40.832281_-73.909621
40.832284_-73.929742
("40.830681_-73.924261","40.8307192_-73.9361052","40.8307374_-73.9399948","40.830737_-73.91049","40.830745_-73.974852","40.830752_-73.97882","40.83076_-73.9319244","40.8307788_-74.011915","40.8307804_-73.9497952","40.8307838_-73.9411149","40.83078_-73.994051","40.8308093_-74.0119137","40.8308103_-73.9321012","40.8308181_-73.949513","40.8308205_-73.9471786","40.830833_-73.939959","40.830838_-73.931505","40.8308392_-73.947223","40.830839_-73.916591","40.8308586_-73.9202858","40.8308831_-73.9193855","40.8308857_-73.9497503","40.8308881_-73.9434627","40.830891_-73.941368","40.8309006_-73.9473687","40.8309205_-73.9204635","40.830932_-73.939911","40.8309333_-73.9493938","40.830936_-73.912395","40.8309432_-73.982604","40.830962_-73.949462","40.8309758_-73.9206225","40.830988_-73.911384","40.830997_-73.928108","40.8309985_-73.9251887","40.8310085_-73.935893","40.8310438_-73.9267981","40.831059_-73.90584","40.8310864_-73.950962","40.83113_-73.917446","40.8311873_-73.9496338","40.831188_-73.913279","40.8311901_-73.9266557","40.8311984_-73.9318815","40.831274_-73.939587","40.831293_-73.929032","40.831332_-73.94037","40.8313372_-73.9216609","40.8313484_-73.9350733","40.8313554_-73.950678","40.8313601_-73.9226763","40.831373_-74.008168","40.831385_-73.906838","40.8313944_-73.9508067","40.8314105_-73.9495828","40.831422_-73.918307","40.8314264_-73.9264312","40.8314449_-73.946722","40.8314607_-73.9467598","40.831468_-73.940368","40.8315246_-73.9469124","40.8315635_-73.9429693","40.831576_-74.004205","40.831596_-73.973365","40.83159_-73.940347","40.8316081_-73.9411272","40.8316181_-73.949558","40.8316344_-73.9225151","40.831636_-73.9189401","40.831641_-73.930109","40.831653_-73.9318064","40.831695_-73.949256","40.8317067_-73.9354209","40.831711_-73.940309","40.8317283_-73.9150066","40.8317529_-73.9354183","40.831768_-73.908024","40.8317893_-73.9080888","40.8318095_-73.935408","40.831827_-73.940255","40.8318355_-73.9351076","40.831848_-73.94928","40.8318633_-73.9495566","40.831871_-73.992041","40.8318734_-73.9083528","40.8318946_-73.9197029","40.8318986_-73.9232743","40.831899_-73.928564","40.8319078_-73.9319295","40.831914_-73.930934","40.831952_-73.940174","40.831968_-73.949316","40.831973_-73.923488","40.8319979_-73.9353909","40.8319_-73.939225","40.832007_-73.90875","40.8320116_-73.9200419","40.832026_-73.915892","40.8320384_-73.9258747","40.8320556_-73.9400999","40.8320772_-73.9495801","40.832093_-73.949369","40.832145_-73.927285","40.8321773_-73.9425209","40.8321814_-73.9404015","40.8321938_-73.935141","40.832202_-73.980091","40.832213_-73.949436","40.832216_-73.903435","40.8322331_-73.9424802","40.8322576_-73.9353823","40.832264_-73.913681","40.832281_-73.909621","40.832284_-73.929742")
done
124.91user 801.79system 1:15:40elapsed 20%CPU (0avgtext+0avgdata 52056maxresident)k
539080inputs+48outputs (4major+27274minor)pagefaults 0swaps
