40.7363755_-73.975137
40.7363766_-73.9849354
40.7363863_-73.9750387
40.7363866_-73.909516
40.7363912_-73.9080787
40.7363912_-73.9083576
40.7363917_-73.9891582
40.7363993_-73.9748756
40.736414_-74.001948
40.736415_-73.9416418
40.7364176_-73.9092182
40.7364237_-73.9078319
40.7364278_-73.9267268
40.736432_-74.006621
40.736465_-73.986961
40.736478_-73.974757
40.7364928_-73.9271775
40.7364986_-73.9282797
40.736506_-73.9888706
40.7365175_-73.9890658
40.736522_-73.917154
40.7365258_-73.9907376
40.7365275_-73.9580545
40.7365293_-73.9750043
40.7365349_-73.9073268
40.736534_-74.005854
40.7365579_-73.9276066
40.7365619_-73.9091516
40.7365637_-73.9745462
40.736564_-74.001095
40.7365689_-73.9890251
40.7365716_-73.9750865
40.736577_-73.955307
40.7365974_-73.9278823
40.7366007_-73.9818452
40.7366042_-74.0058447
40.736607_-73.922856
40.736611_-73.974702
40.736611_-74.005314
40.7366147_-74.0052485
40.736617_-73.917179
40.7366271_-73.9889819
40.7366281_-73.9891619
40.7366477_-74.0058235
40.7366504_-73.9892175
40.7366513_-73.908422
40.7366593_-73.9073575
40.7366594_-73.9747984
40.7366687_-73.9298057
40.736668_-73.997341
40.7366879_-73.9081481
40.7366916_-74.0057916
40.736691_-73.99312
40.7366993_-73.9744915
40.7367045_-73.9528935
40.736704_-74.005352
40.736707_-73.950205
40.7367105_-73.9359594
40.736712_-73.9527583
40.736718_-73.906747
40.7367201_-73.9750273
40.7367348_-73.9746481
40.736736_-74.0057468
40.7367386_-73.9744757
40.7367439_-73.9749185
40.7367451_-74.0053765
40.736782_-73.9785781
40.736786_-73.917191
40.736787_-73.953086
40.7367899_-73.9504469
40.7367899_-74.0056877
40.7367923_-73.930501
40.7367933_-74.0054174
40.7367936_-73.9290872
40.7368119_-73.929767
40.7368206_-73.9315883
40.7368263_-73.9784054
40.7368301_-73.9526379
40.7368336_-73.9505877
40.7368396_-73.9074804
40.736839_-74.003714
40.7368508_-74.0054762
40.7368509_-73.9574577
40.7368552_-73.9749671
40.7368582_-73.974579
40.736867_-73.9314799
40.7368726_-73.9785141
40.736872_-73.9284881
40.7368869_-73.9356464
40.7368935_-73.9746954
40.736898_-73.917177
40.7369124_-74.0055457
40.7369183_-73.9068524
40.736923_-73.93752
40.736929_-73.9354309
40.7369314_-74.0059199
40.7369336_-74.0058869
40.7369372_-74.0058726
40.7369391_-73.9748327
40.73693_-73.9786506
40.7369409_-73.9743574
40.7369428_-74.0058581
40.7369494_-74.009834
40.7369504_-74.0096932
40.7369512_-74.0058466
40.736957_-74.006498
40.736961_-74.008254
40.7369623_-73.9845088
40.7369625_-74.005839
40.7369678_-73.9427061
40.7369839_-73.9784388
40.736984_-73.933069
40.7369972_-73.9511041
40.7370141_-73.9308184
40.7363755_-73.975137
40.7363766_-73.9849354
40.7363863_-73.9750387
40.7363866_-73.909516
40.7363912_-73.9080787
40.7363912_-73.9083576
40.7363917_-73.9891582
40.7363993_-73.9748756
40.736414_-74.001948
40.736415_-73.9416418
40.7364176_-73.9092182
40.7364237_-73.9078319
40.7364278_-73.9267268
40.736432_-74.006621
40.736465_-73.986961
40.736478_-73.974757
40.7364928_-73.9271775
40.7364986_-73.9282797
40.736506_-73.9888706
40.7365175_-73.9890658
40.736522_-73.917154
40.7365258_-73.9907376
40.7365275_-73.9580545
40.7365293_-73.9750043
40.7365349_-73.9073268
40.736534_-74.005854
40.7365579_-73.9276066
40.7365619_-73.9091516
40.7365637_-73.9745462
40.736564_-74.001095
40.7365689_-73.9890251
40.7365716_-73.9750865
40.736577_-73.955307
40.7365974_-73.9278823
40.7366007_-73.9818452
40.7366042_-74.0058447
40.736607_-73.922856
40.736611_-73.974702
40.736611_-74.005314
40.7366147_-74.0052485
40.736617_-73.917179
40.7366271_-73.9889819
40.7366281_-73.9891619
40.7366477_-74.0058235
40.7366504_-73.9892175
40.7366513_-73.908422
40.7366593_-73.9073575
40.7366594_-73.9747984
40.7366687_-73.9298057
40.736668_-73.997341
40.7366879_-73.9081481
40.7366916_-74.0057916
40.736691_-73.99312
40.7366993_-73.9744915
40.7367045_-73.9528935
40.736704_-74.005352
40.736707_-73.950205
40.7367105_-73.9359594
40.736712_-73.9527583
40.736718_-73.906747
40.7367201_-73.9750273
40.7367348_-73.9746481
40.736736_-74.0057468
40.7367386_-73.9744757
40.7367439_-73.9749185
40.7367451_-74.0053765
40.736782_-73.9785781
40.736786_-73.917191
40.736787_-73.953086
40.7367899_-73.9504469
40.7367899_-74.0056877
40.7367923_-73.930501
40.7367933_-74.0054174
40.7367936_-73.9290872
40.7368119_-73.929767
40.7368206_-73.9315883
40.7368263_-73.9784054
40.7368301_-73.9526379
40.7368336_-73.9505877
40.7368396_-73.9074804
40.736839_-74.003714
40.7368508_-74.0054762
40.7368509_-73.9574577
40.7368552_-73.9749671
40.7368582_-73.974579
40.736867_-73.9314799
40.7368726_-73.9785141
40.736872_-73.9284881
40.7368869_-73.9356464
40.7368935_-73.9746954
40.736898_-73.917177
40.7369124_-74.0055457
40.7369183_-73.9068524
40.736923_-73.93752
40.736929_-73.9354309
40.7369314_-74.0059199
40.7369336_-74.0058869
40.7369372_-74.0058726
40.7369391_-73.9748327
40.73693_-73.9786506
40.7369409_-73.9743574
40.7369428_-74.0058581
40.7369494_-74.009834
40.7369504_-74.0096932
40.7369512_-74.0058466
40.736957_-74.006498
40.736961_-74.008254
40.7369623_-73.9845088
40.7369625_-74.005839
40.7369678_-73.9427061
40.7369839_-73.9784388
40.736984_-73.933069
40.7369972_-73.9511041
40.7370141_-73.9308184
("40.7363755_-73.975137","40.7363766_-73.9849354","40.7363863_-73.9750387","40.7363866_-73.909516","40.7363912_-73.9080787","40.7363912_-73.9083576","40.7363917_-73.9891582","40.7363993_-73.9748756","40.736414_-74.001948","40.736415_-73.9416418","40.7364176_-73.9092182","40.7364237_-73.9078319","40.7364278_-73.9267268","40.736432_-74.006621","40.736465_-73.986961","40.736478_-73.974757","40.7364928_-73.9271775","40.7364986_-73.9282797","40.736506_-73.9888706","40.7365175_-73.9890658","40.736522_-73.917154","40.7365258_-73.9907376","40.7365275_-73.9580545","40.7365293_-73.9750043","40.7365349_-73.9073268","40.736534_-74.005854","40.7365579_-73.9276066","40.7365619_-73.9091516","40.7365637_-73.9745462","40.736564_-74.001095","40.7365689_-73.9890251","40.7365716_-73.9750865","40.736577_-73.955307","40.7365974_-73.9278823","40.7366007_-73.9818452","40.7366042_-74.0058447","40.736607_-73.922856","40.736611_-73.974702","40.736611_-74.005314","40.7366147_-74.0052485","40.736617_-73.917179","40.7366271_-73.9889819","40.7366281_-73.9891619","40.7366477_-74.0058235","40.7366504_-73.9892175","40.7366513_-73.908422","40.7366593_-73.9073575","40.7366594_-73.9747984","40.7366687_-73.9298057","40.736668_-73.997341","40.7366879_-73.9081481","40.7366916_-74.0057916","40.736691_-73.99312","40.7366993_-73.9744915","40.7367045_-73.9528935","40.736704_-74.005352","40.736707_-73.950205","40.7367105_-73.9359594","40.736712_-73.9527583","40.736718_-73.906747","40.7367201_-73.9750273","40.7367348_-73.9746481","40.736736_-74.0057468","40.7367386_-73.9744757","40.7367439_-73.9749185","40.7367451_-74.0053765","40.736782_-73.9785781","40.736786_-73.917191","40.736787_-73.953086","40.7367899_-73.9504469","40.7367899_-74.0056877","40.7367923_-73.930501","40.7367933_-74.0054174","40.7367936_-73.9290872","40.7368119_-73.929767","40.7368206_-73.9315883","40.7368263_-73.9784054","40.7368301_-73.9526379","40.7368336_-73.9505877","40.7368396_-73.9074804","40.736839_-74.003714","40.7368508_-74.0054762","40.7368509_-73.9574577","40.7368552_-73.9749671","40.7368582_-73.974579","40.736867_-73.9314799","40.7368726_-73.9785141","40.736872_-73.9284881","40.7368869_-73.9356464","40.7368935_-73.9746954","40.736898_-73.917177","40.7369124_-74.0055457","40.7369183_-73.9068524","40.736923_-73.93752","40.736929_-73.9354309","40.7369314_-74.0059199","40.7369336_-74.0058869","40.7369372_-74.0058726","40.7369391_-73.9748327","40.73693_-73.9786506","40.7369409_-73.9743574","40.7369428_-74.0058581","40.7369494_-74.009834","40.7369504_-74.0096932","40.7369512_-74.0058466","40.736957_-74.006498","40.736961_-74.008254","40.7369623_-73.9845088","40.7369625_-74.005839","40.7369678_-73.9427061","40.7369839_-73.9784388","40.736984_-73.933069","40.7369972_-73.9511041","40.7370141_-73.9308184")
done
143.27user 794.06system 1:15:49elapsed 20%CPU (0avgtext+0avgdata 77884maxresident)k
4183872inputs+86400outputs (47major+38953minor)pagefaults 0swaps
