40.7192961_-73.9773711
40.719296_-74.008699
40.7193201_-73.9903935
40.719324_-73.997303
40.719333_-73.906838
40.7193368_-73.9859139
40.719336_-73.920231
40.7193451_-73.9904721
40.719348_-73.912321
40.7193504_-73.9770736
40.7193561_-73.9942647
40.7193568_-73.9771124
40.7193931_-73.9772603
40.719398_-74.001884
40.719408_-73.9377198
40.7194273_-73.9773618
40.7194292_-73.9913136
40.719435_-73.940624
40.719445_-74.006134
40.719451_-74.010293
40.7194567_-73.9943905
40.719459_-73.937526
40.7194627_-73.9819201
40.7194752_-74.0043773
40.719493_-73.955942
40.7195019_-73.9469176
40.7195206_-73.9981655
40.719521_-73.960434
40.7195283_-73.9502698
40.7195385_-73.9838536
40.719552_-74.000622
40.7195597_-73.994508
40.719571_-73.9912393
40.7195804_-73.9980647
40.719583_-73.945611
40.719584_-73.946989
40.7195914_-73.9867535
40.719604_-73.943899
40.719624_-73.911321
40.7196292_-73.9531798
40.719671_-73.909293
40.7196783_-73.9921758
40.7196978_-74.005964
40.719697_-73.9779975
40.7197029_-73.963697
40.719712_-73.908258
40.7197271_-73.982796
40.719747_-73.9394
40.71974_-73.95782
40.7197627_-73.9248161
40.7197681_-73.9788566
40.719776_-73.906139
40.719778_-74.0068007
40.71977_-73.962311
40.7197869_-73.9623389
40.719786_-73.998524
40.719798_-73.953469
40.719802_-73.9788391
40.7198076_-73.917284
40.7198246_-73.9921016
40.719829_-73.9786549
40.7198309_-73.9875431
40.7198366_-73.9786734
40.7198447_-73.9535438
40.7198469_-74.0051916
40.7198544_-73.9534042
40.719857_-73.910484
40.719863_-73.935883
40.7198648_-73.9639643
40.719867_-73.99526
40.7198863_-73.9787976
40.7198912_-73.9929065
40.7198922_-73.9640095
40.719903_-74.0026
40.7199192_-73.9789045
40.7199338_-73.9789534
40.719936_-73.9749766
40.719938_-74.001425
40.7199399_-73.9785616
40.719949_-73.944171
40.719952_-74.008584
40.7199552_-73.9785973
40.719982_-73.9836281
40.7199948_-73.953243
40.7200067_-73.9787167
40.7200193_-74.0057048
40.7200404_-73.9788254
40.720044_-73.999061
40.720048_-73.923573
40.720048_-73.9788504
40.7200497_-73.9928302
40.720049_-73.955348
40.72004_-74.003918
40.720075_-73.959842
40.7200761_-73.9786662
40.7200783_-73.988359
40.7200792_-74.0056562
40.7200853_-73.9407349
40.7200948_-73.9941321
40.7200988_-73.9786496
40.7201085_-73.9055932
40.7201105_-73.9171553
40.720115_-74.010182
40.720139_-73.947577
40.720143_-73.944325
40.720153_-73.923159
40.7201555_-73.9749605
40.720156_-73.940747
40.720159_-73.946041
40.72015_-73.937826
40.7201656_-73.9960312
40.7201944_-74.0109896
40.720197_-73.9938678
40.7202155_-73.9439615
40.7192961_-73.9773711
40.719296_-74.008699
40.7193201_-73.9903935
40.719324_-73.997303
40.719333_-73.906838
40.7193368_-73.9859139
40.719336_-73.920231
40.7193451_-73.9904721
40.719348_-73.912321
40.7193504_-73.9770736
40.7193561_-73.9942647
40.7193568_-73.9771124
40.7193931_-73.9772603
40.719398_-74.001884
40.719408_-73.9377198
40.7194273_-73.9773618
40.7194292_-73.9913136
40.719435_-73.940624
40.719445_-74.006134
40.719451_-74.010293
40.7194567_-73.9943905
40.719459_-73.937526
40.7194627_-73.9819201
40.7194752_-74.0043773
40.719493_-73.955942
40.7195019_-73.9469176
40.7195206_-73.9981655
40.719521_-73.960434
40.7195283_-73.9502698
40.7195385_-73.9838536
40.719552_-74.000622
40.7195597_-73.994508
40.719571_-73.9912393
40.7195804_-73.9980647
40.719583_-73.945611
40.719584_-73.946989
40.7195914_-73.9867535
40.719604_-73.943899
40.719624_-73.911321
40.7196292_-73.9531798
40.719671_-73.909293
40.7196783_-73.9921758
40.7196978_-74.005964
40.719697_-73.9779975
40.7197029_-73.963697
40.719712_-73.908258
40.7197271_-73.982796
40.719747_-73.9394
40.71974_-73.95782
40.7197627_-73.9248161
40.7197681_-73.9788566
40.719776_-73.906139
40.719778_-74.0068007
40.71977_-73.962311
40.7197869_-73.9623389
40.719786_-73.998524
40.719798_-73.953469
40.719802_-73.9788391
40.7198076_-73.917284
40.7198246_-73.9921016
40.719829_-73.9786549
40.7198309_-73.9875431
40.7198366_-73.9786734
40.7198447_-73.9535438
40.7198469_-74.0051916
40.7198544_-73.9534042
40.719857_-73.910484
40.719863_-73.935883
40.7198648_-73.9639643
40.719867_-73.99526
40.7198863_-73.9787976
40.7198912_-73.9929065
40.7198922_-73.9640095
40.719903_-74.0026
40.7199192_-73.9789045
40.7199338_-73.9789534
40.719936_-73.9749766
40.719938_-74.001425
40.7199399_-73.9785616
40.719949_-73.944171
40.719952_-74.008584
40.7199552_-73.9785973
40.719982_-73.9836281
40.7199948_-73.953243
40.7200067_-73.9787167
40.7200193_-74.0057048
40.7200404_-73.9788254
40.720044_-73.999061
40.720048_-73.923573
40.720048_-73.9788504
40.7200497_-73.9928302
40.720049_-73.955348
40.72004_-74.003918
40.720075_-73.959842
40.7200761_-73.9786662
40.7200783_-73.988359
40.7200792_-74.0056562
40.7200853_-73.9407349
40.7200948_-73.9941321
40.7200988_-73.9786496
40.7201085_-73.9055932
40.7201105_-73.9171553
40.720115_-74.010182
40.720139_-73.947577
40.720143_-73.944325
40.720153_-73.923159
40.7201555_-73.9749605
40.720156_-73.940747
40.720159_-73.946041
40.72015_-73.937826
40.7201656_-73.9960312
40.7201944_-74.0109896
40.720197_-73.9938678
40.7202155_-73.9439615
("40.7192961_-73.9773711","40.719296_-74.008699","40.7193201_-73.9903935","40.719324_-73.997303","40.719333_-73.906838","40.7193368_-73.9859139","40.719336_-73.920231","40.7193451_-73.9904721","40.719348_-73.912321","40.7193504_-73.9770736","40.7193561_-73.9942647","40.7193568_-73.9771124","40.7193931_-73.9772603","40.719398_-74.001884","40.719408_-73.9377198","40.7194273_-73.9773618","40.7194292_-73.9913136","40.719435_-73.940624","40.719445_-74.006134","40.719451_-74.010293","40.7194567_-73.9943905","40.719459_-73.937526","40.7194627_-73.9819201","40.7194752_-74.0043773","40.719493_-73.955942","40.7195019_-73.9469176","40.7195206_-73.9981655","40.719521_-73.960434","40.7195283_-73.9502698","40.7195385_-73.9838536","40.719552_-74.000622","40.7195597_-73.994508","40.719571_-73.9912393","40.7195804_-73.9980647","40.719583_-73.945611","40.719584_-73.946989","40.7195914_-73.9867535","40.719604_-73.943899","40.719624_-73.911321","40.7196292_-73.9531798","40.719671_-73.909293","40.7196783_-73.9921758","40.7196978_-74.005964","40.719697_-73.9779975","40.7197029_-73.963697","40.719712_-73.908258","40.7197271_-73.982796","40.719747_-73.9394","40.71974_-73.95782","40.7197627_-73.9248161","40.7197681_-73.9788566","40.719776_-73.906139","40.719778_-74.0068007","40.71977_-73.962311","40.7197869_-73.9623389","40.719786_-73.998524","40.719798_-73.953469","40.719802_-73.9788391","40.7198076_-73.917284","40.7198246_-73.9921016","40.719829_-73.9786549","40.7198309_-73.9875431","40.7198366_-73.9786734","40.7198447_-73.9535438","40.7198469_-74.0051916","40.7198544_-73.9534042","40.719857_-73.910484","40.719863_-73.935883","40.7198648_-73.9639643","40.719867_-73.99526","40.7198863_-73.9787976","40.7198912_-73.9929065","40.7198922_-73.9640095","40.719903_-74.0026","40.7199192_-73.9789045","40.7199338_-73.9789534","40.719936_-73.9749766","40.719938_-74.001425","40.7199399_-73.9785616","40.719949_-73.944171","40.719952_-74.008584","40.7199552_-73.9785973","40.719982_-73.9836281","40.7199948_-73.953243","40.7200067_-73.9787167","40.7200193_-74.0057048","40.7200404_-73.9788254","40.720044_-73.999061","40.720048_-73.923573","40.720048_-73.9788504","40.7200497_-73.9928302","40.720049_-73.955348","40.72004_-74.003918","40.720075_-73.959842","40.7200761_-73.9786662","40.7200783_-73.988359","40.7200792_-74.0056562","40.7200853_-73.9407349","40.7200948_-73.9941321","40.7200988_-73.9786496","40.7201085_-73.9055932","40.7201105_-73.9171553","40.720115_-74.010182","40.720139_-73.947577","40.720143_-73.944325","40.720153_-73.923159","40.7201555_-73.9749605","40.720156_-73.940747","40.720159_-73.946041","40.72015_-73.937826","40.7201656_-73.9960312","40.7201944_-74.0109896","40.720197_-73.9938678","40.7202155_-73.9439615")
done
146.56user 816.44system 1:14:41elapsed 21%CPU (0avgtext+0avgdata 65300maxresident)k
639888inputs+43576outputs (22major+33755minor)pagefaults 0swaps
