40.7208102_-73.9624901
40.720811_-73.9487973
40.7208163_-73.9813535
40.7208187_-73.9822261
40.7208279_-73.9625185
40.7208288_-73.9448997
40.720829_-73.938129
40.720836_-73.997655
40.720846_-73.95663
40.7208478_-73.9811975
40.72084_-74.000661
40.720854_-74.003929
40.7208667_-73.9450967
40.720873_-73.961127
40.720887_-73.940867
40.7208934_-74.0084206
40.720893_-73.995752
40.7208969_-73.9821853
40.7208992_-74.0039928
40.7209002_-73.9449773
40.720931_-73.91246
40.7209368_-73.9167459
40.7209376_-73.9937177
40.7209427_-73.9747276
40.7209574_-74.0038422
40.72095_-73.911945
40.7209664_-73.9068768
40.7209741_-73.9938614
40.7209813_-73.9869509
40.7209879_-74.0079093
40.7209934_-73.9939451
40.7210011_-73.9446747
40.721001_-73.910559
40.7210227_-73.9810814
40.721025_-74.005248
40.721031_-73.904096
40.7210321_-73.9915038
40.7210433_-73.982108
40.7210619_-73.9811743
40.721063_-73.998196
40.7210767_-73.9830722
40.721084_-73.908343
40.7210901_-74.0065699
40.721096_-73.940003
40.7211184_-73.974822
40.7211262_-73.9829473
40.7211367_-73.906949
40.7211522_-73.9830338
40.7211524_-73.9428319
40.7211543_-73.9454038
40.7211543_-74.006949
40.7211595_-73.9409142
40.72116_-73.906331
40.7211729_-73.9166963
40.721173_-73.996575
40.721181_-73.958648
40.7211866_-73.9877912
40.7211926_-74.0080023
40.7211966_-74.0083678
40.7212263_-73.9364977
40.7212285_-73.9877697
40.721244_-73.904227
40.721248_-73.992237
40.721252_-74.001447
40.7212563_-74.0047121
40.7212667_-73.9748042
40.7212723_-73.9828676
40.7212745_-73.9745817
40.721277_-73.977788
40.7212783_-73.9632387
40.721282_-73.941895
40.7212921_-73.9877371
40.721292_-73.948875
40.7212984_-74.0045565
40.7212999_-73.9829593
40.721308_-73.994706
40.721322_-74.008346
40.7213329_-73.945596
40.7213383_-73.9839104
40.721354_-74.004635
40.721361_-73.945547
40.721379_-73.947951
40.721381_-73.9421609
40.7213883_-73.9927159
40.721389_-73.9455032
40.7213912_-73.9837792
40.721397_-73.956038
40.7214023_-73.9456707
40.7214133_-73.9885412
40.7214199_-73.983869
40.7214205_-74.0047201
40.721421_-73.999031
40.721426_-73.960532
40.7214399_-73.945558
40.7214496_-73.9839702
40.721449_-73.997399
40.7214549_-73.9885198
40.7214627_-74.0045435
40.721463_-74.009919
40.721474_-73.94698
40.7214_-74.009181
40.721506_-73.93843
40.7215149_-73.9417306
40.721518_-73.9884874
40.7215215_-73.9836944
40.721523_-74.010683
40.7215498_-73.9837884
40.7215665_-73.9775778
40.7215763_-73.988922
40.7215794_-73.9838913
40.7215801_-73.9458801
40.7215815_-73.9977854
40.721589_-73.945793
40.7215919_-73.9847492
40.7208102_-73.9624901
40.720811_-73.9487973
40.7208163_-73.9813535
40.7208187_-73.9822261
40.7208279_-73.9625185
40.7208288_-73.9448997
40.720829_-73.938129
40.720836_-73.997655
40.720846_-73.95663
40.7208478_-73.9811975
40.72084_-74.000661
40.720854_-74.003929
40.7208667_-73.9450967
40.720873_-73.961127
40.720887_-73.940867
40.7208934_-74.0084206
40.720893_-73.995752
40.7208969_-73.9821853
40.7208992_-74.0039928
40.7209002_-73.9449773
40.720931_-73.91246
40.7209368_-73.9167459
40.7209376_-73.9937177
40.7209427_-73.9747276
40.7209574_-74.0038422
40.72095_-73.911945
40.7209664_-73.9068768
40.7209741_-73.9938614
40.7209813_-73.9869509
40.7209879_-74.0079093
40.7209934_-73.9939451
40.7210011_-73.9446747
40.721001_-73.910559
40.7210227_-73.9810814
40.721025_-74.005248
40.721031_-73.904096
40.7210321_-73.9915038
40.7210433_-73.982108
40.7210619_-73.9811743
40.721063_-73.998196
40.7210767_-73.9830722
40.721084_-73.908343
40.7210901_-74.0065699
40.721096_-73.940003
40.7211184_-73.974822
40.7211262_-73.9829473
40.7211367_-73.906949
40.7211522_-73.9830338
40.7211524_-73.9428319
40.7211543_-73.9454038
40.7211543_-74.006949
40.7211595_-73.9409142
40.72116_-73.906331
40.7211729_-73.9166963
40.721173_-73.996575
40.721181_-73.958648
40.7211866_-73.9877912
40.7211926_-74.0080023
40.7211966_-74.0083678
40.7212263_-73.9364977
40.7212285_-73.9877697
40.721244_-73.904227
40.721248_-73.992237
40.721252_-74.001447
40.7212563_-74.0047121
40.7212667_-73.9748042
40.7212723_-73.9828676
40.7212745_-73.9745817
40.721277_-73.977788
40.7212783_-73.9632387
40.721282_-73.941895
40.7212921_-73.9877371
40.721292_-73.948875
40.7212984_-74.0045565
40.7212999_-73.9829593
40.721308_-73.994706
40.721322_-74.008346
40.7213329_-73.945596
40.7213383_-73.9839104
40.721354_-74.004635
40.721361_-73.945547
40.721379_-73.947951
40.721381_-73.9421609
40.7213883_-73.9927159
40.721389_-73.9455032
40.7213912_-73.9837792
40.721397_-73.956038
40.7214023_-73.9456707
40.7214133_-73.9885412
40.7214199_-73.983869
40.7214205_-74.0047201
40.721421_-73.999031
40.721426_-73.960532
40.7214399_-73.945558
40.7214496_-73.9839702
40.721449_-73.997399
40.7214549_-73.9885198
40.7214627_-74.0045435
40.721463_-74.009919
40.721474_-73.94698
40.7214_-74.009181
40.721506_-73.93843
40.7215149_-73.9417306
40.721518_-73.9884874
40.7215215_-73.9836944
40.721523_-74.010683
40.7215498_-73.9837884
40.7215665_-73.9775778
40.7215763_-73.988922
40.7215794_-73.9838913
40.7215801_-73.9458801
40.7215815_-73.9977854
40.721589_-73.945793
40.7215919_-73.9847492
("40.7208102_-73.9624901","40.720811_-73.9487973","40.7208163_-73.9813535","40.7208187_-73.9822261","40.7208279_-73.9625185","40.7208288_-73.9448997","40.720829_-73.938129","40.720836_-73.997655","40.720846_-73.95663","40.7208478_-73.9811975","40.72084_-74.000661","40.720854_-74.003929","40.7208667_-73.9450967","40.720873_-73.961127","40.720887_-73.940867","40.7208934_-74.0084206","40.720893_-73.995752","40.7208969_-73.9821853","40.7208992_-74.0039928","40.7209002_-73.9449773","40.720931_-73.91246","40.7209368_-73.9167459","40.7209376_-73.9937177","40.7209427_-73.9747276","40.7209574_-74.0038422","40.72095_-73.911945","40.7209664_-73.9068768","40.7209741_-73.9938614","40.7209813_-73.9869509","40.7209879_-74.0079093","40.7209934_-73.9939451","40.7210011_-73.9446747","40.721001_-73.910559","40.7210227_-73.9810814","40.721025_-74.005248","40.721031_-73.904096","40.7210321_-73.9915038","40.7210433_-73.982108","40.7210619_-73.9811743","40.721063_-73.998196","40.7210767_-73.9830722","40.721084_-73.908343","40.7210901_-74.0065699","40.721096_-73.940003","40.7211184_-73.974822","40.7211262_-73.9829473","40.7211367_-73.906949","40.7211522_-73.9830338","40.7211524_-73.9428319","40.7211543_-73.9454038","40.7211543_-74.006949","40.7211595_-73.9409142","40.72116_-73.906331","40.7211729_-73.9166963","40.721173_-73.996575","40.721181_-73.958648","40.7211866_-73.9877912","40.7211926_-74.0080023","40.7211966_-74.0083678","40.7212263_-73.9364977","40.7212285_-73.9877697","40.721244_-73.904227","40.721248_-73.992237","40.721252_-74.001447","40.7212563_-74.0047121","40.7212667_-73.9748042","40.7212723_-73.9828676","40.7212745_-73.9745817","40.721277_-73.977788","40.7212783_-73.9632387","40.721282_-73.941895","40.7212921_-73.9877371","40.721292_-73.948875","40.7212984_-74.0045565","40.7212999_-73.9829593","40.721308_-73.994706","40.721322_-74.008346","40.7213329_-73.945596","40.7213383_-73.9839104","40.721354_-74.004635","40.721361_-73.945547","40.721379_-73.947951","40.721381_-73.9421609","40.7213883_-73.9927159","40.721389_-73.9455032","40.7213912_-73.9837792","40.721397_-73.956038","40.7214023_-73.9456707","40.7214133_-73.9885412","40.7214199_-73.983869","40.7214205_-74.0047201","40.721421_-73.999031","40.721426_-73.960532","40.7214399_-73.945558","40.7214496_-73.9839702","40.721449_-73.997399","40.7214549_-73.9885198","40.7214627_-74.0045435","40.721463_-74.009919","40.721474_-73.94698","40.7214_-74.009181","40.721506_-73.93843","40.7215149_-73.9417306","40.721518_-73.9884874","40.7215215_-73.9836944","40.721523_-74.010683","40.7215498_-73.9837884","40.7215665_-73.9775778","40.7215763_-73.988922","40.7215794_-73.9838913","40.7215801_-73.9458801","40.7215815_-73.9977854","40.721589_-73.945793","40.7215919_-73.9847492")
done
142.34user 786.74system 1:15:48elapsed 20%CPU (0avgtext+0avgdata 67924maxresident)k
793144inputs+52400outputs (28major+34853minor)pagefaults 0swaps
