40.7349182_-73.9772813
40.734925_-73.9527026
40.734932_-73.9773103
40.7349367_-73.9750094
40.734936_-73.949925
40.7349414_-73.93856
40.7349422_-73.9799373
40.7349446_-73.9773268
40.734951_-73.9230679
40.7349589_-73.990453
40.7349654_-73.9773469
40.7349654_-73.9797586
40.734971_-73.9768341
40.7349754_-73.957022
40.7349801_-73.9523424
40.734989_-73.9904039
40.734993_-73.936285
40.734997_-73.909911
40.735002_-74.00698
40.735004_-73.903351
40.7350107_-73.9903683
40.7350185_-73.9234626
40.7350189_-73.9798823
40.7350257_-73.9193659
40.7350306_-73.9985393
40.735059_-73.9198576
40.7350604_-73.9761409
40.7350691_-74.0019694
40.7350788_-73.9800087
40.7350814_-73.9913952
40.7350831_-73.9761641
40.735083_-73.9749756
40.7350842_-73.9798306
40.735094_-73.907476
40.7351019_-73.976194
40.7351041_-73.9917773
40.7351081_-73.9902092
40.7351089_-73.9899657
40.7351128_-73.9195089
40.7351181_-73.9762211
40.7351254_-73.9765443
40.735128_-74.001574
40.7351296_-73.9762503
40.7351298_-73.9202248
40.735134_-74.006069
40.7351372_-73.9765052
40.7351383_-73.9762821
40.7351435_-73.9764723
40.7351452_-73.9763139
40.7351495_-73.9763418
40.7351504_-73.9764364
40.7351514_-73.976407
40.7351532_-73.976375
40.735159_-73.9749245
40.7351685_-73.9184093
40.73516_-73.955074
40.7351702_-73.9916102
40.7351759_-73.9190221
40.7351771_-73.9775229
40.7351831_-73.9747898
40.7351884_-73.99011
40.735204_-73.991692
40.7352056_-73.9857884
40.7352136_-73.9528098
40.735217_-73.903787
40.7352249_-73.94026
40.7352299_-73.9195251
40.7352639_-73.9750733
40.7352785_-73.9899305
40.7352857_-73.9176249
40.7352866_-73.9897687
40.735291_-74.0099713
40.7352927_-73.975079
40.735292_-73.987817
40.7352986_-74.0099143
40.7352989_-73.9899772
40.7352992_-73.9916233
40.735304_-74.004932
40.7353075_-74.0048623
40.735307_-74.000356
40.735313_-73.994118
40.735321_-73.920257
40.735325_-73.908346
40.7353385_-73.9198182
40.7353472_-73.9206849
40.735349_-73.989916
40.7353516_-73.9749273
40.7353522_-73.9796173
40.7353539_-73.9169824
40.7353558_-73.9529984
40.735359_-73.919302
40.7353676_-73.9528735
40.7353683_-73.974789
40.7353708_-73.9528401
40.7353797_-73.9584957
40.735379_-73.921203
40.735391_-73.998274
40.735393_-73.9169064
40.7354088_-73.9898719
40.7354126_-73.9524297
40.7354184_-73.9751082
40.7354197_-73.9175
40.7354237_-73.9749872
40.7354292_-73.9525475
40.735431_-73.982695
40.7354353_-73.9183532
40.735435_-73.9599349
40.735441_-73.9216691
40.7354615_-73.9169975
40.7354686_-73.9752231
40.735485_-73.9245443
40.7354896_-73.9747634
40.73549_-73.9526972
40.735501_-73.92212
40.7349182_-73.9772813
40.734925_-73.9527026
40.734932_-73.9773103
40.7349367_-73.9750094
40.734936_-73.949925
40.7349414_-73.93856
40.7349422_-73.9799373
40.7349446_-73.9773268
40.734951_-73.9230679
40.7349589_-73.990453
40.7349654_-73.9773469
40.7349654_-73.9797586
40.734971_-73.9768341
40.7349754_-73.957022
40.7349801_-73.9523424
40.734989_-73.9904039
40.734993_-73.936285
40.734997_-73.909911
40.735002_-74.00698
40.735004_-73.903351
40.7350107_-73.9903683
40.7350185_-73.9234626
40.7350189_-73.9798823
40.7350257_-73.9193659
40.7350306_-73.9985393
40.735059_-73.9198576
40.7350604_-73.9761409
40.7350691_-74.0019694
40.7350788_-73.9800087
40.7350814_-73.9913952
40.7350831_-73.9761641
40.735083_-73.9749756
40.7350842_-73.9798306
40.735094_-73.907476
40.7351019_-73.976194
40.7351041_-73.9917773
40.7351081_-73.9902092
40.7351089_-73.9899657
40.7351128_-73.9195089
40.7351181_-73.9762211
40.7351254_-73.9765443
40.735128_-74.001574
40.7351296_-73.9762503
40.7351298_-73.9202248
40.735134_-74.006069
40.7351372_-73.9765052
40.7351383_-73.9762821
40.7351435_-73.9764723
40.7351452_-73.9763139
40.7351495_-73.9763418
40.7351504_-73.9764364
40.7351514_-73.976407
40.7351532_-73.976375
40.735159_-73.9749245
40.7351685_-73.9184093
40.73516_-73.955074
40.7351702_-73.9916102
40.7351759_-73.9190221
40.7351771_-73.9775229
40.7351831_-73.9747898
40.7351884_-73.99011
40.735204_-73.991692
40.7352056_-73.9857884
40.7352136_-73.9528098
40.735217_-73.903787
40.7352249_-73.94026
40.7352299_-73.9195251
40.7352639_-73.9750733
40.7352785_-73.9899305
40.7352857_-73.9176249
40.7352866_-73.9897687
40.735291_-74.0099713
40.7352927_-73.975079
40.735292_-73.987817
40.7352986_-74.0099143
40.7352989_-73.9899772
40.7352992_-73.9916233
40.735304_-74.004932
40.7353075_-74.0048623
40.735307_-74.000356
40.735313_-73.994118
40.735321_-73.920257
40.735325_-73.908346
40.7353385_-73.9198182
40.7353472_-73.9206849
40.735349_-73.989916
40.7353516_-73.9749273
40.7353522_-73.9796173
40.7353539_-73.9169824
40.7353558_-73.9529984
40.735359_-73.919302
40.7353676_-73.9528735
40.7353683_-73.974789
40.7353708_-73.9528401
40.7353797_-73.9584957
40.735379_-73.921203
40.735391_-73.998274
40.735393_-73.9169064
40.7354088_-73.9898719
40.7354126_-73.9524297
40.7354184_-73.9751082
40.7354197_-73.9175
40.7354237_-73.9749872
40.7354292_-73.9525475
40.735431_-73.982695
40.7354353_-73.9183532
40.735435_-73.9599349
40.735441_-73.9216691
40.7354615_-73.9169975
40.7354686_-73.9752231
40.735485_-73.9245443
40.7354896_-73.9747634
40.73549_-73.9526972
40.735501_-73.92212
("40.7349182_-73.9772813","40.734925_-73.9527026","40.734932_-73.9773103","40.7349367_-73.9750094","40.734936_-73.949925","40.7349414_-73.93856","40.7349422_-73.9799373","40.7349446_-73.9773268","40.734951_-73.9230679","40.7349589_-73.990453","40.7349654_-73.9773469","40.7349654_-73.9797586","40.734971_-73.9768341","40.7349754_-73.957022","40.7349801_-73.9523424","40.734989_-73.9904039","40.734993_-73.936285","40.734997_-73.909911","40.735002_-74.00698","40.735004_-73.903351","40.7350107_-73.9903683","40.7350185_-73.9234626","40.7350189_-73.9798823","40.7350257_-73.9193659","40.7350306_-73.9985393","40.735059_-73.9198576","40.7350604_-73.9761409","40.7350691_-74.0019694","40.7350788_-73.9800087","40.7350814_-73.9913952","40.7350831_-73.9761641","40.735083_-73.9749756","40.7350842_-73.9798306","40.735094_-73.907476","40.7351019_-73.976194","40.7351041_-73.9917773","40.7351081_-73.9902092","40.7351089_-73.9899657","40.7351128_-73.9195089","40.7351181_-73.9762211","40.7351254_-73.9765443","40.735128_-74.001574","40.7351296_-73.9762503","40.7351298_-73.9202248","40.735134_-74.006069","40.7351372_-73.9765052","40.7351383_-73.9762821","40.7351435_-73.9764723","40.7351452_-73.9763139","40.7351495_-73.9763418","40.7351504_-73.9764364","40.7351514_-73.976407","40.7351532_-73.976375","40.735159_-73.9749245","40.7351685_-73.9184093","40.73516_-73.955074","40.7351702_-73.9916102","40.7351759_-73.9190221","40.7351771_-73.9775229","40.7351831_-73.9747898","40.7351884_-73.99011","40.735204_-73.991692","40.7352056_-73.9857884","40.7352136_-73.9528098","40.735217_-73.903787","40.7352249_-73.94026","40.7352299_-73.9195251","40.7352639_-73.9750733","40.7352785_-73.9899305","40.7352857_-73.9176249","40.7352866_-73.9897687","40.735291_-74.0099713","40.7352927_-73.975079","40.735292_-73.987817","40.7352986_-74.0099143","40.7352989_-73.9899772","40.7352992_-73.9916233","40.735304_-74.004932","40.7353075_-74.0048623","40.735307_-74.000356","40.735313_-73.994118","40.735321_-73.920257","40.735325_-73.908346","40.7353385_-73.9198182","40.7353472_-73.9206849","40.735349_-73.989916","40.7353516_-73.9749273","40.7353522_-73.9796173","40.7353539_-73.9169824","40.7353558_-73.9529984","40.735359_-73.919302","40.7353676_-73.9528735","40.7353683_-73.974789","40.7353708_-73.9528401","40.7353797_-73.9584957","40.735379_-73.921203","40.735391_-73.998274","40.735393_-73.9169064","40.7354088_-73.9898719","40.7354126_-73.9524297","40.7354184_-73.9751082","40.7354197_-73.9175","40.7354237_-73.9749872","40.7354292_-73.9525475","40.735431_-73.982695","40.7354353_-73.9183532","40.735435_-73.9599349","40.735441_-73.9216691","40.7354615_-73.9169975","40.7354686_-73.9752231","40.735485_-73.9245443","40.7354896_-73.9747634","40.73549_-73.9526972","40.735501_-73.92212")
done
147.55user 817.77system 1:14:44elapsed 21%CPU (0avgtext+0avgdata 71028maxresident)k
1076328inputs+63856outputs (32major+36253minor)pagefaults 0swaps
