40.7854766_-73.9440575
40.7855038_-73.9400768
40.7855058_-74.0068385
40.7855211_-73.9398723
40.785531_-74.009239
40.7855389_-73.9402213
40.7855496_-73.9145379
40.7855514_-73.984481
40.7855684_-73.9845872
40.7855695_-73.9843722
40.7855751_-74.0069919
40.7855935_-73.9820114
40.7855991_-73.9841561
40.785599_-73.9673291
40.7856058_-73.9843016
40.7856102_-73.9846671
40.7856109_-73.9482126
40.7856199_-73.9838624
40.7856272_-73.9846956
40.7856379_-73.9401039
40.7856418_-73.9842622
40.785652_-74.003806
40.7856554_-73.9397317
40.785659_-73.9802226
40.7856655_-73.9847284
40.7856675_-73.9398915
40.78567_-73.9839874
40.785709_-74.016686
40.7857152_-73.9847552
40.785722_-73.9396702
40.7857271_-73.984222
40.7857306_-73.9400034
40.7857321_-73.9764355
40.785733_-74.005411
40.785747_-73.9784767
40.7857571_-73.9398015
40.7857582_-74.0008259
40.7857693_-73.9847642
40.7857694_-73.9725914
40.7857921_-73.9428589
40.7857932_-73.9300215
40.7857957_-73.9842278
40.7857968_-73.9320717
40.7858022_-73.9529164
40.7858043_-73.9726737
40.7858192_-73.9786487
40.785822_-74.007725
40.7858245_-73.9399061
40.785842_-73.9837108
40.7858494_-73.9847463
40.7858499_-73.984257
40.7858545_-73.9257683
40.7858545_-73.9397063
40.7858671_-73.9509262
40.7858701_-73.9488338
40.7859102_-73.9531708
40.7859108_-73.9398156
40.7859115_-73.9846748
40.7859188_-73.9843478
40.7859253_-73.9551138
40.785944_-73.9844389
40.7859465_-73.9844917
40.7859476_-73.9845719
40.7859591_-73.9674765
40.7859684_-73.9153688
40.7859744_-73.9688609
40.7859811_-73.9816132
40.7859848_-73.9571722
40.7859849_-73.9151568
40.7859941_-74.015588
40.7859965_-73.9153362
40.7859984_-73.9397334
40.7860042_-73.9151915
40.7860148_-73.9153033
40.7860201_-73.9152212
40.7860227_-73.9152739
40.7860259_-73.9152499
40.7860356_-73.9395468
40.7860433_-73.9837449
40.7860487_-73.9292961
40.7860943_-73.9815169
40.7860992_-73.9396427
40.7861132_-73.9396761
40.7861225_-73.9256932
40.7861572_-73.9457078
40.7861676_-73.9298625
40.786184_-73.981448
40.7861881_-73.9294582
40.7862071_-73.9398997
40.7862174_-73.983496
40.7862502_-73.9392027
40.7862708_-73.9836247
40.786271_-73.9675425
40.7862741_-73.9456221
40.7862926_-73.9797618
40.786293_-74.008472
40.786311_-73.981378
40.786322_-74.0012373
40.7863571_-73.9341617
40.7863627_-73.9759753
40.7863628_-73.9297597
40.7863834_-73.9316462
40.7863933_-73.9780019
40.786404_-74.004634
40.7864141_-73.9484396
40.7864281_-73.9463408
40.786437_-73.9316073
40.786438_-73.942395
40.7864571_-73.9721035
40.786458_-73.981315
40.7864652_-73.9781723
40.7864676_-73.9301191
40.7864873_-73.9721756
40.7864938_-73.9524117
40.7854766_-73.9440575
40.7855038_-73.9400768
40.7855058_-74.0068385
40.7855211_-73.9398723
40.785531_-74.009239
40.7855389_-73.9402213
40.7855496_-73.9145379
40.7855514_-73.984481
40.7855684_-73.9845872
40.7855695_-73.9843722
40.7855751_-74.0069919
40.7855935_-73.9820114
40.7855991_-73.9841561
40.785599_-73.9673291
40.7856058_-73.9843016
40.7856102_-73.9846671
40.7856109_-73.9482126
40.7856199_-73.9838624
40.7856272_-73.9846956
40.7856379_-73.9401039
40.7856418_-73.9842622
40.785652_-74.003806
40.7856554_-73.9397317
40.785659_-73.9802226
40.7856655_-73.9847284
40.7856675_-73.9398915
40.78567_-73.9839874
40.785709_-74.016686
40.7857152_-73.9847552
40.785722_-73.9396702
40.7857271_-73.984222
40.7857306_-73.9400034
40.7857321_-73.9764355
40.785733_-74.005411
40.785747_-73.9784767
40.7857571_-73.9398015
40.7857582_-74.0008259
40.7857693_-73.9847642
40.7857694_-73.9725914
40.7857921_-73.9428589
40.7857932_-73.9300215
40.7857957_-73.9842278
40.7857968_-73.9320717
40.7858022_-73.9529164
40.7858043_-73.9726737
40.7858192_-73.9786487
40.785822_-74.007725
40.7858245_-73.9399061
40.785842_-73.9837108
40.7858494_-73.9847463
40.7858499_-73.984257
40.7858545_-73.9257683
40.7858545_-73.9397063
40.7858671_-73.9509262
40.7858701_-73.9488338
40.7859102_-73.9531708
40.7859108_-73.9398156
40.7859115_-73.9846748
40.7859188_-73.9843478
40.7859253_-73.9551138
40.785944_-73.9844389
40.7859465_-73.9844917
40.7859476_-73.9845719
40.7859591_-73.9674765
40.7859684_-73.9153688
40.7859744_-73.9688609
40.7859811_-73.9816132
40.7859848_-73.9571722
40.7859849_-73.9151568
40.7859941_-74.015588
40.7859965_-73.9153362
40.7859984_-73.9397334
40.7860042_-73.9151915
40.7860148_-73.9153033
40.7860201_-73.9152212
40.7860227_-73.9152739
40.7860259_-73.9152499
40.7860356_-73.9395468
40.7860433_-73.9837449
40.7860487_-73.9292961
40.7860943_-73.9815169
40.7860992_-73.9396427
40.7861132_-73.9396761
40.7861225_-73.9256932
40.7861572_-73.9457078
40.7861676_-73.9298625
40.786184_-73.981448
40.7861881_-73.9294582
40.7862071_-73.9398997
40.7862174_-73.983496
40.7862502_-73.9392027
40.7862708_-73.9836247
40.786271_-73.9675425
40.7862741_-73.9456221
40.7862926_-73.9797618
40.786293_-74.008472
40.786311_-73.981378
40.786322_-74.0012373
40.7863571_-73.9341617
40.7863627_-73.9759753
40.7863628_-73.9297597
40.7863834_-73.9316462
40.7863933_-73.9780019
40.786404_-74.004634
40.7864141_-73.9484396
40.7864281_-73.9463408
40.786437_-73.9316073
40.786438_-73.942395
40.7864571_-73.9721035
40.786458_-73.981315
40.7864652_-73.9781723
40.7864676_-73.9301191
40.7864873_-73.9721756
40.7864938_-73.9524117
("40.7854766_-73.9440575","40.7855038_-73.9400768","40.7855058_-74.0068385","40.7855211_-73.9398723","40.785531_-74.009239","40.7855389_-73.9402213","40.7855496_-73.9145379","40.7855514_-73.984481","40.7855684_-73.9845872","40.7855695_-73.9843722","40.7855751_-74.0069919","40.7855935_-73.9820114","40.7855991_-73.9841561","40.785599_-73.9673291","40.7856058_-73.9843016","40.7856102_-73.9846671","40.7856109_-73.9482126","40.7856199_-73.9838624","40.7856272_-73.9846956","40.7856379_-73.9401039","40.7856418_-73.9842622","40.785652_-74.003806","40.7856554_-73.9397317","40.785659_-73.9802226","40.7856655_-73.9847284","40.7856675_-73.9398915","40.78567_-73.9839874","40.785709_-74.016686","40.7857152_-73.9847552","40.785722_-73.9396702","40.7857271_-73.984222","40.7857306_-73.9400034","40.7857321_-73.9764355","40.785733_-74.005411","40.785747_-73.9784767","40.7857571_-73.9398015","40.7857582_-74.0008259","40.7857693_-73.9847642","40.7857694_-73.9725914","40.7857921_-73.9428589","40.7857932_-73.9300215","40.7857957_-73.9842278","40.7857968_-73.9320717","40.7858022_-73.9529164","40.7858043_-73.9726737","40.7858192_-73.9786487","40.785822_-74.007725","40.7858245_-73.9399061","40.785842_-73.9837108","40.7858494_-73.9847463","40.7858499_-73.984257","40.7858545_-73.9257683","40.7858545_-73.9397063","40.7858671_-73.9509262","40.7858701_-73.9488338","40.7859102_-73.9531708","40.7859108_-73.9398156","40.7859115_-73.9846748","40.7859188_-73.9843478","40.7859253_-73.9551138","40.785944_-73.9844389","40.7859465_-73.9844917","40.7859476_-73.9845719","40.7859591_-73.9674765","40.7859684_-73.9153688","40.7859744_-73.9688609","40.7859811_-73.9816132","40.7859848_-73.9571722","40.7859849_-73.9151568","40.7859941_-74.015588","40.7859965_-73.9153362","40.7859984_-73.9397334","40.7860042_-73.9151915","40.7860148_-73.9153033","40.7860201_-73.9152212","40.7860227_-73.9152739","40.7860259_-73.9152499","40.7860356_-73.9395468","40.7860433_-73.9837449","40.7860487_-73.9292961","40.7860943_-73.9815169","40.7860992_-73.9396427","40.7861132_-73.9396761","40.7861225_-73.9256932","40.7861572_-73.9457078","40.7861676_-73.9298625","40.786184_-73.981448","40.7861881_-73.9294582","40.7862071_-73.9398997","40.7862174_-73.983496","40.7862502_-73.9392027","40.7862708_-73.9836247","40.786271_-73.9675425","40.7862741_-73.9456221","40.7862926_-73.9797618","40.786293_-74.008472","40.786311_-73.981378","40.786322_-74.0012373","40.7863571_-73.9341617","40.7863627_-73.9759753","40.7863628_-73.9297597","40.7863834_-73.9316462","40.7863933_-73.9780019","40.786404_-74.004634","40.7864141_-73.9484396","40.7864281_-73.9463408","40.786437_-73.9316073","40.786438_-73.942395","40.7864571_-73.9721035","40.786458_-73.981315","40.7864652_-73.9781723","40.7864676_-73.9301191","40.7864873_-73.9721756","40.7864938_-73.9524117")
done
130.42user 813.54system 1:14:30elapsed 21%CPU (0avgtext+0avgdata 66572maxresident)k
779736inputs+48584outputs (26major+34284minor)pagefaults 0swaps
