40.7466002_-73.9692041
40.7466053_-73.9762222
40.7466082_-73.9745284
40.7466164_-73.9437976
40.746618_-73.993813
40.7466266_-74.0003111
40.7466379_-73.9552781
40.7466422_-73.9439092
40.746643_-73.97823
40.746659_-73.990067
40.7466696_-73.9431408
40.7466699_-73.9744848
40.7466756_-73.97639
40.746676_-73.918942
40.7466773_-73.9433566
40.7466795_-73.9939533
40.746679_-74.0003519
40.7466805_-73.9478335
40.7467029_-73.9552566
40.746702_-73.931274
40.7467239_-74.0003734
40.7467434_-73.9431941
40.7467497_-73.9694113
40.7467607_-74.0077784
40.7467733_-74.0004015
40.746775_-73.908847
40.746784_-73.919869
40.746789_-73.988452
40.746795_-74.0078599
40.7468081_-73.994257
40.7468239_-74.0004369
40.746826_-73.938987
40.746832_-73.9691818
40.7468366_-73.9432589
40.746858_-73.917006
40.74685_-73.917958
40.7468657_-73.9712578
40.74686_-73.909675
40.746876_-73.952712
40.7468842_-74.0004776
40.746891_-73.920798
40.746897_-73.930291
40.7469062_-73.9453003
40.7469125_-73.9430732
40.7469178_-73.9563991
40.7469298_-73.9689035
40.7469339_-73.9712078
40.746941_-73.973193
40.7469424_-74.0005224
40.746944_-73.903796
40.746949_-73.909998
40.7469597_-73.9751644
40.7469622_-73.9814344
40.746965_-73.9813344
40.7469823_-73.9713246
40.7469849_-73.9711703
40.746984_-73.904769
40.7469904_-73.9425869
40.7469909_-73.9563802
40.7469968_-74.0005863
40.7469977_-73.9713634
40.7469996_-73.9423017
40.746999_-73.921724
40.7470176_-73.9691821
40.747019_-73.910285
40.74701_-73.977188
40.747023_-74.004653
40.7470274_-73.9709742
40.7470296_-73.9526625
40.7470361_-73.953529
40.7470391_-74.0006472
40.7470478_-73.9812613
40.7470488_-73.9563678
40.747068_-73.979238
40.7470753_-73.9292991
40.7470776_-73.9423517
40.747091_-73.903731
40.747098_-73.983443
40.7470997_-73.9753954
40.7471061_-74.0007658
40.747107_-73.922653
40.7471097_-73.9500728
40.7471181_-73.9422426
40.7471222_-73.9563619
40.7471229_-73.9716689
40.7471233_-73.9814491
40.747123_-73.910784
40.7471413_-73.9424932
40.7471511_-73.9563617
40.7471578_-73.9811671
40.747164_-74.0008811
40.747168_-73.9854922
40.747179_-73.916941
40.7471865_-73.9990055
40.7471909_-73.9563615
40.7471913_-73.9426188
40.7471929_-73.95261
40.747192_-73.911195
40.7471968_-73.9690294
40.7471998_-73.9875144
40.7472035_-73.9970954
40.747214_-73.923581
40.7472176_-73.9293742
40.7472275_-73.9114731
40.7472288_-73.9422714
40.7472296_-73.9563641
40.747235_-73.993359
40.7472519_-73.9429379
40.747261_-73.911736
40.7472646_-73.9283223
40.7472675_-73.9563707
40.747273_-73.977812
40.7472765_-73.9686124
40.747277_-73.989617
40.7466002_-73.9692041
40.7466053_-73.9762222
40.7466082_-73.9745284
40.7466164_-73.9437976
40.746618_-73.993813
40.7466266_-74.0003111
40.7466379_-73.9552781
40.7466422_-73.9439092
40.746643_-73.97823
40.746659_-73.990067
40.7466696_-73.9431408
40.7466699_-73.9744848
40.7466756_-73.97639
40.746676_-73.918942
40.7466773_-73.9433566
40.7466795_-73.9939533
40.746679_-74.0003519
40.7466805_-73.9478335
40.7467029_-73.9552566
40.746702_-73.931274
40.7467239_-74.0003734
40.7467434_-73.9431941
40.7467497_-73.9694113
40.7467607_-74.0077784
40.7467733_-74.0004015
40.746775_-73.908847
40.746784_-73.919869
40.746789_-73.988452
40.746795_-74.0078599
40.7468081_-73.994257
40.7468239_-74.0004369
40.746826_-73.938987
40.746832_-73.9691818
40.7468366_-73.9432589
40.746858_-73.917006
40.74685_-73.917958
40.7468657_-73.9712578
40.74686_-73.909675
40.746876_-73.952712
40.7468842_-74.0004776
40.746891_-73.920798
40.746897_-73.930291
40.7469062_-73.9453003
40.7469125_-73.9430732
40.7469178_-73.9563991
40.7469298_-73.9689035
40.7469339_-73.9712078
40.746941_-73.973193
40.7469424_-74.0005224
40.746944_-73.903796
40.746949_-73.909998
40.7469597_-73.9751644
40.7469622_-73.9814344
40.746965_-73.9813344
40.7469823_-73.9713246
40.7469849_-73.9711703
40.746984_-73.904769
40.7469904_-73.9425869
40.7469909_-73.9563802
40.7469968_-74.0005863
40.7469977_-73.9713634
40.7469996_-73.9423017
40.746999_-73.921724
40.7470176_-73.9691821
40.747019_-73.910285
40.74701_-73.977188
40.747023_-74.004653
40.7470274_-73.9709742
40.7470296_-73.9526625
40.7470361_-73.953529
40.7470391_-74.0006472
40.7470478_-73.9812613
40.7470488_-73.9563678
40.747068_-73.979238
40.7470753_-73.9292991
40.7470776_-73.9423517
40.747091_-73.903731
40.747098_-73.983443
40.7470997_-73.9753954
40.7471061_-74.0007658
40.747107_-73.922653
40.7471097_-73.9500728
40.7471181_-73.9422426
40.7471222_-73.9563619
40.7471229_-73.9716689
40.7471233_-73.9814491
40.747123_-73.910784
40.7471413_-73.9424932
40.7471511_-73.9563617
40.7471578_-73.9811671
40.747164_-74.0008811
40.747168_-73.9854922
40.747179_-73.916941
40.7471865_-73.9990055
40.7471909_-73.9563615
40.7471913_-73.9426188
40.7471929_-73.95261
40.747192_-73.911195
40.7471968_-73.9690294
40.7471998_-73.9875144
40.7472035_-73.9970954
40.747214_-73.923581
40.7472176_-73.9293742
40.7472275_-73.9114731
40.7472288_-73.9422714
40.7472296_-73.9563641
40.747235_-73.993359
40.7472519_-73.9429379
40.747261_-73.911736
40.7472646_-73.9283223
40.7472675_-73.9563707
40.747273_-73.977812
40.7472765_-73.9686124
40.747277_-73.989617
("40.7466002_-73.9692041","40.7466053_-73.9762222","40.7466082_-73.9745284","40.7466164_-73.9437976","40.746618_-73.993813","40.7466266_-74.0003111","40.7466379_-73.9552781","40.7466422_-73.9439092","40.746643_-73.97823","40.746659_-73.990067","40.7466696_-73.9431408","40.7466699_-73.9744848","40.7466756_-73.97639","40.746676_-73.918942","40.7466773_-73.9433566","40.7466795_-73.9939533","40.746679_-74.0003519","40.7466805_-73.9478335","40.7467029_-73.9552566","40.746702_-73.931274","40.7467239_-74.0003734","40.7467434_-73.9431941","40.7467497_-73.9694113","40.7467607_-74.0077784","40.7467733_-74.0004015","40.746775_-73.908847","40.746784_-73.919869","40.746789_-73.988452","40.746795_-74.0078599","40.7468081_-73.994257","40.7468239_-74.0004369","40.746826_-73.938987","40.746832_-73.9691818","40.7468366_-73.9432589","40.746858_-73.917006","40.74685_-73.917958","40.7468657_-73.9712578","40.74686_-73.909675","40.746876_-73.952712","40.7468842_-74.0004776","40.746891_-73.920798","40.746897_-73.930291","40.7469062_-73.9453003","40.7469125_-73.9430732","40.7469178_-73.9563991","40.7469298_-73.9689035","40.7469339_-73.9712078","40.746941_-73.973193","40.7469424_-74.0005224","40.746944_-73.903796","40.746949_-73.909998","40.7469597_-73.9751644","40.7469622_-73.9814344","40.746965_-73.9813344","40.7469823_-73.9713246","40.7469849_-73.9711703","40.746984_-73.904769","40.7469904_-73.9425869","40.7469909_-73.9563802","40.7469968_-74.0005863","40.7469977_-73.9713634","40.7469996_-73.9423017","40.746999_-73.921724","40.7470176_-73.9691821","40.747019_-73.910285","40.74701_-73.977188","40.747023_-74.004653","40.7470274_-73.9709742","40.7470296_-73.9526625","40.7470361_-73.953529","40.7470391_-74.0006472","40.7470478_-73.9812613","40.7470488_-73.9563678","40.747068_-73.979238","40.7470753_-73.9292991","40.7470776_-73.9423517","40.747091_-73.903731","40.747098_-73.983443","40.7470997_-73.9753954","40.7471061_-74.0007658","40.747107_-73.922653","40.7471097_-73.9500728","40.7471181_-73.9422426","40.7471222_-73.9563619","40.7471229_-73.9716689","40.7471233_-73.9814491","40.747123_-73.910784","40.7471413_-73.9424932","40.7471511_-73.9563617","40.7471578_-73.9811671","40.747164_-74.0008811","40.747168_-73.9854922","40.747179_-73.916941","40.7471865_-73.9990055","40.7471909_-73.9563615","40.7471913_-73.9426188","40.7471929_-73.95261","40.747192_-73.911195","40.7471968_-73.9690294","40.7471998_-73.9875144","40.7472035_-73.9970954","40.747214_-73.923581","40.7472176_-73.9293742","40.7472275_-73.9114731","40.7472288_-73.9422714","40.7472296_-73.9563641","40.747235_-73.993359","40.7472519_-73.9429379","40.747261_-73.911736","40.7472646_-73.9283223","40.7472675_-73.9563707","40.747273_-73.977812","40.7472765_-73.9686124","40.747277_-73.989617")
done
138.65user 790.84system 1:15:49elapsed 20%CPU (0avgtext+0avgdata 81748maxresident)k
3636984inputs+99728outputs (46major+40608minor)pagefaults 0swaps
