40.7524981_-73.9297743
40.7524983_-73.9438694
40.7525007_-73.9437155
40.7525018_-73.9667721
40.7525029_-73.9779689
40.7525086_-73.9669078
40.7525109_-73.9452093
40.752514_-73.9668354
40.752517_-73.964863
40.7525369_-73.9780098
40.7525506_-73.9438228
40.7525518_-73.9451791
40.7525608_-73.9102761
40.7525611_-73.9297231
40.7525676_-73.9052616
40.7525809_-73.978029
40.752584_-73.9242209
40.7526056_-73.9437671
40.752609_-73.949596
40.7526224_-73.9103051
40.752628_-73.9327798
40.7526294_-73.9780292
40.7526318_-73.9329619
40.7526338_-73.9651367
40.752635_-73.929663
40.752641_-74.0042976
40.7526426_-73.9968717
40.752647_-73.9453257
40.75264_-73.939871
40.7526663_-73.9437088
40.752672_-73.936402
40.7526776_-73.9946011
40.7526785_-73.9780119
40.7526826_-73.9455709
40.7526895_-74.0005305
40.752692_-73.973045
40.7526934_-73.9701098
40.752693_-73.93291
40.7526962_-73.905215
40.7527011_-73.9672089
40.7527086_-73.9454155
40.7527143_-73.9673044
40.7527264_-73.9967938
40.75272_-73.9103137
40.7527412_-73.9671673
40.752741_-73.975102
40.7527514_-73.9667822
40.7527518_-73.9454854
40.7527548_-73.9148752
40.7527591_-73.9328564
40.7527672_-73.9330501
40.7527732_-73.9228045
40.7527736_-73.9459775
40.7527764_-73.9700488
40.7527829_-73.9273353
40.752782_-73.9455452
40.752788_-73.9670708
40.752799_-73.9652
40.7528022_-73.9792861
40.7528099_-73.9272039
40.752814_-73.981372
40.7528173_-73.9670351
40.752836_-73.9459273
40.7528378_-73.9573807
40.7528393_-73.9573317
40.7528405_-73.9833495
40.7528454_-73.9574256
40.7528478_-73.9102938
40.7528528_-73.9272784
40.752855_-73.9572968
40.7528582_-73.9929759
40.7528604_-73.9105076
40.7528718_-73.9572727
40.7528842_-73.9228448
40.7528885_-73.9677116
40.752892_-73.9273486
40.752893_-73.98731
40.752895_-73.989243
40.7528997_-73.9669098
40.7529089_-73.9640192
40.7529138_-73.9669586
40.752913_-73.906075
40.752914_-73.930543
40.7529191_-73.9458631
40.7529226_-73.9221148
40.7529258_-73.9304083
40.7529269_-73.9272181
40.7529271_-73.9453403
40.752935_-73.985488
40.7529411_-73.9504667
40.7529647_-73.9456796
40.7529723_-73.9304956
40.7529755_-73.9070476
40.7529799_-73.9668795
40.7529805_-73.9102518
40.7529834_-73.9699017
40.7529846_-73.910402
40.7529852_-73.9577173
40.7529854_-73.9458339
40.7529856_-73.9100346
40.7529928_-74.0070523
40.7529994_-73.9105795
40.7530033_-73.9455077
40.7530093_-73.9305652
40.753013_-73.950402
40.7530256_-73.9096551
40.7530285_-73.9666411
40.753037_-73.940616
40.7530383_-73.9063693
40.7530411_-73.9221629
40.753041_-73.9304398
40.753052_-73.9109861
40.753055_-73.9215122
40.7530649_-73.9635833
40.7524981_-73.9297743
40.7524983_-73.9438694
40.7525007_-73.9437155
40.7525018_-73.9667721
40.7525029_-73.9779689
40.7525086_-73.9669078
40.7525109_-73.9452093
40.752514_-73.9668354
40.752517_-73.964863
40.7525369_-73.9780098
40.7525506_-73.9438228
40.7525518_-73.9451791
40.7525608_-73.9102761
40.7525611_-73.9297231
40.7525676_-73.9052616
40.7525809_-73.978029
40.752584_-73.9242209
40.7526056_-73.9437671
40.752609_-73.949596
40.7526224_-73.9103051
40.752628_-73.9327798
40.7526294_-73.9780292
40.7526318_-73.9329619
40.7526338_-73.9651367
40.752635_-73.929663
40.752641_-74.0042976
40.7526426_-73.9968717
40.752647_-73.9453257
40.75264_-73.939871
40.7526663_-73.9437088
40.752672_-73.936402
40.7526776_-73.9946011
40.7526785_-73.9780119
40.7526826_-73.9455709
40.7526895_-74.0005305
40.752692_-73.973045
40.7526934_-73.9701098
40.752693_-73.93291
40.7526962_-73.905215
40.7527011_-73.9672089
40.7527086_-73.9454155
40.7527143_-73.9673044
40.7527264_-73.9967938
40.75272_-73.9103137
40.7527412_-73.9671673
40.752741_-73.975102
40.7527514_-73.9667822
40.7527518_-73.9454854
40.7527548_-73.9148752
40.7527591_-73.9328564
40.7527672_-73.9330501
40.7527732_-73.9228045
40.7527736_-73.9459775
40.7527764_-73.9700488
40.7527829_-73.9273353
40.752782_-73.9455452
40.752788_-73.9670708
40.752799_-73.9652
40.7528022_-73.9792861
40.7528099_-73.9272039
40.752814_-73.981372
40.7528173_-73.9670351
40.752836_-73.9459273
40.7528378_-73.9573807
40.7528393_-73.9573317
40.7528405_-73.9833495
40.7528454_-73.9574256
40.7528478_-73.9102938
40.7528528_-73.9272784
40.752855_-73.9572968
40.7528582_-73.9929759
40.7528604_-73.9105076
40.7528718_-73.9572727
40.7528842_-73.9228448
40.7528885_-73.9677116
40.752892_-73.9273486
40.752893_-73.98731
40.752895_-73.989243
40.7528997_-73.9669098
40.7529089_-73.9640192
40.7529138_-73.9669586
40.752913_-73.906075
40.752914_-73.930543
40.7529191_-73.9458631
40.7529226_-73.9221148
40.7529258_-73.9304083
40.7529269_-73.9272181
40.7529271_-73.9453403
40.752935_-73.985488
40.7529411_-73.9504667
40.7529647_-73.9456796
40.7529723_-73.9304956
40.7529755_-73.9070476
40.7529799_-73.9668795
40.7529805_-73.9102518
40.7529834_-73.9699017
40.7529846_-73.910402
40.7529852_-73.9577173
40.7529854_-73.9458339
40.7529856_-73.9100346
40.7529928_-74.0070523
40.7529994_-73.9105795
40.7530033_-73.9455077
40.7530093_-73.9305652
40.753013_-73.950402
40.7530256_-73.9096551
40.7530285_-73.9666411
40.753037_-73.940616
40.7530383_-73.9063693
40.7530411_-73.9221629
40.753041_-73.9304398
40.753052_-73.9109861
40.753055_-73.9215122
40.7530649_-73.9635833
("40.7524981_-73.9297743","40.7524983_-73.9438694","40.7525007_-73.9437155","40.7525018_-73.9667721","40.7525029_-73.9779689","40.7525086_-73.9669078","40.7525109_-73.9452093","40.752514_-73.9668354","40.752517_-73.964863","40.7525369_-73.9780098","40.7525506_-73.9438228","40.7525518_-73.9451791","40.7525608_-73.9102761","40.7525611_-73.9297231","40.7525676_-73.9052616","40.7525809_-73.978029","40.752584_-73.9242209","40.7526056_-73.9437671","40.752609_-73.949596","40.7526224_-73.9103051","40.752628_-73.9327798","40.7526294_-73.9780292","40.7526318_-73.9329619","40.7526338_-73.9651367","40.752635_-73.929663","40.752641_-74.0042976","40.7526426_-73.9968717","40.752647_-73.9453257","40.75264_-73.939871","40.7526663_-73.9437088","40.752672_-73.936402","40.7526776_-73.9946011","40.7526785_-73.9780119","40.7526826_-73.9455709","40.7526895_-74.0005305","40.752692_-73.973045","40.7526934_-73.9701098","40.752693_-73.93291","40.7526962_-73.905215","40.7527011_-73.9672089","40.7527086_-73.9454155","40.7527143_-73.9673044","40.7527264_-73.9967938","40.75272_-73.9103137","40.7527412_-73.9671673","40.752741_-73.975102","40.7527514_-73.9667822","40.7527518_-73.9454854","40.7527548_-73.9148752","40.7527591_-73.9328564","40.7527672_-73.9330501","40.7527732_-73.9228045","40.7527736_-73.9459775","40.7527764_-73.9700488","40.7527829_-73.9273353","40.752782_-73.9455452","40.752788_-73.9670708","40.752799_-73.9652","40.7528022_-73.9792861","40.7528099_-73.9272039","40.752814_-73.981372","40.7528173_-73.9670351","40.752836_-73.9459273","40.7528378_-73.9573807","40.7528393_-73.9573317","40.7528405_-73.9833495","40.7528454_-73.9574256","40.7528478_-73.9102938","40.7528528_-73.9272784","40.752855_-73.9572968","40.7528582_-73.9929759","40.7528604_-73.9105076","40.7528718_-73.9572727","40.7528842_-73.9228448","40.7528885_-73.9677116","40.752892_-73.9273486","40.752893_-73.98731","40.752895_-73.989243","40.7528997_-73.9669098","40.7529089_-73.9640192","40.7529138_-73.9669586","40.752913_-73.906075","40.752914_-73.930543","40.7529191_-73.9458631","40.7529226_-73.9221148","40.7529258_-73.9304083","40.7529269_-73.9272181","40.7529271_-73.9453403","40.752935_-73.985488","40.7529411_-73.9504667","40.7529647_-73.9456796","40.7529723_-73.9304956","40.7529755_-73.9070476","40.7529799_-73.9668795","40.7529805_-73.9102518","40.7529834_-73.9699017","40.7529846_-73.910402","40.7529852_-73.9577173","40.7529854_-73.9458339","40.7529856_-73.9100346","40.7529928_-74.0070523","40.7529994_-73.9105795","40.7530033_-73.9455077","40.7530093_-73.9305652","40.753013_-73.950402","40.7530256_-73.9096551","40.7530285_-73.9666411","40.753037_-73.940616","40.7530383_-73.9063693","40.7530411_-73.9221629","40.753041_-73.9304398","40.753052_-73.9109861","40.753055_-73.9215122","40.7530649_-73.9635833")
done
143.00user 804.67system 1:15:40elapsed 20%CPU (0avgtext+0avgdata 80520maxresident)k
619408inputs+99904outputs (45major+40671minor)pagefaults 0swaps
