40.773127_-73.9901418
40.7731362_-73.9110299
40.77314_-73.966537
40.7731588_-73.9110022
40.7731717_-73.9820904
40.7731785_-74.0154493
40.773178_-73.986443
40.7731796_-73.9324043
40.7731889_-73.9688589
40.7731952_-74.012379
40.7731984_-74.0149756
40.773202_-73.92737
40.7732062_-73.9272616
40.773207_-73.9310096
40.7732229_-73.9447783
40.7732247_-73.9213269
40.7732322_-73.9444409
40.7732457_-73.9113562
40.7732464_-73.9290225
40.7732552_-74.0139058
40.7732569_-74.0154171
40.7732575_-73.9689159
40.7732825_-73.9252726
40.773282_-73.932344
40.7732892_-73.9250983
40.7732971_-73.9763213
40.7733011_-73.9905426
40.773302_-73.9112847
40.7733122_-73.9689793
40.7733141_-73.9290234
40.7733322_-73.9550869
40.773343_-73.9490092
40.7733461_-73.9906462
40.7733709_-73.9067888
40.7733861_-73.9691269
40.7733864_-73.9289911
40.7734001_-73.9442913
40.7734027_-73.970011
40.7734109_-73.9698585
40.7734262_-73.9692124
40.7734277_-73.9701734
40.7734288_-74.0153603
40.773441_-73.920962
40.7734477_-73.9929116
40.773449_-73.913974
40.7734517_-73.9115713
40.7734523_-73.9693046
40.7734602_-73.9695436
40.773464_-73.923148
40.7734672_-73.9931433
40.7734681_-73.9694271
40.7734692_-73.9213987
40.773475_-73.917077
40.7734785_-73.9703371
40.7734792_-73.9690964
40.7734858_-73.9249436
40.7734934_-73.9890921
40.7734975_-74.0137446
40.7735136_-73.9299328
40.7735173_-73.9249183
40.7735309_-73.9208523
40.7735403_-73.9853385
40.7735424_-73.92216
40.7735464_-73.9250654
40.7735494_-73.9705912
40.7735541_-73.9834165
40.7735731_-73.9578122
40.7735861_-73.9218331
40.7735985_-73.9298923
40.77359_-73.9707366
40.7736012_-73.9117822
40.7736018_-73.9815725
40.7736062_-73.9708064
40.773622_-73.945728
40.7736307_-73.9709116
40.7736342_-73.9875046
40.7736344_-73.9617942
40.7736361_-73.9691561
40.7736444_-73.9517323
40.773644_-73.9598562
40.7736451_-73.9360492
40.773647_-73.9321442
40.7736509_-73.970999
40.773652_-74.016846
40.773656_-73.977827
40.7736647_-74.0120158
40.7736688_-73.9710721
40.7736935_-73.9691678
40.7736951_-73.9116662
40.7737119_-73.9779591
40.7737182_-73.9712963
40.7737343_-73.9620316
40.7737351_-73.9640105
40.7737362_-73.9713756
40.7737375_-73.9838387
40.7737487_-73.9360935
40.773757_-73.923806
40.7737605_-73.9220561
40.7737612_-73.9361347
40.7737634_-73.9714682
40.7737722_-73.9726038
40.773772_-74.01894
40.7737731_-73.9727065
40.773773_-73.966074
40.7737769_-73.9724825
40.7737824_-73.9727949
40.7737906_-73.9897759
40.7737965_-73.9722894
40.7737967_-73.9728962
40.7738147_-73.9729973
40.7738281_-73.9716878
40.7738311_-73.9760211
40.7738325_-73.9821224
40.773835_-73.927841
40.773127_-73.9901418
40.7731362_-73.9110299
40.77314_-73.966537
40.7731588_-73.9110022
40.7731717_-73.9820904
40.7731785_-74.0154493
40.773178_-73.986443
40.7731796_-73.9324043
40.7731889_-73.9688589
40.7731952_-74.012379
40.7731984_-74.0149756
40.773202_-73.92737
40.7732062_-73.9272616
40.773207_-73.9310096
40.7732229_-73.9447783
40.7732247_-73.9213269
40.7732322_-73.9444409
40.7732457_-73.9113562
40.7732464_-73.9290225
40.7732552_-74.0139058
40.7732569_-74.0154171
40.7732575_-73.9689159
40.7732825_-73.9252726
40.773282_-73.932344
40.7732892_-73.9250983
40.7732971_-73.9763213
40.7733011_-73.9905426
40.773302_-73.9112847
40.7733122_-73.9689793
40.7733141_-73.9290234
40.7733322_-73.9550869
40.773343_-73.9490092
40.7733461_-73.9906462
40.7733709_-73.9067888
40.7733861_-73.9691269
40.7733864_-73.9289911
40.7734001_-73.9442913
40.7734027_-73.970011
40.7734109_-73.9698585
40.7734262_-73.9692124
40.7734277_-73.9701734
40.7734288_-74.0153603
40.773441_-73.920962
40.7734477_-73.9929116
40.773449_-73.913974
40.7734517_-73.9115713
40.7734523_-73.9693046
40.7734602_-73.9695436
40.773464_-73.923148
40.7734672_-73.9931433
40.7734681_-73.9694271
40.7734692_-73.9213987
40.773475_-73.917077
40.7734785_-73.9703371
40.7734792_-73.9690964
40.7734858_-73.9249436
40.7734934_-73.9890921
40.7734975_-74.0137446
40.7735136_-73.9299328
40.7735173_-73.9249183
40.7735309_-73.9208523
40.7735403_-73.9853385
40.7735424_-73.92216
40.7735464_-73.9250654
40.7735494_-73.9705912
40.7735541_-73.9834165
40.7735731_-73.9578122
40.7735861_-73.9218331
40.7735985_-73.9298923
40.77359_-73.9707366
40.7736012_-73.9117822
40.7736018_-73.9815725
40.7736062_-73.9708064
40.773622_-73.945728
40.7736307_-73.9709116
40.7736342_-73.9875046
40.7736344_-73.9617942
40.7736361_-73.9691561
40.7736444_-73.9517323
40.773644_-73.9598562
40.7736451_-73.9360492
40.773647_-73.9321442
40.7736509_-73.970999
40.773652_-74.016846
40.773656_-73.977827
40.7736647_-74.0120158
40.7736688_-73.9710721
40.7736935_-73.9691678
40.7736951_-73.9116662
40.7737119_-73.9779591
40.7737182_-73.9712963
40.7737343_-73.9620316
40.7737351_-73.9640105
40.7737362_-73.9713756
40.7737375_-73.9838387
40.7737487_-73.9360935
40.773757_-73.923806
40.7737605_-73.9220561
40.7737612_-73.9361347
40.7737634_-73.9714682
40.7737722_-73.9726038
40.773772_-74.01894
40.7737731_-73.9727065
40.773773_-73.966074
40.7737769_-73.9724825
40.7737824_-73.9727949
40.7737906_-73.9897759
40.7737965_-73.9722894
40.7737967_-73.9728962
40.7738147_-73.9729973
40.7738281_-73.9716878
40.7738311_-73.9760211
40.7738325_-73.9821224
40.773835_-73.927841
("40.773127_-73.9901418","40.7731362_-73.9110299","40.77314_-73.966537","40.7731588_-73.9110022","40.7731717_-73.9820904","40.7731785_-74.0154493","40.773178_-73.986443","40.7731796_-73.9324043","40.7731889_-73.9688589","40.7731952_-74.012379","40.7731984_-74.0149756","40.773202_-73.92737","40.7732062_-73.9272616","40.773207_-73.9310096","40.7732229_-73.9447783","40.7732247_-73.9213269","40.7732322_-73.9444409","40.7732457_-73.9113562","40.7732464_-73.9290225","40.7732552_-74.0139058","40.7732569_-74.0154171","40.7732575_-73.9689159","40.7732825_-73.9252726","40.773282_-73.932344","40.7732892_-73.9250983","40.7732971_-73.9763213","40.7733011_-73.9905426","40.773302_-73.9112847","40.7733122_-73.9689793","40.7733141_-73.9290234","40.7733322_-73.9550869","40.773343_-73.9490092","40.7733461_-73.9906462","40.7733709_-73.9067888","40.7733861_-73.9691269","40.7733864_-73.9289911","40.7734001_-73.9442913","40.7734027_-73.970011","40.7734109_-73.9698585","40.7734262_-73.9692124","40.7734277_-73.9701734","40.7734288_-74.0153603","40.773441_-73.920962","40.7734477_-73.9929116","40.773449_-73.913974","40.7734517_-73.9115713","40.7734523_-73.9693046","40.7734602_-73.9695436","40.773464_-73.923148","40.7734672_-73.9931433","40.7734681_-73.9694271","40.7734692_-73.9213987","40.773475_-73.917077","40.7734785_-73.9703371","40.7734792_-73.9690964","40.7734858_-73.9249436","40.7734934_-73.9890921","40.7734975_-74.0137446","40.7735136_-73.9299328","40.7735173_-73.9249183","40.7735309_-73.9208523","40.7735403_-73.9853385","40.7735424_-73.92216","40.7735464_-73.9250654","40.7735494_-73.9705912","40.7735541_-73.9834165","40.7735731_-73.9578122","40.7735861_-73.9218331","40.7735985_-73.9298923","40.77359_-73.9707366","40.7736012_-73.9117822","40.7736018_-73.9815725","40.7736062_-73.9708064","40.773622_-73.945728","40.7736307_-73.9709116","40.7736342_-73.9875046","40.7736344_-73.9617942","40.7736361_-73.9691561","40.7736444_-73.9517323","40.773644_-73.9598562","40.7736451_-73.9360492","40.773647_-73.9321442","40.7736509_-73.970999","40.773652_-74.016846","40.773656_-73.977827","40.7736647_-74.0120158","40.7736688_-73.9710721","40.7736935_-73.9691678","40.7736951_-73.9116662","40.7737119_-73.9779591","40.7737182_-73.9712963","40.7737343_-73.9620316","40.7737351_-73.9640105","40.7737362_-73.9713756","40.7737375_-73.9838387","40.7737487_-73.9360935","40.773757_-73.923806","40.7737605_-73.9220561","40.7737612_-73.9361347","40.7737634_-73.9714682","40.7737722_-73.9726038","40.773772_-74.01894","40.7737731_-73.9727065","40.773773_-73.966074","40.7737769_-73.9724825","40.7737824_-73.9727949","40.7737906_-73.9897759","40.7737965_-73.9722894","40.7737967_-73.9728962","40.7738147_-73.9729973","40.7738281_-73.9716878","40.7738311_-73.9760211","40.7738325_-73.9821224","40.773835_-73.927841")
done
134.91user 824.70system 1:13:31elapsed 21%CPU (0avgtext+0avgdata 72412maxresident)k
891456inputs+71232outputs (34major+37137minor)pagefaults 0swaps
