40.7229078_-73.9887918
40.7229157_-73.9533127
40.7229215_-74.004808
40.72293_-74.002174
40.7229508_-74.0048836
40.7229642_-74.011369
40.722965_-73.945356
40.722969_-73.9742684
40.7229767_-74.0114781
40.7229774_-73.9988489
40.7229794_-73.9987153
40.7229823_-73.9885488
40.7229867_-73.9949283
40.7229918_-73.9742555
40.722991_-73.935589
40.7229999_-74.0050566
40.72299_-73.910686
40.7230048_-73.9450063
40.723006_-74.0117233
40.7230079_-73.9886387
40.723009_-73.904571
40.723009_-73.985752
40.7230137_-73.9948552
40.723021_-73.998812
40.7230355_-73.9887309
40.7230361_-74.0052579
40.723036_-73.994909
40.7230376_-73.9586727
40.7230391_-73.9475734
40.7230438_-73.9741096
40.7230639_-73.994976
40.7230717_-73.9987691
40.7230754_-73.9989199
40.723075_-73.909361
40.723078_-73.93914
40.723078_-73.976477
40.723082_-73.91317
40.723085_-73.958749
40.723086_-73.921275
40.7230918_-73.9948857
40.723097_-73.944083
40.7231024_-73.9739294
40.7231105_-73.9587912
40.72311_-73.9894345
40.723123_-73.912086
40.723128_-74.0062192
40.723141_-73.906416
40.723158_-73.908475
40.7231759_-73.9472599
40.723183_-73.907163
40.723184_-73.943146
40.7231877_-73.9524753
40.7231956_-73.9475787
40.7231983_-73.9474289
40.723225_-73.954512
40.7232312_-73.9390732
40.7232423_-73.9885573
40.7232468_-73.9126638
40.7232513_-73.9620029
40.723273_-73.942222
40.723277_-73.937409
40.723277_-73.988451
40.723278_-73.982524
40.723283_-74.008003
40.7232875_-73.9948037
40.723308_-74.002982
40.7233192_-73.9957268
40.7233421_-73.9956454
40.723348_-73.939311
40.723352_-73.988629
40.7233639_-74.0077632
40.7233647_-73.9129763
40.723365_-73.941273
40.7233679_-73.9957075
40.7233688_-73.9127805
40.7233704_-73.9475895
40.7233779_-73.9903054
40.723386_-73.9340258
40.7233939_-73.9957703
40.7233966_-74.003076
40.72339_-73.956273
40.723423_-73.999609
40.7234264_-73.9956793
40.723433_-74.009535
40.7234494_-73.9367389
40.723449_-74.00383
40.7234535_-74.0075675
40.723454_-73.940323
40.723467_-73.996661
40.723486_-73.951646
40.7234985_-74.0032759
40.7235065_-73.9902345
40.7235071_-73.9792861
40.723513_-74.010341
40.7235292_-73.9956298
40.7235362_-73.9174282
40.7235407_-73.9582588
40.723544_-73.939397
40.7235528_-73.912633
40.723557_-73.9476329
40.7235599_-73.9946785
40.723579_-73.938912
40.7235845_-73.9474946
40.7235919_-73.958075
40.7235947_-73.9813676
40.7235993_-73.9910568
40.7236007_-73.9202146
40.723613_-74.0112198
40.7236239_-73.9872124
40.723625_-74.004786
40.7236272_-74.0113442
40.723649_-73.985286
40.72364_-73.958152
40.723669_-73.935885
40.7229078_-73.9887918
40.7229157_-73.9533127
40.7229215_-74.004808
40.72293_-74.002174
40.7229508_-74.0048836
40.7229642_-74.011369
40.722965_-73.945356
40.722969_-73.9742684
40.7229767_-74.0114781
40.7229774_-73.9988489
40.7229794_-73.9987153
40.7229823_-73.9885488
40.7229867_-73.9949283
40.7229918_-73.9742555
40.722991_-73.935589
40.7229999_-74.0050566
40.72299_-73.910686
40.7230048_-73.9450063
40.723006_-74.0117233
40.7230079_-73.9886387
40.723009_-73.904571
40.723009_-73.985752
40.7230137_-73.9948552
40.723021_-73.998812
40.7230355_-73.9887309
40.7230361_-74.0052579
40.723036_-73.994909
40.7230376_-73.9586727
40.7230391_-73.9475734
40.7230438_-73.9741096
40.7230639_-73.994976
40.7230717_-73.9987691
40.7230754_-73.9989199
40.723075_-73.909361
40.723078_-73.93914
40.723078_-73.976477
40.723082_-73.91317
40.723085_-73.958749
40.723086_-73.921275
40.7230918_-73.9948857
40.723097_-73.944083
40.7231024_-73.9739294
40.7231105_-73.9587912
40.72311_-73.9894345
40.723123_-73.912086
40.723128_-74.0062192
40.723141_-73.906416
40.723158_-73.908475
40.7231759_-73.9472599
40.723183_-73.907163
40.723184_-73.943146
40.7231877_-73.9524753
40.7231956_-73.9475787
40.7231983_-73.9474289
40.723225_-73.954512
40.7232312_-73.9390732
40.7232423_-73.9885573
40.7232468_-73.9126638
40.7232513_-73.9620029
40.723273_-73.942222
40.723277_-73.937409
40.723277_-73.988451
40.723278_-73.982524
40.723283_-74.008003
40.7232875_-73.9948037
40.723308_-74.002982
40.7233192_-73.9957268
40.7233421_-73.9956454
40.723348_-73.939311
40.723352_-73.988629
40.7233639_-74.0077632
40.7233647_-73.9129763
40.723365_-73.941273
40.7233679_-73.9957075
40.7233688_-73.9127805
40.7233704_-73.9475895
40.7233779_-73.9903054
40.723386_-73.9340258
40.7233939_-73.9957703
40.7233966_-74.003076
40.72339_-73.956273
40.723423_-73.999609
40.7234264_-73.9956793
40.723433_-74.009535
40.7234494_-73.9367389
40.723449_-74.00383
40.7234535_-74.0075675
40.723454_-73.940323
40.723467_-73.996661
40.723486_-73.951646
40.7234985_-74.0032759
40.7235065_-73.9902345
40.7235071_-73.9792861
40.723513_-74.010341
40.7235292_-73.9956298
40.7235362_-73.9174282
40.7235407_-73.9582588
40.723544_-73.939397
40.7235528_-73.912633
40.723557_-73.9476329
40.7235599_-73.9946785
40.723579_-73.938912
40.7235845_-73.9474946
40.7235919_-73.958075
40.7235947_-73.9813676
40.7235993_-73.9910568
40.7236007_-73.9202146
40.723613_-74.0112198
40.7236239_-73.9872124
40.723625_-74.004786
40.7236272_-74.0113442
40.723649_-73.985286
40.72364_-73.958152
40.723669_-73.935885
("40.7229078_-73.9887918","40.7229157_-73.9533127","40.7229215_-74.004808","40.72293_-74.002174","40.7229508_-74.0048836","40.7229642_-74.011369","40.722965_-73.945356","40.722969_-73.9742684","40.7229767_-74.0114781","40.7229774_-73.9988489","40.7229794_-73.9987153","40.7229823_-73.9885488","40.7229867_-73.9949283","40.7229918_-73.9742555","40.722991_-73.935589","40.7229999_-74.0050566","40.72299_-73.910686","40.7230048_-73.9450063","40.723006_-74.0117233","40.7230079_-73.9886387","40.723009_-73.904571","40.723009_-73.985752","40.7230137_-73.9948552","40.723021_-73.998812","40.7230355_-73.9887309","40.7230361_-74.0052579","40.723036_-73.994909","40.7230376_-73.9586727","40.7230391_-73.9475734","40.7230438_-73.9741096","40.7230639_-73.994976","40.7230717_-73.9987691","40.7230754_-73.9989199","40.723075_-73.909361","40.723078_-73.93914","40.723078_-73.976477","40.723082_-73.91317","40.723085_-73.958749","40.723086_-73.921275","40.7230918_-73.9948857","40.723097_-73.944083","40.7231024_-73.9739294","40.7231105_-73.9587912","40.72311_-73.9894345","40.723123_-73.912086","40.723128_-74.0062192","40.723141_-73.906416","40.723158_-73.908475","40.7231759_-73.9472599","40.723183_-73.907163","40.723184_-73.943146","40.7231877_-73.9524753","40.7231956_-73.9475787","40.7231983_-73.9474289","40.723225_-73.954512","40.7232312_-73.9390732","40.7232423_-73.9885573","40.7232468_-73.9126638","40.7232513_-73.9620029","40.723273_-73.942222","40.723277_-73.937409","40.723277_-73.988451","40.723278_-73.982524","40.723283_-74.008003","40.7232875_-73.9948037","40.723308_-74.002982","40.7233192_-73.9957268","40.7233421_-73.9956454","40.723348_-73.939311","40.723352_-73.988629","40.7233639_-74.0077632","40.7233647_-73.9129763","40.723365_-73.941273","40.7233679_-73.9957075","40.7233688_-73.9127805","40.7233704_-73.9475895","40.7233779_-73.9903054","40.723386_-73.9340258","40.7233939_-73.9957703","40.7233966_-74.003076","40.72339_-73.956273","40.723423_-73.999609","40.7234264_-73.9956793","40.723433_-74.009535","40.7234494_-73.9367389","40.723449_-74.00383","40.7234535_-74.0075675","40.723454_-73.940323","40.723467_-73.996661","40.723486_-73.951646","40.7234985_-74.0032759","40.7235065_-73.9902345","40.7235071_-73.9792861","40.723513_-74.010341","40.7235292_-73.9956298","40.7235362_-73.9174282","40.7235407_-73.9582588","40.723544_-73.939397","40.7235528_-73.912633","40.723557_-73.9476329","40.7235599_-73.9946785","40.723579_-73.938912","40.7235845_-73.9474946","40.7235919_-73.958075","40.7235947_-73.9813676","40.7235993_-73.9910568","40.7236007_-73.9202146","40.723613_-74.0112198","40.7236239_-73.9872124","40.723625_-74.004786","40.7236272_-74.0113442","40.723649_-73.985286","40.72364_-73.958152","40.723669_-73.935885")
done
147.85user 813.98system 1:14:49elapsed 21%CPU (0avgtext+0avgdata 68644maxresident)k
376960inputs+49664outputs (25major+35524minor)pagefaults 0swaps
