40.8203745_-73.9400971
40.820382_-73.926946
40.820394_-73.913963
40.820397_-73.947568
40.820433_-73.991622
40.8204561_-73.9979196
40.8204628_-73.9362798
40.820465_-73.947594
40.820488_-74.0153116
40.820494_-73.922652
40.8205362_-73.9307797
40.8205379_-73.9774231
40.8205502_-73.949226
40.820557_-73.988514
40.820564_-73.905226
40.820572_-73.946403
40.8205897_-73.9584477
40.8206097_-73.9584609
40.820625_-73.91168
40.82063_-73.9101244
40.820647_-73.917713
40.820677_-74.007259
40.8207465_-73.9545236
40.8207504_-73.9059992
40.820755_-73.9267511
40.8207664_-73.930853
40.8207784_-73.9545991
40.8207814_-73.9343523
40.8208086_-73.9583107
40.8208164_-74.0080072
40.8208228_-73.9508143
40.820823_-73.915609
40.8208269_-73.9344897
40.8208309_-73.9547233
40.820833_-73.92119
40.8208551_-73.9592478
40.820861_-73.91257
40.8208655_-73.9489953
40.8208736_-73.9451567
40.8208979_-73.9115192
40.820906_-73.9581873
40.820917_-73.943322
40.8209353_-73.9394931
40.820944_-73.906811
40.820963_-73.908926
40.8209669_-73.9580836
40.8209916_-73.9587803
40.8209975_-73.9396411
40.821032_-73.921948
40.8210368_-73.9250004
40.8210372_-73.9579501
40.821091_-73.903793
40.821111_-73.92748
40.8211205_-73.9357508
40.8211505_-73.9575495
40.8211646_-73.9343352
40.821168_-73.90775
40.821168_-73.99031
40.821169_-73.913553
40.821178_-73.9487669
40.8211912_-73.9099246
40.821193_-73.947899
40.8211971_-73.9344725
40.8212109_-73.9573932
40.8212418_-73.9258146
40.8212481_-73.9099045
40.8212602_-73.9573166
40.8212618_-73.9460796
40.821263_-73.911316
40.8212728_-73.9758881
40.8212761_-73.9174194
40.821292_-73.911426
40.8213196_-73.9215167
40.8213403_-73.9579987
40.821356_-74.006223
40.8213641_-73.9540875
40.8213655_-73.9769502
40.821371_-73.904897
40.8214283_-73.9577804
40.8214395_-73.9503639
40.8214465_-73.9542759
40.821462_-73.944603
40.821486_-73.912168
40.821487_-73.948541
40.8214943_-73.9446918
40.8215038_-73.9111732
40.8215143_-73.9208776
40.821516_-73.958393
40.8215349_-73.9344467
40.821541_-74.004903
40.821542_-73.942865
40.8215451_-73.927298
40.821549_-73.9211522
40.8215513_-73.9210581
40.821557_-73.905659
40.82155_-73.944845
40.8216029_-73.958591
40.8216091_-73.9390145
40.8216237_-73.9586576
40.821668_-73.9391533
40.8216794_-73.95751
40.82167_-73.915181
40.821699_-74.009387
40.8217009_-73.9529081
40.821706_-73.9309842
40.821707_-73.956797
40.821715_-73.906457
40.8217394_-73.9207739
40.8217395_-73.9352815
40.8217502_-73.9472408
40.8217508_-73.9576108
40.8217587_-73.9586584
40.821769_-73.9586641
40.8217755_-73.9291724
40.8203745_-73.9400971
40.820382_-73.926946
40.820394_-73.913963
40.820397_-73.947568
40.820433_-73.991622
40.8204561_-73.9979196
40.8204628_-73.9362798
40.820465_-73.947594
40.820488_-74.0153116
40.820494_-73.922652
40.8205362_-73.9307797
40.8205379_-73.9774231
40.8205502_-73.949226
40.820557_-73.988514
40.820564_-73.905226
40.820572_-73.946403
40.8205897_-73.9584477
40.8206097_-73.9584609
40.820625_-73.91168
40.82063_-73.9101244
40.820647_-73.917713
40.820677_-74.007259
40.8207465_-73.9545236
40.8207504_-73.9059992
40.820755_-73.9267511
40.8207664_-73.930853
40.8207784_-73.9545991
40.8207814_-73.9343523
40.8208086_-73.9583107
40.8208164_-74.0080072
40.8208228_-73.9508143
40.820823_-73.915609
40.8208269_-73.9344897
40.8208309_-73.9547233
40.820833_-73.92119
40.8208551_-73.9592478
40.820861_-73.91257
40.8208655_-73.9489953
40.8208736_-73.9451567
40.8208979_-73.9115192
40.820906_-73.9581873
40.820917_-73.943322
40.8209353_-73.9394931
40.820944_-73.906811
40.820963_-73.908926
40.8209669_-73.9580836
40.8209916_-73.9587803
40.8209975_-73.9396411
40.821032_-73.921948
40.8210368_-73.9250004
40.8210372_-73.9579501
40.821091_-73.903793
40.821111_-73.92748
40.8211205_-73.9357508
40.8211505_-73.9575495
40.8211646_-73.9343352
40.821168_-73.90775
40.821168_-73.99031
40.821169_-73.913553
40.821178_-73.9487669
40.8211912_-73.9099246
40.821193_-73.947899
40.8211971_-73.9344725
40.8212109_-73.9573932
40.8212418_-73.9258146
40.8212481_-73.9099045
40.8212602_-73.9573166
40.8212618_-73.9460796
40.821263_-73.911316
40.8212728_-73.9758881
40.8212761_-73.9174194
40.821292_-73.911426
40.8213196_-73.9215167
40.8213403_-73.9579987
40.821356_-74.006223
40.8213641_-73.9540875
40.8213655_-73.9769502
40.821371_-73.904897
40.8214283_-73.9577804
40.8214395_-73.9503639
40.8214465_-73.9542759
40.821462_-73.944603
40.821486_-73.912168
40.821487_-73.948541
40.8214943_-73.9446918
40.8215038_-73.9111732
40.8215143_-73.9208776
40.821516_-73.958393
40.8215349_-73.9344467
40.821541_-74.004903
40.821542_-73.942865
40.8215451_-73.927298
40.821549_-73.9211522
40.8215513_-73.9210581
40.821557_-73.905659
40.82155_-73.944845
40.8216029_-73.958591
40.8216091_-73.9390145
40.8216237_-73.9586576
40.821668_-73.9391533
40.8216794_-73.95751
40.82167_-73.915181
40.821699_-74.009387
40.8217009_-73.9529081
40.821706_-73.9309842
40.821707_-73.956797
40.821715_-73.906457
40.8217394_-73.9207739
40.8217395_-73.9352815
40.8217502_-73.9472408
40.8217508_-73.9576108
40.8217587_-73.9586584
40.821769_-73.9586641
40.8217755_-73.9291724
("40.8203745_-73.9400971","40.820382_-73.926946","40.820394_-73.913963","40.820397_-73.947568","40.820433_-73.991622","40.8204561_-73.9979196","40.8204628_-73.9362798","40.820465_-73.947594","40.820488_-74.0153116","40.820494_-73.922652","40.8205362_-73.9307797","40.8205379_-73.9774231","40.8205502_-73.949226","40.820557_-73.988514","40.820564_-73.905226","40.820572_-73.946403","40.8205897_-73.9584477","40.8206097_-73.9584609","40.820625_-73.91168","40.82063_-73.9101244","40.820647_-73.917713","40.820677_-74.007259","40.8207465_-73.9545236","40.8207504_-73.9059992","40.820755_-73.9267511","40.8207664_-73.930853","40.8207784_-73.9545991","40.8207814_-73.9343523","40.8208086_-73.9583107","40.8208164_-74.0080072","40.8208228_-73.9508143","40.820823_-73.915609","40.8208269_-73.9344897","40.8208309_-73.9547233","40.820833_-73.92119","40.8208551_-73.9592478","40.820861_-73.91257","40.8208655_-73.9489953","40.8208736_-73.9451567","40.8208979_-73.9115192","40.820906_-73.9581873","40.820917_-73.943322","40.8209353_-73.9394931","40.820944_-73.906811","40.820963_-73.908926","40.8209669_-73.9580836","40.8209916_-73.9587803","40.8209975_-73.9396411","40.821032_-73.921948","40.8210368_-73.9250004","40.8210372_-73.9579501","40.821091_-73.903793","40.821111_-73.92748","40.8211205_-73.9357508","40.8211505_-73.9575495","40.8211646_-73.9343352","40.821168_-73.90775","40.821168_-73.99031","40.821169_-73.913553","40.821178_-73.9487669","40.8211912_-73.9099246","40.821193_-73.947899","40.8211971_-73.9344725","40.8212109_-73.9573932","40.8212418_-73.9258146","40.8212481_-73.9099045","40.8212602_-73.9573166","40.8212618_-73.9460796","40.821263_-73.911316","40.8212728_-73.9758881","40.8212761_-73.9174194","40.821292_-73.911426","40.8213196_-73.9215167","40.8213403_-73.9579987","40.821356_-74.006223","40.8213641_-73.9540875","40.8213655_-73.9769502","40.821371_-73.904897","40.8214283_-73.9577804","40.8214395_-73.9503639","40.8214465_-73.9542759","40.821462_-73.944603","40.821486_-73.912168","40.821487_-73.948541","40.8214943_-73.9446918","40.8215038_-73.9111732","40.8215143_-73.9208776","40.821516_-73.958393","40.8215349_-73.9344467","40.821541_-74.004903","40.821542_-73.942865","40.8215451_-73.927298","40.821549_-73.9211522","40.8215513_-73.9210581","40.821557_-73.905659","40.82155_-73.944845","40.8216029_-73.958591","40.8216091_-73.9390145","40.8216237_-73.9586576","40.821668_-73.9391533","40.8216794_-73.95751","40.82167_-73.915181","40.821699_-74.009387","40.8217009_-73.9529081","40.821706_-73.9309842","40.821707_-73.956797","40.821715_-73.906457","40.8217394_-73.9207739","40.8217395_-73.9352815","40.8217502_-73.9472408","40.8217508_-73.9576108","40.8217587_-73.9586584","40.821769_-73.9586641","40.8217755_-73.9291724")
done
123.89user 819.94system 1:14:55elapsed 20%CPU (0avgtext+0avgdata 53496maxresident)k
1401240inputs+48outputs (2major+28796minor)pagefaults 0swaps
