40.8055659_-73.9124037
40.8055747_-73.9344246
40.8055782_-73.9423676
40.805584_-73.967901
40.8055919_-73.9253769
40.8055942_-73.9344014
40.8055952_-73.9582071
40.805602_-73.9105669
40.805604_-73.967615
40.8056078_-73.934377
40.8056131_-73.9932005
40.8056165_-73.9343474
40.805625_-73.967922
40.8056302_-73.9343783
40.805651_-73.920615
40.8056537_-73.9935814
40.805654_-73.96795
40.8056738_-73.9384143
40.8056784_-73.9323718
40.80567_-73.936471
40.8056817_-73.9344708
40.8056895_-73.9345878
40.80568_-73.967997
40.805695_-73.968057
40.8056974_-73.9563031
40.8057014_-73.9426548
40.8057097_-73.9681143
40.8057181_-73.9543949
40.805719_-73.9581208
40.8057253_-73.9978015
40.8057372_-73.9345595
40.805737_-73.940646
40.805744_-73.942754
40.8057492_-73.9919499
40.8057503_-73.9505698
40.805761_-73.944783
40.8057664_-73.9346071
40.805768_-73.967518
40.805777_-73.9707759
40.8057884_-73.9428603
40.8057933_-73.9386978
40.8057998_-73.9250704
40.8058053_-73.9346585
40.8058089_-73.946821
40.8058114_-73.9250987
40.8058218_-73.9931486
40.8058384_-73.9346971
40.8058736_-73.9469805
40.80587_-73.952807
40.8058802_-73.9347395
40.8058869_-73.9628951
40.8059133_-73.9431592
40.8059157_-73.9250985
40.805929_-73.908916
40.8059337_-73.9347883
40.8059485_-73.9254324
40.805961_-73.967429
40.8059714_-73.9328064
40.8059765_-73.9348218
40.805988_-73.967979
40.805989_-73.921448
40.806008_-73.9372596
40.8060114_-73.9326587
40.806013_-73.9353275
40.8060401_-73.9652167
40.8060454_-74.0010806
40.8060563_-73.9348513
40.8060904_-73.9373258
40.8060918_-73.9653409
40.8060962_-73.9348577
40.806109_-74.017216
40.806116_-73.917964
40.8061176_-73.9654027
40.806121_-73.959357
40.806127_-73.967373
40.8061332_-73.9615414
40.8061487_-73.9348667
40.806162_-73.92798
40.8061699_-73.943773
40.806178_-73.9091543
40.8062013_-73.9348667
40.8062465_-73.9120517
40.8062471_-73.967834
40.8062498_-73.9248439
40.8062528_-73.9348629
40.806266_-73.920172
40.806274_-73.9141
40.8062864_-73.9597509
40.8062917_-73.9638636
40.806291_-73.957722
40.806296_-73.936016
40.8063032_-73.9701321
40.806325_-73.9558429
40.806326_-73.909586
40.8063494_-73.9379212
40.8063508_-73.9869351
40.806353_-73.953957
40.8063618_-73.9348295
40.8063816_-73.9501208
40.806391_-73.944302
40.8063_-73.9379572
40.8064087_-73.9401573
40.806416_-73.942262
40.806418_-73.938243
40.8064252_-73.9332451
40.8064396_-73.9463669
40.8064455_-73.9502721
40.806477_-73.908443
40.8064879_-73.9333003
40.8064889_-73.9245876
40.8065009_-73.9347356
40.8065066_-73.946526
40.8065196_-73.924647
40.80651_-74.014172
40.8055659_-73.9124037
40.8055747_-73.9344246
40.8055782_-73.9423676
40.805584_-73.967901
40.8055919_-73.9253769
40.8055942_-73.9344014
40.8055952_-73.9582071
40.805602_-73.9105669
40.805604_-73.967615
40.8056078_-73.934377
40.8056131_-73.9932005
40.8056165_-73.9343474
40.805625_-73.967922
40.8056302_-73.9343783
40.805651_-73.920615
40.8056537_-73.9935814
40.805654_-73.96795
40.8056738_-73.9384143
40.8056784_-73.9323718
40.80567_-73.936471
40.8056817_-73.9344708
40.8056895_-73.9345878
40.80568_-73.967997
40.805695_-73.968057
40.8056974_-73.9563031
40.8057014_-73.9426548
40.8057097_-73.9681143
40.8057181_-73.9543949
40.805719_-73.9581208
40.8057253_-73.9978015
40.8057372_-73.9345595
40.805737_-73.940646
40.805744_-73.942754
40.8057492_-73.9919499
40.8057503_-73.9505698
40.805761_-73.944783
40.8057664_-73.9346071
40.805768_-73.967518
40.805777_-73.9707759
40.8057884_-73.9428603
40.8057933_-73.9386978
40.8057998_-73.9250704
40.8058053_-73.9346585
40.8058089_-73.946821
40.8058114_-73.9250987
40.8058218_-73.9931486
40.8058384_-73.9346971
40.8058736_-73.9469805
40.80587_-73.952807
40.8058802_-73.9347395
40.8058869_-73.9628951
40.8059133_-73.9431592
40.8059157_-73.9250985
40.805929_-73.908916
40.8059337_-73.9347883
40.8059485_-73.9254324
40.805961_-73.967429
40.8059714_-73.9328064
40.8059765_-73.9348218
40.805988_-73.967979
40.805989_-73.921448
40.806008_-73.9372596
40.8060114_-73.9326587
40.806013_-73.9353275
40.8060401_-73.9652167
40.8060454_-74.0010806
40.8060563_-73.9348513
40.8060904_-73.9373258
40.8060918_-73.9653409
40.8060962_-73.9348577
40.806109_-74.017216
40.806116_-73.917964
40.8061176_-73.9654027
40.806121_-73.959357
40.806127_-73.967373
40.8061332_-73.9615414
40.8061487_-73.9348667
40.806162_-73.92798
40.8061699_-73.943773
40.806178_-73.9091543
40.8062013_-73.9348667
40.8062465_-73.9120517
40.8062471_-73.967834
40.8062498_-73.9248439
40.8062528_-73.9348629
40.806266_-73.920172
40.806274_-73.9141
40.8062864_-73.9597509
40.8062917_-73.9638636
40.806291_-73.957722
40.806296_-73.936016
40.8063032_-73.9701321
40.806325_-73.9558429
40.806326_-73.909586
40.8063494_-73.9379212
40.8063508_-73.9869351
40.806353_-73.953957
40.8063618_-73.9348295
40.8063816_-73.9501208
40.806391_-73.944302
40.8063_-73.9379572
40.8064087_-73.9401573
40.806416_-73.942262
40.806418_-73.938243
40.8064252_-73.9332451
40.8064396_-73.9463669
40.8064455_-73.9502721
40.806477_-73.908443
40.8064879_-73.9333003
40.8064889_-73.9245876
40.8065009_-73.9347356
40.8065066_-73.946526
40.8065196_-73.924647
40.80651_-74.014172
("40.8055659_-73.9124037","40.8055747_-73.9344246","40.8055782_-73.9423676","40.805584_-73.967901","40.8055919_-73.9253769","40.8055942_-73.9344014","40.8055952_-73.9582071","40.805602_-73.9105669","40.805604_-73.967615","40.8056078_-73.934377","40.8056131_-73.9932005","40.8056165_-73.9343474","40.805625_-73.967922","40.8056302_-73.9343783","40.805651_-73.920615","40.8056537_-73.9935814","40.805654_-73.96795","40.8056738_-73.9384143","40.8056784_-73.9323718","40.80567_-73.936471","40.8056817_-73.9344708","40.8056895_-73.9345878","40.80568_-73.967997","40.805695_-73.968057","40.8056974_-73.9563031","40.8057014_-73.9426548","40.8057097_-73.9681143","40.8057181_-73.9543949","40.805719_-73.9581208","40.8057253_-73.9978015","40.8057372_-73.9345595","40.805737_-73.940646","40.805744_-73.942754","40.8057492_-73.9919499","40.8057503_-73.9505698","40.805761_-73.944783","40.8057664_-73.9346071","40.805768_-73.967518","40.805777_-73.9707759","40.8057884_-73.9428603","40.8057933_-73.9386978","40.8057998_-73.9250704","40.8058053_-73.9346585","40.8058089_-73.946821","40.8058114_-73.9250987","40.8058218_-73.9931486","40.8058384_-73.9346971","40.8058736_-73.9469805","40.80587_-73.952807","40.8058802_-73.9347395","40.8058869_-73.9628951","40.8059133_-73.9431592","40.8059157_-73.9250985","40.805929_-73.908916","40.8059337_-73.9347883","40.8059485_-73.9254324","40.805961_-73.967429","40.8059714_-73.9328064","40.8059765_-73.9348218","40.805988_-73.967979","40.805989_-73.921448","40.806008_-73.9372596","40.8060114_-73.9326587","40.806013_-73.9353275","40.8060401_-73.9652167","40.8060454_-74.0010806","40.8060563_-73.9348513","40.8060904_-73.9373258","40.8060918_-73.9653409","40.8060962_-73.9348577","40.806109_-74.017216","40.806116_-73.917964","40.8061176_-73.9654027","40.806121_-73.959357","40.806127_-73.967373","40.8061332_-73.9615414","40.8061487_-73.9348667","40.806162_-73.92798","40.8061699_-73.943773","40.806178_-73.9091543","40.8062013_-73.9348667","40.8062465_-73.9120517","40.8062471_-73.967834","40.8062498_-73.9248439","40.8062528_-73.9348629","40.806266_-73.920172","40.806274_-73.9141","40.8062864_-73.9597509","40.8062917_-73.9638636","40.806291_-73.957722","40.806296_-73.936016","40.8063032_-73.9701321","40.806325_-73.9558429","40.806326_-73.909586","40.8063494_-73.9379212","40.8063508_-73.9869351","40.806353_-73.953957","40.8063618_-73.9348295","40.8063816_-73.9501208","40.806391_-73.944302","40.8063_-73.9379572","40.8064087_-73.9401573","40.806416_-73.942262","40.806418_-73.938243","40.8064252_-73.9332451","40.8064396_-73.9463669","40.8064455_-73.9502721","40.806477_-73.908443","40.8064879_-73.9333003","40.8064889_-73.9245876","40.8065009_-73.9347356","40.8065066_-73.946526","40.8065196_-73.924647","40.80651_-74.014172")
done
127.25user 815.86system 1:14:51elapsed 20%CPU (0avgtext+0avgdata 55872maxresident)k
638160inputs+6560outputs (8major+29059minor)pagefaults 0swaps
