40.7015869_-74.0120817
40.701592_-73.988627
40.701594_-73.948748
40.701595_-73.99331
40.7015976_-73.9547576
40.7016034_-73.989147
40.7016134_-73.9910728
40.701615_-73.989675
40.7016179_-74.0139629
40.701617_-73.91485
40.7016254_-73.9932369
40.7016332_-73.9899443
40.7016355_-73.9160023
40.701637_-73.942267
40.7016477_-73.9901459
40.7016536_-73.9931605
40.701655_-73.945645
40.701657_-73.977335
40.701663_-73.961452
40.7016694_-73.9903605
40.7016729_-73.9931134
40.7016755_-73.9088425
40.7016833_-73.965654
40.7016953_-73.9905232
40.7017048_-74.010475
40.7017116_-73.9929546
40.701711_-73.9605398
40.701716_-73.93353
40.701718_-73.979871
40.7017306_-73.9906801
40.7017377_-73.9928322
40.701746_-73.979898
40.7017554_-74.0155432
40.70175_-73.935089
40.701762_-73.927588
40.7017724_-73.9908063
40.701783_-73.975981
40.701784_-73.9954311
40.7017902_-74.0104053
40.7017963_-74.011163
40.701798_-73.940544
40.7017995_-73.9925204
40.701799_-73.9369357
40.7018069_-73.9921791
40.7018095_-73.9923446
40.7018138_-73.9876139
40.701813_-74.012663
40.7018257_-73.9909142
40.7018335_-74.0154917
40.7018395_-73.9193146
40.7018441_-74.0105005
40.7018451_-74.010188
40.7018516_-73.9926479
40.7018588_-73.908655
40.701862_-73.943825
40.701869_-73.993154
40.7018963_-73.9811895
40.701897_-73.967458
40.701898_-73.991027
40.7019062_-73.9613015
40.70191_-73.936982
40.7019204_-74.0105917
40.7019248_-73.9932058
40.7019285_-74.0098179
40.7019307_-73.9953507
40.701931_-73.906208
40.7019373_-73.9946178
40.7019394_-73.9607374
40.7019442_-73.9121679
40.7019448_-74.0100821
40.701946_-73.955724
40.7019517_-73.9923218
40.701953_-73.958689
40.7019549_-73.9617705
40.7019576_-73.9876677
40.701957_-73.923886
40.701962_-73.903802
40.701962_-73.944005
40.7019641_-74.0097106
40.7019733_-73.9664728
40.7019736_-73.9911382
40.7019886_-73.9608896
40.7019899_-73.9876536
40.701991_-73.977912
40.7019936_-74.0103624
40.7020027_-74.0098756
40.7020028_-73.9925936
40.702002_-73.932044
40.702034_-73.977417
40.7020466_-73.991233
40.702046_-73.9156
40.702051_-73.952551
40.7020525_-74.0101411
40.7020559_-73.9645408
40.7020596_-74.0097079
40.7020653_-73.9167504
40.7020754_-74.009437
40.7020871_-73.9896204
40.7021022_-73.9644762
40.702117_-73.967447
40.7021239_-73.9913241
40.702124_-73.909585
40.7021312_-73.9952375
40.7021313_-73.9925816
40.7021318_-74.0099453
40.702133_-73.944315
40.7021345_-73.9644269
40.7021374_-74.0139981
40.702159_-73.949379
40.70216_-73.978958
40.7021732_-73.9683832
40.702174_-73.99408
40.7021766_-74.0094477
40.702186_-73.944105
40.7015869_-74.0120817
40.701592_-73.988627
40.701594_-73.948748
40.701595_-73.99331
40.7015976_-73.9547576
40.7016034_-73.989147
40.7016134_-73.9910728
40.701615_-73.989675
40.7016179_-74.0139629
40.701617_-73.91485
40.7016254_-73.9932369
40.7016332_-73.9899443
40.7016355_-73.9160023
40.701637_-73.942267
40.7016477_-73.9901459
40.7016536_-73.9931605
40.701655_-73.945645
40.701657_-73.977335
40.701663_-73.961452
40.7016694_-73.9903605
40.7016729_-73.9931134
40.7016755_-73.9088425
40.7016833_-73.965654
40.7016953_-73.9905232
40.7017048_-74.010475
40.7017116_-73.9929546
40.701711_-73.9605398
40.701716_-73.93353
40.701718_-73.979871
40.7017306_-73.9906801
40.7017377_-73.9928322
40.701746_-73.979898
40.7017554_-74.0155432
40.70175_-73.935089
40.701762_-73.927588
40.7017724_-73.9908063
40.701783_-73.975981
40.701784_-73.9954311
40.7017902_-74.0104053
40.7017963_-74.011163
40.701798_-73.940544
40.7017995_-73.9925204
40.701799_-73.9369357
40.7018069_-73.9921791
40.7018095_-73.9923446
40.7018138_-73.9876139
40.701813_-74.012663
40.7018257_-73.9909142
40.7018335_-74.0154917
40.7018395_-73.9193146
40.7018441_-74.0105005
40.7018451_-74.010188
40.7018516_-73.9926479
40.7018588_-73.908655
40.701862_-73.943825
40.701869_-73.993154
40.7018963_-73.9811895
40.701897_-73.967458
40.701898_-73.991027
40.7019062_-73.9613015
40.70191_-73.936982
40.7019204_-74.0105917
40.7019248_-73.9932058
40.7019285_-74.0098179
40.7019307_-73.9953507
40.701931_-73.906208
40.7019373_-73.9946178
40.7019394_-73.9607374
40.7019442_-73.9121679
40.7019448_-74.0100821
40.701946_-73.955724
40.7019517_-73.9923218
40.701953_-73.958689
40.7019549_-73.9617705
40.7019576_-73.9876677
40.701957_-73.923886
40.701962_-73.903802
40.701962_-73.944005
40.7019641_-74.0097106
40.7019733_-73.9664728
40.7019736_-73.9911382
40.7019886_-73.9608896
40.7019899_-73.9876536
40.701991_-73.977912
40.7019936_-74.0103624
40.7020027_-74.0098756
40.7020028_-73.9925936
40.702002_-73.932044
40.702034_-73.977417
40.7020466_-73.991233
40.702046_-73.9156
40.702051_-73.952551
40.7020525_-74.0101411
40.7020559_-73.9645408
40.7020596_-74.0097079
40.7020653_-73.9167504
40.7020754_-74.009437
40.7020871_-73.9896204
40.7021022_-73.9644762
40.702117_-73.967447
40.7021239_-73.9913241
40.702124_-73.909585
40.7021312_-73.9952375
40.7021313_-73.9925816
40.7021318_-74.0099453
40.702133_-73.944315
40.7021345_-73.9644269
40.7021374_-74.0139981
40.702159_-73.949379
40.70216_-73.978958
40.7021732_-73.9683832
40.702174_-73.99408
40.7021766_-74.0094477
40.702186_-73.944105
("40.7015869_-74.0120817","40.701592_-73.988627","40.701594_-73.948748","40.701595_-73.99331","40.7015976_-73.9547576","40.7016034_-73.989147","40.7016134_-73.9910728","40.701615_-73.989675","40.7016179_-74.0139629","40.701617_-73.91485","40.7016254_-73.9932369","40.7016332_-73.9899443","40.7016355_-73.9160023","40.701637_-73.942267","40.7016477_-73.9901459","40.7016536_-73.9931605","40.701655_-73.945645","40.701657_-73.977335","40.701663_-73.961452","40.7016694_-73.9903605","40.7016729_-73.9931134","40.7016755_-73.9088425","40.7016833_-73.965654","40.7016953_-73.9905232","40.7017048_-74.010475","40.7017116_-73.9929546","40.701711_-73.9605398","40.701716_-73.93353","40.701718_-73.979871","40.7017306_-73.9906801","40.7017377_-73.9928322","40.701746_-73.979898","40.7017554_-74.0155432","40.70175_-73.935089","40.701762_-73.927588","40.7017724_-73.9908063","40.701783_-73.975981","40.701784_-73.9954311","40.7017902_-74.0104053","40.7017963_-74.011163","40.701798_-73.940544","40.7017995_-73.9925204","40.701799_-73.9369357","40.7018069_-73.9921791","40.7018095_-73.9923446","40.7018138_-73.9876139","40.701813_-74.012663","40.7018257_-73.9909142","40.7018335_-74.0154917","40.7018395_-73.9193146","40.7018441_-74.0105005","40.7018451_-74.010188","40.7018516_-73.9926479","40.7018588_-73.908655","40.701862_-73.943825","40.701869_-73.993154","40.7018963_-73.9811895","40.701897_-73.967458","40.701898_-73.991027","40.7019062_-73.9613015","40.70191_-73.936982","40.7019204_-74.0105917","40.7019248_-73.9932058","40.7019285_-74.0098179","40.7019307_-73.9953507","40.701931_-73.906208","40.7019373_-73.9946178","40.7019394_-73.9607374","40.7019442_-73.9121679","40.7019448_-74.0100821","40.701946_-73.955724","40.7019517_-73.9923218","40.701953_-73.958689","40.7019549_-73.9617705","40.7019576_-73.9876677","40.701957_-73.923886","40.701962_-73.903802","40.701962_-73.944005","40.7019641_-74.0097106","40.7019733_-73.9664728","40.7019736_-73.9911382","40.7019886_-73.9608896","40.7019899_-73.9876536","40.701991_-73.977912","40.7019936_-74.0103624","40.7020027_-74.0098756","40.7020028_-73.9925936","40.702002_-73.932044","40.702034_-73.977417","40.7020466_-73.991233","40.702046_-73.9156","40.702051_-73.952551","40.7020525_-74.0101411","40.7020559_-73.9645408","40.7020596_-74.0097079","40.7020653_-73.9167504","40.7020754_-74.009437","40.7020871_-73.9896204","40.7021022_-73.9644762","40.702117_-73.967447","40.7021239_-73.9913241","40.702124_-73.909585","40.7021312_-73.9952375","40.7021313_-73.9925816","40.7021318_-74.0099453","40.702133_-73.944315","40.7021345_-73.9644269","40.7021374_-74.0139981","40.702159_-73.949379","40.70216_-73.978958","40.7021732_-73.9683832","40.702174_-73.99408","40.7021766_-74.0094477","40.702186_-73.944105")
done
141.60user 811.71system 1:15:38elapsed 21%CPU (0avgtext+0avgdata 52376maxresident)k
2357080inputs+48outputs (3major+27376minor)pagefaults 0swaps
