40.7776775_-73.9592915
40.777677_-73.96323
40.7776865_-73.9612869
40.7776964_-73.9611218
40.7777169_-73.9216691
40.7777186_-73.9157363
40.7777203_-73.9513118
40.7777272_-73.9087933
40.777734_-73.9858142
40.7777387_-73.9251243
40.7777408_-73.9631835
40.7777819_-73.9738026
40.7777857_-73.9649085
40.7777913_-73.9143653
40.7777918_-73.9859525
40.7778084_-73.9130771
40.7778249_-73.9821981
40.7778369_-73.9429372
40.7778427_-73.9877533
40.777845_-73.9221284
40.7778527_-73.981952
40.777853_-74.013642
40.7778545_-73.9859069
40.7778572_-73.9457131
40.7778585_-73.9155654
40.7778674_-73.9650374
40.7778682_-73.9192527
40.777887_-73.9517388
40.7779028_-73.9085762
40.7779066_-73.9428452
40.7779071_-73.9666947
40.7779128_-73.9206368
40.7779202_-74.0119847
40.777922_-74.013596
40.7779249_-73.9821221
40.777924_-73.9058129
40.7779367_-73.9651597
40.7779447_-73.9219968
40.7779571_-73.9821965
40.7779689_-73.9038003
40.7779756_-74.0103192
40.777978_-73.917985
40.777978_-73.9898474
40.777982_-74.017257
40.777983_-73.908477
40.7779946_-73.9652882
40.7779976_-73.926393
40.7779997_-73.9819436
40.7780054_-73.9429953
40.7780102_-73.9823242
40.7780206_-73.9140841
40.7780323_-73.9654119
40.7780338_-73.9782353
40.7780419_-73.9735107
40.778061_-74.0119082
40.7780649_-73.9127637
40.778067_-73.9783164
40.778075_-73.9655621
40.7780775_-73.9083591
40.7780812_-73.9821828
40.7780818_-73.9819287
40.7780985_-73.9665632
40.7781041_-73.9657197
40.778107_-74.013434
40.7781173_-73.965836
40.77811_-73.9262528
40.7781214_-73.9659548
40.7781228_-73.988615
40.7781269_-73.966073
40.7781319_-73.9177964
40.7781323_-73.9821771
40.7781338_-73.9661628
40.778137_-73.9544814
40.7781486_-73.9819103
40.7781487_-73.9662803
40.778155_-73.9196495
40.778168_-73.974532
40.778169_-73.9584859
40.7781702_-73.9430582
40.7781772_-73.9484255
40.7781812_-73.9565451
40.7781892_-73.9261171
40.7781991_-73.9429482
40.7781995_-73.9664973
40.7782003_-73.9885869
40.7782016_-73.9260713
40.7782199_-73.9210671
40.7782229_-73.9607369
40.7782272_-73.9605955
40.7782481_-73.9667413
40.7782506_-73.9818786
40.7782525_-73.9258626
40.7782572_-73.9137099
40.7782661_-73.9628021
40.7782718_-73.9607012
40.7782719_-73.9587297
40.7782727_-73.917624
40.7782728_-73.9626729
40.7782736_-74.0132466
40.7782762_-73.9885639
40.778277_-73.906065
40.778282_-73.91633
40.778285_-73.9080605
40.7782971_-74.0117463
40.7782972_-73.9137636
40.7782976_-73.9731272
40.7782999_-73.9664194
40.778313_-73.962768
40.7783205_-73.9608168
40.7783222_-73.96705
40.7783274_-73.9606605
40.7783299_-73.9138123
40.7783417_-73.9079789
40.77834_-73.9431307
40.7776775_-73.9592915
40.777677_-73.96323
40.7776865_-73.9612869
40.7776964_-73.9611218
40.7777169_-73.9216691
40.7777186_-73.9157363
40.7777203_-73.9513118
40.7777272_-73.9087933
40.777734_-73.9858142
40.7777387_-73.9251243
40.7777408_-73.9631835
40.7777819_-73.9738026
40.7777857_-73.9649085
40.7777913_-73.9143653
40.7777918_-73.9859525
40.7778084_-73.9130771
40.7778249_-73.9821981
40.7778369_-73.9429372
40.7778427_-73.9877533
40.777845_-73.9221284
40.7778527_-73.981952
40.777853_-74.013642
40.7778545_-73.9859069
40.7778572_-73.9457131
40.7778585_-73.9155654
40.7778674_-73.9650374
40.7778682_-73.9192527
40.777887_-73.9517388
40.7779028_-73.9085762
40.7779066_-73.9428452
40.7779071_-73.9666947
40.7779128_-73.9206368
40.7779202_-74.0119847
40.777922_-74.013596
40.7779249_-73.9821221
40.777924_-73.9058129
40.7779367_-73.9651597
40.7779447_-73.9219968
40.7779571_-73.9821965
40.7779689_-73.9038003
40.7779756_-74.0103192
40.777978_-73.917985
40.777978_-73.9898474
40.777982_-74.017257
40.777983_-73.908477
40.7779946_-73.9652882
40.7779976_-73.926393
40.7779997_-73.9819436
40.7780054_-73.9429953
40.7780102_-73.9823242
40.7780206_-73.9140841
40.7780323_-73.9654119
40.7780338_-73.9782353
40.7780419_-73.9735107
40.778061_-74.0119082
40.7780649_-73.9127637
40.778067_-73.9783164
40.778075_-73.9655621
40.7780775_-73.9083591
40.7780812_-73.9821828
40.7780818_-73.9819287
40.7780985_-73.9665632
40.7781041_-73.9657197
40.778107_-74.013434
40.7781173_-73.965836
40.77811_-73.9262528
40.7781214_-73.9659548
40.7781228_-73.988615
40.7781269_-73.966073
40.7781319_-73.9177964
40.7781323_-73.9821771
40.7781338_-73.9661628
40.778137_-73.9544814
40.7781486_-73.9819103
40.7781487_-73.9662803
40.778155_-73.9196495
40.778168_-73.974532
40.778169_-73.9584859
40.7781702_-73.9430582
40.7781772_-73.9484255
40.7781812_-73.9565451
40.7781892_-73.9261171
40.7781991_-73.9429482
40.7781995_-73.9664973
40.7782003_-73.9885869
40.7782016_-73.9260713
40.7782199_-73.9210671
40.7782229_-73.9607369
40.7782272_-73.9605955
40.7782481_-73.9667413
40.7782506_-73.9818786
40.7782525_-73.9258626
40.7782572_-73.9137099
40.7782661_-73.9628021
40.7782718_-73.9607012
40.7782719_-73.9587297
40.7782727_-73.917624
40.7782728_-73.9626729
40.7782736_-74.0132466
40.7782762_-73.9885639
40.778277_-73.906065
40.778282_-73.91633
40.778285_-73.9080605
40.7782971_-74.0117463
40.7782972_-73.9137636
40.7782976_-73.9731272
40.7782999_-73.9664194
40.778313_-73.962768
40.7783205_-73.9608168
40.7783222_-73.96705
40.7783274_-73.9606605
40.7783299_-73.9138123
40.7783417_-73.9079789
40.77834_-73.9431307
("40.7776775_-73.9592915","40.777677_-73.96323","40.7776865_-73.9612869","40.7776964_-73.9611218","40.7777169_-73.9216691","40.7777186_-73.9157363","40.7777203_-73.9513118","40.7777272_-73.9087933","40.777734_-73.9858142","40.7777387_-73.9251243","40.7777408_-73.9631835","40.7777819_-73.9738026","40.7777857_-73.9649085","40.7777913_-73.9143653","40.7777918_-73.9859525","40.7778084_-73.9130771","40.7778249_-73.9821981","40.7778369_-73.9429372","40.7778427_-73.9877533","40.777845_-73.9221284","40.7778527_-73.981952","40.777853_-74.013642","40.7778545_-73.9859069","40.7778572_-73.9457131","40.7778585_-73.9155654","40.7778674_-73.9650374","40.7778682_-73.9192527","40.777887_-73.9517388","40.7779028_-73.9085762","40.7779066_-73.9428452","40.7779071_-73.9666947","40.7779128_-73.9206368","40.7779202_-74.0119847","40.777922_-74.013596","40.7779249_-73.9821221","40.777924_-73.9058129","40.7779367_-73.9651597","40.7779447_-73.9219968","40.7779571_-73.9821965","40.7779689_-73.9038003","40.7779756_-74.0103192","40.777978_-73.917985","40.777978_-73.9898474","40.777982_-74.017257","40.777983_-73.908477","40.7779946_-73.9652882","40.7779976_-73.926393","40.7779997_-73.9819436","40.7780054_-73.9429953","40.7780102_-73.9823242","40.7780206_-73.9140841","40.7780323_-73.9654119","40.7780338_-73.9782353","40.7780419_-73.9735107","40.778061_-74.0119082","40.7780649_-73.9127637","40.778067_-73.9783164","40.778075_-73.9655621","40.7780775_-73.9083591","40.7780812_-73.9821828","40.7780818_-73.9819287","40.7780985_-73.9665632","40.7781041_-73.9657197","40.778107_-74.013434","40.7781173_-73.965836","40.77811_-73.9262528","40.7781214_-73.9659548","40.7781228_-73.988615","40.7781269_-73.966073","40.7781319_-73.9177964","40.7781323_-73.9821771","40.7781338_-73.9661628","40.778137_-73.9544814","40.7781486_-73.9819103","40.7781487_-73.9662803","40.778155_-73.9196495","40.778168_-73.974532","40.778169_-73.9584859","40.7781702_-73.9430582","40.7781772_-73.9484255","40.7781812_-73.9565451","40.7781892_-73.9261171","40.7781991_-73.9429482","40.7781995_-73.9664973","40.7782003_-73.9885869","40.7782016_-73.9260713","40.7782199_-73.9210671","40.7782229_-73.9607369","40.7782272_-73.9605955","40.7782481_-73.9667413","40.7782506_-73.9818786","40.7782525_-73.9258626","40.7782572_-73.9137099","40.7782661_-73.9628021","40.7782718_-73.9607012","40.7782719_-73.9587297","40.7782727_-73.917624","40.7782728_-73.9626729","40.7782736_-74.0132466","40.7782762_-73.9885639","40.778277_-73.906065","40.778282_-73.91633","40.778285_-73.9080605","40.7782971_-74.0117463","40.7782972_-73.9137636","40.7782976_-73.9731272","40.7782999_-73.9664194","40.778313_-73.962768","40.7783205_-73.9608168","40.7783222_-73.96705","40.7783274_-73.9606605","40.7783299_-73.9138123","40.7783417_-73.9079789","40.77834_-73.9431307")
done
129.38user 812.33system 1:15:25elapsed 20%CPU (0avgtext+0avgdata 67972maxresident)k
1531672inputs+52224outputs (26major+35813minor)pagefaults 0swaps
