40.735506_-74.00837
40.735507_-73.9165426
40.7355306_-73.9598958
40.7355352_-74.0016967
40.7355361_-73.9794711
40.7355378_-73.974749
40.735539_-74.003342
40.7355473_-73.9748756
40.735553_-73.958524
40.7355549_-73.9369463
40.735554_-73.93478
40.7355597_-73.9225572
40.7355769_-73.975127
40.7355808_-73.9794353
40.7355912_-73.9046115
40.7355979_-73.9244703
40.735628_-73.923066
40.735637_-73.950033
40.7356465_-73.9047046
40.7356465_-73.9795905
40.7356476_-73.9250078
40.7356516_-73.9366938
40.7356519_-73.9793838
40.735656_-73.909597
40.7357001_-73.9037702
40.7357048_-73.9145676
40.7357116_-73.9042328
40.7357164_-73.9750473
40.7357185_-73.9045128
40.735723_-74.006799
40.735744_-73.9751683
40.7357452_-73.9367525
40.7357632_-74.0017617
40.7357634_-73.9249419
40.7357758_-73.9780206
40.735784_-73.923972
40.7357906_-73.9853623
40.7357944_-74.0015452
40.7358393_-73.9751807
40.735845_-74.00596
40.735866_-73.9749185
40.735867_-73.95519
40.735868_-73.974808
40.73586_-73.90517
40.7358769_-73.9912061
40.7358798_-73.9781408
40.735879_-73.987387
40.7358988_-73.9762289
40.7359075_-73.9130476
40.7359217_-73.989301
40.7359224_-73.9254667
40.7359245_-73.9750644
40.735926_-74.000722
40.7359273_-73.9260378
40.7359283_-73.989497
40.7359318_-73.9782867
40.7359375_-73.9748157
40.7359535_-73.9747623
40.7359598_-73.9410753
40.735961_-74.005126
40.7359643_-74.0050597
40.7359718_-73.9590806
40.7359737_-73.9747247
40.7359739_-74.0099198
40.7359807_-73.9764201
40.735987_-73.989455
40.7359909_-74.0097932
40.7359997_-73.9936184
40.7360095_-73.97469
40.736013_-73.974824
40.7360164_-73.9785699
40.73602_-73.982267
40.736032_-73.924879
40.736032_-73.997805
40.7360428_-73.9746657
40.7360484_-73.9259917
40.7360511_-73.989408
40.7360639_-73.9751876
40.7360782_-73.9117172
40.736079_-73.952975
40.736091_-73.93925
40.7360989_-73.9787707
40.736102_-73.905661
40.7361196_-73.9525336
40.7361241_-73.9750681
40.7361349_-73.9788582
40.7361456_-73.9749185
40.7361498_-73.9790244
40.7361725_-73.9253901
40.736178_-74.003527
40.736185_-73.974821
40.736188_-74.008322
40.736191_-73.9789946
40.736194_-73.906016
40.7362105_-73.9352
40.736213_-73.958635
40.7362345_-73.9751675
40.7362534_-74.0058972
40.7362599_-73.9791549
40.7362611_-73.9092803
40.7362664_-73.9750681
40.7362668_-73.9789411
40.7362733_-73.9102795
40.7362743_-73.9257604
40.736278_-73.958515
40.7362842_-73.9487085
40.7362917_-73.9489097
40.7362935_-73.9371045
40.7362977_-73.9746272
40.7363331_-73.9261308
40.7363345_-74.005234
40.736342_-73.932654
40.736348_-73.950157
40.736349_-73.974794
40.735506_-74.00837
40.735507_-73.9165426
40.7355306_-73.9598958
40.7355352_-74.0016967
40.7355361_-73.9794711
40.7355378_-73.974749
40.735539_-74.003342
40.7355473_-73.9748756
40.735553_-73.958524
40.7355549_-73.9369463
40.735554_-73.93478
40.7355597_-73.9225572
40.7355769_-73.975127
40.7355808_-73.9794353
40.7355912_-73.9046115
40.7355979_-73.9244703
40.735628_-73.923066
40.735637_-73.950033
40.7356465_-73.9047046
40.7356465_-73.9795905
40.7356476_-73.9250078
40.7356516_-73.9366938
40.7356519_-73.9793838
40.735656_-73.909597
40.7357001_-73.9037702
40.7357048_-73.9145676
40.7357116_-73.9042328
40.7357164_-73.9750473
40.7357185_-73.9045128
40.735723_-74.006799
40.735744_-73.9751683
40.7357452_-73.9367525
40.7357632_-74.0017617
40.7357634_-73.9249419
40.7357758_-73.9780206
40.735784_-73.923972
40.7357906_-73.9853623
40.7357944_-74.0015452
40.7358393_-73.9751807
40.735845_-74.00596
40.735866_-73.9749185
40.735867_-73.95519
40.735868_-73.974808
40.73586_-73.90517
40.7358769_-73.9912061
40.7358798_-73.9781408
40.735879_-73.987387
40.7358988_-73.9762289
40.7359075_-73.9130476
40.7359217_-73.989301
40.7359224_-73.9254667
40.7359245_-73.9750644
40.735926_-74.000722
40.7359273_-73.9260378
40.7359283_-73.989497
40.7359318_-73.9782867
40.7359375_-73.9748157
40.7359535_-73.9747623
40.7359598_-73.9410753
40.735961_-74.005126
40.7359643_-74.0050597
40.7359718_-73.9590806
40.7359737_-73.9747247
40.7359739_-74.0099198
40.7359807_-73.9764201
40.735987_-73.989455
40.7359909_-74.0097932
40.7359997_-73.9936184
40.7360095_-73.97469
40.736013_-73.974824
40.7360164_-73.9785699
40.73602_-73.982267
40.736032_-73.924879
40.736032_-73.997805
40.7360428_-73.9746657
40.7360484_-73.9259917
40.7360511_-73.989408
40.7360639_-73.9751876
40.7360782_-73.9117172
40.736079_-73.952975
40.736091_-73.93925
40.7360989_-73.9787707
40.736102_-73.905661
40.7361196_-73.9525336
40.7361241_-73.9750681
40.7361349_-73.9788582
40.7361456_-73.9749185
40.7361498_-73.9790244
40.7361725_-73.9253901
40.736178_-74.003527
40.736185_-73.974821
40.736188_-74.008322
40.736191_-73.9789946
40.736194_-73.906016
40.7362105_-73.9352
40.736213_-73.958635
40.7362345_-73.9751675
40.7362534_-74.0058972
40.7362599_-73.9791549
40.7362611_-73.9092803
40.7362664_-73.9750681
40.7362668_-73.9789411
40.7362733_-73.9102795
40.7362743_-73.9257604
40.736278_-73.958515
40.7362842_-73.9487085
40.7362917_-73.9489097
40.7362935_-73.9371045
40.7362977_-73.9746272
40.7363331_-73.9261308
40.7363345_-74.005234
40.736342_-73.932654
40.736348_-73.950157
40.736349_-73.974794
("40.735506_-74.00837","40.735507_-73.9165426","40.7355306_-73.9598958","40.7355352_-74.0016967","40.7355361_-73.9794711","40.7355378_-73.974749","40.735539_-74.003342","40.7355473_-73.9748756","40.735553_-73.958524","40.7355549_-73.9369463","40.735554_-73.93478","40.7355597_-73.9225572","40.7355769_-73.975127","40.7355808_-73.9794353","40.7355912_-73.9046115","40.7355979_-73.9244703","40.735628_-73.923066","40.735637_-73.950033","40.7356465_-73.9047046","40.7356465_-73.9795905","40.7356476_-73.9250078","40.7356516_-73.9366938","40.7356519_-73.9793838","40.735656_-73.909597","40.7357001_-73.9037702","40.7357048_-73.9145676","40.7357116_-73.9042328","40.7357164_-73.9750473","40.7357185_-73.9045128","40.735723_-74.006799","40.735744_-73.9751683","40.7357452_-73.9367525","40.7357632_-74.0017617","40.7357634_-73.9249419","40.7357758_-73.9780206","40.735784_-73.923972","40.7357906_-73.9853623","40.7357944_-74.0015452","40.7358393_-73.9751807","40.735845_-74.00596","40.735866_-73.9749185","40.735867_-73.95519","40.735868_-73.974808","40.73586_-73.90517","40.7358769_-73.9912061","40.7358798_-73.9781408","40.735879_-73.987387","40.7358988_-73.9762289","40.7359075_-73.9130476","40.7359217_-73.989301","40.7359224_-73.9254667","40.7359245_-73.9750644","40.735926_-74.000722","40.7359273_-73.9260378","40.7359283_-73.989497","40.7359318_-73.9782867","40.7359375_-73.9748157","40.7359535_-73.9747623","40.7359598_-73.9410753","40.735961_-74.005126","40.7359643_-74.0050597","40.7359718_-73.9590806","40.7359737_-73.9747247","40.7359739_-74.0099198","40.7359807_-73.9764201","40.735987_-73.989455","40.7359909_-74.0097932","40.7359997_-73.9936184","40.7360095_-73.97469","40.736013_-73.974824","40.7360164_-73.9785699","40.73602_-73.982267","40.736032_-73.924879","40.736032_-73.997805","40.7360428_-73.9746657","40.7360484_-73.9259917","40.7360511_-73.989408","40.7360639_-73.9751876","40.7360782_-73.9117172","40.736079_-73.952975","40.736091_-73.93925","40.7360989_-73.9787707","40.736102_-73.905661","40.7361196_-73.9525336","40.7361241_-73.9750681","40.7361349_-73.9788582","40.7361456_-73.9749185","40.7361498_-73.9790244","40.7361725_-73.9253901","40.736178_-74.003527","40.736185_-73.974821","40.736188_-74.008322","40.736191_-73.9789946","40.736194_-73.906016","40.7362105_-73.9352","40.736213_-73.958635","40.7362345_-73.9751675","40.7362534_-74.0058972","40.7362599_-73.9791549","40.7362611_-73.9092803","40.7362664_-73.9750681","40.7362668_-73.9789411","40.7362733_-73.9102795","40.7362743_-73.9257604","40.736278_-73.958515","40.7362842_-73.9487085","40.7362917_-73.9489097","40.7362935_-73.9371045","40.7362977_-73.9746272","40.7363331_-73.9261308","40.7363345_-74.005234","40.736342_-73.932654","40.736348_-73.950157","40.736349_-73.974794")
done
146.53user 819.38system 1:14:36elapsed 21%CPU (0avgtext+0avgdata 65860maxresident)k
1107064inputs+46040outputs (32major+34943minor)pagefaults 0swaps
