40.8192841_-73.9302324
40.819285_-73.924025
40.819285_-73.992556
40.819319_-74.004411
40.8193632_-73.9307608
40.8193777_-73.9321497
40.819378_-73.918276
40.8193827_-73.9593299
40.8193849_-73.9344296
40.8193979_-73.9343008
40.819405_-73.9554946
40.819408_-73.988255
40.819416_-73.9303366
40.8194589_-73.9319137
40.819458_-73.926803
40.819458_-73.9301085
40.8194596_-73.9480551
40.819473_-73.933377
40.8194743_-73.9337051
40.8194857_-73.9338178
40.8194914_-73.9309803
40.8194955_-73.9269439
40.8194979_-73.9325665
40.8194989_-73.9324698
40.8195009_-73.9339313
40.819508_-73.905665
40.8195173_-73.9340539
40.819527_-73.916201
40.819527_-73.921784
40.819537_-74.007612
40.819542_-73.91352
40.819543_-73.9781
40.819545_-73.989858
40.8195504_-73.9341814
40.8195588_-73.9303985
40.819563_-74.0005615
40.8195669_-73.9517315
40.819579_-73.911581
40.8195888_-73.932139
40.819593_-73.9342907
40.8195946_-73.930016
40.819595_-73.927301
40.8196194_-73.9367379
40.819628_-73.946065
40.819655_-73.977971
40.8196687_-73.9601777
40.819673_-73.944231
40.81967_-73.911839
40.819687_-73.9366906
40.8196905_-73.9404039
40.8196949_-73.9064337
40.819702_-73.960148
40.8197076_-73.9478729
40.8197265_-73.9345921
40.8197389_-73.9366567
40.819747_-73.914264
40.8197535_-73.9405521
40.819786_-73.912159
40.819789_-73.928024
40.8197948_-73.9600745
40.8198063_-73.9368052
40.8198496_-73.9366124
40.819888_-73.907252
40.8198898_-73.9984185
40.81988_-73.977798
40.8198915_-73.9344639
40.819895_-73.946718
40.81989_-74.005069
40.8199077_-73.9305142
40.8199451_-73.9365781
40.8199515_-73.9103555
40.8199573_-73.9367035
40.8199645_-73.9598209
40.819995_-73.918011
40.8200046_-73.9365604
40.820005_-73.958875
40.820016_-73.928839
40.820019_-73.9265309
40.8200253_-73.9366532
40.820052_-73.94762
40.8200594_-73.9266916
40.8200671_-73.93654
40.8200707_-73.9366084
40.8200885_-73.9550161
40.8200909_-73.9495617
40.820113_-73.908186
40.8201147_-73.9595259
40.820115_-73.9550789
40.8201173_-73.9343343
40.8201276_-73.9365136
40.8201293_-73.9344723
40.820133_-73.913063
40.8201687_-73.9552062
40.820175_-73.915902
40.8201936_-73.9364854
40.820202_-73.995916
40.8202132_-73.9116497
40.8202214_-73.9494664
40.82022_-73.947557
40.8202466_-73.9857501
40.820255_-73.945613
40.8202721_-73.9494293
40.8202799_-73.9596907
40.8202804_-73.9297585
40.820283_-73.959539
40.8202938_-73.9437782
40.820296_-73.904107
40.8202_-73.921478
40.8203116_-73.939948
40.8203246_-73.9578045
40.8203291_-73.9596517
40.8203393_-73.9493803
40.82035_-73.909181
40.820372_-74.005628
40.8192841_-73.9302324
40.819285_-73.924025
40.819285_-73.992556
40.819319_-74.004411
40.8193632_-73.9307608
40.8193777_-73.9321497
40.819378_-73.918276
40.8193827_-73.9593299
40.8193849_-73.9344296
40.8193979_-73.9343008
40.819405_-73.9554946
40.819408_-73.988255
40.819416_-73.9303366
40.8194589_-73.9319137
40.819458_-73.926803
40.819458_-73.9301085
40.8194596_-73.9480551
40.819473_-73.933377
40.8194743_-73.9337051
40.8194857_-73.9338178
40.8194914_-73.9309803
40.8194955_-73.9269439
40.8194979_-73.9325665
40.8194989_-73.9324698
40.8195009_-73.9339313
40.819508_-73.905665
40.8195173_-73.9340539
40.819527_-73.916201
40.819527_-73.921784
40.819537_-74.007612
40.819542_-73.91352
40.819543_-73.9781
40.819545_-73.989858
40.8195504_-73.9341814
40.8195588_-73.9303985
40.819563_-74.0005615
40.8195669_-73.9517315
40.819579_-73.911581
40.8195888_-73.932139
40.819593_-73.9342907
40.8195946_-73.930016
40.819595_-73.927301
40.8196194_-73.9367379
40.819628_-73.946065
40.819655_-73.977971
40.8196687_-73.9601777
40.819673_-73.944231
40.81967_-73.911839
40.819687_-73.9366906
40.8196905_-73.9404039
40.8196949_-73.9064337
40.819702_-73.960148
40.8197076_-73.9478729
40.8197265_-73.9345921
40.8197389_-73.9366567
40.819747_-73.914264
40.8197535_-73.9405521
40.819786_-73.912159
40.819789_-73.928024
40.8197948_-73.9600745
40.8198063_-73.9368052
40.8198496_-73.9366124
40.819888_-73.907252
40.8198898_-73.9984185
40.81988_-73.977798
40.8198915_-73.9344639
40.819895_-73.946718
40.81989_-74.005069
40.8199077_-73.9305142
40.8199451_-73.9365781
40.8199515_-73.9103555
40.8199573_-73.9367035
40.8199645_-73.9598209
40.819995_-73.918011
40.8200046_-73.9365604
40.820005_-73.958875
40.820016_-73.928839
40.820019_-73.9265309
40.8200253_-73.9366532
40.820052_-73.94762
40.8200594_-73.9266916
40.8200671_-73.93654
40.8200707_-73.9366084
40.8200885_-73.9550161
40.8200909_-73.9495617
40.820113_-73.908186
40.8201147_-73.9595259
40.820115_-73.9550789
40.8201173_-73.9343343
40.8201276_-73.9365136
40.8201293_-73.9344723
40.820133_-73.913063
40.8201687_-73.9552062
40.820175_-73.915902
40.8201936_-73.9364854
40.820202_-73.995916
40.8202132_-73.9116497
40.8202214_-73.9494664
40.82022_-73.947557
40.8202466_-73.9857501
40.820255_-73.945613
40.8202721_-73.9494293
40.8202799_-73.9596907
40.8202804_-73.9297585
40.820283_-73.959539
40.8202938_-73.9437782
40.820296_-73.904107
40.8202_-73.921478
40.8203116_-73.939948
40.8203246_-73.9578045
40.8203291_-73.9596517
40.8203393_-73.9493803
40.82035_-73.909181
40.820372_-74.005628
("40.8192841_-73.9302324","40.819285_-73.924025","40.819285_-73.992556","40.819319_-74.004411","40.8193632_-73.9307608","40.8193777_-73.9321497","40.819378_-73.918276","40.8193827_-73.9593299","40.8193849_-73.9344296","40.8193979_-73.9343008","40.819405_-73.9554946","40.819408_-73.988255","40.819416_-73.9303366","40.8194589_-73.9319137","40.819458_-73.926803","40.819458_-73.9301085","40.8194596_-73.9480551","40.819473_-73.933377","40.8194743_-73.9337051","40.8194857_-73.9338178","40.8194914_-73.9309803","40.8194955_-73.9269439","40.8194979_-73.9325665","40.8194989_-73.9324698","40.8195009_-73.9339313","40.819508_-73.905665","40.8195173_-73.9340539","40.819527_-73.916201","40.819527_-73.921784","40.819537_-74.007612","40.819542_-73.91352","40.819543_-73.9781","40.819545_-73.989858","40.8195504_-73.9341814","40.8195588_-73.9303985","40.819563_-74.0005615","40.8195669_-73.9517315","40.819579_-73.911581","40.8195888_-73.932139","40.819593_-73.9342907","40.8195946_-73.930016","40.819595_-73.927301","40.8196194_-73.9367379","40.819628_-73.946065","40.819655_-73.977971","40.8196687_-73.9601777","40.819673_-73.944231","40.81967_-73.911839","40.819687_-73.9366906","40.8196905_-73.9404039","40.8196949_-73.9064337","40.819702_-73.960148","40.8197076_-73.9478729","40.8197265_-73.9345921","40.8197389_-73.9366567","40.819747_-73.914264","40.8197535_-73.9405521","40.819786_-73.912159","40.819789_-73.928024","40.8197948_-73.9600745","40.8198063_-73.9368052","40.8198496_-73.9366124","40.819888_-73.907252","40.8198898_-73.9984185","40.81988_-73.977798","40.8198915_-73.9344639","40.819895_-73.946718","40.81989_-74.005069","40.8199077_-73.9305142","40.8199451_-73.9365781","40.8199515_-73.9103555","40.8199573_-73.9367035","40.8199645_-73.9598209","40.819995_-73.918011","40.8200046_-73.9365604","40.820005_-73.958875","40.820016_-73.928839","40.820019_-73.9265309","40.8200253_-73.9366532","40.820052_-73.94762","40.8200594_-73.9266916","40.8200671_-73.93654","40.8200707_-73.9366084","40.8200885_-73.9550161","40.8200909_-73.9495617","40.820113_-73.908186","40.8201147_-73.9595259","40.820115_-73.9550789","40.8201173_-73.9343343","40.8201276_-73.9365136","40.8201293_-73.9344723","40.820133_-73.913063","40.8201687_-73.9552062","40.820175_-73.915902","40.8201936_-73.9364854","40.820202_-73.995916","40.8202132_-73.9116497","40.8202214_-73.9494664","40.82022_-73.947557","40.8202466_-73.9857501","40.820255_-73.945613","40.8202721_-73.9494293","40.8202799_-73.9596907","40.8202804_-73.9297585","40.820283_-73.959539","40.8202938_-73.9437782","40.820296_-73.904107","40.8202_-73.921478","40.8203116_-73.939948","40.8203246_-73.9578045","40.8203291_-73.9596517","40.8203393_-73.9493803","40.82035_-73.909181","40.820372_-74.005628")
done
125.02user 811.89system 1:12:44elapsed 21%CPU (0avgtext+0avgdata 52856maxresident)k
622936inputs+48outputs (3major+28497minor)pagefaults 0swaps
