40.7864975_-73.9483792
40.7865139_-73.9484183
40.7865321_-73.9504398
40.7865401_-73.9454271
40.7865436_-73.9546622
40.7865716_-73.9833208
40.7865981_-74.015107
40.7866014_-73.9683983
40.7866018_-73.9526675
40.7866026_-73.9567218
40.7866047_-73.9812733
40.7866068_-73.9339652
40.7866071_-73.9834582
40.7866102_-73.9467665
40.786634_-74.004242
40.786654_-73.957144
40.7866637_-73.9453365
40.7866748_-74.0027314
40.7866756_-73.9295406
40.786692_-74.008071
40.7867157_-73.947013
40.7867163_-73.928886
40.7867248_-73.9675016
40.786731_-74.011832
40.7867754_-73.9812464
40.7867798_-73.9388984
40.786783_-73.957082
40.786809_-73.94523
40.7868352_-73.9521626
40.7868607_-73.9451924
40.7868635_-73.9293835
40.7868736_-74.0017078
40.786876_-73.9833457
40.7868944_-73.9451679
40.786902_-74.017792
40.786917_-73.981229
40.786925_-73.957034
40.7869358_-73.9312454
40.7869385_-73.9792937
40.7869406_-73.9831599
40.7869619_-73.9475882
40.786995_-73.9417758
40.78699_-73.9419942
40.7870013_-73.9755091
40.7870136_-73.9775173
40.7870224_-74.0055912
40.7870331_-73.9386771
40.787035_-73.9418743
40.7870603_-73.9419364
40.7870605_-73.9673807
40.787064_-73.957009
40.787072_-74.012564
40.7870857_-73.9384713
40.7870877_-73.9776927
40.787089_-74.003867
40.7871079_-73.9420462
40.7871093_-73.9479326
40.7871151_-73.941897
40.7871296_-73.9716168
40.7871382_-73.9285274
40.7871586_-73.971686
40.7871601_-73.9832475
40.7871611_-73.9519248
40.7871716_-73.949982
40.7871731_-74.014649
40.7871935_-73.9570064
40.787218_-74.00376
40.787222_-73.9385099
40.7872254_-73.9562677
40.7872287_-73.9679448
40.7872313_-73.9541598
40.7872324_-73.9284366
40.7872376_-73.9383401
40.7872697_-73.9521814
40.7872707_-73.9320933
40.7873325_-73.9570195
40.7873588_-73.9445733
40.7873689_-73.9283219
40.787371_-74.006309
40.7873778_-73.9485599
40.787386_-74.009184
40.7873896_-73.9448081
40.7873974_-73.9382269
40.7874032_-73.9383658
40.787428_-73.9570378
40.787432_-74.003675
40.787442_-73.94477
40.7874435_-74.0133715
40.7874627_-74.0013527
40.7874681_-73.9670935
40.7874918_-73.9447342
40.787524_-73.9381394
40.7875339_-73.9447039
40.7875372_-73.9281825
40.7875472_-73.9258697
40.787549_-73.957051
40.787558_-73.9291421
40.787563_-73.9829243
40.7875673_-73.9788289
40.7875727_-73.93825
40.7876075_-73.9570524
40.7876214_-73.9770038
40.7876662_-73.9380622
40.7876846_-73.9750103
40.7876852_-73.9669207
40.787687_-73.957054
40.7876892_-73.9771797
40.787692_-73.941478
40.7877043_-73.9830454
40.7877188_-73.9381677
40.787722_-73.9811501
40.7877372_-73.9668688
40.787745_-74.009959
40.787747_-74.007117
40.7864975_-73.9483792
40.7865139_-73.9484183
40.7865321_-73.9504398
40.7865401_-73.9454271
40.7865436_-73.9546622
40.7865716_-73.9833208
40.7865981_-74.015107
40.7866014_-73.9683983
40.7866018_-73.9526675
40.7866026_-73.9567218
40.7866047_-73.9812733
40.7866068_-73.9339652
40.7866071_-73.9834582
40.7866102_-73.9467665
40.786634_-74.004242
40.786654_-73.957144
40.7866637_-73.9453365
40.7866748_-74.0027314
40.7866756_-73.9295406
40.786692_-74.008071
40.7867157_-73.947013
40.7867163_-73.928886
40.7867248_-73.9675016
40.786731_-74.011832
40.7867754_-73.9812464
40.7867798_-73.9388984
40.786783_-73.957082
40.786809_-73.94523
40.7868352_-73.9521626
40.7868607_-73.9451924
40.7868635_-73.9293835
40.7868736_-74.0017078
40.786876_-73.9833457
40.7868944_-73.9451679
40.786902_-74.017792
40.786917_-73.981229
40.786925_-73.957034
40.7869358_-73.9312454
40.7869385_-73.9792937
40.7869406_-73.9831599
40.7869619_-73.9475882
40.786995_-73.9417758
40.78699_-73.9419942
40.7870013_-73.9755091
40.7870136_-73.9775173
40.7870224_-74.0055912
40.7870331_-73.9386771
40.787035_-73.9418743
40.7870603_-73.9419364
40.7870605_-73.9673807
40.787064_-73.957009
40.787072_-74.012564
40.7870857_-73.9384713
40.7870877_-73.9776927
40.787089_-74.003867
40.7871079_-73.9420462
40.7871093_-73.9479326
40.7871151_-73.941897
40.7871296_-73.9716168
40.7871382_-73.9285274
40.7871586_-73.971686
40.7871601_-73.9832475
40.7871611_-73.9519248
40.7871716_-73.949982
40.7871731_-74.014649
40.7871935_-73.9570064
40.787218_-74.00376
40.787222_-73.9385099
40.7872254_-73.9562677
40.7872287_-73.9679448
40.7872313_-73.9541598
40.7872324_-73.9284366
40.7872376_-73.9383401
40.7872697_-73.9521814
40.7872707_-73.9320933
40.7873325_-73.9570195
40.7873588_-73.9445733
40.7873689_-73.9283219
40.787371_-74.006309
40.7873778_-73.9485599
40.787386_-74.009184
40.7873896_-73.9448081
40.7873974_-73.9382269
40.7874032_-73.9383658
40.787428_-73.9570378
40.787432_-74.003675
40.787442_-73.94477
40.7874435_-74.0133715
40.7874627_-74.0013527
40.7874681_-73.9670935
40.7874918_-73.9447342
40.787524_-73.9381394
40.7875339_-73.9447039
40.7875372_-73.9281825
40.7875472_-73.9258697
40.787549_-73.957051
40.787558_-73.9291421
40.787563_-73.9829243
40.7875673_-73.9788289
40.7875727_-73.93825
40.7876075_-73.9570524
40.7876214_-73.9770038
40.7876662_-73.9380622
40.7876846_-73.9750103
40.7876852_-73.9669207
40.787687_-73.957054
40.7876892_-73.9771797
40.787692_-73.941478
40.7877043_-73.9830454
40.7877188_-73.9381677
40.787722_-73.9811501
40.7877372_-73.9668688
40.787745_-74.009959
40.787747_-74.007117
("40.7864975_-73.9483792","40.7865139_-73.9484183","40.7865321_-73.9504398","40.7865401_-73.9454271","40.7865436_-73.9546622","40.7865716_-73.9833208","40.7865981_-74.015107","40.7866014_-73.9683983","40.7866018_-73.9526675","40.7866026_-73.9567218","40.7866047_-73.9812733","40.7866068_-73.9339652","40.7866071_-73.9834582","40.7866102_-73.9467665","40.786634_-74.004242","40.786654_-73.957144","40.7866637_-73.9453365","40.7866748_-74.0027314","40.7866756_-73.9295406","40.786692_-74.008071","40.7867157_-73.947013","40.7867163_-73.928886","40.7867248_-73.9675016","40.786731_-74.011832","40.7867754_-73.9812464","40.7867798_-73.9388984","40.786783_-73.957082","40.786809_-73.94523","40.7868352_-73.9521626","40.7868607_-73.9451924","40.7868635_-73.9293835","40.7868736_-74.0017078","40.786876_-73.9833457","40.7868944_-73.9451679","40.786902_-74.017792","40.786917_-73.981229","40.786925_-73.957034","40.7869358_-73.9312454","40.7869385_-73.9792937","40.7869406_-73.9831599","40.7869619_-73.9475882","40.786995_-73.9417758","40.78699_-73.9419942","40.7870013_-73.9755091","40.7870136_-73.9775173","40.7870224_-74.0055912","40.7870331_-73.9386771","40.787035_-73.9418743","40.7870603_-73.9419364","40.7870605_-73.9673807","40.787064_-73.957009","40.787072_-74.012564","40.7870857_-73.9384713","40.7870877_-73.9776927","40.787089_-74.003867","40.7871079_-73.9420462","40.7871093_-73.9479326","40.7871151_-73.941897","40.7871296_-73.9716168","40.7871382_-73.9285274","40.7871586_-73.971686","40.7871601_-73.9832475","40.7871611_-73.9519248","40.7871716_-73.949982","40.7871731_-74.014649","40.7871935_-73.9570064","40.787218_-74.00376","40.787222_-73.9385099","40.7872254_-73.9562677","40.7872287_-73.9679448","40.7872313_-73.9541598","40.7872324_-73.9284366","40.7872376_-73.9383401","40.7872697_-73.9521814","40.7872707_-73.9320933","40.7873325_-73.9570195","40.7873588_-73.9445733","40.7873689_-73.9283219","40.787371_-74.006309","40.7873778_-73.9485599","40.787386_-74.009184","40.7873896_-73.9448081","40.7873974_-73.9382269","40.7874032_-73.9383658","40.787428_-73.9570378","40.787432_-74.003675","40.787442_-73.94477","40.7874435_-74.0133715","40.7874627_-74.0013527","40.7874681_-73.9670935","40.7874918_-73.9447342","40.787524_-73.9381394","40.7875339_-73.9447039","40.7875372_-73.9281825","40.7875472_-73.9258697","40.787549_-73.957051","40.787558_-73.9291421","40.787563_-73.9829243","40.7875673_-73.9788289","40.7875727_-73.93825","40.7876075_-73.9570524","40.7876214_-73.9770038","40.7876662_-73.9380622","40.7876846_-73.9750103","40.7876852_-73.9669207","40.787687_-73.957054","40.7876892_-73.9771797","40.787692_-73.941478","40.7877043_-73.9830454","40.7877188_-73.9381677","40.787722_-73.9811501","40.7877372_-73.9668688","40.787745_-74.009959","40.787747_-74.007117")
done
129.33user 809.18system 1:15:36elapsed 20%CPU (0avgtext+0avgdata 68132maxresident)k
485128inputs+54936outputs (26major+34995minor)pagefaults 0swaps
