40.7221609_-73.9887981
40.7221619_-73.9863352
40.722169_-74.0053809
40.722179_-73.949866
40.722181_-73.990914
40.722183_-73.938728
40.722183_-74.000657
40.722201_-74.010561
40.7222048_-73.9971004
40.7222053_-73.9465757
40.722212_-73.946486
40.7222149_-74.0066744
40.7222207_-73.9464212
40.7222223_-74.0053721
40.7222423_-73.9908828
40.7222546_-73.9972493
40.7222612_-73.9466376
40.722271_-73.941091
40.7222773_-73.9406732
40.7222809_-74.0059151
40.7222838_-73.98017
40.7222843_-73.9134416
40.722285_-73.957461
40.72228_-73.9862737
40.722301_-74.0066686
40.7223037_-73.9971275
40.7223049_-73.9465142
40.7223097_-74.0115318
40.722314_-73.912041
40.7223188_-74.0116127
40.722318_-73.935284
40.7223227_-73.9575216
40.7223416_-73.9932043
40.7223472_-74.01185
40.7223502_-73.9862198
40.7223567_-73.9407705
40.7223583_-74.0066742
40.722358_-73.9549652
40.7223648_-73.9449004
40.7223659_-73.9889847
40.7223673_-73.9743328
40.722372_-73.910646
40.7223842_-73.9933219
40.722384_-74.003768
40.7224093_-73.9871646
40.7224121_-73.9916434
40.7224172_-74.0066922
40.7224194_-73.9510439
40.7224438_-73.9547907
40.722447_-73.908422
40.7224594_-74.0067197
40.7224941_-74.0067731
40.7224985_-73.951088
40.722498_-73.976893
40.7225163_-74.006829
40.7225169_-73.9742555
40.722518_-73.919041
40.7225215_-73.940317
40.722534_-73.959347
40.7225403_-73.9870975
40.72254_-73.949078
40.7225563_-73.9593828
40.722556_-73.9743843
40.722556_-74.001403
40.7225625_-73.9400477
40.7225631_-74.0063119
40.7225751_-73.9550008
40.722582_-73.9744873
40.722588_-74.0066759
40.7225_-73.9469005
40.722602_-73.937106
40.7226039_-73.94041
40.722627_-74.008117
40.722636_-73.954183
40.7226423_-73.9879094
40.7226515_-73.9468911
40.722655_-73.948164
40.722663_-73.99798
40.7226691_-73.9870137
40.722671_-73.982964
40.7226911_-73.9470949
40.7226_-73.904563
40.722722_-73.9143985
40.722723_-73.994153
40.722727_-73.947474
40.7227417_-74.0044354
40.7227469_-73.9201287
40.7227604_-73.9886061
40.7227633_-73.939923
40.7227664_-73.947152
40.7227676_-73.987845
40.72276_-73.953825
40.722777_-73.947057
40.7227831_-73.9470065
40.722785_-74.009654
40.7228017_-73.9930317
40.7228175_-73.9475184
40.7228195_-73.9888232
40.7228282_-73.9931527
40.7228304_-73.947048
40.722837_-73.956867
40.7228422_-73.9740839
40.7228448_-73.9140207
40.7228497_-73.9885783
40.7228511_-73.9400066
40.722859_-73.939032
40.722859_-74.010452
40.722863_-73.946275
40.722865_-73.940222
40.7228751_-73.9472344
40.7228774_-73.9569317
40.7228784_-73.9886883
40.7228919_-73.9797306
40.722893_-73.913863
40.7221609_-73.9887981
40.7221619_-73.9863352
40.722169_-74.0053809
40.722179_-73.949866
40.722181_-73.990914
40.722183_-73.938728
40.722183_-74.000657
40.722201_-74.010561
40.7222048_-73.9971004
40.7222053_-73.9465757
40.722212_-73.946486
40.7222149_-74.0066744
40.7222207_-73.9464212
40.7222223_-74.0053721
40.7222423_-73.9908828
40.7222546_-73.9972493
40.7222612_-73.9466376
40.722271_-73.941091
40.7222773_-73.9406732
40.7222809_-74.0059151
40.7222838_-73.98017
40.7222843_-73.9134416
40.722285_-73.957461
40.72228_-73.9862737
40.722301_-74.0066686
40.7223037_-73.9971275
40.7223049_-73.9465142
40.7223097_-74.0115318
40.722314_-73.912041
40.7223188_-74.0116127
40.722318_-73.935284
40.7223227_-73.9575216
40.7223416_-73.9932043
40.7223472_-74.01185
40.7223502_-73.9862198
40.7223567_-73.9407705
40.7223583_-74.0066742
40.722358_-73.9549652
40.7223648_-73.9449004
40.7223659_-73.9889847
40.7223673_-73.9743328
40.722372_-73.910646
40.7223842_-73.9933219
40.722384_-74.003768
40.7224093_-73.9871646
40.7224121_-73.9916434
40.7224172_-74.0066922
40.7224194_-73.9510439
40.7224438_-73.9547907
40.722447_-73.908422
40.7224594_-74.0067197
40.7224941_-74.0067731
40.7224985_-73.951088
40.722498_-73.976893
40.7225163_-74.006829
40.7225169_-73.9742555
40.722518_-73.919041
40.7225215_-73.940317
40.722534_-73.959347
40.7225403_-73.9870975
40.72254_-73.949078
40.7225563_-73.9593828
40.722556_-73.9743843
40.722556_-74.001403
40.7225625_-73.9400477
40.7225631_-74.0063119
40.7225751_-73.9550008
40.722582_-73.9744873
40.722588_-74.0066759
40.7225_-73.9469005
40.722602_-73.937106
40.7226039_-73.94041
40.722627_-74.008117
40.722636_-73.954183
40.7226423_-73.9879094
40.7226515_-73.9468911
40.722655_-73.948164
40.722663_-73.99798
40.7226691_-73.9870137
40.722671_-73.982964
40.7226911_-73.9470949
40.7226_-73.904563
40.722722_-73.9143985
40.722723_-73.994153
40.722727_-73.947474
40.7227417_-74.0044354
40.7227469_-73.9201287
40.7227604_-73.9886061
40.7227633_-73.939923
40.7227664_-73.947152
40.7227676_-73.987845
40.72276_-73.953825
40.722777_-73.947057
40.7227831_-73.9470065
40.722785_-74.009654
40.7228017_-73.9930317
40.7228175_-73.9475184
40.7228195_-73.9888232
40.7228282_-73.9931527
40.7228304_-73.947048
40.722837_-73.956867
40.7228422_-73.9740839
40.7228448_-73.9140207
40.7228497_-73.9885783
40.7228511_-73.9400066
40.722859_-73.939032
40.722859_-74.010452
40.722863_-73.946275
40.722865_-73.940222
40.7228751_-73.9472344
40.7228774_-73.9569317
40.7228784_-73.9886883
40.7228919_-73.9797306
40.722893_-73.913863
("40.7221609_-73.9887981","40.7221619_-73.9863352","40.722169_-74.0053809","40.722179_-73.949866","40.722181_-73.990914","40.722183_-73.938728","40.722183_-74.000657","40.722201_-74.010561","40.7222048_-73.9971004","40.7222053_-73.9465757","40.722212_-73.946486","40.7222149_-74.0066744","40.7222207_-73.9464212","40.7222223_-74.0053721","40.7222423_-73.9908828","40.7222546_-73.9972493","40.7222612_-73.9466376","40.722271_-73.941091","40.7222773_-73.9406732","40.7222809_-74.0059151","40.7222838_-73.98017","40.7222843_-73.9134416","40.722285_-73.957461","40.72228_-73.9862737","40.722301_-74.0066686","40.7223037_-73.9971275","40.7223049_-73.9465142","40.7223097_-74.0115318","40.722314_-73.912041","40.7223188_-74.0116127","40.722318_-73.935284","40.7223227_-73.9575216","40.7223416_-73.9932043","40.7223472_-74.01185","40.7223502_-73.9862198","40.7223567_-73.9407705","40.7223583_-74.0066742","40.722358_-73.9549652","40.7223648_-73.9449004","40.7223659_-73.9889847","40.7223673_-73.9743328","40.722372_-73.910646","40.7223842_-73.9933219","40.722384_-74.003768","40.7224093_-73.9871646","40.7224121_-73.9916434","40.7224172_-74.0066922","40.7224194_-73.9510439","40.7224438_-73.9547907","40.722447_-73.908422","40.7224594_-74.0067197","40.7224941_-74.0067731","40.7224985_-73.951088","40.722498_-73.976893","40.7225163_-74.006829","40.7225169_-73.9742555","40.722518_-73.919041","40.7225215_-73.940317","40.722534_-73.959347","40.7225403_-73.9870975","40.72254_-73.949078","40.7225563_-73.9593828","40.722556_-73.9743843","40.722556_-74.001403","40.7225625_-73.9400477","40.7225631_-74.0063119","40.7225751_-73.9550008","40.722582_-73.9744873","40.722588_-74.0066759","40.7225_-73.9469005","40.722602_-73.937106","40.7226039_-73.94041","40.722627_-74.008117","40.722636_-73.954183","40.7226423_-73.9879094","40.7226515_-73.9468911","40.722655_-73.948164","40.722663_-73.99798","40.7226691_-73.9870137","40.722671_-73.982964","40.7226911_-73.9470949","40.7226_-73.904563","40.722722_-73.9143985","40.722723_-73.994153","40.722727_-73.947474","40.7227417_-74.0044354","40.7227469_-73.9201287","40.7227604_-73.9886061","40.7227633_-73.939923","40.7227664_-73.947152","40.7227676_-73.987845","40.72276_-73.953825","40.722777_-73.947057","40.7227831_-73.9470065","40.722785_-74.009654","40.7228017_-73.9930317","40.7228175_-73.9475184","40.7228195_-73.9888232","40.7228282_-73.9931527","40.7228304_-73.947048","40.722837_-73.956867","40.7228422_-73.9740839","40.7228448_-73.9140207","40.7228497_-73.9885783","40.7228511_-73.9400066","40.722859_-73.939032","40.722859_-74.010452","40.722863_-73.946275","40.722865_-73.940222","40.7228751_-73.9472344","40.7228774_-73.9569317","40.7228784_-73.9886883","40.7228919_-73.9797306","40.722893_-73.913863")
done
145.68user 805.21system 1:15:40elapsed 20%CPU (0avgtext+0avgdata 68100maxresident)k
280424inputs+53592outputs (26major+35947minor)pagefaults 0swaps
