40.7530652_-73.9214659
40.7530724_-73.9915577
40.7530754_-73.9661716
40.7530765_-73.9456761
40.753079_-73.93717
40.7530862_-73.9090903
40.7530892_-74.0072934
40.7530893_-73.9456052
40.7530981_-73.9778733
40.7531009_-73.9101339
40.7531145_-73.9337053
40.7531262_-73.910771
40.753132_-73.9468036
40.7531333_-73.9580263
40.7531407_-73.9205066
40.7531434_-73.9085574
40.7531578_-73.9084233
40.753157_-73.964442
40.7531628_-73.9069637
40.7531628_-73.9226183
40.7531658_-73.9083484
40.7531698_-73.9665913
40.753171_-73.9580967
40.7531738_-73.908241
40.7531766_-73.9081926
40.7531767_-73.906672
40.7531787_-73.9081571
40.7531796_-73.9666149
40.7531825_-73.9081242
40.7531873_-73.9214903
40.7531892_-73.9467482
40.7531997_-73.966463
40.7532159_-73.9281006
40.7532197_-73.9667046
40.7532287_-73.9225647
40.7532304_-73.9075978
40.7532358_-73.9279639
40.753244_-73.9665687
40.7532586_-74.0038542
40.7532601_-73.907276
40.7532651_-73.9466737
40.753269_-73.9469307
40.7532725_-73.920549
40.7532796_-73.9124368
40.7532797_-73.9666537
40.7532821_-73.9280467
40.7532938_-73.9069106
40.7532952_-73.9665335
40.7532961_-73.9125342
40.7532969_-73.9225092
40.753296_-73.9664051
40.7533041_-73.9059129
40.7533104_-73.9280972
40.7533117_-73.9126259
40.753314_-73.964811
40.7533167_-73.9313143
40.753318_-73.972588
40.7533193_-73.9664579
40.7533195_-73.9667437
40.7533254_-73.9666094
40.7533317_-73.9065497
40.7533365_-73.9501169
40.7533471_-73.9664992
40.753363_-73.9279809
40.7533645_-73.9962126
40.753367_-73.974648
40.7533778_-73.9201104
40.7533813_-73.9664766
40.7533864_-73.9983838
40.7533879_-73.907622
40.7533882_-73.9708588
40.753388_-73.9049193
40.75338_-73.9312628
40.753391_-73.9585072
40.753394_-73.9633251
40.7533975_-73.9846716
40.7533996_-73.9665303
40.7534028_-73.9071432
40.7534035_-73.9058667
40.7534035_-73.9963289
40.7534038_-73.9566842
40.7534209_-73.9124841
40.7534295_-73.9585541
40.7534422_-73.9664673
40.7534449_-73.998498
40.7534451_-73.9312098
40.7534584_-73.9067353
40.753459_-73.941406
40.753461_-73.9134878
40.7534646_-73.9585622
40.7534706_-73.9097189
40.7534766_-73.913576
40.7534779_-73.9925251
40.7534819_-73.9311799
40.753481_-73.978783
40.753481_-73.980888
40.7534825_-73.9201512
40.7534919_-73.93794
40.7535003_-73.9038748
40.7535022_-73.9049276
40.7535073_-73.9585565
40.753517_-73.988787
40.7535187_-73.9058844
40.7535215_-73.923457
40.753521_-73.945268
40.7535224_-73.9476933
40.7535232_-73.9147199
40.7535244_-73.9986987
40.7535301_-73.9565445
40.7535337_-73.9344657
40.7535466_-73.9109972
40.753547_-73.9987459
40.7535494_-73.958526
40.753554_-73.985043
40.7530652_-73.9214659
40.7530724_-73.9915577
40.7530754_-73.9661716
40.7530765_-73.9456761
40.753079_-73.93717
40.7530862_-73.9090903
40.7530892_-74.0072934
40.7530893_-73.9456052
40.7530981_-73.9778733
40.7531009_-73.9101339
40.7531145_-73.9337053
40.7531262_-73.910771
40.753132_-73.9468036
40.7531333_-73.9580263
40.7531407_-73.9205066
40.7531434_-73.9085574
40.7531578_-73.9084233
40.753157_-73.964442
40.7531628_-73.9069637
40.7531628_-73.9226183
40.7531658_-73.9083484
40.7531698_-73.9665913
40.753171_-73.9580967
40.7531738_-73.908241
40.7531766_-73.9081926
40.7531767_-73.906672
40.7531787_-73.9081571
40.7531796_-73.9666149
40.7531825_-73.9081242
40.7531873_-73.9214903
40.7531892_-73.9467482
40.7531997_-73.966463
40.7532159_-73.9281006
40.7532197_-73.9667046
40.7532287_-73.9225647
40.7532304_-73.9075978
40.7532358_-73.9279639
40.753244_-73.9665687
40.7532586_-74.0038542
40.7532601_-73.907276
40.7532651_-73.9466737
40.753269_-73.9469307
40.7532725_-73.920549
40.7532796_-73.9124368
40.7532797_-73.9666537
40.7532821_-73.9280467
40.7532938_-73.9069106
40.7532952_-73.9665335
40.7532961_-73.9125342
40.7532969_-73.9225092
40.753296_-73.9664051
40.7533041_-73.9059129
40.7533104_-73.9280972
40.7533117_-73.9126259
40.753314_-73.964811
40.7533167_-73.9313143
40.753318_-73.972588
40.7533193_-73.9664579
40.7533195_-73.9667437
40.7533254_-73.9666094
40.7533317_-73.9065497
40.7533365_-73.9501169
40.7533471_-73.9664992
40.753363_-73.9279809
40.7533645_-73.9962126
40.753367_-73.974648
40.7533778_-73.9201104
40.7533813_-73.9664766
40.7533864_-73.9983838
40.7533879_-73.907622
40.7533882_-73.9708588
40.753388_-73.9049193
40.75338_-73.9312628
40.753391_-73.9585072
40.753394_-73.9633251
40.7533975_-73.9846716
40.7533996_-73.9665303
40.7534028_-73.9071432
40.7534035_-73.9058667
40.7534035_-73.9963289
40.7534038_-73.9566842
40.7534209_-73.9124841
40.7534295_-73.9585541
40.7534422_-73.9664673
40.7534449_-73.998498
40.7534451_-73.9312098
40.7534584_-73.9067353
40.753459_-73.941406
40.753461_-73.9134878
40.7534646_-73.9585622
40.7534706_-73.9097189
40.7534766_-73.913576
40.7534779_-73.9925251
40.7534819_-73.9311799
40.753481_-73.978783
40.753481_-73.980888
40.7534825_-73.9201512
40.7534919_-73.93794
40.7535003_-73.9038748
40.7535022_-73.9049276
40.7535073_-73.9585565
40.753517_-73.988787
40.7535187_-73.9058844
40.7535215_-73.923457
40.753521_-73.945268
40.7535224_-73.9476933
40.7535232_-73.9147199
40.7535244_-73.9986987
40.7535301_-73.9565445
40.7535337_-73.9344657
40.7535466_-73.9109972
40.753547_-73.9987459
40.7535494_-73.958526
40.753554_-73.985043
("40.7530652_-73.9214659","40.7530724_-73.9915577","40.7530754_-73.9661716","40.7530765_-73.9456761","40.753079_-73.93717","40.7530862_-73.9090903","40.7530892_-74.0072934","40.7530893_-73.9456052","40.7530981_-73.9778733","40.7531009_-73.9101339","40.7531145_-73.9337053","40.7531262_-73.910771","40.753132_-73.9468036","40.7531333_-73.9580263","40.7531407_-73.9205066","40.7531434_-73.9085574","40.7531578_-73.9084233","40.753157_-73.964442","40.7531628_-73.9069637","40.7531628_-73.9226183","40.7531658_-73.9083484","40.7531698_-73.9665913","40.753171_-73.9580967","40.7531738_-73.908241","40.7531766_-73.9081926","40.7531767_-73.906672","40.7531787_-73.9081571","40.7531796_-73.9666149","40.7531825_-73.9081242","40.7531873_-73.9214903","40.7531892_-73.9467482","40.7531997_-73.966463","40.7532159_-73.9281006","40.7532197_-73.9667046","40.7532287_-73.9225647","40.7532304_-73.9075978","40.7532358_-73.9279639","40.753244_-73.9665687","40.7532586_-74.0038542","40.7532601_-73.907276","40.7532651_-73.9466737","40.753269_-73.9469307","40.7532725_-73.920549","40.7532796_-73.9124368","40.7532797_-73.9666537","40.7532821_-73.9280467","40.7532938_-73.9069106","40.7532952_-73.9665335","40.7532961_-73.9125342","40.7532969_-73.9225092","40.753296_-73.9664051","40.7533041_-73.9059129","40.7533104_-73.9280972","40.7533117_-73.9126259","40.753314_-73.964811","40.7533167_-73.9313143","40.753318_-73.972588","40.7533193_-73.9664579","40.7533195_-73.9667437","40.7533254_-73.9666094","40.7533317_-73.9065497","40.7533365_-73.9501169","40.7533471_-73.9664992","40.753363_-73.9279809","40.7533645_-73.9962126","40.753367_-73.974648","40.7533778_-73.9201104","40.7533813_-73.9664766","40.7533864_-73.9983838","40.7533879_-73.907622","40.7533882_-73.9708588","40.753388_-73.9049193","40.75338_-73.9312628","40.753391_-73.9585072","40.753394_-73.9633251","40.7533975_-73.9846716","40.7533996_-73.9665303","40.7534028_-73.9071432","40.7534035_-73.9058667","40.7534035_-73.9963289","40.7534038_-73.9566842","40.7534209_-73.9124841","40.7534295_-73.9585541","40.7534422_-73.9664673","40.7534449_-73.998498","40.7534451_-73.9312098","40.7534584_-73.9067353","40.753459_-73.941406","40.753461_-73.9134878","40.7534646_-73.9585622","40.7534706_-73.9097189","40.7534766_-73.913576","40.7534779_-73.9925251","40.7534819_-73.9311799","40.753481_-73.978783","40.753481_-73.980888","40.7534825_-73.9201512","40.7534919_-73.93794","40.7535003_-73.9038748","40.7535022_-73.9049276","40.7535073_-73.9585565","40.753517_-73.988787","40.7535187_-73.9058844","40.7535215_-73.923457","40.753521_-73.945268","40.7535224_-73.9476933","40.7535232_-73.9147199","40.7535244_-73.9986987","40.7535301_-73.9565445","40.7535337_-73.9344657","40.7535466_-73.9109972","40.753547_-73.9987459","40.7535494_-73.958526","40.753554_-73.985043")
done
141.22user 815.85system 1:14:53elapsed 21%CPU (0avgtext+0avgdata 77588maxresident)k
969712inputs+91480outputs (46major+39718minor)pagefaults 0swaps
