40.7994594_-73.929899
40.7994613_-73.9573186
40.7994636_-73.9219652
40.7994673_-73.958067
40.7994807_-73.9553885
40.799485_-73.973009
40.7994921_-73.994497
40.7994941_-73.9580201
40.7995066_-73.9516448
40.7995238_-73.9579532
40.7995259_-73.9575154
40.7995476_-73.9576086
40.799548_-73.9578608
40.7995517_-74.0077676
40.7995583_-73.957681
40.7995583_-73.957769
40.799567_-73.925769
40.799568_-73.9299102
40.7995723_-73.9747927
40.799578_-73.999085
40.7995808_-73.9358949
40.7996117_-74.0113246
40.7996186_-74.0132984
40.7996212_-73.9292425
40.7996395_-73.9588749
40.7996621_-73.922579
40.7996738_-73.9299139
40.7996915_-73.9264309
40.7996987_-73.9699736
40.799705_-73.971924
40.799711_-74.00166
40.7997177_-73.9727783
40.799717_-73.9250293
40.7997378_-73.9681077
40.7997441_-73.9224842
40.79974_-74.00297
40.7997572_-73.9661968
40.7997634_-73.9252012
40.799763_-73.909682
40.799769_-73.930226
40.7997782_-73.9299064
40.799781_-74.014405
40.7997858_-73.9682189
40.7998192_-73.9748614
40.7998293_-73.9683196
40.7998317_-73.9293415
40.7998392_-73.9252986
40.799843_-73.952458
40.799851_-73.911458
40.799864_-73.93028
40.7998809_-73.9386046
40.7998859_-73.962309
40.7998864_-73.9231834
40.7998953_-73.9511661
40.7998989_-73.9246688
40.799899_-73.913153
40.7999167_-73.9725674
40.799916_-73.9623806
40.7999262_-73.9426093
40.7999294_-73.9406665
40.7999295_-73.9511413
40.7999364_-73.9132265
40.799945_-73.93035
40.7999509_-73.9234844
40.7999544_-73.9605143
40.799961_-73.946974
40.7999734_-73.9682627
40.7999823_-73.9448507
40.7999881_-73.958632
40.7999885_-73.9547869
40.7999889_-73.9236506
40.7999946_-73.9746039
40.799_-73.952408
40.7_-73.957226
40.8000022_-73.9133557
40.8000209_-73.9232511
40.800022_-73.930443
40.8000341_-73.9255431
40.800038_-73.9294452
40.8000422_-73.9428845
40.8000481_-73.968007
40.8000625_-73.9549552
40.800066_-73.930517
40.800066_-73.9510418
40.8000932_-73.9723511
40.8001021_-73.9235847
40.8001255_-73.9511825
40.8001279_-74.0073228
40.8001281_-74.0006007
40.8001523_-73.918077
40.8001589_-73.9298866
40.800162_-73.935374
40.8001783_-73.9240423
40.800203_-74.003924
40.8002177_-73.9679585
40.800222_-73.9746726
40.8002371_-73.9721603
40.8002573_-73.9509023
40.8003089_-73.9583884
40.8003096_-74.0077054
40.8003115_-73.9298859
40.8003317_-73.9695099
40.800334_-73.97146
40.800341_-73.914189
40.8003421_-73.9581803
40.8003441_-73.9582234
40.8003445_-73.9581372
40.8003499_-73.9582637
40.8003512_-73.9580949
40.8003595_-73.9583028
40.8003624_-73.9681447
40.800362_-73.9580542
40.8003728_-73.9583399
40.800372_-73.909072
40.7994594_-73.929899
40.7994613_-73.9573186
40.7994636_-73.9219652
40.7994673_-73.958067
40.7994807_-73.9553885
40.799485_-73.973009
40.7994921_-73.994497
40.7994941_-73.9580201
40.7995066_-73.9516448
40.7995238_-73.9579532
40.7995259_-73.9575154
40.7995476_-73.9576086
40.799548_-73.9578608
40.7995517_-74.0077676
40.7995583_-73.957681
40.7995583_-73.957769
40.799567_-73.925769
40.799568_-73.9299102
40.7995723_-73.9747927
40.799578_-73.999085
40.7995808_-73.9358949
40.7996117_-74.0113246
40.7996186_-74.0132984
40.7996212_-73.9292425
40.7996395_-73.9588749
40.7996621_-73.922579
40.7996738_-73.9299139
40.7996915_-73.9264309
40.7996987_-73.9699736
40.799705_-73.971924
40.799711_-74.00166
40.7997177_-73.9727783
40.799717_-73.9250293
40.7997378_-73.9681077
40.7997441_-73.9224842
40.79974_-74.00297
40.7997572_-73.9661968
40.7997634_-73.9252012
40.799763_-73.909682
40.799769_-73.930226
40.7997782_-73.9299064
40.799781_-74.014405
40.7997858_-73.9682189
40.7998192_-73.9748614
40.7998293_-73.9683196
40.7998317_-73.9293415
40.7998392_-73.9252986
40.799843_-73.952458
40.799851_-73.911458
40.799864_-73.93028
40.7998809_-73.9386046
40.7998859_-73.962309
40.7998864_-73.9231834
40.7998953_-73.9511661
40.7998989_-73.9246688
40.799899_-73.913153
40.7999167_-73.9725674
40.799916_-73.9623806
40.7999262_-73.9426093
40.7999294_-73.9406665
40.7999295_-73.9511413
40.7999364_-73.9132265
40.799945_-73.93035
40.7999509_-73.9234844
40.7999544_-73.9605143
40.799961_-73.946974
40.7999734_-73.9682627
40.7999823_-73.9448507
40.7999881_-73.958632
40.7999885_-73.9547869
40.7999889_-73.9236506
40.7999946_-73.9746039
40.799_-73.952408
40.7_-73.957226
40.8000022_-73.9133557
40.8000209_-73.9232511
40.800022_-73.930443
40.8000341_-73.9255431
40.800038_-73.9294452
40.8000422_-73.9428845
40.8000481_-73.968007
40.8000625_-73.9549552
40.800066_-73.930517
40.800066_-73.9510418
40.8000932_-73.9723511
40.8001021_-73.9235847
40.8001255_-73.9511825
40.8001279_-74.0073228
40.8001281_-74.0006007
40.8001523_-73.918077
40.8001589_-73.9298866
40.800162_-73.935374
40.8001783_-73.9240423
40.800203_-74.003924
40.8002177_-73.9679585
40.800222_-73.9746726
40.8002371_-73.9721603
40.8002573_-73.9509023
40.8003089_-73.9583884
40.8003096_-74.0077054
40.8003115_-73.9298859
40.8003317_-73.9695099
40.800334_-73.97146
40.800341_-73.914189
40.8003421_-73.9581803
40.8003441_-73.9582234
40.8003445_-73.9581372
40.8003499_-73.9582637
40.8003512_-73.9580949
40.8003595_-73.9583028
40.8003624_-73.9681447
40.800362_-73.9580542
40.8003728_-73.9583399
40.800372_-73.909072
("40.7994594_-73.929899","40.7994613_-73.9573186","40.7994636_-73.9219652","40.7994673_-73.958067","40.7994807_-73.9553885","40.799485_-73.973009","40.7994921_-73.994497","40.7994941_-73.9580201","40.7995066_-73.9516448","40.7995238_-73.9579532","40.7995259_-73.9575154","40.7995476_-73.9576086","40.799548_-73.9578608","40.7995517_-74.0077676","40.7995583_-73.957681","40.7995583_-73.957769","40.799567_-73.925769","40.799568_-73.9299102","40.7995723_-73.9747927","40.799578_-73.999085","40.7995808_-73.9358949","40.7996117_-74.0113246","40.7996186_-74.0132984","40.7996212_-73.9292425","40.7996395_-73.9588749","40.7996621_-73.922579","40.7996738_-73.9299139","40.7996915_-73.9264309","40.7996987_-73.9699736","40.799705_-73.971924","40.799711_-74.00166","40.7997177_-73.9727783","40.799717_-73.9250293","40.7997378_-73.9681077","40.7997441_-73.9224842","40.79974_-74.00297","40.7997572_-73.9661968","40.7997634_-73.9252012","40.799763_-73.909682","40.799769_-73.930226","40.7997782_-73.9299064","40.799781_-74.014405","40.7997858_-73.9682189","40.7998192_-73.9748614","40.7998293_-73.9683196","40.7998317_-73.9293415","40.7998392_-73.9252986","40.799843_-73.952458","40.799851_-73.911458","40.799864_-73.93028","40.7998809_-73.9386046","40.7998859_-73.962309","40.7998864_-73.9231834","40.7998953_-73.9511661","40.7998989_-73.9246688","40.799899_-73.913153","40.7999167_-73.9725674","40.799916_-73.9623806","40.7999262_-73.9426093","40.7999294_-73.9406665","40.7999295_-73.9511413","40.7999364_-73.9132265","40.799945_-73.93035","40.7999509_-73.9234844","40.7999544_-73.9605143","40.799961_-73.946974","40.7999734_-73.9682627","40.7999823_-73.9448507","40.7999881_-73.958632","40.7999885_-73.9547869","40.7999889_-73.9236506","40.7999946_-73.9746039","40.799_-73.952408","40.7_-73.957226","40.8000022_-73.9133557","40.8000209_-73.9232511","40.800022_-73.930443","40.8000341_-73.9255431","40.800038_-73.9294452","40.8000422_-73.9428845","40.8000481_-73.968007","40.8000625_-73.9549552","40.800066_-73.930517","40.800066_-73.9510418","40.8000932_-73.9723511","40.8001021_-73.9235847","40.8001255_-73.9511825","40.8001279_-74.0073228","40.8001281_-74.0006007","40.8001523_-73.918077","40.8001589_-73.9298866","40.800162_-73.935374","40.8001783_-73.9240423","40.800203_-74.003924","40.8002177_-73.9679585","40.800222_-73.9746726","40.8002371_-73.9721603","40.8002573_-73.9509023","40.8003089_-73.9583884","40.8003096_-74.0077054","40.8003115_-73.9298859","40.8003317_-73.9695099","40.800334_-73.97146","40.800341_-73.914189","40.8003421_-73.9581803","40.8003441_-73.9582234","40.8003445_-73.9581372","40.8003499_-73.9582637","40.8003512_-73.9580949","40.8003595_-73.9583028","40.8003624_-73.9681447","40.800362_-73.9580542","40.8003728_-73.9583399","40.800372_-73.909072")
done
129.04user 819.84system 1:15:30elapsed 20%CPU (0avgtext+0avgdata 57236maxresident)k
3633192inputs+11248outputs (9major+30657minor)pagefaults 0swaps
