40.863654_-73.9074882
40.8636739_-73.90906
40.8636769_-73.9195996
40.863691_-73.917063
40.863696_-73.905713
40.8637037_-73.9298898
40.8637093_-73.932438
40.8637441_-73.9298666
40.8637595_-73.9320298
40.863771_-73.9193606
40.8637912_-73.9194094
40.8638085_-73.9194646
40.863814_-73.905455
40.8638397_-73.9090425
40.863845_-73.965623
40.8638817_-73.9324742
40.863904_-73.9297525
40.8639113_-73.9319021
40.8639181_-73.9052514
40.863935_-73.958663
40.8639437_-73.9319707
40.863951_-73.905187
40.8639893_-73.9296846
40.8640516_-73.9322927
40.8640697_-73.9071203
40.86406_-73.904999
40.8640753_-73.9296103
40.864094_-73.909002
40.864103_-73.903126
40.864112_-73.92125
40.8641449_-73.932467
40.864169_-73.904739
40.8641794_-73.9325971
40.86417_-73.956357
40.864193_-73.992304
40.8641946_-73.9325153
40.864208_-73.904597
40.864208_-73.9294671
40.864218_-73.906408
40.864219_-73.9326052
40.864236_-73.90445
40.864248_-73.903993
40.8642494_-73.9326119
40.864254_-73.904279
40.864255_-73.904107
40.864293_-73.9166408
40.8643402_-73.9189344
40.8643406_-73.9293146
40.8643588_-73.9326102
40.8643875_-73.9190626
40.864403_-73.923767
40.864426_-73.906805
40.8644271_-73.9038867
40.864436_-73.9312319
40.864463_-73.918943
40.864471_-73.929162
40.8645128_-73.9337455
40.8645131_-73.9310294
40.8645253_-73.9290947
40.864525_-73.92662
40.864543_-73.9722821
40.8645444_-73.919127
40.8646163_-73.9088926
40.8646189_-73.9289714
40.8646389_-73.9309931
40.8646412_-73.9192527
40.864646_-73.9325354
40.8646634_-73.9289023
40.8647443_-73.9309422
40.8648005_-73.9331123
40.864809_-73.919362
40.8648135_-73.930915
40.864922_-73.906354
40.8649411_-73.93091
40.8649888_-73.932412
40.8649985_-73.9087295
40.865023_-73.904546
40.8650547_-73.9309073
40.8650857_-73.9281099
40.865109_-73.918447
40.865147_-73.9309113
40.865171_-73.906071
40.8651_-73.921884
40.8652245_-73.903388
40.8652555_-73.9309395
40.8652598_-73.9277837
40.8652809_-73.932872
40.8652873_-73.975036
40.865308_-73.985374
40.8653162_-73.9033274
40.865338_-73.972185
40.8653519_-73.9309797
40.865365_-73.924385
40.865368_-73.905319
40.86536_-74.0074949
40.8653822_-73.9084647
40.8654172_-73.9032606
40.8654222_-73.9274861
40.8654411_-73.931028
40.8654695_-73.9321411
40.865508_-73.9310867
40.8655092_-73.927535
40.8655306_-73.9272687
40.8655685_-73.928062
40.8655689_-73.9320191
40.8655704_-74.0154998
40.8655794_-73.9311725
40.865581_-73.961586
40.8655852_-73.9181211
40.8655915_-73.9282503
40.8655959_-73.9274219
40.8656167_-73.9082132
40.865616_-73.904662
40.8656314_-73.9312669
40.863654_-73.9074882
40.8636739_-73.90906
40.8636769_-73.9195996
40.863691_-73.917063
40.863696_-73.905713
40.8637037_-73.9298898
40.8637093_-73.932438
40.8637441_-73.9298666
40.8637595_-73.9320298
40.863771_-73.9193606
40.8637912_-73.9194094
40.8638085_-73.9194646
40.863814_-73.905455
40.8638397_-73.9090425
40.863845_-73.965623
40.8638817_-73.9324742
40.863904_-73.9297525
40.8639113_-73.9319021
40.8639181_-73.9052514
40.863935_-73.958663
40.8639437_-73.9319707
40.863951_-73.905187
40.8639893_-73.9296846
40.8640516_-73.9322927
40.8640697_-73.9071203
40.86406_-73.904999
40.8640753_-73.9296103
40.864094_-73.909002
40.864103_-73.903126
40.864112_-73.92125
40.8641449_-73.932467
40.864169_-73.904739
40.8641794_-73.9325971
40.86417_-73.956357
40.864193_-73.992304
40.8641946_-73.9325153
40.864208_-73.904597
40.864208_-73.9294671
40.864218_-73.906408
40.864219_-73.9326052
40.864236_-73.90445
40.864248_-73.903993
40.8642494_-73.9326119
40.864254_-73.904279
40.864255_-73.904107
40.864293_-73.9166408
40.8643402_-73.9189344
40.8643406_-73.9293146
40.8643588_-73.9326102
40.8643875_-73.9190626
40.864403_-73.923767
40.864426_-73.906805
40.8644271_-73.9038867
40.864436_-73.9312319
40.864463_-73.918943
40.864471_-73.929162
40.8645128_-73.9337455
40.8645131_-73.9310294
40.8645253_-73.9290947
40.864525_-73.92662
40.864543_-73.9722821
40.8645444_-73.919127
40.8646163_-73.9088926
40.8646189_-73.9289714
40.8646389_-73.9309931
40.8646412_-73.9192527
40.864646_-73.9325354
40.8646634_-73.9289023
40.8647443_-73.9309422
40.8648005_-73.9331123
40.864809_-73.919362
40.8648135_-73.930915
40.864922_-73.906354
40.8649411_-73.93091
40.8649888_-73.932412
40.8649985_-73.9087295
40.865023_-73.904546
40.8650547_-73.9309073
40.8650857_-73.9281099
40.865109_-73.918447
40.865147_-73.9309113
40.865171_-73.906071
40.8651_-73.921884
40.8652245_-73.903388
40.8652555_-73.9309395
40.8652598_-73.9277837
40.8652809_-73.932872
40.8652873_-73.975036
40.865308_-73.985374
40.8653162_-73.9033274
40.865338_-73.972185
40.8653519_-73.9309797
40.865365_-73.924385
40.865368_-73.905319
40.86536_-74.0074949
40.8653822_-73.9084647
40.8654172_-73.9032606
40.8654222_-73.9274861
40.8654411_-73.931028
40.8654695_-73.9321411
40.865508_-73.9310867
40.8655092_-73.927535
40.8655306_-73.9272687
40.8655685_-73.928062
40.8655689_-73.9320191
40.8655704_-74.0154998
40.8655794_-73.9311725
40.865581_-73.961586
40.8655852_-73.9181211
40.8655915_-73.9282503
40.8655959_-73.9274219
40.8656167_-73.9082132
40.865616_-73.904662
40.8656314_-73.9312669
("40.863654_-73.9074882","40.8636739_-73.90906","40.8636769_-73.9195996","40.863691_-73.917063","40.863696_-73.905713","40.8637037_-73.9298898","40.8637093_-73.932438","40.8637441_-73.9298666","40.8637595_-73.9320298","40.863771_-73.9193606","40.8637912_-73.9194094","40.8638085_-73.9194646","40.863814_-73.905455","40.8638397_-73.9090425","40.863845_-73.965623","40.8638817_-73.9324742","40.863904_-73.9297525","40.8639113_-73.9319021","40.8639181_-73.9052514","40.863935_-73.958663","40.8639437_-73.9319707","40.863951_-73.905187","40.8639893_-73.9296846","40.8640516_-73.9322927","40.8640697_-73.9071203","40.86406_-73.904999","40.8640753_-73.9296103","40.864094_-73.909002","40.864103_-73.903126","40.864112_-73.92125","40.8641449_-73.932467","40.864169_-73.904739","40.8641794_-73.9325971","40.86417_-73.956357","40.864193_-73.992304","40.8641946_-73.9325153","40.864208_-73.904597","40.864208_-73.9294671","40.864218_-73.906408","40.864219_-73.9326052","40.864236_-73.90445","40.864248_-73.903993","40.8642494_-73.9326119","40.864254_-73.904279","40.864255_-73.904107","40.864293_-73.9166408","40.8643402_-73.9189344","40.8643406_-73.9293146","40.8643588_-73.9326102","40.8643875_-73.9190626","40.864403_-73.923767","40.864426_-73.906805","40.8644271_-73.9038867","40.864436_-73.9312319","40.864463_-73.918943","40.864471_-73.929162","40.8645128_-73.9337455","40.8645131_-73.9310294","40.8645253_-73.9290947","40.864525_-73.92662","40.864543_-73.9722821","40.8645444_-73.919127","40.8646163_-73.9088926","40.8646189_-73.9289714","40.8646389_-73.9309931","40.8646412_-73.9192527","40.864646_-73.9325354","40.8646634_-73.9289023","40.8647443_-73.9309422","40.8648005_-73.9331123","40.864809_-73.919362","40.8648135_-73.930915","40.864922_-73.906354","40.8649411_-73.93091","40.8649888_-73.932412","40.8649985_-73.9087295","40.865023_-73.904546","40.8650547_-73.9309073","40.8650857_-73.9281099","40.865109_-73.918447","40.865147_-73.9309113","40.865171_-73.906071","40.8651_-73.921884","40.8652245_-73.903388","40.8652555_-73.9309395","40.8652598_-73.9277837","40.8652809_-73.932872","40.8652873_-73.975036","40.865308_-73.985374","40.8653162_-73.9033274","40.865338_-73.972185","40.8653519_-73.9309797","40.865365_-73.924385","40.865368_-73.905319","40.86536_-74.0074949","40.8653822_-73.9084647","40.8654172_-73.9032606","40.8654222_-73.9274861","40.8654411_-73.931028","40.8654695_-73.9321411","40.865508_-73.9310867","40.8655092_-73.927535","40.8655306_-73.9272687","40.8655685_-73.928062","40.8655689_-73.9320191","40.8655704_-74.0154998","40.8655794_-73.9311725","40.865581_-73.961586","40.8655852_-73.9181211","40.8655915_-73.9282503","40.8655959_-73.9274219","40.8656167_-73.9082132","40.865616_-73.904662","40.8656314_-73.9312669")
done
124.59user 815.33system 1:15:26elapsed 20%CPU (0avgtext+0avgdata 51724maxresident)k
1415440inputs+48outputs (3major+27186minor)pagefaults 0swaps
