40.6924231_-73.9890555
40.6924248_-73.9888886
40.692424_-73.960738
40.692435_-73.994463
40.69244_-73.948622
40.6924711_-73.9904855
40.692485_-73.920301
40.6925374_-73.9909916
40.69253_-73.959844
40.6925413_-73.9529542
40.692549_-73.907347
40.6925615_-73.927998
40.692594_-73.915505
40.692603_-73.999818
40.692604_-73.927507
40.6926237_-73.9339815
40.692626_-73.923672
40.692628_-73.958993
40.6926552_-73.9872743
40.6926826_-73.9399746
40.692765_-73.945787
40.692774_-73.927811
40.6927797_-73.9213061
40.692779_-73.957681
40.692785_-73.911805
40.692794_-73.95205
40.6928067_-73.9887616
40.6928233_-73.9212145
40.6928263_-73.9035362
40.6928322_-73.9830171
40.692846_-73.993103
40.6928613_-73.9211109
40.692884_-73.956773
40.6928896_-73.9908227
40.692901_-73.924185
40.692904_-73.928043
40.6929069_-73.9599186
40.692946_-73.99965
40.692961_-73.931053
40.6929637_-73.981747
40.692976_-73.908101
40.6929863_-73.9620362
40.6929882_-73.9825041
40.692993_-73.955826
40.6930026_-73.9833315
40.693009_-73.994186
40.6930206_-73.9370525
40.693022_-73.916257
40.693036_-73.984292
40.6930407_-73.9907327
40.693041_-73.924439
40.693045_-73.985235
40.6930627_-73.9608809
40.693088_-73.986226
40.6930918_-73.9429443
40.693102_-73.95488
40.6931051_-73.9689611
40.6931133_-73.9891168
40.693114_-73.9688092
40.6931259_-73.9872481
40.6931312_-73.9686701
40.693135_-73.969831
40.693144_-73.921994
40.693147_-73.99508
40.693172_-73.948768
40.693172_-73.970859
40.693174_-73.928524
40.6931979_-73.9887289
40.6931996_-73.9888505
40.693205_-73.953989
40.693212_-73.912554
40.693215_-73.928868
40.69321_-73.971872
40.69323_-73.967844
40.693241_-73.928642
40.6932527_-73.972851
40.6932538_-73.9862175
40.693261_-73.904297
40.6932768_-73.9733142
40.6932825_-73.9735207
40.6932976_-73.9031021
40.6933007_-73.973855
40.693301_-73.995925
40.6933026_-73.988149
40.693308_-73.953098
40.693315_-73.924951
40.6933181_-73.9742268
40.6933374_-73.9732204
40.693341_-73.966881
40.6933478_-73.9749985
40.6933557_-73.9341278
40.693362_-73.9935483
40.6933655_-73.987235
40.693372_-73.973177
40.6933798_-73.975848
40.6933803_-73.9657971
40.6933876_-73.9887173
40.6933879_-73.9430028
40.693405_-73.908853
40.6934093_-73.9766075
40.6934157_-73.9401209
40.693419_-73.952172
40.6934202_-73.9993605
40.6934249_-73.977146
40.693439_-73.996716
40.693449_-73.917009
40.6934506_-73.9659102
40.6934517_-73.9778202
40.693455_-73.925206
40.693459_-73.973098
40.6934737_-73.9649767
40.6934743_-73.9783795
40.693497_-73.945932
40.6935047_-73.9791839
40.6924231_-73.9890555
40.6924248_-73.9888886
40.692424_-73.960738
40.692435_-73.994463
40.69244_-73.948622
40.6924711_-73.9904855
40.692485_-73.920301
40.6925374_-73.9909916
40.69253_-73.959844
40.6925413_-73.9529542
40.692549_-73.907347
40.6925615_-73.927998
40.692594_-73.915505
40.692603_-73.999818
40.692604_-73.927507
40.6926237_-73.9339815
40.692626_-73.923672
40.692628_-73.958993
40.6926552_-73.9872743
40.6926826_-73.9399746
40.692765_-73.945787
40.692774_-73.927811
40.6927797_-73.9213061
40.692779_-73.957681
40.692785_-73.911805
40.692794_-73.95205
40.6928067_-73.9887616
40.6928233_-73.9212145
40.6928263_-73.9035362
40.6928322_-73.9830171
40.692846_-73.993103
40.6928613_-73.9211109
40.692884_-73.956773
40.6928896_-73.9908227
40.692901_-73.924185
40.692904_-73.928043
40.6929069_-73.9599186
40.692946_-73.99965
40.692961_-73.931053
40.6929637_-73.981747
40.692976_-73.908101
40.6929863_-73.9620362
40.6929882_-73.9825041
40.692993_-73.955826
40.6930026_-73.9833315
40.693009_-73.994186
40.6930206_-73.9370525
40.693022_-73.916257
40.693036_-73.984292
40.6930407_-73.9907327
40.693041_-73.924439
40.693045_-73.985235
40.6930627_-73.9608809
40.693088_-73.986226
40.6930918_-73.9429443
40.693102_-73.95488
40.6931051_-73.9689611
40.6931133_-73.9891168
40.693114_-73.9688092
40.6931259_-73.9872481
40.6931312_-73.9686701
40.693135_-73.969831
40.693144_-73.921994
40.693147_-73.99508
40.693172_-73.948768
40.693172_-73.970859
40.693174_-73.928524
40.6931979_-73.9887289
40.6931996_-73.9888505
40.693205_-73.953989
40.693212_-73.912554
40.693215_-73.928868
40.69321_-73.971872
40.69323_-73.967844
40.693241_-73.928642
40.6932527_-73.972851
40.6932538_-73.9862175
40.693261_-73.904297
40.6932768_-73.9733142
40.6932825_-73.9735207
40.6932976_-73.9031021
40.6933007_-73.973855
40.693301_-73.995925
40.6933026_-73.988149
40.693308_-73.953098
40.693315_-73.924951
40.6933181_-73.9742268
40.6933374_-73.9732204
40.693341_-73.966881
40.6933478_-73.9749985
40.6933557_-73.9341278
40.693362_-73.9935483
40.6933655_-73.987235
40.693372_-73.973177
40.6933798_-73.975848
40.6933803_-73.9657971
40.6933876_-73.9887173
40.6933879_-73.9430028
40.693405_-73.908853
40.6934093_-73.9766075
40.6934157_-73.9401209
40.693419_-73.952172
40.6934202_-73.9993605
40.6934249_-73.977146
40.693439_-73.996716
40.693449_-73.917009
40.6934506_-73.9659102
40.6934517_-73.9778202
40.693455_-73.925206
40.693459_-73.973098
40.6934737_-73.9649767
40.6934743_-73.9783795
40.693497_-73.945932
40.6935047_-73.9791839
("40.6924231_-73.9890555","40.6924248_-73.9888886","40.692424_-73.960738","40.692435_-73.994463","40.69244_-73.948622","40.6924711_-73.9904855","40.692485_-73.920301","40.6925374_-73.9909916","40.69253_-73.959844","40.6925413_-73.9529542","40.692549_-73.907347","40.6925615_-73.927998","40.692594_-73.915505","40.692603_-73.999818","40.692604_-73.927507","40.6926237_-73.9339815","40.692626_-73.923672","40.692628_-73.958993","40.6926552_-73.9872743","40.6926826_-73.9399746","40.692765_-73.945787","40.692774_-73.927811","40.6927797_-73.9213061","40.692779_-73.957681","40.692785_-73.911805","40.692794_-73.95205","40.6928067_-73.9887616","40.6928233_-73.9212145","40.6928263_-73.9035362","40.6928322_-73.9830171","40.692846_-73.993103","40.6928613_-73.9211109","40.692884_-73.956773","40.6928896_-73.9908227","40.692901_-73.924185","40.692904_-73.928043","40.6929069_-73.9599186","40.692946_-73.99965","40.692961_-73.931053","40.6929637_-73.981747","40.692976_-73.908101","40.6929863_-73.9620362","40.6929882_-73.9825041","40.692993_-73.955826","40.6930026_-73.9833315","40.693009_-73.994186","40.6930206_-73.9370525","40.693022_-73.916257","40.693036_-73.984292","40.6930407_-73.9907327","40.693041_-73.924439","40.693045_-73.985235","40.6930627_-73.9608809","40.693088_-73.986226","40.6930918_-73.9429443","40.693102_-73.95488","40.6931051_-73.9689611","40.6931133_-73.9891168","40.693114_-73.9688092","40.6931259_-73.9872481","40.6931312_-73.9686701","40.693135_-73.969831","40.693144_-73.921994","40.693147_-73.99508","40.693172_-73.948768","40.693172_-73.970859","40.693174_-73.928524","40.6931979_-73.9887289","40.6931996_-73.9888505","40.693205_-73.953989","40.693212_-73.912554","40.693215_-73.928868","40.69321_-73.971872","40.69323_-73.967844","40.693241_-73.928642","40.6932527_-73.972851","40.6932538_-73.9862175","40.693261_-73.904297","40.6932768_-73.9733142","40.6932825_-73.9735207","40.6932976_-73.9031021","40.6933007_-73.973855","40.693301_-73.995925","40.6933026_-73.988149","40.693308_-73.953098","40.693315_-73.924951","40.6933181_-73.9742268","40.6933374_-73.9732204","40.693341_-73.966881","40.6933478_-73.9749985","40.6933557_-73.9341278","40.693362_-73.9935483","40.6933655_-73.987235","40.693372_-73.973177","40.6933798_-73.975848","40.6933803_-73.9657971","40.6933876_-73.9887173","40.6933879_-73.9430028","40.693405_-73.908853","40.6934093_-73.9766075","40.6934157_-73.9401209","40.693419_-73.952172","40.6934202_-73.9993605","40.6934249_-73.977146","40.693439_-73.996716","40.693449_-73.917009","40.6934506_-73.9659102","40.6934517_-73.9778202","40.693455_-73.925206","40.693459_-73.973098","40.6934737_-73.9649767","40.6934743_-73.9783795","40.693497_-73.945932","40.6935047_-73.9791839")
done
140.48user 804.53system 1:15:04elapsed 20%CPU (0avgtext+0avgdata 53008maxresident)k
1016888inputs+48outputs (1major+27561minor)pagefaults 0swaps
