40.7668254_-73.9386112
40.7668258_-73.9071272
40.766827_-73.9092956
40.7668338_-73.9446606
40.7668373_-73.9789845
40.7668482_-73.9506714
40.7668574_-73.9537436
40.766859_-73.9037516
40.7668653_-73.959779
40.7668711_-73.9446202
40.7668726_-73.9202868
40.766876_-73.979076
40.7668879_-73.9094262
40.7668942_-73.9444313
40.766898_-73.9445566
40.7669002_-73.9769976
40.7669012_-73.9213848
40.7669141_-73.9043547
40.766914_-73.936366
40.7669158_-73.9169506
40.7669158_-73.9383577
40.7669209_-73.9791827
40.766928_-73.9913298
40.766936_-73.9468591
40.7669643_-73.9168161
40.7669654_-73.9504336
40.766967_-73.9505855
40.7669713_-73.976959
40.7669731_-73.9790071
40.7669759_-73.9864032
40.7669825_-73.9729996
40.7669919_-73.9442686
40.7669963_-73.9168845
40.767011_-73.923502
40.767016_-73.9789754
40.7670189_-73.9349469
40.7670316_-73.9769167
40.7670343_-73.9794512
40.7670344_-73.9915783
40.7670365_-73.9169703
40.7670513_-73.9505158
40.767057_-73.9817201
40.7670604_-73.9168326
40.7670895_-73.9044637
40.7671047_-73.9937222
40.7671066_-74.0184885
40.7671106_-73.9046915
40.7671158_-73.9564983
40.7671189_-73.9817098
40.7671254_-73.9768206
40.7671306_-73.9898412
40.7671329_-73.9035769
40.767136_-73.9328346
40.7671435_-73.9502822
40.7671499_-73.9504313
40.7671667_-73.9281869
40.7671685_-73.9817018
40.7671828_-73.9899624
40.767182_-73.9329043
40.7671852_-73.9768778
40.7671877_-73.962472
40.7671891_-73.9770554
40.7672009_-73.9100967
40.7672029_-73.9767288
40.7672054_-73.9861118
40.7672144_-73.9045665
40.7672214_-73.9222295
40.7672248_-73.9189014
40.7672282_-73.9774189
40.7672321_-73.9645324
40.7672359_-73.9504944
40.7672414_-73.9900996
40.7672427_-73.9664877
40.7672471_-73.9862074
40.7672488_-73.937162
40.767249_-73.9330058
40.7672556_-73.9299133
40.7672636_-73.9221697
40.7672731_-73.9841758
40.7672735_-73.9297425
40.7672786_-73.9731046
40.7672857_-74.0183425
40.7672861_-73.9687127
40.7672874_-74.0167117
40.7672902_-73.9177539
40.7673003_-73.9222376
40.767306_-73.9685769
40.7673135_-73.9100051
40.7673208_-73.9777996
40.767327_-73.929856
40.7673389_-73.9667158
40.7673416_-73.917621
40.7673451_-73.922337
40.7673451_-73.9686697
40.7673464_-73.9962298
40.7673512_-73.9648147
40.767369_-73.9047298
40.7673724_-73.9370864
40.7673725_-73.9176868
40.7673759_-73.9764358
40.7673893_-73.9300025
40.7673933_-73.9816654
40.767394_-73.970728
40.7673977_-73.9687943
40.7673981_-73.9823814
40.7674004_-73.9222335
40.7674015_-73.9297965
40.7674068_-73.9502033
40.7674072_-73.9686244
40.7674078_-73.9786606
40.7674105_-73.9177679
40.7674109_-73.9193043
40.7674288_-73.9964298
40.7674346_-73.9176358
40.7668254_-73.9386112
40.7668258_-73.9071272
40.766827_-73.9092956
40.7668338_-73.9446606
40.7668373_-73.9789845
40.7668482_-73.9506714
40.7668574_-73.9537436
40.766859_-73.9037516
40.7668653_-73.959779
40.7668711_-73.9446202
40.7668726_-73.9202868
40.766876_-73.979076
40.7668879_-73.9094262
40.7668942_-73.9444313
40.766898_-73.9445566
40.7669002_-73.9769976
40.7669012_-73.9213848
40.7669141_-73.9043547
40.766914_-73.936366
40.7669158_-73.9169506
40.7669158_-73.9383577
40.7669209_-73.9791827
40.766928_-73.9913298
40.766936_-73.9468591
40.7669643_-73.9168161
40.7669654_-73.9504336
40.766967_-73.9505855
40.7669713_-73.976959
40.7669731_-73.9790071
40.7669759_-73.9864032
40.7669825_-73.9729996
40.7669919_-73.9442686
40.7669963_-73.9168845
40.767011_-73.923502
40.767016_-73.9789754
40.7670189_-73.9349469
40.7670316_-73.9769167
40.7670343_-73.9794512
40.7670344_-73.9915783
40.7670365_-73.9169703
40.7670513_-73.9505158
40.767057_-73.9817201
40.7670604_-73.9168326
40.7670895_-73.9044637
40.7671047_-73.9937222
40.7671066_-74.0184885
40.7671106_-73.9046915
40.7671158_-73.9564983
40.7671189_-73.9817098
40.7671254_-73.9768206
40.7671306_-73.9898412
40.7671329_-73.9035769
40.767136_-73.9328346
40.7671435_-73.9502822
40.7671499_-73.9504313
40.7671667_-73.9281869
40.7671685_-73.9817018
40.7671828_-73.9899624
40.767182_-73.9329043
40.7671852_-73.9768778
40.7671877_-73.962472
40.7671891_-73.9770554
40.7672009_-73.9100967
40.7672029_-73.9767288
40.7672054_-73.9861118
40.7672144_-73.9045665
40.7672214_-73.9222295
40.7672248_-73.9189014
40.7672282_-73.9774189
40.7672321_-73.9645324
40.7672359_-73.9504944
40.7672414_-73.9900996
40.7672427_-73.9664877
40.7672471_-73.9862074
40.7672488_-73.937162
40.767249_-73.9330058
40.7672556_-73.9299133
40.7672636_-73.9221697
40.7672731_-73.9841758
40.7672735_-73.9297425
40.7672786_-73.9731046
40.7672857_-74.0183425
40.7672861_-73.9687127
40.7672874_-74.0167117
40.7672902_-73.9177539
40.7673003_-73.9222376
40.767306_-73.9685769
40.7673135_-73.9100051
40.7673208_-73.9777996
40.767327_-73.929856
40.7673389_-73.9667158
40.7673416_-73.917621
40.7673451_-73.922337
40.7673451_-73.9686697
40.7673464_-73.9962298
40.7673512_-73.9648147
40.767369_-73.9047298
40.7673724_-73.9370864
40.7673725_-73.9176868
40.7673759_-73.9764358
40.7673893_-73.9300025
40.7673933_-73.9816654
40.767394_-73.970728
40.7673977_-73.9687943
40.7673981_-73.9823814
40.7674004_-73.9222335
40.7674015_-73.9297965
40.7674068_-73.9502033
40.7674072_-73.9686244
40.7674078_-73.9786606
40.7674105_-73.9177679
40.7674109_-73.9193043
40.7674288_-73.9964298
40.7674346_-73.9176358
("40.7668254_-73.9386112","40.7668258_-73.9071272","40.766827_-73.9092956","40.7668338_-73.9446606","40.7668373_-73.9789845","40.7668482_-73.9506714","40.7668574_-73.9537436","40.766859_-73.9037516","40.7668653_-73.959779","40.7668711_-73.9446202","40.7668726_-73.9202868","40.766876_-73.979076","40.7668879_-73.9094262","40.7668942_-73.9444313","40.766898_-73.9445566","40.7669002_-73.9769976","40.7669012_-73.9213848","40.7669141_-73.9043547","40.766914_-73.936366","40.7669158_-73.9169506","40.7669158_-73.9383577","40.7669209_-73.9791827","40.766928_-73.9913298","40.766936_-73.9468591","40.7669643_-73.9168161","40.7669654_-73.9504336","40.766967_-73.9505855","40.7669713_-73.976959","40.7669731_-73.9790071","40.7669759_-73.9864032","40.7669825_-73.9729996","40.7669919_-73.9442686","40.7669963_-73.9168845","40.767011_-73.923502","40.767016_-73.9789754","40.7670189_-73.9349469","40.7670316_-73.9769167","40.7670343_-73.9794512","40.7670344_-73.9915783","40.7670365_-73.9169703","40.7670513_-73.9505158","40.767057_-73.9817201","40.7670604_-73.9168326","40.7670895_-73.9044637","40.7671047_-73.9937222","40.7671066_-74.0184885","40.7671106_-73.9046915","40.7671158_-73.9564983","40.7671189_-73.9817098","40.7671254_-73.9768206","40.7671306_-73.9898412","40.7671329_-73.9035769","40.767136_-73.9328346","40.7671435_-73.9502822","40.7671499_-73.9504313","40.7671667_-73.9281869","40.7671685_-73.9817018","40.7671828_-73.9899624","40.767182_-73.9329043","40.7671852_-73.9768778","40.7671877_-73.962472","40.7671891_-73.9770554","40.7672009_-73.9100967","40.7672029_-73.9767288","40.7672054_-73.9861118","40.7672144_-73.9045665","40.7672214_-73.9222295","40.7672248_-73.9189014","40.7672282_-73.9774189","40.7672321_-73.9645324","40.7672359_-73.9504944","40.7672414_-73.9900996","40.7672427_-73.9664877","40.7672471_-73.9862074","40.7672488_-73.937162","40.767249_-73.9330058","40.7672556_-73.9299133","40.7672636_-73.9221697","40.7672731_-73.9841758","40.7672735_-73.9297425","40.7672786_-73.9731046","40.7672857_-74.0183425","40.7672861_-73.9687127","40.7672874_-74.0167117","40.7672902_-73.9177539","40.7673003_-73.9222376","40.767306_-73.9685769","40.7673135_-73.9100051","40.7673208_-73.9777996","40.767327_-73.929856","40.7673389_-73.9667158","40.7673416_-73.917621","40.7673451_-73.922337","40.7673451_-73.9686697","40.7673464_-73.9962298","40.7673512_-73.9648147","40.767369_-73.9047298","40.7673724_-73.9370864","40.7673725_-73.9176868","40.7673759_-73.9764358","40.7673893_-73.9300025","40.7673933_-73.9816654","40.767394_-73.970728","40.7673977_-73.9687943","40.7673981_-73.9823814","40.7674004_-73.9222335","40.7674015_-73.9297965","40.7674068_-73.9502033","40.7674072_-73.9686244","40.7674078_-73.9786606","40.7674105_-73.9177679","40.7674109_-73.9193043","40.7674288_-73.9964298","40.7674346_-73.9176358")
done
133.90user 822.20system 1:12:15elapsed 22%CPU (0avgtext+0avgdata 78324maxresident)k
1669512inputs+88696outputs (42major+39357minor)pagefaults 0swaps
