40.7560089_-73.9126914
40.7560169_-74.0004607
40.7560204_-73.9609295
40.7560207_-74.0025769
40.7560257_-73.9538837
40.756032_-73.979024
40.7560361_-73.9869489
40.7560402_-73.9464171
40.7560452_-73.9125503
40.756059_-73.942822
40.756059_-73.961622
40.7560896_-73.9949537
40.7561056_-73.955414
40.7561174_-73.9466705
40.7561283_-73.9548895
40.7561287_-73.9676094
40.7561341_-73.9850935
40.7561384_-73.9606336
40.7561419_-73.9831666
40.7561575_-73.9290035
40.7561587_-74.0007967
40.7561709_-73.9562644
40.7561809_-73.9466209
40.7561826_-73.9333906
40.7561895_-73.9950952
40.7561927_-73.9245617
40.756194_-73.9952012
40.7561979_-73.9555279
40.756212_-73.936581
40.756213_-73.9289584
40.7562265_-73.9736599
40.7562283_-73.9244351
40.7562326_-73.9607146
40.7562354_-73.9123956
40.756239_-73.933345
40.7562416_-73.920114
40.7562568_-73.9475225
40.7562613_-73.9245059
40.7562653_-73.9469958
40.756279_-73.9199956
40.7562813_-73.9536886
40.7562821_-73.9289022
40.7562826_-73.9949618
40.7562827_-73.9134594
40.7562891_-74.0052924
40.7562974_-73.9245834
40.7563088_-73.9200593
40.7563132_-73.9133372
40.7563178_-73.9332811
40.7563331_-73.9244475
40.756336_-73.9955588
40.7563463_-73.9201397
40.7563464_-73.9134076
40.7563507_-73.9817165
40.7563753_-73.9200052
40.756381_-73.964325
40.7563843_-74.0034439
40.756384_-73.960408
40.7563858_-73.9134922
40.756392_-73.955654
40.7564073_-73.9994817
40.7564238_-73.9133461
40.7564301_-73.9473115
40.756441_-73.943547
40.7564522_-73.9703136
40.756477_-74.0015365
40.756484_-73.955574
40.756487_-73.94004
40.7564882_-73.9977608
40.7564961_-73.9939243
40.756496_-73.960724
40.7564984_-73.9604726
40.756498_-73.972362
40.7565135_-73.9340107
40.7565145_-73.9959667
40.7565182_-73.9472123
40.7565228_-73.9743466
40.7565241_-73.9297973
40.7565249_-73.9296268
40.7565441_-73.9940456
40.756567_-73.990276
40.7565692_-73.9253729
40.756571_-73.933958
40.7565753_-73.9998485
40.756581_-73.986156
40.7565824_-73.9297499
40.7565915_-73.9557438
40.756599_-73.9252295
40.7566051_-73.9745415
40.756606_-73.976504
40.7566126_-73.9999328
40.756619_-73.9209329
40.75661_-73.937327
40.7566229_-73.9534376
40.756636_-73.955814
40.7566381_-73.9207648
40.7566393_-73.9253159
40.7566403_-73.9601966
40.7566501_-73.9298949
40.7566531_-73.9142628
40.7566543_-73.9785655
40.7566636_-73.9296844
40.7566703_-73.9253823
40.7566813_-73.9611629
40.7566848_-73.9950496
40.7566855_-73.9470351
40.7566877_-73.9141405
40.7566896_-73.9208753
40.7567149_-73.9252544
40.7567167_-73.9602659
40.7567195_-73.9142088
40.75671_-73.986458
40.7567327_-73.9209677
40.7567413_-74.0042952
40.7560089_-73.9126914
40.7560169_-74.0004607
40.7560204_-73.9609295
40.7560207_-74.0025769
40.7560257_-73.9538837
40.756032_-73.979024
40.7560361_-73.9869489
40.7560402_-73.9464171
40.7560452_-73.9125503
40.756059_-73.942822
40.756059_-73.961622
40.7560896_-73.9949537
40.7561056_-73.955414
40.7561174_-73.9466705
40.7561283_-73.9548895
40.7561287_-73.9676094
40.7561341_-73.9850935
40.7561384_-73.9606336
40.7561419_-73.9831666
40.7561575_-73.9290035
40.7561587_-74.0007967
40.7561709_-73.9562644
40.7561809_-73.9466209
40.7561826_-73.9333906
40.7561895_-73.9950952
40.7561927_-73.9245617
40.756194_-73.9952012
40.7561979_-73.9555279
40.756212_-73.936581
40.756213_-73.9289584
40.7562265_-73.9736599
40.7562283_-73.9244351
40.7562326_-73.9607146
40.7562354_-73.9123956
40.756239_-73.933345
40.7562416_-73.920114
40.7562568_-73.9475225
40.7562613_-73.9245059
40.7562653_-73.9469958
40.756279_-73.9199956
40.7562813_-73.9536886
40.7562821_-73.9289022
40.7562826_-73.9949618
40.7562827_-73.9134594
40.7562891_-74.0052924
40.7562974_-73.9245834
40.7563088_-73.9200593
40.7563132_-73.9133372
40.7563178_-73.9332811
40.7563331_-73.9244475
40.756336_-73.9955588
40.7563463_-73.9201397
40.7563464_-73.9134076
40.7563507_-73.9817165
40.7563753_-73.9200052
40.756381_-73.964325
40.7563843_-74.0034439
40.756384_-73.960408
40.7563858_-73.9134922
40.756392_-73.955654
40.7564073_-73.9994817
40.7564238_-73.9133461
40.7564301_-73.9473115
40.756441_-73.943547
40.7564522_-73.9703136
40.756477_-74.0015365
40.756484_-73.955574
40.756487_-73.94004
40.7564882_-73.9977608
40.7564961_-73.9939243
40.756496_-73.960724
40.7564984_-73.9604726
40.756498_-73.972362
40.7565135_-73.9340107
40.7565145_-73.9959667
40.7565182_-73.9472123
40.7565228_-73.9743466
40.7565241_-73.9297973
40.7565249_-73.9296268
40.7565441_-73.9940456
40.756567_-73.990276
40.7565692_-73.9253729
40.756571_-73.933958
40.7565753_-73.9998485
40.756581_-73.986156
40.7565824_-73.9297499
40.7565915_-73.9557438
40.756599_-73.9252295
40.7566051_-73.9745415
40.756606_-73.976504
40.7566126_-73.9999328
40.756619_-73.9209329
40.75661_-73.937327
40.7566229_-73.9534376
40.756636_-73.955814
40.7566381_-73.9207648
40.7566393_-73.9253159
40.7566403_-73.9601966
40.7566501_-73.9298949
40.7566531_-73.9142628
40.7566543_-73.9785655
40.7566636_-73.9296844
40.7566703_-73.9253823
40.7566813_-73.9611629
40.7566848_-73.9950496
40.7566855_-73.9470351
40.7566877_-73.9141405
40.7566896_-73.9208753
40.7567149_-73.9252544
40.7567167_-73.9602659
40.7567195_-73.9142088
40.75671_-73.986458
40.7567327_-73.9209677
40.7567413_-74.0042952
("40.7560089_-73.9126914","40.7560169_-74.0004607","40.7560204_-73.9609295","40.7560207_-74.0025769","40.7560257_-73.9538837","40.756032_-73.979024","40.7560361_-73.9869489","40.7560402_-73.9464171","40.7560452_-73.9125503","40.756059_-73.942822","40.756059_-73.961622","40.7560896_-73.9949537","40.7561056_-73.955414","40.7561174_-73.9466705","40.7561283_-73.9548895","40.7561287_-73.9676094","40.7561341_-73.9850935","40.7561384_-73.9606336","40.7561419_-73.9831666","40.7561575_-73.9290035","40.7561587_-74.0007967","40.7561709_-73.9562644","40.7561809_-73.9466209","40.7561826_-73.9333906","40.7561895_-73.9950952","40.7561927_-73.9245617","40.756194_-73.9952012","40.7561979_-73.9555279","40.756212_-73.936581","40.756213_-73.9289584","40.7562265_-73.9736599","40.7562283_-73.9244351","40.7562326_-73.9607146","40.7562354_-73.9123956","40.756239_-73.933345","40.7562416_-73.920114","40.7562568_-73.9475225","40.7562613_-73.9245059","40.7562653_-73.9469958","40.756279_-73.9199956","40.7562813_-73.9536886","40.7562821_-73.9289022","40.7562826_-73.9949618","40.7562827_-73.9134594","40.7562891_-74.0052924","40.7562974_-73.9245834","40.7563088_-73.9200593","40.7563132_-73.9133372","40.7563178_-73.9332811","40.7563331_-73.9244475","40.756336_-73.9955588","40.7563463_-73.9201397","40.7563464_-73.9134076","40.7563507_-73.9817165","40.7563753_-73.9200052","40.756381_-73.964325","40.7563843_-74.0034439","40.756384_-73.960408","40.7563858_-73.9134922","40.756392_-73.955654","40.7564073_-73.9994817","40.7564238_-73.9133461","40.7564301_-73.9473115","40.756441_-73.943547","40.7564522_-73.9703136","40.756477_-74.0015365","40.756484_-73.955574","40.756487_-73.94004","40.7564882_-73.9977608","40.7564961_-73.9939243","40.756496_-73.960724","40.7564984_-73.9604726","40.756498_-73.972362","40.7565135_-73.9340107","40.7565145_-73.9959667","40.7565182_-73.9472123","40.7565228_-73.9743466","40.7565241_-73.9297973","40.7565249_-73.9296268","40.7565441_-73.9940456","40.756567_-73.990276","40.7565692_-73.9253729","40.756571_-73.933958","40.7565753_-73.9998485","40.756581_-73.986156","40.7565824_-73.9297499","40.7565915_-73.9557438","40.756599_-73.9252295","40.7566051_-73.9745415","40.756606_-73.976504","40.7566126_-73.9999328","40.756619_-73.9209329","40.75661_-73.937327","40.7566229_-73.9534376","40.756636_-73.955814","40.7566381_-73.9207648","40.7566393_-73.9253159","40.7566403_-73.9601966","40.7566501_-73.9298949","40.7566531_-73.9142628","40.7566543_-73.9785655","40.7566636_-73.9296844","40.7566703_-73.9253823","40.7566813_-73.9611629","40.7566848_-73.9950496","40.7566855_-73.9470351","40.7566877_-73.9141405","40.7566896_-73.9208753","40.7567149_-73.9252544","40.7567167_-73.9602659","40.7567195_-73.9142088","40.75671_-73.986458","40.7567327_-73.9209677","40.7567413_-74.0042952")
done
145.43user 812.81system 1:14:25elapsed 21%CPU (0avgtext+0avgdata 99012maxresident)k
961808inputs+178080outputs (74major+51567minor)pagefaults 0swaps
