40.6946811_-73.9888972
40.694687_-73.911107
40.694688_-73.955197
40.694689_-73.998834
40.6946969_-73.9887589
40.694697_-73.927497
40.6947165_-73.9986908
40.6947248_-73.9312424
40.694731_-73.919271
40.6947455_-73.9732793
40.6947688_-73.9731616
40.694791_-73.954307
40.6947944_-73.9943037
40.6947952_-73.98016
40.694796_-73.982453
40.694814_-73.983264
40.6948206_-73.9344204
40.6948292_-73.931425
40.6948362_-73.9838018
40.6948436_-73.9839821
40.6948469_-73.9840844
40.694855_-73.924995
40.6948807_-73.9404133
40.694893_-73.953414
40.694922_-73.915562
40.694924_-73.9861519
40.694947_-73.9921
40.694961_-73.987162
40.694962_-73.946223
40.6949744_-73.9977089
40.6949788_-73.9073041
40.695004_-73.952489
40.6950184_-73.9886116
40.6950235_-73.9887396
40.6950262_-73.988909
40.695028_-73.931773
40.695036_-73.9890194
40.695063_-73.9908198
40.695074_-73.990092
40.695111_-73.928259
40.695115_-73.91186
40.695115_-73.931929
40.6951211_-73.9032228
40.6951223_-73.9901419
40.6951523_-73.904808
40.695157_-73.920011
40.695192_-73.9982303
40.695205_-73.928431
40.695217_-73.99308
40.6952183_-73.9374903
40.6952316_-73.9958594
40.6952341_-73.9672616
40.695285_-73.92575
40.6952864_-73.9035218
40.69529_-73.9433789
40.695346_-73.998521
40.695351_-73.916313
40.695358_-73.932366
40.695378_-73.949207
40.6954082_-73.9080558
40.6954462_-73.9843083
40.6954591_-73.9802565
40.695463_-73.993978
40.6955239_-73.9039642
40.6955393_-73.984142
40.695541_-73.912608
40.695553_-73.9345667
40.6955643_-73.9055702
40.6955833_-73.937563
40.6955873_-73.9645361
40.695587_-73.920767
40.6955923_-73.9644503
40.6956015_-73.9647775
40.6956154_-73.94056
40.6956157_-73.9643389
40.6956279_-73.9648811
40.695643_-73.929235
40.6956454_-73.9802821
40.6956485_-73.997391
40.6956498_-73.9654162
40.6956617_-73.9183709
40.6956752_-73.966367
40.6956953_-73.9042787
40.6956999_-73.9683396
40.695704_-73.946366
40.6957103_-73.9673574
40.695712_-73.926499
40.695739_-73.9803265
40.6957406_-73.9693159
40.6957662_-73.9983335
40.6957813_-73.9703674
40.695782_-73.917071
40.695791_-73.933118
40.6957981_-73.9803721
40.6958064_-73.9059324
40.695816_-73.981713
40.6958179_-73.9815844
40.6958181_-73.9713905
40.6958258_-73.9818713
40.695831_-73.938677
40.6958369_-73.9814244
40.6958372_-73.9088068
40.6958374_-73.9820164
40.6958374_-73.9953472
40.6958393_-73.9451894
40.6958445_-73.9655329
40.6958454_-73.9804122
40.69584_-73.929584
40.6958539_-73.9821493
40.6958545_-73.9723951
40.6958741_-73.9823322
40.6958745_-73.9635608
40.6958747_-73.9824065
40.69587_-73.993785
40.6946811_-73.9888972
40.694687_-73.911107
40.694688_-73.955197
40.694689_-73.998834
40.6946969_-73.9887589
40.694697_-73.927497
40.6947165_-73.9986908
40.6947248_-73.9312424
40.694731_-73.919271
40.6947455_-73.9732793
40.6947688_-73.9731616
40.694791_-73.954307
40.6947944_-73.9943037
40.6947952_-73.98016
40.694796_-73.982453
40.694814_-73.983264
40.6948206_-73.9344204
40.6948292_-73.931425
40.6948362_-73.9838018
40.6948436_-73.9839821
40.6948469_-73.9840844
40.694855_-73.924995
40.6948807_-73.9404133
40.694893_-73.953414
40.694922_-73.915562
40.694924_-73.9861519
40.694947_-73.9921
40.694961_-73.987162
40.694962_-73.946223
40.6949744_-73.9977089
40.6949788_-73.9073041
40.695004_-73.952489
40.6950184_-73.9886116
40.6950235_-73.9887396
40.6950262_-73.988909
40.695028_-73.931773
40.695036_-73.9890194
40.695063_-73.9908198
40.695074_-73.990092
40.695111_-73.928259
40.695115_-73.91186
40.695115_-73.931929
40.6951211_-73.9032228
40.6951223_-73.9901419
40.6951523_-73.904808
40.695157_-73.920011
40.695192_-73.9982303
40.695205_-73.928431
40.695217_-73.99308
40.6952183_-73.9374903
40.6952316_-73.9958594
40.6952341_-73.9672616
40.695285_-73.92575
40.6952864_-73.9035218
40.69529_-73.9433789
40.695346_-73.998521
40.695351_-73.916313
40.695358_-73.932366
40.695378_-73.949207
40.6954082_-73.9080558
40.6954462_-73.9843083
40.6954591_-73.9802565
40.695463_-73.993978
40.6955239_-73.9039642
40.6955393_-73.984142
40.695541_-73.912608
40.695553_-73.9345667
40.6955643_-73.9055702
40.6955833_-73.937563
40.6955873_-73.9645361
40.695587_-73.920767
40.6955923_-73.9644503
40.6956015_-73.9647775
40.6956154_-73.94056
40.6956157_-73.9643389
40.6956279_-73.9648811
40.695643_-73.929235
40.6956454_-73.9802821
40.6956485_-73.997391
40.6956498_-73.9654162
40.6956617_-73.9183709
40.6956752_-73.966367
40.6956953_-73.9042787
40.6956999_-73.9683396
40.695704_-73.946366
40.6957103_-73.9673574
40.695712_-73.926499
40.695739_-73.9803265
40.6957406_-73.9693159
40.6957662_-73.9983335
40.6957813_-73.9703674
40.695782_-73.917071
40.695791_-73.933118
40.6957981_-73.9803721
40.6958064_-73.9059324
40.695816_-73.981713
40.6958179_-73.9815844
40.6958181_-73.9713905
40.6958258_-73.9818713
40.695831_-73.938677
40.6958369_-73.9814244
40.6958372_-73.9088068
40.6958374_-73.9820164
40.6958374_-73.9953472
40.6958393_-73.9451894
40.6958445_-73.9655329
40.6958454_-73.9804122
40.69584_-73.929584
40.6958539_-73.9821493
40.6958545_-73.9723951
40.6958741_-73.9823322
40.6958745_-73.9635608
40.6958747_-73.9824065
40.69587_-73.993785
("40.6946811_-73.9888972","40.694687_-73.911107","40.694688_-73.955197","40.694689_-73.998834","40.6946969_-73.9887589","40.694697_-73.927497","40.6947165_-73.9986908","40.6947248_-73.9312424","40.694731_-73.919271","40.6947455_-73.9732793","40.6947688_-73.9731616","40.694791_-73.954307","40.6947944_-73.9943037","40.6947952_-73.98016","40.694796_-73.982453","40.694814_-73.983264","40.6948206_-73.9344204","40.6948292_-73.931425","40.6948362_-73.9838018","40.6948436_-73.9839821","40.6948469_-73.9840844","40.694855_-73.924995","40.6948807_-73.9404133","40.694893_-73.953414","40.694922_-73.915562","40.694924_-73.9861519","40.694947_-73.9921","40.694961_-73.987162","40.694962_-73.946223","40.6949744_-73.9977089","40.6949788_-73.9073041","40.695004_-73.952489","40.6950184_-73.9886116","40.6950235_-73.9887396","40.6950262_-73.988909","40.695028_-73.931773","40.695036_-73.9890194","40.695063_-73.9908198","40.695074_-73.990092","40.695111_-73.928259","40.695115_-73.91186","40.695115_-73.931929","40.6951211_-73.9032228","40.6951223_-73.9901419","40.6951523_-73.904808","40.695157_-73.920011","40.695192_-73.9982303","40.695205_-73.928431","40.695217_-73.99308","40.6952183_-73.9374903","40.6952316_-73.9958594","40.6952341_-73.9672616","40.695285_-73.92575","40.6952864_-73.9035218","40.69529_-73.9433789","40.695346_-73.998521","40.695351_-73.916313","40.695358_-73.932366","40.695378_-73.949207","40.6954082_-73.9080558","40.6954462_-73.9843083","40.6954591_-73.9802565","40.695463_-73.993978","40.6955239_-73.9039642","40.6955393_-73.984142","40.695541_-73.912608","40.695553_-73.9345667","40.6955643_-73.9055702","40.6955833_-73.937563","40.6955873_-73.9645361","40.695587_-73.920767","40.6955923_-73.9644503","40.6956015_-73.9647775","40.6956154_-73.94056","40.6956157_-73.9643389","40.6956279_-73.9648811","40.695643_-73.929235","40.6956454_-73.9802821","40.6956485_-73.997391","40.6956498_-73.9654162","40.6956617_-73.9183709","40.6956752_-73.966367","40.6956953_-73.9042787","40.6956999_-73.9683396","40.695704_-73.946366","40.6957103_-73.9673574","40.695712_-73.926499","40.695739_-73.9803265","40.6957406_-73.9693159","40.6957662_-73.9983335","40.6957813_-73.9703674","40.695782_-73.917071","40.695791_-73.933118","40.6957981_-73.9803721","40.6958064_-73.9059324","40.695816_-73.981713","40.6958179_-73.9815844","40.6958181_-73.9713905","40.6958258_-73.9818713","40.695831_-73.938677","40.6958369_-73.9814244","40.6958372_-73.9088068","40.6958374_-73.9820164","40.6958374_-73.9953472","40.6958393_-73.9451894","40.6958445_-73.9655329","40.6958454_-73.9804122","40.69584_-73.929584","40.6958539_-73.9821493","40.6958545_-73.9723951","40.6958741_-73.9823322","40.6958745_-73.9635608","40.6958747_-73.9824065","40.69587_-73.993785")
done
142.19user 804.19system 1:15:26elapsed 20%CPU (0avgtext+0avgdata 52872maxresident)k
724512inputs+48outputs (3major+27470minor)pagefaults 0swaps
