40.8531_-73.929147
40.8532144_-74.011795
40.853223_-73.91743
40.85323_-73.976766
40.8532481_-73.9673431
40.8532831_-73.9364017
40.8532_-73.934193
40.8533057_-73.9195445
40.8533351_-73.962004
40.8533411_-73.9197243
40.8533542_-73.9363859
40.853359_-73.983076
40.853365_-73.9626911
40.85338_-73.937435
40.8534091_-73.9139145
40.8534118_-73.9363768
40.8534182_-73.9124822
40.853446_-73.9703781
40.85344_-73.9106693
40.853458_-73.9744318
40.853474_-73.906448
40.853479_-73.935133
40.8534801_-73.9363707
40.853483_-73.917341
40.853499_-73.939531
40.8535245_-73.938303
40.8535318_-73.9351069
40.853537_-73.938378
40.8535492_-73.9641137
40.853582_-73.932228
40.853619_-73.917262
40.8536367_-73.9123481
40.8536571_-73.9685104
40.8536677_-73.9406159
40.853685_-73.930539
40.8537088_-73.9105164
40.8537128_-73.9267875
40.8537235_-73.9138625
40.853724_-73.928692
40.8537406_-73.9204415
40.853748_-73.917164
40.8537644_-73.9124353
40.8537675_-73.9631546
40.8537915_-73.9072965
40.8538011_-73.9362743
40.8538041_-73.9122463
40.8538085_-73.9137714
40.8538093_-73.9088929
40.853811_-73.913848
40.853811_-73.9382852
40.8538143_-73.9662604
40.853817_-73.908501
40.8538229_-73.9363632
40.8538238_-73.9633555
40.853831_-73.975037
40.853841_-73.9384316
40.853848_-73.91591
40.8538538_-73.907498
40.8538661_-73.9091666
40.8538666_-73.9385686
40.8538918_-73.9387637
40.8539041_-73.9138359
40.853913_-73.903768
40.8539385_-73.96707
40.853943_-73.914675
40.8539501_-73.9363655
40.8539642_-73.9121518
40.85396_-73.90943
40.8540365_-73.9382168
40.8540497_-73.9363522
40.854052_-73.916804
40.8540612_-73.9403638
40.8540682_-73.9635167
40.8541397_-73.9335685
40.8541541_-73.9363282
40.8541572_-73.9337034
40.8541804_-73.9410001
40.8541849_-73.9338357
40.8542063_-73.9154791
40.8542428_-73.9363021
40.854244_-73.915568
40.8542688_-73.9118876
40.854274_-73.978425
40.8542837_-73.9154034
40.8542_-73.9317956
40.8543054_-73.9650894
40.8543102_-73.9389257
40.85431_-73.930082
40.854321_-73.928254
40.8543378_-73.9101691
40.8544229_-73.9100128
40.8544667_-73.9116693
40.8544724_-73.9345554
40.8544965_-73.9695017
40.8544986_-73.9658203
40.854501_-73.934627
40.8545037_-73.9101825
40.8545292_-73.9347231
40.8545322_-73.9325403
40.8545569_-73.9100202
40.8545791_-73.9170199
40.8545802_-73.9346005
40.854582_-73.91619
40.8545876_-73.966847
40.8545894_-73.9401332
40.8545938_-73.9235119
40.854596_-73.963279
40.8546278_-73.9698898
40.8546693_-73.916419
40.854677_-73.938652
40.854695_-73.998616
40.8547094_-73.9387224
40.8547142_-73.97011
40.854715_-73.916539
40.8531_-73.929147
40.8532144_-74.011795
40.853223_-73.91743
40.85323_-73.976766
40.8532481_-73.9673431
40.8532831_-73.9364017
40.8532_-73.934193
40.8533057_-73.9195445
40.8533351_-73.962004
40.8533411_-73.9197243
40.8533542_-73.9363859
40.853359_-73.983076
40.853365_-73.9626911
40.85338_-73.937435
40.8534091_-73.9139145
40.8534118_-73.9363768
40.8534182_-73.9124822
40.853446_-73.9703781
40.85344_-73.9106693
40.853458_-73.9744318
40.853474_-73.906448
40.853479_-73.935133
40.8534801_-73.9363707
40.853483_-73.917341
40.853499_-73.939531
40.8535245_-73.938303
40.8535318_-73.9351069
40.853537_-73.938378
40.8535492_-73.9641137
40.853582_-73.932228
40.853619_-73.917262
40.8536367_-73.9123481
40.8536571_-73.9685104
40.8536677_-73.9406159
40.853685_-73.930539
40.8537088_-73.9105164
40.8537128_-73.9267875
40.8537235_-73.9138625
40.853724_-73.928692
40.8537406_-73.9204415
40.853748_-73.917164
40.8537644_-73.9124353
40.8537675_-73.9631546
40.8537915_-73.9072965
40.8538011_-73.9362743
40.8538041_-73.9122463
40.8538085_-73.9137714
40.8538093_-73.9088929
40.853811_-73.913848
40.853811_-73.9382852
40.8538143_-73.9662604
40.853817_-73.908501
40.8538229_-73.9363632
40.8538238_-73.9633555
40.853831_-73.975037
40.853841_-73.9384316
40.853848_-73.91591
40.8538538_-73.907498
40.8538661_-73.9091666
40.8538666_-73.9385686
40.8538918_-73.9387637
40.8539041_-73.9138359
40.853913_-73.903768
40.8539385_-73.96707
40.853943_-73.914675
40.8539501_-73.9363655
40.8539642_-73.9121518
40.85396_-73.90943
40.8540365_-73.9382168
40.8540497_-73.9363522
40.854052_-73.916804
40.8540612_-73.9403638
40.8540682_-73.9635167
40.8541397_-73.9335685
40.8541541_-73.9363282
40.8541572_-73.9337034
40.8541804_-73.9410001
40.8541849_-73.9338357
40.8542063_-73.9154791
40.8542428_-73.9363021
40.854244_-73.915568
40.8542688_-73.9118876
40.854274_-73.978425
40.8542837_-73.9154034
40.8542_-73.9317956
40.8543054_-73.9650894
40.8543102_-73.9389257
40.85431_-73.930082
40.854321_-73.928254
40.8543378_-73.9101691
40.8544229_-73.9100128
40.8544667_-73.9116693
40.8544724_-73.9345554
40.8544965_-73.9695017
40.8544986_-73.9658203
40.854501_-73.934627
40.8545037_-73.9101825
40.8545292_-73.9347231
40.8545322_-73.9325403
40.8545569_-73.9100202
40.8545791_-73.9170199
40.8545802_-73.9346005
40.854582_-73.91619
40.8545876_-73.966847
40.8545894_-73.9401332
40.8545938_-73.9235119
40.854596_-73.963279
40.8546278_-73.9698898
40.8546693_-73.916419
40.854677_-73.938652
40.854695_-73.998616
40.8547094_-73.9387224
40.8547142_-73.97011
40.854715_-73.916539
("40.8531_-73.929147","40.8532144_-74.011795","40.853223_-73.91743","40.85323_-73.976766","40.8532481_-73.9673431","40.8532831_-73.9364017","40.8532_-73.934193","40.8533057_-73.9195445","40.8533351_-73.962004","40.8533411_-73.9197243","40.8533542_-73.9363859","40.853359_-73.983076","40.853365_-73.9626911","40.85338_-73.937435","40.8534091_-73.9139145","40.8534118_-73.9363768","40.8534182_-73.9124822","40.853446_-73.9703781","40.85344_-73.9106693","40.853458_-73.9744318","40.853474_-73.906448","40.853479_-73.935133","40.8534801_-73.9363707","40.853483_-73.917341","40.853499_-73.939531","40.8535245_-73.938303","40.8535318_-73.9351069","40.853537_-73.938378","40.8535492_-73.9641137","40.853582_-73.932228","40.853619_-73.917262","40.8536367_-73.9123481","40.8536571_-73.9685104","40.8536677_-73.9406159","40.853685_-73.930539","40.8537088_-73.9105164","40.8537128_-73.9267875","40.8537235_-73.9138625","40.853724_-73.928692","40.8537406_-73.9204415","40.853748_-73.917164","40.8537644_-73.9124353","40.8537675_-73.9631546","40.8537915_-73.9072965","40.8538011_-73.9362743","40.8538041_-73.9122463","40.8538085_-73.9137714","40.8538093_-73.9088929","40.853811_-73.913848","40.853811_-73.9382852","40.8538143_-73.9662604","40.853817_-73.908501","40.8538229_-73.9363632","40.8538238_-73.9633555","40.853831_-73.975037","40.853841_-73.9384316","40.853848_-73.91591","40.8538538_-73.907498","40.8538661_-73.9091666","40.8538666_-73.9385686","40.8538918_-73.9387637","40.8539041_-73.9138359","40.853913_-73.903768","40.8539385_-73.96707","40.853943_-73.914675","40.8539501_-73.9363655","40.8539642_-73.9121518","40.85396_-73.90943","40.8540365_-73.9382168","40.8540497_-73.9363522","40.854052_-73.916804","40.8540612_-73.9403638","40.8540682_-73.9635167","40.8541397_-73.9335685","40.8541541_-73.9363282","40.8541572_-73.9337034","40.8541804_-73.9410001","40.8541849_-73.9338357","40.8542063_-73.9154791","40.8542428_-73.9363021","40.854244_-73.915568","40.8542688_-73.9118876","40.854274_-73.978425","40.8542837_-73.9154034","40.8542_-73.9317956","40.8543054_-73.9650894","40.8543102_-73.9389257","40.85431_-73.930082","40.854321_-73.928254","40.8543378_-73.9101691","40.8544229_-73.9100128","40.8544667_-73.9116693","40.8544724_-73.9345554","40.8544965_-73.9695017","40.8544986_-73.9658203","40.854501_-73.934627","40.8545037_-73.9101825","40.8545292_-73.9347231","40.8545322_-73.9325403","40.8545569_-73.9100202","40.8545791_-73.9170199","40.8545802_-73.9346005","40.854582_-73.91619","40.8545876_-73.966847","40.8545894_-73.9401332","40.8545938_-73.9235119","40.854596_-73.963279","40.8546278_-73.9698898","40.8546693_-73.916419","40.854677_-73.938652","40.854695_-73.998616","40.8547094_-73.9387224","40.8547142_-73.97011","40.854715_-73.916539")
done
125.01user 815.18system 1:15:22elapsed 20%CPU (0avgtext+0avgdata 51832maxresident)k
510472inputs+48outputs (3major+27217minor)pagefaults 0swaps
