40.743525_-73.939496
40.7435294_-73.9768078
40.7435401_-73.9233698
40.7435493_-73.9205222
40.7435563_-73.950712
40.7435582_-73.9583324
40.7435642_-73.9767814
40.7435655_-73.9583713
40.743568_-73.992318
40.7435796_-73.9584461
40.743592_-73.922411
40.7436019_-73.9420338
40.7436079_-73.9224078
40.7436152_-73.942043
40.7436274_-73.9404517
40.7436451_-73.9243022
40.7436472_-73.9718535
40.7436493_-73.9753211
40.7436526_-73.9512317
40.7436556_-73.9214477
40.7436752_-73.9589867
40.7437055_-73.9591422
40.743714_-73.942111
40.7437155_-73.9890267
40.743715_-73.9594039
40.7437197_-73.9233321
40.7437486_-73.9755444
40.7437492_-73.959346
40.7437499_-73.9908492
40.7437546_-73.9889129
40.7437554_-73.9252225
40.7437574_-73.97163
40.743762_-73.9416387
40.7437646_-73.9223767
40.743772_-73.913829
40.743782_-73.973512
40.743796_-73.989011
40.743825_-73.979508
40.7438288_-73.9736229
40.7438315_-73.9417706
40.743836_-73.9891068
40.7438525_-73.9716438
40.7438565_-73.9889993
40.7438644_-73.9261914
40.743871_-73.9233004
40.743878_-73.9562094
40.743882_-73.98156
40.7439041_-73.9717707
40.7439217_-73.9487612
40.7439274_-74.0083039
40.7439373_-73.9499775
40.743939_-73.9251837
40.743945_-73.983627
40.7439579_-74.0083751
40.7439682_-73.9270805
40.7439718_-73.9760666
40.7439738_-74.0084363
40.743976_-73.9242277
40.7439989_-74.0084777
40.7440012_-74.0030281
40.7440071_-73.953677
40.744008_-73.985696
40.744009_-73.999422
40.7440199_-73.9761748
40.7440246_-74.0084968
40.7440442_-73.9764182
40.7440486_-73.9261514
40.7440556_-74.0031573
40.7440579_-74.0085109
40.744061_-74.006811
40.7440652_-73.9762767
40.744066_-73.987746
40.7440785_-73.9280008
40.7440837_-73.9251532
40.7440866_-73.9534943
40.7440892_-73.9496847
40.744095_-73.904405
40.744099_-73.995645
40.7441031_-74.0085235
40.7441046_-73.9536447
40.7441052_-73.9455976
40.7441069_-73.9763707
40.744126_-73.906936
40.7441523_-73.9270419
40.7441582_-73.9587509
40.744167_-73.91248
40.7441719_-74.008536
40.7441766_-73.9714974
40.7441802_-73.9763173
40.7441848_-73.928935
40.744186_-73.991871
40.7441986_-73.9803967
40.7441991_-73.9713381
40.7441993_-73.9261186
40.7442579_-73.9279618
40.7442604_-73.9033926
40.7442883_-73.9582821
40.744293_-73.9786511
40.7442951_-73.9298588
40.7442991_-73.9270112
40.7443333_-73.9585095
40.7443453_-73.9510021
40.7443489_-73.9713051
40.744365_-73.913707
40.744366_-73.9288978
40.7443863_-73.9560319
40.7443977_-73.9033574
40.7444002_-73.9307895
40.7444054_-73.9279298
40.744405_-73.940316
40.7444152_-73.9447502
40.744418_-73.914168
40.744441_-73.9559335
40.7444556_-73.9560096
40.743525_-73.939496
40.7435294_-73.9768078
40.7435401_-73.9233698
40.7435493_-73.9205222
40.7435563_-73.950712
40.7435582_-73.9583324
40.7435642_-73.9767814
40.7435655_-73.9583713
40.743568_-73.992318
40.7435796_-73.9584461
40.743592_-73.922411
40.7436019_-73.9420338
40.7436079_-73.9224078
40.7436152_-73.942043
40.7436274_-73.9404517
40.7436451_-73.9243022
40.7436472_-73.9718535
40.7436493_-73.9753211
40.7436526_-73.9512317
40.7436556_-73.9214477
40.7436752_-73.9589867
40.7437055_-73.9591422
40.743714_-73.942111
40.7437155_-73.9890267
40.743715_-73.9594039
40.7437197_-73.9233321
40.7437486_-73.9755444
40.7437492_-73.959346
40.7437499_-73.9908492
40.7437546_-73.9889129
40.7437554_-73.9252225
40.7437574_-73.97163
40.743762_-73.9416387
40.7437646_-73.9223767
40.743772_-73.913829
40.743782_-73.973512
40.743796_-73.989011
40.743825_-73.979508
40.7438288_-73.9736229
40.7438315_-73.9417706
40.743836_-73.9891068
40.7438525_-73.9716438
40.7438565_-73.9889993
40.7438644_-73.9261914
40.743871_-73.9233004
40.743878_-73.9562094
40.743882_-73.98156
40.7439041_-73.9717707
40.7439217_-73.9487612
40.7439274_-74.0083039
40.7439373_-73.9499775
40.743939_-73.9251837
40.743945_-73.983627
40.7439579_-74.0083751
40.7439682_-73.9270805
40.7439718_-73.9760666
40.7439738_-74.0084363
40.743976_-73.9242277
40.7439989_-74.0084777
40.7440012_-74.0030281
40.7440071_-73.953677
40.744008_-73.985696
40.744009_-73.999422
40.7440199_-73.9761748
40.7440246_-74.0084968
40.7440442_-73.9764182
40.7440486_-73.9261514
40.7440556_-74.0031573
40.7440579_-74.0085109
40.744061_-74.006811
40.7440652_-73.9762767
40.744066_-73.987746
40.7440785_-73.9280008
40.7440837_-73.9251532
40.7440866_-73.9534943
40.7440892_-73.9496847
40.744095_-73.904405
40.744099_-73.995645
40.7441031_-74.0085235
40.7441046_-73.9536447
40.7441052_-73.9455976
40.7441069_-73.9763707
40.744126_-73.906936
40.7441523_-73.9270419
40.7441582_-73.9587509
40.744167_-73.91248
40.7441719_-74.008536
40.7441766_-73.9714974
40.7441802_-73.9763173
40.7441848_-73.928935
40.744186_-73.991871
40.7441986_-73.9803967
40.7441991_-73.9713381
40.7441993_-73.9261186
40.7442579_-73.9279618
40.7442604_-73.9033926
40.7442883_-73.9582821
40.744293_-73.9786511
40.7442951_-73.9298588
40.7442991_-73.9270112
40.7443333_-73.9585095
40.7443453_-73.9510021
40.7443489_-73.9713051
40.744365_-73.913707
40.744366_-73.9288978
40.7443863_-73.9560319
40.7443977_-73.9033574
40.7444002_-73.9307895
40.7444054_-73.9279298
40.744405_-73.940316
40.7444152_-73.9447502
40.744418_-73.914168
40.744441_-73.9559335
40.7444556_-73.9560096
("40.743525_-73.939496","40.7435294_-73.9768078","40.7435401_-73.9233698","40.7435493_-73.9205222","40.7435563_-73.950712","40.7435582_-73.9583324","40.7435642_-73.9767814","40.7435655_-73.9583713","40.743568_-73.992318","40.7435796_-73.9584461","40.743592_-73.922411","40.7436019_-73.9420338","40.7436079_-73.9224078","40.7436152_-73.942043","40.7436274_-73.9404517","40.7436451_-73.9243022","40.7436472_-73.9718535","40.7436493_-73.9753211","40.7436526_-73.9512317","40.7436556_-73.9214477","40.7436752_-73.9589867","40.7437055_-73.9591422","40.743714_-73.942111","40.7437155_-73.9890267","40.743715_-73.9594039","40.7437197_-73.9233321","40.7437486_-73.9755444","40.7437492_-73.959346","40.7437499_-73.9908492","40.7437546_-73.9889129","40.7437554_-73.9252225","40.7437574_-73.97163","40.743762_-73.9416387","40.7437646_-73.9223767","40.743772_-73.913829","40.743782_-73.973512","40.743796_-73.989011","40.743825_-73.979508","40.7438288_-73.9736229","40.7438315_-73.9417706","40.743836_-73.9891068","40.7438525_-73.9716438","40.7438565_-73.9889993","40.7438644_-73.9261914","40.743871_-73.9233004","40.743878_-73.9562094","40.743882_-73.98156","40.7439041_-73.9717707","40.7439217_-73.9487612","40.7439274_-74.0083039","40.7439373_-73.9499775","40.743939_-73.9251837","40.743945_-73.983627","40.7439579_-74.0083751","40.7439682_-73.9270805","40.7439718_-73.9760666","40.7439738_-74.0084363","40.743976_-73.9242277","40.7439989_-74.0084777","40.7440012_-74.0030281","40.7440071_-73.953677","40.744008_-73.985696","40.744009_-73.999422","40.7440199_-73.9761748","40.7440246_-74.0084968","40.7440442_-73.9764182","40.7440486_-73.9261514","40.7440556_-74.0031573","40.7440579_-74.0085109","40.744061_-74.006811","40.7440652_-73.9762767","40.744066_-73.987746","40.7440785_-73.9280008","40.7440837_-73.9251532","40.7440866_-73.9534943","40.7440892_-73.9496847","40.744095_-73.904405","40.744099_-73.995645","40.7441031_-74.0085235","40.7441046_-73.9536447","40.7441052_-73.9455976","40.7441069_-73.9763707","40.744126_-73.906936","40.7441523_-73.9270419","40.7441582_-73.9587509","40.744167_-73.91248","40.7441719_-74.008536","40.7441766_-73.9714974","40.7441802_-73.9763173","40.7441848_-73.928935","40.744186_-73.991871","40.7441986_-73.9803967","40.7441991_-73.9713381","40.7441993_-73.9261186","40.7442579_-73.9279618","40.7442604_-73.9033926","40.7442883_-73.9582821","40.744293_-73.9786511","40.7442951_-73.9298588","40.7442991_-73.9270112","40.7443333_-73.9585095","40.7443453_-73.9510021","40.7443489_-73.9713051","40.744365_-73.913707","40.744366_-73.9288978","40.7443863_-73.9560319","40.7443977_-73.9033574","40.7444002_-73.9307895","40.7444054_-73.9279298","40.744405_-73.940316","40.7444152_-73.9447502","40.744418_-73.914168","40.744441_-73.9559335","40.7444556_-73.9560096")
done
145.61user 822.49system 1:15:02elapsed 21%CPU (0avgtext+0avgdata 79756maxresident)k
1855568inputs+98360outputs (43major+41760minor)pagefaults 0swaps
