40.6963632_-73.9912169
40.6963688_-73.9823364
40.696368_-73.9973011
40.6963763_-73.9635661
40.696378_-73.995326
40.6963824_-73.9773691
40.696398_-73.914114
40.6964026_-73.9617406
40.6964048_-73.9809391
40.696418_-73.959769
40.6964332_-73.9638954
40.6964414_-73.9785788
40.696443_-73.922271
40.6964489_-73.9912416
40.6964523_-73.9464947
40.6964696_-73.9806371
40.69647_-73.9070194
40.6964835_-73.9803903
40.6965433_-73.905752
40.696545_-73.99795
40.6965636_-73.9806921
40.696568_-73.938849
40.696571_-73.958435
40.6965753_-73.9636986
40.6965837_-73.9627333
40.6966387_-73.9912965
40.69663_-73.918564
40.696659_-73.931084
40.696666_-73.928231
40.696676_-73.957526
40.696691_-73.9377837
40.6966948_-73.9103081
40.6967245_-73.9913185
40.6967513_-73.906133
40.6967546_-73.9348531
40.6967652_-73.9283903
40.6967655_-73.9812679
40.6967733_-73.9631001
40.6967762_-73.9849965
40.6967789_-73.9634709
40.696784_-73.956581
40.6967932_-73.9804362
40.6968051_-73.9436785
40.696826_-73.914865
40.696847_-73.9495
40.69684_-73.987063
40.696871_-73.923025
40.6968944_-73.907753
40.696894_-73.955637
40.6969055_-73.9077419
40.6969141_-73.9913565
40.6969323_-73.9618571
40.6969489_-73.9170882
40.6969734_-73.9065281
40.6969908_-73.9352898
40.696995_-73.954745
40.696996_-73.9632698
40.697015_-73.994098
40.6970203_-73.9913738
40.6970265_-73.961873
40.6970431_-73.9318757
40.6970489_-73.962331
40.697061_-73.919321
40.6970653_-73.9913325
40.6970699_-73.9914234
40.697077_-73.931842
40.6970819_-73.9619307
40.697099_-73.953853
40.697118_-73.934008
40.6971203_-73.9914399
40.6971206_-73.9913113
40.6971209_-73.911054
40.6971241_-73.9620031
40.6971307_-73.9622297
40.6971378_-73.9620473
40.697154_-73.9068567
40.6971798_-73.9466366
40.697179_-73.9631484
40.697186_-73.928833
40.697204_-73.952925
40.6972133_-73.9912969
40.6972204_-73.985191
40.697224_-73.992124
40.6972261_-73.9914535
40.6972452_-73.9849997
40.697247_-73.932835
40.697253_-73.915616
40.69728_-73.98704
40.697299_-73.923776
40.697315_-73.932267
40.6973285_-73.9852451
40.6973309_-73.908511
40.6973463_-73.9359696
40.697347_-73.9084952
40.6973756_-73.9178356
40.6973773_-73.9630646
40.6973821_-73.9072668
40.6973872_-73.9912988
40.6974259_-73.9379301
40.69742_-73.931338
40.697433_-73.931223
40.6974407_-73.9805168
40.697468_-73.931251
40.69746_-73.99302
40.6974763_-73.9438112
40.697492_-73.9624806
40.697499_-73.909513
40.69749_-73.920074
40.6975139_-73.9822603
40.69751_-73.9630156
40.6975426_-73.9914661
40.6975431_-73.9830937
40.6975518_-73.9118082
40.6975651_-73.9075859
40.6963632_-73.9912169
40.6963688_-73.9823364
40.696368_-73.9973011
40.6963763_-73.9635661
40.696378_-73.995326
40.6963824_-73.9773691
40.696398_-73.914114
40.6964026_-73.9617406
40.6964048_-73.9809391
40.696418_-73.959769
40.6964332_-73.9638954
40.6964414_-73.9785788
40.696443_-73.922271
40.6964489_-73.9912416
40.6964523_-73.9464947
40.6964696_-73.9806371
40.69647_-73.9070194
40.6964835_-73.9803903
40.6965433_-73.905752
40.696545_-73.99795
40.6965636_-73.9806921
40.696568_-73.938849
40.696571_-73.958435
40.6965753_-73.9636986
40.6965837_-73.9627333
40.6966387_-73.9912965
40.69663_-73.918564
40.696659_-73.931084
40.696666_-73.928231
40.696676_-73.957526
40.696691_-73.9377837
40.6966948_-73.9103081
40.6967245_-73.9913185
40.6967513_-73.906133
40.6967546_-73.9348531
40.6967652_-73.9283903
40.6967655_-73.9812679
40.6967733_-73.9631001
40.6967762_-73.9849965
40.6967789_-73.9634709
40.696784_-73.956581
40.6967932_-73.9804362
40.6968051_-73.9436785
40.696826_-73.914865
40.696847_-73.9495
40.69684_-73.987063
40.696871_-73.923025
40.6968944_-73.907753
40.696894_-73.955637
40.6969055_-73.9077419
40.6969141_-73.9913565
40.6969323_-73.9618571
40.6969489_-73.9170882
40.6969734_-73.9065281
40.6969908_-73.9352898
40.696995_-73.954745
40.696996_-73.9632698
40.697015_-73.994098
40.6970203_-73.9913738
40.6970265_-73.961873
40.6970431_-73.9318757
40.6970489_-73.962331
40.697061_-73.919321
40.6970653_-73.9913325
40.6970699_-73.9914234
40.697077_-73.931842
40.6970819_-73.9619307
40.697099_-73.953853
40.697118_-73.934008
40.6971203_-73.9914399
40.6971206_-73.9913113
40.6971209_-73.911054
40.6971241_-73.9620031
40.6971307_-73.9622297
40.6971378_-73.9620473
40.697154_-73.9068567
40.6971798_-73.9466366
40.697179_-73.9631484
40.697186_-73.928833
40.697204_-73.952925
40.6972133_-73.9912969
40.6972204_-73.985191
40.697224_-73.992124
40.6972261_-73.9914535
40.6972452_-73.9849997
40.697247_-73.932835
40.697253_-73.915616
40.69728_-73.98704
40.697299_-73.923776
40.697315_-73.932267
40.6973285_-73.9852451
40.6973309_-73.908511
40.6973463_-73.9359696
40.697347_-73.9084952
40.6973756_-73.9178356
40.6973773_-73.9630646
40.6973821_-73.9072668
40.6973872_-73.9912988
40.6974259_-73.9379301
40.69742_-73.931338
40.697433_-73.931223
40.6974407_-73.9805168
40.697468_-73.931251
40.69746_-73.99302
40.6974763_-73.9438112
40.697492_-73.9624806
40.697499_-73.909513
40.69749_-73.920074
40.6975139_-73.9822603
40.69751_-73.9630156
40.6975426_-73.9914661
40.6975431_-73.9830937
40.6975518_-73.9118082
40.6975651_-73.9075859
("40.6963632_-73.9912169","40.6963688_-73.9823364","40.696368_-73.9973011","40.6963763_-73.9635661","40.696378_-73.995326","40.6963824_-73.9773691","40.696398_-73.914114","40.6964026_-73.9617406","40.6964048_-73.9809391","40.696418_-73.959769","40.6964332_-73.9638954","40.6964414_-73.9785788","40.696443_-73.922271","40.6964489_-73.9912416","40.6964523_-73.9464947","40.6964696_-73.9806371","40.69647_-73.9070194","40.6964835_-73.9803903","40.6965433_-73.905752","40.696545_-73.99795","40.6965636_-73.9806921","40.696568_-73.938849","40.696571_-73.958435","40.6965753_-73.9636986","40.6965837_-73.9627333","40.6966387_-73.9912965","40.69663_-73.918564","40.696659_-73.931084","40.696666_-73.928231","40.696676_-73.957526","40.696691_-73.9377837","40.6966948_-73.9103081","40.6967245_-73.9913185","40.6967513_-73.906133","40.6967546_-73.9348531","40.6967652_-73.9283903","40.6967655_-73.9812679","40.6967733_-73.9631001","40.6967762_-73.9849965","40.6967789_-73.9634709","40.696784_-73.956581","40.6967932_-73.9804362","40.6968051_-73.9436785","40.696826_-73.914865","40.696847_-73.9495","40.69684_-73.987063","40.696871_-73.923025","40.6968944_-73.907753","40.696894_-73.955637","40.6969055_-73.9077419","40.6969141_-73.9913565","40.6969323_-73.9618571","40.6969489_-73.9170882","40.6969734_-73.9065281","40.6969908_-73.9352898","40.696995_-73.954745","40.696996_-73.9632698","40.697015_-73.994098","40.6970203_-73.9913738","40.6970265_-73.961873","40.6970431_-73.9318757","40.6970489_-73.962331","40.697061_-73.919321","40.6970653_-73.9913325","40.6970699_-73.9914234","40.697077_-73.931842","40.6970819_-73.9619307","40.697099_-73.953853","40.697118_-73.934008","40.6971203_-73.9914399","40.6971206_-73.9913113","40.6971209_-73.911054","40.6971241_-73.9620031","40.6971307_-73.9622297","40.6971378_-73.9620473","40.697154_-73.9068567","40.6971798_-73.9466366","40.697179_-73.9631484","40.697186_-73.928833","40.697204_-73.952925","40.6972133_-73.9912969","40.6972204_-73.985191","40.697224_-73.992124","40.6972261_-73.9914535","40.6972452_-73.9849997","40.697247_-73.932835","40.697253_-73.915616","40.69728_-73.98704","40.697299_-73.923776","40.697315_-73.932267","40.6973285_-73.9852451","40.6973309_-73.908511","40.6973463_-73.9359696","40.697347_-73.9084952","40.6973756_-73.9178356","40.6973773_-73.9630646","40.6973821_-73.9072668","40.6973872_-73.9912988","40.6974259_-73.9379301","40.69742_-73.931338","40.697433_-73.931223","40.6974407_-73.9805168","40.697468_-73.931251","40.69746_-73.99302","40.6974763_-73.9438112","40.697492_-73.9624806","40.697499_-73.909513","40.69749_-73.920074","40.6975139_-73.9822603","40.69751_-73.9630156","40.6975426_-73.9914661","40.6975431_-73.9830937","40.6975518_-73.9118082","40.6975651_-73.9075859")
done
143.17user 818.18system 1:15:16elapsed 21%CPU (0avgtext+0avgdata 52852maxresident)k
493440inputs+48outputs (5major+27389minor)pagefaults 0swaps
