40.8118378_-73.963918
40.8118557_-73.9873377
40.811858_-74.017806
40.811864_-74.009622
40.8118746_-73.9592454
40.8118747_-73.957349
40.811874_-73.9308378
40.8118779_-73.9549672
40.8118836_-73.9612283
40.8118866_-73.9868914
40.811887_-73.994381
40.8119107_-73.9358844
40.8119154_-73.9549996
40.8119188_-73.9102525
40.811941_-73.925553
40.8119448_-73.9321627
40.8119457_-73.917718
40.8119724_-73.93069
40.8119791_-73.9237263
40.8119958_-73.9360642
40.8119978_-73.9356301
40.812008_-73.951506
40.8120234_-73.9361264
40.812029_-73.930561
40.812038_-73.928542
40.8120507_-73.9321439
40.8120511_-73.9348158
40.812051_-73.953544
40.8120618_-73.9346678
40.8120722_-73.9359986
40.8120924_-73.9459628
40.8120996_-73.9360711
40.8120997_-73.9041609
40.812103_-73.949757
40.812105_-74.00052
40.8121067_-73.9358632
40.8121302_-73.9598473
40.8121392_-73.9359384
40.8121515_-73.9461061
40.812152_-73.9321091
40.812163_-73.994868
40.8121691_-73.9421726
40.8121723_-73.9362925
40.8122111_-73.9102243
40.812211_-73.9358709
40.8122179_-73.9320812
40.8122349_-73.9423303
40.8122378_-73.9185283
40.812252_-73.962106
40.812264_-73.920587
40.8122656_-73.9501601
40.8122658_-73.9359413
40.8122781_-73.9274515
40.812288_-74.005879
40.81228_-73.954081
40.8122946_-73.9044613
40.8123003_-73.9632694
40.812301_-73.914098
40.8123057_-73.9662444
40.812311_-73.91647
40.812314_-74.008068
40.812316_-73.952228
40.812316_-73.963932
40.8123207_-73.9103048
40.812342_-73.9289575
40.812357_-73.928143
40.8123614_-73.9360692
40.8123759_-73.9347643
40.812384_-73.924683
40.8124259_-73.9554409
40.8124374_-73.9605705
40.8124409_-73.9344639
40.8124734_-73.9346098
40.812476_-73.905413
40.8124895_-73.9146685
40.81249_-73.987936
40.8125016_-73.986796
40.8125093_-73.9658031
40.8125149_-73.9607621
40.8125217_-73.9292003
40.8125399_-73.9639328
40.812575_-73.950927
40.8125909_-73.9639303
40.812599_-73.923273
40.8126009_-73.9293049
40.8126067_-73.9568144
40.812624_-73.963016
40.8126443_-73.9394765
40.812667_-73.90633
40.8126832_-73.9639244
40.812688_-73.9216665
40.812692_-73.953129
40.8127129_-73.9606206
40.8127201_-73.9455002
40.8127215_-73.9375733
40.812727_-73.949301
40.812748_-73.937635
40.8127782_-74.0027129
40.8127828_-73.9417258
40.8127854_-73.9639095
40.8127862_-73.9456596
40.812787_-73.93981
40.812824_-73.923829
40.8128307_-73.9344296
40.8128407_-73.9573872
40.8128505_-73.9418859
40.8128523_-73.9299601
40.8128525_-73.9299147
40.812855_-73.907245
40.8128573_-73.9180872
40.8128615_-73.9298729
40.8128628_-73.9299975
40.8128709_-73.9638879
40.8128719_-73.9298413
40.8118378_-73.963918
40.8118557_-73.9873377
40.811858_-74.017806
40.811864_-74.009622
40.8118746_-73.9592454
40.8118747_-73.957349
40.811874_-73.9308378
40.8118779_-73.9549672
40.8118836_-73.9612283
40.8118866_-73.9868914
40.811887_-73.994381
40.8119107_-73.9358844
40.8119154_-73.9549996
40.8119188_-73.9102525
40.811941_-73.925553
40.8119448_-73.9321627
40.8119457_-73.917718
40.8119724_-73.93069
40.8119791_-73.9237263
40.8119958_-73.9360642
40.8119978_-73.9356301
40.812008_-73.951506
40.8120234_-73.9361264
40.812029_-73.930561
40.812038_-73.928542
40.8120507_-73.9321439
40.8120511_-73.9348158
40.812051_-73.953544
40.8120618_-73.9346678
40.8120722_-73.9359986
40.8120924_-73.9459628
40.8120996_-73.9360711
40.8120997_-73.9041609
40.812103_-73.949757
40.812105_-74.00052
40.8121067_-73.9358632
40.8121302_-73.9598473
40.8121392_-73.9359384
40.8121515_-73.9461061
40.812152_-73.9321091
40.812163_-73.994868
40.8121691_-73.9421726
40.8121723_-73.9362925
40.8122111_-73.9102243
40.812211_-73.9358709
40.8122179_-73.9320812
40.8122349_-73.9423303
40.8122378_-73.9185283
40.812252_-73.962106
40.812264_-73.920587
40.8122656_-73.9501601
40.8122658_-73.9359413
40.8122781_-73.9274515
40.812288_-74.005879
40.81228_-73.954081
40.8122946_-73.9044613
40.8123003_-73.9632694
40.812301_-73.914098
40.8123057_-73.9662444
40.812311_-73.91647
40.812314_-74.008068
40.812316_-73.952228
40.812316_-73.963932
40.8123207_-73.9103048
40.812342_-73.9289575
40.812357_-73.928143
40.8123614_-73.9360692
40.8123759_-73.9347643
40.812384_-73.924683
40.8124259_-73.9554409
40.8124374_-73.9605705
40.8124409_-73.9344639
40.8124734_-73.9346098
40.812476_-73.905413
40.8124895_-73.9146685
40.81249_-73.987936
40.8125016_-73.986796
40.8125093_-73.9658031
40.8125149_-73.9607621
40.8125217_-73.9292003
40.8125399_-73.9639328
40.812575_-73.950927
40.8125909_-73.9639303
40.812599_-73.923273
40.8126009_-73.9293049
40.8126067_-73.9568144
40.812624_-73.963016
40.8126443_-73.9394765
40.812667_-73.90633
40.8126832_-73.9639244
40.812688_-73.9216665
40.812692_-73.953129
40.8127129_-73.9606206
40.8127201_-73.9455002
40.8127215_-73.9375733
40.812727_-73.949301
40.812748_-73.937635
40.8127782_-74.0027129
40.8127828_-73.9417258
40.8127854_-73.9639095
40.8127862_-73.9456596
40.812787_-73.93981
40.812824_-73.923829
40.8128307_-73.9344296
40.8128407_-73.9573872
40.8128505_-73.9418859
40.8128523_-73.9299601
40.8128525_-73.9299147
40.812855_-73.907245
40.8128573_-73.9180872
40.8128615_-73.9298729
40.8128628_-73.9299975
40.8128709_-73.9638879
40.8128719_-73.9298413
("40.8118378_-73.963918","40.8118557_-73.9873377","40.811858_-74.017806","40.811864_-74.009622","40.8118746_-73.9592454","40.8118747_-73.957349","40.811874_-73.9308378","40.8118779_-73.9549672","40.8118836_-73.9612283","40.8118866_-73.9868914","40.811887_-73.994381","40.8119107_-73.9358844","40.8119154_-73.9549996","40.8119188_-73.9102525","40.811941_-73.925553","40.8119448_-73.9321627","40.8119457_-73.917718","40.8119724_-73.93069","40.8119791_-73.9237263","40.8119958_-73.9360642","40.8119978_-73.9356301","40.812008_-73.951506","40.8120234_-73.9361264","40.812029_-73.930561","40.812038_-73.928542","40.8120507_-73.9321439","40.8120511_-73.9348158","40.812051_-73.953544","40.8120618_-73.9346678","40.8120722_-73.9359986","40.8120924_-73.9459628","40.8120996_-73.9360711","40.8120997_-73.9041609","40.812103_-73.949757","40.812105_-74.00052","40.8121067_-73.9358632","40.8121302_-73.9598473","40.8121392_-73.9359384","40.8121515_-73.9461061","40.812152_-73.9321091","40.812163_-73.994868","40.8121691_-73.9421726","40.8121723_-73.9362925","40.8122111_-73.9102243","40.812211_-73.9358709","40.8122179_-73.9320812","40.8122349_-73.9423303","40.8122378_-73.9185283","40.812252_-73.962106","40.812264_-73.920587","40.8122656_-73.9501601","40.8122658_-73.9359413","40.8122781_-73.9274515","40.812288_-74.005879","40.81228_-73.954081","40.8122946_-73.9044613","40.8123003_-73.9632694","40.812301_-73.914098","40.8123057_-73.9662444","40.812311_-73.91647","40.812314_-74.008068","40.812316_-73.952228","40.812316_-73.963932","40.8123207_-73.9103048","40.812342_-73.9289575","40.812357_-73.928143","40.8123614_-73.9360692","40.8123759_-73.9347643","40.812384_-73.924683","40.8124259_-73.9554409","40.8124374_-73.9605705","40.8124409_-73.9344639","40.8124734_-73.9346098","40.812476_-73.905413","40.8124895_-73.9146685","40.81249_-73.987936","40.8125016_-73.986796","40.8125093_-73.9658031","40.8125149_-73.9607621","40.8125217_-73.9292003","40.8125399_-73.9639328","40.812575_-73.950927","40.8125909_-73.9639303","40.812599_-73.923273","40.8126009_-73.9293049","40.8126067_-73.9568144","40.812624_-73.963016","40.8126443_-73.9394765","40.812667_-73.90633","40.8126832_-73.9639244","40.812688_-73.9216665","40.812692_-73.953129","40.8127129_-73.9606206","40.8127201_-73.9455002","40.8127215_-73.9375733","40.812727_-73.949301","40.812748_-73.937635","40.8127782_-74.0027129","40.8127828_-73.9417258","40.8127854_-73.9639095","40.8127862_-73.9456596","40.812787_-73.93981","40.812824_-73.923829","40.8128307_-73.9344296","40.8128407_-73.9573872","40.8128505_-73.9418859","40.8128523_-73.9299601","40.8128525_-73.9299147","40.812855_-73.907245","40.8128573_-73.9180872","40.8128615_-73.9298729","40.8128628_-73.9299975","40.8128709_-73.9638879","40.8128719_-73.9298413")
done
126.65user 817.13system 1:11:47elapsed 21%CPU (0avgtext+0avgdata 54056maxresident)k
1762736inputs+48outputs (2major+27464minor)pagefaults 0swaps
