40.7939746_-73.9623174
40.7939922_-73.9723054
40.7940033_-73.9601059
40.7940037_-73.9768903
40.7940151_-73.9992595
40.7940316_-73.9624087
40.794032_-73.976306
40.794038_-73.9724164
40.7940493_-73.970364
40.7940598_-73.9548896
40.7940777_-73.9666383
40.7940783_-73.9624879
40.7940856_-73.9786778
40.7940894_-73.9228532
40.7940981_-73.9597601
40.794109_-73.9788835
40.7941154_-73.9625588
40.7941252_-73.9629056
40.7941267_-73.9563843
40.7941271_-73.9596858
40.7941324_-73.9428059
40.794134_-74.0007031
40.7941437_-73.9626287
40.7941498_-73.966586
40.7941503_-73.959
40.7941604_-73.962679
40.7941687_-73.9627203
40.7941746_-73.9468068
40.7941747_-73.9627843
40.7941798_-73.9628184
40.79418_-73.9448653
40.7941908_-73.9628569
40.794193_-74.012326
40.7941999_-73.9996224
40.7942016_-73.9595458
40.794225_-73.9768369
40.7942479_-73.9410743
40.7942589_-74.0005791
40.7942707_-73.9729799
40.7942739_-73.9627953
40.794281_-73.949013
40.794285_-73.951111
40.7942872_-73.9470737
40.794289_-73.9784489
40.7943031_-73.9561144
40.7943276_-73.9547996
40.794327_-74.016728
40.7943461_-73.9593688
40.794356_-74.00193
40.7943628_-73.9785938
40.7943688_-73.966427
40.7943756_-73.9559918
40.794376_-73.933647
40.7944157_-73.9763011
40.794415_-73.9767792
40.7944321_-73.9552459
40.794435_-73.9558311
40.7944433_-73.9307853
40.7944455_-73.9223155
40.79444_-74.018103
40.794458_-73.955712
40.7944683_-73.9556038
40.7944694_-73.9396282
40.7944954_-73.976749
40.7945057_-73.9781946
40.7945178_-73.9198533
40.7945348_-73.9318842
40.7945548_-73.9988903
40.7945555_-73.9762889
40.7945618_-73.9308033
40.7945764_-73.9592185
40.7945858_-73.9737244
40.794588_-73.938077
40.7945899_-73.9783349
40.794607_-73.9546194
40.7946106_-73.971682
40.7946163_-73.9766995
40.7946327_-73.9972217
40.7946663_-73.9718149
40.7946697_-73.9306157
40.7946738_-73.9304197
40.7946859_-74.0095072
40.794698_-73.936361
40.7947013_-73.9762666
40.7947072_-73.9661788
40.7947101_-73.9719192
40.7947255_-73.9402357
40.7947337_-73.9698644
40.794741_-74.017614
40.7947434_-73.9766381
40.794746_-73.954473
40.794751_-73.959144
40.794765_-74.004528
40.7947739_-73.9778649
40.794774_-73.9304732
40.794776_-73.942336
40.794787_-73.964303
40.7948049_-73.9463469
40.7948104_-73.9444042
40.794814_-74.011859
40.7948159_-73.966099
40.7948301_-73.9762353
40.7948566_-73.9623681
40.7949016_-73.9765443
40.7949082_-73.9762061
40.7949118_-73.9485547
40.7949178_-73.9466147
40.794943_-73.938908
40.7949491_-73.9301108
40.794958_-74.001487
40.7949618_-73.964634
40.794965_-73.950613
40.7949665_-73.9590196
40.7949832_-73.9944517
40.7939746_-73.9623174
40.7939922_-73.9723054
40.7940033_-73.9601059
40.7940037_-73.9768903
40.7940151_-73.9992595
40.7940316_-73.9624087
40.794032_-73.976306
40.794038_-73.9724164
40.7940493_-73.970364
40.7940598_-73.9548896
40.7940777_-73.9666383
40.7940783_-73.9624879
40.7940856_-73.9786778
40.7940894_-73.9228532
40.7940981_-73.9597601
40.794109_-73.9788835
40.7941154_-73.9625588
40.7941252_-73.9629056
40.7941267_-73.9563843
40.7941271_-73.9596858
40.7941324_-73.9428059
40.794134_-74.0007031
40.7941437_-73.9626287
40.7941498_-73.966586
40.7941503_-73.959
40.7941604_-73.962679
40.7941687_-73.9627203
40.7941746_-73.9468068
40.7941747_-73.9627843
40.7941798_-73.9628184
40.79418_-73.9448653
40.7941908_-73.9628569
40.794193_-74.012326
40.7941999_-73.9996224
40.7942016_-73.9595458
40.794225_-73.9768369
40.7942479_-73.9410743
40.7942589_-74.0005791
40.7942707_-73.9729799
40.7942739_-73.9627953
40.794281_-73.949013
40.794285_-73.951111
40.7942872_-73.9470737
40.794289_-73.9784489
40.7943031_-73.9561144
40.7943276_-73.9547996
40.794327_-74.016728
40.7943461_-73.9593688
40.794356_-74.00193
40.7943628_-73.9785938
40.7943688_-73.966427
40.7943756_-73.9559918
40.794376_-73.933647
40.7944157_-73.9763011
40.794415_-73.9767792
40.7944321_-73.9552459
40.794435_-73.9558311
40.7944433_-73.9307853
40.7944455_-73.9223155
40.79444_-74.018103
40.794458_-73.955712
40.7944683_-73.9556038
40.7944694_-73.9396282
40.7944954_-73.976749
40.7945057_-73.9781946
40.7945178_-73.9198533
40.7945348_-73.9318842
40.7945548_-73.9988903
40.7945555_-73.9762889
40.7945618_-73.9308033
40.7945764_-73.9592185
40.7945858_-73.9737244
40.794588_-73.938077
40.7945899_-73.9783349
40.794607_-73.9546194
40.7946106_-73.971682
40.7946163_-73.9766995
40.7946327_-73.9972217
40.7946663_-73.9718149
40.7946697_-73.9306157
40.7946738_-73.9304197
40.7946859_-74.0095072
40.794698_-73.936361
40.7947013_-73.9762666
40.7947072_-73.9661788
40.7947101_-73.9719192
40.7947255_-73.9402357
40.7947337_-73.9698644
40.794741_-74.017614
40.7947434_-73.9766381
40.794746_-73.954473
40.794751_-73.959144
40.794765_-74.004528
40.7947739_-73.9778649
40.794774_-73.9304732
40.794776_-73.942336
40.794787_-73.964303
40.7948049_-73.9463469
40.7948104_-73.9444042
40.794814_-74.011859
40.7948159_-73.966099
40.7948301_-73.9762353
40.7948566_-73.9623681
40.7949016_-73.9765443
40.7949082_-73.9762061
40.7949118_-73.9485547
40.7949178_-73.9466147
40.794943_-73.938908
40.7949491_-73.9301108
40.794958_-74.001487
40.7949618_-73.964634
40.794965_-73.950613
40.7949665_-73.9590196
40.7949832_-73.9944517
("40.7939746_-73.9623174","40.7939922_-73.9723054","40.7940033_-73.9601059","40.7940037_-73.9768903","40.7940151_-73.9992595","40.7940316_-73.9624087","40.794032_-73.976306","40.794038_-73.9724164","40.7940493_-73.970364","40.7940598_-73.9548896","40.7940777_-73.9666383","40.7940783_-73.9624879","40.7940856_-73.9786778","40.7940894_-73.9228532","40.7940981_-73.9597601","40.794109_-73.9788835","40.7941154_-73.9625588","40.7941252_-73.9629056","40.7941267_-73.9563843","40.7941271_-73.9596858","40.7941324_-73.9428059","40.794134_-74.0007031","40.7941437_-73.9626287","40.7941498_-73.966586","40.7941503_-73.959","40.7941604_-73.962679","40.7941687_-73.9627203","40.7941746_-73.9468068","40.7941747_-73.9627843","40.7941798_-73.9628184","40.79418_-73.9448653","40.7941908_-73.9628569","40.794193_-74.012326","40.7941999_-73.9996224","40.7942016_-73.9595458","40.794225_-73.9768369","40.7942479_-73.9410743","40.7942589_-74.0005791","40.7942707_-73.9729799","40.7942739_-73.9627953","40.794281_-73.949013","40.794285_-73.951111","40.7942872_-73.9470737","40.794289_-73.9784489","40.7943031_-73.9561144","40.7943276_-73.9547996","40.794327_-74.016728","40.7943461_-73.9593688","40.794356_-74.00193","40.7943628_-73.9785938","40.7943688_-73.966427","40.7943756_-73.9559918","40.794376_-73.933647","40.7944157_-73.9763011","40.794415_-73.9767792","40.7944321_-73.9552459","40.794435_-73.9558311","40.7944433_-73.9307853","40.7944455_-73.9223155","40.79444_-74.018103","40.794458_-73.955712","40.7944683_-73.9556038","40.7944694_-73.9396282","40.7944954_-73.976749","40.7945057_-73.9781946","40.7945178_-73.9198533","40.7945348_-73.9318842","40.7945548_-73.9988903","40.7945555_-73.9762889","40.7945618_-73.9308033","40.7945764_-73.9592185","40.7945858_-73.9737244","40.794588_-73.938077","40.7945899_-73.9783349","40.794607_-73.9546194","40.7946106_-73.971682","40.7946163_-73.9766995","40.7946327_-73.9972217","40.7946663_-73.9718149","40.7946697_-73.9306157","40.7946738_-73.9304197","40.7946859_-74.0095072","40.794698_-73.936361","40.7947013_-73.9762666","40.7947072_-73.9661788","40.7947101_-73.9719192","40.7947255_-73.9402357","40.7947337_-73.9698644","40.794741_-74.017614","40.7947434_-73.9766381","40.794746_-73.954473","40.794751_-73.959144","40.794765_-74.004528","40.7947739_-73.9778649","40.794774_-73.9304732","40.794776_-73.942336","40.794787_-73.964303","40.7948049_-73.9463469","40.7948104_-73.9444042","40.794814_-74.011859","40.7948159_-73.966099","40.7948301_-73.9762353","40.7948566_-73.9623681","40.7949016_-73.9765443","40.7949082_-73.9762061","40.7949118_-73.9485547","40.7949178_-73.9466147","40.794943_-73.938908","40.7949491_-73.9301108","40.794958_-74.001487","40.7949618_-73.964634","40.794965_-73.950613","40.7949665_-73.9590196","40.7949832_-73.9944517")
done
128.91user 803.88system 1:15:19elapsed 20%CPU (0avgtext+0avgdata 62296maxresident)k
517160inputs+27984outputs (18major+31732minor)pagefaults 0swaps
