40.7674348_-73.981662
40.7674613_-73.9825338
40.7674647_-73.9763292
40.7674794_-73.9781971
40.7674911_-73.981663
40.7674931_-73.9334985
40.7674954_-73.9612735
40.7674988_-73.9038215
40.7674992_-73.9036767
40.7675015_-73.935997
40.767501_-73.9109573
40.7675038_-73.936724
40.7675039_-73.9335203
40.767503_-73.9816652
40.7675057_-73.9032455
40.7675097_-73.9040086
40.7675129_-73.9593042
40.7675185_-73.9049015
40.7675276_-73.920695
40.7675291_-73.9107728
40.7675291_-73.978627
40.7675291_-73.9816702
40.7675361_-73.9358729
40.7675388_-73.9366277
40.7675414_-73.953249
40.7675504_-73.9816827
40.7675615_-73.936562
40.7675636_-73.9762437
40.7675666_-73.9783746
40.7675669_-73.9731672
40.767578_-73.935949
40.76757_-73.9230324
40.7675828_-73.9044453
40.7675838_-73.9108899
40.7675955_-73.9822423
40.767612_-73.9822287
40.7676161_-73.9278212
40.7676169_-73.9041592
40.7676184_-73.9229434
40.7676204_-73.981731
40.7676232_-73.9822135
40.7676334_-73.9534993
40.7676347_-73.982195
40.7676371_-73.9817539
40.7676411_-73.9196428
40.7676426_-73.9786572
40.767643_-73.911017
40.7676445_-73.9462508
40.7676464_-73.9230054
40.7676487_-73.9359061
40.7676492_-74.0178696
40.7676514_-73.9817754
40.7676516_-73.9363006
40.7676542_-73.9785529
40.7676556_-73.9821514
40.7676626_-73.9207885
40.7676697_-73.9818277
40.7676705_-73.9050468
40.7676748_-73.9230684
40.7676749_-73.9185468
40.7676754_-73.982088
40.7676798_-73.9818825
40.7676803_-73.981921
40.7676822_-73.9818358
40.7676832_-73.9819593
40.7676881_-73.9817897
40.7676883_-73.9819972
40.7676894_-73.9255366
40.7676918_-73.9361838
40.767691_-73.9047824
40.7676972_-73.9817445
40.7676972_-73.9820408
40.7676983_-73.9560757
40.7676993_-73.9810182
40.7677068_-74.017984
40.7677069_-73.9761535
40.7677087_-73.9184038
40.7677091_-73.9820831
40.7677096_-73.9817006
40.7677156_-73.9497723
40.7677176_-73.9324685
40.7677239_-73.9821238
40.7677252_-73.9816586
40.7677398_-73.9360634
40.7677405_-73.9932635
40.7677416_-73.9821625
40.7677437_-73.9816187
40.7677468_-73.9558625
40.7677484_-73.9184885
40.7677548_-73.920853
40.7677591_-73.9359098
40.7677615_-73.905226
40.7677615_-73.9787337
40.7677618_-73.9821988
40.7677635_-73.9761261
40.7677671_-73.9360124
40.767767_-73.9815782
40.7677705_-73.9498761
40.7677832_-73.9294913
40.7677845_-73.9822325
40.7677882_-73.9185734
40.7677934_-73.9815412
40.7677952_-73.9359654
40.7678017_-73.9641192
40.7678043_-73.9559988
40.7678054_-73.9895128
40.7678094_-73.9620184
40.7678095_-73.9822633
40.7678107_-73.9184374
40.7678119_-73.9731844
40.7678184_-73.9359407
40.7678186_-73.9639677
40.7678204_-73.9041513
40.7678226_-73.981508
40.7674348_-73.981662
40.7674613_-73.9825338
40.7674647_-73.9763292
40.7674794_-73.9781971
40.7674911_-73.981663
40.7674931_-73.9334985
40.7674954_-73.9612735
40.7674988_-73.9038215
40.7674992_-73.9036767
40.7675015_-73.935997
40.767501_-73.9109573
40.7675038_-73.936724
40.7675039_-73.9335203
40.767503_-73.9816652
40.7675057_-73.9032455
40.7675097_-73.9040086
40.7675129_-73.9593042
40.7675185_-73.9049015
40.7675276_-73.920695
40.7675291_-73.9107728
40.7675291_-73.978627
40.7675291_-73.9816702
40.7675361_-73.9358729
40.7675388_-73.9366277
40.7675414_-73.953249
40.7675504_-73.9816827
40.7675615_-73.936562
40.7675636_-73.9762437
40.7675666_-73.9783746
40.7675669_-73.9731672
40.767578_-73.935949
40.76757_-73.9230324
40.7675828_-73.9044453
40.7675838_-73.9108899
40.7675955_-73.9822423
40.767612_-73.9822287
40.7676161_-73.9278212
40.7676169_-73.9041592
40.7676184_-73.9229434
40.7676204_-73.981731
40.7676232_-73.9822135
40.7676334_-73.9534993
40.7676347_-73.982195
40.7676371_-73.9817539
40.7676411_-73.9196428
40.7676426_-73.9786572
40.767643_-73.911017
40.7676445_-73.9462508
40.7676464_-73.9230054
40.7676487_-73.9359061
40.7676492_-74.0178696
40.7676514_-73.9817754
40.7676516_-73.9363006
40.7676542_-73.9785529
40.7676556_-73.9821514
40.7676626_-73.9207885
40.7676697_-73.9818277
40.7676705_-73.9050468
40.7676748_-73.9230684
40.7676749_-73.9185468
40.7676754_-73.982088
40.7676798_-73.9818825
40.7676803_-73.981921
40.7676822_-73.9818358
40.7676832_-73.9819593
40.7676881_-73.9817897
40.7676883_-73.9819972
40.7676894_-73.9255366
40.7676918_-73.9361838
40.767691_-73.9047824
40.7676972_-73.9817445
40.7676972_-73.9820408
40.7676983_-73.9560757
40.7676993_-73.9810182
40.7677068_-74.017984
40.7677069_-73.9761535
40.7677087_-73.9184038
40.7677091_-73.9820831
40.7677096_-73.9817006
40.7677156_-73.9497723
40.7677176_-73.9324685
40.7677239_-73.9821238
40.7677252_-73.9816586
40.7677398_-73.9360634
40.7677405_-73.9932635
40.7677416_-73.9821625
40.7677437_-73.9816187
40.7677468_-73.9558625
40.7677484_-73.9184885
40.7677548_-73.920853
40.7677591_-73.9359098
40.7677615_-73.905226
40.7677615_-73.9787337
40.7677618_-73.9821988
40.7677635_-73.9761261
40.7677671_-73.9360124
40.767767_-73.9815782
40.7677705_-73.9498761
40.7677832_-73.9294913
40.7677845_-73.9822325
40.7677882_-73.9185734
40.7677934_-73.9815412
40.7677952_-73.9359654
40.7678017_-73.9641192
40.7678043_-73.9559988
40.7678054_-73.9895128
40.7678094_-73.9620184
40.7678095_-73.9822633
40.7678107_-73.9184374
40.7678119_-73.9731844
40.7678184_-73.9359407
40.7678186_-73.9639677
40.7678204_-73.9041513
40.7678226_-73.981508
("40.7674348_-73.981662","40.7674613_-73.9825338","40.7674647_-73.9763292","40.7674794_-73.9781971","40.7674911_-73.981663","40.7674931_-73.9334985","40.7674954_-73.9612735","40.7674988_-73.9038215","40.7674992_-73.9036767","40.7675015_-73.935997","40.767501_-73.9109573","40.7675038_-73.936724","40.7675039_-73.9335203","40.767503_-73.9816652","40.7675057_-73.9032455","40.7675097_-73.9040086","40.7675129_-73.9593042","40.7675185_-73.9049015","40.7675276_-73.920695","40.7675291_-73.9107728","40.7675291_-73.978627","40.7675291_-73.9816702","40.7675361_-73.9358729","40.7675388_-73.9366277","40.7675414_-73.953249","40.7675504_-73.9816827","40.7675615_-73.936562","40.7675636_-73.9762437","40.7675666_-73.9783746","40.7675669_-73.9731672","40.767578_-73.935949","40.76757_-73.9230324","40.7675828_-73.9044453","40.7675838_-73.9108899","40.7675955_-73.9822423","40.767612_-73.9822287","40.7676161_-73.9278212","40.7676169_-73.9041592","40.7676184_-73.9229434","40.7676204_-73.981731","40.7676232_-73.9822135","40.7676334_-73.9534993","40.7676347_-73.982195","40.7676371_-73.9817539","40.7676411_-73.9196428","40.7676426_-73.9786572","40.767643_-73.911017","40.7676445_-73.9462508","40.7676464_-73.9230054","40.7676487_-73.9359061","40.7676492_-74.0178696","40.7676514_-73.9817754","40.7676516_-73.9363006","40.7676542_-73.9785529","40.7676556_-73.9821514","40.7676626_-73.9207885","40.7676697_-73.9818277","40.7676705_-73.9050468","40.7676748_-73.9230684","40.7676749_-73.9185468","40.7676754_-73.982088","40.7676798_-73.9818825","40.7676803_-73.981921","40.7676822_-73.9818358","40.7676832_-73.9819593","40.7676881_-73.9817897","40.7676883_-73.9819972","40.7676894_-73.9255366","40.7676918_-73.9361838","40.767691_-73.9047824","40.7676972_-73.9817445","40.7676972_-73.9820408","40.7676983_-73.9560757","40.7676993_-73.9810182","40.7677068_-74.017984","40.7677069_-73.9761535","40.7677087_-73.9184038","40.7677091_-73.9820831","40.7677096_-73.9817006","40.7677156_-73.9497723","40.7677176_-73.9324685","40.7677239_-73.9821238","40.7677252_-73.9816586","40.7677398_-73.9360634","40.7677405_-73.9932635","40.7677416_-73.9821625","40.7677437_-73.9816187","40.7677468_-73.9558625","40.7677484_-73.9184885","40.7677548_-73.920853","40.7677591_-73.9359098","40.7677615_-73.905226","40.7677615_-73.9787337","40.7677618_-73.9821988","40.7677635_-73.9761261","40.7677671_-73.9360124","40.767767_-73.9815782","40.7677705_-73.9498761","40.7677832_-73.9294913","40.7677845_-73.9822325","40.7677882_-73.9185734","40.7677934_-73.9815412","40.7677952_-73.9359654","40.7678017_-73.9641192","40.7678043_-73.9559988","40.7678054_-73.9895128","40.7678094_-73.9620184","40.7678095_-73.9822633","40.7678107_-73.9184374","40.7678119_-73.9731844","40.7678184_-73.9359407","40.7678186_-73.9639677","40.7678204_-73.9041513","40.7678226_-73.981508")
done
135.78user 810.98system 1:13:36elapsed 21%CPU (0avgtext+0avgdata 66936maxresident)k
539920inputs+47384outputs (25major+35245minor)pagefaults 0swaps
