40.726188_-73.989429
40.7261891_-73.9310104
40.726191_-73.958628
40.726214_-73.920515
40.7262198_-73.9317957
40.7262375_-73.9983059
40.726239_-73.937942
40.726248_-73.920899
40.7262553_-73.9726487
40.72625_-74.00373
40.726262_-73.955218
40.726263_-73.994403
40.7262694_-73.9310999
40.726272_-73.9040851
40.7262795_-73.9491843
40.726281_-73.980333
40.7262974_-73.9741313
40.726297_-73.921271
40.726301_-73.949118
40.7263135_-73.9047179
40.7263189_-73.9490566
40.7263226_-73.9060576
40.726326_-73.912161
40.726327_-73.93701
40.7263629_-73.9917229
40.7263677_-73.9721355
40.7263678_-74.0056689
40.7263684_-73.9060737
40.7263819_-74.0127762
40.7263866_-73.9492447
40.7263_-73.957354
40.7264039_-73.9061287
40.726404_-73.936052
40.7264076_-73.9730015
40.726409_-73.986176
40.7264133_-73.9719896
40.726419_-73.9918561
40.7264202_-73.9491146
40.7264217_-74.0055199
40.726435_-74.005658
40.726449_-74.0058082
40.7264537_-73.9862824
40.726465_-73.933651
40.7264731_-73.9031609
40.7264751_-73.90624
40.7264834_-73.9771353
40.7264868_-73.9739974
40.7264881_-73.9563708
40.72648_-73.91465
40.7264919_-73.9991679
40.726496_-74.00235
40.7264988_-73.9053115
40.7265128_-74.0056458
40.7265273_-73.9958473
40.726536_-73.954392
40.7265446_-73.9753144
40.726548_-73.948373
40.726601_-74.007434
40.7266101_-73.9302165
40.7266149_-73.9719209
40.7266235_-73.9064627
40.7266277_-73.9990537
40.7266299_-73.9738921
40.7266303_-73.9305645
40.72664_-73.994129
40.726666_-73.98309
40.72668_-73.9720325
40.7266_-73.922585
40.7267104_-73.9058699
40.726734_-73.908047
40.726746_-74.008967
40.7267481_-73.98888
40.726752_-73.973799
40.726792_-73.988984
40.7268035_-73.971878
40.7268054_-73.9058017
40.726814_-73.953545
40.726822_-73.947544
40.7268442_-73.9341132
40.726864_-73.9049446
40.726866_-73.979906
40.726878_-74.003122
40.7268833_-73.934405
40.726891_-73.958777
40.7268923_-73.9999617
40.726916_-74.003201
40.7269222_-73.9494016
40.7269315_-73.9721688
40.7269315_-73.9966626
40.7269347_-73.9321238
40.726941_-74.003278
40.72694_-73.99473
40.7269534_-74.0033735
40.726958_-74.003445
40.726963_-73.9064134
40.726988_-73.985753
40.7270052_-73.9718437
40.7270052_-73.9719724
40.7270081_-73.9998648
40.7270246_-73.9456716
40.7270306_-73.9572027
40.7270307_-73.9858543
40.7270395_-73.9063253
40.7270571_-73.9569257
40.7270585_-73.991472
40.727093_-73.9496484
40.727094_-73.946715
40.727098_-73.952685
40.7271085_-73.9766835
40.7271117_-73.9563306
40.7271144_-73.9916033
40.727128_-73.9181946
40.7271577_-73.9312002
40.727157_-74.005545
40.726188_-73.989429
40.7261891_-73.9310104
40.726191_-73.958628
40.726214_-73.920515
40.7262198_-73.9317957
40.7262375_-73.9983059
40.726239_-73.937942
40.726248_-73.920899
40.7262553_-73.9726487
40.72625_-74.00373
40.726262_-73.955218
40.726263_-73.994403
40.7262694_-73.9310999
40.726272_-73.9040851
40.7262795_-73.9491843
40.726281_-73.980333
40.7262974_-73.9741313
40.726297_-73.921271
40.726301_-73.949118
40.7263135_-73.9047179
40.7263189_-73.9490566
40.7263226_-73.9060576
40.726326_-73.912161
40.726327_-73.93701
40.7263629_-73.9917229
40.7263677_-73.9721355
40.7263678_-74.0056689
40.7263684_-73.9060737
40.7263819_-74.0127762
40.7263866_-73.9492447
40.7263_-73.957354
40.7264039_-73.9061287
40.726404_-73.936052
40.7264076_-73.9730015
40.726409_-73.986176
40.7264133_-73.9719896
40.726419_-73.9918561
40.7264202_-73.9491146
40.7264217_-74.0055199
40.726435_-74.005658
40.726449_-74.0058082
40.7264537_-73.9862824
40.726465_-73.933651
40.7264731_-73.9031609
40.7264751_-73.90624
40.7264834_-73.9771353
40.7264868_-73.9739974
40.7264881_-73.9563708
40.72648_-73.91465
40.7264919_-73.9991679
40.726496_-74.00235
40.7264988_-73.9053115
40.7265128_-74.0056458
40.7265273_-73.9958473
40.726536_-73.954392
40.7265446_-73.9753144
40.726548_-73.948373
40.726601_-74.007434
40.7266101_-73.9302165
40.7266149_-73.9719209
40.7266235_-73.9064627
40.7266277_-73.9990537
40.7266299_-73.9738921
40.7266303_-73.9305645
40.72664_-73.994129
40.726666_-73.98309
40.72668_-73.9720325
40.7266_-73.922585
40.7267104_-73.9058699
40.726734_-73.908047
40.726746_-74.008967
40.7267481_-73.98888
40.726752_-73.973799
40.726792_-73.988984
40.7268035_-73.971878
40.7268054_-73.9058017
40.726814_-73.953545
40.726822_-73.947544
40.7268442_-73.9341132
40.726864_-73.9049446
40.726866_-73.979906
40.726878_-74.003122
40.7268833_-73.934405
40.726891_-73.958777
40.7268923_-73.9999617
40.726916_-74.003201
40.7269222_-73.9494016
40.7269315_-73.9721688
40.7269315_-73.9966626
40.7269347_-73.9321238
40.726941_-74.003278
40.72694_-73.99473
40.7269534_-74.0033735
40.726958_-74.003445
40.726963_-73.9064134
40.726988_-73.985753
40.7270052_-73.9718437
40.7270052_-73.9719724
40.7270081_-73.9998648
40.7270246_-73.9456716
40.7270306_-73.9572027
40.7270307_-73.9858543
40.7270395_-73.9063253
40.7270571_-73.9569257
40.7270585_-73.991472
40.727093_-73.9496484
40.727094_-73.946715
40.727098_-73.952685
40.7271085_-73.9766835
40.7271117_-73.9563306
40.7271144_-73.9916033
40.727128_-73.9181946
40.7271577_-73.9312002
40.727157_-74.005545
("40.726188_-73.989429","40.7261891_-73.9310104","40.726191_-73.958628","40.726214_-73.920515","40.7262198_-73.9317957","40.7262375_-73.9983059","40.726239_-73.937942","40.726248_-73.920899","40.7262553_-73.9726487","40.72625_-74.00373","40.726262_-73.955218","40.726263_-73.994403","40.7262694_-73.9310999","40.726272_-73.9040851","40.7262795_-73.9491843","40.726281_-73.980333","40.7262974_-73.9741313","40.726297_-73.921271","40.726301_-73.949118","40.7263135_-73.9047179","40.7263189_-73.9490566","40.7263226_-73.9060576","40.726326_-73.912161","40.726327_-73.93701","40.7263629_-73.9917229","40.7263677_-73.9721355","40.7263678_-74.0056689","40.7263684_-73.9060737","40.7263819_-74.0127762","40.7263866_-73.9492447","40.7263_-73.957354","40.7264039_-73.9061287","40.726404_-73.936052","40.7264076_-73.9730015","40.726409_-73.986176","40.7264133_-73.9719896","40.726419_-73.9918561","40.7264202_-73.9491146","40.7264217_-74.0055199","40.726435_-74.005658","40.726449_-74.0058082","40.7264537_-73.9862824","40.726465_-73.933651","40.7264731_-73.9031609","40.7264751_-73.90624","40.7264834_-73.9771353","40.7264868_-73.9739974","40.7264881_-73.9563708","40.72648_-73.91465","40.7264919_-73.9991679","40.726496_-74.00235","40.7264988_-73.9053115","40.7265128_-74.0056458","40.7265273_-73.9958473","40.726536_-73.954392","40.7265446_-73.9753144","40.726548_-73.948373","40.726601_-74.007434","40.7266101_-73.9302165","40.7266149_-73.9719209","40.7266235_-73.9064627","40.7266277_-73.9990537","40.7266299_-73.9738921","40.7266303_-73.9305645","40.72664_-73.994129","40.726666_-73.98309","40.72668_-73.9720325","40.7266_-73.922585","40.7267104_-73.9058699","40.726734_-73.908047","40.726746_-74.008967","40.7267481_-73.98888","40.726752_-73.973799","40.726792_-73.988984","40.7268035_-73.971878","40.7268054_-73.9058017","40.726814_-73.953545","40.726822_-73.947544","40.7268442_-73.9341132","40.726864_-73.9049446","40.726866_-73.979906","40.726878_-74.003122","40.7268833_-73.934405","40.726891_-73.958777","40.7268923_-73.9999617","40.726916_-74.003201","40.7269222_-73.9494016","40.7269315_-73.9721688","40.7269315_-73.9966626","40.7269347_-73.9321238","40.726941_-74.003278","40.72694_-73.99473","40.7269534_-74.0033735","40.726958_-74.003445","40.726963_-73.9064134","40.726988_-73.985753","40.7270052_-73.9718437","40.7270052_-73.9719724","40.7270081_-73.9998648","40.7270246_-73.9456716","40.7270306_-73.9572027","40.7270307_-73.9858543","40.7270395_-73.9063253","40.7270571_-73.9569257","40.7270585_-73.991472","40.727093_-73.9496484","40.727094_-73.946715","40.727098_-73.952685","40.7271085_-73.9766835","40.7271117_-73.9563306","40.7271144_-73.9916033","40.727128_-73.9181946","40.7271577_-73.9312002","40.727157_-74.005545")
done
146.35user 824.03system 1:14:51elapsed 21%CPU (0avgtext+0avgdata 77612maxresident)k
4804904inputs+90704outputs (41major+39583minor)pagefaults 0swaps
