40.7759648_-73.9266689
40.7759678_-73.9127494
40.7759874_-73.9754795
40.7759879_-73.9673019
40.7759994_-73.923389
40.7760151_-73.9911692
40.7760176_-73.9266154
40.7760192_-73.9755089
40.7760215_-73.989263
40.7760287_-73.9872606
40.7760304_-73.9108325
40.776039_-73.9152342
40.7760414_-73.9755454
40.7760486_-73.9754705
40.7760493_-73.9835098
40.7760542_-73.9796678
40.7760582_-73.9754031
40.7760648_-73.9041001
40.7760672_-73.9753611
40.7760727_-73.9753358
40.7760862_-73.922182
40.7760879_-73.9752918
40.7760913_-73.9797571
40.77609_-74.0118
40.7761049_-73.9752624
40.7761124_-73.9299349
40.7761148_-73.9138528
40.7761212_-73.9673458
40.7761284_-73.9752285
40.7761454_-73.9107112
40.7761518_-73.9757873
40.776152_-73.9326308
40.776161_-73.9424381
40.7761762_-73.9896337
40.7761784_-73.9425536
40.7761941_-73.9498734
40.7761956_-73.9059595
40.7762171_-73.9759585
40.7762189_-73.9673541
40.776235_-73.943819
40.776235_-73.9558695
40.7762375_-73.9106137
40.7762418_-73.913697
40.7762614_-73.9598777
40.776264_-73.9820207
40.7762703_-73.9579394
40.7762871_-73.9424414
40.7762881_-73.9911177
40.7762899_-74.0142396
40.7763084_-73.967345
40.7763101_-74.0153131
40.7763146_-73.9750057
40.77631_-73.964228
40.7763235_-73.9621508
40.7763503_-73.9822502
40.7763632_-73.9601187
40.776363_-73.9044469
40.7763829_-73.9425644
40.7763894_-73.9274232
40.776397_-74.019175
40.7764004_-73.9243055
40.7764187_-73.9134813
40.7764266_-73.927369
40.776443_-73.933498
40.776448_-73.919853
40.7764549_-73.9869448
40.7764598_-73.9424575
40.7764727_-73.9273055
40.7764961_-73.9236916
40.7765018_-73.9241802
40.7765096_-73.9883999
40.7765132_-74.0114711
40.7765227_-74.0141025
40.7765242_-73.9159229
40.776542_-73.9237433
40.7765551_-73.9767687
40.7765623_-73.9425808
40.7765623_-73.9527041
40.7765722_-73.9120121
40.7765792_-74.0121584
40.7765867_-73.9831163
40.7765_-73.9748356
40.7766012_-73.9466301
40.7766093_-73.9868304
40.776612_-73.98289
40.7766191_-73.9215156
40.7766194_-73.923645
40.7766194_-73.9829196
40.7766271_-73.9829502
40.7766312_-73.9424769
40.7766377_-73.983079
40.7766434_-73.9831465
40.7766485_-73.9279387
40.7766591_-73.983213
40.7766621_-73.9425947
40.7766631_-73.9277986
40.7766638_-73.9144608
40.7766888_-73.9792089
40.7766897_-73.9201977
40.7766992_-73.9278641
40.7767053_-74.0139843
40.7767079_-73.9066817
40.7767114_-73.9277377
40.7767147_-73.9746719
40.776725_-73.979295
40.7767334_-73.983009
40.7767371_-73.9671754
40.7767433_-73.9277971
40.776774_-73.934524
40.7767786_-73.94262
40.7767818_-73.942498
40.7767852_-73.9277334
40.7768064_-73.9142927
40.7768264_-73.9741201
40.7759648_-73.9266689
40.7759678_-73.9127494
40.7759874_-73.9754795
40.7759879_-73.9673019
40.7759994_-73.923389
40.7760151_-73.9911692
40.7760176_-73.9266154
40.7760192_-73.9755089
40.7760215_-73.989263
40.7760287_-73.9872606
40.7760304_-73.9108325
40.776039_-73.9152342
40.7760414_-73.9755454
40.7760486_-73.9754705
40.7760493_-73.9835098
40.7760542_-73.9796678
40.7760582_-73.9754031
40.7760648_-73.9041001
40.7760672_-73.9753611
40.7760727_-73.9753358
40.7760862_-73.922182
40.7760879_-73.9752918
40.7760913_-73.9797571
40.77609_-74.0118
40.7761049_-73.9752624
40.7761124_-73.9299349
40.7761148_-73.9138528
40.7761212_-73.9673458
40.7761284_-73.9752285
40.7761454_-73.9107112
40.7761518_-73.9757873
40.776152_-73.9326308
40.776161_-73.9424381
40.7761762_-73.9896337
40.7761784_-73.9425536
40.7761941_-73.9498734
40.7761956_-73.9059595
40.7762171_-73.9759585
40.7762189_-73.9673541
40.776235_-73.943819
40.776235_-73.9558695
40.7762375_-73.9106137
40.7762418_-73.913697
40.7762614_-73.9598777
40.776264_-73.9820207
40.7762703_-73.9579394
40.7762871_-73.9424414
40.7762881_-73.9911177
40.7762899_-74.0142396
40.7763084_-73.967345
40.7763101_-74.0153131
40.7763146_-73.9750057
40.77631_-73.964228
40.7763235_-73.9621508
40.7763503_-73.9822502
40.7763632_-73.9601187
40.776363_-73.9044469
40.7763829_-73.9425644
40.7763894_-73.9274232
40.776397_-74.019175
40.7764004_-73.9243055
40.7764187_-73.9134813
40.7764266_-73.927369
40.776443_-73.933498
40.776448_-73.919853
40.7764549_-73.9869448
40.7764598_-73.9424575
40.7764727_-73.9273055
40.7764961_-73.9236916
40.7765018_-73.9241802
40.7765096_-73.9883999
40.7765132_-74.0114711
40.7765227_-74.0141025
40.7765242_-73.9159229
40.776542_-73.9237433
40.7765551_-73.9767687
40.7765623_-73.9425808
40.7765623_-73.9527041
40.7765722_-73.9120121
40.7765792_-74.0121584
40.7765867_-73.9831163
40.7765_-73.9748356
40.7766012_-73.9466301
40.7766093_-73.9868304
40.776612_-73.98289
40.7766191_-73.9215156
40.7766194_-73.923645
40.7766194_-73.9829196
40.7766271_-73.9829502
40.7766312_-73.9424769
40.7766377_-73.983079
40.7766434_-73.9831465
40.7766485_-73.9279387
40.7766591_-73.983213
40.7766621_-73.9425947
40.7766631_-73.9277986
40.7766638_-73.9144608
40.7766888_-73.9792089
40.7766897_-73.9201977
40.7766992_-73.9278641
40.7767053_-74.0139843
40.7767079_-73.9066817
40.7767114_-73.9277377
40.7767147_-73.9746719
40.776725_-73.979295
40.7767334_-73.983009
40.7767371_-73.9671754
40.7767433_-73.9277971
40.776774_-73.934524
40.7767786_-73.94262
40.7767818_-73.942498
40.7767852_-73.9277334
40.7768064_-73.9142927
40.7768264_-73.9741201
("40.7759648_-73.9266689","40.7759678_-73.9127494","40.7759874_-73.9754795","40.7759879_-73.9673019","40.7759994_-73.923389","40.7760151_-73.9911692","40.7760176_-73.9266154","40.7760192_-73.9755089","40.7760215_-73.989263","40.7760287_-73.9872606","40.7760304_-73.9108325","40.776039_-73.9152342","40.7760414_-73.9755454","40.7760486_-73.9754705","40.7760493_-73.9835098","40.7760542_-73.9796678","40.7760582_-73.9754031","40.7760648_-73.9041001","40.7760672_-73.9753611","40.7760727_-73.9753358","40.7760862_-73.922182","40.7760879_-73.9752918","40.7760913_-73.9797571","40.77609_-74.0118","40.7761049_-73.9752624","40.7761124_-73.9299349","40.7761148_-73.9138528","40.7761212_-73.9673458","40.7761284_-73.9752285","40.7761454_-73.9107112","40.7761518_-73.9757873","40.776152_-73.9326308","40.776161_-73.9424381","40.7761762_-73.9896337","40.7761784_-73.9425536","40.7761941_-73.9498734","40.7761956_-73.9059595","40.7762171_-73.9759585","40.7762189_-73.9673541","40.776235_-73.943819","40.776235_-73.9558695","40.7762375_-73.9106137","40.7762418_-73.913697","40.7762614_-73.9598777","40.776264_-73.9820207","40.7762703_-73.9579394","40.7762871_-73.9424414","40.7762881_-73.9911177","40.7762899_-74.0142396","40.7763084_-73.967345","40.7763101_-74.0153131","40.7763146_-73.9750057","40.77631_-73.964228","40.7763235_-73.9621508","40.7763503_-73.9822502","40.7763632_-73.9601187","40.776363_-73.9044469","40.7763829_-73.9425644","40.7763894_-73.9274232","40.776397_-74.019175","40.7764004_-73.9243055","40.7764187_-73.9134813","40.7764266_-73.927369","40.776443_-73.933498","40.776448_-73.919853","40.7764549_-73.9869448","40.7764598_-73.9424575","40.7764727_-73.9273055","40.7764961_-73.9236916","40.7765018_-73.9241802","40.7765096_-73.9883999","40.7765132_-74.0114711","40.7765227_-74.0141025","40.7765242_-73.9159229","40.776542_-73.9237433","40.7765551_-73.9767687","40.7765623_-73.9425808","40.7765623_-73.9527041","40.7765722_-73.9120121","40.7765792_-74.0121584","40.7765867_-73.9831163","40.7765_-73.9748356","40.7766012_-73.9466301","40.7766093_-73.9868304","40.776612_-73.98289","40.7766191_-73.9215156","40.7766194_-73.923645","40.7766194_-73.9829196","40.7766271_-73.9829502","40.7766312_-73.9424769","40.7766377_-73.983079","40.7766434_-73.9831465","40.7766485_-73.9279387","40.7766591_-73.983213","40.7766621_-73.9425947","40.7766631_-73.9277986","40.7766638_-73.9144608","40.7766888_-73.9792089","40.7766897_-73.9201977","40.7766992_-73.9278641","40.7767053_-74.0139843","40.7767079_-73.9066817","40.7767114_-73.9277377","40.7767147_-73.9746719","40.776725_-73.979295","40.7767334_-73.983009","40.7767371_-73.9671754","40.7767433_-73.9277971","40.776774_-73.934524","40.7767786_-73.94262","40.7767818_-73.942498","40.7767852_-73.9277334","40.7768064_-73.9142927","40.7768264_-73.9741201")
done
132.43user 821.29system 1:12:26elapsed 21%CPU (0avgtext+0avgdata 70912maxresident)k
3993872inputs+66544outputs (33major+37573minor)pagefaults 0swaps
