40.7417652_-73.9570119
40.7417652_-73.9578173
40.7417697_-73.9054789
40.7417719_-73.9529028
40.7417832_-73.9568604
40.741789_-73.972877
40.7417937_-73.9578744
40.7417946_-73.9889863
40.7418008_-73.9075286
40.7418026_-73.9246619
40.741802_-73.9572071
40.7418068_-73.9603268
40.741812_-73.919918
40.741816_-73.9054693
40.7418317_-73.956649
40.7418331_-73.9502324
40.7418367_-73.9579285
40.741849_-73.9726612
40.7418641_-73.9499625
40.7418812_-73.9498647
40.7418827_-73.9092847
40.7418888_-73.9568671
40.7418974_-74.0076148
40.7418997_-73.9538152
40.7419052_-73.9497774
40.741908_-73.925588
40.7419128_-73.9724419
40.7419185_-73.9569989
40.741921_-73.9893139
40.7419292_-73.9571759
40.7419323_-73.9074917
40.7419342_-73.9537827
40.7419383_-73.9497192
40.741973_-73.903545
40.7419799_-73.9537331
40.74197_-73.980859
40.7419884_-73.9496213
40.7419892_-73.9464305
40.7419901_-73.9571963
40.7419918_-73.9568381
40.7419932_-73.9502953
40.7419939_-73.9074744
40.7419942_-73.958666
40.741996_-73.954122
40.7420072_-73.9092587
40.7420171_-73.9515952
40.742026_-73.982912
40.74202_-73.92655
40.7420315_-73.9510193
40.7420391_-73.9543458
40.7420453_-73.9892955
40.7420459_-73.9517299
40.7420544_-73.9074574
40.7420593_-73.957233
40.7420593_-73.9578335
40.7420615_-73.9495009
40.7420628_-74.0082653
40.7420665_-73.9509651
40.7420717_-73.9583303
40.7420739_-73.9507055
40.7420796_-73.9508924
40.7420818_-73.9468889
40.742083_-73.9110897
40.7420858_-73.9589626
40.7420863_-74.0080669
40.7420866_-73.9580081
40.742089_-73.984977
40.7420906_-73.9889206
40.7420942_-73.9508235
40.7421031_-73.972418
40.742104_-73.904449
40.7421177_-73.9494467
40.7421213_-73.9578384
40.7421227_-73.927441
40.7421284_-73.9747153
40.7421332_-73.9092325
40.7421377_-73.9773862
40.7421407_-73.9577437
40.742142_-73.987056
40.742144_-74.008205
40.7421457_-73.9576762
40.742153_-73.9082829
40.7421552_-73.9511413
40.742157_-73.9110751
40.7421582_-73.9588015
40.7421587_-73.9889193
40.7421653_-73.9746885
40.7421666_-73.960036
40.7421685_-73.9473409
40.7421746_-73.9473724
40.7421808_-73.9493991
40.7421873_-73.9589284
40.742187_-73.918898
40.7421_-73.972773
40.7422023_-73.958357
40.7422114_-73.9892581
40.742211_-73.9513908
40.7422132_-73.972335
40.742213_-73.9775719
40.742218_-73.911063
40.7422211_-73.9889295
40.7422283_-73.9776095
40.742228_-73.997007
40.7422291_-73.9283627
40.742233_-73.993292
40.742237_-73.905354
40.742254_-74.000703
40.7422567_-74.0043512
40.7422599_-73.9092061
40.7422631_-73.989278
40.7422678_-73.9890494
40.7422757_-73.9777264
40.7422824_-73.9599778
40.7422847_-73.9725238
40.7417652_-73.9570119
40.7417652_-73.9578173
40.7417697_-73.9054789
40.7417719_-73.9529028
40.7417832_-73.9568604
40.741789_-73.972877
40.7417937_-73.9578744
40.7417946_-73.9889863
40.7418008_-73.9075286
40.7418026_-73.9246619
40.741802_-73.9572071
40.7418068_-73.9603268
40.741812_-73.919918
40.741816_-73.9054693
40.7418317_-73.956649
40.7418331_-73.9502324
40.7418367_-73.9579285
40.741849_-73.9726612
40.7418641_-73.9499625
40.7418812_-73.9498647
40.7418827_-73.9092847
40.7418888_-73.9568671
40.7418974_-74.0076148
40.7418997_-73.9538152
40.7419052_-73.9497774
40.741908_-73.925588
40.7419128_-73.9724419
40.7419185_-73.9569989
40.741921_-73.9893139
40.7419292_-73.9571759
40.7419323_-73.9074917
40.7419342_-73.9537827
40.7419383_-73.9497192
40.741973_-73.903545
40.7419799_-73.9537331
40.74197_-73.980859
40.7419884_-73.9496213
40.7419892_-73.9464305
40.7419901_-73.9571963
40.7419918_-73.9568381
40.7419932_-73.9502953
40.7419939_-73.9074744
40.7419942_-73.958666
40.741996_-73.954122
40.7420072_-73.9092587
40.7420171_-73.9515952
40.742026_-73.982912
40.74202_-73.92655
40.7420315_-73.9510193
40.7420391_-73.9543458
40.7420453_-73.9892955
40.7420459_-73.9517299
40.7420544_-73.9074574
40.7420593_-73.957233
40.7420593_-73.9578335
40.7420615_-73.9495009
40.7420628_-74.0082653
40.7420665_-73.9509651
40.7420717_-73.9583303
40.7420739_-73.9507055
40.7420796_-73.9508924
40.7420818_-73.9468889
40.742083_-73.9110897
40.7420858_-73.9589626
40.7420863_-74.0080669
40.7420866_-73.9580081
40.742089_-73.984977
40.7420906_-73.9889206
40.7420942_-73.9508235
40.7421031_-73.972418
40.742104_-73.904449
40.7421177_-73.9494467
40.7421213_-73.9578384
40.7421227_-73.927441
40.7421284_-73.9747153
40.7421332_-73.9092325
40.7421377_-73.9773862
40.7421407_-73.9577437
40.742142_-73.987056
40.742144_-74.008205
40.7421457_-73.9576762
40.742153_-73.9082829
40.7421552_-73.9511413
40.742157_-73.9110751
40.7421582_-73.9588015
40.7421587_-73.9889193
40.7421653_-73.9746885
40.7421666_-73.960036
40.7421685_-73.9473409
40.7421746_-73.9473724
40.7421808_-73.9493991
40.7421873_-73.9589284
40.742187_-73.918898
40.7421_-73.972773
40.7422023_-73.958357
40.7422114_-73.9892581
40.742211_-73.9513908
40.7422132_-73.972335
40.742213_-73.9775719
40.742218_-73.911063
40.7422211_-73.9889295
40.7422283_-73.9776095
40.742228_-73.997007
40.7422291_-73.9283627
40.742233_-73.993292
40.742237_-73.905354
40.742254_-74.000703
40.7422567_-74.0043512
40.7422599_-73.9092061
40.7422631_-73.989278
40.7422678_-73.9890494
40.7422757_-73.9777264
40.7422824_-73.9599778
40.7422847_-73.9725238
("40.7417652_-73.9570119","40.7417652_-73.9578173","40.7417697_-73.9054789","40.7417719_-73.9529028","40.7417832_-73.9568604","40.741789_-73.972877","40.7417937_-73.9578744","40.7417946_-73.9889863","40.7418008_-73.9075286","40.7418026_-73.9246619","40.741802_-73.9572071","40.7418068_-73.9603268","40.741812_-73.919918","40.741816_-73.9054693","40.7418317_-73.956649","40.7418331_-73.9502324","40.7418367_-73.9579285","40.741849_-73.9726612","40.7418641_-73.9499625","40.7418812_-73.9498647","40.7418827_-73.9092847","40.7418888_-73.9568671","40.7418974_-74.0076148","40.7418997_-73.9538152","40.7419052_-73.9497774","40.741908_-73.925588","40.7419128_-73.9724419","40.7419185_-73.9569989","40.741921_-73.9893139","40.7419292_-73.9571759","40.7419323_-73.9074917","40.7419342_-73.9537827","40.7419383_-73.9497192","40.741973_-73.903545","40.7419799_-73.9537331","40.74197_-73.980859","40.7419884_-73.9496213","40.7419892_-73.9464305","40.7419901_-73.9571963","40.7419918_-73.9568381","40.7419932_-73.9502953","40.7419939_-73.9074744","40.7419942_-73.958666","40.741996_-73.954122","40.7420072_-73.9092587","40.7420171_-73.9515952","40.742026_-73.982912","40.74202_-73.92655","40.7420315_-73.9510193","40.7420391_-73.9543458","40.7420453_-73.9892955","40.7420459_-73.9517299","40.7420544_-73.9074574","40.7420593_-73.957233","40.7420593_-73.9578335","40.7420615_-73.9495009","40.7420628_-74.0082653","40.7420665_-73.9509651","40.7420717_-73.9583303","40.7420739_-73.9507055","40.7420796_-73.9508924","40.7420818_-73.9468889","40.742083_-73.9110897","40.7420858_-73.9589626","40.7420863_-74.0080669","40.7420866_-73.9580081","40.742089_-73.984977","40.7420906_-73.9889206","40.7420942_-73.9508235","40.7421031_-73.972418","40.742104_-73.904449","40.7421177_-73.9494467","40.7421213_-73.9578384","40.7421227_-73.927441","40.7421284_-73.9747153","40.7421332_-73.9092325","40.7421377_-73.9773862","40.7421407_-73.9577437","40.742142_-73.987056","40.742144_-74.008205","40.7421457_-73.9576762","40.742153_-73.9082829","40.7421552_-73.9511413","40.742157_-73.9110751","40.7421582_-73.9588015","40.7421587_-73.9889193","40.7421653_-73.9746885","40.7421666_-73.960036","40.7421685_-73.9473409","40.7421746_-73.9473724","40.7421808_-73.9493991","40.7421873_-73.9589284","40.742187_-73.918898","40.7421_-73.972773","40.7422023_-73.958357","40.7422114_-73.9892581","40.742211_-73.9513908","40.7422132_-73.972335","40.742213_-73.9775719","40.742218_-73.911063","40.7422211_-73.9889295","40.7422283_-73.9776095","40.742228_-73.997007","40.7422291_-73.9283627","40.742233_-73.993292","40.742237_-73.905354","40.742254_-74.000703","40.7422567_-74.0043512","40.7422599_-73.9092061","40.7422631_-73.989278","40.7422678_-73.9890494","40.7422757_-73.9777264","40.7422824_-73.9599778","40.7422847_-73.9725238")
done
140.87user 784.89system 1:15:48elapsed 20%CPU (0avgtext+0avgdata 71912maxresident)k
1263776inputs+65704outputs (30major+36437minor)pagefaults 0swaps
