40.806546_-73.996592
40.8065684_-73.9236726
40.8065729_-73.9346508
40.8065785_-73.9912527
40.806611_-73.920995
40.806616_-74.003198
40.8066187_-73.9345917
40.8066316_-73.9249271
40.8066396_-73.9914985
40.8066539_-73.9872438
40.8066676_-73.964761
40.8066693_-73.9345197
40.8066829_-73.9347639
40.8066838_-73.9348526
40.8066841_-73.9245723
40.8066868_-73.9347189
40.8066926_-73.9346662
40.8067014_-73.9349503
40.8067043_-73.9346097
40.8067053_-74.0167347
40.8067069_-73.9107993
40.806709_-73.952857
40.8067174_-73.9648794
40.8067208_-73.9350171
40.8067247_-73.9344271
40.8067286_-73.9345081
40.806732_-73.996342
40.8067336_-73.9917528
40.8067355_-73.9334812
40.8067442_-73.9350814
40.8067455_-73.9649464
40.8067493_-73.9232656
40.8067549_-73.9344091
40.8067704_-73.9351521
40.806774_-73.994949
40.8067889_-73.9343063
40.8068027_-73.9275115
40.8068056_-73.9699759
40.8068084_-73.9253446
40.8068105_-73.9876359
40.806823_-73.917479
40.8068259_-73.9610357
40.8068298_-73.9342138
40.8068455_-73.9671362
40.806874_-73.919723
40.806916_-73.957266
40.8069238_-73.9355687
40.80692_-73.9375047
40.806942_-73.913746
40.8069537_-73.9553818
40.8069655_-73.9674322
40.806972_-73.9335512
40.806975_-73.937636
40.8069763_-73.9116586
40.8069796_-73.924355
40.806981_-73.9535
40.8070115_-73.949671
40.807035_-73.939702
40.80704_-73.9377902
40.8070675_-73.9459054
40.8070725_-73.9498151
40.8070867_-73.9608452
40.807089_-73.941771
40.8070916_-73.9300435
40.8070952_-73.9242736
40.8071201_-73.9121274
40.8071209_-74.0016992
40.8071315_-73.9460569
40.8071391_-73.9241767
40.807152_-73.908207
40.807168_-73.995691
40.8071738_-73.9694712
40.80718_-73.9242566
40.8071983_-73.9332794
40.8072051_-73.9338881
40.8072065_-73.9886276
40.807217_-73.9906632
40.807225_-74.013567
40.807235_-73.920539
40.8072555_-73.9337912
40.8072558_-73.9125431
40.8072559_-73.9442512
40.8072726_-73.9662034
40.807272_-74.004824
40.8072854_-73.9242362
40.8072856_-73.9888257
40.8072887_-73.9257927
40.8073074_-73.9643043
40.8073157_-73.9416064
40.8073396_-73.9663631
40.8073522_-73.9644105
40.8073646_-73.9257247
40.8073825_-73.9644822
40.8074125_-73.9425391
40.8074127_-73.9583999
40.8074152_-73.9340459
40.807452_-73.909182
40.8074916_-73.9448096
40.8075059_-73.9670816
40.807506_-73.917015
40.8075078_-73.9269959
40.8075349_-73.98945
40.807534_-74.008748
40.8075439_-73.9605114
40.8075465_-73.9351219
40.807546_-73.956806
40.8075534_-73.9056023
40.8075561_-73.9370658
40.807558_-73.919224
40.80755_-73.952904
40.8075714_-73.9694008
40.8075815_-73.9549215
40.8076001_-74.0056443
40.807609_-73.913396
40.806546_-73.996592
40.8065684_-73.9236726
40.8065729_-73.9346508
40.8065785_-73.9912527
40.806611_-73.920995
40.806616_-74.003198
40.8066187_-73.9345917
40.8066316_-73.9249271
40.8066396_-73.9914985
40.8066539_-73.9872438
40.8066676_-73.964761
40.8066693_-73.9345197
40.8066829_-73.9347639
40.8066838_-73.9348526
40.8066841_-73.9245723
40.8066868_-73.9347189
40.8066926_-73.9346662
40.8067014_-73.9349503
40.8067043_-73.9346097
40.8067053_-74.0167347
40.8067069_-73.9107993
40.806709_-73.952857
40.8067174_-73.9648794
40.8067208_-73.9350171
40.8067247_-73.9344271
40.8067286_-73.9345081
40.806732_-73.996342
40.8067336_-73.9917528
40.8067355_-73.9334812
40.8067442_-73.9350814
40.8067455_-73.9649464
40.8067493_-73.9232656
40.8067549_-73.9344091
40.8067704_-73.9351521
40.806774_-73.994949
40.8067889_-73.9343063
40.8068027_-73.9275115
40.8068056_-73.9699759
40.8068084_-73.9253446
40.8068105_-73.9876359
40.806823_-73.917479
40.8068259_-73.9610357
40.8068298_-73.9342138
40.8068455_-73.9671362
40.806874_-73.919723
40.806916_-73.957266
40.8069238_-73.9355687
40.80692_-73.9375047
40.806942_-73.913746
40.8069537_-73.9553818
40.8069655_-73.9674322
40.806972_-73.9335512
40.806975_-73.937636
40.8069763_-73.9116586
40.8069796_-73.924355
40.806981_-73.9535
40.8070115_-73.949671
40.807035_-73.939702
40.80704_-73.9377902
40.8070675_-73.9459054
40.8070725_-73.9498151
40.8070867_-73.9608452
40.807089_-73.941771
40.8070916_-73.9300435
40.8070952_-73.9242736
40.8071201_-73.9121274
40.8071209_-74.0016992
40.8071315_-73.9460569
40.8071391_-73.9241767
40.807152_-73.908207
40.807168_-73.995691
40.8071738_-73.9694712
40.80718_-73.9242566
40.8071983_-73.9332794
40.8072051_-73.9338881
40.8072065_-73.9886276
40.807217_-73.9906632
40.807225_-74.013567
40.807235_-73.920539
40.8072555_-73.9337912
40.8072558_-73.9125431
40.8072559_-73.9442512
40.8072726_-73.9662034
40.807272_-74.004824
40.8072854_-73.9242362
40.8072856_-73.9888257
40.8072887_-73.9257927
40.8073074_-73.9643043
40.8073157_-73.9416064
40.8073396_-73.9663631
40.8073522_-73.9644105
40.8073646_-73.9257247
40.8073825_-73.9644822
40.8074125_-73.9425391
40.8074127_-73.9583999
40.8074152_-73.9340459
40.807452_-73.909182
40.8074916_-73.9448096
40.8075059_-73.9670816
40.807506_-73.917015
40.8075078_-73.9269959
40.8075349_-73.98945
40.807534_-74.008748
40.8075439_-73.9605114
40.8075465_-73.9351219
40.807546_-73.956806
40.8075534_-73.9056023
40.8075561_-73.9370658
40.807558_-73.919224
40.80755_-73.952904
40.8075714_-73.9694008
40.8075815_-73.9549215
40.8076001_-74.0056443
40.807609_-73.913396
("40.806546_-73.996592","40.8065684_-73.9236726","40.8065729_-73.9346508","40.8065785_-73.9912527","40.806611_-73.920995","40.806616_-74.003198","40.8066187_-73.9345917","40.8066316_-73.9249271","40.8066396_-73.9914985","40.8066539_-73.9872438","40.8066676_-73.964761","40.8066693_-73.9345197","40.8066829_-73.9347639","40.8066838_-73.9348526","40.8066841_-73.9245723","40.8066868_-73.9347189","40.8066926_-73.9346662","40.8067014_-73.9349503","40.8067043_-73.9346097","40.8067053_-74.0167347","40.8067069_-73.9107993","40.806709_-73.952857","40.8067174_-73.9648794","40.8067208_-73.9350171","40.8067247_-73.9344271","40.8067286_-73.9345081","40.806732_-73.996342","40.8067336_-73.9917528","40.8067355_-73.9334812","40.8067442_-73.9350814","40.8067455_-73.9649464","40.8067493_-73.9232656","40.8067549_-73.9344091","40.8067704_-73.9351521","40.806774_-73.994949","40.8067889_-73.9343063","40.8068027_-73.9275115","40.8068056_-73.9699759","40.8068084_-73.9253446","40.8068105_-73.9876359","40.806823_-73.917479","40.8068259_-73.9610357","40.8068298_-73.9342138","40.8068455_-73.9671362","40.806874_-73.919723","40.806916_-73.957266","40.8069238_-73.9355687","40.80692_-73.9375047","40.806942_-73.913746","40.8069537_-73.9553818","40.8069655_-73.9674322","40.806972_-73.9335512","40.806975_-73.937636","40.8069763_-73.9116586","40.8069796_-73.924355","40.806981_-73.9535","40.8070115_-73.949671","40.807035_-73.939702","40.80704_-73.9377902","40.8070675_-73.9459054","40.8070725_-73.9498151","40.8070867_-73.9608452","40.807089_-73.941771","40.8070916_-73.9300435","40.8070952_-73.9242736","40.8071201_-73.9121274","40.8071209_-74.0016992","40.8071315_-73.9460569","40.8071391_-73.9241767","40.807152_-73.908207","40.807168_-73.995691","40.8071738_-73.9694712","40.80718_-73.9242566","40.8071983_-73.9332794","40.8072051_-73.9338881","40.8072065_-73.9886276","40.807217_-73.9906632","40.807225_-74.013567","40.807235_-73.920539","40.8072555_-73.9337912","40.8072558_-73.9125431","40.8072559_-73.9442512","40.8072726_-73.9662034","40.807272_-74.004824","40.8072854_-73.9242362","40.8072856_-73.9888257","40.8072887_-73.9257927","40.8073074_-73.9643043","40.8073157_-73.9416064","40.8073396_-73.9663631","40.8073522_-73.9644105","40.8073646_-73.9257247","40.8073825_-73.9644822","40.8074125_-73.9425391","40.8074127_-73.9583999","40.8074152_-73.9340459","40.807452_-73.909182","40.8074916_-73.9448096","40.8075059_-73.9670816","40.807506_-73.917015","40.8075078_-73.9269959","40.8075349_-73.98945","40.807534_-74.008748","40.8075439_-73.9605114","40.8075465_-73.9351219","40.807546_-73.956806","40.8075534_-73.9056023","40.8075561_-73.9370658","40.807558_-73.919224","40.80755_-73.952904","40.8075714_-73.9694008","40.8075815_-73.9549215","40.8076001_-74.0056443","40.807609_-73.913396")
done
126.95user 822.13system 1:12:52elapsed 21%CPU (0avgtext+0avgdata 56360maxresident)k
782424inputs+8680outputs (6major+29319minor)pagefaults 0swaps
