40.7048249_-74.0160124
40.7048269_-74.0155315
40.7048347_-74.0156162
40.704835_-74.0158098
40.7048369_-74.0156694
40.704837_-74.014067
40.70483_-73.966325
40.7048413_-73.9245699
40.7048426_-74.0168019
40.7048432_-74.0170376
40.7048485_-74.0166537
40.704849_-73.905609
40.7048504_-73.9792581
40.704854_-73.9589786
40.7048554_-74.0171038
40.7048562_-74.0049213
40.7048603_-74.0088781
40.7048614_-74.0165068
40.704876_-73.955704
40.7048778_-74.017212
40.7048796_-74.0068359
40.7048803_-74.0163972
40.7048941_-74.0133228
40.704896_-73.949254
40.7049085_-74.0162792
40.7049165_-74.0162225
40.7049176_-74.017352
40.7049259_-73.9664289
40.7049372_-74.0155544
40.70493_-74.016107
40.7049408_-74.0174151
40.7049432_-74.0156712
40.7049448_-74.0158324
40.704958_-73.931507
40.704958_-73.949362
40.704964_-73.928109
40.7049652_-74.011669
40.7049678_-73.9676124
40.7049707_-74.0089152
40.704971_-73.933201
40.7049797_-73.9585554
40.704983_-73.952532
40.7049909_-74.0115503
40.704992_-73.91735
40.704998_-74.013985
40.705002_-73.911396
40.7050061_-73.9675133
40.7050111_-74.0126271
40.7050128_-74.0175367
40.7050164_-74.0173012
40.705019_-73.949471
40.705021_-73.944567
40.7050228_-73.9665121
40.705031_-74.008562
40.705032_-73.908989
40.705035_-73.970791
40.7050398_-74.0113952
40.705046_-73.903031
40.7050474_-74.0133488
40.7050529_-74.0085266
40.7050603_-73.9220117
40.7050728_-74.0165733
40.7050851_-74.0176344
40.705085_-74.0106123
40.7050892_-73.9592371
40.7050892_-73.9665485
40.7050916_-74.016678
40.7050974_-73.958681
40.705097_-73.930632
40.7051338_-73.9393373
40.70513_-74.013901
40.705144_-74.00838
40.705148_-74.009984
40.705153_-74.0177105
40.7051545_-74.0048883
40.7051631_-73.966577
40.7051713_-73.9394264
40.705177_-73.936002
40.7051814_-73.914775
40.705181_-73.959338
40.705182_-73.94285
40.705183_-74.007392
40.705184_-74.013352
40.7052049_-74.017762
40.7052154_-73.9726093
40.705216_-73.920684
40.7052198_-73.949884
40.7052372_-74.0047522
40.7052443_-74.0150519
40.705244_-73.942146
40.705248_-73.929696
40.7052566_-73.9253332
40.705256_-73.939432
40.7052625_-74.0178126
40.705275_-74.008202
40.70527_-74.013792
40.705285_-73.906352
40.7052985_-74.0178373
40.705307_-74.006212
40.705313_-74.009016
40.7053147_-73.9894067
40.7053194_-73.9352481
40.7053275_-74.0178571
40.705331_-74.009995
40.705332_-73.959509
40.705347_-74.01336
40.7053512_-74.0149976
40.7053529_-73.9724632
40.705352_-73.962485
40.705393_-73.933321
40.705399_-74.0179001
40.705408_-74.008046
40.7054111_-74.0044746
40.705415_-73.9502273
40.7048249_-74.0160124
40.7048269_-74.0155315
40.7048347_-74.0156162
40.704835_-74.0158098
40.7048369_-74.0156694
40.704837_-74.014067
40.70483_-73.966325
40.7048413_-73.9245699
40.7048426_-74.0168019
40.7048432_-74.0170376
40.7048485_-74.0166537
40.704849_-73.905609
40.7048504_-73.9792581
40.704854_-73.9589786
40.7048554_-74.0171038
40.7048562_-74.0049213
40.7048603_-74.0088781
40.7048614_-74.0165068
40.704876_-73.955704
40.7048778_-74.017212
40.7048796_-74.0068359
40.7048803_-74.0163972
40.7048941_-74.0133228
40.704896_-73.949254
40.7049085_-74.0162792
40.7049165_-74.0162225
40.7049176_-74.017352
40.7049259_-73.9664289
40.7049372_-74.0155544
40.70493_-74.016107
40.7049408_-74.0174151
40.7049432_-74.0156712
40.7049448_-74.0158324
40.704958_-73.931507
40.704958_-73.949362
40.704964_-73.928109
40.7049652_-74.011669
40.7049678_-73.9676124
40.7049707_-74.0089152
40.704971_-73.933201
40.7049797_-73.9585554
40.704983_-73.952532
40.7049909_-74.0115503
40.704992_-73.91735
40.704998_-74.013985
40.705002_-73.911396
40.7050061_-73.9675133
40.7050111_-74.0126271
40.7050128_-74.0175367
40.7050164_-74.0173012
40.705019_-73.949471
40.705021_-73.944567
40.7050228_-73.9665121
40.705031_-74.008562
40.705032_-73.908989
40.705035_-73.970791
40.7050398_-74.0113952
40.705046_-73.903031
40.7050474_-74.0133488
40.7050529_-74.0085266
40.7050603_-73.9220117
40.7050728_-74.0165733
40.7050851_-74.0176344
40.705085_-74.0106123
40.7050892_-73.9592371
40.7050892_-73.9665485
40.7050916_-74.016678
40.7050974_-73.958681
40.705097_-73.930632
40.7051338_-73.9393373
40.70513_-74.013901
40.705144_-74.00838
40.705148_-74.009984
40.705153_-74.0177105
40.7051545_-74.0048883
40.7051631_-73.966577
40.7051713_-73.9394264
40.705177_-73.936002
40.7051814_-73.914775
40.705181_-73.959338
40.705182_-73.94285
40.705183_-74.007392
40.705184_-74.013352
40.7052049_-74.017762
40.7052154_-73.9726093
40.705216_-73.920684
40.7052198_-73.949884
40.7052372_-74.0047522
40.7052443_-74.0150519
40.705244_-73.942146
40.705248_-73.929696
40.7052566_-73.9253332
40.705256_-73.939432
40.7052625_-74.0178126
40.705275_-74.008202
40.70527_-74.013792
40.705285_-73.906352
40.7052985_-74.0178373
40.705307_-74.006212
40.705313_-74.009016
40.7053147_-73.9894067
40.7053194_-73.9352481
40.7053275_-74.0178571
40.705331_-74.009995
40.705332_-73.959509
40.705347_-74.01336
40.7053512_-74.0149976
40.7053529_-73.9724632
40.705352_-73.962485
40.705393_-73.933321
40.705399_-74.0179001
40.705408_-74.008046
40.7054111_-74.0044746
40.705415_-73.9502273
("40.7048249_-74.0160124","40.7048269_-74.0155315","40.7048347_-74.0156162","40.704835_-74.0158098","40.7048369_-74.0156694","40.704837_-74.014067","40.70483_-73.966325","40.7048413_-73.9245699","40.7048426_-74.0168019","40.7048432_-74.0170376","40.7048485_-74.0166537","40.704849_-73.905609","40.7048504_-73.9792581","40.704854_-73.9589786","40.7048554_-74.0171038","40.7048562_-74.0049213","40.7048603_-74.0088781","40.7048614_-74.0165068","40.704876_-73.955704","40.7048778_-74.017212","40.7048796_-74.0068359","40.7048803_-74.0163972","40.7048941_-74.0133228","40.704896_-73.949254","40.7049085_-74.0162792","40.7049165_-74.0162225","40.7049176_-74.017352","40.7049259_-73.9664289","40.7049372_-74.0155544","40.70493_-74.016107","40.7049408_-74.0174151","40.7049432_-74.0156712","40.7049448_-74.0158324","40.704958_-73.931507","40.704958_-73.949362","40.704964_-73.928109","40.7049652_-74.011669","40.7049678_-73.9676124","40.7049707_-74.0089152","40.704971_-73.933201","40.7049797_-73.9585554","40.704983_-73.952532","40.7049909_-74.0115503","40.704992_-73.91735","40.704998_-74.013985","40.705002_-73.911396","40.7050061_-73.9675133","40.7050111_-74.0126271","40.7050128_-74.0175367","40.7050164_-74.0173012","40.705019_-73.949471","40.705021_-73.944567","40.7050228_-73.9665121","40.705031_-74.008562","40.705032_-73.908989","40.705035_-73.970791","40.7050398_-74.0113952","40.705046_-73.903031","40.7050474_-74.0133488","40.7050529_-74.0085266","40.7050603_-73.9220117","40.7050728_-74.0165733","40.7050851_-74.0176344","40.705085_-74.0106123","40.7050892_-73.9592371","40.7050892_-73.9665485","40.7050916_-74.016678","40.7050974_-73.958681","40.705097_-73.930632","40.7051338_-73.9393373","40.70513_-74.013901","40.705144_-74.00838","40.705148_-74.009984","40.705153_-74.0177105","40.7051545_-74.0048883","40.7051631_-73.966577","40.7051713_-73.9394264","40.705177_-73.936002","40.7051814_-73.914775","40.705181_-73.959338","40.705182_-73.94285","40.705183_-74.007392","40.705184_-74.013352","40.7052049_-74.017762","40.7052154_-73.9726093","40.705216_-73.920684","40.7052198_-73.949884","40.7052372_-74.0047522","40.7052443_-74.0150519","40.705244_-73.942146","40.705248_-73.929696","40.7052566_-73.9253332","40.705256_-73.939432","40.7052625_-74.0178126","40.705275_-74.008202","40.70527_-74.013792","40.705285_-73.906352","40.7052985_-74.0178373","40.705307_-74.006212","40.705313_-74.009016","40.7053147_-73.9894067","40.7053194_-73.9352481","40.7053275_-74.0178571","40.705331_-74.009995","40.705332_-73.959509","40.705347_-74.01336","40.7053512_-74.0149976","40.7053529_-73.9724632","40.705352_-73.962485","40.705393_-73.933321","40.705399_-74.0179001","40.705408_-74.008046","40.7054111_-74.0044746","40.705415_-73.9502273")
done
146.55user 812.13system 1:14:29elapsed 21%CPU (0avgtext+0avgdata 56380maxresident)k
426456inputs+6448outputs (9major+30112minor)pagefaults 0swaps
