40.755405_-73.979483
40.7554088_-73.931839
40.7554234_-73.9547707
40.755423_-73.956681
40.7554356_-73.9272927
40.7554418_-73.9620783
40.755441_-73.907097
40.7554427_-73.9229647
40.7554668_-73.9273596
40.755469_-73.9856025
40.7554778_-73.9228274
40.7554815_-73.9317799
40.7554842_-73.9954509
40.7554908_-73.9185177
40.7554974_-73.9274252
40.7555037_-73.9680652
40.7555042_-74.0034259
40.7555121_-73.9052729
40.7555142_-73.954675
40.7555146_-73.9229062
40.755516_-73.983624
40.7555185_-73.9959456
40.7555189_-73.911658
40.7555212_-73.9558124
40.7555323_-73.9183957
40.755532_-73.906189
40.7555358_-73.9118609
40.7555359_-73.9558962
40.7555365_-73.9273029
40.7555466_-73.9614353
40.7555564_-73.9083692
40.755557_-73.932101
40.755557_-73.938294
40.75555_-73.922982
40.7555621_-73.9184597
40.755582_-73.956723
40.755585_-73.9228489
40.7555872_-73.9760685
40.7555927_-73.9118106
40.7555973_-73.9741137
40.7555996_-73.9185399
40.7556009_-73.954555
40.7556024_-73.9481692
40.7556229_-73.9184103
40.755628_-73.905294
40.7556303_-73.9118861
40.7556371_-73.9118998
40.7556376_-74.0016771
40.75563_-73.956752
40.755649_-73.94205
40.7556508_-73.9559733
40.755652_-73.9062106
40.755657_-73.945676
40.7556581_-73.9121205
40.755671_-73.904919
40.7556878_-73.9611045
40.7556968_-73.9543725
40.7557089_-73.9120516
40.7557155_-73.9612422
40.755733_-73.904348
40.7557498_-73.9326334
40.755756_-73.964786
40.7557587_-73.9955605
40.755764_-73.912168
40.7557732_-73.9282174
40.7557805_-73.9541235
40.7557805_-73.9542606
40.7557857_-73.9325115
40.7557898_-73.9480076
40.7557925_-74.0020306
40.7557947_-73.9745757
40.7557998_-73.928073
40.7558047_-73.9358042
40.755804_-73.986398
40.7558104_-73.9122672
40.7558116_-73.9999743
40.7558137_-73.9237704
40.7558212_-73.9325753
40.7558245_-73.9952844
40.755825_-73.97076
40.755826_-73.9034
40.7558397_-73.9963075
40.7558413_-73.928162
40.7558565_-73.9236386
40.7558634_-73.9193198
40.7558685_-73.9326624
40.7558731_-73.9982091
40.7558734_-73.9943637
40.75587_-73.97282
40.7558808_-73.9282466
40.7558893_-73.9237089
40.755889_-73.961219
40.7558929_-73.9479064
40.7558973_-73.9325134
40.7558973_-73.9748157
40.7559012_-73.9122343
40.7559012_-73.9126682
40.7559056_-73.9953727
40.7559063_-73.919197
40.7559099_-73.9608648
40.7559141_-73.9281028
40.7559192_-73.9944866
40.755926_-73.9237875
40.755936_-73.9192607
40.755938_-73.9125404
40.755951_-73.990726
40.7559648_-73.9236475
40.7559709_-73.9126108
40.7559713_-73.9769665
40.7559729_-73.9193398
40.7559739_-73.9749987
40.7559822_-73.9053582
40.75598_-73.939087
40.7560022_-73.9192069
40.755405_-73.979483
40.7554088_-73.931839
40.7554234_-73.9547707
40.755423_-73.956681
40.7554356_-73.9272927
40.7554418_-73.9620783
40.755441_-73.907097
40.7554427_-73.9229647
40.7554668_-73.9273596
40.755469_-73.9856025
40.7554778_-73.9228274
40.7554815_-73.9317799
40.7554842_-73.9954509
40.7554908_-73.9185177
40.7554974_-73.9274252
40.7555037_-73.9680652
40.7555042_-74.0034259
40.7555121_-73.9052729
40.7555142_-73.954675
40.7555146_-73.9229062
40.755516_-73.983624
40.7555185_-73.9959456
40.7555189_-73.911658
40.7555212_-73.9558124
40.7555323_-73.9183957
40.755532_-73.906189
40.7555358_-73.9118609
40.7555359_-73.9558962
40.7555365_-73.9273029
40.7555466_-73.9614353
40.7555564_-73.9083692
40.755557_-73.932101
40.755557_-73.938294
40.75555_-73.922982
40.7555621_-73.9184597
40.755582_-73.956723
40.755585_-73.9228489
40.7555872_-73.9760685
40.7555927_-73.9118106
40.7555973_-73.9741137
40.7555996_-73.9185399
40.7556009_-73.954555
40.7556024_-73.9481692
40.7556229_-73.9184103
40.755628_-73.905294
40.7556303_-73.9118861
40.7556371_-73.9118998
40.7556376_-74.0016771
40.75563_-73.956752
40.755649_-73.94205
40.7556508_-73.9559733
40.755652_-73.9062106
40.755657_-73.945676
40.7556581_-73.9121205
40.755671_-73.904919
40.7556878_-73.9611045
40.7556968_-73.9543725
40.7557089_-73.9120516
40.7557155_-73.9612422
40.755733_-73.904348
40.7557498_-73.9326334
40.755756_-73.964786
40.7557587_-73.9955605
40.755764_-73.912168
40.7557732_-73.9282174
40.7557805_-73.9541235
40.7557805_-73.9542606
40.7557857_-73.9325115
40.7557898_-73.9480076
40.7557925_-74.0020306
40.7557947_-73.9745757
40.7557998_-73.928073
40.7558047_-73.9358042
40.755804_-73.986398
40.7558104_-73.9122672
40.7558116_-73.9999743
40.7558137_-73.9237704
40.7558212_-73.9325753
40.7558245_-73.9952844
40.755825_-73.97076
40.755826_-73.9034
40.7558397_-73.9963075
40.7558413_-73.928162
40.7558565_-73.9236386
40.7558634_-73.9193198
40.7558685_-73.9326624
40.7558731_-73.9982091
40.7558734_-73.9943637
40.75587_-73.97282
40.7558808_-73.9282466
40.7558893_-73.9237089
40.755889_-73.961219
40.7558929_-73.9479064
40.7558973_-73.9325134
40.7558973_-73.9748157
40.7559012_-73.9122343
40.7559012_-73.9126682
40.7559056_-73.9953727
40.7559063_-73.919197
40.7559099_-73.9608648
40.7559141_-73.9281028
40.7559192_-73.9944866
40.755926_-73.9237875
40.755936_-73.9192607
40.755938_-73.9125404
40.755951_-73.990726
40.7559648_-73.9236475
40.7559709_-73.9126108
40.7559713_-73.9769665
40.7559729_-73.9193398
40.7559739_-73.9749987
40.7559822_-73.9053582
40.75598_-73.939087
40.7560022_-73.9192069
("40.755405_-73.979483","40.7554088_-73.931839","40.7554234_-73.9547707","40.755423_-73.956681","40.7554356_-73.9272927","40.7554418_-73.9620783","40.755441_-73.907097","40.7554427_-73.9229647","40.7554668_-73.9273596","40.755469_-73.9856025","40.7554778_-73.9228274","40.7554815_-73.9317799","40.7554842_-73.9954509","40.7554908_-73.9185177","40.7554974_-73.9274252","40.7555037_-73.9680652","40.7555042_-74.0034259","40.7555121_-73.9052729","40.7555142_-73.954675","40.7555146_-73.9229062","40.755516_-73.983624","40.7555185_-73.9959456","40.7555189_-73.911658","40.7555212_-73.9558124","40.7555323_-73.9183957","40.755532_-73.906189","40.7555358_-73.9118609","40.7555359_-73.9558962","40.7555365_-73.9273029","40.7555466_-73.9614353","40.7555564_-73.9083692","40.755557_-73.932101","40.755557_-73.938294","40.75555_-73.922982","40.7555621_-73.9184597","40.755582_-73.956723","40.755585_-73.9228489","40.7555872_-73.9760685","40.7555927_-73.9118106","40.7555973_-73.9741137","40.7555996_-73.9185399","40.7556009_-73.954555","40.7556024_-73.9481692","40.7556229_-73.9184103","40.755628_-73.905294","40.7556303_-73.9118861","40.7556371_-73.9118998","40.7556376_-74.0016771","40.75563_-73.956752","40.755649_-73.94205","40.7556508_-73.9559733","40.755652_-73.9062106","40.755657_-73.945676","40.7556581_-73.9121205","40.755671_-73.904919","40.7556878_-73.9611045","40.7556968_-73.9543725","40.7557089_-73.9120516","40.7557155_-73.9612422","40.755733_-73.904348","40.7557498_-73.9326334","40.755756_-73.964786","40.7557587_-73.9955605","40.755764_-73.912168","40.7557732_-73.9282174","40.7557805_-73.9541235","40.7557805_-73.9542606","40.7557857_-73.9325115","40.7557898_-73.9480076","40.7557925_-74.0020306","40.7557947_-73.9745757","40.7557998_-73.928073","40.7558047_-73.9358042","40.755804_-73.986398","40.7558104_-73.9122672","40.7558116_-73.9999743","40.7558137_-73.9237704","40.7558212_-73.9325753","40.7558245_-73.9952844","40.755825_-73.97076","40.755826_-73.9034","40.7558397_-73.9963075","40.7558413_-73.928162","40.7558565_-73.9236386","40.7558634_-73.9193198","40.7558685_-73.9326624","40.7558731_-73.9982091","40.7558734_-73.9943637","40.75587_-73.97282","40.7558808_-73.9282466","40.7558893_-73.9237089","40.755889_-73.961219","40.7558929_-73.9479064","40.7558973_-73.9325134","40.7558973_-73.9748157","40.7559012_-73.9122343","40.7559012_-73.9126682","40.7559056_-73.9953727","40.7559063_-73.919197","40.7559099_-73.9608648","40.7559141_-73.9281028","40.7559192_-73.9944866","40.755926_-73.9237875","40.755936_-73.9192607","40.755938_-73.9125404","40.755951_-73.990726","40.7559648_-73.9236475","40.7559709_-73.9126108","40.7559713_-73.9769665","40.7559729_-73.9193398","40.7559739_-73.9749987","40.7559822_-73.9053582","40.75598_-73.939087","40.7560022_-73.9192069")
done
138.95user 823.83system 1:14:33elapsed 21%CPU (0avgtext+0avgdata 83972maxresident)k
2059744inputs+114528outputs (52major+42482minor)pagefaults 0swaps
