40.6935217_-73.972919
40.693526_-73.952193
40.6935397_-73.980112
40.6935405_-73.9730352
40.6935535_-73.9649915
40.6935732_-73.9991667
40.693573_-73.922748
40.6935751_-73.9609955
40.69358_-73.980967
40.6935918_-73.9835755
40.693601_-73.997609
40.6936046_-73.9842654
40.693605_-73.992744
40.6936123_-73.9817371
40.6936179_-73.9904532
40.6936181_-73.9843094
40.6936241_-73.9834604
40.693641_-73.913307
40.6936442_-73.9824992
40.6936564_-73.9843355
40.6936574_-73.96406
40.6936611_-73.9904359
40.693663_-73.977871
40.6936647_-73.9832254
40.693673_-73.994829
40.6936743_-73.9834021
40.6936916_-73.9050508
40.693692_-73.931204
40.6936987_-73.9904238
40.6936996_-73.984342
40.693707_-73.9792401
40.6937243_-73.9834672
40.693724_-73.925715
40.693726_-73.998312
40.6937342_-73.9843225
40.6937345_-73.9904195
40.6937503_-73.9835307
40.6937516_-73.9371981
40.693751_-73.995331
40.6937577_-73.9838077
40.6937602_-73.984285
40.6937663_-73.9842329
40.6937733_-73.9631396
40.6937806_-73.9904296
40.693784_-73.987202
40.6937928_-73.9621952
40.6938242_-73.9430891
40.693832_-73.909605
40.6938525_-73.9834935
40.6938534_-73.979342
40.693855_-73.97594
40.693864_-73.929702
40.693866_-73.925972
40.693867_-73.999201
40.6938711_-73.9833347
40.6938768_-73.9622131
40.693877_-73.917761
40.6939002_-73.9889519
40.693905_-73.948914
40.6939465_-73.9991658
40.693967_-73.996455
40.694001_-73.923498
40.694011_-73.961093
40.694047_-73.996417
40.694068_-73.914057
40.6940732_-73.9720428
40.6940894_-73.9342743
40.694117_-73.960158
40.6941198_-73.9058005
40.69412_-73.994619
40.694141_-73.926481
40.6941478_-73.940267
40.6941924_-73.9710539
40.694215_-73.959311
40.694227_-73.982481
40.69423_-73.946078
40.694256_-73.977986
40.694259_-73.910357
40.694263_-73.952341
40.6942755_-73.9924155
40.6942896_-73.9731815
40.69428_-73.926736
40.694304_-73.918512
40.694317_-73.930512
40.6943318_-73.9770028
40.694366_-73.957997
40.694371_-73.9642028
40.6943783_-73.98905
40.694408_-73.970089
40.694412_-73.976052
40.6944204_-73.9886543
40.694429_-73.924249
40.694434_-73.9313509
40.6944391_-73.9800126
40.6944472_-73.9780278
40.694471_-73.957087
40.6944848_-73.9373442
40.694497_-73.914808
40.6945156_-73.9313859
40.6945189_-73.9961962
40.694541_-73.9042364
40.6945422_-73.9988556
40.694548_-73.927227
40.6945505_-73.9065544
40.6945552_-73.9986397
40.6945581_-73.9906623
40.694559_-73.9432344
40.6945763_-73.9312341
40.694579_-73.956143
40.6945833_-73.9313215
40.6945855_-73.9800877
40.694605_-73.998874
40.694637_-73.94906
40.694674_-73.931145
40.6935217_-73.972919
40.693526_-73.952193
40.6935397_-73.980112
40.6935405_-73.9730352
40.6935535_-73.9649915
40.6935732_-73.9991667
40.693573_-73.922748
40.6935751_-73.9609955
40.69358_-73.980967
40.6935918_-73.9835755
40.693601_-73.997609
40.6936046_-73.9842654
40.693605_-73.992744
40.6936123_-73.9817371
40.6936179_-73.9904532
40.6936181_-73.9843094
40.6936241_-73.9834604
40.693641_-73.913307
40.6936442_-73.9824992
40.6936564_-73.9843355
40.6936574_-73.96406
40.6936611_-73.9904359
40.693663_-73.977871
40.6936647_-73.9832254
40.693673_-73.994829
40.6936743_-73.9834021
40.6936916_-73.9050508
40.693692_-73.931204
40.6936987_-73.9904238
40.6936996_-73.984342
40.693707_-73.9792401
40.6937243_-73.9834672
40.693724_-73.925715
40.693726_-73.998312
40.6937342_-73.9843225
40.6937345_-73.9904195
40.6937503_-73.9835307
40.6937516_-73.9371981
40.693751_-73.995331
40.6937577_-73.9838077
40.6937602_-73.984285
40.6937663_-73.9842329
40.6937733_-73.9631396
40.6937806_-73.9904296
40.693784_-73.987202
40.6937928_-73.9621952
40.6938242_-73.9430891
40.693832_-73.909605
40.6938525_-73.9834935
40.6938534_-73.979342
40.693855_-73.97594
40.693864_-73.929702
40.693866_-73.925972
40.693867_-73.999201
40.6938711_-73.9833347
40.6938768_-73.9622131
40.693877_-73.917761
40.6939002_-73.9889519
40.693905_-73.948914
40.6939465_-73.9991658
40.693967_-73.996455
40.694001_-73.923498
40.694011_-73.961093
40.694047_-73.996417
40.694068_-73.914057
40.6940732_-73.9720428
40.6940894_-73.9342743
40.694117_-73.960158
40.6941198_-73.9058005
40.69412_-73.994619
40.694141_-73.926481
40.6941478_-73.940267
40.6941924_-73.9710539
40.694215_-73.959311
40.694227_-73.982481
40.69423_-73.946078
40.694256_-73.977986
40.694259_-73.910357
40.694263_-73.952341
40.6942755_-73.9924155
40.6942896_-73.9731815
40.69428_-73.926736
40.694304_-73.918512
40.694317_-73.930512
40.6943318_-73.9770028
40.694366_-73.957997
40.694371_-73.9642028
40.6943783_-73.98905
40.694408_-73.970089
40.694412_-73.976052
40.6944204_-73.9886543
40.694429_-73.924249
40.694434_-73.9313509
40.6944391_-73.9800126
40.6944472_-73.9780278
40.694471_-73.957087
40.6944848_-73.9373442
40.694497_-73.914808
40.6945156_-73.9313859
40.6945189_-73.9961962
40.694541_-73.9042364
40.6945422_-73.9988556
40.694548_-73.927227
40.6945505_-73.9065544
40.6945552_-73.9986397
40.6945581_-73.9906623
40.694559_-73.9432344
40.6945763_-73.9312341
40.694579_-73.956143
40.6945833_-73.9313215
40.6945855_-73.9800877
40.694605_-73.998874
40.694637_-73.94906
40.694674_-73.931145
("40.6935217_-73.972919","40.693526_-73.952193","40.6935397_-73.980112","40.6935405_-73.9730352","40.6935535_-73.9649915","40.6935732_-73.9991667","40.693573_-73.922748","40.6935751_-73.9609955","40.69358_-73.980967","40.6935918_-73.9835755","40.693601_-73.997609","40.6936046_-73.9842654","40.693605_-73.992744","40.6936123_-73.9817371","40.6936179_-73.9904532","40.6936181_-73.9843094","40.6936241_-73.9834604","40.693641_-73.913307","40.6936442_-73.9824992","40.6936564_-73.9843355","40.6936574_-73.96406","40.6936611_-73.9904359","40.693663_-73.977871","40.6936647_-73.9832254","40.693673_-73.994829","40.6936743_-73.9834021","40.6936916_-73.9050508","40.693692_-73.931204","40.6936987_-73.9904238","40.6936996_-73.984342","40.693707_-73.9792401","40.6937243_-73.9834672","40.693724_-73.925715","40.693726_-73.998312","40.6937342_-73.9843225","40.6937345_-73.9904195","40.6937503_-73.9835307","40.6937516_-73.9371981","40.693751_-73.995331","40.6937577_-73.9838077","40.6937602_-73.984285","40.6937663_-73.9842329","40.6937733_-73.9631396","40.6937806_-73.9904296","40.693784_-73.987202","40.6937928_-73.9621952","40.6938242_-73.9430891","40.693832_-73.909605","40.6938525_-73.9834935","40.6938534_-73.979342","40.693855_-73.97594","40.693864_-73.929702","40.693866_-73.925972","40.693867_-73.999201","40.6938711_-73.9833347","40.6938768_-73.9622131","40.693877_-73.917761","40.6939002_-73.9889519","40.693905_-73.948914","40.6939465_-73.9991658","40.693967_-73.996455","40.694001_-73.923498","40.694011_-73.961093","40.694047_-73.996417","40.694068_-73.914057","40.6940732_-73.9720428","40.6940894_-73.9342743","40.694117_-73.960158","40.6941198_-73.9058005","40.69412_-73.994619","40.694141_-73.926481","40.6941478_-73.940267","40.6941924_-73.9710539","40.694215_-73.959311","40.694227_-73.982481","40.69423_-73.946078","40.694256_-73.977986","40.694259_-73.910357","40.694263_-73.952341","40.6942755_-73.9924155","40.6942896_-73.9731815","40.69428_-73.926736","40.694304_-73.918512","40.694317_-73.930512","40.6943318_-73.9770028","40.694366_-73.957997","40.694371_-73.9642028","40.6943783_-73.98905","40.694408_-73.970089","40.694412_-73.976052","40.6944204_-73.9886543","40.694429_-73.924249","40.694434_-73.9313509","40.6944391_-73.9800126","40.6944472_-73.9780278","40.694471_-73.957087","40.6944848_-73.9373442","40.694497_-73.914808","40.6945156_-73.9313859","40.6945189_-73.9961962","40.694541_-73.9042364","40.6945422_-73.9988556","40.694548_-73.927227","40.6945505_-73.9065544","40.6945552_-73.9986397","40.6945581_-73.9906623","40.694559_-73.9432344","40.6945763_-73.9312341","40.694579_-73.956143","40.6945833_-73.9313215","40.6945855_-73.9800877","40.694605_-73.998874","40.694637_-73.94906","40.694674_-73.931145")
done
144.15user 809.17system 1:14:42elapsed 21%CPU (0avgtext+0avgdata 53088maxresident)k
451448inputs+48outputs (2major+27528minor)pagefaults 0swaps
