40.7687802_-73.9717106
40.7687804_-73.9049178
40.7687813_-73.9715171
40.7687868_-73.9703109
40.7687963_-73.9069332
40.768796_-73.9710522
40.7688015_-73.9238117
40.7688015_-73.9583631
40.7688038_-73.9819859
40.7688041_-73.9489037
40.7688042_-73.9704266
40.7688055_-73.9707902
40.7688122_-73.9705553
40.7688143_-73.9238011
40.7688183_-73.9523102
40.7688183_-73.9563197
40.768818_-73.933445
40.7688357_-73.9434439
40.7688413_-73.9503785
40.7688503_-73.9729786
40.7688533_-73.909861
40.7688547_-73.9076608
40.7688549_-73.9722363
40.7688571_-73.910959
40.7688589_-73.9081828
40.7688602_-74.0168005
40.7688706_-73.9585269
40.7688829_-73.9085853
40.7688922_-73.9433364
40.7688991_-73.9582921
40.7689031_-73.9799569
40.7689047_-73.9069026
40.7689183_-73.9237155
40.7689197_-73.9357913
40.7689255_-73.9754237
40.7689407_-73.9108909
40.7689456_-73.9822067
40.7689704_-73.9067699
40.7689777_-73.9487406
40.7689792_-73.9729149
40.7689857_-73.9488878
40.7689884_-73.9726814
40.7689914_-73.9283244
40.7689943_-73.992362
40.7690044_-73.9069362
40.7690058_-73.9119309
40.7690177_-73.9052485
40.7690284_-73.9799706
40.7690366_-73.9357737
40.7690611_-73.9611049
40.7690621_-73.9053519
40.7690639_-73.9110976
40.769064_-73.9094718
40.7690675_-74.0155562
40.76906_-73.928471
40.76907_-73.907996
40.769084_-73.9357426
40.7690921_-73.973131
40.7691032_-73.9885656
40.7691042_-73.9550486
40.7691048_-73.9431568
40.7691155_-73.9728441
40.7691208_-73.9651165
40.7691229_-73.9631538
40.7691254_-73.9313232
40.7691276_-73.9356894
40.7691308_-73.9222884
40.769137_-74.0178643
40.7691488_-74.0178131
40.7691508_-73.9799661
40.7691558_-73.948576
40.769158_-73.908542
40.769158_-73.9235183
40.7691671_-73.9673456
40.769167_-73.9487211
40.7691723_-73.9129072
40.769176_-73.9908776
40.7691823_-73.9672003
40.7691842_-73.9799503
40.7691904_-73.9343823
40.7692008_-73.9947247
40.7692181_-73.9653473
40.7692182_-73.9847694
40.7692183_-73.9222009
40.7692257_-73.9673032
40.769249_-73.909109
40.769259_-73.9245977
40.769271_-73.969365
40.7692746_-73.9810292
40.7692747_-73.9674194
40.7692754_-73.9672667
40.7692786_-73.9948335
40.7692825_-73.9264763
40.7692855_-73.9911388
40.7692892_-73.9736847
40.7692918_-73.943585
40.7692955_-73.9416615
40.7692966_-73.9726758
40.7693158_-73.9416347
40.7693255_-73.9247372
40.7693368_-73.9096761
40.769343_-73.921124
40.7693461_-74.0160068
40.7693493_-73.9438317
40.7693506_-73.9798685
40.7693553_-73.9139134
40.7693586_-73.9125656
40.7693592_-73.9950561
40.7693673_-73.9114012
40.7693724_-73.9103133
40.7693768_-73.9099346
40.7693812_-73.9725652
40.769398_-73.9149364
40.7694042_-73.9119589
40.7687802_-73.9717106
40.7687804_-73.9049178
40.7687813_-73.9715171
40.7687868_-73.9703109
40.7687963_-73.9069332
40.768796_-73.9710522
40.7688015_-73.9238117
40.7688015_-73.9583631
40.7688038_-73.9819859
40.7688041_-73.9489037
40.7688042_-73.9704266
40.7688055_-73.9707902
40.7688122_-73.9705553
40.7688143_-73.9238011
40.7688183_-73.9523102
40.7688183_-73.9563197
40.768818_-73.933445
40.7688357_-73.9434439
40.7688413_-73.9503785
40.7688503_-73.9729786
40.7688533_-73.909861
40.7688547_-73.9076608
40.7688549_-73.9722363
40.7688571_-73.910959
40.7688589_-73.9081828
40.7688602_-74.0168005
40.7688706_-73.9585269
40.7688829_-73.9085853
40.7688922_-73.9433364
40.7688991_-73.9582921
40.7689031_-73.9799569
40.7689047_-73.9069026
40.7689183_-73.9237155
40.7689197_-73.9357913
40.7689255_-73.9754237
40.7689407_-73.9108909
40.7689456_-73.9822067
40.7689704_-73.9067699
40.7689777_-73.9487406
40.7689792_-73.9729149
40.7689857_-73.9488878
40.7689884_-73.9726814
40.7689914_-73.9283244
40.7689943_-73.992362
40.7690044_-73.9069362
40.7690058_-73.9119309
40.7690177_-73.9052485
40.7690284_-73.9799706
40.7690366_-73.9357737
40.7690611_-73.9611049
40.7690621_-73.9053519
40.7690639_-73.9110976
40.769064_-73.9094718
40.7690675_-74.0155562
40.76906_-73.928471
40.76907_-73.907996
40.769084_-73.9357426
40.7690921_-73.973131
40.7691032_-73.9885656
40.7691042_-73.9550486
40.7691048_-73.9431568
40.7691155_-73.9728441
40.7691208_-73.9651165
40.7691229_-73.9631538
40.7691254_-73.9313232
40.7691276_-73.9356894
40.7691308_-73.9222884
40.769137_-74.0178643
40.7691488_-74.0178131
40.7691508_-73.9799661
40.7691558_-73.948576
40.769158_-73.908542
40.769158_-73.9235183
40.7691671_-73.9673456
40.769167_-73.9487211
40.7691723_-73.9129072
40.769176_-73.9908776
40.7691823_-73.9672003
40.7691842_-73.9799503
40.7691904_-73.9343823
40.7692008_-73.9947247
40.7692181_-73.9653473
40.7692182_-73.9847694
40.7692183_-73.9222009
40.7692257_-73.9673032
40.769249_-73.909109
40.769259_-73.9245977
40.769271_-73.969365
40.7692746_-73.9810292
40.7692747_-73.9674194
40.7692754_-73.9672667
40.7692786_-73.9948335
40.7692825_-73.9264763
40.7692855_-73.9911388
40.7692892_-73.9736847
40.7692918_-73.943585
40.7692955_-73.9416615
40.7692966_-73.9726758
40.7693158_-73.9416347
40.7693255_-73.9247372
40.7693368_-73.9096761
40.769343_-73.921124
40.7693461_-74.0160068
40.7693493_-73.9438317
40.7693506_-73.9798685
40.7693553_-73.9139134
40.7693586_-73.9125656
40.7693592_-73.9950561
40.7693673_-73.9114012
40.7693724_-73.9103133
40.7693768_-73.9099346
40.7693812_-73.9725652
40.769398_-73.9149364
40.7694042_-73.9119589
("40.7687802_-73.9717106","40.7687804_-73.9049178","40.7687813_-73.9715171","40.7687868_-73.9703109","40.7687963_-73.9069332","40.768796_-73.9710522","40.7688015_-73.9238117","40.7688015_-73.9583631","40.7688038_-73.9819859","40.7688041_-73.9489037","40.7688042_-73.9704266","40.7688055_-73.9707902","40.7688122_-73.9705553","40.7688143_-73.9238011","40.7688183_-73.9523102","40.7688183_-73.9563197","40.768818_-73.933445","40.7688357_-73.9434439","40.7688413_-73.9503785","40.7688503_-73.9729786","40.7688533_-73.909861","40.7688547_-73.9076608","40.7688549_-73.9722363","40.7688571_-73.910959","40.7688589_-73.9081828","40.7688602_-74.0168005","40.7688706_-73.9585269","40.7688829_-73.9085853","40.7688922_-73.9433364","40.7688991_-73.9582921","40.7689031_-73.9799569","40.7689047_-73.9069026","40.7689183_-73.9237155","40.7689197_-73.9357913","40.7689255_-73.9754237","40.7689407_-73.9108909","40.7689456_-73.9822067","40.7689704_-73.9067699","40.7689777_-73.9487406","40.7689792_-73.9729149","40.7689857_-73.9488878","40.7689884_-73.9726814","40.7689914_-73.9283244","40.7689943_-73.992362","40.7690044_-73.9069362","40.7690058_-73.9119309","40.7690177_-73.9052485","40.7690284_-73.9799706","40.7690366_-73.9357737","40.7690611_-73.9611049","40.7690621_-73.9053519","40.7690639_-73.9110976","40.769064_-73.9094718","40.7690675_-74.0155562","40.76906_-73.928471","40.76907_-73.907996","40.769084_-73.9357426","40.7690921_-73.973131","40.7691032_-73.9885656","40.7691042_-73.9550486","40.7691048_-73.9431568","40.7691155_-73.9728441","40.7691208_-73.9651165","40.7691229_-73.9631538","40.7691254_-73.9313232","40.7691276_-73.9356894","40.7691308_-73.9222884","40.769137_-74.0178643","40.7691488_-74.0178131","40.7691508_-73.9799661","40.7691558_-73.948576","40.769158_-73.908542","40.769158_-73.9235183","40.7691671_-73.9673456","40.769167_-73.9487211","40.7691723_-73.9129072","40.769176_-73.9908776","40.7691823_-73.9672003","40.7691842_-73.9799503","40.7691904_-73.9343823","40.7692008_-73.9947247","40.7692181_-73.9653473","40.7692182_-73.9847694","40.7692183_-73.9222009","40.7692257_-73.9673032","40.769249_-73.909109","40.769259_-73.9245977","40.769271_-73.969365","40.7692746_-73.9810292","40.7692747_-73.9674194","40.7692754_-73.9672667","40.7692786_-73.9948335","40.7692825_-73.9264763","40.7692855_-73.9911388","40.7692892_-73.9736847","40.7692918_-73.943585","40.7692955_-73.9416615","40.7692966_-73.9726758","40.7693158_-73.9416347","40.7693255_-73.9247372","40.7693368_-73.9096761","40.769343_-73.921124","40.7693461_-74.0160068","40.7693493_-73.9438317","40.7693506_-73.9798685","40.7693553_-73.9139134","40.7693586_-73.9125656","40.7693592_-73.9950561","40.7693673_-73.9114012","40.7693724_-73.9103133","40.7693768_-73.9099346","40.7693812_-73.9725652","40.769398_-73.9149364","40.7694042_-73.9119589")
done
137.79user 812.08system 1:13:16elapsed 21%CPU (0avgtext+0avgdata 75852maxresident)k
1068552inputs+82992outputs (39major+38628minor)pagefaults 0swaps
