40.828303_-73.924466
40.8283055_-73.9431445
40.828312_-73.9272454
40.828334_-73.9489939
40.8283405_-73.931023
40.8283507_-73.9274526
40.8283556_-73.9490451
40.8283733_-73.93515
40.828389_-73.916906
40.828393_-73.911783
40.8283947_-73.9452839
40.8284141_-73.949184
40.828418_-73.980552
40.828419_-73.911642
40.8284302_-73.9881402
40.8284347_-73.9313282
40.8284415_-73.9275635
40.828447_-73.94154
40.8284789_-73.9304117
40.8284975_-73.9351017
40.8285068_-73.9416821
40.8285132_-73.9310236
40.828523_-73.99449
40.828533_-73.903461
40.8285452_-73.921574
40.828569_-73.993074
40.8285797_-73.9350946
40.828599_-73.91143
40.8285_-73.937782
40.8286017_-73.9138009
40.8286078_-73.9347471
40.828621_-74.002594
40.8286385_-73.9298912
40.8286482_-73.9522867
40.828661_-73.911687
40.828709_-73.9523886
40.8287277_-73.9422069
40.8287321_-73.9424307
40.828749_-73.911299
40.828759_-73.917797
40.828773_-73.910308
40.828799_-73.911591
40.8288054_-73.9294558
40.8288169_-73.9294315
40.828816_-73.9311742
40.828855_-73.9293509
40.8288681_-73.9732637
40.8288887_-73.9146255
40.8289087_-73.9292373
40.828925_-73.950395
40.8289398_-73.905066
40.8289444_-73.9485501
40.8289664_-73.9486026
40.8289692_-73.9114956
40.828986_-73.93896
40.8289973_-73.9519946
40.8289989_-73.9290612
40.8289993_-73.923032
40.8290147_-73.9448311
40.829016_-73.986224
40.8290241_-73.9487404
40.829044_-73.980231
40.8290738_-73.9111912
40.8290825_-73.9520828
40.8290839_-73.9110195
40.829083_-73.941078
40.8291018_-73.9313524
40.829104_-73.905531
40.8291064_-73.9288654
40.829108_-73.918626
40.8291144_-73.9196425
40.8291248_-73.9288336
40.8291428_-73.9113991
40.82914_-73.908103
40.8291536_-73.9372824
40.8291565_-73.9287826
40.829171_-74.012035
40.8291734_-73.983301
40.829179_-73.9154596
40.829186_-73.928756
40.8291938_-73.9287263
40.8292096_-73.98953
40.8292256_-73.935213
40.8292345_-73.9286698
40.8292687_-73.9286238
40.8292921_-73.951777
40.829302_-73.939729
40.829341_-73.9290059
40.8293438_-73.9518961
40.8293573_-73.928506
40.829392_-73.939689
40.8294124_-73.9315382
40.829419_-73.912255
40.8294451_-73.9419432
40.829452_-73.906571
40.82946_-73.976233
40.8294714_-73.9162997
40.8294776_-73.9718874
40.829481_-73.939668
40.829483_-73.993699
40.8294843_-73.9283395
40.829523_-73.924972
40.829529_-73.9516
40.829565_-73.9209836
40.8295736_-73.9480915
40.8295819_-73.9517206
40.8295858_-73.9500819
40.82958_-73.939662
40.8295908_-73.9282002
40.8295922_-73.9352284
40.829592_-73.909482
40.829592_-73.9481352
40.8296348_-73.9310473
40.8296401_-73.9443743
40.828303_-73.924466
40.8283055_-73.9431445
40.828312_-73.9272454
40.828334_-73.9489939
40.8283405_-73.931023
40.8283507_-73.9274526
40.8283556_-73.9490451
40.8283733_-73.93515
40.828389_-73.916906
40.828393_-73.911783
40.8283947_-73.9452839
40.8284141_-73.949184
40.828418_-73.980552
40.828419_-73.911642
40.8284302_-73.9881402
40.8284347_-73.9313282
40.8284415_-73.9275635
40.828447_-73.94154
40.8284789_-73.9304117
40.8284975_-73.9351017
40.8285068_-73.9416821
40.8285132_-73.9310236
40.828523_-73.99449
40.828533_-73.903461
40.8285452_-73.921574
40.828569_-73.993074
40.8285797_-73.9350946
40.828599_-73.91143
40.8285_-73.937782
40.8286017_-73.9138009
40.8286078_-73.9347471
40.828621_-74.002594
40.8286385_-73.9298912
40.8286482_-73.9522867
40.828661_-73.911687
40.828709_-73.9523886
40.8287277_-73.9422069
40.8287321_-73.9424307
40.828749_-73.911299
40.828759_-73.917797
40.828773_-73.910308
40.828799_-73.911591
40.8288054_-73.9294558
40.8288169_-73.9294315
40.828816_-73.9311742
40.828855_-73.9293509
40.8288681_-73.9732637
40.8288887_-73.9146255
40.8289087_-73.9292373
40.828925_-73.950395
40.8289398_-73.905066
40.8289444_-73.9485501
40.8289664_-73.9486026
40.8289692_-73.9114956
40.828986_-73.93896
40.8289973_-73.9519946
40.8289989_-73.9290612
40.8289993_-73.923032
40.8290147_-73.9448311
40.829016_-73.986224
40.8290241_-73.9487404
40.829044_-73.980231
40.8290738_-73.9111912
40.8290825_-73.9520828
40.8290839_-73.9110195
40.829083_-73.941078
40.8291018_-73.9313524
40.829104_-73.905531
40.8291064_-73.9288654
40.829108_-73.918626
40.8291144_-73.9196425
40.8291248_-73.9288336
40.8291428_-73.9113991
40.82914_-73.908103
40.8291536_-73.9372824
40.8291565_-73.9287826
40.829171_-74.012035
40.8291734_-73.983301
40.829179_-73.9154596
40.829186_-73.928756
40.8291938_-73.9287263
40.8292096_-73.98953
40.8292256_-73.935213
40.8292345_-73.9286698
40.8292687_-73.9286238
40.8292921_-73.951777
40.829302_-73.939729
40.829341_-73.9290059
40.8293438_-73.9518961
40.8293573_-73.928506
40.829392_-73.939689
40.8294124_-73.9315382
40.829419_-73.912255
40.8294451_-73.9419432
40.829452_-73.906571
40.82946_-73.976233
40.8294714_-73.9162997
40.8294776_-73.9718874
40.829481_-73.939668
40.829483_-73.993699
40.8294843_-73.9283395
40.829523_-73.924972
40.829529_-73.9516
40.829565_-73.9209836
40.8295736_-73.9480915
40.8295819_-73.9517206
40.8295858_-73.9500819
40.82958_-73.939662
40.8295908_-73.9282002
40.8295922_-73.9352284
40.829592_-73.909482
40.829592_-73.9481352
40.8296348_-73.9310473
40.8296401_-73.9443743
("40.828303_-73.924466","40.8283055_-73.9431445","40.828312_-73.9272454","40.828334_-73.9489939","40.8283405_-73.931023","40.8283507_-73.9274526","40.8283556_-73.9490451","40.8283733_-73.93515","40.828389_-73.916906","40.828393_-73.911783","40.8283947_-73.9452839","40.8284141_-73.949184","40.828418_-73.980552","40.828419_-73.911642","40.8284302_-73.9881402","40.8284347_-73.9313282","40.8284415_-73.9275635","40.828447_-73.94154","40.8284789_-73.9304117","40.8284975_-73.9351017","40.8285068_-73.9416821","40.8285132_-73.9310236","40.828523_-73.99449","40.828533_-73.903461","40.8285452_-73.921574","40.828569_-73.993074","40.8285797_-73.9350946","40.828599_-73.91143","40.8285_-73.937782","40.8286017_-73.9138009","40.8286078_-73.9347471","40.828621_-74.002594","40.8286385_-73.9298912","40.8286482_-73.9522867","40.828661_-73.911687","40.828709_-73.9523886","40.8287277_-73.9422069","40.8287321_-73.9424307","40.828749_-73.911299","40.828759_-73.917797","40.828773_-73.910308","40.828799_-73.911591","40.8288054_-73.9294558","40.8288169_-73.9294315","40.828816_-73.9311742","40.828855_-73.9293509","40.8288681_-73.9732637","40.8288887_-73.9146255","40.8289087_-73.9292373","40.828925_-73.950395","40.8289398_-73.905066","40.8289444_-73.9485501","40.8289664_-73.9486026","40.8289692_-73.9114956","40.828986_-73.93896","40.8289973_-73.9519946","40.8289989_-73.9290612","40.8289993_-73.923032","40.8290147_-73.9448311","40.829016_-73.986224","40.8290241_-73.9487404","40.829044_-73.980231","40.8290738_-73.9111912","40.8290825_-73.9520828","40.8290839_-73.9110195","40.829083_-73.941078","40.8291018_-73.9313524","40.829104_-73.905531","40.8291064_-73.9288654","40.829108_-73.918626","40.8291144_-73.9196425","40.8291248_-73.9288336","40.8291428_-73.9113991","40.82914_-73.908103","40.8291536_-73.9372824","40.8291565_-73.9287826","40.829171_-74.012035","40.8291734_-73.983301","40.829179_-73.9154596","40.829186_-73.928756","40.8291938_-73.9287263","40.8292096_-73.98953","40.8292256_-73.935213","40.8292345_-73.9286698","40.8292687_-73.9286238","40.8292921_-73.951777","40.829302_-73.939729","40.829341_-73.9290059","40.8293438_-73.9518961","40.8293573_-73.928506","40.829392_-73.939689","40.8294124_-73.9315382","40.829419_-73.912255","40.8294451_-73.9419432","40.829452_-73.906571","40.82946_-73.976233","40.8294714_-73.9162997","40.8294776_-73.9718874","40.829481_-73.939668","40.829483_-73.993699","40.8294843_-73.9283395","40.829523_-73.924972","40.829529_-73.9516","40.829565_-73.9209836","40.8295736_-73.9480915","40.8295819_-73.9517206","40.8295858_-73.9500819","40.82958_-73.939662","40.8295908_-73.9282002","40.8295922_-73.9352284","40.829592_-73.909482","40.829592_-73.9481352","40.8296348_-73.9310473","40.8296401_-73.9443743")
done
123.52user 810.90system 1:14:29elapsed 20%CPU (0avgtext+0avgdata 52248maxresident)k
716408inputs+48outputs (5major+28337minor)pagefaults 0swaps
