40.702784_-73.946907
40.7027873_-74.0084033
40.7027935_-73.9634243
40.702799_-73.913644
40.7028076_-73.9076849
40.7028113_-74.0123681
40.70281_-73.925389
40.702831_-73.9676837
40.7028353_-74.0142838
40.7028362_-74.0119887
40.7028374_-73.9944161
40.702838_-73.905284
40.7028489_-73.990688
40.702849_-73.933523
40.7028755_-74.007935
40.7028765_-73.9947849
40.7028847_-74.0080284
40.702895_-73.944217
40.7029099_-73.9947658
40.702909_-73.981124
40.7029113_-74.0143332
40.7029119_-73.986648
40.7029142_-73.9943747
40.7029156_-73.9946384
40.7029157_-73.9182576
40.702916_-73.977152
40.7029171_-73.9795963
40.7029325_-74.0078518
40.70294_-73.950247
40.702953_-73.91705
40.702957_-73.9672584
40.702959_-74.011505
40.7029639_-73.9945065
40.7029654_-73.982742
40.7029723_-73.9883646
40.7029777_-73.9886304
40.7029784_-74.0143675
40.7029848_-73.994711
40.702987_-73.945855
40.702992_-73.9946486
40.702998_-73.911067
40.7030006_-74.0077928
40.70301_-73.964296
40.7030325_-73.984663
40.703032_-73.959889
40.703035_-73.9802132
40.7030412_-74.0077768
40.7030413_-74.012982
40.7030473_-74.0079854
40.703047_-73.929843
40.703052_-73.98067
40.703053_-73.942495
40.703063_-73.981111
40.7030658_-74.0144067
40.703075_-73.956985
40.7030876_-74.0077976
40.7031019_-73.9599604
40.7031063_-73.9866436
40.7031131_-73.9659296
40.7031157_-73.9884451
40.7031174_-74.0130041
40.703122_-73.964426
40.7031268_-73.9215683
40.7031344_-74.013715
40.7031346_-73.9875906
40.7031352_-74.0128898
40.7031454_-73.987902
40.703147_-73.9658847
40.7031516_-74.0144384
40.703151_-74.0125392
40.7031643_-73.9887419
40.7031657_-74.0078454
40.703171_-73.932698
40.7031766_-74.0130162
40.7031817_-73.994146
40.703181_-73.953812
40.703189_-74.00798
40.7031913_-73.9597995
40.7031942_-73.9658153
40.7031971_-73.9895234
40.703207_-74.01257
40.7032086_-74.014449
40.703208_-73.946251
40.7032139_-73.967363
40.703223_-73.94078
40.7032275_-73.987949
40.7032294_-74.0078405
40.703239_-73.914386
40.703239_-73.92614
40.7032421_-74.0103882
40.703243_-73.934562
40.7032441_-73.9906658
40.7032508_-73.9846514
40.703255_-73.9885269
40.70325_-73.908432
40.7032622_-73.9319725
40.7032627_-74.0144503
40.703277_-73.906024
40.7032832_-73.9918182
40.703287_-73.950641
40.7032928_-73.9376083
40.7032931_-74.0102043
40.7032952_-73.9319551
40.7033011_-74.0073589
40.7033011_-74.007582
40.703305_-73.93423
40.7033107_-73.9925823
40.7033144_-74.0077655
40.7033245_-73.9930575
40.7033259_-74.0101315
40.703327_-73.9319474
40.7033315_-74.0144502
40.7033401_-73.9190129
40.703351_-73.947539
40.702784_-73.946907
40.7027873_-74.0084033
40.7027935_-73.9634243
40.702799_-73.913644
40.7028076_-73.9076849
40.7028113_-74.0123681
40.70281_-73.925389
40.702831_-73.9676837
40.7028353_-74.0142838
40.7028362_-74.0119887
40.7028374_-73.9944161
40.702838_-73.905284
40.7028489_-73.990688
40.702849_-73.933523
40.7028755_-74.007935
40.7028765_-73.9947849
40.7028847_-74.0080284
40.702895_-73.944217
40.7029099_-73.9947658
40.702909_-73.981124
40.7029113_-74.0143332
40.7029119_-73.986648
40.7029142_-73.9943747
40.7029156_-73.9946384
40.7029157_-73.9182576
40.702916_-73.977152
40.7029171_-73.9795963
40.7029325_-74.0078518
40.70294_-73.950247
40.702953_-73.91705
40.702957_-73.9672584
40.702959_-74.011505
40.7029639_-73.9945065
40.7029654_-73.982742
40.7029723_-73.9883646
40.7029777_-73.9886304
40.7029784_-74.0143675
40.7029848_-73.994711
40.702987_-73.945855
40.702992_-73.9946486
40.702998_-73.911067
40.7030006_-74.0077928
40.70301_-73.964296
40.7030325_-73.984663
40.703032_-73.959889
40.703035_-73.9802132
40.7030412_-74.0077768
40.7030413_-74.012982
40.7030473_-74.0079854
40.703047_-73.929843
40.703052_-73.98067
40.703053_-73.942495
40.703063_-73.981111
40.7030658_-74.0144067
40.703075_-73.956985
40.7030876_-74.0077976
40.7031019_-73.9599604
40.7031063_-73.9866436
40.7031131_-73.9659296
40.7031157_-73.9884451
40.7031174_-74.0130041
40.703122_-73.964426
40.7031268_-73.9215683
40.7031344_-74.013715
40.7031346_-73.9875906
40.7031352_-74.0128898
40.7031454_-73.987902
40.703147_-73.9658847
40.7031516_-74.0144384
40.703151_-74.0125392
40.7031643_-73.9887419
40.7031657_-74.0078454
40.703171_-73.932698
40.7031766_-74.0130162
40.7031817_-73.994146
40.703181_-73.953812
40.703189_-74.00798
40.7031913_-73.9597995
40.7031942_-73.9658153
40.7031971_-73.9895234
40.703207_-74.01257
40.7032086_-74.014449
40.703208_-73.946251
40.7032139_-73.967363
40.703223_-73.94078
40.7032275_-73.987949
40.7032294_-74.0078405
40.703239_-73.914386
40.703239_-73.92614
40.7032421_-74.0103882
40.703243_-73.934562
40.7032441_-73.9906658
40.7032508_-73.9846514
40.703255_-73.9885269
40.70325_-73.908432
40.7032622_-73.9319725
40.7032627_-74.0144503
40.703277_-73.906024
40.7032832_-73.9918182
40.703287_-73.950641
40.7032928_-73.9376083
40.7032931_-74.0102043
40.7032952_-73.9319551
40.7033011_-74.0073589
40.7033011_-74.007582
40.703305_-73.93423
40.7033107_-73.9925823
40.7033144_-74.0077655
40.7033245_-73.9930575
40.7033259_-74.0101315
40.703327_-73.9319474
40.7033315_-74.0144502
40.7033401_-73.9190129
40.703351_-73.947539
("40.702784_-73.946907","40.7027873_-74.0084033","40.7027935_-73.9634243","40.702799_-73.913644","40.7028076_-73.9076849","40.7028113_-74.0123681","40.70281_-73.925389","40.702831_-73.9676837","40.7028353_-74.0142838","40.7028362_-74.0119887","40.7028374_-73.9944161","40.702838_-73.905284","40.7028489_-73.990688","40.702849_-73.933523","40.7028755_-74.007935","40.7028765_-73.9947849","40.7028847_-74.0080284","40.702895_-73.944217","40.7029099_-73.9947658","40.702909_-73.981124","40.7029113_-74.0143332","40.7029119_-73.986648","40.7029142_-73.9943747","40.7029156_-73.9946384","40.7029157_-73.9182576","40.702916_-73.977152","40.7029171_-73.9795963","40.7029325_-74.0078518","40.70294_-73.950247","40.702953_-73.91705","40.702957_-73.9672584","40.702959_-74.011505","40.7029639_-73.9945065","40.7029654_-73.982742","40.7029723_-73.9883646","40.7029777_-73.9886304","40.7029784_-74.0143675","40.7029848_-73.994711","40.702987_-73.945855","40.702992_-73.9946486","40.702998_-73.911067","40.7030006_-74.0077928","40.70301_-73.964296","40.7030325_-73.984663","40.703032_-73.959889","40.703035_-73.9802132","40.7030412_-74.0077768","40.7030413_-74.012982","40.7030473_-74.0079854","40.703047_-73.929843","40.703052_-73.98067","40.703053_-73.942495","40.703063_-73.981111","40.7030658_-74.0144067","40.703075_-73.956985","40.7030876_-74.0077976","40.7031019_-73.9599604","40.7031063_-73.9866436","40.7031131_-73.9659296","40.7031157_-73.9884451","40.7031174_-74.0130041","40.703122_-73.964426","40.7031268_-73.9215683","40.7031344_-74.013715","40.7031346_-73.9875906","40.7031352_-74.0128898","40.7031454_-73.987902","40.703147_-73.9658847","40.7031516_-74.0144384","40.703151_-74.0125392","40.7031643_-73.9887419","40.7031657_-74.0078454","40.703171_-73.932698","40.7031766_-74.0130162","40.7031817_-73.994146","40.703181_-73.953812","40.703189_-74.00798","40.7031913_-73.9597995","40.7031942_-73.9658153","40.7031971_-73.9895234","40.703207_-74.01257","40.7032086_-74.014449","40.703208_-73.946251","40.7032139_-73.967363","40.703223_-73.94078","40.7032275_-73.987949","40.7032294_-74.0078405","40.703239_-73.914386","40.703239_-73.92614","40.7032421_-74.0103882","40.703243_-73.934562","40.7032441_-73.9906658","40.7032508_-73.9846514","40.703255_-73.9885269","40.70325_-73.908432","40.7032622_-73.9319725","40.7032627_-74.0144503","40.703277_-73.906024","40.7032832_-73.9918182","40.703287_-73.950641","40.7032928_-73.9376083","40.7032931_-74.0102043","40.7032952_-73.9319551","40.7033011_-74.0073589","40.7033011_-74.007582","40.703305_-73.93423","40.7033107_-73.9925823","40.7033144_-74.0077655","40.7033245_-73.9930575","40.7033259_-74.0101315","40.703327_-73.9319474","40.7033315_-74.0144502","40.7033401_-73.9190129","40.703351_-73.947539")
done
146.07user 807.17system 1:13:22elapsed 21%CPU (0avgtext+0avgdata 53964maxresident)k
652376inputs+48outputs (1major+28103minor)pagefaults 0swaps
