40.8386023_-73.9295834
40.8386206_-73.946595
40.838625_-73.927092
40.8386412_-73.913834
40.838654_-73.970221
40.8386599_-73.9398546
40.838668_-73.93665
40.8386781_-73.9064761
40.8386794_-73.913372
40.8386821_-73.9377692
40.8386825_-73.9395505
40.838685_-73.922977
40.8386898_-73.9218303
40.8387059_-73.9140003
40.838709_-73.909882
40.838714_-73.919974
40.838717_-73.984162
40.8387222_-73.9298264
40.8387417_-73.9299723
40.8387426_-73.9396505
40.8387485_-73.9135502
40.838771_-73.928139
40.8387798_-73.9216469
40.8388006_-73.93987
40.8388117_-73.9137138
40.838854_-73.9333342
40.8388731_-73.9138769
40.8388763_-73.9464341
40.838895_-73.996573
40.8389074_-73.9216828
40.8389087_-73.9456187
40.8389209_-73.9215536
40.8389252_-73.9145658
40.838948_-73.916429
40.83896_-73.9123349
40.838974_-73.974488
40.838982_-73.918592
40.8389868_-73.9216335
40.838987_-73.935238
40.838998_-73.910724
40.839038_-73.978575
40.8390938_-73.9144485
40.839094_-73.98174
40.839096_-73.993504
40.8391143_-73.9147274
40.8391163_-73.9214327
40.8391204_-73.9463368
40.8391249_-73.9150761
40.8391273_-73.9351255
40.839129_-74.001876
40.8391592_-73.9088797
40.8391601_-73.9410885
40.8391604_-73.9702148
40.839174_-73.943465
40.8391816_-73.9411376
40.8391999_-73.9454681
40.8392161_-73.9701336
40.839232_-73.945543
40.839233_-73.92578
40.8392425_-73.9412769
40.8392432_-73.9151043
40.8392485_-73.9152977
40.839271_-73.922559
40.8392751_-73.9038201
40.8392751_-73.9350434
40.8392818_-73.9149395
40.8392908_-73.9038697
40.8392951_-73.9373385
40.839296_-73.939239
40.8393163_-73.9150551
40.8393425_-73.9399028
40.839352_-73.9371285
40.8393604_-73.90411
40.8393619_-73.9152698
40.8393644_-73.9214501
40.8393996_-73.9155228
40.839408_-73.9350082
40.839414_-73.921321
40.839441_-73.9399053
40.839453_-73.912079
40.8394582_-73.9214337
40.8394631_-73.9372062
40.839478_-73.971727
40.839484_-73.93604
40.839487_-73.995987
40.8394_-73.926287
40.8395024_-73.9045362
40.839522_-73.9361267
40.8395396_-73.9349953
40.8395435_-73.9213066
40.839557_-73.905769
40.839564_-73.989496
40.8395674_-73.9159531
40.8395698_-73.9398826
40.839607_-73.918137
40.8396118_-73.9466063
40.8396416_-73.946129
40.839663_-73.9456138
40.839668_-73.934995
40.8397009_-73.921405
40.839728_-73.9212851
40.8397413_-73.9056594
40.8397572_-73.9129725
40.839769_-73.905383
40.8397775_-73.9325928
40.839802_-73.928659
40.839831_-73.92391
40.839832_-73.983041
40.8398471_-73.9405865
40.839864_-73.9369058
40.8398653_-73.9132899
40.8398706_-73.9406403
40.839881_-73.916783
40.8398929_-73.9286715
40.8386023_-73.9295834
40.8386206_-73.946595
40.838625_-73.927092
40.8386412_-73.913834
40.838654_-73.970221
40.8386599_-73.9398546
40.838668_-73.93665
40.8386781_-73.9064761
40.8386794_-73.913372
40.8386821_-73.9377692
40.8386825_-73.9395505
40.838685_-73.922977
40.8386898_-73.9218303
40.8387059_-73.9140003
40.838709_-73.909882
40.838714_-73.919974
40.838717_-73.984162
40.8387222_-73.9298264
40.8387417_-73.9299723
40.8387426_-73.9396505
40.8387485_-73.9135502
40.838771_-73.928139
40.8387798_-73.9216469
40.8388006_-73.93987
40.8388117_-73.9137138
40.838854_-73.9333342
40.8388731_-73.9138769
40.8388763_-73.9464341
40.838895_-73.996573
40.8389074_-73.9216828
40.8389087_-73.9456187
40.8389209_-73.9215536
40.8389252_-73.9145658
40.838948_-73.916429
40.83896_-73.9123349
40.838974_-73.974488
40.838982_-73.918592
40.8389868_-73.9216335
40.838987_-73.935238
40.838998_-73.910724
40.839038_-73.978575
40.8390938_-73.9144485
40.839094_-73.98174
40.839096_-73.993504
40.8391143_-73.9147274
40.8391163_-73.9214327
40.8391204_-73.9463368
40.8391249_-73.9150761
40.8391273_-73.9351255
40.839129_-74.001876
40.8391592_-73.9088797
40.8391601_-73.9410885
40.8391604_-73.9702148
40.839174_-73.943465
40.8391816_-73.9411376
40.8391999_-73.9454681
40.8392161_-73.9701336
40.839232_-73.945543
40.839233_-73.92578
40.8392425_-73.9412769
40.8392432_-73.9151043
40.8392485_-73.9152977
40.839271_-73.922559
40.8392751_-73.9038201
40.8392751_-73.9350434
40.8392818_-73.9149395
40.8392908_-73.9038697
40.8392951_-73.9373385
40.839296_-73.939239
40.8393163_-73.9150551
40.8393425_-73.9399028
40.839352_-73.9371285
40.8393604_-73.90411
40.8393619_-73.9152698
40.8393644_-73.9214501
40.8393996_-73.9155228
40.839408_-73.9350082
40.839414_-73.921321
40.839441_-73.9399053
40.839453_-73.912079
40.8394582_-73.9214337
40.8394631_-73.9372062
40.839478_-73.971727
40.839484_-73.93604
40.839487_-73.995987
40.8394_-73.926287
40.8395024_-73.9045362
40.839522_-73.9361267
40.8395396_-73.9349953
40.8395435_-73.9213066
40.839557_-73.905769
40.839564_-73.989496
40.8395674_-73.9159531
40.8395698_-73.9398826
40.839607_-73.918137
40.8396118_-73.9466063
40.8396416_-73.946129
40.839663_-73.9456138
40.839668_-73.934995
40.8397009_-73.921405
40.839728_-73.9212851
40.8397413_-73.9056594
40.8397572_-73.9129725
40.839769_-73.905383
40.8397775_-73.9325928
40.839802_-73.928659
40.839831_-73.92391
40.839832_-73.983041
40.8398471_-73.9405865
40.839864_-73.9369058
40.8398653_-73.9132899
40.8398706_-73.9406403
40.839881_-73.916783
40.8398929_-73.9286715
("40.8386023_-73.9295834","40.8386206_-73.946595","40.838625_-73.927092","40.8386412_-73.913834","40.838654_-73.970221","40.8386599_-73.9398546","40.838668_-73.93665","40.8386781_-73.9064761","40.8386794_-73.913372","40.8386821_-73.9377692","40.8386825_-73.9395505","40.838685_-73.922977","40.8386898_-73.9218303","40.8387059_-73.9140003","40.838709_-73.909882","40.838714_-73.919974","40.838717_-73.984162","40.8387222_-73.9298264","40.8387417_-73.9299723","40.8387426_-73.9396505","40.8387485_-73.9135502","40.838771_-73.928139","40.8387798_-73.9216469","40.8388006_-73.93987","40.8388117_-73.9137138","40.838854_-73.9333342","40.8388731_-73.9138769","40.8388763_-73.9464341","40.838895_-73.996573","40.8389074_-73.9216828","40.8389087_-73.9456187","40.8389209_-73.9215536","40.8389252_-73.9145658","40.838948_-73.916429","40.83896_-73.9123349","40.838974_-73.974488","40.838982_-73.918592","40.8389868_-73.9216335","40.838987_-73.935238","40.838998_-73.910724","40.839038_-73.978575","40.8390938_-73.9144485","40.839094_-73.98174","40.839096_-73.993504","40.8391143_-73.9147274","40.8391163_-73.9214327","40.8391204_-73.9463368","40.8391249_-73.9150761","40.8391273_-73.9351255","40.839129_-74.001876","40.8391592_-73.9088797","40.8391601_-73.9410885","40.8391604_-73.9702148","40.839174_-73.943465","40.8391816_-73.9411376","40.8391999_-73.9454681","40.8392161_-73.9701336","40.839232_-73.945543","40.839233_-73.92578","40.8392425_-73.9412769","40.8392432_-73.9151043","40.8392485_-73.9152977","40.839271_-73.922559","40.8392751_-73.9038201","40.8392751_-73.9350434","40.8392818_-73.9149395","40.8392908_-73.9038697","40.8392951_-73.9373385","40.839296_-73.939239","40.8393163_-73.9150551","40.8393425_-73.9399028","40.839352_-73.9371285","40.8393604_-73.90411","40.8393619_-73.9152698","40.8393644_-73.9214501","40.8393996_-73.9155228","40.839408_-73.9350082","40.839414_-73.921321","40.839441_-73.9399053","40.839453_-73.912079","40.8394582_-73.9214337","40.8394631_-73.9372062","40.839478_-73.971727","40.839484_-73.93604","40.839487_-73.995987","40.8394_-73.926287","40.8395024_-73.9045362","40.839522_-73.9361267","40.8395396_-73.9349953","40.8395435_-73.9213066","40.839557_-73.905769","40.839564_-73.989496","40.8395674_-73.9159531","40.8395698_-73.9398826","40.839607_-73.918137","40.8396118_-73.9466063","40.8396416_-73.946129","40.839663_-73.9456138","40.839668_-73.934995","40.8397009_-73.921405","40.839728_-73.9212851","40.8397413_-73.9056594","40.8397572_-73.9129725","40.839769_-73.905383","40.8397775_-73.9325928","40.839802_-73.928659","40.839831_-73.92391","40.839832_-73.983041","40.8398471_-73.9405865","40.839864_-73.9369058","40.8398653_-73.9132899","40.8398706_-73.9406403","40.839881_-73.916783","40.8398929_-73.9286715")
done
127.93user 819.76system 1:14:49elapsed 21%CPU (0avgtext+0avgdata 51820maxresident)k
254928inputs+48outputs (3major+28235minor)pagefaults 0swaps
