40.7340818_-73.9777163
40.7340832_-73.9831304
40.7340859_-73.9523427
40.734094_-74.008491
40.73411_-73.9777817
40.7341219_-73.9439372
40.734134_-73.999188
40.7341368_-73.9582923
40.734149_-73.999019
40.7341873_-73.9382784
40.7341875_-73.9751269
40.7341883_-73.9378469
40.7341924_-73.9751769
40.7341935_-73.9749525
40.7341962_-73.9748732
40.7341993_-73.9752241
40.7342127_-73.9752774
40.734224_-73.949803
40.7342309_-73.9997137
40.734232_-73.906899
40.7342344_-73.9753343
40.7342523_-73.9753722
40.734252_-74.00297
40.734261_-73.983549
40.7342725_-73.9997331
40.7342798_-73.9754188
40.734279_-73.92045
40.734288_-73.94305
40.734296_-74.007162
40.7343109_-73.9997543
40.7343126_-73.9754614
40.7343164_-73.9898732
40.734334_-73.9378305
40.7343394_-73.999769
40.734339_-73.910239
40.7343412_-73.9754956
40.7343413_-74.002395
40.734345_-73.935866
40.7343702_-73.9997878
40.7343727_-73.938036
40.7344016_-73.9897642
40.7344237_-73.9380909
40.7344247_-73.9803082
40.734439_-74.006181
40.7344462_-73.9839875
40.734449_-73.920418
40.734453_-73.907773
40.7344551_-73.95496
40.7344556_-73.9898982
40.734477_-74.008462
40.7344791_-73.9804325
40.734483_-74.001389
40.7344955_-73.9524469
40.7345067_-73.9900267
40.7345068_-73.9394266
40.7345159_-73.9523046
40.734532_-73.992266
40.7345431_-74.01004
40.7345502_-73.9899176
40.7345806_-73.93739
40.7345989_-73.938285
40.734598_-73.984347
40.7346018_-73.952496
40.7346191_-73.9862156
40.7346251_-73.9216748
40.7346326_-73.9789894
40.734633_-73.905736
40.7346427_-73.9228225
40.734659_-73.988286
40.7346636_-74.004682
40.73466_-74.004748
40.734671_-73.920377
40.7346729_-73.9527294
40.734672_-73.994585
40.734677_-73.908647
40.7346836_-73.9758065
40.7346852_-73.922615
40.734688_-73.999973
40.7346915_-73.9600571
40.7346947_-73.990781
40.7347045_-73.9523493
40.7347095_-73.9526462
40.7347337_-73.9905653
40.7347502_-73.9450394
40.7347504_-73.9523625
40.7347525_-73.9906074
40.7347539_-73.9201692
40.7347739_-73.9749846
40.7347825_-73.9376813
40.734783_-73.999248
40.734784_-73.998714
40.734791_-74.008436
40.7348086_-73.9396935
40.734816_-73.9907524
40.7348315_-73.92313
40.734839_-73.998873
40.734844_-73.958408
40.7348457_-73.9908242
40.7348463_-73.9583837
40.734846_-73.983122
40.734865_-73.906607
40.7348677_-73.9906301
40.7348786_-73.9770989
40.7348802_-73.9771393
40.7348808_-73.9770612
40.7348858_-73.9770281
40.7348876_-73.9771787
40.7348913_-73.975995
40.7348934_-73.9772084
40.734896_-73.976984
40.734896_-74.003154
40.7349022_-73.9343879
40.7349062_-73.9772472
40.7349106_-73.9769475
40.7340818_-73.9777163
40.7340832_-73.9831304
40.7340859_-73.9523427
40.734094_-74.008491
40.73411_-73.9777817
40.7341219_-73.9439372
40.734134_-73.999188
40.7341368_-73.9582923
40.734149_-73.999019
40.7341873_-73.9382784
40.7341875_-73.9751269
40.7341883_-73.9378469
40.7341924_-73.9751769
40.7341935_-73.9749525
40.7341962_-73.9748732
40.7341993_-73.9752241
40.7342127_-73.9752774
40.734224_-73.949803
40.7342309_-73.9997137
40.734232_-73.906899
40.7342344_-73.9753343
40.7342523_-73.9753722
40.734252_-74.00297
40.734261_-73.983549
40.7342725_-73.9997331
40.7342798_-73.9754188
40.734279_-73.92045
40.734288_-73.94305
40.734296_-74.007162
40.7343109_-73.9997543
40.7343126_-73.9754614
40.7343164_-73.9898732
40.734334_-73.9378305
40.7343394_-73.999769
40.734339_-73.910239
40.7343412_-73.9754956
40.7343413_-74.002395
40.734345_-73.935866
40.7343702_-73.9997878
40.7343727_-73.938036
40.7344016_-73.9897642
40.7344237_-73.9380909
40.7344247_-73.9803082
40.734439_-74.006181
40.7344462_-73.9839875
40.734449_-73.920418
40.734453_-73.907773
40.7344551_-73.95496
40.7344556_-73.9898982
40.734477_-74.008462
40.7344791_-73.9804325
40.734483_-74.001389
40.7344955_-73.9524469
40.7345067_-73.9900267
40.7345068_-73.9394266
40.7345159_-73.9523046
40.734532_-73.992266
40.7345431_-74.01004
40.7345502_-73.9899176
40.7345806_-73.93739
40.7345989_-73.938285
40.734598_-73.984347
40.7346018_-73.952496
40.7346191_-73.9862156
40.7346251_-73.9216748
40.7346326_-73.9789894
40.734633_-73.905736
40.7346427_-73.9228225
40.734659_-73.988286
40.7346636_-74.004682
40.73466_-74.004748
40.734671_-73.920377
40.7346729_-73.9527294
40.734672_-73.994585
40.734677_-73.908647
40.7346836_-73.9758065
40.7346852_-73.922615
40.734688_-73.999973
40.7346915_-73.9600571
40.7346947_-73.990781
40.7347045_-73.9523493
40.7347095_-73.9526462
40.7347337_-73.9905653
40.7347502_-73.9450394
40.7347504_-73.9523625
40.7347525_-73.9906074
40.7347539_-73.9201692
40.7347739_-73.9749846
40.7347825_-73.9376813
40.734783_-73.999248
40.734784_-73.998714
40.734791_-74.008436
40.7348086_-73.9396935
40.734816_-73.9907524
40.7348315_-73.92313
40.734839_-73.998873
40.734844_-73.958408
40.7348457_-73.9908242
40.7348463_-73.9583837
40.734846_-73.983122
40.734865_-73.906607
40.7348677_-73.9906301
40.7348786_-73.9770989
40.7348802_-73.9771393
40.7348808_-73.9770612
40.7348858_-73.9770281
40.7348876_-73.9771787
40.7348913_-73.975995
40.7348934_-73.9772084
40.734896_-73.976984
40.734896_-74.003154
40.7349022_-73.9343879
40.7349062_-73.9772472
40.7349106_-73.9769475
("40.7340818_-73.9777163","40.7340832_-73.9831304","40.7340859_-73.9523427","40.734094_-74.008491","40.73411_-73.9777817","40.7341219_-73.9439372","40.734134_-73.999188","40.7341368_-73.9582923","40.734149_-73.999019","40.7341873_-73.9382784","40.7341875_-73.9751269","40.7341883_-73.9378469","40.7341924_-73.9751769","40.7341935_-73.9749525","40.7341962_-73.9748732","40.7341993_-73.9752241","40.7342127_-73.9752774","40.734224_-73.949803","40.7342309_-73.9997137","40.734232_-73.906899","40.7342344_-73.9753343","40.7342523_-73.9753722","40.734252_-74.00297","40.734261_-73.983549","40.7342725_-73.9997331","40.7342798_-73.9754188","40.734279_-73.92045","40.734288_-73.94305","40.734296_-74.007162","40.7343109_-73.9997543","40.7343126_-73.9754614","40.7343164_-73.9898732","40.734334_-73.9378305","40.7343394_-73.999769","40.734339_-73.910239","40.7343412_-73.9754956","40.7343413_-74.002395","40.734345_-73.935866","40.7343702_-73.9997878","40.7343727_-73.938036","40.7344016_-73.9897642","40.7344237_-73.9380909","40.7344247_-73.9803082","40.734439_-74.006181","40.7344462_-73.9839875","40.734449_-73.920418","40.734453_-73.907773","40.7344551_-73.95496","40.7344556_-73.9898982","40.734477_-74.008462","40.7344791_-73.9804325","40.734483_-74.001389","40.7344955_-73.9524469","40.7345067_-73.9900267","40.7345068_-73.9394266","40.7345159_-73.9523046","40.734532_-73.992266","40.7345431_-74.01004","40.7345502_-73.9899176","40.7345806_-73.93739","40.7345989_-73.938285","40.734598_-73.984347","40.7346018_-73.952496","40.7346191_-73.9862156","40.7346251_-73.9216748","40.7346326_-73.9789894","40.734633_-73.905736","40.7346427_-73.9228225","40.734659_-73.988286","40.7346636_-74.004682","40.73466_-74.004748","40.734671_-73.920377","40.7346729_-73.9527294","40.734672_-73.994585","40.734677_-73.908647","40.7346836_-73.9758065","40.7346852_-73.922615","40.734688_-73.999973","40.7346915_-73.9600571","40.7346947_-73.990781","40.7347045_-73.9523493","40.7347095_-73.9526462","40.7347337_-73.9905653","40.7347502_-73.9450394","40.7347504_-73.9523625","40.7347525_-73.9906074","40.7347539_-73.9201692","40.7347739_-73.9749846","40.7347825_-73.9376813","40.734783_-73.999248","40.734784_-73.998714","40.734791_-74.008436","40.7348086_-73.9396935","40.734816_-73.9907524","40.7348315_-73.92313","40.734839_-73.998873","40.734844_-73.958408","40.7348457_-73.9908242","40.7348463_-73.9583837","40.734846_-73.983122","40.734865_-73.906607","40.7348677_-73.9906301","40.7348786_-73.9770989","40.7348802_-73.9771393","40.7348808_-73.9770612","40.7348858_-73.9770281","40.7348876_-73.9771787","40.7348913_-73.975995","40.7348934_-73.9772084","40.734896_-73.976984","40.734896_-74.003154","40.7349022_-73.9343879","40.7349062_-73.9772472","40.7349106_-73.9769475")
done
144.03user 815.10system 1:14:02elapsed 21%CPU (0avgtext+0avgdata 80448maxresident)k
883192inputs+102360outputs (46major+40938minor)pagefaults 0swaps
