40.740431_-73.957454
40.740436_-73.92304
40.7404387_-73.9524278
40.740442_-73.994593
40.7404444_-73.9499179
40.7404482_-74.0090873
40.7404539_-73.9362932
40.7404549_-73.9372302
40.7404552_-74.0020106
40.7404719_-73.9772937
40.74047_-73.998287
40.7404893_-73.9443705
40.7404968_-73.9296666
40.7404991_-74.0100994
40.740503_-73.942523
40.7405213_-73.9893923
40.7405394_-73.9381694
40.7405414_-73.9892576
40.7405433_-73.9372204
40.7405446_-74.0113096
40.7405549_-73.9523885
40.740554_-73.9529887
40.7405558_-73.906997
40.7405677_-73.9384619
40.74056_-73.914438
40.7405783_-74.0090186
40.7405797_-73.9523801
40.7405899_-73.9547407
40.7405905_-73.9893736
40.7405906_-73.944295
40.7405989_-73.9306051
40.740626_-73.9073471
40.7406329_-73.954529
40.7406335_-73.9448093
40.740644_-73.9758
40.7406595_-73.9536968
40.7406682_-73.9510455
40.7406682_-73.9893521
40.7406713_-73.9728988
40.7406729_-73.9895719
40.7406846_-73.954018
40.740688_-73.9759109
40.740704_-73.9473783
40.7407064_-73.9315275
40.7407068_-73.9511729
40.7407187_-73.9512319
40.740729_-73.915384
40.7407313_-74.00896
40.7407336_-73.9725655
40.740733_-73.981762
40.7407397_-73.9730442
40.7407443_-73.9447732
40.7407443_-73.9452277
40.740745_-73.907784
40.7407496_-73.9401152
40.740751_-73.979912
40.7407569_-73.9730397
40.7407904_-73.9593354
40.74079_-73.983812
40.7408139_-73.9324515
40.7408224_-73.9158599
40.7408271_-73.9517933
40.7408505_-74.0051265
40.7408515_-73.9451632
40.740853_-73.985879
40.7408581_-73.9164352
40.74085_-73.9457163
40.7408627_-73.9163076
40.7408634_-73.9726487
40.7408665_-73.9161864
40.7408836_-73.9879839
40.74088_-73.99007
40.74089_-73.922002
40.7409096_-73.9522682
40.740909_-73.944689
40.740913_-73.940916
40.740921_-73.9333803
40.7409351_-73.9386163
40.740936_-73.94484
40.740941_-73.982254
40.740942_-74.007483
40.740945_-74.005366
40.7409507_-73.9172378
40.7409556_-73.9746297
40.7409585_-73.9822956
40.7409648_-73.9456789
40.741031_-73.994165
40.7410379_-73.934312
40.741038_-73.9786326
40.7410543_-73.9181651
40.741056_-73.997862
40.7410664_-73.9607909
40.7410701_-73.9531156
40.7410838_-74.0053798
40.74108_-74.001555
40.7411033_-73.9729863
40.7411209_-73.9727953
40.741135_-73.935235
40.7411513_-73.9607746
40.7411527_-73.9496909
40.7411571_-73.959208
40.7411588_-73.9387315
40.7411612_-73.9191018
40.7411722_-73.9497892
40.7411816_-73.9423002
40.7412029_-73.9474839
40.74121_-73.9538935
40.741223_-74.0050583
40.7412241_-73.9539718
40.7412385_-73.9361122
40.741242_-73.942596
40.7412558_-73.9891898
40.7412575_-73.9524178
40.7412693_-73.9521472
40.740431_-73.957454
40.740436_-73.92304
40.7404387_-73.9524278
40.740442_-73.994593
40.7404444_-73.9499179
40.7404482_-74.0090873
40.7404539_-73.9362932
40.7404549_-73.9372302
40.7404552_-74.0020106
40.7404719_-73.9772937
40.74047_-73.998287
40.7404893_-73.9443705
40.7404968_-73.9296666
40.7404991_-74.0100994
40.740503_-73.942523
40.7405213_-73.9893923
40.7405394_-73.9381694
40.7405414_-73.9892576
40.7405433_-73.9372204
40.7405446_-74.0113096
40.7405549_-73.9523885
40.740554_-73.9529887
40.7405558_-73.906997
40.7405677_-73.9384619
40.74056_-73.914438
40.7405783_-74.0090186
40.7405797_-73.9523801
40.7405899_-73.9547407
40.7405905_-73.9893736
40.7405906_-73.944295
40.7405989_-73.9306051
40.740626_-73.9073471
40.7406329_-73.954529
40.7406335_-73.9448093
40.740644_-73.9758
40.7406595_-73.9536968
40.7406682_-73.9510455
40.7406682_-73.9893521
40.7406713_-73.9728988
40.7406729_-73.9895719
40.7406846_-73.954018
40.740688_-73.9759109
40.740704_-73.9473783
40.7407064_-73.9315275
40.7407068_-73.9511729
40.7407187_-73.9512319
40.740729_-73.915384
40.7407313_-74.00896
40.7407336_-73.9725655
40.740733_-73.981762
40.7407397_-73.9730442
40.7407443_-73.9447732
40.7407443_-73.9452277
40.740745_-73.907784
40.7407496_-73.9401152
40.740751_-73.979912
40.7407569_-73.9730397
40.7407904_-73.9593354
40.74079_-73.983812
40.7408139_-73.9324515
40.7408224_-73.9158599
40.7408271_-73.9517933
40.7408505_-74.0051265
40.7408515_-73.9451632
40.740853_-73.985879
40.7408581_-73.9164352
40.74085_-73.9457163
40.7408627_-73.9163076
40.7408634_-73.9726487
40.7408665_-73.9161864
40.7408836_-73.9879839
40.74088_-73.99007
40.74089_-73.922002
40.7409096_-73.9522682
40.740909_-73.944689
40.740913_-73.940916
40.740921_-73.9333803
40.7409351_-73.9386163
40.740936_-73.94484
40.740941_-73.982254
40.740942_-74.007483
40.740945_-74.005366
40.7409507_-73.9172378
40.7409556_-73.9746297
40.7409585_-73.9822956
40.7409648_-73.9456789
40.741031_-73.994165
40.7410379_-73.934312
40.741038_-73.9786326
40.7410543_-73.9181651
40.741056_-73.997862
40.7410664_-73.9607909
40.7410701_-73.9531156
40.7410838_-74.0053798
40.74108_-74.001555
40.7411033_-73.9729863
40.7411209_-73.9727953
40.741135_-73.935235
40.7411513_-73.9607746
40.7411527_-73.9496909
40.7411571_-73.959208
40.7411588_-73.9387315
40.7411612_-73.9191018
40.7411722_-73.9497892
40.7411816_-73.9423002
40.7412029_-73.9474839
40.74121_-73.9538935
40.741223_-74.0050583
40.7412241_-73.9539718
40.7412385_-73.9361122
40.741242_-73.942596
40.7412558_-73.9891898
40.7412575_-73.9524178
40.7412693_-73.9521472
("40.740431_-73.957454","40.740436_-73.92304","40.7404387_-73.9524278","40.740442_-73.994593","40.7404444_-73.9499179","40.7404482_-74.0090873","40.7404539_-73.9362932","40.7404549_-73.9372302","40.7404552_-74.0020106","40.7404719_-73.9772937","40.74047_-73.998287","40.7404893_-73.9443705","40.7404968_-73.9296666","40.7404991_-74.0100994","40.740503_-73.942523","40.7405213_-73.9893923","40.7405394_-73.9381694","40.7405414_-73.9892576","40.7405433_-73.9372204","40.7405446_-74.0113096","40.7405549_-73.9523885","40.740554_-73.9529887","40.7405558_-73.906997","40.7405677_-73.9384619","40.74056_-73.914438","40.7405783_-74.0090186","40.7405797_-73.9523801","40.7405899_-73.9547407","40.7405905_-73.9893736","40.7405906_-73.944295","40.7405989_-73.9306051","40.740626_-73.9073471","40.7406329_-73.954529","40.7406335_-73.9448093","40.740644_-73.9758","40.7406595_-73.9536968","40.7406682_-73.9510455","40.7406682_-73.9893521","40.7406713_-73.9728988","40.7406729_-73.9895719","40.7406846_-73.954018","40.740688_-73.9759109","40.740704_-73.9473783","40.7407064_-73.9315275","40.7407068_-73.9511729","40.7407187_-73.9512319","40.740729_-73.915384","40.7407313_-74.00896","40.7407336_-73.9725655","40.740733_-73.981762","40.7407397_-73.9730442","40.7407443_-73.9447732","40.7407443_-73.9452277","40.740745_-73.907784","40.7407496_-73.9401152","40.740751_-73.979912","40.7407569_-73.9730397","40.7407904_-73.9593354","40.74079_-73.983812","40.7408139_-73.9324515","40.7408224_-73.9158599","40.7408271_-73.9517933","40.7408505_-74.0051265","40.7408515_-73.9451632","40.740853_-73.985879","40.7408581_-73.9164352","40.74085_-73.9457163","40.7408627_-73.9163076","40.7408634_-73.9726487","40.7408665_-73.9161864","40.7408836_-73.9879839","40.74088_-73.99007","40.74089_-73.922002","40.7409096_-73.9522682","40.740909_-73.944689","40.740913_-73.940916","40.740921_-73.9333803","40.7409351_-73.9386163","40.740936_-73.94484","40.740941_-73.982254","40.740942_-74.007483","40.740945_-74.005366","40.7409507_-73.9172378","40.7409556_-73.9746297","40.7409585_-73.9822956","40.7409648_-73.9456789","40.741031_-73.994165","40.7410379_-73.934312","40.741038_-73.9786326","40.7410543_-73.9181651","40.741056_-73.997862","40.7410664_-73.9607909","40.7410701_-73.9531156","40.7410838_-74.0053798","40.74108_-74.001555","40.7411033_-73.9729863","40.7411209_-73.9727953","40.741135_-73.935235","40.7411513_-73.9607746","40.7411527_-73.9496909","40.7411571_-73.959208","40.7411588_-73.9387315","40.7411612_-73.9191018","40.7411722_-73.9497892","40.7411816_-73.9423002","40.7412029_-73.9474839","40.74121_-73.9538935","40.741223_-74.0050583","40.7412241_-73.9539718","40.7412385_-73.9361122","40.741242_-73.942596","40.7412558_-73.9891898","40.7412575_-73.9524178","40.7412693_-73.9521472")
done
146.83user 808.20system 1:15:05elapsed 21%CPU (0avgtext+0avgdata 88564maxresident)k
920240inputs+135184outputs (58major+45108minor)pagefaults 0swaps
