40.7661894_-73.9198854
40.7662018_-73.9065329
40.7662035_-73.9350939
40.7662134_-73.9795321
40.7662163_-73.9510067
40.766217_-73.9152224
40.7662262_-73.9916293
40.7662363_-73.9197258
40.7662424_-73.9602312
40.7662444_-73.9725969
40.7662458_-73.9152839
40.7662583_-74.0190833
40.7662588_-73.9817812
40.7662785_-73.9398343
40.7662848_-73.9153671
40.766287_-73.981848
40.7662925_-73.933628
40.7663043_-73.9767034
40.7663097_-73.9199073
40.7663112_-73.9152309
40.7663321_-73.9726188
40.7663408_-73.9919023
40.7663633_-73.9397692
40.7663922_-73.9508553
40.7663979_-73.9397283
40.76639_-73.9085519
40.7664014_-73.9335394
40.7664064_-73.9041215
40.7664213_-73.9768459
40.7664224_-73.9084286
40.7664369_-73.9396821
40.766437_-73.935506
40.7664552_-73.9084988
40.7664582_-73.9726846
40.7664734_-73.9509449
40.766475_-73.937635
40.7664886_-73.9085704
40.766505_-73.994173
40.7665113_-73.9510319
40.7665146_-73.9769297
40.766522_-73.9569348
40.7665241_-73.9084428
40.7665256_-73.920602
40.766542_-73.9510178
40.7665455_-73.9161586
40.7665465_-73.9455508
40.766548_-73.9904253
40.7665531_-73.9393662
40.766557_-73.9629323
40.7665645_-73.9378881
40.7665674_-73.951016
40.7665696_-73.9865684
40.7665719_-73.9508672
40.7665762_-73.9846819
40.7665792_-73.9507157
40.7665891_-73.916016
40.7665915_-73.9510196
40.7666016_-73.9769883
40.7666073_-73.9649892
40.7666155_-73.9510372
40.7666184_-73.9669476
40.76661_-73.9866698
40.7666239_-73.9037249
40.7666253_-73.9160933
40.7666283_-73.9444745
40.7666289_-73.944532
40.7666369_-73.9508175
40.7666383_-73.9510637
40.7666434_-73.944414
40.7666453_-73.9445919
40.7666573_-73.9691718
40.7666583_-73.9510937
40.7666596_-73.9161663
40.766666_-73.930386
40.7666733_-73.944364
40.7666757_-73.951129
40.7666793_-73.9690336
40.7666869_-73.9966193
40.7666874_-73.916044
40.7666877_-73.951159
40.7667011_-73.9512172
40.7667023_-73.9446639
40.7667067_-73.9512479
40.7667073_-73.9453753
40.7667104_-73.9443327
40.7667137_-73.9285554
40.7667142_-73.9671748
40.7667144_-73.9966849
40.7667155_-73.9828783
40.7667158_-73.951309
40.7667182_-73.9507599
40.7667187_-73.969127
40.7667278_-73.9513478
40.766731_-73.9332712
40.7667327_-73.9770154
40.7667393_-73.9817729
40.766741_-73.9093655
40.7667452_-73.9514025
40.7667472_-73.9384048
40.7667509_-73.9446831
40.7667522_-73.9728852
40.7667528_-73.9259732
40.7667573_-73.9443178
40.7667651_-73.9384554
40.766767_-73.971189
40.7667718_-73.9091773
40.7667723_-73.9692542
40.7667784_-73.9505791
40.7667792_-73.9690828
40.7667806_-73.920393
40.7667938_-73.9969079
40.766799_-73.9446788
40.766805_-73.945193
40.7668141_-73.9770139
40.7661894_-73.9198854
40.7662018_-73.9065329
40.7662035_-73.9350939
40.7662134_-73.9795321
40.7662163_-73.9510067
40.766217_-73.9152224
40.7662262_-73.9916293
40.7662363_-73.9197258
40.7662424_-73.9602312
40.7662444_-73.9725969
40.7662458_-73.9152839
40.7662583_-74.0190833
40.7662588_-73.9817812
40.7662785_-73.9398343
40.7662848_-73.9153671
40.766287_-73.981848
40.7662925_-73.933628
40.7663043_-73.9767034
40.7663097_-73.9199073
40.7663112_-73.9152309
40.7663321_-73.9726188
40.7663408_-73.9919023
40.7663633_-73.9397692
40.7663922_-73.9508553
40.7663979_-73.9397283
40.76639_-73.9085519
40.7664014_-73.9335394
40.7664064_-73.9041215
40.7664213_-73.9768459
40.7664224_-73.9084286
40.7664369_-73.9396821
40.766437_-73.935506
40.7664552_-73.9084988
40.7664582_-73.9726846
40.7664734_-73.9509449
40.766475_-73.937635
40.7664886_-73.9085704
40.766505_-73.994173
40.7665113_-73.9510319
40.7665146_-73.9769297
40.766522_-73.9569348
40.7665241_-73.9084428
40.7665256_-73.920602
40.766542_-73.9510178
40.7665455_-73.9161586
40.7665465_-73.9455508
40.766548_-73.9904253
40.7665531_-73.9393662
40.766557_-73.9629323
40.7665645_-73.9378881
40.7665674_-73.951016
40.7665696_-73.9865684
40.7665719_-73.9508672
40.7665762_-73.9846819
40.7665792_-73.9507157
40.7665891_-73.916016
40.7665915_-73.9510196
40.7666016_-73.9769883
40.7666073_-73.9649892
40.7666155_-73.9510372
40.7666184_-73.9669476
40.76661_-73.9866698
40.7666239_-73.9037249
40.7666253_-73.9160933
40.7666283_-73.9444745
40.7666289_-73.944532
40.7666369_-73.9508175
40.7666383_-73.9510637
40.7666434_-73.944414
40.7666453_-73.9445919
40.7666573_-73.9691718
40.7666583_-73.9510937
40.7666596_-73.9161663
40.766666_-73.930386
40.7666733_-73.944364
40.7666757_-73.951129
40.7666793_-73.9690336
40.7666869_-73.9966193
40.7666874_-73.916044
40.7666877_-73.951159
40.7667011_-73.9512172
40.7667023_-73.9446639
40.7667067_-73.9512479
40.7667073_-73.9453753
40.7667104_-73.9443327
40.7667137_-73.9285554
40.7667142_-73.9671748
40.7667144_-73.9966849
40.7667155_-73.9828783
40.7667158_-73.951309
40.7667182_-73.9507599
40.7667187_-73.969127
40.7667278_-73.9513478
40.766731_-73.9332712
40.7667327_-73.9770154
40.7667393_-73.9817729
40.766741_-73.9093655
40.7667452_-73.9514025
40.7667472_-73.9384048
40.7667509_-73.9446831
40.7667522_-73.9728852
40.7667528_-73.9259732
40.7667573_-73.9443178
40.7667651_-73.9384554
40.766767_-73.971189
40.7667718_-73.9091773
40.7667723_-73.9692542
40.7667784_-73.9505791
40.7667792_-73.9690828
40.7667806_-73.920393
40.7667938_-73.9969079
40.766799_-73.9446788
40.766805_-73.945193
40.7668141_-73.9770139
("40.7661894_-73.9198854","40.7662018_-73.9065329","40.7662035_-73.9350939","40.7662134_-73.9795321","40.7662163_-73.9510067","40.766217_-73.9152224","40.7662262_-73.9916293","40.7662363_-73.9197258","40.7662424_-73.9602312","40.7662444_-73.9725969","40.7662458_-73.9152839","40.7662583_-74.0190833","40.7662588_-73.9817812","40.7662785_-73.9398343","40.7662848_-73.9153671","40.766287_-73.981848","40.7662925_-73.933628","40.7663043_-73.9767034","40.7663097_-73.9199073","40.7663112_-73.9152309","40.7663321_-73.9726188","40.7663408_-73.9919023","40.7663633_-73.9397692","40.7663922_-73.9508553","40.7663979_-73.9397283","40.76639_-73.9085519","40.7664014_-73.9335394","40.7664064_-73.9041215","40.7664213_-73.9768459","40.7664224_-73.9084286","40.7664369_-73.9396821","40.766437_-73.935506","40.7664552_-73.9084988","40.7664582_-73.9726846","40.7664734_-73.9509449","40.766475_-73.937635","40.7664886_-73.9085704","40.766505_-73.994173","40.7665113_-73.9510319","40.7665146_-73.9769297","40.766522_-73.9569348","40.7665241_-73.9084428","40.7665256_-73.920602","40.766542_-73.9510178","40.7665455_-73.9161586","40.7665465_-73.9455508","40.766548_-73.9904253","40.7665531_-73.9393662","40.766557_-73.9629323","40.7665645_-73.9378881","40.7665674_-73.951016","40.7665696_-73.9865684","40.7665719_-73.9508672","40.7665762_-73.9846819","40.7665792_-73.9507157","40.7665891_-73.916016","40.7665915_-73.9510196","40.7666016_-73.9769883","40.7666073_-73.9649892","40.7666155_-73.9510372","40.7666184_-73.9669476","40.76661_-73.9866698","40.7666239_-73.9037249","40.7666253_-73.9160933","40.7666283_-73.9444745","40.7666289_-73.944532","40.7666369_-73.9508175","40.7666383_-73.9510637","40.7666434_-73.944414","40.7666453_-73.9445919","40.7666573_-73.9691718","40.7666583_-73.9510937","40.7666596_-73.9161663","40.766666_-73.930386","40.7666733_-73.944364","40.7666757_-73.951129","40.7666793_-73.9690336","40.7666869_-73.9966193","40.7666874_-73.916044","40.7666877_-73.951159","40.7667011_-73.9512172","40.7667023_-73.9446639","40.7667067_-73.9512479","40.7667073_-73.9453753","40.7667104_-73.9443327","40.7667137_-73.9285554","40.7667142_-73.9671748","40.7667144_-73.9966849","40.7667155_-73.9828783","40.7667158_-73.951309","40.7667182_-73.9507599","40.7667187_-73.969127","40.7667278_-73.9513478","40.766731_-73.9332712","40.7667327_-73.9770154","40.7667393_-73.9817729","40.766741_-73.9093655","40.7667452_-73.9514025","40.7667472_-73.9384048","40.7667509_-73.9446831","40.7667522_-73.9728852","40.7667528_-73.9259732","40.7667573_-73.9443178","40.7667651_-73.9384554","40.766767_-73.971189","40.7667718_-73.9091773","40.7667723_-73.9692542","40.7667784_-73.9505791","40.7667792_-73.9690828","40.7667806_-73.920393","40.7667938_-73.9969079","40.766799_-73.9446788","40.766805_-73.945193","40.7668141_-73.9770139")
done
137.43user 809.00system 1:15:01elapsed 21%CPU (0avgtext+0avgdata 72620maxresident)k
1433736inputs+71744outputs (34major+38248minor)pagefaults 0swaps
