40.8262207_-73.9419724
40.8262295_-73.9873716
40.8262594_-73.9355389
40.8262735_-73.9078207
40.826284_-73.996235
40.826285_-73.925655
40.8262948_-73.9419185
40.8263125_-73.9145842
40.8263147_-73.9212693
40.8263148_-73.9212194
40.8263184_-73.9213144
40.826332_-73.9208952
40.826334_-73.938459
40.8263962_-73.9211584
40.826396_-73.9787391
40.8264123_-73.9784521
40.826414_-73.940595
40.8264163_-73.9212507
40.8264178_-73.9503944
40.8264245_-73.9782456
40.826424_-73.952533
40.8264295_-73.9212934
40.8264375_-73.9117793
40.8264439_-73.9504573
40.8264442_-73.9720046
40.826445_-73.981701
40.8264685_-73.921104
40.8264793_-73.9781517
40.826492_-73.907739
40.8264937_-73.9719747
40.8264958_-73.9505823
40.8264967_-73.9297031
40.8265044_-73.9211933
40.826511_-73.909556
40.826516_-73.917939
40.8265253_-73.9466493
40.826546_-73.915316
40.8265686_-73.9780758
40.8265723_-73.944818
40.826574_-73.998506
40.826608_-73.92663
40.826626_-73.939149
40.8266329_-73.9352439
40.8266404_-73.9541198
40.826645_-73.943059
40.8266652_-73.9298093
40.8266835_-73.9224852
40.826695_-73.907647
40.8266979_-73.9225456
40.826706_-73.9298607
40.8267109_-73.922618
40.8267182_-73.9035067
40.8267323_-73.9355183
40.8267363_-73.9316335
40.8267426_-73.9727431
40.8267443_-73.922791
40.8267561_-73.9223385
40.826763_-73.937575
40.8267769_-73.9229238
40.8267798_-73.9224185
40.8268023_-73.935142
40.8268081_-73.9808178
40.826812_-73.918873
40.8268155_-73.9717803
40.826821_-73.941536
40.8268329_-73.9231421
40.826842_-73.916235
40.8268613_-73.9232388
40.8268664_-73.9416441
40.826875_-73.90538
40.826882_-73.995804
40.8268842_-73.922347
40.8269057_-73.9303306
40.8269076_-73.9799437
40.8269104_-73.9353905
40.826911_-73.987071
40.826924_-73.913631
40.8269251_-73.9224783
40.8269251_-73.9351205
40.82692_-73.904293
40.826952_-73.991717
40.8269664_-73.9800883
40.826977_-73.922663
40.8269857_-73.9730828
40.826989_-73.909286
40.8270058_-73.9305331
40.8270142_-73.935333
40.8270225_-73.9228231
40.827039_-73.94014
40.8270543_-73.971636
40.8270794_-73.9519791
40.827083_-73.9499093
40.827085_-73.919737
40.8270976_-73.9733867
40.8271081_-73.9499688
40.827114_-73.90508
40.8271152_-73.9813078
40.8271168_-73.9240044
40.827125_-73.9240608
40.8271298_-73.9241293
40.827129_-73.9241814
40.8271342_-73.9242283
40.8271403_-73.9350508
40.8271423_-73.951919
40.8271519_-73.9461917
40.8271587_-73.9241124
40.8271631_-73.9500994
40.827176_-73.9351693
40.8271923_-73.9233641
40.8271923_-73.944366
40.8272063_-73.9424535
40.827206_-74.001911
40.827211_-73.920694
40.8272128_-73.9366579
40.8262207_-73.9419724
40.8262295_-73.9873716
40.8262594_-73.9355389
40.8262735_-73.9078207
40.826284_-73.996235
40.826285_-73.925655
40.8262948_-73.9419185
40.8263125_-73.9145842
40.8263147_-73.9212693
40.8263148_-73.9212194
40.8263184_-73.9213144
40.826332_-73.9208952
40.826334_-73.938459
40.8263962_-73.9211584
40.826396_-73.9787391
40.8264123_-73.9784521
40.826414_-73.940595
40.8264163_-73.9212507
40.8264178_-73.9503944
40.8264245_-73.9782456
40.826424_-73.952533
40.8264295_-73.9212934
40.8264375_-73.9117793
40.8264439_-73.9504573
40.8264442_-73.9720046
40.826445_-73.981701
40.8264685_-73.921104
40.8264793_-73.9781517
40.826492_-73.907739
40.8264937_-73.9719747
40.8264958_-73.9505823
40.8264967_-73.9297031
40.8265044_-73.9211933
40.826511_-73.909556
40.826516_-73.917939
40.8265253_-73.9466493
40.826546_-73.915316
40.8265686_-73.9780758
40.8265723_-73.944818
40.826574_-73.998506
40.826608_-73.92663
40.826626_-73.939149
40.8266329_-73.9352439
40.8266404_-73.9541198
40.826645_-73.943059
40.8266652_-73.9298093
40.8266835_-73.9224852
40.826695_-73.907647
40.8266979_-73.9225456
40.826706_-73.9298607
40.8267109_-73.922618
40.8267182_-73.9035067
40.8267323_-73.9355183
40.8267363_-73.9316335
40.8267426_-73.9727431
40.8267443_-73.922791
40.8267561_-73.9223385
40.826763_-73.937575
40.8267769_-73.9229238
40.8267798_-73.9224185
40.8268023_-73.935142
40.8268081_-73.9808178
40.826812_-73.918873
40.8268155_-73.9717803
40.826821_-73.941536
40.8268329_-73.9231421
40.826842_-73.916235
40.8268613_-73.9232388
40.8268664_-73.9416441
40.826875_-73.90538
40.826882_-73.995804
40.8268842_-73.922347
40.8269057_-73.9303306
40.8269076_-73.9799437
40.8269104_-73.9353905
40.826911_-73.987071
40.826924_-73.913631
40.8269251_-73.9224783
40.8269251_-73.9351205
40.82692_-73.904293
40.826952_-73.991717
40.8269664_-73.9800883
40.826977_-73.922663
40.8269857_-73.9730828
40.826989_-73.909286
40.8270058_-73.9305331
40.8270142_-73.935333
40.8270225_-73.9228231
40.827039_-73.94014
40.8270543_-73.971636
40.8270794_-73.9519791
40.827083_-73.9499093
40.827085_-73.919737
40.8270976_-73.9733867
40.8271081_-73.9499688
40.827114_-73.90508
40.8271152_-73.9813078
40.8271168_-73.9240044
40.827125_-73.9240608
40.8271298_-73.9241293
40.827129_-73.9241814
40.8271342_-73.9242283
40.8271403_-73.9350508
40.8271423_-73.951919
40.8271519_-73.9461917
40.8271587_-73.9241124
40.8271631_-73.9500994
40.827176_-73.9351693
40.8271923_-73.9233641
40.8271923_-73.944366
40.8272063_-73.9424535
40.827206_-74.001911
40.827211_-73.920694
40.8272128_-73.9366579
("40.8262207_-73.9419724","40.8262295_-73.9873716","40.8262594_-73.9355389","40.8262735_-73.9078207","40.826284_-73.996235","40.826285_-73.925655","40.8262948_-73.9419185","40.8263125_-73.9145842","40.8263147_-73.9212693","40.8263148_-73.9212194","40.8263184_-73.9213144","40.826332_-73.9208952","40.826334_-73.938459","40.8263962_-73.9211584","40.826396_-73.9787391","40.8264123_-73.9784521","40.826414_-73.940595","40.8264163_-73.9212507","40.8264178_-73.9503944","40.8264245_-73.9782456","40.826424_-73.952533","40.8264295_-73.9212934","40.8264375_-73.9117793","40.8264439_-73.9504573","40.8264442_-73.9720046","40.826445_-73.981701","40.8264685_-73.921104","40.8264793_-73.9781517","40.826492_-73.907739","40.8264937_-73.9719747","40.8264958_-73.9505823","40.8264967_-73.9297031","40.8265044_-73.9211933","40.826511_-73.909556","40.826516_-73.917939","40.8265253_-73.9466493","40.826546_-73.915316","40.8265686_-73.9780758","40.8265723_-73.944818","40.826574_-73.998506","40.826608_-73.92663","40.826626_-73.939149","40.8266329_-73.9352439","40.8266404_-73.9541198","40.826645_-73.943059","40.8266652_-73.9298093","40.8266835_-73.9224852","40.826695_-73.907647","40.8266979_-73.9225456","40.826706_-73.9298607","40.8267109_-73.922618","40.8267182_-73.9035067","40.8267323_-73.9355183","40.8267363_-73.9316335","40.8267426_-73.9727431","40.8267443_-73.922791","40.8267561_-73.9223385","40.826763_-73.937575","40.8267769_-73.9229238","40.8267798_-73.9224185","40.8268023_-73.935142","40.8268081_-73.9808178","40.826812_-73.918873","40.8268155_-73.9717803","40.826821_-73.941536","40.8268329_-73.9231421","40.826842_-73.916235","40.8268613_-73.9232388","40.8268664_-73.9416441","40.826875_-73.90538","40.826882_-73.995804","40.8268842_-73.922347","40.8269057_-73.9303306","40.8269076_-73.9799437","40.8269104_-73.9353905","40.826911_-73.987071","40.826924_-73.913631","40.8269251_-73.9224783","40.8269251_-73.9351205","40.82692_-73.904293","40.826952_-73.991717","40.8269664_-73.9800883","40.826977_-73.922663","40.8269857_-73.9730828","40.826989_-73.909286","40.8270058_-73.9305331","40.8270142_-73.935333","40.8270225_-73.9228231","40.827039_-73.94014","40.8270543_-73.971636","40.8270794_-73.9519791","40.827083_-73.9499093","40.827085_-73.919737","40.8270976_-73.9733867","40.8271081_-73.9499688","40.827114_-73.90508","40.8271152_-73.9813078","40.8271168_-73.9240044","40.827125_-73.9240608","40.8271298_-73.9241293","40.827129_-73.9241814","40.8271342_-73.9242283","40.8271403_-73.9350508","40.8271423_-73.951919","40.8271519_-73.9461917","40.8271587_-73.9241124","40.8271631_-73.9500994","40.827176_-73.9351693","40.8271923_-73.9233641","40.8271923_-73.944366","40.8272063_-73.9424535","40.827206_-74.001911","40.827211_-73.920694","40.8272128_-73.9366579")
done
126.62user 814.79system 1:13:07elapsed 21%CPU (0avgtext+0avgdata 52428maxresident)k
1019880inputs+48outputs (1major+28302minor)pagefaults 0swaps
