40.732315_-74.000511
40.732318_-74.001663
40.7323208_-73.9808611
40.732324_-73.954609
40.7323253_-73.9800213
40.7323413_-73.9618296
40.732347_-73.984941
40.732349_-73.921528
40.732369_-74.005816
40.7323863_-73.9437299
40.7324151_-73.9799248
40.7324163_-74.0102288
40.732426_-74.006501
40.7324338_-73.9764619
40.7324353_-73.9766538
40.732446_-73.991281
40.732448_-74.005463
40.7324525_-73.976316
40.7324554_-73.9768356
40.732463_-73.9519283
40.7324705_-74.0098682
40.7324841_-73.9761465
40.7324903_-73.9769776
40.7324956_-73.9199826
40.7324956_-73.9256059
40.7325257_-73.9251103
40.7325273_-73.9759904
40.7325386_-73.9744526
40.7325455_-73.9771322
40.732548_-73.9877242
40.7325503_-73.9875558
40.732558_-73.959712
40.73255_-73.9798111
40.7325651_-73.9520887
40.7325725_-73.981435
40.732572_-73.952012
40.732576_-73.975877
40.7325781_-73.9519457
40.7325854_-73.9744658
40.732595_-73.9431313
40.7326041_-73.9876833
40.732612_-73.998278
40.7326144_-73.9773041
40.7326284_-73.9757945
40.73263_-73.92409
40.7326521_-73.9816091
40.732656_-73.922964
40.732656_-73.975751
40.7326608_-73.9427807
40.7326631_-73.9878229
40.7326683_-73.9774298
40.7326704_-73.987635
40.7326713_-73.9521067
40.7326715_-74.0086061
40.732684_-73.923896
40.732684_-73.9797142
40.732699_-73.983646
40.7327015_-73.9817217
40.732703_-73.923174
40.732716_-73.958059
40.732723_-73.923344
40.7327269_-73.97753
40.732731_-73.993814
40.732752_-73.97563
40.732756_-73.990027
40.7327592_-73.9745164
40.7327653_-73.9796678
40.7327712_-73.9420413
40.7327756_-73.9775961
40.7327821_-73.9519766
40.7327886_-73.9745883
40.7327888_-73.9203887
40.7328014_-73.9428358
40.732801_-73.918875
40.732801_-73.949573
40.7328288_-73.9426669
40.732841_-74.002124
40.7328479_-73.9796284
40.732847_-73.995914
40.732852_-74.007523
40.7328566_-73.9840211
40.732858_-73.975526
40.7328615_-73.9777016
40.7328818_-73.9202665
40.7328858_-73.9194776
40.732915_-74.003976
40.732929_-74.000066
40.7329336_-74.003901
40.7329404_-73.9413037
40.732941_-73.9777785
40.7329452_-73.9745626
40.732946_-73.997987
40.7329485_-73.9795932
40.732949_-74.001806
40.732958_-73.919743
40.7329882_-73.9754355
40.7330143_-73.9778375
40.733031_-73.954727
40.733033_-73.984441
40.7330411_-73.9795691
40.733054_-73.920732
40.733054_-74.006407
40.7330784_-73.975289
40.7330957_-73.9247231
40.733105_-73.9753534
40.7331065_-73.940782
40.7331271_-73.9779058
40.7331309_-73.9795627
40.7331333_-73.9754218
40.7331389_-74.0058299
40.7331448_-74.0101602
40.7331754_-73.952045
40.733204_-74.0098
40.7332142_-73.9779382
40.732315_-74.000511
40.732318_-74.001663
40.7323208_-73.9808611
40.732324_-73.954609
40.7323253_-73.9800213
40.7323413_-73.9618296
40.732347_-73.984941
40.732349_-73.921528
40.732369_-74.005816
40.7323863_-73.9437299
40.7324151_-73.9799248
40.7324163_-74.0102288
40.732426_-74.006501
40.7324338_-73.9764619
40.7324353_-73.9766538
40.732446_-73.991281
40.732448_-74.005463
40.7324525_-73.976316
40.7324554_-73.9768356
40.732463_-73.9519283
40.7324705_-74.0098682
40.7324841_-73.9761465
40.7324903_-73.9769776
40.7324956_-73.9199826
40.7324956_-73.9256059
40.7325257_-73.9251103
40.7325273_-73.9759904
40.7325386_-73.9744526
40.7325455_-73.9771322
40.732548_-73.9877242
40.7325503_-73.9875558
40.732558_-73.959712
40.73255_-73.9798111
40.7325651_-73.9520887
40.7325725_-73.981435
40.732572_-73.952012
40.732576_-73.975877
40.7325781_-73.9519457
40.7325854_-73.9744658
40.732595_-73.9431313
40.7326041_-73.9876833
40.732612_-73.998278
40.7326144_-73.9773041
40.7326284_-73.9757945
40.73263_-73.92409
40.7326521_-73.9816091
40.732656_-73.922964
40.732656_-73.975751
40.7326608_-73.9427807
40.7326631_-73.9878229
40.7326683_-73.9774298
40.7326704_-73.987635
40.7326713_-73.9521067
40.7326715_-74.0086061
40.732684_-73.923896
40.732684_-73.9797142
40.732699_-73.983646
40.7327015_-73.9817217
40.732703_-73.923174
40.732716_-73.958059
40.732723_-73.923344
40.7327269_-73.97753
40.732731_-73.993814
40.732752_-73.97563
40.732756_-73.990027
40.7327592_-73.9745164
40.7327653_-73.9796678
40.7327712_-73.9420413
40.7327756_-73.9775961
40.7327821_-73.9519766
40.7327886_-73.9745883
40.7327888_-73.9203887
40.7328014_-73.9428358
40.732801_-73.918875
40.732801_-73.949573
40.7328288_-73.9426669
40.732841_-74.002124
40.7328479_-73.9796284
40.732847_-73.995914
40.732852_-74.007523
40.7328566_-73.9840211
40.732858_-73.975526
40.7328615_-73.9777016
40.7328818_-73.9202665
40.7328858_-73.9194776
40.732915_-74.003976
40.732929_-74.000066
40.7329336_-74.003901
40.7329404_-73.9413037
40.732941_-73.9777785
40.7329452_-73.9745626
40.732946_-73.997987
40.7329485_-73.9795932
40.732949_-74.001806
40.732958_-73.919743
40.7329882_-73.9754355
40.7330143_-73.9778375
40.733031_-73.954727
40.733033_-73.984441
40.7330411_-73.9795691
40.733054_-73.920732
40.733054_-74.006407
40.7330784_-73.975289
40.7330957_-73.9247231
40.733105_-73.9753534
40.7331065_-73.940782
40.7331271_-73.9779058
40.7331309_-73.9795627
40.7331333_-73.9754218
40.7331389_-74.0058299
40.7331448_-74.0101602
40.7331754_-73.952045
40.733204_-74.0098
40.7332142_-73.9779382
("40.732315_-74.000511","40.732318_-74.001663","40.7323208_-73.9808611","40.732324_-73.954609","40.7323253_-73.9800213","40.7323413_-73.9618296","40.732347_-73.984941","40.732349_-73.921528","40.732369_-74.005816","40.7323863_-73.9437299","40.7324151_-73.9799248","40.7324163_-74.0102288","40.732426_-74.006501","40.7324338_-73.9764619","40.7324353_-73.9766538","40.732446_-73.991281","40.732448_-74.005463","40.7324525_-73.976316","40.7324554_-73.9768356","40.732463_-73.9519283","40.7324705_-74.0098682","40.7324841_-73.9761465","40.7324903_-73.9769776","40.7324956_-73.9199826","40.7324956_-73.9256059","40.7325257_-73.9251103","40.7325273_-73.9759904","40.7325386_-73.9744526","40.7325455_-73.9771322","40.732548_-73.9877242","40.7325503_-73.9875558","40.732558_-73.959712","40.73255_-73.9798111","40.7325651_-73.9520887","40.7325725_-73.981435","40.732572_-73.952012","40.732576_-73.975877","40.7325781_-73.9519457","40.7325854_-73.9744658","40.732595_-73.9431313","40.7326041_-73.9876833","40.732612_-73.998278","40.7326144_-73.9773041","40.7326284_-73.9757945","40.73263_-73.92409","40.7326521_-73.9816091","40.732656_-73.922964","40.732656_-73.975751","40.7326608_-73.9427807","40.7326631_-73.9878229","40.7326683_-73.9774298","40.7326704_-73.987635","40.7326713_-73.9521067","40.7326715_-74.0086061","40.732684_-73.923896","40.732684_-73.9797142","40.732699_-73.983646","40.7327015_-73.9817217","40.732703_-73.923174","40.732716_-73.958059","40.732723_-73.923344","40.7327269_-73.97753","40.732731_-73.993814","40.732752_-73.97563","40.732756_-73.990027","40.7327592_-73.9745164","40.7327653_-73.9796678","40.7327712_-73.9420413","40.7327756_-73.9775961","40.7327821_-73.9519766","40.7327886_-73.9745883","40.7327888_-73.9203887","40.7328014_-73.9428358","40.732801_-73.918875","40.732801_-73.949573","40.7328288_-73.9426669","40.732841_-74.002124","40.7328479_-73.9796284","40.732847_-73.995914","40.732852_-74.007523","40.7328566_-73.9840211","40.732858_-73.975526","40.7328615_-73.9777016","40.7328818_-73.9202665","40.7328858_-73.9194776","40.732915_-74.003976","40.732929_-74.000066","40.7329336_-74.003901","40.7329404_-73.9413037","40.732941_-73.9777785","40.7329452_-73.9745626","40.732946_-73.997987","40.7329485_-73.9795932","40.732949_-74.001806","40.732958_-73.919743","40.7329882_-73.9754355","40.7330143_-73.9778375","40.733031_-73.954727","40.733033_-73.984441","40.7330411_-73.9795691","40.733054_-73.920732","40.733054_-74.006407","40.7330784_-73.975289","40.7330957_-73.9247231","40.733105_-73.9753534","40.7331065_-73.940782","40.7331271_-73.9779058","40.7331309_-73.9795627","40.7331333_-73.9754218","40.7331389_-74.0058299","40.7331448_-74.0101602","40.7331754_-73.952045","40.733204_-74.0098","40.7332142_-73.9779382")
done
149.68user 809.23system 1:15:21elapsed 21%CPU (0avgtext+0avgdata 78016maxresident)k
419464inputs+93144outputs (42major+39938minor)pagefaults 0swaps
