40.8411818_-73.9219769
40.8412014_-73.9250686
40.8412092_-73.9457737
40.841254_-73.909394
40.8412646_-73.9280492
40.841271_-73.968546
40.841275_-73.91761
40.841283_-73.913646
40.8412847_-73.9281264
40.841286_-73.9748
40.8412945_-73.9356487
40.8413179_-73.9111921
40.8413276_-73.9221911
40.841335_-73.97604
40.841347_-73.916892
40.8413767_-73.9356507
40.8413987_-73.9707116
40.8414105_-73.9456793
40.8414159_-73.9221193
40.8414261_-73.9286844
40.8414624_-73.9443833
40.8414787_-73.9319233
40.841494_-73.92666
40.841495_-73.924848
40.8415201_-73.940787
40.841558_-73.999549
40.8415827_-73.9356526
40.84162_-73.914472
40.841632_-73.969464
40.8416429_-73.941076
40.841652_-73.9392417
40.841657_-73.994711
40.8416604_-73.9111032
40.8416657_-73.9392736
40.8416796_-73.9126354
40.841679_-73.937494
40.8416811_-73.9224083
40.841685_-73.987931
40.8416943_-73.9222925
40.8416988_-73.910497
40.8417005_-73.9355668
40.841724_-73.969435
40.8417297_-73.9394169
40.8417322_-73.9264911
40.8417364_-73.9392781
40.8417546_-73.945439
40.8417565_-73.9394814
40.8417644_-73.9316916
40.841771_-73.925487
40.8417767_-73.9392807
40.8417849_-73.9224641
40.8417872_-73.9393851
40.8418066_-73.9442116
40.841808_-73.9964255
40.841865_-73.9455076
40.841879_-73.917952
40.8418813_-73.9223934
40.841887_-73.9393429
40.841887_-73.9992236
40.8419594_-73.922558
40.841962_-73.915296
40.84197_-73.904155
40.8420242_-73.9314684
40.8420796_-73.9392752
40.842082_-73.920107
40.842099_-73.926231
40.8421442_-73.9440914
40.842154_-73.942279
40.8422026_-73.9452931
40.8422246_-73.9226645
40.8422287_-73.9275358
40.842252_-73.9176784
40.84225_-73.914021
40.842261_-73.9388329
40.842263_-73.905032
40.8422644_-73.9312367
40.842294_-73.987338
40.8423037_-73.9351235
40.842314_-73.937028
40.8423195_-73.9453703
40.8423289_-73.9096632
40.842331_-73.975126
40.8423334_-73.9389495
40.842335_-73.916184
40.8423371_-73.9390358
40.8423589_-73.916358
40.8423703_-73.9391287
40.842377_-73.942746
40.8424041_-73.9123944
40.842404_-73.990646
40.8424068_-73.9226205
40.8424122_-73.9388404
40.8424347_-73.9350278
40.842434_-73.920913
40.8424364_-73.9440228
40.842436_-73.939255
40.842443_-73.942844
40.842466_-73.924136
40.8424777_-73.9229821
40.842504_-73.942911
40.8425458_-73.9049727
40.8425613_-73.9386206
40.8425754_-73.9257935
40.842581_-73.942974
40.842589_-73.981372
40.8425933_-73.9387102
40.842609_-73.968609
40.8426461_-73.927342
40.8426521_-73.9674219
40.8426546_-73.9179873
40.8426673_-73.922724
40.842668_-73.906846
40.842673_-73.9069318
40.8426767_-73.9430367
40.8411818_-73.9219769
40.8412014_-73.9250686
40.8412092_-73.9457737
40.841254_-73.909394
40.8412646_-73.9280492
40.841271_-73.968546
40.841275_-73.91761
40.841283_-73.913646
40.8412847_-73.9281264
40.841286_-73.9748
40.8412945_-73.9356487
40.8413179_-73.9111921
40.8413276_-73.9221911
40.841335_-73.97604
40.841347_-73.916892
40.8413767_-73.9356507
40.8413987_-73.9707116
40.8414105_-73.9456793
40.8414159_-73.9221193
40.8414261_-73.9286844
40.8414624_-73.9443833
40.8414787_-73.9319233
40.841494_-73.92666
40.841495_-73.924848
40.8415201_-73.940787
40.841558_-73.999549
40.8415827_-73.9356526
40.84162_-73.914472
40.841632_-73.969464
40.8416429_-73.941076
40.841652_-73.9392417
40.841657_-73.994711
40.8416604_-73.9111032
40.8416657_-73.9392736
40.8416796_-73.9126354
40.841679_-73.937494
40.8416811_-73.9224083
40.841685_-73.987931
40.8416943_-73.9222925
40.8416988_-73.910497
40.8417005_-73.9355668
40.841724_-73.969435
40.8417297_-73.9394169
40.8417322_-73.9264911
40.8417364_-73.9392781
40.8417546_-73.945439
40.8417565_-73.9394814
40.8417644_-73.9316916
40.841771_-73.925487
40.8417767_-73.9392807
40.8417849_-73.9224641
40.8417872_-73.9393851
40.8418066_-73.9442116
40.841808_-73.9964255
40.841865_-73.9455076
40.841879_-73.917952
40.8418813_-73.9223934
40.841887_-73.9393429
40.841887_-73.9992236
40.8419594_-73.922558
40.841962_-73.915296
40.84197_-73.904155
40.8420242_-73.9314684
40.8420796_-73.9392752
40.842082_-73.920107
40.842099_-73.926231
40.8421442_-73.9440914
40.842154_-73.942279
40.8422026_-73.9452931
40.8422246_-73.9226645
40.8422287_-73.9275358
40.842252_-73.9176784
40.84225_-73.914021
40.842261_-73.9388329
40.842263_-73.905032
40.8422644_-73.9312367
40.842294_-73.987338
40.8423037_-73.9351235
40.842314_-73.937028
40.8423195_-73.9453703
40.8423289_-73.9096632
40.842331_-73.975126
40.8423334_-73.9389495
40.842335_-73.916184
40.8423371_-73.9390358
40.8423589_-73.916358
40.8423703_-73.9391287
40.842377_-73.942746
40.8424041_-73.9123944
40.842404_-73.990646
40.8424068_-73.9226205
40.8424122_-73.9388404
40.8424347_-73.9350278
40.842434_-73.920913
40.8424364_-73.9440228
40.842436_-73.939255
40.842443_-73.942844
40.842466_-73.924136
40.8424777_-73.9229821
40.842504_-73.942911
40.8425458_-73.9049727
40.8425613_-73.9386206
40.8425754_-73.9257935
40.842581_-73.942974
40.842589_-73.981372
40.8425933_-73.9387102
40.842609_-73.968609
40.8426461_-73.927342
40.8426521_-73.9674219
40.8426546_-73.9179873
40.8426673_-73.922724
40.842668_-73.906846
40.842673_-73.9069318
40.8426767_-73.9430367
("40.8411818_-73.9219769","40.8412014_-73.9250686","40.8412092_-73.9457737","40.841254_-73.909394","40.8412646_-73.9280492","40.841271_-73.968546","40.841275_-73.91761","40.841283_-73.913646","40.8412847_-73.9281264","40.841286_-73.9748","40.8412945_-73.9356487","40.8413179_-73.9111921","40.8413276_-73.9221911","40.841335_-73.97604","40.841347_-73.916892","40.8413767_-73.9356507","40.8413987_-73.9707116","40.8414105_-73.9456793","40.8414159_-73.9221193","40.8414261_-73.9286844","40.8414624_-73.9443833","40.8414787_-73.9319233","40.841494_-73.92666","40.841495_-73.924848","40.8415201_-73.940787","40.841558_-73.999549","40.8415827_-73.9356526","40.84162_-73.914472","40.841632_-73.969464","40.8416429_-73.941076","40.841652_-73.9392417","40.841657_-73.994711","40.8416604_-73.9111032","40.8416657_-73.9392736","40.8416796_-73.9126354","40.841679_-73.937494","40.8416811_-73.9224083","40.841685_-73.987931","40.8416943_-73.9222925","40.8416988_-73.910497","40.8417005_-73.9355668","40.841724_-73.969435","40.8417297_-73.9394169","40.8417322_-73.9264911","40.8417364_-73.9392781","40.8417546_-73.945439","40.8417565_-73.9394814","40.8417644_-73.9316916","40.841771_-73.925487","40.8417767_-73.9392807","40.8417849_-73.9224641","40.8417872_-73.9393851","40.8418066_-73.9442116","40.841808_-73.9964255","40.841865_-73.9455076","40.841879_-73.917952","40.8418813_-73.9223934","40.841887_-73.9393429","40.841887_-73.9992236","40.8419594_-73.922558","40.841962_-73.915296","40.84197_-73.904155","40.8420242_-73.9314684","40.8420796_-73.9392752","40.842082_-73.920107","40.842099_-73.926231","40.8421442_-73.9440914","40.842154_-73.942279","40.8422026_-73.9452931","40.8422246_-73.9226645","40.8422287_-73.9275358","40.842252_-73.9176784","40.84225_-73.914021","40.842261_-73.9388329","40.842263_-73.905032","40.8422644_-73.9312367","40.842294_-73.987338","40.8423037_-73.9351235","40.842314_-73.937028","40.8423195_-73.9453703","40.8423289_-73.9096632","40.842331_-73.975126","40.8423334_-73.9389495","40.842335_-73.916184","40.8423371_-73.9390358","40.8423589_-73.916358","40.8423703_-73.9391287","40.842377_-73.942746","40.8424041_-73.9123944","40.842404_-73.990646","40.8424068_-73.9226205","40.8424122_-73.9388404","40.8424347_-73.9350278","40.842434_-73.920913","40.8424364_-73.9440228","40.842436_-73.939255","40.842443_-73.942844","40.842466_-73.924136","40.8424777_-73.9229821","40.842504_-73.942911","40.8425458_-73.9049727","40.8425613_-73.9386206","40.8425754_-73.9257935","40.842581_-73.942974","40.842589_-73.981372","40.8425933_-73.9387102","40.842609_-73.968609","40.8426461_-73.927342","40.8426521_-73.9674219","40.8426546_-73.9179873","40.8426673_-73.922724","40.842668_-73.906846","40.842673_-73.9069318","40.8426767_-73.9430367")
done
125.19user 810.96system 1:15:05elapsed 20%CPU (0avgtext+0avgdata 51856maxresident)k
618256inputs+48outputs (4major+27223minor)pagefaults 0swaps
